[2025-04-04T13:36:32.616+0000] {processor.py:186} INFO - Started process (PID=90) to work on /home/airflow/.local/lib/python3.12/site-packages/airflow/example_dags/example_xcomargs.py
[2025-04-04T13:36:32.618+0000] {processor.py:914} INFO - Processing file /home/airflow/.local/lib/python3.12/site-packages/airflow/example_dags/example_xcomargs.py for tasks to queue
[2025-04-04T13:36:32.624+0000] {logging_mixin.py:190} INFO - [2025-04-04T13:36:32.623+0000] {dagbag.py:588} INFO - Filling up the DagBag from /home/airflow/.local/lib/python3.12/site-packages/airflow/example_dags/example_xcomargs.py
[2025-04-04T13:36:32.654+0000] {processor.py:925} INFO - DAG(s) 'example_xcom_args_with_operators', 'example_xcom_args' retrieved from /home/airflow/.local/lib/python3.12/site-packages/airflow/example_dags/example_xcomargs.py
[2025-04-04T13:36:33.005+0000] {logging_mixin.py:190} INFO - [2025-04-04T13:36:33.004+0000] {override.py:1912} INFO - Created Permission View: can edit on DAG:example_xcom_args_with_operators
[2025-04-04T13:36:33.050+0000] {logging_mixin.py:190} INFO - [2025-04-04T13:36:33.050+0000] {override.py:1912} INFO - Created Permission View: can delete on DAG:example_xcom_args_with_operators
[2025-04-04T13:36:33.069+0000] {logging_mixin.py:190} INFO - [2025-04-04T13:36:33.068+0000] {override.py:1912} INFO - Created Permission View: can read on DAG:example_xcom_args_with_operators
[2025-04-04T13:36:33.118+0000] {logging_mixin.py:190} INFO - [2025-04-04T13:36:33.118+0000] {override.py:1912} INFO - Created Permission View: can delete on DAG Run:example_xcom_args_with_operators
[2025-04-04T13:36:33.162+0000] {logging_mixin.py:190} INFO - [2025-04-04T13:36:33.161+0000] {override.py:1912} INFO - Created Permission View: can read on DAG Run:example_xcom_args_with_operators
[2025-04-04T13:36:33.184+0000] {logging_mixin.py:190} INFO - [2025-04-04T13:36:33.183+0000] {override.py:1912} INFO - Created Permission View: can create on DAG Run:example_xcom_args_with_operators
[2025-04-04T13:36:33.210+0000] {logging_mixin.py:190} INFO - [2025-04-04T13:36:33.210+0000] {override.py:1912} INFO - Created Permission View: menu access on DAG Run:example_xcom_args_with_operators
[2025-04-04T13:36:33.254+0000] {logging_mixin.py:190} INFO - [2025-04-04T13:36:33.253+0000] {override.py:1912} INFO - Created Permission View: can edit on DAG:example_xcom_args
[2025-04-04T13:36:33.292+0000] {logging_mixin.py:190} INFO - [2025-04-04T13:36:33.291+0000] {override.py:1912} INFO - Created Permission View: can delete on DAG:example_xcom_args
[2025-04-04T13:36:33.319+0000] {logging_mixin.py:190} INFO - [2025-04-04T13:36:33.318+0000] {override.py:1912} INFO - Created Permission View: can read on DAG:example_xcom_args
[2025-04-04T13:36:33.341+0000] {logging_mixin.py:190} INFO - [2025-04-04T13:36:33.341+0000] {override.py:1912} INFO - Created Permission View: can delete on DAG Run:example_xcom_args
[2025-04-04T13:36:33.358+0000] {logging_mixin.py:190} INFO - [2025-04-04T13:36:33.357+0000] {override.py:1912} INFO - Created Permission View: can read on DAG Run:example_xcom_args
[2025-04-04T13:36:33.386+0000] {logging_mixin.py:190} INFO - [2025-04-04T13:36:33.386+0000] {override.py:1912} INFO - Created Permission View: can create on DAG Run:example_xcom_args
[2025-04-04T13:36:33.403+0000] {logging_mixin.py:190} INFO - [2025-04-04T13:36:33.402+0000] {override.py:1912} INFO - Created Permission View: menu access on DAG Run:example_xcom_args
[2025-04-04T13:36:33.404+0000] {logging_mixin.py:190} INFO - [2025-04-04T13:36:33.403+0000] {dag.py:3239} INFO - Sync 2 DAGs
[2025-04-04T13:36:33.441+0000] {logging_mixin.py:190} INFO - [2025-04-04T13:36:33.441+0000] {dag.py:3262} INFO - Creating ORM DAG for example_xcom_args_with_operators
[2025-04-04T13:36:33.444+0000] {logging_mixin.py:190} INFO - [2025-04-04T13:36:33.443+0000] {dag.py:3262} INFO - Creating ORM DAG for example_xcom_args
[2025-04-04T13:36:33.445+0000] {logging_mixin.py:190} INFO - [2025-04-04T13:36:33.445+0000] {dag.py:4180} INFO - Setting next_dagrun for example_xcom_args to None, run_after=None
[2025-04-04T13:36:33.447+0000] {logging_mixin.py:190} INFO - [2025-04-04T13:36:33.447+0000] {dag.py:4180} INFO - Setting next_dagrun for example_xcom_args_with_operators to None, run_after=None
[2025-04-04T13:36:33.486+0000] {processor.py:208} INFO - Processing /home/airflow/.local/lib/python3.12/site-packages/airflow/example_dags/example_xcomargs.py took 0.884 seconds
[2025-04-04T13:37:04.562+0000] {processor.py:186} INFO - Started process (PID=153) to work on /home/airflow/.local/lib/python3.12/site-packages/airflow/example_dags/example_xcomargs.py
[2025-04-04T13:37:04.574+0000] {processor.py:914} INFO - Processing file /home/airflow/.local/lib/python3.12/site-packages/airflow/example_dags/example_xcomargs.py for tasks to queue
[2025-04-04T13:37:04.625+0000] {logging_mixin.py:190} INFO - [2025-04-04T13:37:04.622+0000] {dagbag.py:588} INFO - Filling up the DagBag from /home/airflow/.local/lib/python3.12/site-packages/airflow/example_dags/example_xcomargs.py
[2025-04-04T13:37:04.677+0000] {processor.py:925} INFO - DAG(s) 'example_xcom_args', 'example_xcom_args_with_operators' retrieved from /home/airflow/.local/lib/python3.12/site-packages/airflow/example_dags/example_xcomargs.py
[2025-04-04T13:37:04.727+0000] {logging_mixin.py:190} INFO - [2025-04-04T13:37:04.726+0000] {dag.py:3239} INFO - Sync 2 DAGs
[2025-04-04T13:37:04.778+0000] {logging_mixin.py:190} INFO - [2025-04-04T13:37:04.778+0000] {dag.py:4180} INFO - Setting next_dagrun for example_xcom_args to None, run_after=None
[2025-04-04T13:37:04.789+0000] {logging_mixin.py:190} INFO - [2025-04-04T13:37:04.788+0000] {dag.py:4180} INFO - Setting next_dagrun for example_xcom_args_with_operators to None, run_after=None
[2025-04-04T13:37:04.841+0000] {processor.py:208} INFO - Processing /home/airflow/.local/lib/python3.12/site-packages/airflow/example_dags/example_xcomargs.py took 0.360 seconds
[2025-04-04T13:37:34.999+0000] {processor.py:186} INFO - Started process (PID=216) to work on /home/airflow/.local/lib/python3.12/site-packages/airflow/example_dags/example_xcomargs.py
[2025-04-04T13:37:35.001+0000] {processor.py:914} INFO - Processing file /home/airflow/.local/lib/python3.12/site-packages/airflow/example_dags/example_xcomargs.py for tasks to queue
[2025-04-04T13:37:35.005+0000] {logging_mixin.py:190} INFO - [2025-04-04T13:37:35.005+0000] {dagbag.py:588} INFO - Filling up the DagBag from /home/airflow/.local/lib/python3.12/site-packages/airflow/example_dags/example_xcomargs.py
[2025-04-04T13:37:35.026+0000] {processor.py:925} INFO - DAG(s) 'example_xcom_args_with_operators', 'example_xcom_args' retrieved from /home/airflow/.local/lib/python3.12/site-packages/airflow/example_dags/example_xcomargs.py
[2025-04-04T13:37:35.070+0000] {logging_mixin.py:190} INFO - [2025-04-04T13:37:35.069+0000] {dag.py:3239} INFO - Sync 2 DAGs
[2025-04-04T13:37:35.100+0000] {logging_mixin.py:190} INFO - [2025-04-04T13:37:35.100+0000] {dag.py:4180} INFO - Setting next_dagrun for example_xcom_args to None, run_after=None
[2025-04-04T13:37:35.109+0000] {logging_mixin.py:190} INFO - [2025-04-04T13:37:35.108+0000] {dag.py:4180} INFO - Setting next_dagrun for example_xcom_args_with_operators to None, run_after=None
[2025-04-04T13:37:35.144+0000] {processor.py:208} INFO - Processing /home/airflow/.local/lib/python3.12/site-packages/airflow/example_dags/example_xcomargs.py took 0.157 seconds
[2025-04-04T13:38:05.964+0000] {processor.py:186} INFO - Started process (PID=279) to work on /home/airflow/.local/lib/python3.12/site-packages/airflow/example_dags/example_xcomargs.py
[2025-04-04T13:38:05.966+0000] {processor.py:914} INFO - Processing file /home/airflow/.local/lib/python3.12/site-packages/airflow/example_dags/example_xcomargs.py for tasks to queue
[2025-04-04T13:38:05.972+0000] {logging_mixin.py:190} INFO - [2025-04-04T13:38:05.971+0000] {dagbag.py:588} INFO - Filling up the DagBag from /home/airflow/.local/lib/python3.12/site-packages/airflow/example_dags/example_xcomargs.py
[2025-04-04T13:38:05.994+0000] {processor.py:925} INFO - DAG(s) 'example_xcom_args_with_operators', 'example_xcom_args' retrieved from /home/airflow/.local/lib/python3.12/site-packages/airflow/example_dags/example_xcomargs.py
[2025-04-04T13:38:06.035+0000] {logging_mixin.py:190} INFO - [2025-04-04T13:38:06.034+0000] {dag.py:3239} INFO - Sync 2 DAGs
[2025-04-04T13:38:06.062+0000] {logging_mixin.py:190} INFO - [2025-04-04T13:38:06.062+0000] {dag.py:4180} INFO - Setting next_dagrun for example_xcom_args to None, run_after=None
[2025-04-04T13:38:06.070+0000] {logging_mixin.py:190} INFO - [2025-04-04T13:38:06.070+0000] {dag.py:4180} INFO - Setting next_dagrun for example_xcom_args_with_operators to None, run_after=None
[2025-04-04T13:38:06.113+0000] {processor.py:208} INFO - Processing /home/airflow/.local/lib/python3.12/site-packages/airflow/example_dags/example_xcomargs.py took 0.158 seconds
[2025-04-04T13:38:37.103+0000] {processor.py:186} INFO - Started process (PID=342) to work on /home/airflow/.local/lib/python3.12/site-packages/airflow/example_dags/example_xcomargs.py
[2025-04-04T13:38:37.104+0000] {processor.py:914} INFO - Processing file /home/airflow/.local/lib/python3.12/site-packages/airflow/example_dags/example_xcomargs.py for tasks to queue
[2025-04-04T13:38:37.110+0000] {logging_mixin.py:190} INFO - [2025-04-04T13:38:37.109+0000] {dagbag.py:588} INFO - Filling up the DagBag from /home/airflow/.local/lib/python3.12/site-packages/airflow/example_dags/example_xcomargs.py
[2025-04-04T13:38:37.164+0000] {processor.py:925} INFO - DAG(s) 'example_xcom_args', 'example_xcom_args_with_operators' retrieved from /home/airflow/.local/lib/python3.12/site-packages/airflow/example_dags/example_xcomargs.py
[2025-04-04T13:38:37.224+0000] {logging_mixin.py:190} INFO - [2025-04-04T13:38:37.224+0000] {dag.py:3239} INFO - Sync 2 DAGs
[2025-04-04T13:38:37.260+0000] {logging_mixin.py:190} INFO - [2025-04-04T13:38:37.259+0000] {dag.py:4180} INFO - Setting next_dagrun for example_xcom_args to None, run_after=None
[2025-04-04T13:38:37.268+0000] {logging_mixin.py:190} INFO - [2025-04-04T13:38:37.268+0000] {dag.py:4180} INFO - Setting next_dagrun for example_xcom_args_with_operators to None, run_after=None
[2025-04-04T13:38:37.336+0000] {processor.py:208} INFO - Processing /home/airflow/.local/lib/python3.12/site-packages/airflow/example_dags/example_xcomargs.py took 0.243 seconds
[2025-04-04T13:39:11.167+0000] {processor.py:186} INFO - Started process (PID=405) to work on /home/airflow/.local/lib/python3.12/site-packages/airflow/example_dags/example_xcomargs.py
[2025-04-04T13:39:11.175+0000] {processor.py:914} INFO - Processing file /home/airflow/.local/lib/python3.12/site-packages/airflow/example_dags/example_xcomargs.py for tasks to queue
[2025-04-04T13:39:11.184+0000] {logging_mixin.py:190} INFO - [2025-04-04T13:39:11.183+0000] {dagbag.py:588} INFO - Filling up the DagBag from /home/airflow/.local/lib/python3.12/site-packages/airflow/example_dags/example_xcomargs.py
[2025-04-04T13:39:11.235+0000] {processor.py:925} INFO - DAG(s) 'example_xcom_args_with_operators', 'example_xcom_args' retrieved from /home/airflow/.local/lib/python3.12/site-packages/airflow/example_dags/example_xcomargs.py
[2025-04-04T13:39:11.335+0000] {logging_mixin.py:190} INFO - [2025-04-04T13:39:11.335+0000] {dag.py:3239} INFO - Sync 2 DAGs
[2025-04-04T13:39:11.399+0000] {logging_mixin.py:190} INFO - [2025-04-04T13:39:11.398+0000] {dag.py:4180} INFO - Setting next_dagrun for example_xcom_args to None, run_after=None
[2025-04-04T13:39:11.419+0000] {logging_mixin.py:190} INFO - [2025-04-04T13:39:11.418+0000] {dag.py:4180} INFO - Setting next_dagrun for example_xcom_args_with_operators to None, run_after=None
[2025-04-04T13:39:11.526+0000] {processor.py:208} INFO - Processing /home/airflow/.local/lib/python3.12/site-packages/airflow/example_dags/example_xcomargs.py took 0.399 seconds
[2025-04-04T13:39:48.029+0000] {processor.py:186} INFO - Started process (PID=458) to work on /home/airflow/.local/lib/python3.12/site-packages/airflow/example_dags/example_xcomargs.py
[2025-04-04T13:39:48.031+0000] {processor.py:914} INFO - Processing file /home/airflow/.local/lib/python3.12/site-packages/airflow/example_dags/example_xcomargs.py for tasks to queue
[2025-04-04T13:39:48.036+0000] {logging_mixin.py:190} INFO - [2025-04-04T13:39:48.035+0000] {dagbag.py:588} INFO - Filling up the DagBag from /home/airflow/.local/lib/python3.12/site-packages/airflow/example_dags/example_xcomargs.py
[2025-04-04T13:39:48.091+0000] {processor.py:925} INFO - DAG(s) 'example_xcom_args_with_operators', 'example_xcom_args' retrieved from /home/airflow/.local/lib/python3.12/site-packages/airflow/example_dags/example_xcomargs.py
[2025-04-04T13:39:48.166+0000] {logging_mixin.py:190} INFO - [2025-04-04T13:39:48.165+0000] {dag.py:3239} INFO - Sync 2 DAGs
[2025-04-04T13:39:48.228+0000] {logging_mixin.py:190} INFO - [2025-04-04T13:39:48.228+0000] {dag.py:4180} INFO - Setting next_dagrun for example_xcom_args to None, run_after=None
[2025-04-04T13:39:48.242+0000] {logging_mixin.py:190} INFO - [2025-04-04T13:39:48.241+0000] {dag.py:4180} INFO - Setting next_dagrun for example_xcom_args_with_operators to None, run_after=None
[2025-04-04T13:39:48.290+0000] {processor.py:208} INFO - Processing /home/airflow/.local/lib/python3.12/site-packages/airflow/example_dags/example_xcomargs.py took 0.280 seconds
[2025-04-04T13:40:18.817+0000] {processor.py:186} INFO - Started process (PID=522) to work on /home/airflow/.local/lib/python3.12/site-packages/airflow/example_dags/example_xcomargs.py
[2025-04-04T13:40:18.826+0000] {processor.py:914} INFO - Processing file /home/airflow/.local/lib/python3.12/site-packages/airflow/example_dags/example_xcomargs.py for tasks to queue
[2025-04-04T13:40:18.832+0000] {logging_mixin.py:190} INFO - [2025-04-04T13:40:18.831+0000] {dagbag.py:588} INFO - Filling up the DagBag from /home/airflow/.local/lib/python3.12/site-packages/airflow/example_dags/example_xcomargs.py
[2025-04-04T13:40:18.858+0000] {processor.py:925} INFO - DAG(s) 'example_xcom_args', 'example_xcom_args_with_operators' retrieved from /home/airflow/.local/lib/python3.12/site-packages/airflow/example_dags/example_xcomargs.py
[2025-04-04T13:40:18.919+0000] {logging_mixin.py:190} INFO - [2025-04-04T13:40:18.918+0000] {dag.py:3239} INFO - Sync 2 DAGs
[2025-04-04T13:40:18.961+0000] {logging_mixin.py:190} INFO - [2025-04-04T13:40:18.961+0000] {dag.py:4180} INFO - Setting next_dagrun for example_xcom_args to None, run_after=None
[2025-04-04T13:40:18.972+0000] {logging_mixin.py:190} INFO - [2025-04-04T13:40:18.971+0000] {dag.py:4180} INFO - Setting next_dagrun for example_xcom_args_with_operators to None, run_after=None
[2025-04-04T13:40:19.022+0000] {processor.py:208} INFO - Processing /home/airflow/.local/lib/python3.12/site-packages/airflow/example_dags/example_xcomargs.py took 0.223 seconds
[2025-04-04T13:40:49.226+0000] {processor.py:186} INFO - Started process (PID=585) to work on /home/airflow/.local/lib/python3.12/site-packages/airflow/example_dags/example_xcomargs.py
[2025-04-04T13:40:49.238+0000] {processor.py:914} INFO - Processing file /home/airflow/.local/lib/python3.12/site-packages/airflow/example_dags/example_xcomargs.py for tasks to queue
[2025-04-04T13:40:49.246+0000] {logging_mixin.py:190} INFO - [2025-04-04T13:40:49.245+0000] {dagbag.py:588} INFO - Filling up the DagBag from /home/airflow/.local/lib/python3.12/site-packages/airflow/example_dags/example_xcomargs.py
[2025-04-04T13:40:49.316+0000] {processor.py:925} INFO - DAG(s) 'example_xcom_args', 'example_xcom_args_with_operators' retrieved from /home/airflow/.local/lib/python3.12/site-packages/airflow/example_dags/example_xcomargs.py
[2025-04-04T13:40:49.447+0000] {logging_mixin.py:190} INFO - [2025-04-04T13:40:49.446+0000] {dag.py:3239} INFO - Sync 2 DAGs
[2025-04-04T13:40:49.558+0000] {logging_mixin.py:190} INFO - [2025-04-04T13:40:49.557+0000] {dag.py:4180} INFO - Setting next_dagrun for example_xcom_args to None, run_after=None
[2025-04-04T13:40:49.570+0000] {logging_mixin.py:190} INFO - [2025-04-04T13:40:49.570+0000] {dag.py:4180} INFO - Setting next_dagrun for example_xcom_args_with_operators to None, run_after=None
[2025-04-04T13:40:49.678+0000] {processor.py:208} INFO - Processing /home/airflow/.local/lib/python3.12/site-packages/airflow/example_dags/example_xcomargs.py took 0.469 seconds
[2025-04-04T13:41:20.966+0000] {processor.py:186} INFO - Started process (PID=648) to work on /home/airflow/.local/lib/python3.12/site-packages/airflow/example_dags/example_xcomargs.py
[2025-04-04T13:41:20.968+0000] {processor.py:914} INFO - Processing file /home/airflow/.local/lib/python3.12/site-packages/airflow/example_dags/example_xcomargs.py for tasks to queue
[2025-04-04T13:41:20.973+0000] {logging_mixin.py:190} INFO - [2025-04-04T13:41:20.972+0000] {dagbag.py:588} INFO - Filling up the DagBag from /home/airflow/.local/lib/python3.12/site-packages/airflow/example_dags/example_xcomargs.py
[2025-04-04T13:41:20.993+0000] {processor.py:925} INFO - DAG(s) 'example_xcom_args', 'example_xcom_args_with_operators' retrieved from /home/airflow/.local/lib/python3.12/site-packages/airflow/example_dags/example_xcomargs.py
[2025-04-04T13:41:21.045+0000] {logging_mixin.py:190} INFO - [2025-04-04T13:41:21.044+0000] {dag.py:3239} INFO - Sync 2 DAGs
[2025-04-04T13:41:21.082+0000] {logging_mixin.py:190} INFO - [2025-04-04T13:41:21.082+0000] {dag.py:4180} INFO - Setting next_dagrun for example_xcom_args to None, run_after=None
[2025-04-04T13:41:21.088+0000] {logging_mixin.py:190} INFO - [2025-04-04T13:41:21.088+0000] {dag.py:4180} INFO - Setting next_dagrun for example_xcom_args_with_operators to None, run_after=None
[2025-04-04T13:41:21.126+0000] {processor.py:208} INFO - Processing /home/airflow/.local/lib/python3.12/site-packages/airflow/example_dags/example_xcomargs.py took 0.184 seconds
[2025-04-04T13:41:51.242+0000] {processor.py:186} INFO - Started process (PID=710) to work on /home/airflow/.local/lib/python3.12/site-packages/airflow/example_dags/example_xcomargs.py
[2025-04-04T13:41:51.243+0000] {processor.py:914} INFO - Processing file /home/airflow/.local/lib/python3.12/site-packages/airflow/example_dags/example_xcomargs.py for tasks to queue
[2025-04-04T13:41:51.248+0000] {logging_mixin.py:190} INFO - [2025-04-04T13:41:51.247+0000] {dagbag.py:588} INFO - Filling up the DagBag from /home/airflow/.local/lib/python3.12/site-packages/airflow/example_dags/example_xcomargs.py
[2025-04-04T13:41:51.263+0000] {processor.py:925} INFO - DAG(s) 'example_xcom_args_with_operators', 'example_xcom_args' retrieved from /home/airflow/.local/lib/python3.12/site-packages/airflow/example_dags/example_xcomargs.py
[2025-04-04T13:41:51.302+0000] {logging_mixin.py:190} INFO - [2025-04-04T13:41:51.301+0000] {dag.py:3239} INFO - Sync 2 DAGs
[2025-04-04T13:41:51.326+0000] {logging_mixin.py:190} INFO - [2025-04-04T13:41:51.325+0000] {dag.py:4180} INFO - Setting next_dagrun for example_xcom_args to None, run_after=None
[2025-04-04T13:41:51.332+0000] {logging_mixin.py:190} INFO - [2025-04-04T13:41:51.332+0000] {dag.py:4180} INFO - Setting next_dagrun for example_xcom_args_with_operators to None, run_after=None
[2025-04-04T13:41:51.360+0000] {processor.py:208} INFO - Processing /home/airflow/.local/lib/python3.12/site-packages/airflow/example_dags/example_xcomargs.py took 0.128 seconds
[2025-04-04T13:42:21.743+0000] {processor.py:186} INFO - Started process (PID=772) to work on /home/airflow/.local/lib/python3.12/site-packages/airflow/example_dags/example_xcomargs.py
[2025-04-04T13:42:21.744+0000] {processor.py:914} INFO - Processing file /home/airflow/.local/lib/python3.12/site-packages/airflow/example_dags/example_xcomargs.py for tasks to queue
[2025-04-04T13:42:21.749+0000] {logging_mixin.py:190} INFO - [2025-04-04T13:42:21.748+0000] {dagbag.py:588} INFO - Filling up the DagBag from /home/airflow/.local/lib/python3.12/site-packages/airflow/example_dags/example_xcomargs.py
[2025-04-04T13:42:21.767+0000] {processor.py:925} INFO - DAG(s) 'example_xcom_args', 'example_xcom_args_with_operators' retrieved from /home/airflow/.local/lib/python3.12/site-packages/airflow/example_dags/example_xcomargs.py
[2025-04-04T13:42:21.868+0000] {logging_mixin.py:190} INFO - [2025-04-04T13:42:21.867+0000] {dag.py:3239} INFO - Sync 2 DAGs
[2025-04-04T13:42:21.902+0000] {logging_mixin.py:190} INFO - [2025-04-04T13:42:21.902+0000] {dag.py:4180} INFO - Setting next_dagrun for example_xcom_args to None, run_after=None
[2025-04-04T13:42:21.910+0000] {logging_mixin.py:190} INFO - [2025-04-04T13:42:21.910+0000] {dag.py:4180} INFO - Setting next_dagrun for example_xcom_args_with_operators to None, run_after=None
[2025-04-04T13:42:21.944+0000] {processor.py:208} INFO - Processing /home/airflow/.local/lib/python3.12/site-packages/airflow/example_dags/example_xcomargs.py took 0.214 seconds
[2025-04-04T13:42:52.637+0000] {processor.py:186} INFO - Started process (PID=835) to work on /home/airflow/.local/lib/python3.12/site-packages/airflow/example_dags/example_xcomargs.py
[2025-04-04T13:42:52.639+0000] {processor.py:914} INFO - Processing file /home/airflow/.local/lib/python3.12/site-packages/airflow/example_dags/example_xcomargs.py for tasks to queue
[2025-04-04T13:42:52.646+0000] {logging_mixin.py:190} INFO - [2025-04-04T13:42:52.645+0000] {dagbag.py:588} INFO - Filling up the DagBag from /home/airflow/.local/lib/python3.12/site-packages/airflow/example_dags/example_xcomargs.py
[2025-04-04T13:42:52.669+0000] {processor.py:925} INFO - DAG(s) 'example_xcom_args_with_operators', 'example_xcom_args' retrieved from /home/airflow/.local/lib/python3.12/site-packages/airflow/example_dags/example_xcomargs.py
[2025-04-04T13:42:52.730+0000] {logging_mixin.py:190} INFO - [2025-04-04T13:42:52.729+0000] {dag.py:3239} INFO - Sync 2 DAGs
[2025-04-04T13:42:52.772+0000] {logging_mixin.py:190} INFO - [2025-04-04T13:42:52.772+0000] {dag.py:4180} INFO - Setting next_dagrun for example_xcom_args to None, run_after=None
[2025-04-04T13:42:52.786+0000] {logging_mixin.py:190} INFO - [2025-04-04T13:42:52.785+0000] {dag.py:4180} INFO - Setting next_dagrun for example_xcom_args_with_operators to None, run_after=None
[2025-04-04T13:42:52.836+0000] {processor.py:208} INFO - Processing /home/airflow/.local/lib/python3.12/site-packages/airflow/example_dags/example_xcomargs.py took 0.217 seconds
[2025-04-04T13:43:23.198+0000] {processor.py:186} INFO - Started process (PID=898) to work on /home/airflow/.local/lib/python3.12/site-packages/airflow/example_dags/example_xcomargs.py
[2025-04-04T13:43:23.200+0000] {processor.py:914} INFO - Processing file /home/airflow/.local/lib/python3.12/site-packages/airflow/example_dags/example_xcomargs.py for tasks to queue
[2025-04-04T13:43:23.205+0000] {logging_mixin.py:190} INFO - [2025-04-04T13:43:23.204+0000] {dagbag.py:588} INFO - Filling up the DagBag from /home/airflow/.local/lib/python3.12/site-packages/airflow/example_dags/example_xcomargs.py
[2025-04-04T13:43:23.225+0000] {processor.py:925} INFO - DAG(s) 'example_xcom_args', 'example_xcom_args_with_operators' retrieved from /home/airflow/.local/lib/python3.12/site-packages/airflow/example_dags/example_xcomargs.py
[2025-04-04T13:43:23.272+0000] {logging_mixin.py:190} INFO - [2025-04-04T13:43:23.271+0000] {dag.py:3239} INFO - Sync 2 DAGs
[2025-04-04T13:43:23.302+0000] {logging_mixin.py:190} INFO - [2025-04-04T13:43:23.301+0000] {dag.py:4180} INFO - Setting next_dagrun for example_xcom_args to None, run_after=None
[2025-04-04T13:43:23.309+0000] {logging_mixin.py:190} INFO - [2025-04-04T13:43:23.308+0000] {dag.py:4180} INFO - Setting next_dagrun for example_xcom_args_with_operators to None, run_after=None
[2025-04-04T13:43:23.342+0000] {processor.py:208} INFO - Processing /home/airflow/.local/lib/python3.12/site-packages/airflow/example_dags/example_xcomargs.py took 0.166 seconds
[2025-04-04T13:43:54.993+0000] {processor.py:186} INFO - Started process (PID=966) to work on /home/airflow/.local/lib/python3.12/site-packages/airflow/example_dags/example_xcomargs.py
[2025-04-04T13:43:54.995+0000] {processor.py:914} INFO - Processing file /home/airflow/.local/lib/python3.12/site-packages/airflow/example_dags/example_xcomargs.py for tasks to queue
[2025-04-04T13:43:55.001+0000] {logging_mixin.py:190} INFO - [2025-04-04T13:43:55.000+0000] {dagbag.py:588} INFO - Filling up the DagBag from /home/airflow/.local/lib/python3.12/site-packages/airflow/example_dags/example_xcomargs.py
[2025-04-04T13:43:55.029+0000] {processor.py:925} INFO - DAG(s) 'example_xcom_args', 'example_xcom_args_with_operators' retrieved from /home/airflow/.local/lib/python3.12/site-packages/airflow/example_dags/example_xcomargs.py
[2025-04-04T13:43:55.103+0000] {logging_mixin.py:190} INFO - [2025-04-04T13:43:55.103+0000] {dag.py:3239} INFO - Sync 2 DAGs
[2025-04-04T13:43:55.147+0000] {logging_mixin.py:190} INFO - [2025-04-04T13:43:55.147+0000] {dag.py:4180} INFO - Setting next_dagrun for example_xcom_args to None, run_after=None
[2025-04-04T13:43:55.157+0000] {logging_mixin.py:190} INFO - [2025-04-04T13:43:55.157+0000] {dag.py:4180} INFO - Setting next_dagrun for example_xcom_args_with_operators to None, run_after=None
[2025-04-04T13:43:55.210+0000] {processor.py:208} INFO - Processing /home/airflow/.local/lib/python3.12/site-packages/airflow/example_dags/example_xcomargs.py took 0.232 seconds
[2025-04-04T13:44:26.881+0000] {processor.py:186} INFO - Started process (PID=1029) to work on /home/airflow/.local/lib/python3.12/site-packages/airflow/example_dags/example_xcomargs.py
[2025-04-04T13:44:26.889+0000] {processor.py:914} INFO - Processing file /home/airflow/.local/lib/python3.12/site-packages/airflow/example_dags/example_xcomargs.py for tasks to queue
[2025-04-04T13:44:26.893+0000] {logging_mixin.py:190} INFO - [2025-04-04T13:44:26.893+0000] {dagbag.py:588} INFO - Filling up the DagBag from /home/airflow/.local/lib/python3.12/site-packages/airflow/example_dags/example_xcomargs.py
[2025-04-04T13:44:26.929+0000] {processor.py:925} INFO - DAG(s) 'example_xcom_args_with_operators', 'example_xcom_args' retrieved from /home/airflow/.local/lib/python3.12/site-packages/airflow/example_dags/example_xcomargs.py
[2025-04-04T13:44:26.987+0000] {logging_mixin.py:190} INFO - [2025-04-04T13:44:26.986+0000] {dag.py:3239} INFO - Sync 2 DAGs
[2025-04-04T13:44:27.025+0000] {logging_mixin.py:190} INFO - [2025-04-04T13:44:27.025+0000] {dag.py:4180} INFO - Setting next_dagrun for example_xcom_args to None, run_after=None
[2025-04-04T13:44:27.038+0000] {logging_mixin.py:190} INFO - [2025-04-04T13:44:27.037+0000] {dag.py:4180} INFO - Setting next_dagrun for example_xcom_args_with_operators to None, run_after=None
[2025-04-04T13:44:27.076+0000] {processor.py:208} INFO - Processing /home/airflow/.local/lib/python3.12/site-packages/airflow/example_dags/example_xcomargs.py took 0.214 seconds
[2025-04-04T13:44:58.106+0000] {processor.py:186} INFO - Started process (PID=1092) to work on /home/airflow/.local/lib/python3.12/site-packages/airflow/example_dags/example_xcomargs.py
[2025-04-04T13:44:58.107+0000] {processor.py:914} INFO - Processing file /home/airflow/.local/lib/python3.12/site-packages/airflow/example_dags/example_xcomargs.py for tasks to queue
[2025-04-04T13:44:58.111+0000] {logging_mixin.py:190} INFO - [2025-04-04T13:44:58.111+0000] {dagbag.py:588} INFO - Filling up the DagBag from /home/airflow/.local/lib/python3.12/site-packages/airflow/example_dags/example_xcomargs.py
[2025-04-04T13:44:58.135+0000] {processor.py:925} INFO - DAG(s) 'example_xcom_args_with_operators', 'example_xcom_args' retrieved from /home/airflow/.local/lib/python3.12/site-packages/airflow/example_dags/example_xcomargs.py
[2025-04-04T13:44:58.189+0000] {logging_mixin.py:190} INFO - [2025-04-04T13:44:58.189+0000] {dag.py:3239} INFO - Sync 2 DAGs
[2025-04-04T13:44:58.228+0000] {logging_mixin.py:190} INFO - [2025-04-04T13:44:58.227+0000] {dag.py:4180} INFO - Setting next_dagrun for example_xcom_args to None, run_after=None
[2025-04-04T13:44:58.237+0000] {logging_mixin.py:190} INFO - [2025-04-04T13:44:58.236+0000] {dag.py:4180} INFO - Setting next_dagrun for example_xcom_args_with_operators to None, run_after=None
[2025-04-04T13:44:58.277+0000] {processor.py:208} INFO - Processing /home/airflow/.local/lib/python3.12/site-packages/airflow/example_dags/example_xcomargs.py took 0.183 seconds
[2025-04-04T13:45:29.019+0000] {processor.py:186} INFO - Started process (PID=1154) to work on /home/airflow/.local/lib/python3.12/site-packages/airflow/example_dags/example_xcomargs.py
[2025-04-04T13:45:29.021+0000] {processor.py:914} INFO - Processing file /home/airflow/.local/lib/python3.12/site-packages/airflow/example_dags/example_xcomargs.py for tasks to queue
[2025-04-04T13:45:29.024+0000] {logging_mixin.py:190} INFO - [2025-04-04T13:45:29.024+0000] {dagbag.py:588} INFO - Filling up the DagBag from /home/airflow/.local/lib/python3.12/site-packages/airflow/example_dags/example_xcomargs.py
[2025-04-04T13:45:29.050+0000] {processor.py:925} INFO - DAG(s) 'example_xcom_args_with_operators', 'example_xcom_args' retrieved from /home/airflow/.local/lib/python3.12/site-packages/airflow/example_dags/example_xcomargs.py
[2025-04-04T13:45:29.095+0000] {logging_mixin.py:190} INFO - [2025-04-04T13:45:29.094+0000] {dag.py:3239} INFO - Sync 2 DAGs
[2025-04-04T13:45:29.144+0000] {logging_mixin.py:190} INFO - [2025-04-04T13:45:29.143+0000] {dag.py:4180} INFO - Setting next_dagrun for example_xcom_args to None, run_after=None
[2025-04-04T13:45:29.157+0000] {logging_mixin.py:190} INFO - [2025-04-04T13:45:29.156+0000] {dag.py:4180} INFO - Setting next_dagrun for example_xcom_args_with_operators to None, run_after=None
[2025-04-04T13:45:29.200+0000] {processor.py:208} INFO - Processing /home/airflow/.local/lib/python3.12/site-packages/airflow/example_dags/example_xcomargs.py took 0.193 seconds
[2025-04-04T13:46:00.487+0000] {processor.py:186} INFO - Started process (PID=1217) to work on /home/airflow/.local/lib/python3.12/site-packages/airflow/example_dags/example_xcomargs.py
[2025-04-04T13:46:00.489+0000] {processor.py:914} INFO - Processing file /home/airflow/.local/lib/python3.12/site-packages/airflow/example_dags/example_xcomargs.py for tasks to queue
[2025-04-04T13:46:00.495+0000] {logging_mixin.py:190} INFO - [2025-04-04T13:46:00.494+0000] {dagbag.py:588} INFO - Filling up the DagBag from /home/airflow/.local/lib/python3.12/site-packages/airflow/example_dags/example_xcomargs.py
[2025-04-04T13:46:00.534+0000] {processor.py:925} INFO - DAG(s) 'example_xcom_args_with_operators', 'example_xcom_args' retrieved from /home/airflow/.local/lib/python3.12/site-packages/airflow/example_dags/example_xcomargs.py
[2025-04-04T13:46:00.586+0000] {logging_mixin.py:190} INFO - [2025-04-04T13:46:00.586+0000] {dag.py:3239} INFO - Sync 2 DAGs
[2025-04-04T13:46:00.619+0000] {logging_mixin.py:190} INFO - [2025-04-04T13:46:00.619+0000] {dag.py:4180} INFO - Setting next_dagrun for example_xcom_args to None, run_after=None
[2025-04-04T13:46:00.630+0000] {logging_mixin.py:190} INFO - [2025-04-04T13:46:00.630+0000] {dag.py:4180} INFO - Setting next_dagrun for example_xcom_args_with_operators to None, run_after=None
[2025-04-04T13:46:00.670+0000] {processor.py:208} INFO - Processing /home/airflow/.local/lib/python3.12/site-packages/airflow/example_dags/example_xcomargs.py took 0.200 seconds
[2025-04-04T13:46:38.292+0000] {processor.py:186} INFO - Started process (PID=1268) to work on /home/airflow/.local/lib/python3.12/site-packages/airflow/example_dags/example_xcomargs.py
[2025-04-04T13:46:38.294+0000] {processor.py:914} INFO - Processing file /home/airflow/.local/lib/python3.12/site-packages/airflow/example_dags/example_xcomargs.py for tasks to queue
[2025-04-04T13:46:38.300+0000] {logging_mixin.py:190} INFO - [2025-04-04T13:46:38.299+0000] {dagbag.py:588} INFO - Filling up the DagBag from /home/airflow/.local/lib/python3.12/site-packages/airflow/example_dags/example_xcomargs.py
[2025-04-04T13:46:38.336+0000] {processor.py:925} INFO - DAG(s) 'example_xcom_args_with_operators', 'example_xcom_args' retrieved from /home/airflow/.local/lib/python3.12/site-packages/airflow/example_dags/example_xcomargs.py
[2025-04-04T13:46:38.432+0000] {logging_mixin.py:190} INFO - [2025-04-04T13:46:38.432+0000] {dag.py:3239} INFO - Sync 2 DAGs
[2025-04-04T13:46:38.502+0000] {logging_mixin.py:190} INFO - [2025-04-04T13:46:38.501+0000] {dag.py:4180} INFO - Setting next_dagrun for example_xcom_args to None, run_after=None
[2025-04-04T13:46:38.545+0000] {logging_mixin.py:190} INFO - [2025-04-04T13:46:38.544+0000] {dag.py:4180} INFO - Setting next_dagrun for example_xcom_args_with_operators to None, run_after=None
[2025-04-04T13:46:38.672+0000] {processor.py:208} INFO - Processing /home/airflow/.local/lib/python3.12/site-packages/airflow/example_dags/example_xcomargs.py took 0.400 seconds
[2025-04-04T13:47:08.810+0000] {processor.py:186} INFO - Started process (PID=1331) to work on /home/airflow/.local/lib/python3.12/site-packages/airflow/example_dags/example_xcomargs.py
[2025-04-04T13:47:08.812+0000] {processor.py:914} INFO - Processing file /home/airflow/.local/lib/python3.12/site-packages/airflow/example_dags/example_xcomargs.py for tasks to queue
[2025-04-04T13:47:08.823+0000] {logging_mixin.py:190} INFO - [2025-04-04T13:47:08.822+0000] {dagbag.py:588} INFO - Filling up the DagBag from /home/airflow/.local/lib/python3.12/site-packages/airflow/example_dags/example_xcomargs.py
[2025-04-04T13:47:08.852+0000] {processor.py:925} INFO - DAG(s) 'example_xcom_args', 'example_xcom_args_with_operators' retrieved from /home/airflow/.local/lib/python3.12/site-packages/airflow/example_dags/example_xcomargs.py
[2025-04-04T13:47:08.895+0000] {logging_mixin.py:190} INFO - [2025-04-04T13:47:08.895+0000] {dag.py:3239} INFO - Sync 2 DAGs
[2025-04-04T13:47:08.927+0000] {logging_mixin.py:190} INFO - [2025-04-04T13:47:08.927+0000] {dag.py:4180} INFO - Setting next_dagrun for example_xcom_args to None, run_after=None
[2025-04-04T13:47:08.937+0000] {logging_mixin.py:190} INFO - [2025-04-04T13:47:08.937+0000] {dag.py:4180} INFO - Setting next_dagrun for example_xcom_args_with_operators to None, run_after=None
[2025-04-04T13:47:08.971+0000] {processor.py:208} INFO - Processing /home/airflow/.local/lib/python3.12/site-packages/airflow/example_dags/example_xcomargs.py took 0.173 seconds
[2025-04-04T13:47:39.399+0000] {processor.py:186} INFO - Started process (PID=1394) to work on /home/airflow/.local/lib/python3.12/site-packages/airflow/example_dags/example_xcomargs.py
[2025-04-04T13:47:39.400+0000] {processor.py:914} INFO - Processing file /home/airflow/.local/lib/python3.12/site-packages/airflow/example_dags/example_xcomargs.py for tasks to queue
[2025-04-04T13:47:39.405+0000] {logging_mixin.py:190} INFO - [2025-04-04T13:47:39.404+0000] {dagbag.py:588} INFO - Filling up the DagBag from /home/airflow/.local/lib/python3.12/site-packages/airflow/example_dags/example_xcomargs.py
[2025-04-04T13:47:39.429+0000] {processor.py:925} INFO - DAG(s) 'example_xcom_args_with_operators', 'example_xcom_args' retrieved from /home/airflow/.local/lib/python3.12/site-packages/airflow/example_dags/example_xcomargs.py
[2025-04-04T13:47:39.490+0000] {logging_mixin.py:190} INFO - [2025-04-04T13:47:39.489+0000] {dag.py:3239} INFO - Sync 2 DAGs
[2025-04-04T13:47:39.587+0000] {logging_mixin.py:190} INFO - [2025-04-04T13:47:39.586+0000] {dag.py:4180} INFO - Setting next_dagrun for example_xcom_args to None, run_after=None
[2025-04-04T13:47:39.607+0000] {logging_mixin.py:190} INFO - [2025-04-04T13:47:39.606+0000] {dag.py:4180} INFO - Setting next_dagrun for example_xcom_args_with_operators to None, run_after=None
[2025-04-04T13:47:39.722+0000] {processor.py:208} INFO - Processing /home/airflow/.local/lib/python3.12/site-packages/airflow/example_dags/example_xcomargs.py took 0.338 seconds
[2025-04-04T13:48:10.961+0000] {processor.py:186} INFO - Started process (PID=1458) to work on /home/airflow/.local/lib/python3.12/site-packages/airflow/example_dags/example_xcomargs.py
[2025-04-04T13:48:10.964+0000] {processor.py:914} INFO - Processing file /home/airflow/.local/lib/python3.12/site-packages/airflow/example_dags/example_xcomargs.py for tasks to queue
[2025-04-04T13:48:10.970+0000] {logging_mixin.py:190} INFO - [2025-04-04T13:48:10.969+0000] {dagbag.py:588} INFO - Filling up the DagBag from /home/airflow/.local/lib/python3.12/site-packages/airflow/example_dags/example_xcomargs.py
[2025-04-04T13:48:11.007+0000] {processor.py:925} INFO - DAG(s) 'example_xcom_args_with_operators', 'example_xcom_args' retrieved from /home/airflow/.local/lib/python3.12/site-packages/airflow/example_dags/example_xcomargs.py
[2025-04-04T13:48:11.072+0000] {logging_mixin.py:190} INFO - [2025-04-04T13:48:11.071+0000] {dag.py:3239} INFO - Sync 2 DAGs
[2025-04-04T13:48:11.115+0000] {logging_mixin.py:190} INFO - [2025-04-04T13:48:11.115+0000] {dag.py:4180} INFO - Setting next_dagrun for example_xcom_args to None, run_after=None
[2025-04-04T13:48:11.127+0000] {logging_mixin.py:190} INFO - [2025-04-04T13:48:11.124+0000] {dag.py:4180} INFO - Setting next_dagrun for example_xcom_args_with_operators to None, run_after=None
[2025-04-04T13:48:11.186+0000] {processor.py:208} INFO - Processing /home/airflow/.local/lib/python3.12/site-packages/airflow/example_dags/example_xcomargs.py took 0.244 seconds
[2025-04-04T13:48:42.834+0000] {processor.py:186} INFO - Started process (PID=1520) to work on /home/airflow/.local/lib/python3.12/site-packages/airflow/example_dags/example_xcomargs.py
[2025-04-04T13:48:42.837+0000] {processor.py:914} INFO - Processing file /home/airflow/.local/lib/python3.12/site-packages/airflow/example_dags/example_xcomargs.py for tasks to queue
[2025-04-04T13:48:42.841+0000] {logging_mixin.py:190} INFO - [2025-04-04T13:48:42.841+0000] {dagbag.py:588} INFO - Filling up the DagBag from /home/airflow/.local/lib/python3.12/site-packages/airflow/example_dags/example_xcomargs.py
[2025-04-04T13:48:42.878+0000] {processor.py:925} INFO - DAG(s) 'example_xcom_args_with_operators', 'example_xcom_args' retrieved from /home/airflow/.local/lib/python3.12/site-packages/airflow/example_dags/example_xcomargs.py
[2025-04-04T13:48:42.950+0000] {logging_mixin.py:190} INFO - [2025-04-04T13:48:42.950+0000] {dag.py:3239} INFO - Sync 2 DAGs
[2025-04-04T13:48:43.005+0000] {logging_mixin.py:190} INFO - [2025-04-04T13:48:43.005+0000] {dag.py:4180} INFO - Setting next_dagrun for example_xcom_args to None, run_after=None
[2025-04-04T13:48:43.042+0000] {logging_mixin.py:190} INFO - [2025-04-04T13:48:43.041+0000] {dag.py:4180} INFO - Setting next_dagrun for example_xcom_args_with_operators to None, run_after=None
[2025-04-04T13:48:43.089+0000] {processor.py:208} INFO - Processing /home/airflow/.local/lib/python3.12/site-packages/airflow/example_dags/example_xcomargs.py took 0.273 seconds
[2025-04-04T13:49:13.540+0000] {processor.py:186} INFO - Started process (PID=1582) to work on /home/airflow/.local/lib/python3.12/site-packages/airflow/example_dags/example_xcomargs.py
[2025-04-04T13:49:13.542+0000] {processor.py:914} INFO - Processing file /home/airflow/.local/lib/python3.12/site-packages/airflow/example_dags/example_xcomargs.py for tasks to queue
[2025-04-04T13:49:13.548+0000] {logging_mixin.py:190} INFO - [2025-04-04T13:49:13.547+0000] {dagbag.py:588} INFO - Filling up the DagBag from /home/airflow/.local/lib/python3.12/site-packages/airflow/example_dags/example_xcomargs.py
[2025-04-04T13:49:13.588+0000] {processor.py:925} INFO - DAG(s) 'example_xcom_args', 'example_xcom_args_with_operators' retrieved from /home/airflow/.local/lib/python3.12/site-packages/airflow/example_dags/example_xcomargs.py
[2025-04-04T13:49:13.653+0000] {logging_mixin.py:190} INFO - [2025-04-04T13:49:13.652+0000] {dag.py:3239} INFO - Sync 2 DAGs
[2025-04-04T13:49:13.689+0000] {logging_mixin.py:190} INFO - [2025-04-04T13:49:13.689+0000] {dag.py:4180} INFO - Setting next_dagrun for example_xcom_args to None, run_after=None
[2025-04-04T13:49:13.704+0000] {logging_mixin.py:190} INFO - [2025-04-04T13:49:13.702+0000] {dag.py:4180} INFO - Setting next_dagrun for example_xcom_args_with_operators to None, run_after=None
[2025-04-04T13:49:13.763+0000] {processor.py:208} INFO - Processing /home/airflow/.local/lib/python3.12/site-packages/airflow/example_dags/example_xcomargs.py took 0.242 seconds
[2025-04-04T13:49:44.557+0000] {processor.py:186} INFO - Started process (PID=1645) to work on /home/airflow/.local/lib/python3.12/site-packages/airflow/example_dags/example_xcomargs.py
[2025-04-04T13:49:44.559+0000] {processor.py:914} INFO - Processing file /home/airflow/.local/lib/python3.12/site-packages/airflow/example_dags/example_xcomargs.py for tasks to queue
[2025-04-04T13:49:44.563+0000] {logging_mixin.py:190} INFO - [2025-04-04T13:49:44.562+0000] {dagbag.py:588} INFO - Filling up the DagBag from /home/airflow/.local/lib/python3.12/site-packages/airflow/example_dags/example_xcomargs.py
[2025-04-04T13:49:44.586+0000] {processor.py:925} INFO - DAG(s) 'example_xcom_args', 'example_xcom_args_with_operators' retrieved from /home/airflow/.local/lib/python3.12/site-packages/airflow/example_dags/example_xcomargs.py
[2025-04-04T13:49:44.678+0000] {logging_mixin.py:190} INFO - [2025-04-04T13:49:44.677+0000] {dag.py:3239} INFO - Sync 2 DAGs
[2025-04-04T13:49:44.777+0000] {logging_mixin.py:190} INFO - [2025-04-04T13:49:44.766+0000] {dag.py:4180} INFO - Setting next_dagrun for example_xcom_args to None, run_after=None
[2025-04-04T13:49:44.821+0000] {logging_mixin.py:190} INFO - [2025-04-04T13:49:44.820+0000] {dag.py:4180} INFO - Setting next_dagrun for example_xcom_args_with_operators to None, run_after=None
[2025-04-04T13:49:44.938+0000] {processor.py:208} INFO - Processing /home/airflow/.local/lib/python3.12/site-packages/airflow/example_dags/example_xcomargs.py took 0.395 seconds
[2025-04-04T13:50:15.983+0000] {processor.py:186} INFO - Started process (PID=1706) to work on /home/airflow/.local/lib/python3.12/site-packages/airflow/example_dags/example_xcomargs.py
[2025-04-04T13:50:15.985+0000] {processor.py:914} INFO - Processing file /home/airflow/.local/lib/python3.12/site-packages/airflow/example_dags/example_xcomargs.py for tasks to queue
[2025-04-04T13:50:15.989+0000] {logging_mixin.py:190} INFO - [2025-04-04T13:50:15.988+0000] {dagbag.py:588} INFO - Filling up the DagBag from /home/airflow/.local/lib/python3.12/site-packages/airflow/example_dags/example_xcomargs.py
[2025-04-04T13:50:16.008+0000] {processor.py:925} INFO - DAG(s) 'example_xcom_args_with_operators', 'example_xcom_args' retrieved from /home/airflow/.local/lib/python3.12/site-packages/airflow/example_dags/example_xcomargs.py
[2025-04-04T13:50:16.046+0000] {logging_mixin.py:190} INFO - [2025-04-04T13:50:16.046+0000] {dag.py:3239} INFO - Sync 2 DAGs
[2025-04-04T13:50:16.071+0000] {logging_mixin.py:190} INFO - [2025-04-04T13:50:16.071+0000] {dag.py:4180} INFO - Setting next_dagrun for example_xcom_args to None, run_after=None
[2025-04-04T13:50:16.078+0000] {logging_mixin.py:190} INFO - [2025-04-04T13:50:16.077+0000] {dag.py:4180} INFO - Setting next_dagrun for example_xcom_args_with_operators to None, run_after=None
[2025-04-04T13:50:16.107+0000] {processor.py:208} INFO - Processing /home/airflow/.local/lib/python3.12/site-packages/airflow/example_dags/example_xcomargs.py took 0.136 seconds
[2025-04-04T13:50:47.751+0000] {processor.py:186} INFO - Started process (PID=1768) to work on /home/airflow/.local/lib/python3.12/site-packages/airflow/example_dags/example_xcomargs.py
[2025-04-04T13:50:47.753+0000] {processor.py:914} INFO - Processing file /home/airflow/.local/lib/python3.12/site-packages/airflow/example_dags/example_xcomargs.py for tasks to queue
[2025-04-04T13:50:47.760+0000] {logging_mixin.py:190} INFO - [2025-04-04T13:50:47.759+0000] {dagbag.py:588} INFO - Filling up the DagBag from /home/airflow/.local/lib/python3.12/site-packages/airflow/example_dags/example_xcomargs.py
[2025-04-04T13:50:47.792+0000] {processor.py:925} INFO - DAG(s) 'example_xcom_args_with_operators', 'example_xcom_args' retrieved from /home/airflow/.local/lib/python3.12/site-packages/airflow/example_dags/example_xcomargs.py
[2025-04-04T13:50:47.842+0000] {logging_mixin.py:190} INFO - [2025-04-04T13:50:47.842+0000] {dag.py:3239} INFO - Sync 2 DAGs
[2025-04-04T13:50:47.878+0000] {logging_mixin.py:190} INFO - [2025-04-04T13:50:47.878+0000] {dag.py:4180} INFO - Setting next_dagrun for example_xcom_args to None, run_after=None
[2025-04-04T13:50:47.892+0000] {logging_mixin.py:190} INFO - [2025-04-04T13:50:47.891+0000] {dag.py:4180} INFO - Setting next_dagrun for example_xcom_args_with_operators to None, run_after=None
[2025-04-04T13:50:47.999+0000] {processor.py:208} INFO - Processing /home/airflow/.local/lib/python3.12/site-packages/airflow/example_dags/example_xcomargs.py took 0.263 seconds
[2025-04-04T13:51:18.984+0000] {processor.py:186} INFO - Started process (PID=1831) to work on /home/airflow/.local/lib/python3.12/site-packages/airflow/example_dags/example_xcomargs.py
[2025-04-04T13:51:18.986+0000] {processor.py:914} INFO - Processing file /home/airflow/.local/lib/python3.12/site-packages/airflow/example_dags/example_xcomargs.py for tasks to queue
[2025-04-04T13:51:18.992+0000] {logging_mixin.py:190} INFO - [2025-04-04T13:51:18.990+0000] {dagbag.py:588} INFO - Filling up the DagBag from /home/airflow/.local/lib/python3.12/site-packages/airflow/example_dags/example_xcomargs.py
[2025-04-04T13:51:19.013+0000] {processor.py:925} INFO - DAG(s) 'example_xcom_args_with_operators', 'example_xcom_args' retrieved from /home/airflow/.local/lib/python3.12/site-packages/airflow/example_dags/example_xcomargs.py
[2025-04-04T13:51:19.091+0000] {logging_mixin.py:190} INFO - [2025-04-04T13:51:19.090+0000] {dag.py:3239} INFO - Sync 2 DAGs
[2025-04-04T13:51:19.137+0000] {logging_mixin.py:190} INFO - [2025-04-04T13:51:19.136+0000] {dag.py:4180} INFO - Setting next_dagrun for example_xcom_args to None, run_after=None
[2025-04-04T13:51:19.152+0000] {logging_mixin.py:190} INFO - [2025-04-04T13:51:19.151+0000] {dag.py:4180} INFO - Setting next_dagrun for example_xcom_args_with_operators to None, run_after=None
[2025-04-04T13:51:19.211+0000] {processor.py:208} INFO - Processing /home/airflow/.local/lib/python3.12/site-packages/airflow/example_dags/example_xcomargs.py took 0.239 seconds
[2025-04-04T13:51:49.604+0000] {processor.py:186} INFO - Started process (PID=1893) to work on /home/airflow/.local/lib/python3.12/site-packages/airflow/example_dags/example_xcomargs.py
[2025-04-04T13:51:49.606+0000] {processor.py:914} INFO - Processing file /home/airflow/.local/lib/python3.12/site-packages/airflow/example_dags/example_xcomargs.py for tasks to queue
[2025-04-04T13:51:49.613+0000] {logging_mixin.py:190} INFO - [2025-04-04T13:51:49.612+0000] {dagbag.py:588} INFO - Filling up the DagBag from /home/airflow/.local/lib/python3.12/site-packages/airflow/example_dags/example_xcomargs.py
[2025-04-04T13:51:49.646+0000] {processor.py:925} INFO - DAG(s) 'example_xcom_args', 'example_xcom_args_with_operators' retrieved from /home/airflow/.local/lib/python3.12/site-packages/airflow/example_dags/example_xcomargs.py
[2025-04-04T13:51:49.730+0000] {logging_mixin.py:190} INFO - [2025-04-04T13:51:49.730+0000] {dag.py:3239} INFO - Sync 2 DAGs
[2025-04-04T13:51:49.771+0000] {logging_mixin.py:190} INFO - [2025-04-04T13:51:49.771+0000] {dag.py:4180} INFO - Setting next_dagrun for example_xcom_args to None, run_after=None
[2025-04-04T13:51:49.785+0000] {logging_mixin.py:190} INFO - [2025-04-04T13:51:49.784+0000] {dag.py:4180} INFO - Setting next_dagrun for example_xcom_args_with_operators to None, run_after=None
[2025-04-04T13:51:49.825+0000] {processor.py:208} INFO - Processing /home/airflow/.local/lib/python3.12/site-packages/airflow/example_dags/example_xcomargs.py took 0.245 seconds
[2025-04-04T13:52:19.916+0000] {processor.py:186} INFO - Started process (PID=1956) to work on /home/airflow/.local/lib/python3.12/site-packages/airflow/example_dags/example_xcomargs.py
[2025-04-04T13:52:19.917+0000] {processor.py:914} INFO - Processing file /home/airflow/.local/lib/python3.12/site-packages/airflow/example_dags/example_xcomargs.py for tasks to queue
[2025-04-04T13:52:19.921+0000] {logging_mixin.py:190} INFO - [2025-04-04T13:52:19.921+0000] {dagbag.py:588} INFO - Filling up the DagBag from /home/airflow/.local/lib/python3.12/site-packages/airflow/example_dags/example_xcomargs.py
[2025-04-04T13:52:19.941+0000] {processor.py:925} INFO - DAG(s) 'example_xcom_args', 'example_xcom_args_with_operators' retrieved from /home/airflow/.local/lib/python3.12/site-packages/airflow/example_dags/example_xcomargs.py
[2025-04-04T13:52:20.002+0000] {logging_mixin.py:190} INFO - [2025-04-04T13:52:20.002+0000] {dag.py:3239} INFO - Sync 2 DAGs
[2025-04-04T13:52:20.041+0000] {logging_mixin.py:190} INFO - [2025-04-04T13:52:20.041+0000] {dag.py:4180} INFO - Setting next_dagrun for example_xcom_args to None, run_after=None
[2025-04-04T13:52:20.048+0000] {logging_mixin.py:190} INFO - [2025-04-04T13:52:20.048+0000] {dag.py:4180} INFO - Setting next_dagrun for example_xcom_args_with_operators to None, run_after=None
[2025-04-04T13:52:20.082+0000] {processor.py:208} INFO - Processing /home/airflow/.local/lib/python3.12/site-packages/airflow/example_dags/example_xcomargs.py took 0.179 seconds
[2025-04-04T13:52:50.399+0000] {processor.py:186} INFO - Started process (PID=2019) to work on /home/airflow/.local/lib/python3.12/site-packages/airflow/example_dags/example_xcomargs.py
[2025-04-04T13:52:50.401+0000] {processor.py:914} INFO - Processing file /home/airflow/.local/lib/python3.12/site-packages/airflow/example_dags/example_xcomargs.py for tasks to queue
[2025-04-04T13:52:50.406+0000] {logging_mixin.py:190} INFO - [2025-04-04T13:52:50.405+0000] {dagbag.py:588} INFO - Filling up the DagBag from /home/airflow/.local/lib/python3.12/site-packages/airflow/example_dags/example_xcomargs.py
[2025-04-04T13:52:50.427+0000] {processor.py:925} INFO - DAG(s) 'example_xcom_args_with_operators', 'example_xcom_args' retrieved from /home/airflow/.local/lib/python3.12/site-packages/airflow/example_dags/example_xcomargs.py
[2025-04-04T13:52:50.489+0000] {logging_mixin.py:190} INFO - [2025-04-04T13:52:50.488+0000] {dag.py:3239} INFO - Sync 2 DAGs
[2025-04-04T13:52:50.542+0000] {logging_mixin.py:190} INFO - [2025-04-04T13:52:50.542+0000] {dag.py:4180} INFO - Setting next_dagrun for example_xcom_args to None, run_after=None
[2025-04-04T13:52:50.555+0000] {logging_mixin.py:190} INFO - [2025-04-04T13:52:50.554+0000] {dag.py:4180} INFO - Setting next_dagrun for example_xcom_args_with_operators to None, run_after=None
[2025-04-04T13:52:50.605+0000] {processor.py:208} INFO - Processing /home/airflow/.local/lib/python3.12/site-packages/airflow/example_dags/example_xcomargs.py took 0.218 seconds
[2025-04-04T13:53:23.127+0000] {processor.py:186} INFO - Started process (PID=2082) to work on /home/airflow/.local/lib/python3.12/site-packages/airflow/example_dags/example_xcomargs.py
[2025-04-04T13:53:23.130+0000] {processor.py:914} INFO - Processing file /home/airflow/.local/lib/python3.12/site-packages/airflow/example_dags/example_xcomargs.py for tasks to queue
[2025-04-04T13:53:23.134+0000] {logging_mixin.py:190} INFO - [2025-04-04T13:53:23.134+0000] {dagbag.py:588} INFO - Filling up the DagBag from /home/airflow/.local/lib/python3.12/site-packages/airflow/example_dags/example_xcomargs.py
[2025-04-04T13:53:23.157+0000] {processor.py:925} INFO - DAG(s) 'example_xcom_args_with_operators', 'example_xcom_args' retrieved from /home/airflow/.local/lib/python3.12/site-packages/airflow/example_dags/example_xcomargs.py
[2025-04-04T13:53:23.218+0000] {logging_mixin.py:190} INFO - [2025-04-04T13:53:23.218+0000] {dag.py:3239} INFO - Sync 2 DAGs
[2025-04-04T13:53:23.249+0000] {logging_mixin.py:190} INFO - [2025-04-04T13:53:23.249+0000] {dag.py:4180} INFO - Setting next_dagrun for example_xcom_args to None, run_after=None
[2025-04-04T13:53:23.257+0000] {logging_mixin.py:190} INFO - [2025-04-04T13:53:23.256+0000] {dag.py:4180} INFO - Setting next_dagrun for example_xcom_args_with_operators to None, run_after=None
[2025-04-04T13:53:23.291+0000] {processor.py:208} INFO - Processing /home/airflow/.local/lib/python3.12/site-packages/airflow/example_dags/example_xcomargs.py took 0.176 seconds
[2025-04-04T13:53:54.969+0000] {processor.py:186} INFO - Started process (PID=2142) to work on /home/airflow/.local/lib/python3.12/site-packages/airflow/example_dags/example_xcomargs.py
[2025-04-04T13:53:54.981+0000] {processor.py:914} INFO - Processing file /home/airflow/.local/lib/python3.12/site-packages/airflow/example_dags/example_xcomargs.py for tasks to queue
[2025-04-04T13:53:54.999+0000] {logging_mixin.py:190} INFO - [2025-04-04T13:53:54.998+0000] {dagbag.py:588} INFO - Filling up the DagBag from /home/airflow/.local/lib/python3.12/site-packages/airflow/example_dags/example_xcomargs.py
[2025-04-04T13:53:55.138+0000] {processor.py:925} INFO - DAG(s) 'example_xcom_args', 'example_xcom_args_with_operators' retrieved from /home/airflow/.local/lib/python3.12/site-packages/airflow/example_dags/example_xcomargs.py
[2025-04-04T13:53:55.282+0000] {logging_mixin.py:190} INFO - [2025-04-04T13:53:55.281+0000] {dag.py:3239} INFO - Sync 2 DAGs
[2025-04-04T13:53:55.410+0000] {logging_mixin.py:190} INFO - [2025-04-04T13:53:55.408+0000] {dag.py:4180} INFO - Setting next_dagrun for example_xcom_args to None, run_after=None
[2025-04-04T13:53:55.452+0000] {logging_mixin.py:190} INFO - [2025-04-04T13:53:55.448+0000] {dag.py:4180} INFO - Setting next_dagrun for example_xcom_args_with_operators to None, run_after=None
[2025-04-04T13:53:55.569+0000] {processor.py:208} INFO - Processing /home/airflow/.local/lib/python3.12/site-packages/airflow/example_dags/example_xcomargs.py took 0.625 seconds
[2025-04-04T13:54:28.861+0000] {processor.py:186} INFO - Started process (PID=2212) to work on /home/airflow/.local/lib/python3.12/site-packages/airflow/example_dags/example_xcomargs.py
[2025-04-04T13:54:28.863+0000] {processor.py:914} INFO - Processing file /home/airflow/.local/lib/python3.12/site-packages/airflow/example_dags/example_xcomargs.py for tasks to queue
[2025-04-04T13:54:28.867+0000] {logging_mixin.py:190} INFO - [2025-04-04T13:54:28.866+0000] {dagbag.py:588} INFO - Filling up the DagBag from /home/airflow/.local/lib/python3.12/site-packages/airflow/example_dags/example_xcomargs.py
[2025-04-04T13:54:28.889+0000] {processor.py:925} INFO - DAG(s) 'example_xcom_args', 'example_xcom_args_with_operators' retrieved from /home/airflow/.local/lib/python3.12/site-packages/airflow/example_dags/example_xcomargs.py
[2025-04-04T13:54:28.951+0000] {logging_mixin.py:190} INFO - [2025-04-04T13:54:28.951+0000] {dag.py:3239} INFO - Sync 2 DAGs
[2025-04-04T13:54:28.984+0000] {logging_mixin.py:190} INFO - [2025-04-04T13:54:28.984+0000] {dag.py:4180} INFO - Setting next_dagrun for example_xcom_args to None, run_after=None
[2025-04-04T13:54:28.993+0000] {logging_mixin.py:190} INFO - [2025-04-04T13:54:28.993+0000] {dag.py:4180} INFO - Setting next_dagrun for example_xcom_args_with_operators to None, run_after=None
[2025-04-04T13:54:29.031+0000] {processor.py:208} INFO - Processing /home/airflow/.local/lib/python3.12/site-packages/airflow/example_dags/example_xcomargs.py took 0.182 seconds
[2025-04-04T13:55:00.643+0000] {processor.py:186} INFO - Started process (PID=2275) to work on /home/airflow/.local/lib/python3.12/site-packages/airflow/example_dags/example_xcomargs.py
[2025-04-04T13:55:00.645+0000] {processor.py:914} INFO - Processing file /home/airflow/.local/lib/python3.12/site-packages/airflow/example_dags/example_xcomargs.py for tasks to queue
[2025-04-04T13:55:00.649+0000] {logging_mixin.py:190} INFO - [2025-04-04T13:55:00.649+0000] {dagbag.py:588} INFO - Filling up the DagBag from /home/airflow/.local/lib/python3.12/site-packages/airflow/example_dags/example_xcomargs.py
[2025-04-04T13:55:00.676+0000] {processor.py:925} INFO - DAG(s) 'example_xcom_args', 'example_xcom_args_with_operators' retrieved from /home/airflow/.local/lib/python3.12/site-packages/airflow/example_dags/example_xcomargs.py
[2025-04-04T13:55:00.750+0000] {logging_mixin.py:190} INFO - [2025-04-04T13:55:00.749+0000] {dag.py:3239} INFO - Sync 2 DAGs
[2025-04-04T13:55:00.830+0000] {logging_mixin.py:190} INFO - [2025-04-04T13:55:00.830+0000] {dag.py:4180} INFO - Setting next_dagrun for example_xcom_args to None, run_after=None
[2025-04-04T13:55:00.841+0000] {logging_mixin.py:190} INFO - [2025-04-04T13:55:00.841+0000] {dag.py:4180} INFO - Setting next_dagrun for example_xcom_args_with_operators to None, run_after=None
[2025-04-04T13:55:00.896+0000] {processor.py:208} INFO - Processing /home/airflow/.local/lib/python3.12/site-packages/airflow/example_dags/example_xcomargs.py took 0.267 seconds
[2025-04-04T13:55:32.501+0000] {processor.py:186} INFO - Started process (PID=2337) to work on /home/airflow/.local/lib/python3.12/site-packages/airflow/example_dags/example_xcomargs.py
[2025-04-04T13:55:32.503+0000] {processor.py:914} INFO - Processing file /home/airflow/.local/lib/python3.12/site-packages/airflow/example_dags/example_xcomargs.py for tasks to queue
[2025-04-04T13:55:32.507+0000] {logging_mixin.py:190} INFO - [2025-04-04T13:55:32.506+0000] {dagbag.py:588} INFO - Filling up the DagBag from /home/airflow/.local/lib/python3.12/site-packages/airflow/example_dags/example_xcomargs.py
[2025-04-04T13:55:32.532+0000] {processor.py:925} INFO - DAG(s) 'example_xcom_args_with_operators', 'example_xcom_args' retrieved from /home/airflow/.local/lib/python3.12/site-packages/airflow/example_dags/example_xcomargs.py
[2025-04-04T13:55:32.594+0000] {logging_mixin.py:190} INFO - [2025-04-04T13:55:32.593+0000] {dag.py:3239} INFO - Sync 2 DAGs
[2025-04-04T13:55:32.643+0000] {logging_mixin.py:190} INFO - [2025-04-04T13:55:32.643+0000] {dag.py:4180} INFO - Setting next_dagrun for example_xcom_args to None, run_after=None
[2025-04-04T13:55:32.653+0000] {logging_mixin.py:190} INFO - [2025-04-04T13:55:32.652+0000] {dag.py:4180} INFO - Setting next_dagrun for example_xcom_args_with_operators to None, run_after=None
[2025-04-04T13:55:32.690+0000] {processor.py:208} INFO - Processing /home/airflow/.local/lib/python3.12/site-packages/airflow/example_dags/example_xcomargs.py took 0.207 seconds
[2025-04-04T13:56:05.047+0000] {processor.py:186} INFO - Started process (PID=2401) to work on /home/airflow/.local/lib/python3.12/site-packages/airflow/example_dags/example_xcomargs.py
[2025-04-04T13:56:05.055+0000] {processor.py:914} INFO - Processing file /home/airflow/.local/lib/python3.12/site-packages/airflow/example_dags/example_xcomargs.py for tasks to queue
[2025-04-04T13:56:05.062+0000] {logging_mixin.py:190} INFO - [2025-04-04T13:56:05.061+0000] {dagbag.py:588} INFO - Filling up the DagBag from /home/airflow/.local/lib/python3.12/site-packages/airflow/example_dags/example_xcomargs.py
[2025-04-04T13:56:05.131+0000] {processor.py:925} INFO - DAG(s) 'example_xcom_args_with_operators', 'example_xcom_args' retrieved from /home/airflow/.local/lib/python3.12/site-packages/airflow/example_dags/example_xcomargs.py
[2025-04-04T13:56:05.324+0000] {logging_mixin.py:190} INFO - [2025-04-04T13:56:05.323+0000] {dag.py:3239} INFO - Sync 2 DAGs
[2025-04-04T13:56:05.414+0000] {logging_mixin.py:190} INFO - [2025-04-04T13:56:05.413+0000] {dag.py:4180} INFO - Setting next_dagrun for example_xcom_args to None, run_after=None
[2025-04-04T13:56:05.454+0000] {logging_mixin.py:190} INFO - [2025-04-04T13:56:05.453+0000] {dag.py:4180} INFO - Setting next_dagrun for example_xcom_args_with_operators to None, run_after=None
[2025-04-04T13:56:05.582+0000] {processor.py:208} INFO - Processing /home/airflow/.local/lib/python3.12/site-packages/airflow/example_dags/example_xcomargs.py took 0.566 seconds
[2025-04-04T13:56:36.900+0000] {processor.py:186} INFO - Started process (PID=2464) to work on /home/airflow/.local/lib/python3.12/site-packages/airflow/example_dags/example_xcomargs.py
[2025-04-04T13:56:36.902+0000] {processor.py:914} INFO - Processing file /home/airflow/.local/lib/python3.12/site-packages/airflow/example_dags/example_xcomargs.py for tasks to queue
[2025-04-04T13:56:36.906+0000] {logging_mixin.py:190} INFO - [2025-04-04T13:56:36.905+0000] {dagbag.py:588} INFO - Filling up the DagBag from /home/airflow/.local/lib/python3.12/site-packages/airflow/example_dags/example_xcomargs.py
[2025-04-04T13:56:36.927+0000] {processor.py:925} INFO - DAG(s) 'example_xcom_args', 'example_xcom_args_with_operators' retrieved from /home/airflow/.local/lib/python3.12/site-packages/airflow/example_dags/example_xcomargs.py
[2025-04-04T13:56:36.970+0000] {logging_mixin.py:190} INFO - [2025-04-04T13:56:36.969+0000] {dag.py:3239} INFO - Sync 2 DAGs
[2025-04-04T13:56:36.997+0000] {logging_mixin.py:190} INFO - [2025-04-04T13:56:36.997+0000] {dag.py:4180} INFO - Setting next_dagrun for example_xcom_args to None, run_after=None
[2025-04-04T13:56:37.004+0000] {logging_mixin.py:190} INFO - [2025-04-04T13:56:37.004+0000] {dag.py:4180} INFO - Setting next_dagrun for example_xcom_args_with_operators to None, run_after=None
[2025-04-04T13:56:37.037+0000] {processor.py:208} INFO - Processing /home/airflow/.local/lib/python3.12/site-packages/airflow/example_dags/example_xcomargs.py took 0.148 seconds
[2025-04-04T13:57:09.332+0000] {processor.py:186} INFO - Started process (PID=2528) to work on /home/airflow/.local/lib/python3.12/site-packages/airflow/example_dags/example_xcomargs.py
[2025-04-04T13:57:09.333+0000] {processor.py:914} INFO - Processing file /home/airflow/.local/lib/python3.12/site-packages/airflow/example_dags/example_xcomargs.py for tasks to queue
[2025-04-04T13:57:09.339+0000] {logging_mixin.py:190} INFO - [2025-04-04T13:57:09.339+0000] {dagbag.py:588} INFO - Filling up the DagBag from /home/airflow/.local/lib/python3.12/site-packages/airflow/example_dags/example_xcomargs.py
[2025-04-04T13:57:09.361+0000] {processor.py:925} INFO - DAG(s) 'example_xcom_args', 'example_xcom_args_with_operators' retrieved from /home/airflow/.local/lib/python3.12/site-packages/airflow/example_dags/example_xcomargs.py
[2025-04-04T13:57:09.416+0000] {logging_mixin.py:190} INFO - [2025-04-04T13:57:09.415+0000] {dag.py:3239} INFO - Sync 2 DAGs
[2025-04-04T13:57:09.458+0000] {logging_mixin.py:190} INFO - [2025-04-04T13:57:09.458+0000] {dag.py:4180} INFO - Setting next_dagrun for example_xcom_args to None, run_after=None
[2025-04-04T13:57:09.479+0000] {logging_mixin.py:190} INFO - [2025-04-04T13:57:09.479+0000] {dag.py:4180} INFO - Setting next_dagrun for example_xcom_args_with_operators to None, run_after=None
[2025-04-04T13:57:09.518+0000] {processor.py:208} INFO - Processing /home/airflow/.local/lib/python3.12/site-packages/airflow/example_dags/example_xcomargs.py took 0.199 seconds
[2025-04-04T13:57:39.775+0000] {processor.py:186} INFO - Started process (PID=2589) to work on /home/airflow/.local/lib/python3.12/site-packages/airflow/example_dags/example_xcomargs.py
[2025-04-04T13:57:39.778+0000] {processor.py:914} INFO - Processing file /home/airflow/.local/lib/python3.12/site-packages/airflow/example_dags/example_xcomargs.py for tasks to queue
[2025-04-04T13:57:39.784+0000] {logging_mixin.py:190} INFO - [2025-04-04T13:57:39.783+0000] {dagbag.py:588} INFO - Filling up the DagBag from /home/airflow/.local/lib/python3.12/site-packages/airflow/example_dags/example_xcomargs.py
[2025-04-04T13:57:39.806+0000] {processor.py:925} INFO - DAG(s) 'example_xcom_args_with_operators', 'example_xcom_args' retrieved from /home/airflow/.local/lib/python3.12/site-packages/airflow/example_dags/example_xcomargs.py
[2025-04-04T13:57:39.859+0000] {logging_mixin.py:190} INFO - [2025-04-04T13:57:39.859+0000] {dag.py:3239} INFO - Sync 2 DAGs
[2025-04-04T13:57:39.901+0000] {logging_mixin.py:190} INFO - [2025-04-04T13:57:39.900+0000] {dag.py:4180} INFO - Setting next_dagrun for example_xcom_args to None, run_after=None
[2025-04-04T13:57:39.911+0000] {logging_mixin.py:190} INFO - [2025-04-04T13:57:39.910+0000] {dag.py:4180} INFO - Setting next_dagrun for example_xcom_args_with_operators to None, run_after=None
[2025-04-04T13:57:39.950+0000] {processor.py:208} INFO - Processing /home/airflow/.local/lib/python3.12/site-packages/airflow/example_dags/example_xcomargs.py took 0.188 seconds
[2025-04-04T13:58:10.089+0000] {processor.py:186} INFO - Started process (PID=2652) to work on /home/airflow/.local/lib/python3.12/site-packages/airflow/example_dags/example_xcomargs.py
[2025-04-04T13:58:10.092+0000] {processor.py:914} INFO - Processing file /home/airflow/.local/lib/python3.12/site-packages/airflow/example_dags/example_xcomargs.py for tasks to queue
[2025-04-04T13:58:10.098+0000] {logging_mixin.py:190} INFO - [2025-04-04T13:58:10.098+0000] {dagbag.py:588} INFO - Filling up the DagBag from /home/airflow/.local/lib/python3.12/site-packages/airflow/example_dags/example_xcomargs.py
[2025-04-04T13:58:10.129+0000] {processor.py:925} INFO - DAG(s) 'example_xcom_args_with_operators', 'example_xcom_args' retrieved from /home/airflow/.local/lib/python3.12/site-packages/airflow/example_dags/example_xcomargs.py
[2025-04-04T13:58:10.213+0000] {logging_mixin.py:190} INFO - [2025-04-04T13:58:10.213+0000] {dag.py:3239} INFO - Sync 2 DAGs
[2025-04-04T13:58:10.262+0000] {logging_mixin.py:190} INFO - [2025-04-04T13:58:10.261+0000] {dag.py:4180} INFO - Setting next_dagrun for example_xcom_args to None, run_after=None
[2025-04-04T13:58:10.273+0000] {logging_mixin.py:190} INFO - [2025-04-04T13:58:10.272+0000] {dag.py:4180} INFO - Setting next_dagrun for example_xcom_args_with_operators to None, run_after=None
[2025-04-04T13:58:10.313+0000] {processor.py:208} INFO - Processing /home/airflow/.local/lib/python3.12/site-packages/airflow/example_dags/example_xcomargs.py took 0.240 seconds
[2025-04-04T13:58:40.485+0000] {processor.py:186} INFO - Started process (PID=2715) to work on /home/airflow/.local/lib/python3.12/site-packages/airflow/example_dags/example_xcomargs.py
[2025-04-04T13:58:40.487+0000] {processor.py:914} INFO - Processing file /home/airflow/.local/lib/python3.12/site-packages/airflow/example_dags/example_xcomargs.py for tasks to queue
[2025-04-04T13:58:40.491+0000] {logging_mixin.py:190} INFO - [2025-04-04T13:58:40.490+0000] {dagbag.py:588} INFO - Filling up the DagBag from /home/airflow/.local/lib/python3.12/site-packages/airflow/example_dags/example_xcomargs.py
[2025-04-04T13:58:40.513+0000] {processor.py:925} INFO - DAG(s) 'example_xcom_args', 'example_xcom_args_with_operators' retrieved from /home/airflow/.local/lib/python3.12/site-packages/airflow/example_dags/example_xcomargs.py
[2025-04-04T13:58:40.567+0000] {logging_mixin.py:190} INFO - [2025-04-04T13:58:40.567+0000] {dag.py:3239} INFO - Sync 2 DAGs
[2025-04-04T13:58:40.597+0000] {logging_mixin.py:190} INFO - [2025-04-04T13:58:40.597+0000] {dag.py:4180} INFO - Setting next_dagrun for example_xcom_args to None, run_after=None
[2025-04-04T13:58:40.607+0000] {logging_mixin.py:190} INFO - [2025-04-04T13:58:40.606+0000] {dag.py:4180} INFO - Setting next_dagrun for example_xcom_args_with_operators to None, run_after=None
[2025-04-04T13:58:40.640+0000] {processor.py:208} INFO - Processing /home/airflow/.local/lib/python3.12/site-packages/airflow/example_dags/example_xcomargs.py took 0.167 seconds
[2025-04-04T13:59:10.754+0000] {processor.py:186} INFO - Started process (PID=2779) to work on /home/airflow/.local/lib/python3.12/site-packages/airflow/example_dags/example_xcomargs.py
[2025-04-04T13:59:10.756+0000] {processor.py:914} INFO - Processing file /home/airflow/.local/lib/python3.12/site-packages/airflow/example_dags/example_xcomargs.py for tasks to queue
[2025-04-04T13:59:10.763+0000] {logging_mixin.py:190} INFO - [2025-04-04T13:59:10.762+0000] {dagbag.py:588} INFO - Filling up the DagBag from /home/airflow/.local/lib/python3.12/site-packages/airflow/example_dags/example_xcomargs.py
[2025-04-04T13:59:10.790+0000] {processor.py:925} INFO - DAG(s) 'example_xcom_args', 'example_xcom_args_with_operators' retrieved from /home/airflow/.local/lib/python3.12/site-packages/airflow/example_dags/example_xcomargs.py
[2025-04-04T13:59:10.837+0000] {logging_mixin.py:190} INFO - [2025-04-04T13:59:10.836+0000] {dag.py:3239} INFO - Sync 2 DAGs
[2025-04-04T13:59:10.870+0000] {logging_mixin.py:190} INFO - [2025-04-04T13:59:10.870+0000] {dag.py:4180} INFO - Setting next_dagrun for example_xcom_args to None, run_after=None
[2025-04-04T13:59:10.878+0000] {logging_mixin.py:190} INFO - [2025-04-04T13:59:10.877+0000] {dag.py:4180} INFO - Setting next_dagrun for example_xcom_args_with_operators to None, run_after=None
[2025-04-04T13:59:10.911+0000] {processor.py:208} INFO - Processing /home/airflow/.local/lib/python3.12/site-packages/airflow/example_dags/example_xcomargs.py took 0.171 seconds
