[2025-04-04T13:36:44.779+0000] {processor.py:186} INFO - Started process (PID=100) to work on /home/airflow/.local/lib/python3.12/site-packages/airflow/example_dags/example_task_group.py
[2025-04-04T13:36:44.780+0000] {processor.py:914} INFO - Processing file /home/airflow/.local/lib/python3.12/site-packages/airflow/example_dags/example_task_group.py for tasks to queue
[2025-04-04T13:36:44.786+0000] {logging_mixin.py:190} INFO - [2025-04-04T13:36:44.785+0000] {dagbag.py:588} INFO - Filling up the DagBag from /home/airflow/.local/lib/python3.12/site-packages/airflow/example_dags/example_task_group.py
[2025-04-04T13:36:44.822+0000] {processor.py:925} INFO - DAG(s) 'example_task_group' retrieved from /home/airflow/.local/lib/python3.12/site-packages/airflow/example_dags/example_task_group.py
[2025-04-04T13:36:45.103+0000] {logging_mixin.py:190} INFO - [2025-04-04T13:36:45.102+0000] {override.py:1912} INFO - Created Permission View: can edit on DAG:example_task_group
[2025-04-04T13:36:45.128+0000] {logging_mixin.py:190} INFO - [2025-04-04T13:36:45.128+0000] {override.py:1912} INFO - Created Permission View: can delete on DAG:example_task_group
[2025-04-04T13:36:45.144+0000] {logging_mixin.py:190} INFO - [2025-04-04T13:36:45.144+0000] {override.py:1912} INFO - Created Permission View: can read on DAG:example_task_group
[2025-04-04T13:36:45.179+0000] {logging_mixin.py:190} INFO - [2025-04-04T13:36:45.179+0000] {override.py:1912} INFO - Created Permission View: can delete on DAG Run:example_task_group
[2025-04-04T13:36:45.200+0000] {logging_mixin.py:190} INFO - [2025-04-04T13:36:45.199+0000] {override.py:1912} INFO - Created Permission View: can read on DAG Run:example_task_group
[2025-04-04T13:36:45.215+0000] {logging_mixin.py:190} INFO - [2025-04-04T13:36:45.215+0000] {override.py:1912} INFO - Created Permission View: can create on DAG Run:example_task_group
[2025-04-04T13:36:45.231+0000] {logging_mixin.py:190} INFO - [2025-04-04T13:36:45.231+0000] {override.py:1912} INFO - Created Permission View: menu access on DAG Run:example_task_group
[2025-04-04T13:36:45.232+0000] {logging_mixin.py:190} INFO - [2025-04-04T13:36:45.232+0000] {dag.py:3239} INFO - Sync 1 DAGs
[2025-04-04T13:36:45.260+0000] {logging_mixin.py:190} INFO - [2025-04-04T13:36:45.259+0000] {dag.py:3262} INFO - Creating ORM DAG for example_task_group
[2025-04-04T13:36:45.262+0000] {logging_mixin.py:190} INFO - [2025-04-04T13:36:45.261+0000] {dag.py:4180} INFO - Setting next_dagrun for example_task_group to None, run_after=None
[2025-04-04T13:36:45.300+0000] {processor.py:208} INFO - Processing /home/airflow/.local/lib/python3.12/site-packages/airflow/example_dags/example_task_group.py took 0.537 seconds
[2025-04-04T13:37:16.231+0000] {processor.py:186} INFO - Started process (PID=163) to work on /home/airflow/.local/lib/python3.12/site-packages/airflow/example_dags/example_task_group.py
[2025-04-04T13:37:16.233+0000] {processor.py:914} INFO - Processing file /home/airflow/.local/lib/python3.12/site-packages/airflow/example_dags/example_task_group.py for tasks to queue
[2025-04-04T13:37:16.237+0000] {logging_mixin.py:190} INFO - [2025-04-04T13:37:16.236+0000] {dagbag.py:588} INFO - Filling up the DagBag from /home/airflow/.local/lib/python3.12/site-packages/airflow/example_dags/example_task_group.py
[2025-04-04T13:37:16.251+0000] {processor.py:925} INFO - DAG(s) 'example_task_group' retrieved from /home/airflow/.local/lib/python3.12/site-packages/airflow/example_dags/example_task_group.py
[2025-04-04T13:37:16.289+0000] {logging_mixin.py:190} INFO - [2025-04-04T13:37:16.289+0000] {dag.py:3239} INFO - Sync 1 DAGs
[2025-04-04T13:37:16.316+0000] {logging_mixin.py:190} INFO - [2025-04-04T13:37:16.315+0000] {dag.py:4180} INFO - Setting next_dagrun for example_task_group to None, run_after=None
[2025-04-04T13:37:16.366+0000] {processor.py:208} INFO - Processing /home/airflow/.local/lib/python3.12/site-packages/airflow/example_dags/example_task_group.py took 0.145 seconds
[2025-04-04T13:37:47.486+0000] {processor.py:186} INFO - Started process (PID=226) to work on /home/airflow/.local/lib/python3.12/site-packages/airflow/example_dags/example_task_group.py
[2025-04-04T13:37:47.488+0000] {processor.py:914} INFO - Processing file /home/airflow/.local/lib/python3.12/site-packages/airflow/example_dags/example_task_group.py for tasks to queue
[2025-04-04T13:37:47.492+0000] {logging_mixin.py:190} INFO - [2025-04-04T13:37:47.491+0000] {dagbag.py:588} INFO - Filling up the DagBag from /home/airflow/.local/lib/python3.12/site-packages/airflow/example_dags/example_task_group.py
[2025-04-04T13:37:47.506+0000] {processor.py:925} INFO - DAG(s) 'example_task_group' retrieved from /home/airflow/.local/lib/python3.12/site-packages/airflow/example_dags/example_task_group.py
[2025-04-04T13:37:47.544+0000] {logging_mixin.py:190} INFO - [2025-04-04T13:37:47.543+0000] {dag.py:3239} INFO - Sync 1 DAGs
[2025-04-04T13:37:47.571+0000] {logging_mixin.py:190} INFO - [2025-04-04T13:37:47.571+0000] {dag.py:4180} INFO - Setting next_dagrun for example_task_group to None, run_after=None
[2025-04-04T13:37:47.616+0000] {processor.py:208} INFO - Processing /home/airflow/.local/lib/python3.12/site-packages/airflow/example_dags/example_task_group.py took 0.140 seconds
[2025-04-04T13:38:22.996+0000] {processor.py:186} INFO - Started process (PID=295) to work on /home/airflow/.local/lib/python3.12/site-packages/airflow/example_dags/example_task_group.py
[2025-04-04T13:38:23.000+0000] {processor.py:914} INFO - Processing file /home/airflow/.local/lib/python3.12/site-packages/airflow/example_dags/example_task_group.py for tasks to queue
[2025-04-04T13:38:23.005+0000] {logging_mixin.py:190} INFO - [2025-04-04T13:38:23.004+0000] {dagbag.py:588} INFO - Filling up the DagBag from /home/airflow/.local/lib/python3.12/site-packages/airflow/example_dags/example_task_group.py
[2025-04-04T13:38:23.028+0000] {processor.py:925} INFO - DAG(s) 'example_task_group' retrieved from /home/airflow/.local/lib/python3.12/site-packages/airflow/example_dags/example_task_group.py
[2025-04-04T13:38:23.140+0000] {logging_mixin.py:190} INFO - [2025-04-04T13:38:23.139+0000] {dag.py:3239} INFO - Sync 1 DAGs
[2025-04-04T13:38:23.185+0000] {logging_mixin.py:190} INFO - [2025-04-04T13:38:23.185+0000] {dag.py:4180} INFO - Setting next_dagrun for example_task_group to None, run_after=None
[2025-04-04T13:38:23.242+0000] {processor.py:208} INFO - Processing /home/airflow/.local/lib/python3.12/site-packages/airflow/example_dags/example_task_group.py took 0.260 seconds
[2025-04-04T13:38:54.024+0000] {processor.py:186} INFO - Started process (PID=357) to work on /home/airflow/.local/lib/python3.12/site-packages/airflow/example_dags/example_task_group.py
[2025-04-04T13:38:54.026+0000] {processor.py:914} INFO - Processing file /home/airflow/.local/lib/python3.12/site-packages/airflow/example_dags/example_task_group.py for tasks to queue
[2025-04-04T13:38:54.041+0000] {logging_mixin.py:190} INFO - [2025-04-04T13:38:54.040+0000] {dagbag.py:588} INFO - Filling up the DagBag from /home/airflow/.local/lib/python3.12/site-packages/airflow/example_dags/example_task_group.py
[2025-04-04T13:38:54.151+0000] {processor.py:925} INFO - DAG(s) 'example_task_group' retrieved from /home/airflow/.local/lib/python3.12/site-packages/airflow/example_dags/example_task_group.py
[2025-04-04T13:38:54.326+0000] {logging_mixin.py:190} INFO - [2025-04-04T13:38:54.326+0000] {dag.py:3239} INFO - Sync 1 DAGs
[2025-04-04T13:38:54.443+0000] {logging_mixin.py:190} INFO - [2025-04-04T13:38:54.441+0000] {dag.py:4180} INFO - Setting next_dagrun for example_task_group to None, run_after=None
[2025-04-04T13:38:54.581+0000] {processor.py:208} INFO - Processing /home/airflow/.local/lib/python3.12/site-packages/airflow/example_dags/example_task_group.py took 0.573 seconds
[2025-04-04T13:39:27.400+0000] {processor.py:186} INFO - Started process (PID=420) to work on /home/airflow/.local/lib/python3.12/site-packages/airflow/example_dags/example_task_group.py
[2025-04-04T13:39:27.402+0000] {processor.py:914} INFO - Processing file /home/airflow/.local/lib/python3.12/site-packages/airflow/example_dags/example_task_group.py for tasks to queue
[2025-04-04T13:39:27.407+0000] {logging_mixin.py:190} INFO - [2025-04-04T13:39:27.407+0000] {dagbag.py:588} INFO - Filling up the DagBag from /home/airflow/.local/lib/python3.12/site-packages/airflow/example_dags/example_task_group.py
[2025-04-04T13:39:27.438+0000] {processor.py:925} INFO - DAG(s) 'example_task_group' retrieved from /home/airflow/.local/lib/python3.12/site-packages/airflow/example_dags/example_task_group.py
[2025-04-04T13:39:27.518+0000] {logging_mixin.py:190} INFO - [2025-04-04T13:39:27.518+0000] {dag.py:3239} INFO - Sync 1 DAGs
[2025-04-04T13:39:27.592+0000] {logging_mixin.py:190} INFO - [2025-04-04T13:39:27.591+0000] {dag.py:4180} INFO - Setting next_dagrun for example_task_group to None, run_after=None
[2025-04-04T13:39:27.702+0000] {processor.py:208} INFO - Processing /home/airflow/.local/lib/python3.12/site-packages/airflow/example_dags/example_task_group.py took 0.323 seconds
[2025-04-04T13:39:58.924+0000] {processor.py:186} INFO - Started process (PID=484) to work on /home/airflow/.local/lib/python3.12/site-packages/airflow/example_dags/example_task_group.py
[2025-04-04T13:39:58.927+0000] {processor.py:914} INFO - Processing file /home/airflow/.local/lib/python3.12/site-packages/airflow/example_dags/example_task_group.py for tasks to queue
[2025-04-04T13:39:58.936+0000] {logging_mixin.py:190} INFO - [2025-04-04T13:39:58.932+0000] {dagbag.py:588} INFO - Filling up the DagBag from /home/airflow/.local/lib/python3.12/site-packages/airflow/example_dags/example_task_group.py
[2025-04-04T13:39:58.960+0000] {processor.py:925} INFO - DAG(s) 'example_task_group' retrieved from /home/airflow/.local/lib/python3.12/site-packages/airflow/example_dags/example_task_group.py
[2025-04-04T13:39:59.012+0000] {logging_mixin.py:190} INFO - [2025-04-04T13:39:59.011+0000] {dag.py:3239} INFO - Sync 1 DAGs
[2025-04-04T13:39:59.048+0000] {logging_mixin.py:190} INFO - [2025-04-04T13:39:59.048+0000] {dag.py:4180} INFO - Setting next_dagrun for example_task_group to None, run_after=None
[2025-04-04T13:39:59.094+0000] {processor.py:208} INFO - Processing /home/airflow/.local/lib/python3.12/site-packages/airflow/example_dags/example_task_group.py took 0.191 seconds
[2025-04-04T13:40:31.006+0000] {processor.py:186} INFO - Started process (PID=547) to work on /home/airflow/.local/lib/python3.12/site-packages/airflow/example_dags/example_task_group.py
[2025-04-04T13:40:31.008+0000] {processor.py:914} INFO - Processing file /home/airflow/.local/lib/python3.12/site-packages/airflow/example_dags/example_task_group.py for tasks to queue
[2025-04-04T13:40:31.011+0000] {logging_mixin.py:190} INFO - [2025-04-04T13:40:31.011+0000] {dagbag.py:588} INFO - Filling up the DagBag from /home/airflow/.local/lib/python3.12/site-packages/airflow/example_dags/example_task_group.py
[2025-04-04T13:40:31.028+0000] {processor.py:925} INFO - DAG(s) 'example_task_group' retrieved from /home/airflow/.local/lib/python3.12/site-packages/airflow/example_dags/example_task_group.py
[2025-04-04T13:40:31.077+0000] {logging_mixin.py:190} INFO - [2025-04-04T13:40:31.076+0000] {dag.py:3239} INFO - Sync 1 DAGs
[2025-04-04T13:40:31.106+0000] {logging_mixin.py:190} INFO - [2025-04-04T13:40:31.105+0000] {dag.py:4180} INFO - Setting next_dagrun for example_task_group to None, run_after=None
[2025-04-04T13:40:31.142+0000] {processor.py:208} INFO - Processing /home/airflow/.local/lib/python3.12/site-packages/airflow/example_dags/example_task_group.py took 0.147 seconds
[2025-04-04T13:41:03.192+0000] {processor.py:186} INFO - Started process (PID=610) to work on /home/airflow/.local/lib/python3.12/site-packages/airflow/example_dags/example_task_group.py
[2025-04-04T13:41:03.193+0000] {processor.py:914} INFO - Processing file /home/airflow/.local/lib/python3.12/site-packages/airflow/example_dags/example_task_group.py for tasks to queue
[2025-04-04T13:41:03.198+0000] {logging_mixin.py:190} INFO - [2025-04-04T13:41:03.198+0000] {dagbag.py:588} INFO - Filling up the DagBag from /home/airflow/.local/lib/python3.12/site-packages/airflow/example_dags/example_task_group.py
[2025-04-04T13:41:03.217+0000] {processor.py:925} INFO - DAG(s) 'example_task_group' retrieved from /home/airflow/.local/lib/python3.12/site-packages/airflow/example_dags/example_task_group.py
[2025-04-04T13:41:03.257+0000] {logging_mixin.py:190} INFO - [2025-04-04T13:41:03.256+0000] {dag.py:3239} INFO - Sync 1 DAGs
[2025-04-04T13:41:03.283+0000] {logging_mixin.py:190} INFO - [2025-04-04T13:41:03.283+0000] {dag.py:4180} INFO - Setting next_dagrun for example_task_group to None, run_after=None
[2025-04-04T13:41:03.317+0000] {processor.py:208} INFO - Processing /home/airflow/.local/lib/python3.12/site-packages/airflow/example_dags/example_task_group.py took 0.137 seconds
[2025-04-04T13:41:35.603+0000] {processor.py:186} INFO - Started process (PID=673) to work on /home/airflow/.local/lib/python3.12/site-packages/airflow/example_dags/example_task_group.py
[2025-04-04T13:41:35.605+0000] {processor.py:914} INFO - Processing file /home/airflow/.local/lib/python3.12/site-packages/airflow/example_dags/example_task_group.py for tasks to queue
[2025-04-04T13:41:35.609+0000] {logging_mixin.py:190} INFO - [2025-04-04T13:41:35.608+0000] {dagbag.py:588} INFO - Filling up the DagBag from /home/airflow/.local/lib/python3.12/site-packages/airflow/example_dags/example_task_group.py
[2025-04-04T13:41:35.625+0000] {processor.py:925} INFO - DAG(s) 'example_task_group' retrieved from /home/airflow/.local/lib/python3.12/site-packages/airflow/example_dags/example_task_group.py
[2025-04-04T13:41:35.675+0000] {logging_mixin.py:190} INFO - [2025-04-04T13:41:35.674+0000] {dag.py:3239} INFO - Sync 1 DAGs
[2025-04-04T13:41:35.705+0000] {logging_mixin.py:190} INFO - [2025-04-04T13:41:35.704+0000] {dag.py:4180} INFO - Setting next_dagrun for example_task_group to None, run_after=None
[2025-04-04T13:41:35.742+0000] {processor.py:208} INFO - Processing /home/airflow/.local/lib/python3.12/site-packages/airflow/example_dags/example_task_group.py took 0.149 seconds
[2025-04-04T13:42:07.167+0000] {processor.py:186} INFO - Started process (PID=735) to work on /home/airflow/.local/lib/python3.12/site-packages/airflow/example_dags/example_task_group.py
[2025-04-04T13:42:07.169+0000] {processor.py:914} INFO - Processing file /home/airflow/.local/lib/python3.12/site-packages/airflow/example_dags/example_task_group.py for tasks to queue
[2025-04-04T13:42:07.175+0000] {logging_mixin.py:190} INFO - [2025-04-04T13:42:07.174+0000] {dagbag.py:588} INFO - Filling up the DagBag from /home/airflow/.local/lib/python3.12/site-packages/airflow/example_dags/example_task_group.py
[2025-04-04T13:42:07.195+0000] {processor.py:925} INFO - DAG(s) 'example_task_group' retrieved from /home/airflow/.local/lib/python3.12/site-packages/airflow/example_dags/example_task_group.py
[2025-04-04T13:42:07.237+0000] {logging_mixin.py:190} INFO - [2025-04-04T13:42:07.237+0000] {dag.py:3239} INFO - Sync 1 DAGs
[2025-04-04T13:42:07.277+0000] {logging_mixin.py:190} INFO - [2025-04-04T13:42:07.277+0000] {dag.py:4180} INFO - Setting next_dagrun for example_task_group to None, run_after=None
[2025-04-04T13:42:07.316+0000] {processor.py:208} INFO - Processing /home/airflow/.local/lib/python3.12/site-packages/airflow/example_dags/example_task_group.py took 0.163 seconds
[2025-04-04T13:42:39.300+0000] {processor.py:186} INFO - Started process (PID=798) to work on /home/airflow/.local/lib/python3.12/site-packages/airflow/example_dags/example_task_group.py
[2025-04-04T13:42:39.304+0000] {processor.py:914} INFO - Processing file /home/airflow/.local/lib/python3.12/site-packages/airflow/example_dags/example_task_group.py for tasks to queue
[2025-04-04T13:42:39.342+0000] {logging_mixin.py:190} INFO - [2025-04-04T13:42:39.341+0000] {dagbag.py:588} INFO - Filling up the DagBag from /home/airflow/.local/lib/python3.12/site-packages/airflow/example_dags/example_task_group.py
[2025-04-04T13:42:39.423+0000] {processor.py:925} INFO - DAG(s) 'example_task_group' retrieved from /home/airflow/.local/lib/python3.12/site-packages/airflow/example_dags/example_task_group.py
[2025-04-04T13:42:39.563+0000] {logging_mixin.py:190} INFO - [2025-04-04T13:42:39.562+0000] {dag.py:3239} INFO - Sync 1 DAGs
[2025-04-04T13:42:39.667+0000] {logging_mixin.py:190} INFO - [2025-04-04T13:42:39.667+0000] {dag.py:4180} INFO - Setting next_dagrun for example_task_group to None, run_after=None
[2025-04-04T13:42:39.855+0000] {processor.py:208} INFO - Processing /home/airflow/.local/lib/python3.12/site-packages/airflow/example_dags/example_task_group.py took 0.582 seconds
[2025-04-04T13:43:11.283+0000] {processor.py:186} INFO - Started process (PID=861) to work on /home/airflow/.local/lib/python3.12/site-packages/airflow/example_dags/example_task_group.py
[2025-04-04T13:43:11.286+0000] {processor.py:914} INFO - Processing file /home/airflow/.local/lib/python3.12/site-packages/airflow/example_dags/example_task_group.py for tasks to queue
[2025-04-04T13:43:11.294+0000] {logging_mixin.py:190} INFO - [2025-04-04T13:43:11.293+0000] {dagbag.py:588} INFO - Filling up the DagBag from /home/airflow/.local/lib/python3.12/site-packages/airflow/example_dags/example_task_group.py
[2025-04-04T13:43:11.328+0000] {processor.py:925} INFO - DAG(s) 'example_task_group' retrieved from /home/airflow/.local/lib/python3.12/site-packages/airflow/example_dags/example_task_group.py
[2025-04-04T13:43:11.373+0000] {logging_mixin.py:190} INFO - [2025-04-04T13:43:11.373+0000] {dag.py:3239} INFO - Sync 1 DAGs
[2025-04-04T13:43:11.400+0000] {logging_mixin.py:190} INFO - [2025-04-04T13:43:11.400+0000] {dag.py:4180} INFO - Setting next_dagrun for example_task_group to None, run_after=None
[2025-04-04T13:43:11.435+0000] {processor.py:208} INFO - Processing /home/airflow/.local/lib/python3.12/site-packages/airflow/example_dags/example_task_group.py took 0.168 seconds
[2025-04-04T13:43:43.018+0000] {processor.py:186} INFO - Started process (PID=925) to work on /home/airflow/.local/lib/python3.12/site-packages/airflow/example_dags/example_task_group.py
[2025-04-04T13:43:43.020+0000] {processor.py:914} INFO - Processing file /home/airflow/.local/lib/python3.12/site-packages/airflow/example_dags/example_task_group.py for tasks to queue
[2025-04-04T13:43:43.026+0000] {logging_mixin.py:190} INFO - [2025-04-04T13:43:43.025+0000] {dagbag.py:588} INFO - Filling up the DagBag from /home/airflow/.local/lib/python3.12/site-packages/airflow/example_dags/example_task_group.py
[2025-04-04T13:43:43.060+0000] {processor.py:925} INFO - DAG(s) 'example_task_group' retrieved from /home/airflow/.local/lib/python3.12/site-packages/airflow/example_dags/example_task_group.py
[2025-04-04T13:43:43.119+0000] {logging_mixin.py:190} INFO - [2025-04-04T13:43:43.118+0000] {dag.py:3239} INFO - Sync 1 DAGs
[2025-04-04T13:43:43.170+0000] {logging_mixin.py:190} INFO - [2025-04-04T13:43:43.169+0000] {dag.py:4180} INFO - Setting next_dagrun for example_task_group to None, run_after=None
[2025-04-04T13:43:43.230+0000] {processor.py:208} INFO - Processing /home/airflow/.local/lib/python3.12/site-packages/airflow/example_dags/example_task_group.py took 0.231 seconds
[2025-04-04T13:44:14.833+0000] {processor.py:186} INFO - Started process (PID=987) to work on /home/airflow/.local/lib/python3.12/site-packages/airflow/example_dags/example_task_group.py
[2025-04-04T13:44:14.835+0000] {processor.py:914} INFO - Processing file /home/airflow/.local/lib/python3.12/site-packages/airflow/example_dags/example_task_group.py for tasks to queue
[2025-04-04T13:44:14.841+0000] {logging_mixin.py:190} INFO - [2025-04-04T13:44:14.840+0000] {dagbag.py:588} INFO - Filling up the DagBag from /home/airflow/.local/lib/python3.12/site-packages/airflow/example_dags/example_task_group.py
[2025-04-04T13:44:14.864+0000] {processor.py:925} INFO - DAG(s) 'example_task_group' retrieved from /home/airflow/.local/lib/python3.12/site-packages/airflow/example_dags/example_task_group.py
[2025-04-04T13:44:14.928+0000] {logging_mixin.py:190} INFO - [2025-04-04T13:44:14.927+0000] {dag.py:3239} INFO - Sync 1 DAGs
[2025-04-04T13:44:14.968+0000] {logging_mixin.py:190} INFO - [2025-04-04T13:44:14.968+0000] {dag.py:4180} INFO - Setting next_dagrun for example_task_group to None, run_after=None
[2025-04-04T13:44:15.012+0000] {processor.py:208} INFO - Processing /home/airflow/.local/lib/python3.12/site-packages/airflow/example_dags/example_task_group.py took 0.191 seconds
[2025-04-04T13:44:47.190+0000] {processor.py:186} INFO - Started process (PID=1053) to work on /home/airflow/.local/lib/python3.12/site-packages/airflow/example_dags/example_task_group.py
[2025-04-04T13:44:47.195+0000] {processor.py:914} INFO - Processing file /home/airflow/.local/lib/python3.12/site-packages/airflow/example_dags/example_task_group.py for tasks to queue
[2025-04-04T13:44:47.199+0000] {logging_mixin.py:190} INFO - [2025-04-04T13:44:47.198+0000] {dagbag.py:588} INFO - Filling up the DagBag from /home/airflow/.local/lib/python3.12/site-packages/airflow/example_dags/example_task_group.py
[2025-04-04T13:44:47.222+0000] {processor.py:925} INFO - DAG(s) 'example_task_group' retrieved from /home/airflow/.local/lib/python3.12/site-packages/airflow/example_dags/example_task_group.py
[2025-04-04T13:44:47.288+0000] {logging_mixin.py:190} INFO - [2025-04-04T13:44:47.288+0000] {dag.py:3239} INFO - Sync 1 DAGs
[2025-04-04T13:44:47.347+0000] {logging_mixin.py:190} INFO - [2025-04-04T13:44:47.346+0000] {dag.py:4180} INFO - Setting next_dagrun for example_task_group to None, run_after=None
[2025-04-04T13:44:47.389+0000] {processor.py:208} INFO - Processing /home/airflow/.local/lib/python3.12/site-packages/airflow/example_dags/example_task_group.py took 0.211 seconds
[2025-04-04T13:45:20.531+0000] {processor.py:186} INFO - Started process (PID=1120) to work on /home/airflow/.local/lib/python3.12/site-packages/airflow/example_dags/example_task_group.py
[2025-04-04T13:45:20.533+0000] {processor.py:914} INFO - Processing file /home/airflow/.local/lib/python3.12/site-packages/airflow/example_dags/example_task_group.py for tasks to queue
[2025-04-04T13:45:20.540+0000] {logging_mixin.py:190} INFO - [2025-04-04T13:45:20.539+0000] {dagbag.py:588} INFO - Filling up the DagBag from /home/airflow/.local/lib/python3.12/site-packages/airflow/example_dags/example_task_group.py
[2025-04-04T13:45:20.567+0000] {processor.py:925} INFO - DAG(s) 'example_task_group' retrieved from /home/airflow/.local/lib/python3.12/site-packages/airflow/example_dags/example_task_group.py
[2025-04-04T13:45:20.630+0000] {logging_mixin.py:190} INFO - [2025-04-04T13:45:20.629+0000] {dag.py:3239} INFO - Sync 1 DAGs
[2025-04-04T13:45:20.680+0000] {logging_mixin.py:190} INFO - [2025-04-04T13:45:20.679+0000] {dag.py:4180} INFO - Setting next_dagrun for example_task_group to None, run_after=None
[2025-04-04T13:45:20.799+0000] {processor.py:208} INFO - Processing /home/airflow/.local/lib/python3.12/site-packages/airflow/example_dags/example_task_group.py took 0.283 seconds
[2025-04-04T13:45:52.945+0000] {processor.py:186} INFO - Started process (PID=1184) to work on /home/airflow/.local/lib/python3.12/site-packages/airflow/example_dags/example_task_group.py
[2025-04-04T13:45:52.950+0000] {processor.py:914} INFO - Processing file /home/airflow/.local/lib/python3.12/site-packages/airflow/example_dags/example_task_group.py for tasks to queue
[2025-04-04T13:45:52.958+0000] {logging_mixin.py:190} INFO - [2025-04-04T13:45:52.956+0000] {dagbag.py:588} INFO - Filling up the DagBag from /home/airflow/.local/lib/python3.12/site-packages/airflow/example_dags/example_task_group.py
[2025-04-04T13:45:52.989+0000] {processor.py:925} INFO - DAG(s) 'example_task_group' retrieved from /home/airflow/.local/lib/python3.12/site-packages/airflow/example_dags/example_task_group.py
[2025-04-04T13:45:53.063+0000] {logging_mixin.py:190} INFO - [2025-04-04T13:45:53.059+0000] {dag.py:3239} INFO - Sync 1 DAGs
[2025-04-04T13:45:53.168+0000] {logging_mixin.py:190} INFO - [2025-04-04T13:45:53.168+0000] {dag.py:4180} INFO - Setting next_dagrun for example_task_group to None, run_after=None
[2025-04-04T13:45:53.254+0000] {processor.py:208} INFO - Processing /home/airflow/.local/lib/python3.12/site-packages/airflow/example_dags/example_task_group.py took 0.327 seconds
[2025-04-04T13:46:31.865+0000] {processor.py:186} INFO - Started process (PID=1253) to work on /home/airflow/.local/lib/python3.12/site-packages/airflow/example_dags/example_task_group.py
[2025-04-04T13:46:31.882+0000] {processor.py:914} INFO - Processing file /home/airflow/.local/lib/python3.12/site-packages/airflow/example_dags/example_task_group.py for tasks to queue
[2025-04-04T13:46:31.918+0000] {logging_mixin.py:190} INFO - [2025-04-04T13:46:31.917+0000] {dagbag.py:588} INFO - Filling up the DagBag from /home/airflow/.local/lib/python3.12/site-packages/airflow/example_dags/example_task_group.py
[2025-04-04T13:46:32.007+0000] {processor.py:925} INFO - DAG(s) 'example_task_group' retrieved from /home/airflow/.local/lib/python3.12/site-packages/airflow/example_dags/example_task_group.py
[2025-04-04T13:46:32.120+0000] {logging_mixin.py:190} INFO - [2025-04-04T13:46:32.118+0000] {dag.py:3239} INFO - Sync 1 DAGs
[2025-04-04T13:46:32.204+0000] {logging_mixin.py:190} INFO - [2025-04-04T13:46:32.204+0000] {dag.py:4180} INFO - Setting next_dagrun for example_task_group to None, run_after=None
[2025-04-04T13:46:32.412+0000] {processor.py:208} INFO - Processing /home/airflow/.local/lib/python3.12/site-packages/airflow/example_dags/example_task_group.py took 0.708 seconds
[2025-04-04T13:47:03.133+0000] {processor.py:186} INFO - Started process (PID=1316) to work on /home/airflow/.local/lib/python3.12/site-packages/airflow/example_dags/example_task_group.py
[2025-04-04T13:47:03.136+0000] {processor.py:914} INFO - Processing file /home/airflow/.local/lib/python3.12/site-packages/airflow/example_dags/example_task_group.py for tasks to queue
[2025-04-04T13:47:03.143+0000] {logging_mixin.py:190} INFO - [2025-04-04T13:47:03.142+0000] {dagbag.py:588} INFO - Filling up the DagBag from /home/airflow/.local/lib/python3.12/site-packages/airflow/example_dags/example_task_group.py
[2025-04-04T13:47:03.171+0000] {processor.py:925} INFO - DAG(s) 'example_task_group' retrieved from /home/airflow/.local/lib/python3.12/site-packages/airflow/example_dags/example_task_group.py
[2025-04-04T13:47:03.226+0000] {logging_mixin.py:190} INFO - [2025-04-04T13:47:03.226+0000] {dag.py:3239} INFO - Sync 1 DAGs
[2025-04-04T13:47:03.268+0000] {logging_mixin.py:190} INFO - [2025-04-04T13:47:03.268+0000] {dag.py:4180} INFO - Setting next_dagrun for example_task_group to None, run_after=None
[2025-04-04T13:47:03.315+0000] {processor.py:208} INFO - Processing /home/airflow/.local/lib/python3.12/site-packages/airflow/example_dags/example_task_group.py took 0.198 seconds
[2025-04-04T13:47:33.805+0000] {processor.py:186} INFO - Started process (PID=1379) to work on /home/airflow/.local/lib/python3.12/site-packages/airflow/example_dags/example_task_group.py
[2025-04-04T13:47:33.807+0000] {processor.py:914} INFO - Processing file /home/airflow/.local/lib/python3.12/site-packages/airflow/example_dags/example_task_group.py for tasks to queue
[2025-04-04T13:47:33.811+0000] {logging_mixin.py:190} INFO - [2025-04-04T13:47:33.810+0000] {dagbag.py:588} INFO - Filling up the DagBag from /home/airflow/.local/lib/python3.12/site-packages/airflow/example_dags/example_task_group.py
[2025-04-04T13:47:33.830+0000] {processor.py:925} INFO - DAG(s) 'example_task_group' retrieved from /home/airflow/.local/lib/python3.12/site-packages/airflow/example_dags/example_task_group.py
[2025-04-04T13:47:33.904+0000] {logging_mixin.py:190} INFO - [2025-04-04T13:47:33.904+0000] {dag.py:3239} INFO - Sync 1 DAGs
[2025-04-04T13:47:33.955+0000] {logging_mixin.py:190} INFO - [2025-04-04T13:47:33.954+0000] {dag.py:4180} INFO - Setting next_dagrun for example_task_group to None, run_after=None
[2025-04-04T13:47:34.011+0000] {processor.py:208} INFO - Processing /home/airflow/.local/lib/python3.12/site-packages/airflow/example_dags/example_task_group.py took 0.219 seconds
[2025-04-04T13:48:04.976+0000] {processor.py:186} INFO - Started process (PID=1443) to work on /home/airflow/.local/lib/python3.12/site-packages/airflow/example_dags/example_task_group.py
[2025-04-04T13:48:04.979+0000] {processor.py:914} INFO - Processing file /home/airflow/.local/lib/python3.12/site-packages/airflow/example_dags/example_task_group.py for tasks to queue
[2025-04-04T13:48:04.988+0000] {logging_mixin.py:190} INFO - [2025-04-04T13:48:04.987+0000] {dagbag.py:588} INFO - Filling up the DagBag from /home/airflow/.local/lib/python3.12/site-packages/airflow/example_dags/example_task_group.py
[2025-04-04T13:48:05.031+0000] {processor.py:925} INFO - DAG(s) 'example_task_group' retrieved from /home/airflow/.local/lib/python3.12/site-packages/airflow/example_dags/example_task_group.py
[2025-04-04T13:48:05.107+0000] {logging_mixin.py:190} INFO - [2025-04-04T13:48:05.106+0000] {dag.py:3239} INFO - Sync 1 DAGs
[2025-04-04T13:48:05.139+0000] {logging_mixin.py:190} INFO - [2025-04-04T13:48:05.139+0000] {dag.py:4180} INFO - Setting next_dagrun for example_task_group to None, run_after=None
[2025-04-04T13:48:05.190+0000] {processor.py:208} INFO - Processing /home/airflow/.local/lib/python3.12/site-packages/airflow/example_dags/example_task_group.py took 0.237 seconds
[2025-04-04T13:48:35.973+0000] {processor.py:186} INFO - Started process (PID=1504) to work on /home/airflow/.local/lib/python3.12/site-packages/airflow/example_dags/example_task_group.py
[2025-04-04T13:48:35.976+0000] {processor.py:914} INFO - Processing file /home/airflow/.local/lib/python3.12/site-packages/airflow/example_dags/example_task_group.py for tasks to queue
[2025-04-04T13:48:35.988+0000] {logging_mixin.py:190} INFO - [2025-04-04T13:48:35.987+0000] {dagbag.py:588} INFO - Filling up the DagBag from /home/airflow/.local/lib/python3.12/site-packages/airflow/example_dags/example_task_group.py
[2025-04-04T13:48:36.043+0000] {processor.py:925} INFO - DAG(s) 'example_task_group' retrieved from /home/airflow/.local/lib/python3.12/site-packages/airflow/example_dags/example_task_group.py
[2025-04-04T13:48:36.162+0000] {logging_mixin.py:190} INFO - [2025-04-04T13:48:36.161+0000] {dag.py:3239} INFO - Sync 1 DAGs
[2025-04-04T13:48:36.241+0000] {logging_mixin.py:190} INFO - [2025-04-04T13:48:36.240+0000] {dag.py:4180} INFO - Setting next_dagrun for example_task_group to None, run_after=None
[2025-04-04T13:48:36.340+0000] {processor.py:208} INFO - Processing /home/airflow/.local/lib/python3.12/site-packages/airflow/example_dags/example_task_group.py took 0.394 seconds
[2025-04-04T13:49:06.505+0000] {processor.py:186} INFO - Started process (PID=1565) to work on /home/airflow/.local/lib/python3.12/site-packages/airflow/example_dags/example_task_group.py
[2025-04-04T13:49:06.507+0000] {processor.py:914} INFO - Processing file /home/airflow/.local/lib/python3.12/site-packages/airflow/example_dags/example_task_group.py for tasks to queue
[2025-04-04T13:49:06.510+0000] {logging_mixin.py:190} INFO - [2025-04-04T13:49:06.510+0000] {dagbag.py:588} INFO - Filling up the DagBag from /home/airflow/.local/lib/python3.12/site-packages/airflow/example_dags/example_task_group.py
[2025-04-04T13:49:06.529+0000] {processor.py:925} INFO - DAG(s) 'example_task_group' retrieved from /home/airflow/.local/lib/python3.12/site-packages/airflow/example_dags/example_task_group.py
[2025-04-04T13:49:06.598+0000] {logging_mixin.py:190} INFO - [2025-04-04T13:49:06.597+0000] {dag.py:3239} INFO - Sync 1 DAGs
[2025-04-04T13:49:06.625+0000] {logging_mixin.py:190} INFO - [2025-04-04T13:49:06.624+0000] {dag.py:4180} INFO - Setting next_dagrun for example_task_group to None, run_after=None
[2025-04-04T13:49:06.657+0000] {processor.py:208} INFO - Processing /home/airflow/.local/lib/python3.12/site-packages/airflow/example_dags/example_task_group.py took 0.161 seconds
[2025-04-04T13:49:37.054+0000] {processor.py:186} INFO - Started process (PID=1628) to work on /home/airflow/.local/lib/python3.12/site-packages/airflow/example_dags/example_task_group.py
[2025-04-04T13:49:37.056+0000] {processor.py:914} INFO - Processing file /home/airflow/.local/lib/python3.12/site-packages/airflow/example_dags/example_task_group.py for tasks to queue
[2025-04-04T13:49:37.066+0000] {logging_mixin.py:190} INFO - [2025-04-04T13:49:37.065+0000] {dagbag.py:588} INFO - Filling up the DagBag from /home/airflow/.local/lib/python3.12/site-packages/airflow/example_dags/example_task_group.py
[2025-04-04T13:49:37.099+0000] {processor.py:925} INFO - DAG(s) 'example_task_group' retrieved from /home/airflow/.local/lib/python3.12/site-packages/airflow/example_dags/example_task_group.py
[2025-04-04T13:49:37.189+0000] {logging_mixin.py:190} INFO - [2025-04-04T13:49:37.189+0000] {dag.py:3239} INFO - Sync 1 DAGs
[2025-04-04T13:49:37.238+0000] {logging_mixin.py:190} INFO - [2025-04-04T13:49:37.237+0000] {dag.py:4180} INFO - Setting next_dagrun for example_task_group to None, run_after=None
[2025-04-04T13:49:37.302+0000] {processor.py:208} INFO - Processing /home/airflow/.local/lib/python3.12/site-packages/airflow/example_dags/example_task_group.py took 0.274 seconds
[2025-04-04T13:50:07.420+0000] {processor.py:186} INFO - Started process (PID=1689) to work on /home/airflow/.local/lib/python3.12/site-packages/airflow/example_dags/example_task_group.py
[2025-04-04T13:50:07.422+0000] {processor.py:914} INFO - Processing file /home/airflow/.local/lib/python3.12/site-packages/airflow/example_dags/example_task_group.py for tasks to queue
[2025-04-04T13:50:07.427+0000] {logging_mixin.py:190} INFO - [2025-04-04T13:50:07.427+0000] {dagbag.py:588} INFO - Filling up the DagBag from /home/airflow/.local/lib/python3.12/site-packages/airflow/example_dags/example_task_group.py
[2025-04-04T13:50:07.454+0000] {processor.py:925} INFO - DAG(s) 'example_task_group' retrieved from /home/airflow/.local/lib/python3.12/site-packages/airflow/example_dags/example_task_group.py
[2025-04-04T13:50:07.581+0000] {logging_mixin.py:190} INFO - [2025-04-04T13:50:07.580+0000] {dag.py:3239} INFO - Sync 1 DAGs
[2025-04-04T13:50:07.653+0000] {logging_mixin.py:190} INFO - [2025-04-04T13:50:07.652+0000] {dag.py:4180} INFO - Setting next_dagrun for example_task_group to None, run_after=None
[2025-04-04T13:50:07.770+0000] {processor.py:208} INFO - Processing /home/airflow/.local/lib/python3.12/site-packages/airflow/example_dags/example_task_group.py took 0.362 seconds
[2025-04-04T13:50:39.212+0000] {processor.py:186} INFO - Started process (PID=1753) to work on /home/airflow/.local/lib/python3.12/site-packages/airflow/example_dags/example_task_group.py
[2025-04-04T13:50:39.214+0000] {processor.py:914} INFO - Processing file /home/airflow/.local/lib/python3.12/site-packages/airflow/example_dags/example_task_group.py for tasks to queue
[2025-04-04T13:50:39.220+0000] {logging_mixin.py:190} INFO - [2025-04-04T13:50:39.219+0000] {dagbag.py:588} INFO - Filling up the DagBag from /home/airflow/.local/lib/python3.12/site-packages/airflow/example_dags/example_task_group.py
[2025-04-04T13:50:39.248+0000] {processor.py:925} INFO - DAG(s) 'example_task_group' retrieved from /home/airflow/.local/lib/python3.12/site-packages/airflow/example_dags/example_task_group.py
[2025-04-04T13:50:39.299+0000] {logging_mixin.py:190} INFO - [2025-04-04T13:50:39.299+0000] {dag.py:3239} INFO - Sync 1 DAGs
[2025-04-04T13:50:39.335+0000] {logging_mixin.py:190} INFO - [2025-04-04T13:50:39.335+0000] {dag.py:4180} INFO - Setting next_dagrun for example_task_group to None, run_after=None
[2025-04-04T13:50:39.370+0000] {processor.py:208} INFO - Processing /home/airflow/.local/lib/python3.12/site-packages/airflow/example_dags/example_task_group.py took 0.173 seconds
[2025-04-04T13:51:11.491+0000] {processor.py:186} INFO - Started process (PID=1816) to work on /home/airflow/.local/lib/python3.12/site-packages/airflow/example_dags/example_task_group.py
[2025-04-04T13:51:11.493+0000] {processor.py:914} INFO - Processing file /home/airflow/.local/lib/python3.12/site-packages/airflow/example_dags/example_task_group.py for tasks to queue
[2025-04-04T13:51:11.499+0000] {logging_mixin.py:190} INFO - [2025-04-04T13:51:11.498+0000] {dagbag.py:588} INFO - Filling up the DagBag from /home/airflow/.local/lib/python3.12/site-packages/airflow/example_dags/example_task_group.py
[2025-04-04T13:51:11.518+0000] {processor.py:925} INFO - DAG(s) 'example_task_group' retrieved from /home/airflow/.local/lib/python3.12/site-packages/airflow/example_dags/example_task_group.py
[2025-04-04T13:51:11.611+0000] {logging_mixin.py:190} INFO - [2025-04-04T13:51:11.611+0000] {dag.py:3239} INFO - Sync 1 DAGs
[2025-04-04T13:51:11.639+0000] {logging_mixin.py:190} INFO - [2025-04-04T13:51:11.639+0000] {dag.py:4180} INFO - Setting next_dagrun for example_task_group to None, run_after=None
[2025-04-04T13:51:11.680+0000] {processor.py:208} INFO - Processing /home/airflow/.local/lib/python3.12/site-packages/airflow/example_dags/example_task_group.py took 0.211 seconds
[2025-04-04T13:51:42.289+0000] {processor.py:186} INFO - Started process (PID=1877) to work on /home/airflow/.local/lib/python3.12/site-packages/airflow/example_dags/example_task_group.py
[2025-04-04T13:51:42.291+0000] {processor.py:914} INFO - Processing file /home/airflow/.local/lib/python3.12/site-packages/airflow/example_dags/example_task_group.py for tasks to queue
[2025-04-04T13:51:42.296+0000] {logging_mixin.py:190} INFO - [2025-04-04T13:51:42.296+0000] {dagbag.py:588} INFO - Filling up the DagBag from /home/airflow/.local/lib/python3.12/site-packages/airflow/example_dags/example_task_group.py
[2025-04-04T13:51:42.313+0000] {processor.py:925} INFO - DAG(s) 'example_task_group' retrieved from /home/airflow/.local/lib/python3.12/site-packages/airflow/example_dags/example_task_group.py
[2025-04-04T13:51:42.350+0000] {logging_mixin.py:190} INFO - [2025-04-04T13:51:42.350+0000] {dag.py:3239} INFO - Sync 1 DAGs
[2025-04-04T13:51:42.381+0000] {logging_mixin.py:190} INFO - [2025-04-04T13:51:42.381+0000] {dag.py:4180} INFO - Setting next_dagrun for example_task_group to None, run_after=None
[2025-04-04T13:51:42.417+0000] {processor.py:208} INFO - Processing /home/airflow/.local/lib/python3.12/site-packages/airflow/example_dags/example_task_group.py took 0.139 seconds
[2025-04-04T13:52:12.825+0000] {processor.py:186} INFO - Started process (PID=1940) to work on /home/airflow/.local/lib/python3.12/site-packages/airflow/example_dags/example_task_group.py
[2025-04-04T13:52:12.827+0000] {processor.py:914} INFO - Processing file /home/airflow/.local/lib/python3.12/site-packages/airflow/example_dags/example_task_group.py for tasks to queue
[2025-04-04T13:52:12.831+0000] {logging_mixin.py:190} INFO - [2025-04-04T13:52:12.830+0000] {dagbag.py:588} INFO - Filling up the DagBag from /home/airflow/.local/lib/python3.12/site-packages/airflow/example_dags/example_task_group.py
[2025-04-04T13:52:12.848+0000] {processor.py:925} INFO - DAG(s) 'example_task_group' retrieved from /home/airflow/.local/lib/python3.12/site-packages/airflow/example_dags/example_task_group.py
[2025-04-04T13:52:12.896+0000] {logging_mixin.py:190} INFO - [2025-04-04T13:52:12.896+0000] {dag.py:3239} INFO - Sync 1 DAGs
[2025-04-04T13:52:12.924+0000] {logging_mixin.py:190} INFO - [2025-04-04T13:52:12.923+0000] {dag.py:4180} INFO - Setting next_dagrun for example_task_group to None, run_after=None
[2025-04-04T13:52:12.965+0000] {processor.py:208} INFO - Processing /home/airflow/.local/lib/python3.12/site-packages/airflow/example_dags/example_task_group.py took 0.151 seconds
[2025-04-04T13:52:43.412+0000] {processor.py:186} INFO - Started process (PID=2003) to work on /home/airflow/.local/lib/python3.12/site-packages/airflow/example_dags/example_task_group.py
[2025-04-04T13:52:43.414+0000] {processor.py:914} INFO - Processing file /home/airflow/.local/lib/python3.12/site-packages/airflow/example_dags/example_task_group.py for tasks to queue
[2025-04-04T13:52:43.418+0000] {logging_mixin.py:190} INFO - [2025-04-04T13:52:43.418+0000] {dagbag.py:588} INFO - Filling up the DagBag from /home/airflow/.local/lib/python3.12/site-packages/airflow/example_dags/example_task_group.py
[2025-04-04T13:52:43.441+0000] {processor.py:925} INFO - DAG(s) 'example_task_group' retrieved from /home/airflow/.local/lib/python3.12/site-packages/airflow/example_dags/example_task_group.py
[2025-04-04T13:52:43.487+0000] {logging_mixin.py:190} INFO - [2025-04-04T13:52:43.486+0000] {dag.py:3239} INFO - Sync 1 DAGs
[2025-04-04T13:52:43.516+0000] {logging_mixin.py:190} INFO - [2025-04-04T13:52:43.516+0000] {dag.py:4180} INFO - Setting next_dagrun for example_task_group to None, run_after=None
[2025-04-04T13:52:43.554+0000] {processor.py:208} INFO - Processing /home/airflow/.local/lib/python3.12/site-packages/airflow/example_dags/example_task_group.py took 0.163 seconds
[2025-04-04T13:53:14.284+0000] {processor.py:186} INFO - Started process (PID=2066) to work on /home/airflow/.local/lib/python3.12/site-packages/airflow/example_dags/example_task_group.py
[2025-04-04T13:53:14.286+0000] {processor.py:914} INFO - Processing file /home/airflow/.local/lib/python3.12/site-packages/airflow/example_dags/example_task_group.py for tasks to queue
[2025-04-04T13:53:14.293+0000] {logging_mixin.py:190} INFO - [2025-04-04T13:53:14.292+0000] {dagbag.py:588} INFO - Filling up the DagBag from /home/airflow/.local/lib/python3.12/site-packages/airflow/example_dags/example_task_group.py
[2025-04-04T13:53:14.319+0000] {processor.py:925} INFO - DAG(s) 'example_task_group' retrieved from /home/airflow/.local/lib/python3.12/site-packages/airflow/example_dags/example_task_group.py
[2025-04-04T13:53:14.380+0000] {logging_mixin.py:190} INFO - [2025-04-04T13:53:14.379+0000] {dag.py:3239} INFO - Sync 1 DAGs
[2025-04-04T13:53:14.426+0000] {logging_mixin.py:190} INFO - [2025-04-04T13:53:14.425+0000] {dag.py:4180} INFO - Setting next_dagrun for example_task_group to None, run_after=None
[2025-04-04T13:53:14.486+0000] {processor.py:208} INFO - Processing /home/airflow/.local/lib/python3.12/site-packages/airflow/example_dags/example_task_group.py took 0.217 seconds
[2025-04-04T13:53:46.029+0000] {processor.py:186} INFO - Started process (PID=2128) to work on /home/airflow/.local/lib/python3.12/site-packages/airflow/example_dags/example_task_group.py
[2025-04-04T13:53:46.031+0000] {processor.py:914} INFO - Processing file /home/airflow/.local/lib/python3.12/site-packages/airflow/example_dags/example_task_group.py for tasks to queue
[2025-04-04T13:53:46.040+0000] {logging_mixin.py:190} INFO - [2025-04-04T13:53:46.039+0000] {dagbag.py:588} INFO - Filling up the DagBag from /home/airflow/.local/lib/python3.12/site-packages/airflow/example_dags/example_task_group.py
[2025-04-04T13:53:46.077+0000] {processor.py:925} INFO - DAG(s) 'example_task_group' retrieved from /home/airflow/.local/lib/python3.12/site-packages/airflow/example_dags/example_task_group.py
[2025-04-04T13:53:46.147+0000] {logging_mixin.py:190} INFO - [2025-04-04T13:53:46.146+0000] {dag.py:3239} INFO - Sync 1 DAGs
[2025-04-04T13:53:46.199+0000] {logging_mixin.py:190} INFO - [2025-04-04T13:53:46.198+0000] {dag.py:4180} INFO - Setting next_dagrun for example_task_group to None, run_after=None
[2025-04-04T13:53:46.242+0000] {processor.py:208} INFO - Processing /home/airflow/.local/lib/python3.12/site-packages/airflow/example_dags/example_task_group.py took 0.230 seconds
[2025-04-04T13:54:16.640+0000] {processor.py:186} INFO - Started process (PID=2191) to work on /home/airflow/.local/lib/python3.12/site-packages/airflow/example_dags/example_task_group.py
[2025-04-04T13:54:16.642+0000] {processor.py:914} INFO - Processing file /home/airflow/.local/lib/python3.12/site-packages/airflow/example_dags/example_task_group.py for tasks to queue
[2025-04-04T13:54:16.646+0000] {logging_mixin.py:190} INFO - [2025-04-04T13:54:16.646+0000] {dagbag.py:588} INFO - Filling up the DagBag from /home/airflow/.local/lib/python3.12/site-packages/airflow/example_dags/example_task_group.py
[2025-04-04T13:54:16.663+0000] {processor.py:925} INFO - DAG(s) 'example_task_group' retrieved from /home/airflow/.local/lib/python3.12/site-packages/airflow/example_dags/example_task_group.py
[2025-04-04T13:54:16.718+0000] {logging_mixin.py:190} INFO - [2025-04-04T13:54:16.718+0000] {dag.py:3239} INFO - Sync 1 DAGs
[2025-04-04T13:54:16.755+0000] {logging_mixin.py:190} INFO - [2025-04-04T13:54:16.755+0000] {dag.py:4180} INFO - Setting next_dagrun for example_task_group to None, run_after=None
[2025-04-04T13:54:16.813+0000] {processor.py:208} INFO - Processing /home/airflow/.local/lib/python3.12/site-packages/airflow/example_dags/example_task_group.py took 0.185 seconds
[2025-04-04T13:54:47.022+0000] {processor.py:186} INFO - Started process (PID=2254) to work on /home/airflow/.local/lib/python3.12/site-packages/airflow/example_dags/example_task_group.py
[2025-04-04T13:54:47.024+0000] {processor.py:914} INFO - Processing file /home/airflow/.local/lib/python3.12/site-packages/airflow/example_dags/example_task_group.py for tasks to queue
[2025-04-04T13:54:47.027+0000] {logging_mixin.py:190} INFO - [2025-04-04T13:54:47.027+0000] {dagbag.py:588} INFO - Filling up the DagBag from /home/airflow/.local/lib/python3.12/site-packages/airflow/example_dags/example_task_group.py
[2025-04-04T13:54:47.043+0000] {processor.py:925} INFO - DAG(s) 'example_task_group' retrieved from /home/airflow/.local/lib/python3.12/site-packages/airflow/example_dags/example_task_group.py
[2025-04-04T13:54:47.084+0000] {logging_mixin.py:190} INFO - [2025-04-04T13:54:47.083+0000] {dag.py:3239} INFO - Sync 1 DAGs
[2025-04-04T13:54:47.113+0000] {logging_mixin.py:190} INFO - [2025-04-04T13:54:47.112+0000] {dag.py:4180} INFO - Setting next_dagrun for example_task_group to None, run_after=None
[2025-04-04T13:54:47.152+0000] {processor.py:208} INFO - Processing /home/airflow/.local/lib/python3.12/site-packages/airflow/example_dags/example_task_group.py took 0.141 seconds
[2025-04-04T13:55:17.807+0000] {processor.py:186} INFO - Started process (PID=2317) to work on /home/airflow/.local/lib/python3.12/site-packages/airflow/example_dags/example_task_group.py
[2025-04-04T13:55:17.809+0000] {processor.py:914} INFO - Processing file /home/airflow/.local/lib/python3.12/site-packages/airflow/example_dags/example_task_group.py for tasks to queue
[2025-04-04T13:55:17.818+0000] {logging_mixin.py:190} INFO - [2025-04-04T13:55:17.817+0000] {dagbag.py:588} INFO - Filling up the DagBag from /home/airflow/.local/lib/python3.12/site-packages/airflow/example_dags/example_task_group.py
[2025-04-04T13:55:17.836+0000] {processor.py:925} INFO - DAG(s) 'example_task_group' retrieved from /home/airflow/.local/lib/python3.12/site-packages/airflow/example_dags/example_task_group.py
[2025-04-04T13:55:17.877+0000] {logging_mixin.py:190} INFO - [2025-04-04T13:55:17.877+0000] {dag.py:3239} INFO - Sync 1 DAGs
[2025-04-04T13:55:17.908+0000] {logging_mixin.py:190} INFO - [2025-04-04T13:55:17.908+0000] {dag.py:4180} INFO - Setting next_dagrun for example_task_group to None, run_after=None
[2025-04-04T13:55:17.949+0000] {processor.py:208} INFO - Processing /home/airflow/.local/lib/python3.12/site-packages/airflow/example_dags/example_task_group.py took 0.153 seconds
[2025-04-04T13:55:48.650+0000] {processor.py:186} INFO - Started process (PID=2379) to work on /home/airflow/.local/lib/python3.12/site-packages/airflow/example_dags/example_task_group.py
[2025-04-04T13:55:48.652+0000] {processor.py:914} INFO - Processing file /home/airflow/.local/lib/python3.12/site-packages/airflow/example_dags/example_task_group.py for tasks to queue
[2025-04-04T13:55:48.657+0000] {logging_mixin.py:190} INFO - [2025-04-04T13:55:48.656+0000] {dagbag.py:588} INFO - Filling up the DagBag from /home/airflow/.local/lib/python3.12/site-packages/airflow/example_dags/example_task_group.py
[2025-04-04T13:55:48.680+0000] {processor.py:925} INFO - DAG(s) 'example_task_group' retrieved from /home/airflow/.local/lib/python3.12/site-packages/airflow/example_dags/example_task_group.py
[2025-04-04T13:55:48.744+0000] {logging_mixin.py:190} INFO - [2025-04-04T13:55:48.743+0000] {dag.py:3239} INFO - Sync 1 DAGs
[2025-04-04T13:55:48.787+0000] {logging_mixin.py:190} INFO - [2025-04-04T13:55:48.786+0000] {dag.py:4180} INFO - Setting next_dagrun for example_task_group to None, run_after=None
[2025-04-04T13:55:48.840+0000] {processor.py:208} INFO - Processing /home/airflow/.local/lib/python3.12/site-packages/airflow/example_dags/example_task_group.py took 0.206 seconds
[2025-04-04T13:56:19.622+0000] {processor.py:186} INFO - Started process (PID=2442) to work on /home/airflow/.local/lib/python3.12/site-packages/airflow/example_dags/example_task_group.py
[2025-04-04T13:56:19.624+0000] {processor.py:914} INFO - Processing file /home/airflow/.local/lib/python3.12/site-packages/airflow/example_dags/example_task_group.py for tasks to queue
[2025-04-04T13:56:19.630+0000] {logging_mixin.py:190} INFO - [2025-04-04T13:56:19.629+0000] {dagbag.py:588} INFO - Filling up the DagBag from /home/airflow/.local/lib/python3.12/site-packages/airflow/example_dags/example_task_group.py
[2025-04-04T13:56:19.653+0000] {processor.py:925} INFO - DAG(s) 'example_task_group' retrieved from /home/airflow/.local/lib/python3.12/site-packages/airflow/example_dags/example_task_group.py
[2025-04-04T13:56:19.693+0000] {logging_mixin.py:190} INFO - [2025-04-04T13:56:19.693+0000] {dag.py:3239} INFO - Sync 1 DAGs
[2025-04-04T13:56:19.726+0000] {logging_mixin.py:190} INFO - [2025-04-04T13:56:19.726+0000] {dag.py:4180} INFO - Setting next_dagrun for example_task_group to None, run_after=None
[2025-04-04T13:56:19.758+0000] {processor.py:208} INFO - Processing /home/airflow/.local/lib/python3.12/site-packages/airflow/example_dags/example_task_group.py took 0.147 seconds
[2025-04-04T13:56:50.078+0000] {processor.py:186} INFO - Started process (PID=2505) to work on /home/airflow/.local/lib/python3.12/site-packages/airflow/example_dags/example_task_group.py
[2025-04-04T13:56:50.079+0000] {processor.py:914} INFO - Processing file /home/airflow/.local/lib/python3.12/site-packages/airflow/example_dags/example_task_group.py for tasks to queue
[2025-04-04T13:56:50.084+0000] {logging_mixin.py:190} INFO - [2025-04-04T13:56:50.083+0000] {dagbag.py:588} INFO - Filling up the DagBag from /home/airflow/.local/lib/python3.12/site-packages/airflow/example_dags/example_task_group.py
[2025-04-04T13:56:50.105+0000] {processor.py:925} INFO - DAG(s) 'example_task_group' retrieved from /home/airflow/.local/lib/python3.12/site-packages/airflow/example_dags/example_task_group.py
[2025-04-04T13:56:50.139+0000] {logging_mixin.py:190} INFO - [2025-04-04T13:56:50.138+0000] {dag.py:3239} INFO - Sync 1 DAGs
[2025-04-04T13:56:50.162+0000] {logging_mixin.py:190} INFO - [2025-04-04T13:56:50.162+0000] {dag.py:4180} INFO - Setting next_dagrun for example_task_group to None, run_after=None
[2025-04-04T13:56:50.193+0000] {processor.py:208} INFO - Processing /home/airflow/.local/lib/python3.12/site-packages/airflow/example_dags/example_task_group.py took 0.127 seconds
[2025-04-04T13:57:20.880+0000] {processor.py:186} INFO - Started process (PID=2568) to work on /home/airflow/.local/lib/python3.12/site-packages/airflow/example_dags/example_task_group.py
[2025-04-04T13:57:20.881+0000] {processor.py:914} INFO - Processing file /home/airflow/.local/lib/python3.12/site-packages/airflow/example_dags/example_task_group.py for tasks to queue
[2025-04-04T13:57:20.885+0000] {logging_mixin.py:190} INFO - [2025-04-04T13:57:20.885+0000] {dagbag.py:588} INFO - Filling up the DagBag from /home/airflow/.local/lib/python3.12/site-packages/airflow/example_dags/example_task_group.py
[2025-04-04T13:57:20.918+0000] {processor.py:925} INFO - DAG(s) 'example_task_group' retrieved from /home/airflow/.local/lib/python3.12/site-packages/airflow/example_dags/example_task_group.py
[2025-04-04T13:57:20.955+0000] {logging_mixin.py:190} INFO - [2025-04-04T13:57:20.954+0000] {dag.py:3239} INFO - Sync 1 DAGs
[2025-04-04T13:57:20.979+0000] {logging_mixin.py:190} INFO - [2025-04-04T13:57:20.979+0000] {dag.py:4180} INFO - Setting next_dagrun for example_task_group to None, run_after=None
[2025-04-04T13:57:21.008+0000] {processor.py:208} INFO - Processing /home/airflow/.local/lib/python3.12/site-packages/airflow/example_dags/example_task_group.py took 0.145 seconds
[2025-04-04T13:57:53.569+0000] {processor.py:186} INFO - Started process (PID=2631) to work on /home/airflow/.local/lib/python3.12/site-packages/airflow/example_dags/example_task_group.py
[2025-04-04T13:57:53.570+0000] {processor.py:914} INFO - Processing file /home/airflow/.local/lib/python3.12/site-packages/airflow/example_dags/example_task_group.py for tasks to queue
[2025-04-04T13:57:53.574+0000] {logging_mixin.py:190} INFO - [2025-04-04T13:57:53.574+0000] {dagbag.py:588} INFO - Filling up the DagBag from /home/airflow/.local/lib/python3.12/site-packages/airflow/example_dags/example_task_group.py
[2025-04-04T13:57:53.597+0000] {processor.py:925} INFO - DAG(s) 'example_task_group' retrieved from /home/airflow/.local/lib/python3.12/site-packages/airflow/example_dags/example_task_group.py
[2025-04-04T13:57:53.661+0000] {logging_mixin.py:190} INFO - [2025-04-04T13:57:53.661+0000] {dag.py:3239} INFO - Sync 1 DAGs
[2025-04-04T13:57:53.706+0000] {logging_mixin.py:190} INFO - [2025-04-04T13:57:53.706+0000] {dag.py:4180} INFO - Setting next_dagrun for example_task_group to None, run_after=None
[2025-04-04T13:57:53.751+0000] {processor.py:208} INFO - Processing /home/airflow/.local/lib/python3.12/site-packages/airflow/example_dags/example_task_group.py took 0.196 seconds
[2025-04-04T13:58:30.292+0000] {processor.py:186} INFO - Started process (PID=2701) to work on /home/airflow/.local/lib/python3.12/site-packages/airflow/example_dags/example_task_group.py
[2025-04-04T13:58:30.294+0000] {processor.py:914} INFO - Processing file /home/airflow/.local/lib/python3.12/site-packages/airflow/example_dags/example_task_group.py for tasks to queue
[2025-04-04T13:58:30.300+0000] {logging_mixin.py:190} INFO - [2025-04-04T13:58:30.299+0000] {dagbag.py:588} INFO - Filling up the DagBag from /home/airflow/.local/lib/python3.12/site-packages/airflow/example_dags/example_task_group.py
[2025-04-04T13:58:30.320+0000] {processor.py:925} INFO - DAG(s) 'example_task_group' retrieved from /home/airflow/.local/lib/python3.12/site-packages/airflow/example_dags/example_task_group.py
[2025-04-04T13:58:30.370+0000] {logging_mixin.py:190} INFO - [2025-04-04T13:58:30.369+0000] {dag.py:3239} INFO - Sync 1 DAGs
[2025-04-04T13:58:30.425+0000] {logging_mixin.py:190} INFO - [2025-04-04T13:58:30.425+0000] {dag.py:4180} INFO - Setting next_dagrun for example_task_group to None, run_after=None
[2025-04-04T13:58:30.492+0000] {processor.py:208} INFO - Processing /home/airflow/.local/lib/python3.12/site-packages/airflow/example_dags/example_task_group.py took 0.214 seconds
[2025-04-04T13:59:02.906+0000] {processor.py:186} INFO - Started process (PID=2764) to work on /home/airflow/.local/lib/python3.12/site-packages/airflow/example_dags/example_task_group.py
[2025-04-04T13:59:02.908+0000] {processor.py:914} INFO - Processing file /home/airflow/.local/lib/python3.12/site-packages/airflow/example_dags/example_task_group.py for tasks to queue
[2025-04-04T13:59:02.912+0000] {logging_mixin.py:190} INFO - [2025-04-04T13:59:02.912+0000] {dagbag.py:588} INFO - Filling up the DagBag from /home/airflow/.local/lib/python3.12/site-packages/airflow/example_dags/example_task_group.py
[2025-04-04T13:59:02.929+0000] {processor.py:925} INFO - DAG(s) 'example_task_group' retrieved from /home/airflow/.local/lib/python3.12/site-packages/airflow/example_dags/example_task_group.py
[2025-04-04T13:59:02.970+0000] {logging_mixin.py:190} INFO - [2025-04-04T13:59:02.969+0000] {dag.py:3239} INFO - Sync 1 DAGs
[2025-04-04T13:59:03.012+0000] {logging_mixin.py:190} INFO - [2025-04-04T13:59:03.012+0000] {dag.py:4180} INFO - Setting next_dagrun for example_task_group to None, run_after=None
[2025-04-04T13:59:03.052+0000] {processor.py:208} INFO - Processing /home/airflow/.local/lib/python3.12/site-packages/airflow/example_dags/example_task_group.py took 0.156 seconds
