[2025-04-04T13:36:54.616+0000] {processor.py:186} INFO - Started process (PID=127) to work on /home/airflow/.local/lib/python3.12/site-packages/airflow/example_dags/example_nested_branch_dag.py
[2025-04-04T13:36:54.628+0000] {processor.py:914} INFO - Processing file /home/airflow/.local/lib/python3.12/site-packages/airflow/example_dags/example_nested_branch_dag.py for tasks to queue
[2025-04-04T13:36:54.634+0000] {logging_mixin.py:190} INFO - [2025-04-04T13:36:54.633+0000] {dagbag.py:588} INFO - Filling up the DagBag from /home/airflow/.local/lib/python3.12/site-packages/airflow/example_dags/example_nested_branch_dag.py
[2025-04-04T13:36:54.664+0000] {processor.py:925} INFO - DAG(s) 'example_nested_branch_dag' retrieved from /home/airflow/.local/lib/python3.12/site-packages/airflow/example_dags/example_nested_branch_dag.py
[2025-04-04T13:36:54.914+0000] {logging_mixin.py:190} INFO - [2025-04-04T13:36:54.912+0000] {override.py:1912} INFO - Created Permission View: can edit on DAG:example_nested_branch_dag
[2025-04-04T13:36:54.936+0000] {logging_mixin.py:190} INFO - [2025-04-04T13:36:54.935+0000] {override.py:1912} INFO - Created Permission View: can delete on DAG:example_nested_branch_dag
[2025-04-04T13:36:54.952+0000] {logging_mixin.py:190} INFO - [2025-04-04T13:36:54.951+0000] {override.py:1912} INFO - Created Permission View: can read on DAG:example_nested_branch_dag
[2025-04-04T13:36:54.967+0000] {logging_mixin.py:190} INFO - [2025-04-04T13:36:54.966+0000] {override.py:1912} INFO - Created Permission View: can delete on DAG Run:example_nested_branch_dag
[2025-04-04T13:36:54.981+0000] {logging_mixin.py:190} INFO - [2025-04-04T13:36:54.980+0000] {override.py:1912} INFO - Created Permission View: can read on DAG Run:example_nested_branch_dag
[2025-04-04T13:36:54.994+0000] {logging_mixin.py:190} INFO - [2025-04-04T13:36:54.993+0000] {override.py:1912} INFO - Created Permission View: can create on DAG Run:example_nested_branch_dag
[2025-04-04T13:36:55.007+0000] {logging_mixin.py:190} INFO - [2025-04-04T13:36:55.007+0000] {override.py:1912} INFO - Created Permission View: menu access on DAG Run:example_nested_branch_dag
[2025-04-04T13:36:55.008+0000] {logging_mixin.py:190} INFO - [2025-04-04T13:36:55.008+0000] {dag.py:3239} INFO - Sync 1 DAGs
[2025-04-04T13:36:55.034+0000] {logging_mixin.py:190} INFO - [2025-04-04T13:36:55.034+0000] {dag.py:3262} INFO - Creating ORM DAG for example_nested_branch_dag
[2025-04-04T13:36:55.061+0000] {logging_mixin.py:190} INFO - [2025-04-04T13:36:55.061+0000] {dag.py:4180} INFO - Setting next_dagrun for example_nested_branch_dag to 2025-04-03 00:00:00+00:00, run_after=2025-04-04 00:00:00+00:00
[2025-04-04T13:36:55.090+0000] {processor.py:208} INFO - Processing /home/airflow/.local/lib/python3.12/site-packages/airflow/example_dags/example_nested_branch_dag.py took 0.494 seconds
[2025-04-04T13:37:25.781+0000] {processor.py:186} INFO - Started process (PID=190) to work on /home/airflow/.local/lib/python3.12/site-packages/airflow/example_dags/example_nested_branch_dag.py
[2025-04-04T13:37:25.783+0000] {processor.py:914} INFO - Processing file /home/airflow/.local/lib/python3.12/site-packages/airflow/example_dags/example_nested_branch_dag.py for tasks to queue
[2025-04-04T13:37:25.787+0000] {logging_mixin.py:190} INFO - [2025-04-04T13:37:25.787+0000] {dagbag.py:588} INFO - Filling up the DagBag from /home/airflow/.local/lib/python3.12/site-packages/airflow/example_dags/example_nested_branch_dag.py
[2025-04-04T13:37:25.812+0000] {processor.py:925} INFO - DAG(s) 'example_nested_branch_dag' retrieved from /home/airflow/.local/lib/python3.12/site-packages/airflow/example_dags/example_nested_branch_dag.py
[2025-04-04T13:37:25.855+0000] {logging_mixin.py:190} INFO - [2025-04-04T13:37:25.855+0000] {dag.py:3239} INFO - Sync 1 DAGs
[2025-04-04T13:37:25.902+0000] {logging_mixin.py:190} INFO - [2025-04-04T13:37:25.901+0000] {dag.py:4180} INFO - Setting next_dagrun for example_nested_branch_dag to 2025-04-03 00:00:00+00:00, run_after=2025-04-04 00:00:00+00:00
[2025-04-04T13:37:25.944+0000] {processor.py:208} INFO - Processing /home/airflow/.local/lib/python3.12/site-packages/airflow/example_dags/example_nested_branch_dag.py took 0.172 seconds
[2025-04-04T13:37:56.083+0000] {processor.py:186} INFO - Started process (PID=253) to work on /home/airflow/.local/lib/python3.12/site-packages/airflow/example_dags/example_nested_branch_dag.py
[2025-04-04T13:37:56.085+0000] {processor.py:914} INFO - Processing file /home/airflow/.local/lib/python3.12/site-packages/airflow/example_dags/example_nested_branch_dag.py for tasks to queue
[2025-04-04T13:37:56.089+0000] {logging_mixin.py:190} INFO - [2025-04-04T13:37:56.089+0000] {dagbag.py:588} INFO - Filling up the DagBag from /home/airflow/.local/lib/python3.12/site-packages/airflow/example_dags/example_nested_branch_dag.py
[2025-04-04T13:37:56.108+0000] {processor.py:925} INFO - DAG(s) 'example_nested_branch_dag' retrieved from /home/airflow/.local/lib/python3.12/site-packages/airflow/example_dags/example_nested_branch_dag.py
[2025-04-04T13:37:56.149+0000] {logging_mixin.py:190} INFO - [2025-04-04T13:37:56.148+0000] {dag.py:3239} INFO - Sync 1 DAGs
[2025-04-04T13:37:56.201+0000] {logging_mixin.py:190} INFO - [2025-04-04T13:37:56.201+0000] {dag.py:4180} INFO - Setting next_dagrun for example_nested_branch_dag to 2025-04-03 00:00:00+00:00, run_after=2025-04-04 00:00:00+00:00
[2025-04-04T13:37:56.246+0000] {processor.py:208} INFO - Processing /home/airflow/.local/lib/python3.12/site-packages/airflow/example_dags/example_nested_branch_dag.py took 0.171 seconds
[2025-04-04T13:38:29.892+0000] {processor.py:186} INFO - Started process (PID=322) to work on /home/airflow/.local/lib/python3.12/site-packages/airflow/example_dags/example_nested_branch_dag.py
[2025-04-04T13:38:29.894+0000] {processor.py:914} INFO - Processing file /home/airflow/.local/lib/python3.12/site-packages/airflow/example_dags/example_nested_branch_dag.py for tasks to queue
[2025-04-04T13:38:29.898+0000] {logging_mixin.py:190} INFO - [2025-04-04T13:38:29.897+0000] {dagbag.py:588} INFO - Filling up the DagBag from /home/airflow/.local/lib/python3.12/site-packages/airflow/example_dags/example_nested_branch_dag.py
[2025-04-04T13:38:29.921+0000] {processor.py:925} INFO - DAG(s) 'example_nested_branch_dag' retrieved from /home/airflow/.local/lib/python3.12/site-packages/airflow/example_dags/example_nested_branch_dag.py
[2025-04-04T13:38:29.961+0000] {logging_mixin.py:190} INFO - [2025-04-04T13:38:29.960+0000] {dag.py:3239} INFO - Sync 1 DAGs
[2025-04-04T13:38:30.011+0000] {logging_mixin.py:190} INFO - [2025-04-04T13:38:30.010+0000] {dag.py:4180} INFO - Setting next_dagrun for example_nested_branch_dag to 2025-04-03 00:00:00+00:00, run_after=2025-04-04 00:00:00+00:00
[2025-04-04T13:38:30.050+0000] {processor.py:208} INFO - Processing /home/airflow/.local/lib/python3.12/site-packages/airflow/example_dags/example_nested_branch_dag.py took 0.170 seconds
[2025-04-04T13:39:06.676+0000] {processor.py:186} INFO - Started process (PID=387) to work on /home/airflow/.local/lib/python3.12/site-packages/airflow/example_dags/example_nested_branch_dag.py
[2025-04-04T13:39:06.678+0000] {processor.py:914} INFO - Processing file /home/airflow/.local/lib/python3.12/site-packages/airflow/example_dags/example_nested_branch_dag.py for tasks to queue
[2025-04-04T13:39:06.684+0000] {logging_mixin.py:190} INFO - [2025-04-04T13:39:06.683+0000] {dagbag.py:588} INFO - Filling up the DagBag from /home/airflow/.local/lib/python3.12/site-packages/airflow/example_dags/example_nested_branch_dag.py
[2025-04-04T13:39:06.722+0000] {processor.py:925} INFO - DAG(s) 'example_nested_branch_dag' retrieved from /home/airflow/.local/lib/python3.12/site-packages/airflow/example_dags/example_nested_branch_dag.py
[2025-04-04T13:39:06.795+0000] {logging_mixin.py:190} INFO - [2025-04-04T13:39:06.795+0000] {dag.py:3239} INFO - Sync 1 DAGs
[2025-04-04T13:39:06.897+0000] {logging_mixin.py:190} INFO - [2025-04-04T13:39:06.897+0000] {dag.py:4180} INFO - Setting next_dagrun for example_nested_branch_dag to 2025-04-03 00:00:00+00:00, run_after=2025-04-04 00:00:00+00:00
[2025-04-04T13:39:06.968+0000] {processor.py:208} INFO - Processing /home/airflow/.local/lib/python3.12/site-packages/airflow/example_dags/example_nested_branch_dag.py took 0.310 seconds
[2025-04-04T13:39:48.822+0000] {processor.py:186} INFO - Started process (PID=462) to work on /home/airflow/.local/lib/python3.12/site-packages/airflow/example_dags/example_nested_branch_dag.py
[2025-04-04T13:39:48.824+0000] {processor.py:914} INFO - Processing file /home/airflow/.local/lib/python3.12/site-packages/airflow/example_dags/example_nested_branch_dag.py for tasks to queue
[2025-04-04T13:39:48.830+0000] {logging_mixin.py:190} INFO - [2025-04-04T13:39:48.829+0000] {dagbag.py:588} INFO - Filling up the DagBag from /home/airflow/.local/lib/python3.12/site-packages/airflow/example_dags/example_nested_branch_dag.py
[2025-04-04T13:39:48.865+0000] {processor.py:925} INFO - DAG(s) 'example_nested_branch_dag' retrieved from /home/airflow/.local/lib/python3.12/site-packages/airflow/example_dags/example_nested_branch_dag.py
[2025-04-04T13:39:48.927+0000] {logging_mixin.py:190} INFO - [2025-04-04T13:39:48.926+0000] {dag.py:3239} INFO - Sync 1 DAGs
[2025-04-04T13:39:49.030+0000] {logging_mixin.py:190} INFO - [2025-04-04T13:39:49.029+0000] {dag.py:4180} INFO - Setting next_dagrun for example_nested_branch_dag to 2025-04-03 00:00:00+00:00, run_after=2025-04-04 00:00:00+00:00
[2025-04-04T13:39:49.083+0000] {processor.py:208} INFO - Processing /home/airflow/.local/lib/python3.12/site-packages/airflow/example_dags/example_nested_branch_dag.py took 0.277 seconds
[2025-04-04T13:40:19.888+0000] {processor.py:186} INFO - Started process (PID=526) to work on /home/airflow/.local/lib/python3.12/site-packages/airflow/example_dags/example_nested_branch_dag.py
[2025-04-04T13:40:19.892+0000] {processor.py:914} INFO - Processing file /home/airflow/.local/lib/python3.12/site-packages/airflow/example_dags/example_nested_branch_dag.py for tasks to queue
[2025-04-04T13:40:19.901+0000] {logging_mixin.py:190} INFO - [2025-04-04T13:40:19.898+0000] {dagbag.py:588} INFO - Filling up the DagBag from /home/airflow/.local/lib/python3.12/site-packages/airflow/example_dags/example_nested_branch_dag.py
[2025-04-04T13:40:19.955+0000] {processor.py:925} INFO - DAG(s) 'example_nested_branch_dag' retrieved from /home/airflow/.local/lib/python3.12/site-packages/airflow/example_dags/example_nested_branch_dag.py
[2025-04-04T13:40:20.014+0000] {logging_mixin.py:190} INFO - [2025-04-04T13:40:20.013+0000] {dag.py:3239} INFO - Sync 1 DAGs
[2025-04-04T13:40:20.084+0000] {logging_mixin.py:190} INFO - [2025-04-04T13:40:20.083+0000] {dag.py:4180} INFO - Setting next_dagrun for example_nested_branch_dag to 2025-04-03 00:00:00+00:00, run_after=2025-04-04 00:00:00+00:00
[2025-04-04T13:40:20.117+0000] {processor.py:208} INFO - Processing /home/airflow/.local/lib/python3.12/site-packages/airflow/example_dags/example_nested_branch_dag.py took 0.256 seconds
[2025-04-04T13:40:50.350+0000] {processor.py:186} INFO - Started process (PID=589) to work on /home/airflow/.local/lib/python3.12/site-packages/airflow/example_dags/example_nested_branch_dag.py
[2025-04-04T13:40:50.353+0000] {processor.py:914} INFO - Processing file /home/airflow/.local/lib/python3.12/site-packages/airflow/example_dags/example_nested_branch_dag.py for tasks to queue
[2025-04-04T13:40:50.357+0000] {logging_mixin.py:190} INFO - [2025-04-04T13:40:50.357+0000] {dagbag.py:588} INFO - Filling up the DagBag from /home/airflow/.local/lib/python3.12/site-packages/airflow/example_dags/example_nested_branch_dag.py
[2025-04-04T13:40:50.378+0000] {processor.py:925} INFO - DAG(s) 'example_nested_branch_dag' retrieved from /home/airflow/.local/lib/python3.12/site-packages/airflow/example_dags/example_nested_branch_dag.py
[2025-04-04T13:40:50.420+0000] {logging_mixin.py:190} INFO - [2025-04-04T13:40:50.419+0000] {dag.py:3239} INFO - Sync 1 DAGs
[2025-04-04T13:40:50.480+0000] {logging_mixin.py:190} INFO - [2025-04-04T13:40:50.480+0000] {dag.py:4180} INFO - Setting next_dagrun for example_nested_branch_dag to 2025-04-03 00:00:00+00:00, run_after=2025-04-04 00:00:00+00:00
[2025-04-04T13:40:50.515+0000] {processor.py:208} INFO - Processing /home/airflow/.local/lib/python3.12/site-packages/airflow/example_dags/example_nested_branch_dag.py took 0.178 seconds
[2025-04-04T13:41:22.086+0000] {processor.py:186} INFO - Started process (PID=652) to work on /home/airflow/.local/lib/python3.12/site-packages/airflow/example_dags/example_nested_branch_dag.py
[2025-04-04T13:41:22.088+0000] {processor.py:914} INFO - Processing file /home/airflow/.local/lib/python3.12/site-packages/airflow/example_dags/example_nested_branch_dag.py for tasks to queue
[2025-04-04T13:41:22.093+0000] {logging_mixin.py:190} INFO - [2025-04-04T13:41:22.092+0000] {dagbag.py:588} INFO - Filling up the DagBag from /home/airflow/.local/lib/python3.12/site-packages/airflow/example_dags/example_nested_branch_dag.py
[2025-04-04T13:41:22.119+0000] {processor.py:925} INFO - DAG(s) 'example_nested_branch_dag' retrieved from /home/airflow/.local/lib/python3.12/site-packages/airflow/example_dags/example_nested_branch_dag.py
[2025-04-04T13:41:22.163+0000] {logging_mixin.py:190} INFO - [2025-04-04T13:41:22.162+0000] {dag.py:3239} INFO - Sync 1 DAGs
[2025-04-04T13:41:22.259+0000] {logging_mixin.py:190} INFO - [2025-04-04T13:41:22.258+0000] {dag.py:4180} INFO - Setting next_dagrun for example_nested_branch_dag to 2025-04-03 00:00:00+00:00, run_after=2025-04-04 00:00:00+00:00
[2025-04-04T13:41:22.307+0000] {processor.py:208} INFO - Processing /home/airflow/.local/lib/python3.12/site-packages/airflow/example_dags/example_nested_branch_dag.py took 0.239 seconds
[2025-04-04T13:41:52.862+0000] {processor.py:186} INFO - Started process (PID=715) to work on /home/airflow/.local/lib/python3.12/site-packages/airflow/example_dags/example_nested_branch_dag.py
[2025-04-04T13:41:52.866+0000] {processor.py:914} INFO - Processing file /home/airflow/.local/lib/python3.12/site-packages/airflow/example_dags/example_nested_branch_dag.py for tasks to queue
[2025-04-04T13:41:52.871+0000] {logging_mixin.py:190} INFO - [2025-04-04T13:41:52.871+0000] {dagbag.py:588} INFO - Filling up the DagBag from /home/airflow/.local/lib/python3.12/site-packages/airflow/example_dags/example_nested_branch_dag.py
[2025-04-04T13:41:52.903+0000] {processor.py:925} INFO - DAG(s) 'example_nested_branch_dag' retrieved from /home/airflow/.local/lib/python3.12/site-packages/airflow/example_dags/example_nested_branch_dag.py
[2025-04-04T13:41:52.939+0000] {logging_mixin.py:190} INFO - [2025-04-04T13:41:52.939+0000] {dag.py:3239} INFO - Sync 1 DAGs
[2025-04-04T13:41:52.992+0000] {logging_mixin.py:190} INFO - [2025-04-04T13:41:52.992+0000] {dag.py:4180} INFO - Setting next_dagrun for example_nested_branch_dag to 2025-04-03 00:00:00+00:00, run_after=2025-04-04 00:00:00+00:00
[2025-04-04T13:41:53.033+0000] {processor.py:208} INFO - Processing /home/airflow/.local/lib/python3.12/site-packages/airflow/example_dags/example_nested_branch_dag.py took 0.186 seconds
[2025-04-04T13:42:23.156+0000] {processor.py:186} INFO - Started process (PID=782) to work on /home/airflow/.local/lib/python3.12/site-packages/airflow/example_dags/example_nested_branch_dag.py
[2025-04-04T13:42:23.160+0000] {processor.py:914} INFO - Processing file /home/airflow/.local/lib/python3.12/site-packages/airflow/example_dags/example_nested_branch_dag.py for tasks to queue
[2025-04-04T13:42:23.163+0000] {logging_mixin.py:190} INFO - [2025-04-04T13:42:23.163+0000] {dagbag.py:588} INFO - Filling up the DagBag from /home/airflow/.local/lib/python3.12/site-packages/airflow/example_dags/example_nested_branch_dag.py
[2025-04-04T13:42:23.198+0000] {processor.py:925} INFO - DAG(s) 'example_nested_branch_dag' retrieved from /home/airflow/.local/lib/python3.12/site-packages/airflow/example_dags/example_nested_branch_dag.py
[2025-04-04T13:42:23.273+0000] {logging_mixin.py:190} INFO - [2025-04-04T13:42:23.273+0000] {dag.py:3239} INFO - Sync 1 DAGs
[2025-04-04T13:42:23.364+0000] {logging_mixin.py:190} INFO - [2025-04-04T13:42:23.363+0000] {dag.py:4180} INFO - Setting next_dagrun for example_nested_branch_dag to 2025-04-03 00:00:00+00:00, run_after=2025-04-04 00:00:00+00:00
[2025-04-04T13:42:23.430+0000] {processor.py:208} INFO - Processing /home/airflow/.local/lib/python3.12/site-packages/airflow/example_dags/example_nested_branch_dag.py took 0.286 seconds
[2025-04-04T13:42:54.038+0000] {processor.py:186} INFO - Started process (PID=845) to work on /home/airflow/.local/lib/python3.12/site-packages/airflow/example_dags/example_nested_branch_dag.py
[2025-04-04T13:42:54.042+0000] {processor.py:914} INFO - Processing file /home/airflow/.local/lib/python3.12/site-packages/airflow/example_dags/example_nested_branch_dag.py for tasks to queue
[2025-04-04T13:42:54.053+0000] {logging_mixin.py:190} INFO - [2025-04-04T13:42:54.052+0000] {dagbag.py:588} INFO - Filling up the DagBag from /home/airflow/.local/lib/python3.12/site-packages/airflow/example_dags/example_nested_branch_dag.py
[2025-04-04T13:42:54.087+0000] {processor.py:925} INFO - DAG(s) 'example_nested_branch_dag' retrieved from /home/airflow/.local/lib/python3.12/site-packages/airflow/example_dags/example_nested_branch_dag.py
[2025-04-04T13:42:54.148+0000] {logging_mixin.py:190} INFO - [2025-04-04T13:42:54.148+0000] {dag.py:3239} INFO - Sync 1 DAGs
[2025-04-04T13:42:54.209+0000] {logging_mixin.py:190} INFO - [2025-04-04T13:42:54.209+0000] {dag.py:4180} INFO - Setting next_dagrun for example_nested_branch_dag to 2025-04-03 00:00:00+00:00, run_after=2025-04-04 00:00:00+00:00
[2025-04-04T13:42:54.267+0000] {processor.py:208} INFO - Processing /home/airflow/.local/lib/python3.12/site-packages/airflow/example_dags/example_nested_branch_dag.py took 0.246 seconds
[2025-04-04T13:43:24.663+0000] {processor.py:186} INFO - Started process (PID=909) to work on /home/airflow/.local/lib/python3.12/site-packages/airflow/example_dags/example_nested_branch_dag.py
[2025-04-04T13:43:24.665+0000] {processor.py:914} INFO - Processing file /home/airflow/.local/lib/python3.12/site-packages/airflow/example_dags/example_nested_branch_dag.py for tasks to queue
[2025-04-04T13:43:24.668+0000] {logging_mixin.py:190} INFO - [2025-04-04T13:43:24.668+0000] {dagbag.py:588} INFO - Filling up the DagBag from /home/airflow/.local/lib/python3.12/site-packages/airflow/example_dags/example_nested_branch_dag.py
[2025-04-04T13:43:24.701+0000] {processor.py:925} INFO - DAG(s) 'example_nested_branch_dag' retrieved from /home/airflow/.local/lib/python3.12/site-packages/airflow/example_dags/example_nested_branch_dag.py
[2025-04-04T13:43:24.758+0000] {logging_mixin.py:190} INFO - [2025-04-04T13:43:24.757+0000] {dag.py:3239} INFO - Sync 1 DAGs
[2025-04-04T13:43:24.820+0000] {logging_mixin.py:190} INFO - [2025-04-04T13:43:24.819+0000] {dag.py:4180} INFO - Setting next_dagrun for example_nested_branch_dag to 2025-04-03 00:00:00+00:00, run_after=2025-04-04 00:00:00+00:00
[2025-04-04T13:43:24.868+0000] {processor.py:208} INFO - Processing /home/airflow/.local/lib/python3.12/site-packages/airflow/example_dags/example_nested_branch_dag.py took 0.219 seconds
[2025-04-04T13:43:55.811+0000] {processor.py:186} INFO - Started process (PID=971) to work on /home/airflow/.local/lib/python3.12/site-packages/airflow/example_dags/example_nested_branch_dag.py
[2025-04-04T13:43:55.814+0000] {processor.py:914} INFO - Processing file /home/airflow/.local/lib/python3.12/site-packages/airflow/example_dags/example_nested_branch_dag.py for tasks to queue
[2025-04-04T13:43:55.826+0000] {logging_mixin.py:190} INFO - [2025-04-04T13:43:55.825+0000] {dagbag.py:588} INFO - Filling up the DagBag from /home/airflow/.local/lib/python3.12/site-packages/airflow/example_dags/example_nested_branch_dag.py
[2025-04-04T13:43:55.869+0000] {processor.py:925} INFO - DAG(s) 'example_nested_branch_dag' retrieved from /home/airflow/.local/lib/python3.12/site-packages/airflow/example_dags/example_nested_branch_dag.py
[2025-04-04T13:43:55.932+0000] {logging_mixin.py:190} INFO - [2025-04-04T13:43:55.930+0000] {dag.py:3239} INFO - Sync 1 DAGs
[2025-04-04T13:43:56.012+0000] {logging_mixin.py:190} INFO - [2025-04-04T13:43:56.012+0000] {dag.py:4180} INFO - Setting next_dagrun for example_nested_branch_dag to 2025-04-03 00:00:00+00:00, run_after=2025-04-04 00:00:00+00:00
[2025-04-04T13:43:56.069+0000] {processor.py:208} INFO - Processing /home/airflow/.local/lib/python3.12/site-packages/airflow/example_dags/example_nested_branch_dag.py took 0.276 seconds
[2025-04-04T13:44:27.538+0000] {processor.py:186} INFO - Started process (PID=1034) to work on /home/airflow/.local/lib/python3.12/site-packages/airflow/example_dags/example_nested_branch_dag.py
[2025-04-04T13:44:27.540+0000] {processor.py:914} INFO - Processing file /home/airflow/.local/lib/python3.12/site-packages/airflow/example_dags/example_nested_branch_dag.py for tasks to queue
[2025-04-04T13:44:27.544+0000] {logging_mixin.py:190} INFO - [2025-04-04T13:44:27.543+0000] {dagbag.py:588} INFO - Filling up the DagBag from /home/airflow/.local/lib/python3.12/site-packages/airflow/example_dags/example_nested_branch_dag.py
[2025-04-04T13:44:27.571+0000] {processor.py:925} INFO - DAG(s) 'example_nested_branch_dag' retrieved from /home/airflow/.local/lib/python3.12/site-packages/airflow/example_dags/example_nested_branch_dag.py
[2025-04-04T13:44:27.629+0000] {logging_mixin.py:190} INFO - [2025-04-04T13:44:27.629+0000] {dag.py:3239} INFO - Sync 1 DAGs
[2025-04-04T13:44:27.692+0000] {logging_mixin.py:190} INFO - [2025-04-04T13:44:27.692+0000] {dag.py:4180} INFO - Setting next_dagrun for example_nested_branch_dag to 2025-04-03 00:00:00+00:00, run_after=2025-04-04 00:00:00+00:00
[2025-04-04T13:44:27.741+0000] {processor.py:208} INFO - Processing /home/airflow/.local/lib/python3.12/site-packages/airflow/example_dags/example_nested_branch_dag.py took 0.219 seconds
[2025-04-04T13:44:59.257+0000] {processor.py:186} INFO - Started process (PID=1097) to work on /home/airflow/.local/lib/python3.12/site-packages/airflow/example_dags/example_nested_branch_dag.py
[2025-04-04T13:44:59.259+0000] {processor.py:914} INFO - Processing file /home/airflow/.local/lib/python3.12/site-packages/airflow/example_dags/example_nested_branch_dag.py for tasks to queue
[2025-04-04T13:44:59.267+0000] {logging_mixin.py:190} INFO - [2025-04-04T13:44:59.266+0000] {dagbag.py:588} INFO - Filling up the DagBag from /home/airflow/.local/lib/python3.12/site-packages/airflow/example_dags/example_nested_branch_dag.py
[2025-04-04T13:44:59.302+0000] {processor.py:925} INFO - DAG(s) 'example_nested_branch_dag' retrieved from /home/airflow/.local/lib/python3.12/site-packages/airflow/example_dags/example_nested_branch_dag.py
[2025-04-04T13:44:59.350+0000] {logging_mixin.py:190} INFO - [2025-04-04T13:44:59.349+0000] {dag.py:3239} INFO - Sync 1 DAGs
[2025-04-04T13:44:59.432+0000] {logging_mixin.py:190} INFO - [2025-04-04T13:44:59.431+0000] {dag.py:4180} INFO - Setting next_dagrun for example_nested_branch_dag to 2025-04-03 00:00:00+00:00, run_after=2025-04-04 00:00:00+00:00
[2025-04-04T13:44:59.569+0000] {processor.py:208} INFO - Processing /home/airflow/.local/lib/python3.12/site-packages/airflow/example_dags/example_nested_branch_dag.py took 0.327 seconds
[2025-04-04T13:45:30.945+0000] {processor.py:186} INFO - Started process (PID=1160) to work on /home/airflow/.local/lib/python3.12/site-packages/airflow/example_dags/example_nested_branch_dag.py
[2025-04-04T13:45:30.948+0000] {processor.py:914} INFO - Processing file /home/airflow/.local/lib/python3.12/site-packages/airflow/example_dags/example_nested_branch_dag.py for tasks to queue
[2025-04-04T13:45:30.952+0000] {logging_mixin.py:190} INFO - [2025-04-04T13:45:30.952+0000] {dagbag.py:588} INFO - Filling up the DagBag from /home/airflow/.local/lib/python3.12/site-packages/airflow/example_dags/example_nested_branch_dag.py
[2025-04-04T13:45:30.996+0000] {processor.py:925} INFO - DAG(s) 'example_nested_branch_dag' retrieved from /home/airflow/.local/lib/python3.12/site-packages/airflow/example_dags/example_nested_branch_dag.py
[2025-04-04T13:45:31.081+0000] {logging_mixin.py:190} INFO - [2025-04-04T13:45:31.080+0000] {dag.py:3239} INFO - Sync 1 DAGs
[2025-04-04T13:45:31.163+0000] {logging_mixin.py:190} INFO - [2025-04-04T13:45:31.162+0000] {dag.py:4180} INFO - Setting next_dagrun for example_nested_branch_dag to 2025-04-03 00:00:00+00:00, run_after=2025-04-04 00:00:00+00:00
[2025-04-04T13:45:31.215+0000] {processor.py:208} INFO - Processing /home/airflow/.local/lib/python3.12/site-packages/airflow/example_dags/example_nested_branch_dag.py took 0.286 seconds
[2025-04-04T13:46:01.521+0000] {processor.py:186} INFO - Started process (PID=1222) to work on /home/airflow/.local/lib/python3.12/site-packages/airflow/example_dags/example_nested_branch_dag.py
[2025-04-04T13:46:01.523+0000] {processor.py:914} INFO - Processing file /home/airflow/.local/lib/python3.12/site-packages/airflow/example_dags/example_nested_branch_dag.py for tasks to queue
[2025-04-04T13:46:01.538+0000] {logging_mixin.py:190} INFO - [2025-04-04T13:46:01.537+0000] {dagbag.py:588} INFO - Filling up the DagBag from /home/airflow/.local/lib/python3.12/site-packages/airflow/example_dags/example_nested_branch_dag.py
[2025-04-04T13:46:01.582+0000] {processor.py:925} INFO - DAG(s) 'example_nested_branch_dag' retrieved from /home/airflow/.local/lib/python3.12/site-packages/airflow/example_dags/example_nested_branch_dag.py
[2025-04-04T13:46:01.685+0000] {logging_mixin.py:190} INFO - [2025-04-04T13:46:01.683+0000] {dag.py:3239} INFO - Sync 1 DAGs
[2025-04-04T13:46:01.785+0000] {logging_mixin.py:190} INFO - [2025-04-04T13:46:01.784+0000] {dag.py:4180} INFO - Setting next_dagrun for example_nested_branch_dag to 2025-04-03 00:00:00+00:00, run_after=2025-04-04 00:00:00+00:00
[2025-04-04T13:46:01.887+0000] {processor.py:208} INFO - Processing /home/airflow/.local/lib/python3.12/site-packages/airflow/example_dags/example_nested_branch_dag.py took 0.382 seconds
[2025-04-04T13:46:45.843+0000] {processor.py:186} INFO - Started process (PID=1286) to work on /home/airflow/.local/lib/python3.12/site-packages/airflow/example_dags/example_nested_branch_dag.py
[2025-04-04T13:46:45.846+0000] {processor.py:914} INFO - Processing file /home/airflow/.local/lib/python3.12/site-packages/airflow/example_dags/example_nested_branch_dag.py for tasks to queue
[2025-04-04T13:46:45.852+0000] {logging_mixin.py:190} INFO - [2025-04-04T13:46:45.851+0000] {dagbag.py:588} INFO - Filling up the DagBag from /home/airflow/.local/lib/python3.12/site-packages/airflow/example_dags/example_nested_branch_dag.py
[2025-04-04T13:46:45.889+0000] {processor.py:925} INFO - DAG(s) 'example_nested_branch_dag' retrieved from /home/airflow/.local/lib/python3.12/site-packages/airflow/example_dags/example_nested_branch_dag.py
[2025-04-04T13:46:45.962+0000] {logging_mixin.py:190} INFO - [2025-04-04T13:46:45.961+0000] {dag.py:3239} INFO - Sync 1 DAGs
[2025-04-04T13:46:46.029+0000] {logging_mixin.py:190} INFO - [2025-04-04T13:46:46.028+0000] {dag.py:4180} INFO - Setting next_dagrun for example_nested_branch_dag to 2025-04-03 00:00:00+00:00, run_after=2025-04-04 00:00:00+00:00
[2025-04-04T13:46:46.082+0000] {processor.py:208} INFO - Processing /home/airflow/.local/lib/python3.12/site-packages/airflow/example_dags/example_nested_branch_dag.py took 0.259 seconds
[2025-04-04T13:47:17.877+0000] {processor.py:186} INFO - Started process (PID=1349) to work on /home/airflow/.local/lib/python3.12/site-packages/airflow/example_dags/example_nested_branch_dag.py
[2025-04-04T13:47:17.898+0000] {processor.py:914} INFO - Processing file /home/airflow/.local/lib/python3.12/site-packages/airflow/example_dags/example_nested_branch_dag.py for tasks to queue
[2025-04-04T13:47:17.919+0000] {logging_mixin.py:190} INFO - [2025-04-04T13:47:17.918+0000] {dagbag.py:588} INFO - Filling up the DagBag from /home/airflow/.local/lib/python3.12/site-packages/airflow/example_dags/example_nested_branch_dag.py
[2025-04-04T13:47:17.976+0000] {processor.py:925} INFO - DAG(s) 'example_nested_branch_dag' retrieved from /home/airflow/.local/lib/python3.12/site-packages/airflow/example_dags/example_nested_branch_dag.py
[2025-04-04T13:47:18.037+0000] {logging_mixin.py:190} INFO - [2025-04-04T13:47:18.036+0000] {dag.py:3239} INFO - Sync 1 DAGs
[2025-04-04T13:47:18.105+0000] {logging_mixin.py:190} INFO - [2025-04-04T13:47:18.105+0000] {dag.py:4180} INFO - Setting next_dagrun for example_nested_branch_dag to 2025-04-03 00:00:00+00:00, run_after=2025-04-04 00:00:00+00:00
[2025-04-04T13:47:18.156+0000] {processor.py:208} INFO - Processing /home/airflow/.local/lib/python3.12/site-packages/airflow/example_dags/example_nested_branch_dag.py took 0.316 seconds
[2025-04-04T13:47:49.275+0000] {processor.py:186} INFO - Started process (PID=1412) to work on /home/airflow/.local/lib/python3.12/site-packages/airflow/example_dags/example_nested_branch_dag.py
[2025-04-04T13:47:49.293+0000] {processor.py:914} INFO - Processing file /home/airflow/.local/lib/python3.12/site-packages/airflow/example_dags/example_nested_branch_dag.py for tasks to queue
[2025-04-04T13:47:49.310+0000] {logging_mixin.py:190} INFO - [2025-04-04T13:47:49.309+0000] {dagbag.py:588} INFO - Filling up the DagBag from /home/airflow/.local/lib/python3.12/site-packages/airflow/example_dags/example_nested_branch_dag.py
[2025-04-04T13:47:49.377+0000] {processor.py:925} INFO - DAG(s) 'example_nested_branch_dag' retrieved from /home/airflow/.local/lib/python3.12/site-packages/airflow/example_dags/example_nested_branch_dag.py
[2025-04-04T13:47:49.435+0000] {logging_mixin.py:190} INFO - [2025-04-04T13:47:49.434+0000] {dag.py:3239} INFO - Sync 1 DAGs
[2025-04-04T13:47:49.612+0000] {logging_mixin.py:190} INFO - [2025-04-04T13:47:49.611+0000] {dag.py:4180} INFO - Setting next_dagrun for example_nested_branch_dag to 2025-04-03 00:00:00+00:00, run_after=2025-04-04 00:00:00+00:00
[2025-04-04T13:47:49.717+0000] {processor.py:208} INFO - Processing /home/airflow/.local/lib/python3.12/site-packages/airflow/example_dags/example_nested_branch_dag.py took 0.477 seconds
[2025-04-04T13:48:20.134+0000] {processor.py:186} INFO - Started process (PID=1475) to work on /home/airflow/.local/lib/python3.12/site-packages/airflow/example_dags/example_nested_branch_dag.py
[2025-04-04T13:48:20.137+0000] {processor.py:914} INFO - Processing file /home/airflow/.local/lib/python3.12/site-packages/airflow/example_dags/example_nested_branch_dag.py for tasks to queue
[2025-04-04T13:48:20.161+0000] {logging_mixin.py:190} INFO - [2025-04-04T13:48:20.160+0000] {dagbag.py:588} INFO - Filling up the DagBag from /home/airflow/.local/lib/python3.12/site-packages/airflow/example_dags/example_nested_branch_dag.py
[2025-04-04T13:48:20.300+0000] {processor.py:925} INFO - DAG(s) 'example_nested_branch_dag' retrieved from /home/airflow/.local/lib/python3.12/site-packages/airflow/example_dags/example_nested_branch_dag.py
[2025-04-04T13:48:20.497+0000] {logging_mixin.py:190} INFO - [2025-04-04T13:48:20.496+0000] {dag.py:3239} INFO - Sync 1 DAGs
[2025-04-04T13:48:20.625+0000] {logging_mixin.py:190} INFO - [2025-04-04T13:48:20.624+0000] {dag.py:4180} INFO - Setting next_dagrun for example_nested_branch_dag to 2025-04-03 00:00:00+00:00, run_after=2025-04-04 00:00:00+00:00
[2025-04-04T13:48:20.704+0000] {processor.py:208} INFO - Processing /home/airflow/.local/lib/python3.12/site-packages/airflow/example_dags/example_nested_branch_dag.py took 0.626 seconds
[2025-04-04T13:48:50.980+0000] {processor.py:186} INFO - Started process (PID=1537) to work on /home/airflow/.local/lib/python3.12/site-packages/airflow/example_dags/example_nested_branch_dag.py
[2025-04-04T13:48:50.982+0000] {processor.py:914} INFO - Processing file /home/airflow/.local/lib/python3.12/site-packages/airflow/example_dags/example_nested_branch_dag.py for tasks to queue
[2025-04-04T13:48:50.987+0000] {logging_mixin.py:190} INFO - [2025-04-04T13:48:50.986+0000] {dagbag.py:588} INFO - Filling up the DagBag from /home/airflow/.local/lib/python3.12/site-packages/airflow/example_dags/example_nested_branch_dag.py
[2025-04-04T13:48:51.017+0000] {processor.py:925} INFO - DAG(s) 'example_nested_branch_dag' retrieved from /home/airflow/.local/lib/python3.12/site-packages/airflow/example_dags/example_nested_branch_dag.py
[2025-04-04T13:48:51.058+0000] {logging_mixin.py:190} INFO - [2025-04-04T13:48:51.057+0000] {dag.py:3239} INFO - Sync 1 DAGs
[2025-04-04T13:48:51.114+0000] {logging_mixin.py:190} INFO - [2025-04-04T13:48:51.114+0000] {dag.py:4180} INFO - Setting next_dagrun for example_nested_branch_dag to 2025-04-03 00:00:00+00:00, run_after=2025-04-04 00:00:00+00:00
[2025-04-04T13:48:51.178+0000] {processor.py:208} INFO - Processing /home/airflow/.local/lib/python3.12/site-packages/airflow/example_dags/example_nested_branch_dag.py took 0.219 seconds
[2025-04-04T13:49:23.878+0000] {processor.py:186} INFO - Started process (PID=1598) to work on /home/airflow/.local/lib/python3.12/site-packages/airflow/example_dags/example_nested_branch_dag.py
[2025-04-04T13:49:23.882+0000] {processor.py:914} INFO - Processing file /home/airflow/.local/lib/python3.12/site-packages/airflow/example_dags/example_nested_branch_dag.py for tasks to queue
[2025-04-04T13:49:23.897+0000] {logging_mixin.py:190} INFO - [2025-04-04T13:49:23.896+0000] {dagbag.py:588} INFO - Filling up the DagBag from /home/airflow/.local/lib/python3.12/site-packages/airflow/example_dags/example_nested_branch_dag.py
[2025-04-04T13:49:23.941+0000] {processor.py:925} INFO - DAG(s) 'example_nested_branch_dag' retrieved from /home/airflow/.local/lib/python3.12/site-packages/airflow/example_dags/example_nested_branch_dag.py
[2025-04-04T13:49:24.083+0000] {logging_mixin.py:190} INFO - [2025-04-04T13:49:24.083+0000] {dag.py:3239} INFO - Sync 1 DAGs
[2025-04-04T13:49:24.218+0000] {logging_mixin.py:190} INFO - [2025-04-04T13:49:24.217+0000] {dag.py:4180} INFO - Setting next_dagrun for example_nested_branch_dag to 2025-04-03 00:00:00+00:00, run_after=2025-04-04 00:00:00+00:00
[2025-04-04T13:49:24.409+0000] {processor.py:208} INFO - Processing /home/airflow/.local/lib/python3.12/site-packages/airflow/example_dags/example_nested_branch_dag.py took 0.550 seconds
[2025-04-04T13:49:54.535+0000] {processor.py:186} INFO - Started process (PID=1661) to work on /home/airflow/.local/lib/python3.12/site-packages/airflow/example_dags/example_nested_branch_dag.py
[2025-04-04T13:49:54.541+0000] {processor.py:914} INFO - Processing file /home/airflow/.local/lib/python3.12/site-packages/airflow/example_dags/example_nested_branch_dag.py for tasks to queue
[2025-04-04T13:49:54.548+0000] {logging_mixin.py:190} INFO - [2025-04-04T13:49:54.547+0000] {dagbag.py:588} INFO - Filling up the DagBag from /home/airflow/.local/lib/python3.12/site-packages/airflow/example_dags/example_nested_branch_dag.py
[2025-04-04T13:49:54.595+0000] {processor.py:925} INFO - DAG(s) 'example_nested_branch_dag' retrieved from /home/airflow/.local/lib/python3.12/site-packages/airflow/example_dags/example_nested_branch_dag.py
[2025-04-04T13:49:54.753+0000] {logging_mixin.py:190} INFO - [2025-04-04T13:49:54.752+0000] {dag.py:3239} INFO - Sync 1 DAGs
[2025-04-04T13:49:55.053+0000] {logging_mixin.py:190} INFO - [2025-04-04T13:49:55.052+0000] {dag.py:4180} INFO - Setting next_dagrun for example_nested_branch_dag to 2025-04-03 00:00:00+00:00, run_after=2025-04-04 00:00:00+00:00
[2025-04-04T13:49:55.175+0000] {processor.py:208} INFO - Processing /home/airflow/.local/lib/python3.12/site-packages/airflow/example_dags/example_nested_branch_dag.py took 0.664 seconds
[2025-04-04T13:50:26.281+0000] {processor.py:186} INFO - Started process (PID=1729) to work on /home/airflow/.local/lib/python3.12/site-packages/airflow/example_dags/example_nested_branch_dag.py
[2025-04-04T13:50:26.283+0000] {processor.py:914} INFO - Processing file /home/airflow/.local/lib/python3.12/site-packages/airflow/example_dags/example_nested_branch_dag.py for tasks to queue
[2025-04-04T13:50:26.291+0000] {logging_mixin.py:190} INFO - [2025-04-04T13:50:26.290+0000] {dagbag.py:588} INFO - Filling up the DagBag from /home/airflow/.local/lib/python3.12/site-packages/airflow/example_dags/example_nested_branch_dag.py
[2025-04-04T13:50:26.344+0000] {processor.py:925} INFO - DAG(s) 'example_nested_branch_dag' retrieved from /home/airflow/.local/lib/python3.12/site-packages/airflow/example_dags/example_nested_branch_dag.py
[2025-04-04T13:50:26.407+0000] {logging_mixin.py:190} INFO - [2025-04-04T13:50:26.407+0000] {dag.py:3239} INFO - Sync 1 DAGs
[2025-04-04T13:50:26.490+0000] {logging_mixin.py:190} INFO - [2025-04-04T13:50:26.489+0000] {dag.py:4180} INFO - Setting next_dagrun for example_nested_branch_dag to 2025-04-03 00:00:00+00:00, run_after=2025-04-04 00:00:00+00:00
[2025-04-04T13:50:26.595+0000] {processor.py:208} INFO - Processing /home/airflow/.local/lib/python3.12/site-packages/airflow/example_dags/example_nested_branch_dag.py took 0.338 seconds
[2025-04-04T13:50:56.673+0000] {processor.py:186} INFO - Started process (PID=1792) to work on /home/airflow/.local/lib/python3.12/site-packages/airflow/example_dags/example_nested_branch_dag.py
[2025-04-04T13:50:56.674+0000] {processor.py:914} INFO - Processing file /home/airflow/.local/lib/python3.12/site-packages/airflow/example_dags/example_nested_branch_dag.py for tasks to queue
[2025-04-04T13:50:56.678+0000] {logging_mixin.py:190} INFO - [2025-04-04T13:50:56.677+0000] {dagbag.py:588} INFO - Filling up the DagBag from /home/airflow/.local/lib/python3.12/site-packages/airflow/example_dags/example_nested_branch_dag.py
[2025-04-04T13:50:56.701+0000] {processor.py:925} INFO - DAG(s) 'example_nested_branch_dag' retrieved from /home/airflow/.local/lib/python3.12/site-packages/airflow/example_dags/example_nested_branch_dag.py
[2025-04-04T13:50:56.742+0000] {logging_mixin.py:190} INFO - [2025-04-04T13:50:56.741+0000] {dag.py:3239} INFO - Sync 1 DAGs
[2025-04-04T13:50:56.793+0000] {logging_mixin.py:190} INFO - [2025-04-04T13:50:56.793+0000] {dag.py:4180} INFO - Setting next_dagrun for example_nested_branch_dag to 2025-04-03 00:00:00+00:00, run_after=2025-04-04 00:00:00+00:00
[2025-04-04T13:50:56.826+0000] {processor.py:208} INFO - Processing /home/airflow/.local/lib/python3.12/site-packages/airflow/example_dags/example_nested_branch_dag.py took 0.167 seconds
[2025-04-04T13:51:28.054+0000] {processor.py:186} INFO - Started process (PID=1855) to work on /home/airflow/.local/lib/python3.12/site-packages/airflow/example_dags/example_nested_branch_dag.py
[2025-04-04T13:51:28.057+0000] {processor.py:914} INFO - Processing file /home/airflow/.local/lib/python3.12/site-packages/airflow/example_dags/example_nested_branch_dag.py for tasks to queue
[2025-04-04T13:51:28.062+0000] {logging_mixin.py:190} INFO - [2025-04-04T13:51:28.061+0000] {dagbag.py:588} INFO - Filling up the DagBag from /home/airflow/.local/lib/python3.12/site-packages/airflow/example_dags/example_nested_branch_dag.py
[2025-04-04T13:51:28.098+0000] {processor.py:925} INFO - DAG(s) 'example_nested_branch_dag' retrieved from /home/airflow/.local/lib/python3.12/site-packages/airflow/example_dags/example_nested_branch_dag.py
[2025-04-04T13:51:28.194+0000] {logging_mixin.py:190} INFO - [2025-04-04T13:51:28.194+0000] {dag.py:3239} INFO - Sync 1 DAGs
[2025-04-04T13:51:28.276+0000] {logging_mixin.py:190} INFO - [2025-04-04T13:51:28.276+0000] {dag.py:4180} INFO - Setting next_dagrun for example_nested_branch_dag to 2025-04-03 00:00:00+00:00, run_after=2025-04-04 00:00:00+00:00
[2025-04-04T13:51:28.344+0000] {processor.py:208} INFO - Processing /home/airflow/.local/lib/python3.12/site-packages/airflow/example_dags/example_nested_branch_dag.py took 0.307 seconds
[2025-04-04T13:51:59.184+0000] {processor.py:186} INFO - Started process (PID=1919) to work on /home/airflow/.local/lib/python3.12/site-packages/airflow/example_dags/example_nested_branch_dag.py
[2025-04-04T13:51:59.186+0000] {processor.py:914} INFO - Processing file /home/airflow/.local/lib/python3.12/site-packages/airflow/example_dags/example_nested_branch_dag.py for tasks to queue
[2025-04-04T13:51:59.190+0000] {logging_mixin.py:190} INFO - [2025-04-04T13:51:59.189+0000] {dagbag.py:588} INFO - Filling up the DagBag from /home/airflow/.local/lib/python3.12/site-packages/airflow/example_dags/example_nested_branch_dag.py
[2025-04-04T13:51:59.225+0000] {processor.py:925} INFO - DAG(s) 'example_nested_branch_dag' retrieved from /home/airflow/.local/lib/python3.12/site-packages/airflow/example_dags/example_nested_branch_dag.py
[2025-04-04T13:51:59.280+0000] {logging_mixin.py:190} INFO - [2025-04-04T13:51:59.279+0000] {dag.py:3239} INFO - Sync 1 DAGs
[2025-04-04T13:51:59.353+0000] {logging_mixin.py:190} INFO - [2025-04-04T13:51:59.353+0000] {dag.py:4180} INFO - Setting next_dagrun for example_nested_branch_dag to 2025-04-03 00:00:00+00:00, run_after=2025-04-04 00:00:00+00:00
[2025-04-04T13:51:59.413+0000] {processor.py:208} INFO - Processing /home/airflow/.local/lib/python3.12/site-packages/airflow/example_dags/example_nested_branch_dag.py took 0.245 seconds
[2025-04-04T13:52:29.796+0000] {processor.py:186} INFO - Started process (PID=1982) to work on /home/airflow/.local/lib/python3.12/site-packages/airflow/example_dags/example_nested_branch_dag.py
[2025-04-04T13:52:29.798+0000] {processor.py:914} INFO - Processing file /home/airflow/.local/lib/python3.12/site-packages/airflow/example_dags/example_nested_branch_dag.py for tasks to queue
[2025-04-04T13:52:29.803+0000] {logging_mixin.py:190} INFO - [2025-04-04T13:52:29.802+0000] {dagbag.py:588} INFO - Filling up the DagBag from /home/airflow/.local/lib/python3.12/site-packages/airflow/example_dags/example_nested_branch_dag.py
[2025-04-04T13:52:29.828+0000] {processor.py:925} INFO - DAG(s) 'example_nested_branch_dag' retrieved from /home/airflow/.local/lib/python3.12/site-packages/airflow/example_dags/example_nested_branch_dag.py
[2025-04-04T13:52:29.888+0000] {logging_mixin.py:190} INFO - [2025-04-04T13:52:29.887+0000] {dag.py:3239} INFO - Sync 1 DAGs
[2025-04-04T13:52:29.967+0000] {logging_mixin.py:190} INFO - [2025-04-04T13:52:29.966+0000] {dag.py:4180} INFO - Setting next_dagrun for example_nested_branch_dag to 2025-04-03 00:00:00+00:00, run_after=2025-04-04 00:00:00+00:00
[2025-04-04T13:52:30.001+0000] {processor.py:208} INFO - Processing /home/airflow/.local/lib/python3.12/site-packages/airflow/example_dags/example_nested_branch_dag.py took 0.219 seconds
[2025-04-04T13:53:00.631+0000] {processor.py:186} INFO - Started process (PID=2046) to work on /home/airflow/.local/lib/python3.12/site-packages/airflow/example_dags/example_nested_branch_dag.py
[2025-04-04T13:53:00.633+0000] {processor.py:914} INFO - Processing file /home/airflow/.local/lib/python3.12/site-packages/airflow/example_dags/example_nested_branch_dag.py for tasks to queue
[2025-04-04T13:53:00.639+0000] {logging_mixin.py:190} INFO - [2025-04-04T13:53:00.638+0000] {dagbag.py:588} INFO - Filling up the DagBag from /home/airflow/.local/lib/python3.12/site-packages/airflow/example_dags/example_nested_branch_dag.py
[2025-04-04T13:53:00.675+0000] {processor.py:925} INFO - DAG(s) 'example_nested_branch_dag' retrieved from /home/airflow/.local/lib/python3.12/site-packages/airflow/example_dags/example_nested_branch_dag.py
[2025-04-04T13:53:00.740+0000] {logging_mixin.py:190} INFO - [2025-04-04T13:53:00.739+0000] {dag.py:3239} INFO - Sync 1 DAGs
[2025-04-04T13:53:00.830+0000] {logging_mixin.py:190} INFO - [2025-04-04T13:53:00.829+0000] {dag.py:4180} INFO - Setting next_dagrun for example_nested_branch_dag to 2025-04-03 00:00:00+00:00, run_after=2025-04-04 00:00:00+00:00
[2025-04-04T13:53:00.870+0000] {processor.py:208} INFO - Processing /home/airflow/.local/lib/python3.12/site-packages/airflow/example_dags/example_nested_branch_dag.py took 0.272 seconds
[2025-04-04T13:53:32.380+0000] {processor.py:186} INFO - Started process (PID=2109) to work on /home/airflow/.local/lib/python3.12/site-packages/airflow/example_dags/example_nested_branch_dag.py
[2025-04-04T13:53:32.382+0000] {processor.py:914} INFO - Processing file /home/airflow/.local/lib/python3.12/site-packages/airflow/example_dags/example_nested_branch_dag.py for tasks to queue
[2025-04-04T13:53:32.386+0000] {logging_mixin.py:190} INFO - [2025-04-04T13:53:32.385+0000] {dagbag.py:588} INFO - Filling up the DagBag from /home/airflow/.local/lib/python3.12/site-packages/airflow/example_dags/example_nested_branch_dag.py
[2025-04-04T13:53:32.416+0000] {processor.py:925} INFO - DAG(s) 'example_nested_branch_dag' retrieved from /home/airflow/.local/lib/python3.12/site-packages/airflow/example_dags/example_nested_branch_dag.py
[2025-04-04T13:53:32.468+0000] {logging_mixin.py:190} INFO - [2025-04-04T13:53:32.467+0000] {dag.py:3239} INFO - Sync 1 DAGs
[2025-04-04T13:53:32.534+0000] {logging_mixin.py:190} INFO - [2025-04-04T13:53:32.534+0000] {dag.py:4180} INFO - Setting next_dagrun for example_nested_branch_dag to 2025-04-03 00:00:00+00:00, run_after=2025-04-04 00:00:00+00:00
[2025-04-04T13:53:32.582+0000] {processor.py:208} INFO - Processing /home/airflow/.local/lib/python3.12/site-packages/airflow/example_dags/example_nested_branch_dag.py took 0.217 seconds
[2025-04-04T13:54:04.106+0000] {processor.py:186} INFO - Started process (PID=2172) to work on /home/airflow/.local/lib/python3.12/site-packages/airflow/example_dags/example_nested_branch_dag.py
[2025-04-04T13:54:04.108+0000] {processor.py:914} INFO - Processing file /home/airflow/.local/lib/python3.12/site-packages/airflow/example_dags/example_nested_branch_dag.py for tasks to queue
[2025-04-04T13:54:04.113+0000] {logging_mixin.py:190} INFO - [2025-04-04T13:54:04.112+0000] {dagbag.py:588} INFO - Filling up the DagBag from /home/airflow/.local/lib/python3.12/site-packages/airflow/example_dags/example_nested_branch_dag.py
[2025-04-04T13:54:04.145+0000] {processor.py:925} INFO - DAG(s) 'example_nested_branch_dag' retrieved from /home/airflow/.local/lib/python3.12/site-packages/airflow/example_dags/example_nested_branch_dag.py
[2025-04-04T13:54:04.195+0000] {logging_mixin.py:190} INFO - [2025-04-04T13:54:04.194+0000] {dag.py:3239} INFO - Sync 1 DAGs
[2025-04-04T13:54:04.256+0000] {logging_mixin.py:190} INFO - [2025-04-04T13:54:04.255+0000] {dag.py:4180} INFO - Setting next_dagrun for example_nested_branch_dag to 2025-04-03 00:00:00+00:00, run_after=2025-04-04 00:00:00+00:00
[2025-04-04T13:54:04.302+0000] {processor.py:208} INFO - Processing /home/airflow/.local/lib/python3.12/site-packages/airflow/example_dags/example_nested_branch_dag.py took 0.212 seconds
[2025-04-04T13:54:36.031+0000] {processor.py:186} INFO - Started process (PID=2236) to work on /home/airflow/.local/lib/python3.12/site-packages/airflow/example_dags/example_nested_branch_dag.py
[2025-04-04T13:54:36.034+0000] {processor.py:914} INFO - Processing file /home/airflow/.local/lib/python3.12/site-packages/airflow/example_dags/example_nested_branch_dag.py for tasks to queue
[2025-04-04T13:54:36.043+0000] {logging_mixin.py:190} INFO - [2025-04-04T13:54:36.043+0000] {dagbag.py:588} INFO - Filling up the DagBag from /home/airflow/.local/lib/python3.12/site-packages/airflow/example_dags/example_nested_branch_dag.py
[2025-04-04T13:54:36.084+0000] {processor.py:925} INFO - DAG(s) 'example_nested_branch_dag' retrieved from /home/airflow/.local/lib/python3.12/site-packages/airflow/example_dags/example_nested_branch_dag.py
[2025-04-04T13:54:36.143+0000] {logging_mixin.py:190} INFO - [2025-04-04T13:54:36.142+0000] {dag.py:3239} INFO - Sync 1 DAGs
[2025-04-04T13:54:36.234+0000] {logging_mixin.py:190} INFO - [2025-04-04T13:54:36.233+0000] {dag.py:4180} INFO - Setting next_dagrun for example_nested_branch_dag to 2025-04-03 00:00:00+00:00, run_after=2025-04-04 00:00:00+00:00
[2025-04-04T13:54:36.299+0000] {processor.py:208} INFO - Processing /home/airflow/.local/lib/python3.12/site-packages/airflow/example_dags/example_nested_branch_dag.py took 0.285 seconds
[2025-04-04T13:55:07.716+0000] {processor.py:186} INFO - Started process (PID=2299) to work on /home/airflow/.local/lib/python3.12/site-packages/airflow/example_dags/example_nested_branch_dag.py
[2025-04-04T13:55:07.718+0000] {processor.py:914} INFO - Processing file /home/airflow/.local/lib/python3.12/site-packages/airflow/example_dags/example_nested_branch_dag.py for tasks to queue
[2025-04-04T13:55:07.722+0000] {logging_mixin.py:190} INFO - [2025-04-04T13:55:07.721+0000] {dagbag.py:588} INFO - Filling up the DagBag from /home/airflow/.local/lib/python3.12/site-packages/airflow/example_dags/example_nested_branch_dag.py
[2025-04-04T13:55:07.758+0000] {processor.py:925} INFO - DAG(s) 'example_nested_branch_dag' retrieved from /home/airflow/.local/lib/python3.12/site-packages/airflow/example_dags/example_nested_branch_dag.py
[2025-04-04T13:55:07.821+0000] {logging_mixin.py:190} INFO - [2025-04-04T13:55:07.821+0000] {dag.py:3239} INFO - Sync 1 DAGs
[2025-04-04T13:55:07.892+0000] {logging_mixin.py:190} INFO - [2025-04-04T13:55:07.891+0000] {dag.py:4180} INFO - Setting next_dagrun for example_nested_branch_dag to 2025-04-03 00:00:00+00:00, run_after=2025-04-04 00:00:00+00:00
[2025-04-04T13:55:07.942+0000] {processor.py:208} INFO - Processing /home/airflow/.local/lib/python3.12/site-packages/airflow/example_dags/example_nested_branch_dag.py took 0.248 seconds
[2025-04-04T13:55:38.182+0000] {processor.py:186} INFO - Started process (PID=2360) to work on /home/airflow/.local/lib/python3.12/site-packages/airflow/example_dags/example_nested_branch_dag.py
[2025-04-04T13:55:38.184+0000] {processor.py:914} INFO - Processing file /home/airflow/.local/lib/python3.12/site-packages/airflow/example_dags/example_nested_branch_dag.py for tasks to queue
[2025-04-04T13:55:38.187+0000] {logging_mixin.py:190} INFO - [2025-04-04T13:55:38.187+0000] {dagbag.py:588} INFO - Filling up the DagBag from /home/airflow/.local/lib/python3.12/site-packages/airflow/example_dags/example_nested_branch_dag.py
[2025-04-04T13:55:38.212+0000] {processor.py:925} INFO - DAG(s) 'example_nested_branch_dag' retrieved from /home/airflow/.local/lib/python3.12/site-packages/airflow/example_dags/example_nested_branch_dag.py
[2025-04-04T13:55:38.280+0000] {logging_mixin.py:190} INFO - [2025-04-04T13:55:38.270+0000] {dag.py:3239} INFO - Sync 1 DAGs
[2025-04-04T13:55:38.369+0000] {logging_mixin.py:190} INFO - [2025-04-04T13:55:38.368+0000] {dag.py:4180} INFO - Setting next_dagrun for example_nested_branch_dag to 2025-04-03 00:00:00+00:00, run_after=2025-04-04 00:00:00+00:00
[2025-04-04T13:55:38.431+0000] {processor.py:208} INFO - Processing /home/airflow/.local/lib/python3.12/site-packages/airflow/example_dags/example_nested_branch_dag.py took 0.262 seconds
[2025-04-04T13:56:10.458+0000] {processor.py:186} INFO - Started process (PID=2424) to work on /home/airflow/.local/lib/python3.12/site-packages/airflow/example_dags/example_nested_branch_dag.py
[2025-04-04T13:56:10.460+0000] {processor.py:914} INFO - Processing file /home/airflow/.local/lib/python3.12/site-packages/airflow/example_dags/example_nested_branch_dag.py for tasks to queue
[2025-04-04T13:56:10.464+0000] {logging_mixin.py:190} INFO - [2025-04-04T13:56:10.464+0000] {dagbag.py:588} INFO - Filling up the DagBag from /home/airflow/.local/lib/python3.12/site-packages/airflow/example_dags/example_nested_branch_dag.py
[2025-04-04T13:56:10.497+0000] {processor.py:925} INFO - DAG(s) 'example_nested_branch_dag' retrieved from /home/airflow/.local/lib/python3.12/site-packages/airflow/example_dags/example_nested_branch_dag.py
[2025-04-04T13:56:10.545+0000] {logging_mixin.py:190} INFO - [2025-04-04T13:56:10.545+0000] {dag.py:3239} INFO - Sync 1 DAGs
[2025-04-04T13:56:10.603+0000] {logging_mixin.py:190} INFO - [2025-04-04T13:56:10.602+0000] {dag.py:4180} INFO - Setting next_dagrun for example_nested_branch_dag to 2025-04-03 00:00:00+00:00, run_after=2025-04-04 00:00:00+00:00
[2025-04-04T13:56:10.647+0000] {processor.py:208} INFO - Processing /home/airflow/.local/lib/python3.12/site-packages/airflow/example_dags/example_nested_branch_dag.py took 0.202 seconds
[2025-04-04T13:56:41.332+0000] {processor.py:186} INFO - Started process (PID=2488) to work on /home/airflow/.local/lib/python3.12/site-packages/airflow/example_dags/example_nested_branch_dag.py
[2025-04-04T13:56:41.334+0000] {processor.py:914} INFO - Processing file /home/airflow/.local/lib/python3.12/site-packages/airflow/example_dags/example_nested_branch_dag.py for tasks to queue
[2025-04-04T13:56:41.338+0000] {logging_mixin.py:190} INFO - [2025-04-04T13:56:41.337+0000] {dagbag.py:588} INFO - Filling up the DagBag from /home/airflow/.local/lib/python3.12/site-packages/airflow/example_dags/example_nested_branch_dag.py
[2025-04-04T13:56:41.358+0000] {processor.py:925} INFO - DAG(s) 'example_nested_branch_dag' retrieved from /home/airflow/.local/lib/python3.12/site-packages/airflow/example_dags/example_nested_branch_dag.py
[2025-04-04T13:56:41.406+0000] {logging_mixin.py:190} INFO - [2025-04-04T13:56:41.405+0000] {dag.py:3239} INFO - Sync 1 DAGs
[2025-04-04T13:56:41.462+0000] {logging_mixin.py:190} INFO - [2025-04-04T13:56:41.462+0000] {dag.py:4180} INFO - Setting next_dagrun for example_nested_branch_dag to 2025-04-03 00:00:00+00:00, run_after=2025-04-04 00:00:00+00:00
[2025-04-04T13:56:41.514+0000] {processor.py:208} INFO - Processing /home/airflow/.local/lib/python3.12/site-packages/airflow/example_dags/example_nested_branch_dag.py took 0.192 seconds
[2025-04-04T13:57:12.576+0000] {processor.py:186} INFO - Started process (PID=2550) to work on /home/airflow/.local/lib/python3.12/site-packages/airflow/example_dags/example_nested_branch_dag.py
[2025-04-04T13:57:12.577+0000] {processor.py:914} INFO - Processing file /home/airflow/.local/lib/python3.12/site-packages/airflow/example_dags/example_nested_branch_dag.py for tasks to queue
[2025-04-04T13:57:12.581+0000] {logging_mixin.py:190} INFO - [2025-04-04T13:57:12.580+0000] {dagbag.py:588} INFO - Filling up the DagBag from /home/airflow/.local/lib/python3.12/site-packages/airflow/example_dags/example_nested_branch_dag.py
[2025-04-04T13:57:12.600+0000] {processor.py:925} INFO - DAG(s) 'example_nested_branch_dag' retrieved from /home/airflow/.local/lib/python3.12/site-packages/airflow/example_dags/example_nested_branch_dag.py
[2025-04-04T13:57:12.637+0000] {logging_mixin.py:190} INFO - [2025-04-04T13:57:12.636+0000] {dag.py:3239} INFO - Sync 1 DAGs
[2025-04-04T13:57:12.679+0000] {logging_mixin.py:190} INFO - [2025-04-04T13:57:12.679+0000] {dag.py:4180} INFO - Setting next_dagrun for example_nested_branch_dag to 2025-04-03 00:00:00+00:00, run_after=2025-04-04 00:00:00+00:00
[2025-04-04T13:57:12.712+0000] {processor.py:208} INFO - Processing /home/airflow/.local/lib/python3.12/site-packages/airflow/example_dags/example_nested_branch_dag.py took 0.145 seconds
[2025-04-04T13:57:47.064+0000] {processor.py:186} INFO - Started process (PID=2614) to work on /home/airflow/.local/lib/python3.12/site-packages/airflow/example_dags/example_nested_branch_dag.py
[2025-04-04T13:57:47.066+0000] {processor.py:914} INFO - Processing file /home/airflow/.local/lib/python3.12/site-packages/airflow/example_dags/example_nested_branch_dag.py for tasks to queue
[2025-04-04T13:57:47.071+0000] {logging_mixin.py:190} INFO - [2025-04-04T13:57:47.070+0000] {dagbag.py:588} INFO - Filling up the DagBag from /home/airflow/.local/lib/python3.12/site-packages/airflow/example_dags/example_nested_branch_dag.py
[2025-04-04T13:57:47.099+0000] {processor.py:925} INFO - DAG(s) 'example_nested_branch_dag' retrieved from /home/airflow/.local/lib/python3.12/site-packages/airflow/example_dags/example_nested_branch_dag.py
[2025-04-04T13:57:47.153+0000] {logging_mixin.py:190} INFO - [2025-04-04T13:57:47.153+0000] {dag.py:3239} INFO - Sync 1 DAGs
[2025-04-04T13:57:47.223+0000] {logging_mixin.py:190} INFO - [2025-04-04T13:57:47.223+0000] {dag.py:4180} INFO - Setting next_dagrun for example_nested_branch_dag to 2025-04-03 00:00:00+00:00, run_after=2025-04-04 00:00:00+00:00
[2025-04-04T13:57:47.270+0000] {processor.py:208} INFO - Processing /home/airflow/.local/lib/python3.12/site-packages/airflow/example_dags/example_nested_branch_dag.py took 0.220 seconds
[2025-04-04T13:58:18.448+0000] {processor.py:186} INFO - Started process (PID=2677) to work on /home/airflow/.local/lib/python3.12/site-packages/airflow/example_dags/example_nested_branch_dag.py
[2025-04-04T13:58:18.450+0000] {processor.py:914} INFO - Processing file /home/airflow/.local/lib/python3.12/site-packages/airflow/example_dags/example_nested_branch_dag.py for tasks to queue
[2025-04-04T13:58:18.454+0000] {logging_mixin.py:190} INFO - [2025-04-04T13:58:18.453+0000] {dagbag.py:588} INFO - Filling up the DagBag from /home/airflow/.local/lib/python3.12/site-packages/airflow/example_dags/example_nested_branch_dag.py
[2025-04-04T13:58:18.528+0000] {processor.py:925} INFO - DAG(s) 'example_nested_branch_dag' retrieved from /home/airflow/.local/lib/python3.12/site-packages/airflow/example_dags/example_nested_branch_dag.py
[2025-04-04T13:58:18.592+0000] {logging_mixin.py:190} INFO - [2025-04-04T13:58:18.592+0000] {dag.py:3239} INFO - Sync 1 DAGs
[2025-04-04T13:58:18.728+0000] {logging_mixin.py:190} INFO - [2025-04-04T13:58:18.728+0000] {dag.py:4180} INFO - Setting next_dagrun for example_nested_branch_dag to 2025-04-03 00:00:00+00:00, run_after=2025-04-04 00:00:00+00:00
[2025-04-04T13:58:18.834+0000] {processor.py:208} INFO - Processing /home/airflow/.local/lib/python3.12/site-packages/airflow/example_dags/example_nested_branch_dag.py took 0.399 seconds
[2025-04-04T13:58:54.533+0000] {processor.py:186} INFO - Started process (PID=2740) to work on /home/airflow/.local/lib/python3.12/site-packages/airflow/example_dags/example_nested_branch_dag.py
[2025-04-04T13:58:54.535+0000] {processor.py:914} INFO - Processing file /home/airflow/.local/lib/python3.12/site-packages/airflow/example_dags/example_nested_branch_dag.py for tasks to queue
[2025-04-04T13:58:54.541+0000] {logging_mixin.py:190} INFO - [2025-04-04T13:58:54.540+0000] {dagbag.py:588} INFO - Filling up the DagBag from /home/airflow/.local/lib/python3.12/site-packages/airflow/example_dags/example_nested_branch_dag.py
[2025-04-04T13:58:54.617+0000] {processor.py:925} INFO - DAG(s) 'example_nested_branch_dag' retrieved from /home/airflow/.local/lib/python3.12/site-packages/airflow/example_dags/example_nested_branch_dag.py
[2025-04-04T13:58:54.693+0000] {logging_mixin.py:190} INFO - [2025-04-04T13:58:54.692+0000] {dag.py:3239} INFO - Sync 1 DAGs
[2025-04-04T13:58:54.789+0000] {logging_mixin.py:190} INFO - [2025-04-04T13:58:54.789+0000] {dag.py:4180} INFO - Setting next_dagrun for example_nested_branch_dag to 2025-04-03 00:00:00+00:00, run_after=2025-04-04 00:00:00+00:00
[2025-04-04T13:58:54.857+0000] {processor.py:208} INFO - Processing /home/airflow/.local/lib/python3.12/site-packages/airflow/example_dags/example_nested_branch_dag.py took 0.338 seconds
