[2025-04-04T13:36:45.378+0000] {processor.py:186} INFO - Started process (PID=102) to work on /home/airflow/.local/lib/python3.12/site-packages/airflow/example_dags/example_complex.py
[2025-04-04T13:36:45.380+0000] {processor.py:914} INFO - Processing file /home/airflow/.local/lib/python3.12/site-packages/airflow/example_dags/example_complex.py for tasks to queue
[2025-04-04T13:36:45.384+0000] {logging_mixin.py:190} INFO - [2025-04-04T13:36:45.384+0000] {dagbag.py:588} INFO - Filling up the DagBag from /home/airflow/.local/lib/python3.12/site-packages/airflow/example_dags/example_complex.py
[2025-04-04T13:36:45.413+0000] {processor.py:925} INFO - DAG(s) 'example_complex' retrieved from /home/airflow/.local/lib/python3.12/site-packages/airflow/example_dags/example_complex.py
[2025-04-04T13:36:45.730+0000] {logging_mixin.py:190} INFO - [2025-04-04T13:36:45.729+0000] {override.py:1912} INFO - Created Permission View: can edit on DAG:example_complex
[2025-04-04T13:36:45.765+0000] {logging_mixin.py:190} INFO - [2025-04-04T13:36:45.764+0000] {override.py:1912} INFO - Created Permission View: can delete on DAG:example_complex
[2025-04-04T13:36:45.797+0000] {logging_mixin.py:190} INFO - [2025-04-04T13:36:45.796+0000] {override.py:1912} INFO - Created Permission View: can read on DAG:example_complex
[2025-04-04T13:36:45.811+0000] {logging_mixin.py:190} INFO - [2025-04-04T13:36:45.811+0000] {override.py:1912} INFO - Created Permission View: can delete on DAG Run:example_complex
[2025-04-04T13:36:45.830+0000] {logging_mixin.py:190} INFO - [2025-04-04T13:36:45.829+0000] {override.py:1912} INFO - Created Permission View: can read on DAG Run:example_complex
[2025-04-04T13:36:45.846+0000] {logging_mixin.py:190} INFO - [2025-04-04T13:36:45.845+0000] {override.py:1912} INFO - Created Permission View: can create on DAG Run:example_complex
[2025-04-04T13:36:45.859+0000] {logging_mixin.py:190} INFO - [2025-04-04T13:36:45.858+0000] {override.py:1912} INFO - Created Permission View: menu access on DAG Run:example_complex
[2025-04-04T13:36:45.860+0000] {logging_mixin.py:190} INFO - [2025-04-04T13:36:45.860+0000] {dag.py:3239} INFO - Sync 1 DAGs
[2025-04-04T13:36:45.890+0000] {logging_mixin.py:190} INFO - [2025-04-04T13:36:45.890+0000] {dag.py:3262} INFO - Creating ORM DAG for example_complex
[2025-04-04T13:36:45.892+0000] {logging_mixin.py:190} INFO - [2025-04-04T13:36:45.892+0000] {dag.py:4180} INFO - Setting next_dagrun for example_complex to None, run_after=None
[2025-04-04T13:36:45.929+0000] {processor.py:208} INFO - Processing /home/airflow/.local/lib/python3.12/site-packages/airflow/example_dags/example_complex.py took 0.565 seconds
[2025-04-04T13:37:16.431+0000] {processor.py:186} INFO - Started process (PID=164) to work on /home/airflow/.local/lib/python3.12/site-packages/airflow/example_dags/example_complex.py
[2025-04-04T13:37:16.433+0000] {processor.py:914} INFO - Processing file /home/airflow/.local/lib/python3.12/site-packages/airflow/example_dags/example_complex.py for tasks to queue
[2025-04-04T13:37:16.439+0000] {logging_mixin.py:190} INFO - [2025-04-04T13:37:16.438+0000] {dagbag.py:588} INFO - Filling up the DagBag from /home/airflow/.local/lib/python3.12/site-packages/airflow/example_dags/example_complex.py
[2025-04-04T13:37:16.470+0000] {processor.py:925} INFO - DAG(s) 'example_complex' retrieved from /home/airflow/.local/lib/python3.12/site-packages/airflow/example_dags/example_complex.py
[2025-04-04T13:37:16.550+0000] {logging_mixin.py:190} INFO - [2025-04-04T13:37:16.549+0000] {dag.py:3239} INFO - Sync 1 DAGs
[2025-04-04T13:37:16.577+0000] {logging_mixin.py:190} INFO - [2025-04-04T13:37:16.577+0000] {dag.py:4180} INFO - Setting next_dagrun for example_complex to None, run_after=None
[2025-04-04T13:37:16.646+0000] {processor.py:208} INFO - Processing /home/airflow/.local/lib/python3.12/site-packages/airflow/example_dags/example_complex.py took 0.227 seconds
[2025-04-04T13:37:48.173+0000] {processor.py:186} INFO - Started process (PID=228) to work on /home/airflow/.local/lib/python3.12/site-packages/airflow/example_dags/example_complex.py
[2025-04-04T13:37:48.174+0000] {processor.py:914} INFO - Processing file /home/airflow/.local/lib/python3.12/site-packages/airflow/example_dags/example_complex.py for tasks to queue
[2025-04-04T13:37:48.178+0000] {logging_mixin.py:190} INFO - [2025-04-04T13:37:48.178+0000] {dagbag.py:588} INFO - Filling up the DagBag from /home/airflow/.local/lib/python3.12/site-packages/airflow/example_dags/example_complex.py
[2025-04-04T13:37:48.199+0000] {processor.py:925} INFO - DAG(s) 'example_complex' retrieved from /home/airflow/.local/lib/python3.12/site-packages/airflow/example_dags/example_complex.py
[2025-04-04T13:37:48.263+0000] {logging_mixin.py:190} INFO - [2025-04-04T13:37:48.262+0000] {dag.py:3239} INFO - Sync 1 DAGs
[2025-04-04T13:37:48.289+0000] {logging_mixin.py:190} INFO - [2025-04-04T13:37:48.288+0000] {dag.py:4180} INFO - Setting next_dagrun for example_complex to None, run_after=None
[2025-04-04T13:37:48.323+0000] {processor.py:208} INFO - Processing /home/airflow/.local/lib/python3.12/site-packages/airflow/example_dags/example_complex.py took 0.159 seconds
[2025-04-04T13:38:24.353+0000] {processor.py:186} INFO - Started process (PID=297) to work on /home/airflow/.local/lib/python3.12/site-packages/airflow/example_dags/example_complex.py
[2025-04-04T13:38:24.357+0000] {processor.py:914} INFO - Processing file /home/airflow/.local/lib/python3.12/site-packages/airflow/example_dags/example_complex.py for tasks to queue
[2025-04-04T13:38:24.364+0000] {logging_mixin.py:190} INFO - [2025-04-04T13:38:24.363+0000] {dagbag.py:588} INFO - Filling up the DagBag from /home/airflow/.local/lib/python3.12/site-packages/airflow/example_dags/example_complex.py
[2025-04-04T13:38:24.411+0000] {processor.py:925} INFO - DAG(s) 'example_complex' retrieved from /home/airflow/.local/lib/python3.12/site-packages/airflow/example_dags/example_complex.py
[2025-04-04T13:38:24.562+0000] {logging_mixin.py:190} INFO - [2025-04-04T13:38:24.561+0000] {dag.py:3239} INFO - Sync 1 DAGs
[2025-04-04T13:38:24.653+0000] {logging_mixin.py:190} INFO - [2025-04-04T13:38:24.652+0000] {dag.py:4180} INFO - Setting next_dagrun for example_complex to None, run_after=None
[2025-04-04T13:38:24.775+0000] {processor.py:208} INFO - Processing /home/airflow/.local/lib/python3.12/site-packages/airflow/example_dags/example_complex.py took 0.444 seconds
[2025-04-04T13:38:55.027+0000] {processor.py:186} INFO - Started process (PID=359) to work on /home/airflow/.local/lib/python3.12/site-packages/airflow/example_dags/example_complex.py
[2025-04-04T13:38:55.029+0000] {processor.py:914} INFO - Processing file /home/airflow/.local/lib/python3.12/site-packages/airflow/example_dags/example_complex.py for tasks to queue
[2025-04-04T13:38:55.034+0000] {logging_mixin.py:190} INFO - [2025-04-04T13:38:55.034+0000] {dagbag.py:588} INFO - Filling up the DagBag from /home/airflow/.local/lib/python3.12/site-packages/airflow/example_dags/example_complex.py
[2025-04-04T13:38:55.076+0000] {processor.py:925} INFO - DAG(s) 'example_complex' retrieved from /home/airflow/.local/lib/python3.12/site-packages/airflow/example_dags/example_complex.py
[2025-04-04T13:38:55.163+0000] {logging_mixin.py:190} INFO - [2025-04-04T13:38:55.162+0000] {dag.py:3239} INFO - Sync 1 DAGs
[2025-04-04T13:38:55.201+0000] {logging_mixin.py:190} INFO - [2025-04-04T13:38:55.200+0000] {dag.py:4180} INFO - Setting next_dagrun for example_complex to None, run_after=None
[2025-04-04T13:38:55.244+0000] {processor.py:208} INFO - Processing /home/airflow/.local/lib/python3.12/site-packages/airflow/example_dags/example_complex.py took 0.233 seconds
[2025-04-04T13:39:27.822+0000] {processor.py:186} INFO - Started process (PID=422) to work on /home/airflow/.local/lib/python3.12/site-packages/airflow/example_dags/example_complex.py
[2025-04-04T13:39:27.825+0000] {processor.py:914} INFO - Processing file /home/airflow/.local/lib/python3.12/site-packages/airflow/example_dags/example_complex.py for tasks to queue
[2025-04-04T13:39:27.830+0000] {logging_mixin.py:190} INFO - [2025-04-04T13:39:27.829+0000] {dagbag.py:588} INFO - Filling up the DagBag from /home/airflow/.local/lib/python3.12/site-packages/airflow/example_dags/example_complex.py
[2025-04-04T13:39:27.876+0000] {processor.py:925} INFO - DAG(s) 'example_complex' retrieved from /home/airflow/.local/lib/python3.12/site-packages/airflow/example_dags/example_complex.py
[2025-04-04T13:39:28.127+0000] {logging_mixin.py:190} INFO - [2025-04-04T13:39:28.125+0000] {dag.py:3239} INFO - Sync 1 DAGs
[2025-04-04T13:39:28.189+0000] {logging_mixin.py:190} INFO - [2025-04-04T13:39:28.189+0000] {dag.py:4180} INFO - Setting next_dagrun for example_complex to None, run_after=None
[2025-04-04T13:39:28.233+0000] {processor.py:208} INFO - Processing /home/airflow/.local/lib/python3.12/site-packages/airflow/example_dags/example_complex.py took 0.427 seconds
[2025-04-04T13:39:58.996+0000] {processor.py:186} INFO - Started process (PID=485) to work on /home/airflow/.local/lib/python3.12/site-packages/airflow/example_dags/example_complex.py
[2025-04-04T13:39:58.998+0000] {processor.py:914} INFO - Processing file /home/airflow/.local/lib/python3.12/site-packages/airflow/example_dags/example_complex.py for tasks to queue
[2025-04-04T13:39:59.003+0000] {logging_mixin.py:190} INFO - [2025-04-04T13:39:59.002+0000] {dagbag.py:588} INFO - Filling up the DagBag from /home/airflow/.local/lib/python3.12/site-packages/airflow/example_dags/example_complex.py
[2025-04-04T13:39:59.035+0000] {processor.py:925} INFO - DAG(s) 'example_complex' retrieved from /home/airflow/.local/lib/python3.12/site-packages/airflow/example_dags/example_complex.py
[2025-04-04T13:39:59.124+0000] {logging_mixin.py:190} INFO - [2025-04-04T13:39:59.123+0000] {dag.py:3239} INFO - Sync 1 DAGs
[2025-04-04T13:39:59.173+0000] {logging_mixin.py:190} INFO - [2025-04-04T13:39:59.173+0000] {dag.py:4180} INFO - Setting next_dagrun for example_complex to None, run_after=None
[2025-04-04T13:39:59.269+0000] {processor.py:208} INFO - Processing /home/airflow/.local/lib/python3.12/site-packages/airflow/example_dags/example_complex.py took 0.293 seconds
[2025-04-04T13:40:31.202+0000] {processor.py:186} INFO - Started process (PID=549) to work on /home/airflow/.local/lib/python3.12/site-packages/airflow/example_dags/example_complex.py
[2025-04-04T13:40:31.203+0000] {processor.py:914} INFO - Processing file /home/airflow/.local/lib/python3.12/site-packages/airflow/example_dags/example_complex.py for tasks to queue
[2025-04-04T13:40:31.207+0000] {logging_mixin.py:190} INFO - [2025-04-04T13:40:31.207+0000] {dagbag.py:588} INFO - Filling up the DagBag from /home/airflow/.local/lib/python3.12/site-packages/airflow/example_dags/example_complex.py
[2025-04-04T13:40:31.229+0000] {processor.py:925} INFO - DAG(s) 'example_complex' retrieved from /home/airflow/.local/lib/python3.12/site-packages/airflow/example_dags/example_complex.py
[2025-04-04T13:40:31.297+0000] {logging_mixin.py:190} INFO - [2025-04-04T13:40:31.296+0000] {dag.py:3239} INFO - Sync 1 DAGs
[2025-04-04T13:40:31.329+0000] {logging_mixin.py:190} INFO - [2025-04-04T13:40:31.329+0000] {dag.py:4180} INFO - Setting next_dagrun for example_complex to None, run_after=None
[2025-04-04T13:40:31.424+0000] {processor.py:208} INFO - Processing /home/airflow/.local/lib/python3.12/site-packages/airflow/example_dags/example_complex.py took 0.234 seconds
[2025-04-04T13:41:03.374+0000] {processor.py:186} INFO - Started process (PID=612) to work on /home/airflow/.local/lib/python3.12/site-packages/airflow/example_dags/example_complex.py
[2025-04-04T13:41:03.375+0000] {processor.py:914} INFO - Processing file /home/airflow/.local/lib/python3.12/site-packages/airflow/example_dags/example_complex.py for tasks to queue
[2025-04-04T13:41:03.380+0000] {logging_mixin.py:190} INFO - [2025-04-04T13:41:03.379+0000] {dagbag.py:588} INFO - Filling up the DagBag from /home/airflow/.local/lib/python3.12/site-packages/airflow/example_dags/example_complex.py
[2025-04-04T13:41:03.406+0000] {processor.py:925} INFO - DAG(s) 'example_complex' retrieved from /home/airflow/.local/lib/python3.12/site-packages/airflow/example_dags/example_complex.py
[2025-04-04T13:41:03.467+0000] {logging_mixin.py:190} INFO - [2025-04-04T13:41:03.466+0000] {dag.py:3239} INFO - Sync 1 DAGs
[2025-04-04T13:41:03.492+0000] {logging_mixin.py:190} INFO - [2025-04-04T13:41:03.492+0000] {dag.py:4180} INFO - Setting next_dagrun for example_complex to None, run_after=None
[2025-04-04T13:41:03.527+0000] {processor.py:208} INFO - Processing /home/airflow/.local/lib/python3.12/site-packages/airflow/example_dags/example_complex.py took 0.167 seconds
[2025-04-04T13:41:35.800+0000] {processor.py:186} INFO - Started process (PID=675) to work on /home/airflow/.local/lib/python3.12/site-packages/airflow/example_dags/example_complex.py
[2025-04-04T13:41:35.801+0000] {processor.py:914} INFO - Processing file /home/airflow/.local/lib/python3.12/site-packages/airflow/example_dags/example_complex.py for tasks to queue
[2025-04-04T13:41:35.805+0000] {logging_mixin.py:190} INFO - [2025-04-04T13:41:35.805+0000] {dagbag.py:588} INFO - Filling up the DagBag from /home/airflow/.local/lib/python3.12/site-packages/airflow/example_dags/example_complex.py
[2025-04-04T13:41:35.826+0000] {processor.py:925} INFO - DAG(s) 'example_complex' retrieved from /home/airflow/.local/lib/python3.12/site-packages/airflow/example_dags/example_complex.py
[2025-04-04T13:41:35.894+0000] {logging_mixin.py:190} INFO - [2025-04-04T13:41:35.893+0000] {dag.py:3239} INFO - Sync 1 DAGs
[2025-04-04T13:41:35.921+0000] {logging_mixin.py:190} INFO - [2025-04-04T13:41:35.921+0000] {dag.py:4180} INFO - Setting next_dagrun for example_complex to None, run_after=None
[2025-04-04T13:41:35.959+0000] {processor.py:208} INFO - Processing /home/airflow/.local/lib/python3.12/site-packages/airflow/example_dags/example_complex.py took 0.169 seconds
[2025-04-04T13:42:07.385+0000] {processor.py:186} INFO - Started process (PID=737) to work on /home/airflow/.local/lib/python3.12/site-packages/airflow/example_dags/example_complex.py
[2025-04-04T13:42:07.386+0000] {processor.py:914} INFO - Processing file /home/airflow/.local/lib/python3.12/site-packages/airflow/example_dags/example_complex.py for tasks to queue
[2025-04-04T13:42:07.390+0000] {logging_mixin.py:190} INFO - [2025-04-04T13:42:07.389+0000] {dagbag.py:588} INFO - Filling up the DagBag from /home/airflow/.local/lib/python3.12/site-packages/airflow/example_dags/example_complex.py
[2025-04-04T13:42:07.412+0000] {processor.py:925} INFO - DAG(s) 'example_complex' retrieved from /home/airflow/.local/lib/python3.12/site-packages/airflow/example_dags/example_complex.py
[2025-04-04T13:42:07.519+0000] {logging_mixin.py:190} INFO - [2025-04-04T13:42:07.518+0000] {dag.py:3239} INFO - Sync 1 DAGs
[2025-04-04T13:42:07.555+0000] {logging_mixin.py:190} INFO - [2025-04-04T13:42:07.555+0000] {dag.py:4180} INFO - Setting next_dagrun for example_complex to None, run_after=None
[2025-04-04T13:42:07.623+0000] {processor.py:208} INFO - Processing /home/airflow/.local/lib/python3.12/site-packages/airflow/example_dags/example_complex.py took 0.249 seconds
[2025-04-04T13:42:39.601+0000] {processor.py:186} INFO - Started process (PID=799) to work on /home/airflow/.local/lib/python3.12/site-packages/airflow/example_dags/example_complex.py
[2025-04-04T13:42:39.650+0000] {processor.py:914} INFO - Processing file /home/airflow/.local/lib/python3.12/site-packages/airflow/example_dags/example_complex.py for tasks to queue
[2025-04-04T13:42:39.685+0000] {logging_mixin.py:190} INFO - [2025-04-04T13:42:39.681+0000] {dagbag.py:588} INFO - Filling up the DagBag from /home/airflow/.local/lib/python3.12/site-packages/airflow/example_dags/example_complex.py
[2025-04-04T13:42:39.797+0000] {processor.py:925} INFO - DAG(s) 'example_complex' retrieved from /home/airflow/.local/lib/python3.12/site-packages/airflow/example_dags/example_complex.py
[2025-04-04T13:42:40.006+0000] {logging_mixin.py:190} INFO - [2025-04-04T13:42:40.005+0000] {dag.py:3239} INFO - Sync 1 DAGs
[2025-04-04T13:42:40.085+0000] {logging_mixin.py:190} INFO - [2025-04-04T13:42:40.084+0000] {dag.py:4180} INFO - Setting next_dagrun for example_complex to None, run_after=None
[2025-04-04T13:42:40.231+0000] {processor.py:208} INFO - Processing /home/airflow/.local/lib/python3.12/site-packages/airflow/example_dags/example_complex.py took 0.664 seconds
[2025-04-04T13:43:11.493+0000] {processor.py:186} INFO - Started process (PID=863) to work on /home/airflow/.local/lib/python3.12/site-packages/airflow/example_dags/example_complex.py
[2025-04-04T13:43:11.494+0000] {processor.py:914} INFO - Processing file /home/airflow/.local/lib/python3.12/site-packages/airflow/example_dags/example_complex.py for tasks to queue
[2025-04-04T13:43:11.498+0000] {logging_mixin.py:190} INFO - [2025-04-04T13:43:11.497+0000] {dagbag.py:588} INFO - Filling up the DagBag from /home/airflow/.local/lib/python3.12/site-packages/airflow/example_dags/example_complex.py
[2025-04-04T13:43:11.524+0000] {processor.py:925} INFO - DAG(s) 'example_complex' retrieved from /home/airflow/.local/lib/python3.12/site-packages/airflow/example_dags/example_complex.py
[2025-04-04T13:43:11.589+0000] {logging_mixin.py:190} INFO - [2025-04-04T13:43:11.588+0000] {dag.py:3239} INFO - Sync 1 DAGs
[2025-04-04T13:43:11.646+0000] {logging_mixin.py:190} INFO - [2025-04-04T13:43:11.646+0000] {dag.py:4180} INFO - Setting next_dagrun for example_complex to None, run_after=None
[2025-04-04T13:43:11.703+0000] {processor.py:208} INFO - Processing /home/airflow/.local/lib/python3.12/site-packages/airflow/example_dags/example_complex.py took 0.222 seconds
[2025-04-04T13:43:43.335+0000] {processor.py:186} INFO - Started process (PID=927) to work on /home/airflow/.local/lib/python3.12/site-packages/airflow/example_dags/example_complex.py
[2025-04-04T13:43:43.338+0000] {processor.py:914} INFO - Processing file /home/airflow/.local/lib/python3.12/site-packages/airflow/example_dags/example_complex.py for tasks to queue
[2025-04-04T13:43:43.344+0000] {logging_mixin.py:190} INFO - [2025-04-04T13:43:43.344+0000] {dagbag.py:588} INFO - Filling up the DagBag from /home/airflow/.local/lib/python3.12/site-packages/airflow/example_dags/example_complex.py
[2025-04-04T13:43:43.371+0000] {processor.py:925} INFO - DAG(s) 'example_complex' retrieved from /home/airflow/.local/lib/python3.12/site-packages/airflow/example_dags/example_complex.py
[2025-04-04T13:43:43.482+0000] {logging_mixin.py:190} INFO - [2025-04-04T13:43:43.481+0000] {dag.py:3239} INFO - Sync 1 DAGs
[2025-04-04T13:43:43.528+0000] {logging_mixin.py:190} INFO - [2025-04-04T13:43:43.527+0000] {dag.py:4180} INFO - Setting next_dagrun for example_complex to None, run_after=None
[2025-04-04T13:43:43.590+0000] {processor.py:208} INFO - Processing /home/airflow/.local/lib/python3.12/site-packages/airflow/example_dags/example_complex.py took 0.269 seconds
[2025-04-04T13:44:15.682+0000] {processor.py:186} INFO - Started process (PID=992) to work on /home/airflow/.local/lib/python3.12/site-packages/airflow/example_dags/example_complex.py
[2025-04-04T13:44:15.683+0000] {processor.py:914} INFO - Processing file /home/airflow/.local/lib/python3.12/site-packages/airflow/example_dags/example_complex.py for tasks to queue
[2025-04-04T13:44:15.687+0000] {logging_mixin.py:190} INFO - [2025-04-04T13:44:15.687+0000] {dagbag.py:588} INFO - Filling up the DagBag from /home/airflow/.local/lib/python3.12/site-packages/airflow/example_dags/example_complex.py
[2025-04-04T13:44:15.717+0000] {processor.py:925} INFO - DAG(s) 'example_complex' retrieved from /home/airflow/.local/lib/python3.12/site-packages/airflow/example_dags/example_complex.py
[2025-04-04T13:44:15.797+0000] {logging_mixin.py:190} INFO - [2025-04-04T13:44:15.797+0000] {dag.py:3239} INFO - Sync 1 DAGs
[2025-04-04T13:44:15.832+0000] {logging_mixin.py:190} INFO - [2025-04-04T13:44:15.831+0000] {dag.py:4180} INFO - Setting next_dagrun for example_complex to None, run_after=None
[2025-04-04T13:44:15.877+0000] {processor.py:208} INFO - Processing /home/airflow/.local/lib/python3.12/site-packages/airflow/example_dags/example_complex.py took 0.217 seconds
[2025-04-04T13:44:47.365+0000] {processor.py:186} INFO - Started process (PID=1054) to work on /home/airflow/.local/lib/python3.12/site-packages/airflow/example_dags/example_complex.py
[2025-04-04T13:44:47.367+0000] {processor.py:914} INFO - Processing file /home/airflow/.local/lib/python3.12/site-packages/airflow/example_dags/example_complex.py for tasks to queue
[2025-04-04T13:44:47.370+0000] {logging_mixin.py:190} INFO - [2025-04-04T13:44:47.370+0000] {dagbag.py:588} INFO - Filling up the DagBag from /home/airflow/.local/lib/python3.12/site-packages/airflow/example_dags/example_complex.py
[2025-04-04T13:44:47.400+0000] {processor.py:925} INFO - DAG(s) 'example_complex' retrieved from /home/airflow/.local/lib/python3.12/site-packages/airflow/example_dags/example_complex.py
[2025-04-04T13:44:47.480+0000] {logging_mixin.py:190} INFO - [2025-04-04T13:44:47.480+0000] {dag.py:3239} INFO - Sync 1 DAGs
[2025-04-04T13:44:47.524+0000] {logging_mixin.py:190} INFO - [2025-04-04T13:44:47.523+0000] {dag.py:4180} INFO - Setting next_dagrun for example_complex to None, run_after=None
[2025-04-04T13:44:47.573+0000] {processor.py:208} INFO - Processing /home/airflow/.local/lib/python3.12/site-packages/airflow/example_dags/example_complex.py took 0.223 seconds
[2025-04-04T13:45:20.757+0000] {processor.py:186} INFO - Started process (PID=1121) to work on /home/airflow/.local/lib/python3.12/site-packages/airflow/example_dags/example_complex.py
[2025-04-04T13:45:20.763+0000] {processor.py:914} INFO - Processing file /home/airflow/.local/lib/python3.12/site-packages/airflow/example_dags/example_complex.py for tasks to queue
[2025-04-04T13:45:20.769+0000] {logging_mixin.py:190} INFO - [2025-04-04T13:45:20.768+0000] {dagbag.py:588} INFO - Filling up the DagBag from /home/airflow/.local/lib/python3.12/site-packages/airflow/example_dags/example_complex.py
[2025-04-04T13:45:20.817+0000] {processor.py:925} INFO - DAG(s) 'example_complex' retrieved from /home/airflow/.local/lib/python3.12/site-packages/airflow/example_dags/example_complex.py
[2025-04-04T13:45:20.968+0000] {logging_mixin.py:190} INFO - [2025-04-04T13:45:20.968+0000] {dag.py:3239} INFO - Sync 1 DAGs
[2025-04-04T13:45:21.045+0000] {logging_mixin.py:190} INFO - [2025-04-04T13:45:21.044+0000] {dag.py:4180} INFO - Setting next_dagrun for example_complex to None, run_after=None
[2025-04-04T13:45:21.122+0000] {processor.py:208} INFO - Processing /home/airflow/.local/lib/python3.12/site-packages/airflow/example_dags/example_complex.py took 0.388 seconds
[2025-04-04T13:45:52.983+0000] {processor.py:186} INFO - Started process (PID=1185) to work on /home/airflow/.local/lib/python3.12/site-packages/airflow/example_dags/example_complex.py
[2025-04-04T13:45:52.985+0000] {processor.py:914} INFO - Processing file /home/airflow/.local/lib/python3.12/site-packages/airflow/example_dags/example_complex.py for tasks to queue
[2025-04-04T13:45:52.990+0000] {logging_mixin.py:190} INFO - [2025-04-04T13:45:52.990+0000] {dagbag.py:588} INFO - Filling up the DagBag from /home/airflow/.local/lib/python3.12/site-packages/airflow/example_dags/example_complex.py
[2025-04-04T13:45:53.040+0000] {processor.py:925} INFO - DAG(s) 'example_complex' retrieved from /home/airflow/.local/lib/python3.12/site-packages/airflow/example_dags/example_complex.py
[2025-04-04T13:45:53.240+0000] {logging_mixin.py:190} INFO - [2025-04-04T13:45:53.239+0000] {dag.py:3239} INFO - Sync 1 DAGs
[2025-04-04T13:45:53.292+0000] {logging_mixin.py:190} INFO - [2025-04-04T13:45:53.292+0000] {dag.py:4180} INFO - Setting next_dagrun for example_complex to None, run_after=None
[2025-04-04T13:45:53.340+0000] {processor.py:208} INFO - Processing /home/airflow/.local/lib/python3.12/site-packages/airflow/example_dags/example_complex.py took 0.373 seconds
[2025-04-04T13:46:33.195+0000] {processor.py:186} INFO - Started process (PID=1254) to work on /home/airflow/.local/lib/python3.12/site-packages/airflow/example_dags/example_complex.py
[2025-04-04T13:46:33.210+0000] {processor.py:914} INFO - Processing file /home/airflow/.local/lib/python3.12/site-packages/airflow/example_dags/example_complex.py for tasks to queue
[2025-04-04T13:46:33.225+0000] {logging_mixin.py:190} INFO - [2025-04-04T13:46:33.224+0000] {dagbag.py:588} INFO - Filling up the DagBag from /home/airflow/.local/lib/python3.12/site-packages/airflow/example_dags/example_complex.py
[2025-04-04T13:46:33.378+0000] {processor.py:925} INFO - DAG(s) 'example_complex' retrieved from /home/airflow/.local/lib/python3.12/site-packages/airflow/example_dags/example_complex.py
[2025-04-04T13:46:33.655+0000] {logging_mixin.py:190} INFO - [2025-04-04T13:46:33.654+0000] {dag.py:3239} INFO - Sync 1 DAGs
[2025-04-04T13:46:33.749+0000] {logging_mixin.py:190} INFO - [2025-04-04T13:46:33.748+0000] {dag.py:4180} INFO - Setting next_dagrun for example_complex to None, run_after=None
[2025-04-04T13:46:33.878+0000] {processor.py:208} INFO - Processing /home/airflow/.local/lib/python3.12/site-packages/airflow/example_dags/example_complex.py took 0.707 seconds
[2025-04-04T13:47:04.461+0000] {processor.py:186} INFO - Started process (PID=1317) to work on /home/airflow/.local/lib/python3.12/site-packages/airflow/example_dags/example_complex.py
[2025-04-04T13:47:04.463+0000] {processor.py:914} INFO - Processing file /home/airflow/.local/lib/python3.12/site-packages/airflow/example_dags/example_complex.py for tasks to queue
[2025-04-04T13:47:04.471+0000] {logging_mixin.py:190} INFO - [2025-04-04T13:47:04.470+0000] {dagbag.py:588} INFO - Filling up the DagBag from /home/airflow/.local/lib/python3.12/site-packages/airflow/example_dags/example_complex.py
[2025-04-04T13:47:04.517+0000] {processor.py:925} INFO - DAG(s) 'example_complex' retrieved from /home/airflow/.local/lib/python3.12/site-packages/airflow/example_dags/example_complex.py
[2025-04-04T13:47:04.729+0000] {logging_mixin.py:190} INFO - [2025-04-04T13:47:04.726+0000] {dag.py:3239} INFO - Sync 1 DAGs
[2025-04-04T13:47:04.844+0000] {logging_mixin.py:190} INFO - [2025-04-04T13:47:04.842+0000] {dag.py:4180} INFO - Setting next_dagrun for example_complex to None, run_after=None
[2025-04-04T13:47:04.979+0000] {processor.py:208} INFO - Processing /home/airflow/.local/lib/python3.12/site-packages/airflow/example_dags/example_complex.py took 0.536 seconds
[2025-04-04T13:47:35.116+0000] {processor.py:186} INFO - Started process (PID=1380) to work on /home/airflow/.local/lib/python3.12/site-packages/airflow/example_dags/example_complex.py
[2025-04-04T13:47:35.118+0000] {processor.py:914} INFO - Processing file /home/airflow/.local/lib/python3.12/site-packages/airflow/example_dags/example_complex.py for tasks to queue
[2025-04-04T13:47:35.123+0000] {logging_mixin.py:190} INFO - [2025-04-04T13:47:35.122+0000] {dagbag.py:588} INFO - Filling up the DagBag from /home/airflow/.local/lib/python3.12/site-packages/airflow/example_dags/example_complex.py
[2025-04-04T13:47:35.173+0000] {processor.py:925} INFO - DAG(s) 'example_complex' retrieved from /home/airflow/.local/lib/python3.12/site-packages/airflow/example_dags/example_complex.py
[2025-04-04T13:47:35.277+0000] {logging_mixin.py:190} INFO - [2025-04-04T13:47:35.277+0000] {dag.py:3239} INFO - Sync 1 DAGs
[2025-04-04T13:47:35.324+0000] {logging_mixin.py:190} INFO - [2025-04-04T13:47:35.324+0000] {dag.py:4180} INFO - Setting next_dagrun for example_complex to None, run_after=None
[2025-04-04T13:47:35.408+0000] {processor.py:208} INFO - Processing /home/airflow/.local/lib/python3.12/site-packages/airflow/example_dags/example_complex.py took 0.306 seconds
[2025-04-04T13:48:05.992+0000] {processor.py:186} INFO - Started process (PID=1444) to work on /home/airflow/.local/lib/python3.12/site-packages/airflow/example_dags/example_complex.py
[2025-04-04T13:48:05.994+0000] {processor.py:914} INFO - Processing file /home/airflow/.local/lib/python3.12/site-packages/airflow/example_dags/example_complex.py for tasks to queue
[2025-04-04T13:48:05.999+0000] {logging_mixin.py:190} INFO - [2025-04-04T13:48:05.998+0000] {dagbag.py:588} INFO - Filling up the DagBag from /home/airflow/.local/lib/python3.12/site-packages/airflow/example_dags/example_complex.py
[2025-04-04T13:48:06.028+0000] {processor.py:925} INFO - DAG(s) 'example_complex' retrieved from /home/airflow/.local/lib/python3.12/site-packages/airflow/example_dags/example_complex.py
[2025-04-04T13:48:06.138+0000] {logging_mixin.py:190} INFO - [2025-04-04T13:48:06.137+0000] {dag.py:3239} INFO - Sync 1 DAGs
[2025-04-04T13:48:06.172+0000] {logging_mixin.py:190} INFO - [2025-04-04T13:48:06.171+0000] {dag.py:4180} INFO - Setting next_dagrun for example_complex to None, run_after=None
[2025-04-04T13:48:06.211+0000] {processor.py:208} INFO - Processing /home/airflow/.local/lib/python3.12/site-packages/airflow/example_dags/example_complex.py took 0.235 seconds
[2025-04-04T13:48:38.512+0000] {processor.py:186} INFO - Started process (PID=1506) to work on /home/airflow/.local/lib/python3.12/site-packages/airflow/example_dags/example_complex.py
[2025-04-04T13:48:38.526+0000] {processor.py:914} INFO - Processing file /home/airflow/.local/lib/python3.12/site-packages/airflow/example_dags/example_complex.py for tasks to queue
[2025-04-04T13:48:38.543+0000] {logging_mixin.py:190} INFO - [2025-04-04T13:48:38.542+0000] {dagbag.py:588} INFO - Filling up the DagBag from /home/airflow/.local/lib/python3.12/site-packages/airflow/example_dags/example_complex.py
[2025-04-04T13:48:38.645+0000] {processor.py:925} INFO - DAG(s) 'example_complex' retrieved from /home/airflow/.local/lib/python3.12/site-packages/airflow/example_dags/example_complex.py
[2025-04-04T13:48:38.864+0000] {logging_mixin.py:190} INFO - [2025-04-04T13:48:38.859+0000] {dag.py:3239} INFO - Sync 1 DAGs
[2025-04-04T13:48:38.939+0000] {logging_mixin.py:190} INFO - [2025-04-04T13:48:38.932+0000] {dag.py:4180} INFO - Setting next_dagrun for example_complex to None, run_after=None
[2025-04-04T13:48:39.058+0000] {processor.py:208} INFO - Processing /home/airflow/.local/lib/python3.12/site-packages/airflow/example_dags/example_complex.py took 0.594 seconds
[2025-04-04T13:49:09.560+0000] {processor.py:186} INFO - Started process (PID=1567) to work on /home/airflow/.local/lib/python3.12/site-packages/airflow/example_dags/example_complex.py
[2025-04-04T13:49:09.562+0000] {processor.py:914} INFO - Processing file /home/airflow/.local/lib/python3.12/site-packages/airflow/example_dags/example_complex.py for tasks to queue
[2025-04-04T13:49:09.567+0000] {logging_mixin.py:190} INFO - [2025-04-04T13:49:09.566+0000] {dagbag.py:588} INFO - Filling up the DagBag from /home/airflow/.local/lib/python3.12/site-packages/airflow/example_dags/example_complex.py
[2025-04-04T13:49:09.626+0000] {processor.py:925} INFO - DAG(s) 'example_complex' retrieved from /home/airflow/.local/lib/python3.12/site-packages/airflow/example_dags/example_complex.py
[2025-04-04T13:49:09.744+0000] {logging_mixin.py:190} INFO - [2025-04-04T13:49:09.744+0000] {dag.py:3239} INFO - Sync 1 DAGs
[2025-04-04T13:49:09.784+0000] {logging_mixin.py:190} INFO - [2025-04-04T13:49:09.783+0000] {dag.py:4180} INFO - Setting next_dagrun for example_complex to None, run_after=None
[2025-04-04T13:49:09.838+0000] {processor.py:208} INFO - Processing /home/airflow/.local/lib/python3.12/site-packages/airflow/example_dags/example_complex.py took 0.290 seconds
[2025-04-04T13:49:40.468+0000] {processor.py:186} INFO - Started process (PID=1630) to work on /home/airflow/.local/lib/python3.12/site-packages/airflow/example_dags/example_complex.py
[2025-04-04T13:49:40.470+0000] {processor.py:914} INFO - Processing file /home/airflow/.local/lib/python3.12/site-packages/airflow/example_dags/example_complex.py for tasks to queue
[2025-04-04T13:49:40.475+0000] {logging_mixin.py:190} INFO - [2025-04-04T13:49:40.474+0000] {dagbag.py:588} INFO - Filling up the DagBag from /home/airflow/.local/lib/python3.12/site-packages/airflow/example_dags/example_complex.py
[2025-04-04T13:49:40.508+0000] {processor.py:925} INFO - DAG(s) 'example_complex' retrieved from /home/airflow/.local/lib/python3.12/site-packages/airflow/example_dags/example_complex.py
[2025-04-04T13:49:40.597+0000] {logging_mixin.py:190} INFO - [2025-04-04T13:49:40.597+0000] {dag.py:3239} INFO - Sync 1 DAGs
[2025-04-04T13:49:40.629+0000] {logging_mixin.py:190} INFO - [2025-04-04T13:49:40.628+0000] {dag.py:4180} INFO - Setting next_dagrun for example_complex to None, run_after=None
[2025-04-04T13:49:40.677+0000] {processor.py:208} INFO - Processing /home/airflow/.local/lib/python3.12/site-packages/airflow/example_dags/example_complex.py took 0.221 seconds
[2025-04-04T13:50:10.929+0000] {processor.py:186} INFO - Started process (PID=1691) to work on /home/airflow/.local/lib/python3.12/site-packages/airflow/example_dags/example_complex.py
[2025-04-04T13:50:10.931+0000] {processor.py:914} INFO - Processing file /home/airflow/.local/lib/python3.12/site-packages/airflow/example_dags/example_complex.py for tasks to queue
[2025-04-04T13:50:10.936+0000] {logging_mixin.py:190} INFO - [2025-04-04T13:50:10.935+0000] {dagbag.py:588} INFO - Filling up the DagBag from /home/airflow/.local/lib/python3.12/site-packages/airflow/example_dags/example_complex.py
[2025-04-04T13:50:10.966+0000] {processor.py:925} INFO - DAG(s) 'example_complex' retrieved from /home/airflow/.local/lib/python3.12/site-packages/airflow/example_dags/example_complex.py
[2025-04-04T13:50:11.045+0000] {logging_mixin.py:190} INFO - [2025-04-04T13:50:11.044+0000] {dag.py:3239} INFO - Sync 1 DAGs
[2025-04-04T13:50:11.077+0000] {logging_mixin.py:190} INFO - [2025-04-04T13:50:11.077+0000] {dag.py:4180} INFO - Setting next_dagrun for example_complex to None, run_after=None
[2025-04-04T13:50:11.129+0000] {processor.py:208} INFO - Processing /home/airflow/.local/lib/python3.12/site-packages/airflow/example_dags/example_complex.py took 0.213 seconds
[2025-04-04T13:50:41.374+0000] {processor.py:186} INFO - Started process (PID=1754) to work on /home/airflow/.local/lib/python3.12/site-packages/airflow/example_dags/example_complex.py
[2025-04-04T13:50:41.376+0000] {processor.py:914} INFO - Processing file /home/airflow/.local/lib/python3.12/site-packages/airflow/example_dags/example_complex.py for tasks to queue
[2025-04-04T13:50:41.381+0000] {logging_mixin.py:190} INFO - [2025-04-04T13:50:41.380+0000] {dagbag.py:588} INFO - Filling up the DagBag from /home/airflow/.local/lib/python3.12/site-packages/airflow/example_dags/example_complex.py
[2025-04-04T13:50:41.426+0000] {processor.py:925} INFO - DAG(s) 'example_complex' retrieved from /home/airflow/.local/lib/python3.12/site-packages/airflow/example_dags/example_complex.py
[2025-04-04T13:50:41.528+0000] {logging_mixin.py:190} INFO - [2025-04-04T13:50:41.527+0000] {dag.py:3239} INFO - Sync 1 DAGs
[2025-04-04T13:50:41.579+0000] {logging_mixin.py:190} INFO - [2025-04-04T13:50:41.578+0000] {dag.py:4180} INFO - Setting next_dagrun for example_complex to None, run_after=None
[2025-04-04T13:50:41.637+0000] {processor.py:208} INFO - Processing /home/airflow/.local/lib/python3.12/site-packages/airflow/example_dags/example_complex.py took 0.278 seconds
[2025-04-04T13:51:11.749+0000] {processor.py:186} INFO - Started process (PID=1817) to work on /home/airflow/.local/lib/python3.12/site-packages/airflow/example_dags/example_complex.py
[2025-04-04T13:51:11.751+0000] {processor.py:914} INFO - Processing file /home/airflow/.local/lib/python3.12/site-packages/airflow/example_dags/example_complex.py for tasks to queue
[2025-04-04T13:51:11.754+0000] {logging_mixin.py:190} INFO - [2025-04-04T13:51:11.754+0000] {dagbag.py:588} INFO - Filling up the DagBag from /home/airflow/.local/lib/python3.12/site-packages/airflow/example_dags/example_complex.py
[2025-04-04T13:51:11.776+0000] {processor.py:925} INFO - DAG(s) 'example_complex' retrieved from /home/airflow/.local/lib/python3.12/site-packages/airflow/example_dags/example_complex.py
[2025-04-04T13:51:11.848+0000] {logging_mixin.py:190} INFO - [2025-04-04T13:51:11.848+0000] {dag.py:3239} INFO - Sync 1 DAGs
[2025-04-04T13:51:11.876+0000] {logging_mixin.py:190} INFO - [2025-04-04T13:51:11.876+0000] {dag.py:4180} INFO - Setting next_dagrun for example_complex to None, run_after=None
[2025-04-04T13:51:11.916+0000] {processor.py:208} INFO - Processing /home/airflow/.local/lib/python3.12/site-packages/airflow/example_dags/example_complex.py took 0.178 seconds
[2025-04-04T13:51:43.994+0000] {processor.py:186} INFO - Started process (PID=1881) to work on /home/airflow/.local/lib/python3.12/site-packages/airflow/example_dags/example_complex.py
[2025-04-04T13:51:43.996+0000] {processor.py:914} INFO - Processing file /home/airflow/.local/lib/python3.12/site-packages/airflow/example_dags/example_complex.py for tasks to queue
[2025-04-04T13:51:43.999+0000] {logging_mixin.py:190} INFO - [2025-04-04T13:51:43.999+0000] {dagbag.py:588} INFO - Filling up the DagBag from /home/airflow/.local/lib/python3.12/site-packages/airflow/example_dags/example_complex.py
[2025-04-04T13:51:44.029+0000] {processor.py:925} INFO - DAG(s) 'example_complex' retrieved from /home/airflow/.local/lib/python3.12/site-packages/airflow/example_dags/example_complex.py
[2025-04-04T13:51:44.097+0000] {logging_mixin.py:190} INFO - [2025-04-04T13:51:44.097+0000] {dag.py:3239} INFO - Sync 1 DAGs
[2025-04-04T13:51:44.128+0000] {logging_mixin.py:190} INFO - [2025-04-04T13:51:44.127+0000] {dag.py:4180} INFO - Setting next_dagrun for example_complex to None, run_after=None
[2025-04-04T13:51:44.162+0000] {processor.py:208} INFO - Processing /home/airflow/.local/lib/python3.12/site-packages/airflow/example_dags/example_complex.py took 0.179 seconds
[2025-04-04T13:52:16.351+0000] {processor.py:186} INFO - Started process (PID=1944) to work on /home/airflow/.local/lib/python3.12/site-packages/airflow/example_dags/example_complex.py
[2025-04-04T13:52:16.352+0000] {processor.py:914} INFO - Processing file /home/airflow/.local/lib/python3.12/site-packages/airflow/example_dags/example_complex.py for tasks to queue
[2025-04-04T13:52:16.361+0000] {logging_mixin.py:190} INFO - [2025-04-04T13:52:16.360+0000] {dagbag.py:588} INFO - Filling up the DagBag from /home/airflow/.local/lib/python3.12/site-packages/airflow/example_dags/example_complex.py
[2025-04-04T13:52:16.409+0000] {processor.py:925} INFO - DAG(s) 'example_complex' retrieved from /home/airflow/.local/lib/python3.12/site-packages/airflow/example_dags/example_complex.py
[2025-04-04T13:52:16.516+0000] {logging_mixin.py:190} INFO - [2025-04-04T13:52:16.516+0000] {dag.py:3239} INFO - Sync 1 DAGs
[2025-04-04T13:52:16.569+0000] {logging_mixin.py:190} INFO - [2025-04-04T13:52:16.568+0000] {dag.py:4180} INFO - Setting next_dagrun for example_complex to None, run_after=None
[2025-04-04T13:52:16.629+0000] {processor.py:208} INFO - Processing /home/airflow/.local/lib/python3.12/site-packages/airflow/example_dags/example_complex.py took 0.294 seconds
[2025-04-04T13:52:48.326+0000] {processor.py:186} INFO - Started process (PID=2009) to work on /home/airflow/.local/lib/python3.12/site-packages/airflow/example_dags/example_complex.py
[2025-04-04T13:52:48.327+0000] {processor.py:914} INFO - Processing file /home/airflow/.local/lib/python3.12/site-packages/airflow/example_dags/example_complex.py for tasks to queue
[2025-04-04T13:52:48.331+0000] {logging_mixin.py:190} INFO - [2025-04-04T13:52:48.331+0000] {dagbag.py:588} INFO - Filling up the DagBag from /home/airflow/.local/lib/python3.12/site-packages/airflow/example_dags/example_complex.py
[2025-04-04T13:52:48.372+0000] {processor.py:925} INFO - DAG(s) 'example_complex' retrieved from /home/airflow/.local/lib/python3.12/site-packages/airflow/example_dags/example_complex.py
[2025-04-04T13:52:48.447+0000] {logging_mixin.py:190} INFO - [2025-04-04T13:52:48.447+0000] {dag.py:3239} INFO - Sync 1 DAGs
[2025-04-04T13:52:48.472+0000] {logging_mixin.py:190} INFO - [2025-04-04T13:52:48.472+0000] {dag.py:4180} INFO - Setting next_dagrun for example_complex to None, run_after=None
[2025-04-04T13:52:48.505+0000] {processor.py:208} INFO - Processing /home/airflow/.local/lib/python3.12/site-packages/airflow/example_dags/example_complex.py took 0.192 seconds
[2025-04-04T13:53:19.095+0000] {processor.py:186} INFO - Started process (PID=2070) to work on /home/airflow/.local/lib/python3.12/site-packages/airflow/example_dags/example_complex.py
[2025-04-04T13:53:19.097+0000] {processor.py:914} INFO - Processing file /home/airflow/.local/lib/python3.12/site-packages/airflow/example_dags/example_complex.py for tasks to queue
[2025-04-04T13:53:19.104+0000] {logging_mixin.py:190} INFO - [2025-04-04T13:53:19.103+0000] {dagbag.py:588} INFO - Filling up the DagBag from /home/airflow/.local/lib/python3.12/site-packages/airflow/example_dags/example_complex.py
[2025-04-04T13:53:19.144+0000] {processor.py:925} INFO - DAG(s) 'example_complex' retrieved from /home/airflow/.local/lib/python3.12/site-packages/airflow/example_dags/example_complex.py
[2025-04-04T13:53:19.260+0000] {logging_mixin.py:190} INFO - [2025-04-04T13:53:19.259+0000] {dag.py:3239} INFO - Sync 1 DAGs
[2025-04-04T13:53:19.340+0000] {logging_mixin.py:190} INFO - [2025-04-04T13:53:19.339+0000] {dag.py:4180} INFO - Setting next_dagrun for example_complex to None, run_after=None
[2025-04-04T13:53:19.420+0000] {processor.py:208} INFO - Processing /home/airflow/.local/lib/python3.12/site-packages/airflow/example_dags/example_complex.py took 0.341 seconds
[2025-04-04T13:53:49.644+0000] {processor.py:186} INFO - Started process (PID=2132) to work on /home/airflow/.local/lib/python3.12/site-packages/airflow/example_dags/example_complex.py
[2025-04-04T13:53:49.646+0000] {processor.py:914} INFO - Processing file /home/airflow/.local/lib/python3.12/site-packages/airflow/example_dags/example_complex.py for tasks to queue
[2025-04-04T13:53:49.654+0000] {logging_mixin.py:190} INFO - [2025-04-04T13:53:49.653+0000] {dagbag.py:588} INFO - Filling up the DagBag from /home/airflow/.local/lib/python3.12/site-packages/airflow/example_dags/example_complex.py
[2025-04-04T13:53:49.705+0000] {processor.py:925} INFO - DAG(s) 'example_complex' retrieved from /home/airflow/.local/lib/python3.12/site-packages/airflow/example_dags/example_complex.py
[2025-04-04T13:53:49.837+0000] {logging_mixin.py:190} INFO - [2025-04-04T13:53:49.836+0000] {dag.py:3239} INFO - Sync 1 DAGs
[2025-04-04T13:53:49.893+0000] {logging_mixin.py:190} INFO - [2025-04-04T13:53:49.893+0000] {dag.py:4180} INFO - Setting next_dagrun for example_complex to None, run_after=None
[2025-04-04T13:53:49.969+0000] {processor.py:208} INFO - Processing /home/airflow/.local/lib/python3.12/site-packages/airflow/example_dags/example_complex.py took 0.345 seconds
[2025-04-04T13:54:20.439+0000] {processor.py:186} INFO - Started process (PID=2195) to work on /home/airflow/.local/lib/python3.12/site-packages/airflow/example_dags/example_complex.py
[2025-04-04T13:54:20.441+0000] {processor.py:914} INFO - Processing file /home/airflow/.local/lib/python3.12/site-packages/airflow/example_dags/example_complex.py for tasks to queue
[2025-04-04T13:54:20.446+0000] {logging_mixin.py:190} INFO - [2025-04-04T13:54:20.445+0000] {dagbag.py:588} INFO - Filling up the DagBag from /home/airflow/.local/lib/python3.12/site-packages/airflow/example_dags/example_complex.py
[2025-04-04T13:54:20.498+0000] {processor.py:925} INFO - DAG(s) 'example_complex' retrieved from /home/airflow/.local/lib/python3.12/site-packages/airflow/example_dags/example_complex.py
[2025-04-04T13:54:20.580+0000] {logging_mixin.py:190} INFO - [2025-04-04T13:54:20.578+0000] {dag.py:3239} INFO - Sync 1 DAGs
[2025-04-04T13:54:20.625+0000] {logging_mixin.py:190} INFO - [2025-04-04T13:54:20.625+0000] {dag.py:4180} INFO - Setting next_dagrun for example_complex to None, run_after=None
[2025-04-04T13:54:20.675+0000] {processor.py:208} INFO - Processing /home/airflow/.local/lib/python3.12/site-packages/airflow/example_dags/example_complex.py took 0.257 seconds
[2025-04-04T13:54:50.804+0000] {processor.py:186} INFO - Started process (PID=2259) to work on /home/airflow/.local/lib/python3.12/site-packages/airflow/example_dags/example_complex.py
[2025-04-04T13:54:50.806+0000] {processor.py:914} INFO - Processing file /home/airflow/.local/lib/python3.12/site-packages/airflow/example_dags/example_complex.py for tasks to queue
[2025-04-04T13:54:50.811+0000] {logging_mixin.py:190} INFO - [2025-04-04T13:54:50.810+0000] {dagbag.py:588} INFO - Filling up the DagBag from /home/airflow/.local/lib/python3.12/site-packages/airflow/example_dags/example_complex.py
[2025-04-04T13:54:50.844+0000] {processor.py:925} INFO - DAG(s) 'example_complex' retrieved from /home/airflow/.local/lib/python3.12/site-packages/airflow/example_dags/example_complex.py
[2025-04-04T13:54:50.934+0000] {logging_mixin.py:190} INFO - [2025-04-04T13:54:50.934+0000] {dag.py:3239} INFO - Sync 1 DAGs
[2025-04-04T13:54:50.979+0000] {logging_mixin.py:190} INFO - [2025-04-04T13:54:50.979+0000] {dag.py:4180} INFO - Setting next_dagrun for example_complex to None, run_after=None
[2025-04-04T13:54:51.025+0000] {processor.py:208} INFO - Processing /home/airflow/.local/lib/python3.12/site-packages/airflow/example_dags/example_complex.py took 0.240 seconds
[2025-04-04T13:55:21.437+0000] {processor.py:186} INFO - Started process (PID=2322) to work on /home/airflow/.local/lib/python3.12/site-packages/airflow/example_dags/example_complex.py
[2025-04-04T13:55:21.439+0000] {processor.py:914} INFO - Processing file /home/airflow/.local/lib/python3.12/site-packages/airflow/example_dags/example_complex.py for tasks to queue
[2025-04-04T13:55:21.445+0000] {logging_mixin.py:190} INFO - [2025-04-04T13:55:21.444+0000] {dagbag.py:588} INFO - Filling up the DagBag from /home/airflow/.local/lib/python3.12/site-packages/airflow/example_dags/example_complex.py
[2025-04-04T13:55:21.481+0000] {processor.py:925} INFO - DAG(s) 'example_complex' retrieved from /home/airflow/.local/lib/python3.12/site-packages/airflow/example_dags/example_complex.py
[2025-04-04T13:55:21.586+0000] {logging_mixin.py:190} INFO - [2025-04-04T13:55:21.586+0000] {dag.py:3239} INFO - Sync 1 DAGs
[2025-04-04T13:55:21.620+0000] {logging_mixin.py:190} INFO - [2025-04-04T13:55:21.620+0000] {dag.py:4180} INFO - Setting next_dagrun for example_complex to None, run_after=None
[2025-04-04T13:55:21.669+0000] {processor.py:208} INFO - Processing /home/airflow/.local/lib/python3.12/site-packages/airflow/example_dags/example_complex.py took 0.244 seconds
[2025-04-04T13:55:53.111+0000] {processor.py:186} INFO - Started process (PID=2384) to work on /home/airflow/.local/lib/python3.12/site-packages/airflow/example_dags/example_complex.py
[2025-04-04T13:55:53.113+0000] {processor.py:914} INFO - Processing file /home/airflow/.local/lib/python3.12/site-packages/airflow/example_dags/example_complex.py for tasks to queue
[2025-04-04T13:55:53.119+0000] {logging_mixin.py:190} INFO - [2025-04-04T13:55:53.117+0000] {dagbag.py:588} INFO - Filling up the DagBag from /home/airflow/.local/lib/python3.12/site-packages/airflow/example_dags/example_complex.py
[2025-04-04T13:55:53.168+0000] {processor.py:925} INFO - DAG(s) 'example_complex' retrieved from /home/airflow/.local/lib/python3.12/site-packages/airflow/example_dags/example_complex.py
[2025-04-04T13:55:53.347+0000] {logging_mixin.py:190} INFO - [2025-04-04T13:55:53.347+0000] {dag.py:3239} INFO - Sync 1 DAGs
[2025-04-04T13:55:53.397+0000] {logging_mixin.py:190} INFO - [2025-04-04T13:55:53.396+0000] {dag.py:4180} INFO - Setting next_dagrun for example_complex to None, run_after=None
[2025-04-04T13:55:53.547+0000] {processor.py:208} INFO - Processing /home/airflow/.local/lib/python3.12/site-packages/airflow/example_dags/example_complex.py took 0.453 seconds
[2025-04-04T13:56:23.993+0000] {processor.py:186} INFO - Started process (PID=2446) to work on /home/airflow/.local/lib/python3.12/site-packages/airflow/example_dags/example_complex.py
[2025-04-04T13:56:23.995+0000] {processor.py:914} INFO - Processing file /home/airflow/.local/lib/python3.12/site-packages/airflow/example_dags/example_complex.py for tasks to queue
[2025-04-04T13:56:23.999+0000] {logging_mixin.py:190} INFO - [2025-04-04T13:56:23.999+0000] {dagbag.py:588} INFO - Filling up the DagBag from /home/airflow/.local/lib/python3.12/site-packages/airflow/example_dags/example_complex.py
[2025-04-04T13:56:24.030+0000] {processor.py:925} INFO - DAG(s) 'example_complex' retrieved from /home/airflow/.local/lib/python3.12/site-packages/airflow/example_dags/example_complex.py
[2025-04-04T13:56:24.111+0000] {logging_mixin.py:190} INFO - [2025-04-04T13:56:24.111+0000] {dag.py:3239} INFO - Sync 1 DAGs
[2025-04-04T13:56:24.144+0000] {logging_mixin.py:190} INFO - [2025-04-04T13:56:24.144+0000] {dag.py:4180} INFO - Setting next_dagrun for example_complex to None, run_after=None
[2025-04-04T13:56:24.189+0000] {processor.py:208} INFO - Processing /home/airflow/.local/lib/python3.12/site-packages/airflow/example_dags/example_complex.py took 0.209 seconds
[2025-04-04T13:56:54.498+0000] {processor.py:186} INFO - Started process (PID=2509) to work on /home/airflow/.local/lib/python3.12/site-packages/airflow/example_dags/example_complex.py
[2025-04-04T13:56:54.499+0000] {processor.py:914} INFO - Processing file /home/airflow/.local/lib/python3.12/site-packages/airflow/example_dags/example_complex.py for tasks to queue
[2025-04-04T13:56:54.505+0000] {logging_mixin.py:190} INFO - [2025-04-04T13:56:54.504+0000] {dagbag.py:588} INFO - Filling up the DagBag from /home/airflow/.local/lib/python3.12/site-packages/airflow/example_dags/example_complex.py
[2025-04-04T13:56:54.540+0000] {processor.py:925} INFO - DAG(s) 'example_complex' retrieved from /home/airflow/.local/lib/python3.12/site-packages/airflow/example_dags/example_complex.py
[2025-04-04T13:56:54.635+0000] {logging_mixin.py:190} INFO - [2025-04-04T13:56:54.635+0000] {dag.py:3239} INFO - Sync 1 DAGs
[2025-04-04T13:56:54.697+0000] {logging_mixin.py:190} INFO - [2025-04-04T13:56:54.695+0000] {dag.py:4180} INFO - Setting next_dagrun for example_complex to None, run_after=None
[2025-04-04T13:56:54.754+0000] {processor.py:208} INFO - Processing /home/airflow/.local/lib/python3.12/site-packages/airflow/example_dags/example_complex.py took 0.271 seconds
[2025-04-04T13:57:25.128+0000] {processor.py:186} INFO - Started process (PID=2572) to work on /home/airflow/.local/lib/python3.12/site-packages/airflow/example_dags/example_complex.py
[2025-04-04T13:57:25.172+0000] {processor.py:914} INFO - Processing file /home/airflow/.local/lib/python3.12/site-packages/airflow/example_dags/example_complex.py for tasks to queue
[2025-04-04T13:57:25.189+0000] {logging_mixin.py:190} INFO - [2025-04-04T13:57:25.188+0000] {dagbag.py:588} INFO - Filling up the DagBag from /home/airflow/.local/lib/python3.12/site-packages/airflow/example_dags/example_complex.py
[2025-04-04T13:57:25.354+0000] {processor.py:925} INFO - DAG(s) 'example_complex' retrieved from /home/airflow/.local/lib/python3.12/site-packages/airflow/example_dags/example_complex.py
[2025-04-04T13:57:25.775+0000] {logging_mixin.py:190} INFO - [2025-04-04T13:57:25.774+0000] {dag.py:3239} INFO - Sync 1 DAGs
[2025-04-04T13:57:25.948+0000] {logging_mixin.py:190} INFO - [2025-04-04T13:57:25.947+0000] {dag.py:4180} INFO - Setting next_dagrun for example_complex to None, run_after=None
[2025-04-04T13:57:26.114+0000] {processor.py:208} INFO - Processing /home/airflow/.local/lib/python3.12/site-packages/airflow/example_dags/example_complex.py took 1.020 seconds
[2025-04-04T13:57:56.853+0000] {processor.py:186} INFO - Started process (PID=2635) to work on /home/airflow/.local/lib/python3.12/site-packages/airflow/example_dags/example_complex.py
[2025-04-04T13:57:56.855+0000] {processor.py:914} INFO - Processing file /home/airflow/.local/lib/python3.12/site-packages/airflow/example_dags/example_complex.py for tasks to queue
[2025-04-04T13:57:56.860+0000] {logging_mixin.py:190} INFO - [2025-04-04T13:57:56.859+0000] {dagbag.py:588} INFO - Filling up the DagBag from /home/airflow/.local/lib/python3.12/site-packages/airflow/example_dags/example_complex.py
[2025-04-04T13:57:56.890+0000] {processor.py:925} INFO - DAG(s) 'example_complex' retrieved from /home/airflow/.local/lib/python3.12/site-packages/airflow/example_dags/example_complex.py
[2025-04-04T13:57:56.989+0000] {logging_mixin.py:190} INFO - [2025-04-04T13:57:56.989+0000] {dag.py:3239} INFO - Sync 1 DAGs
[2025-04-04T13:57:57.031+0000] {logging_mixin.py:190} INFO - [2025-04-04T13:57:57.030+0000] {dag.py:4180} INFO - Setting next_dagrun for example_complex to None, run_after=None
[2025-04-04T13:57:57.075+0000] {processor.py:208} INFO - Processing /home/airflow/.local/lib/python3.12/site-packages/airflow/example_dags/example_complex.py took 0.237 seconds
[2025-04-04T13:58:30.619+0000] {processor.py:186} INFO - Started process (PID=2702) to work on /home/airflow/.local/lib/python3.12/site-packages/airflow/example_dags/example_complex.py
[2025-04-04T13:58:30.629+0000] {processor.py:914} INFO - Processing file /home/airflow/.local/lib/python3.12/site-packages/airflow/example_dags/example_complex.py for tasks to queue
[2025-04-04T13:58:30.644+0000] {logging_mixin.py:190} INFO - [2025-04-04T13:58:30.640+0000] {dagbag.py:588} INFO - Filling up the DagBag from /home/airflow/.local/lib/python3.12/site-packages/airflow/example_dags/example_complex.py
[2025-04-04T13:58:30.705+0000] {processor.py:925} INFO - DAG(s) 'example_complex' retrieved from /home/airflow/.local/lib/python3.12/site-packages/airflow/example_dags/example_complex.py
[2025-04-04T13:58:30.799+0000] {logging_mixin.py:190} INFO - [2025-04-04T13:58:30.799+0000] {dag.py:3239} INFO - Sync 1 DAGs
[2025-04-04T13:58:30.833+0000] {logging_mixin.py:190} INFO - [2025-04-04T13:58:30.833+0000] {dag.py:4180} INFO - Setting next_dagrun for example_complex to None, run_after=None
[2025-04-04T13:58:30.887+0000] {processor.py:208} INFO - Processing /home/airflow/.local/lib/python3.12/site-packages/airflow/example_dags/example_complex.py took 0.290 seconds
[2025-04-04T13:59:03.124+0000] {processor.py:186} INFO - Started process (PID=2765) to work on /home/airflow/.local/lib/python3.12/site-packages/airflow/example_dags/example_complex.py
[2025-04-04T13:59:03.127+0000] {processor.py:914} INFO - Processing file /home/airflow/.local/lib/python3.12/site-packages/airflow/example_dags/example_complex.py for tasks to queue
[2025-04-04T13:59:03.132+0000] {logging_mixin.py:190} INFO - [2025-04-04T13:59:03.132+0000] {dagbag.py:588} INFO - Filling up the DagBag from /home/airflow/.local/lib/python3.12/site-packages/airflow/example_dags/example_complex.py
[2025-04-04T13:59:03.183+0000] {processor.py:925} INFO - DAG(s) 'example_complex' retrieved from /home/airflow/.local/lib/python3.12/site-packages/airflow/example_dags/example_complex.py
[2025-04-04T13:59:03.296+0000] {logging_mixin.py:190} INFO - [2025-04-04T13:59:03.296+0000] {dag.py:3239} INFO - Sync 1 DAGs
[2025-04-04T13:59:03.338+0000] {logging_mixin.py:190} INFO - [2025-04-04T13:59:03.338+0000] {dag.py:4180} INFO - Setting next_dagrun for example_complex to None, run_after=None
[2025-04-04T13:59:03.391+0000] {processor.py:208} INFO - Processing /home/airflow/.local/lib/python3.12/site-packages/airflow/example_dags/example_complex.py took 0.279 seconds
