[2025-04-04T13:36:48.360+0000] {processor.py:186} INFO - Started process (PID=107) to work on /home/airflow/.local/lib/python3.12/site-packages/airflow/example_dags/example_dataset_alias_with_no_taskflow.py
[2025-04-04T13:36:48.362+0000] {processor.py:914} INFO - Processing file /home/airflow/.local/lib/python3.12/site-packages/airflow/example_dags/example_dataset_alias_with_no_taskflow.py for tasks to queue
[2025-04-04T13:36:48.367+0000] {logging_mixin.py:190} INFO - [2025-04-04T13:36:48.366+0000] {dagbag.py:588} INFO - Filling up the DagBag from /home/airflow/.local/lib/python3.12/site-packages/airflow/example_dags/example_dataset_alias_with_no_taskflow.py
[2025-04-04T13:36:49.653+0000] {processor.py:925} INFO - DAG(s) 'dataset_alias_example_alias_consumer_with_no_taskflow', 'dataset_s3_bucket_consumer_with_no_taskflow', 'dataset_s3_bucket_producer_with_no_taskflow', 'dataset_alias_example_alias_producer_with_no_taskflow' retrieved from /home/airflow/.local/lib/python3.12/site-packages/airflow/example_dags/example_dataset_alias_with_no_taskflow.py
[2025-04-04T13:36:49.877+0000] {logging_mixin.py:190} INFO - [2025-04-04T13:36:49.875+0000] {override.py:1912} INFO - Created Permission View: can edit on DAG:dataset_alias_example_alias_consumer_with_no_taskflow
[2025-04-04T13:36:49.919+0000] {logging_mixin.py:190} INFO - [2025-04-04T13:36:49.918+0000] {override.py:1912} INFO - Created Permission View: can delete on DAG:dataset_alias_example_alias_consumer_with_no_taskflow
[2025-04-04T13:36:49.955+0000] {logging_mixin.py:190} INFO - [2025-04-04T13:36:49.955+0000] {override.py:1912} INFO - Created Permission View: can read on DAG:dataset_alias_example_alias_consumer_with_no_taskflow
[2025-04-04T13:36:50.010+0000] {logging_mixin.py:190} INFO - [2025-04-04T13:36:50.009+0000] {override.py:1912} INFO - Created Permission View: can delete on DAG Run:dataset_alias_example_alias_consumer_with_no_taskflow
[2025-04-04T13:36:50.040+0000] {logging_mixin.py:190} INFO - [2025-04-04T13:36:50.039+0000] {override.py:1912} INFO - Created Permission View: can read on DAG Run:dataset_alias_example_alias_consumer_with_no_taskflow
[2025-04-04T13:36:50.071+0000] {logging_mixin.py:190} INFO - [2025-04-04T13:36:50.070+0000] {override.py:1912} INFO - Created Permission View: can create on DAG Run:dataset_alias_example_alias_consumer_with_no_taskflow
[2025-04-04T13:36:50.096+0000] {logging_mixin.py:190} INFO - [2025-04-04T13:36:50.095+0000] {override.py:1912} INFO - Created Permission View: menu access on DAG Run:dataset_alias_example_alias_consumer_with_no_taskflow
[2025-04-04T13:36:50.136+0000] {logging_mixin.py:190} INFO - [2025-04-04T13:36:50.135+0000] {override.py:1912} INFO - Created Permission View: can edit on DAG:dataset_s3_bucket_consumer_with_no_taskflow
[2025-04-04T13:36:50.153+0000] {logging_mixin.py:190} INFO - [2025-04-04T13:36:50.152+0000] {override.py:1912} INFO - Created Permission View: can delete on DAG:dataset_s3_bucket_consumer_with_no_taskflow
[2025-04-04T13:36:50.176+0000] {logging_mixin.py:190} INFO - [2025-04-04T13:36:50.175+0000] {override.py:1912} INFO - Created Permission View: can read on DAG:dataset_s3_bucket_consumer_with_no_taskflow
[2025-04-04T13:36:50.219+0000] {logging_mixin.py:190} INFO - [2025-04-04T13:36:50.218+0000] {override.py:1912} INFO - Created Permission View: can delete on DAG Run:dataset_s3_bucket_consumer_with_no_taskflow
[2025-04-04T13:36:50.238+0000] {logging_mixin.py:190} INFO - [2025-04-04T13:36:50.237+0000] {override.py:1912} INFO - Created Permission View: can read on DAG Run:dataset_s3_bucket_consumer_with_no_taskflow
[2025-04-04T13:36:50.264+0000] {logging_mixin.py:190} INFO - [2025-04-04T13:36:50.264+0000] {override.py:1912} INFO - Created Permission View: can create on DAG Run:dataset_s3_bucket_consumer_with_no_taskflow
[2025-04-04T13:36:50.282+0000] {logging_mixin.py:190} INFO - [2025-04-04T13:36:50.281+0000] {override.py:1912} INFO - Created Permission View: menu access on DAG Run:dataset_s3_bucket_consumer_with_no_taskflow
[2025-04-04T13:36:50.335+0000] {logging_mixin.py:190} INFO - [2025-04-04T13:36:50.334+0000] {override.py:1912} INFO - Created Permission View: can edit on DAG:dataset_s3_bucket_producer_with_no_taskflow
[2025-04-04T13:36:50.407+0000] {logging_mixin.py:190} INFO - [2025-04-04T13:36:50.407+0000] {override.py:1912} INFO - Created Permission View: can delete on DAG:dataset_s3_bucket_producer_with_no_taskflow
[2025-04-04T13:36:50.465+0000] {logging_mixin.py:190} INFO - [2025-04-04T13:36:50.464+0000] {override.py:1912} INFO - Created Permission View: can read on DAG:dataset_s3_bucket_producer_with_no_taskflow
[2025-04-04T13:36:50.483+0000] {logging_mixin.py:190} INFO - [2025-04-04T13:36:50.482+0000] {override.py:1912} INFO - Created Permission View: can delete on DAG Run:dataset_s3_bucket_producer_with_no_taskflow
[2025-04-04T13:36:50.501+0000] {logging_mixin.py:190} INFO - [2025-04-04T13:36:50.500+0000] {override.py:1912} INFO - Created Permission View: can read on DAG Run:dataset_s3_bucket_producer_with_no_taskflow
[2025-04-04T13:36:50.522+0000] {logging_mixin.py:190} INFO - [2025-04-04T13:36:50.520+0000] {override.py:1912} INFO - Created Permission View: can create on DAG Run:dataset_s3_bucket_producer_with_no_taskflow
[2025-04-04T13:36:50.547+0000] {logging_mixin.py:190} INFO - [2025-04-04T13:36:50.546+0000] {override.py:1912} INFO - Created Permission View: menu access on DAG Run:dataset_s3_bucket_producer_with_no_taskflow
[2025-04-04T13:36:50.592+0000] {logging_mixin.py:190} INFO - [2025-04-04T13:36:50.591+0000] {override.py:1912} INFO - Created Permission View: can edit on DAG:dataset_alias_example_alias_producer_with_no_taskflow
[2025-04-04T13:36:50.624+0000] {logging_mixin.py:190} INFO - [2025-04-04T13:36:50.623+0000] {override.py:1912} INFO - Created Permission View: can delete on DAG:dataset_alias_example_alias_producer_with_no_taskflow
[2025-04-04T13:36:50.645+0000] {logging_mixin.py:190} INFO - [2025-04-04T13:36:50.644+0000] {override.py:1912} INFO - Created Permission View: can read on DAG:dataset_alias_example_alias_producer_with_no_taskflow
[2025-04-04T13:36:50.676+0000] {logging_mixin.py:190} INFO - [2025-04-04T13:36:50.675+0000] {override.py:1912} INFO - Created Permission View: can delete on DAG Run:dataset_alias_example_alias_producer_with_no_taskflow
[2025-04-04T13:36:50.706+0000] {logging_mixin.py:190} INFO - [2025-04-04T13:36:50.700+0000] {override.py:1912} INFO - Created Permission View: can read on DAG Run:dataset_alias_example_alias_producer_with_no_taskflow
[2025-04-04T13:36:50.725+0000] {logging_mixin.py:190} INFO - [2025-04-04T13:36:50.725+0000] {override.py:1912} INFO - Created Permission View: can create on DAG Run:dataset_alias_example_alias_producer_with_no_taskflow
[2025-04-04T13:36:50.741+0000] {logging_mixin.py:190} INFO - [2025-04-04T13:36:50.740+0000] {override.py:1912} INFO - Created Permission View: menu access on DAG Run:dataset_alias_example_alias_producer_with_no_taskflow
[2025-04-04T13:36:50.743+0000] {logging_mixin.py:190} INFO - [2025-04-04T13:36:50.742+0000] {dag.py:3239} INFO - Sync 4 DAGs
[2025-04-04T13:36:50.775+0000] {logging_mixin.py:190} INFO - [2025-04-04T13:36:50.774+0000] {dag.py:3262} INFO - Creating ORM DAG for dataset_s3_bucket_consumer_with_no_taskflow
[2025-04-04T13:36:50.777+0000] {logging_mixin.py:190} INFO - [2025-04-04T13:36:50.777+0000] {dag.py:3262} INFO - Creating ORM DAG for dataset_alias_example_alias_producer_with_no_taskflow
[2025-04-04T13:36:50.780+0000] {logging_mixin.py:190} INFO - [2025-04-04T13:36:50.780+0000] {dag.py:3262} INFO - Creating ORM DAG for dataset_alias_example_alias_consumer_with_no_taskflow
[2025-04-04T13:36:50.782+0000] {logging_mixin.py:190} INFO - [2025-04-04T13:36:50.782+0000] {dag.py:3262} INFO - Creating ORM DAG for dataset_s3_bucket_producer_with_no_taskflow
[2025-04-04T13:36:50.804+0000] {logging_mixin.py:190} INFO - [2025-04-04T13:36:50.804+0000] {dag.py:4180} INFO - Setting next_dagrun for dataset_alias_example_alias_consumer_with_no_taskflow to None, run_after=None
[2025-04-04T13:36:50.811+0000] {logging_mixin.py:190} INFO - [2025-04-04T13:36:50.810+0000] {dag.py:4180} INFO - Setting next_dagrun for dataset_alias_example_alias_producer_with_no_taskflow to None, run_after=None
[2025-04-04T13:36:50.813+0000] {logging_mixin.py:190} INFO - [2025-04-04T13:36:50.813+0000] {dag.py:4180} INFO - Setting next_dagrun for dataset_s3_bucket_consumer_with_no_taskflow to None, run_after=None
[2025-04-04T13:36:50.816+0000] {logging_mixin.py:190} INFO - [2025-04-04T13:36:50.815+0000] {dag.py:4180} INFO - Setting next_dagrun for dataset_s3_bucket_producer_with_no_taskflow to None, run_after=None
[2025-04-04T13:36:50.884+0000] {processor.py:208} INFO - Processing /home/airflow/.local/lib/python3.12/site-packages/airflow/example_dags/example_dataset_alias_with_no_taskflow.py took 2.535 seconds
[2025-04-04T13:37:21.018+0000] {processor.py:186} INFO - Started process (PID=171) to work on /home/airflow/.local/lib/python3.12/site-packages/airflow/example_dags/example_dataset_alias_with_no_taskflow.py
[2025-04-04T13:37:21.032+0000] {processor.py:914} INFO - Processing file /home/airflow/.local/lib/python3.12/site-packages/airflow/example_dags/example_dataset_alias_with_no_taskflow.py for tasks to queue
[2025-04-04T13:37:21.036+0000] {logging_mixin.py:190} INFO - [2025-04-04T13:37:21.036+0000] {dagbag.py:588} INFO - Filling up the DagBag from /home/airflow/.local/lib/python3.12/site-packages/airflow/example_dags/example_dataset_alias_with_no_taskflow.py
[2025-04-04T13:37:21.989+0000] {processor.py:925} INFO - DAG(s) 'dataset_s3_bucket_consumer_with_no_taskflow', 'dataset_alias_example_alias_producer_with_no_taskflow', 'dataset_s3_bucket_producer_with_no_taskflow', 'dataset_alias_example_alias_consumer_with_no_taskflow' retrieved from /home/airflow/.local/lib/python3.12/site-packages/airflow/example_dags/example_dataset_alias_with_no_taskflow.py
[2025-04-04T13:37:22.042+0000] {logging_mixin.py:190} INFO - [2025-04-04T13:37:22.041+0000] {dag.py:3239} INFO - Sync 4 DAGs
[2025-04-04T13:37:22.084+0000] {logging_mixin.py:190} INFO - [2025-04-04T13:37:22.084+0000] {dag.py:4180} INFO - Setting next_dagrun for dataset_alias_example_alias_consumer_with_no_taskflow to None, run_after=None
[2025-04-04T13:37:22.092+0000] {logging_mixin.py:190} INFO - [2025-04-04T13:37:22.091+0000] {dag.py:4180} INFO - Setting next_dagrun for dataset_alias_example_alias_producer_with_no_taskflow to None, run_after=None
[2025-04-04T13:37:22.096+0000] {logging_mixin.py:190} INFO - [2025-04-04T13:37:22.096+0000] {dag.py:4180} INFO - Setting next_dagrun for dataset_s3_bucket_consumer_with_no_taskflow to None, run_after=None
[2025-04-04T13:37:22.100+0000] {logging_mixin.py:190} INFO - [2025-04-04T13:37:22.099+0000] {dag.py:4180} INFO - Setting next_dagrun for dataset_s3_bucket_producer_with_no_taskflow to None, run_after=None
[2025-04-04T13:37:22.143+0000] {processor.py:208} INFO - Processing /home/airflow/.local/lib/python3.12/site-packages/airflow/example_dags/example_dataset_alias_with_no_taskflow.py took 1.141 seconds
[2025-04-04T13:37:52.289+0000] {processor.py:186} INFO - Started process (PID=241) to work on /home/airflow/.local/lib/python3.12/site-packages/airflow/example_dags/example_dataset_alias_with_no_taskflow.py
[2025-04-04T13:37:52.291+0000] {processor.py:914} INFO - Processing file /home/airflow/.local/lib/python3.12/site-packages/airflow/example_dags/example_dataset_alias_with_no_taskflow.py for tasks to queue
[2025-04-04T13:37:52.294+0000] {logging_mixin.py:190} INFO - [2025-04-04T13:37:52.294+0000] {dagbag.py:588} INFO - Filling up the DagBag from /home/airflow/.local/lib/python3.12/site-packages/airflow/example_dags/example_dataset_alias_with_no_taskflow.py
[2025-04-04T13:37:53.394+0000] {processor.py:925} INFO - DAG(s) 'dataset_alias_example_alias_producer_with_no_taskflow', 'dataset_alias_example_alias_consumer_with_no_taskflow', 'dataset_s3_bucket_consumer_with_no_taskflow', 'dataset_s3_bucket_producer_with_no_taskflow' retrieved from /home/airflow/.local/lib/python3.12/site-packages/airflow/example_dags/example_dataset_alias_with_no_taskflow.py
[2025-04-04T13:37:53.430+0000] {logging_mixin.py:190} INFO - [2025-04-04T13:37:53.429+0000] {dag.py:3239} INFO - Sync 4 DAGs
[2025-04-04T13:37:53.468+0000] {logging_mixin.py:190} INFO - [2025-04-04T13:37:53.467+0000] {dag.py:4180} INFO - Setting next_dagrun for dataset_alias_example_alias_consumer_with_no_taskflow to None, run_after=None
[2025-04-04T13:37:53.473+0000] {logging_mixin.py:190} INFO - [2025-04-04T13:37:53.473+0000] {dag.py:4180} INFO - Setting next_dagrun for dataset_alias_example_alias_producer_with_no_taskflow to None, run_after=None
[2025-04-04T13:37:53.477+0000] {logging_mixin.py:190} INFO - [2025-04-04T13:37:53.476+0000] {dag.py:4180} INFO - Setting next_dagrun for dataset_s3_bucket_consumer_with_no_taskflow to None, run_after=None
[2025-04-04T13:37:53.480+0000] {logging_mixin.py:190} INFO - [2025-04-04T13:37:53.479+0000] {dag.py:4180} INFO - Setting next_dagrun for dataset_s3_bucket_producer_with_no_taskflow to None, run_after=None
[2025-04-04T13:37:53.516+0000] {processor.py:208} INFO - Processing /home/airflow/.local/lib/python3.12/site-packages/airflow/example_dags/example_dataset_alias_with_no_taskflow.py took 1.239 seconds
[2025-04-04T13:38:25.739+0000] {processor.py:186} INFO - Started process (PID=303) to work on /home/airflow/.local/lib/python3.12/site-packages/airflow/example_dags/example_dataset_alias_with_no_taskflow.py
[2025-04-04T13:38:25.740+0000] {processor.py:914} INFO - Processing file /home/airflow/.local/lib/python3.12/site-packages/airflow/example_dags/example_dataset_alias_with_no_taskflow.py for tasks to queue
[2025-04-04T13:38:25.744+0000] {logging_mixin.py:190} INFO - [2025-04-04T13:38:25.744+0000] {dagbag.py:588} INFO - Filling up the DagBag from /home/airflow/.local/lib/python3.12/site-packages/airflow/example_dags/example_dataset_alias_with_no_taskflow.py
[2025-04-04T13:38:27.482+0000] {processor.py:925} INFO - DAG(s) 'dataset_alias_example_alias_producer_with_no_taskflow', 'dataset_alias_example_alias_consumer_with_no_taskflow', 'dataset_s3_bucket_consumer_with_no_taskflow', 'dataset_s3_bucket_producer_with_no_taskflow' retrieved from /home/airflow/.local/lib/python3.12/site-packages/airflow/example_dags/example_dataset_alias_with_no_taskflow.py
[2025-04-04T13:38:27.593+0000] {logging_mixin.py:190} INFO - [2025-04-04T13:38:27.592+0000] {dag.py:3239} INFO - Sync 4 DAGs
[2025-04-04T13:38:27.639+0000] {logging_mixin.py:190} INFO - [2025-04-04T13:38:27.639+0000] {dag.py:4180} INFO - Setting next_dagrun for dataset_alias_example_alias_consumer_with_no_taskflow to None, run_after=None
[2025-04-04T13:38:27.646+0000] {logging_mixin.py:190} INFO - [2025-04-04T13:38:27.645+0000] {dag.py:4180} INFO - Setting next_dagrun for dataset_alias_example_alias_producer_with_no_taskflow to None, run_after=None
[2025-04-04T13:38:27.652+0000] {logging_mixin.py:190} INFO - [2025-04-04T13:38:27.652+0000] {dag.py:4180} INFO - Setting next_dagrun for dataset_s3_bucket_consumer_with_no_taskflow to None, run_after=None
[2025-04-04T13:38:27.655+0000] {logging_mixin.py:190} INFO - [2025-04-04T13:38:27.654+0000] {dag.py:4180} INFO - Setting next_dagrun for dataset_s3_bucket_producer_with_no_taskflow to None, run_after=None
[2025-04-04T13:38:27.696+0000] {processor.py:208} INFO - Processing /home/airflow/.local/lib/python3.12/site-packages/airflow/example_dags/example_dataset_alias_with_no_taskflow.py took 1.977 seconds
[2025-04-04T13:38:58.589+0000] {processor.py:186} INFO - Started process (PID=366) to work on /home/airflow/.local/lib/python3.12/site-packages/airflow/example_dags/example_dataset_alias_with_no_taskflow.py
[2025-04-04T13:38:58.591+0000] {processor.py:914} INFO - Processing file /home/airflow/.local/lib/python3.12/site-packages/airflow/example_dags/example_dataset_alias_with_no_taskflow.py for tasks to queue
[2025-04-04T13:38:58.597+0000] {logging_mixin.py:190} INFO - [2025-04-04T13:38:58.596+0000] {dagbag.py:588} INFO - Filling up the DagBag from /home/airflow/.local/lib/python3.12/site-packages/airflow/example_dags/example_dataset_alias_with_no_taskflow.py
[2025-04-04T13:39:00.586+0000] {processor.py:925} INFO - DAG(s) 'dataset_alias_example_alias_consumer_with_no_taskflow', 'dataset_alias_example_alias_producer_with_no_taskflow', 'dataset_s3_bucket_consumer_with_no_taskflow', 'dataset_s3_bucket_producer_with_no_taskflow' retrieved from /home/airflow/.local/lib/python3.12/site-packages/airflow/example_dags/example_dataset_alias_with_no_taskflow.py
[2025-04-04T13:39:00.667+0000] {logging_mixin.py:190} INFO - [2025-04-04T13:39:00.666+0000] {dag.py:3239} INFO - Sync 4 DAGs
[2025-04-04T13:39:00.738+0000] {logging_mixin.py:190} INFO - [2025-04-04T13:39:00.738+0000] {dag.py:4180} INFO - Setting next_dagrun for dataset_alias_example_alias_consumer_with_no_taskflow to None, run_after=None
[2025-04-04T13:39:00.745+0000] {logging_mixin.py:190} INFO - [2025-04-04T13:39:00.744+0000] {dag.py:4180} INFO - Setting next_dagrun for dataset_alias_example_alias_producer_with_no_taskflow to None, run_after=None
[2025-04-04T13:39:00.751+0000] {logging_mixin.py:190} INFO - [2025-04-04T13:39:00.750+0000] {dag.py:4180} INFO - Setting next_dagrun for dataset_s3_bucket_consumer_with_no_taskflow to None, run_after=None
[2025-04-04T13:39:00.758+0000] {logging_mixin.py:190} INFO - [2025-04-04T13:39:00.754+0000] {dag.py:4180} INFO - Setting next_dagrun for dataset_s3_bucket_producer_with_no_taskflow to None, run_after=None
[2025-04-04T13:39:00.917+0000] {processor.py:208} INFO - Processing /home/airflow/.local/lib/python3.12/site-packages/airflow/example_dags/example_dataset_alias_with_no_taskflow.py took 2.342 seconds
[2025-04-04T13:39:40.095+0000] {processor.py:186} INFO - Started process (PID=439) to work on /home/airflow/.local/lib/python3.12/site-packages/airflow/example_dags/example_dataset_alias_with_no_taskflow.py
[2025-04-04T13:39:40.098+0000] {processor.py:914} INFO - Processing file /home/airflow/.local/lib/python3.12/site-packages/airflow/example_dags/example_dataset_alias_with_no_taskflow.py for tasks to queue
[2025-04-04T13:39:40.109+0000] {logging_mixin.py:190} INFO - [2025-04-04T13:39:40.106+0000] {dagbag.py:588} INFO - Filling up the DagBag from /home/airflow/.local/lib/python3.12/site-packages/airflow/example_dags/example_dataset_alias_with_no_taskflow.py
[2025-04-04T13:39:44.062+0000] {processor.py:925} INFO - DAG(s) 'dataset_s3_bucket_producer_with_no_taskflow', 'dataset_alias_example_alias_producer_with_no_taskflow', 'dataset_alias_example_alias_consumer_with_no_taskflow', 'dataset_s3_bucket_consumer_with_no_taskflow' retrieved from /home/airflow/.local/lib/python3.12/site-packages/airflow/example_dags/example_dataset_alias_with_no_taskflow.py
[2025-04-04T13:39:44.167+0000] {logging_mixin.py:190} INFO - [2025-04-04T13:39:44.165+0000] {dag.py:3239} INFO - Sync 4 DAGs
[2025-04-04T13:39:44.310+0000] {logging_mixin.py:190} INFO - [2025-04-04T13:39:44.309+0000] {dag.py:4180} INFO - Setting next_dagrun for dataset_alias_example_alias_consumer_with_no_taskflow to None, run_after=None
[2025-04-04T13:39:44.320+0000] {logging_mixin.py:190} INFO - [2025-04-04T13:39:44.318+0000] {dag.py:4180} INFO - Setting next_dagrun for dataset_alias_example_alias_producer_with_no_taskflow to None, run_after=None
[2025-04-04T13:39:44.334+0000] {logging_mixin.py:190} INFO - [2025-04-04T13:39:44.333+0000] {dag.py:4180} INFO - Setting next_dagrun for dataset_s3_bucket_consumer_with_no_taskflow to None, run_after=None
[2025-04-04T13:39:44.348+0000] {logging_mixin.py:190} INFO - [2025-04-04T13:39:44.347+0000] {dag.py:4180} INFO - Setting next_dagrun for dataset_s3_bucket_producer_with_no_taskflow to None, run_after=None
[2025-04-04T13:39:44.480+0000] {processor.py:208} INFO - Processing /home/airflow/.local/lib/python3.12/site-packages/airflow/example_dags/example_dataset_alias_with_no_taskflow.py took 4.410 seconds
[2025-04-04T13:40:14.859+0000] {processor.py:186} INFO - Started process (PID=508) to work on /home/airflow/.local/lib/python3.12/site-packages/airflow/example_dags/example_dataset_alias_with_no_taskflow.py
[2025-04-04T13:40:14.862+0000] {processor.py:914} INFO - Processing file /home/airflow/.local/lib/python3.12/site-packages/airflow/example_dags/example_dataset_alias_with_no_taskflow.py for tasks to queue
[2025-04-04T13:40:14.867+0000] {logging_mixin.py:190} INFO - [2025-04-04T13:40:14.867+0000] {dagbag.py:588} INFO - Filling up the DagBag from /home/airflow/.local/lib/python3.12/site-packages/airflow/example_dags/example_dataset_alias_with_no_taskflow.py
[2025-04-04T13:40:16.587+0000] {processor.py:925} INFO - DAG(s) 'dataset_alias_example_alias_consumer_with_no_taskflow', 'dataset_alias_example_alias_producer_with_no_taskflow', 'dataset_s3_bucket_producer_with_no_taskflow', 'dataset_s3_bucket_consumer_with_no_taskflow' retrieved from /home/airflow/.local/lib/python3.12/site-packages/airflow/example_dags/example_dataset_alias_with_no_taskflow.py
[2025-04-04T13:40:16.649+0000] {logging_mixin.py:190} INFO - [2025-04-04T13:40:16.648+0000] {dag.py:3239} INFO - Sync 4 DAGs
[2025-04-04T13:40:16.729+0000] {logging_mixin.py:190} INFO - [2025-04-04T13:40:16.729+0000] {dag.py:4180} INFO - Setting next_dagrun for dataset_alias_example_alias_consumer_with_no_taskflow to None, run_after=None
[2025-04-04T13:40:16.737+0000] {logging_mixin.py:190} INFO - [2025-04-04T13:40:16.737+0000] {dag.py:4180} INFO - Setting next_dagrun for dataset_alias_example_alias_producer_with_no_taskflow to None, run_after=None
[2025-04-04T13:40:16.742+0000] {logging_mixin.py:190} INFO - [2025-04-04T13:40:16.741+0000] {dag.py:4180} INFO - Setting next_dagrun for dataset_s3_bucket_consumer_with_no_taskflow to None, run_after=None
[2025-04-04T13:40:16.746+0000] {logging_mixin.py:190} INFO - [2025-04-04T13:40:16.745+0000] {dag.py:4180} INFO - Setting next_dagrun for dataset_s3_bucket_producer_with_no_taskflow to None, run_after=None
[2025-04-04T13:40:16.800+0000] {processor.py:208} INFO - Processing /home/airflow/.local/lib/python3.12/site-packages/airflow/example_dags/example_dataset_alias_with_no_taskflow.py took 1.954 seconds
[2025-04-04T13:40:47.366+0000] {processor.py:186} INFO - Started process (PID=578) to work on /home/airflow/.local/lib/python3.12/site-packages/airflow/example_dags/example_dataset_alias_with_no_taskflow.py
[2025-04-04T13:40:47.367+0000] {processor.py:914} INFO - Processing file /home/airflow/.local/lib/python3.12/site-packages/airflow/example_dags/example_dataset_alias_with_no_taskflow.py for tasks to queue
[2025-04-04T13:40:47.373+0000] {logging_mixin.py:190} INFO - [2025-04-04T13:40:47.372+0000] {dagbag.py:588} INFO - Filling up the DagBag from /home/airflow/.local/lib/python3.12/site-packages/airflow/example_dags/example_dataset_alias_with_no_taskflow.py
[2025-04-04T13:40:48.384+0000] {processor.py:925} INFO - DAG(s) 'dataset_s3_bucket_producer_with_no_taskflow', 'dataset_s3_bucket_consumer_with_no_taskflow', 'dataset_alias_example_alias_producer_with_no_taskflow', 'dataset_alias_example_alias_consumer_with_no_taskflow' retrieved from /home/airflow/.local/lib/python3.12/site-packages/airflow/example_dags/example_dataset_alias_with_no_taskflow.py
[2025-04-04T13:40:48.422+0000] {logging_mixin.py:190} INFO - [2025-04-04T13:40:48.421+0000] {dag.py:3239} INFO - Sync 4 DAGs
[2025-04-04T13:40:48.456+0000] {logging_mixin.py:190} INFO - [2025-04-04T13:40:48.455+0000] {dag.py:4180} INFO - Setting next_dagrun for dataset_alias_example_alias_consumer_with_no_taskflow to None, run_after=None
[2025-04-04T13:40:48.461+0000] {logging_mixin.py:190} INFO - [2025-04-04T13:40:48.460+0000] {dag.py:4180} INFO - Setting next_dagrun for dataset_alias_example_alias_producer_with_no_taskflow to None, run_after=None
[2025-04-04T13:40:48.464+0000] {logging_mixin.py:190} INFO - [2025-04-04T13:40:48.464+0000] {dag.py:4180} INFO - Setting next_dagrun for dataset_s3_bucket_consumer_with_no_taskflow to None, run_after=None
[2025-04-04T13:40:48.468+0000] {logging_mixin.py:190} INFO - [2025-04-04T13:40:48.468+0000] {dag.py:4180} INFO - Setting next_dagrun for dataset_s3_bucket_producer_with_no_taskflow to None, run_after=None
[2025-04-04T13:40:48.510+0000] {processor.py:208} INFO - Processing /home/airflow/.local/lib/python3.12/site-packages/airflow/example_dags/example_dataset_alias_with_no_taskflow.py took 1.156 seconds
[2025-04-04T13:41:19.777+0000] {processor.py:186} INFO - Started process (PID=646) to work on /home/airflow/.local/lib/python3.12/site-packages/airflow/example_dags/example_dataset_alias_with_no_taskflow.py
[2025-04-04T13:41:19.797+0000] {processor.py:914} INFO - Processing file /home/airflow/.local/lib/python3.12/site-packages/airflow/example_dags/example_dataset_alias_with_no_taskflow.py for tasks to queue
[2025-04-04T13:41:19.862+0000] {logging_mixin.py:190} INFO - [2025-04-04T13:41:19.861+0000] {dagbag.py:588} INFO - Filling up the DagBag from /home/airflow/.local/lib/python3.12/site-packages/airflow/example_dags/example_dataset_alias_with_no_taskflow.py
[2025-04-04T13:41:21.838+0000] {processor.py:925} INFO - DAG(s) 'dataset_alias_example_alias_producer_with_no_taskflow', 'dataset_s3_bucket_producer_with_no_taskflow', 'dataset_s3_bucket_consumer_with_no_taskflow', 'dataset_alias_example_alias_consumer_with_no_taskflow' retrieved from /home/airflow/.local/lib/python3.12/site-packages/airflow/example_dags/example_dataset_alias_with_no_taskflow.py
[2025-04-04T13:41:21.920+0000] {logging_mixin.py:190} INFO - [2025-04-04T13:41:21.919+0000] {dag.py:3239} INFO - Sync 4 DAGs
[2025-04-04T13:41:21.974+0000] {logging_mixin.py:190} INFO - [2025-04-04T13:41:21.973+0000] {dag.py:4180} INFO - Setting next_dagrun for dataset_alias_example_alias_consumer_with_no_taskflow to None, run_after=None
[2025-04-04T13:41:21.980+0000] {logging_mixin.py:190} INFO - [2025-04-04T13:41:21.979+0000] {dag.py:4180} INFO - Setting next_dagrun for dataset_alias_example_alias_producer_with_no_taskflow to None, run_after=None
[2025-04-04T13:41:21.983+0000] {logging_mixin.py:190} INFO - [2025-04-04T13:41:21.982+0000] {dag.py:4180} INFO - Setting next_dagrun for dataset_s3_bucket_consumer_with_no_taskflow to None, run_after=None
[2025-04-04T13:41:21.986+0000] {logging_mixin.py:190} INFO - [2025-04-04T13:41:21.985+0000] {dag.py:4180} INFO - Setting next_dagrun for dataset_s3_bucket_producer_with_no_taskflow to None, run_after=None
[2025-04-04T13:41:22.045+0000] {processor.py:208} INFO - Processing /home/airflow/.local/lib/python3.12/site-packages/airflow/example_dags/example_dataset_alias_with_no_taskflow.py took 2.304 seconds
[2025-04-04T13:41:52.591+0000] {processor.py:186} INFO - Started process (PID=713) to work on /home/airflow/.local/lib/python3.12/site-packages/airflow/example_dags/example_dataset_alias_with_no_taskflow.py
[2025-04-04T13:41:52.593+0000] {processor.py:914} INFO - Processing file /home/airflow/.local/lib/python3.12/site-packages/airflow/example_dags/example_dataset_alias_with_no_taskflow.py for tasks to queue
[2025-04-04T13:41:52.597+0000] {logging_mixin.py:190} INFO - [2025-04-04T13:41:52.597+0000] {dagbag.py:588} INFO - Filling up the DagBag from /home/airflow/.local/lib/python3.12/site-packages/airflow/example_dags/example_dataset_alias_with_no_taskflow.py
[2025-04-04T13:41:53.789+0000] {processor.py:925} INFO - DAG(s) 'dataset_s3_bucket_consumer_with_no_taskflow', 'dataset_s3_bucket_producer_with_no_taskflow', 'dataset_alias_example_alias_consumer_with_no_taskflow', 'dataset_alias_example_alias_producer_with_no_taskflow' retrieved from /home/airflow/.local/lib/python3.12/site-packages/airflow/example_dags/example_dataset_alias_with_no_taskflow.py
[2025-04-04T13:41:53.829+0000] {logging_mixin.py:190} INFO - [2025-04-04T13:41:53.829+0000] {dag.py:3239} INFO - Sync 4 DAGs
[2025-04-04T13:41:53.880+0000] {logging_mixin.py:190} INFO - [2025-04-04T13:41:53.880+0000] {dag.py:4180} INFO - Setting next_dagrun for dataset_alias_example_alias_consumer_with_no_taskflow to None, run_after=None
[2025-04-04T13:41:53.887+0000] {logging_mixin.py:190} INFO - [2025-04-04T13:41:53.886+0000] {dag.py:4180} INFO - Setting next_dagrun for dataset_alias_example_alias_producer_with_no_taskflow to None, run_after=None
[2025-04-04T13:41:53.890+0000] {logging_mixin.py:190} INFO - [2025-04-04T13:41:53.889+0000] {dag.py:4180} INFO - Setting next_dagrun for dataset_s3_bucket_consumer_with_no_taskflow to None, run_after=None
[2025-04-04T13:41:53.897+0000] {logging_mixin.py:190} INFO - [2025-04-04T13:41:53.897+0000] {dag.py:4180} INFO - Setting next_dagrun for dataset_s3_bucket_producer_with_no_taskflow to None, run_after=None
[2025-04-04T13:41:53.943+0000] {processor.py:208} INFO - Processing /home/airflow/.local/lib/python3.12/site-packages/airflow/example_dags/example_dataset_alias_with_no_taskflow.py took 1.362 seconds
[2025-04-04T13:42:24.275+0000] {processor.py:186} INFO - Started process (PID=788) to work on /home/airflow/.local/lib/python3.12/site-packages/airflow/example_dags/example_dataset_alias_with_no_taskflow.py
[2025-04-04T13:42:24.277+0000] {processor.py:914} INFO - Processing file /home/airflow/.local/lib/python3.12/site-packages/airflow/example_dags/example_dataset_alias_with_no_taskflow.py for tasks to queue
[2025-04-04T13:42:24.282+0000] {logging_mixin.py:190} INFO - [2025-04-04T13:42:24.281+0000] {dagbag.py:588} INFO - Filling up the DagBag from /home/airflow/.local/lib/python3.12/site-packages/airflow/example_dags/example_dataset_alias_with_no_taskflow.py
[2025-04-04T13:42:25.440+0000] {processor.py:925} INFO - DAG(s) 'dataset_s3_bucket_producer_with_no_taskflow', 'dataset_alias_example_alias_producer_with_no_taskflow', 'dataset_alias_example_alias_consumer_with_no_taskflow', 'dataset_s3_bucket_consumer_with_no_taskflow' retrieved from /home/airflow/.local/lib/python3.12/site-packages/airflow/example_dags/example_dataset_alias_with_no_taskflow.py
[2025-04-04T13:42:25.512+0000] {logging_mixin.py:190} INFO - [2025-04-04T13:42:25.511+0000] {dag.py:3239} INFO - Sync 4 DAGs
[2025-04-04T13:42:25.578+0000] {logging_mixin.py:190} INFO - [2025-04-04T13:42:25.577+0000] {dag.py:4180} INFO - Setting next_dagrun for dataset_alias_example_alias_consumer_with_no_taskflow to None, run_after=None
[2025-04-04T13:42:25.584+0000] {logging_mixin.py:190} INFO - [2025-04-04T13:42:25.583+0000] {dag.py:4180} INFO - Setting next_dagrun for dataset_alias_example_alias_producer_with_no_taskflow to None, run_after=None
[2025-04-04T13:42:25.587+0000] {logging_mixin.py:190} INFO - [2025-04-04T13:42:25.587+0000] {dag.py:4180} INFO - Setting next_dagrun for dataset_s3_bucket_consumer_with_no_taskflow to None, run_after=None
[2025-04-04T13:42:25.591+0000] {logging_mixin.py:190} INFO - [2025-04-04T13:42:25.591+0000] {dag.py:4180} INFO - Setting next_dagrun for dataset_s3_bucket_producer_with_no_taskflow to None, run_after=None
[2025-04-04T13:42:25.643+0000] {processor.py:208} INFO - Processing /home/airflow/.local/lib/python3.12/site-packages/airflow/example_dags/example_dataset_alias_with_no_taskflow.py took 1.379 seconds
[2025-04-04T13:42:56.286+0000] {processor.py:186} INFO - Started process (PID=853) to work on /home/airflow/.local/lib/python3.12/site-packages/airflow/example_dags/example_dataset_alias_with_no_taskflow.py
[2025-04-04T13:42:56.288+0000] {processor.py:914} INFO - Processing file /home/airflow/.local/lib/python3.12/site-packages/airflow/example_dags/example_dataset_alias_with_no_taskflow.py for tasks to queue
[2025-04-04T13:42:56.292+0000] {logging_mixin.py:190} INFO - [2025-04-04T13:42:56.291+0000] {dagbag.py:588} INFO - Filling up the DagBag from /home/airflow/.local/lib/python3.12/site-packages/airflow/example_dags/example_dataset_alias_with_no_taskflow.py
[2025-04-04T13:42:57.399+0000] {processor.py:925} INFO - DAG(s) 'dataset_alias_example_alias_consumer_with_no_taskflow', 'dataset_alias_example_alias_producer_with_no_taskflow', 'dataset_s3_bucket_producer_with_no_taskflow', 'dataset_s3_bucket_consumer_with_no_taskflow' retrieved from /home/airflow/.local/lib/python3.12/site-packages/airflow/example_dags/example_dataset_alias_with_no_taskflow.py
[2025-04-04T13:42:57.449+0000] {logging_mixin.py:190} INFO - [2025-04-04T13:42:57.448+0000] {dag.py:3239} INFO - Sync 4 DAGs
[2025-04-04T13:42:57.498+0000] {logging_mixin.py:190} INFO - [2025-04-04T13:42:57.498+0000] {dag.py:4180} INFO - Setting next_dagrun for dataset_alias_example_alias_consumer_with_no_taskflow to None, run_after=None
[2025-04-04T13:42:57.506+0000] {logging_mixin.py:190} INFO - [2025-04-04T13:42:57.506+0000] {dag.py:4180} INFO - Setting next_dagrun for dataset_alias_example_alias_producer_with_no_taskflow to None, run_after=None
[2025-04-04T13:42:57.511+0000] {logging_mixin.py:190} INFO - [2025-04-04T13:42:57.511+0000] {dag.py:4180} INFO - Setting next_dagrun for dataset_s3_bucket_consumer_with_no_taskflow to None, run_after=None
[2025-04-04T13:42:57.514+0000] {logging_mixin.py:190} INFO - [2025-04-04T13:42:57.514+0000] {dag.py:4180} INFO - Setting next_dagrun for dataset_s3_bucket_producer_with_no_taskflow to None, run_after=None
[2025-04-04T13:42:57.564+0000] {processor.py:208} INFO - Processing /home/airflow/.local/lib/python3.12/site-packages/airflow/example_dags/example_dataset_alias_with_no_taskflow.py took 1.306 seconds
[2025-04-04T13:43:27.771+0000] {processor.py:186} INFO - Started process (PID=918) to work on /home/airflow/.local/lib/python3.12/site-packages/airflow/example_dags/example_dataset_alias_with_no_taskflow.py
[2025-04-04T13:43:27.772+0000] {processor.py:914} INFO - Processing file /home/airflow/.local/lib/python3.12/site-packages/airflow/example_dags/example_dataset_alias_with_no_taskflow.py for tasks to queue
[2025-04-04T13:43:27.777+0000] {logging_mixin.py:190} INFO - [2025-04-04T13:43:27.777+0000] {dagbag.py:588} INFO - Filling up the DagBag from /home/airflow/.local/lib/python3.12/site-packages/airflow/example_dags/example_dataset_alias_with_no_taskflow.py
[2025-04-04T13:43:28.881+0000] {processor.py:925} INFO - DAG(s) 'dataset_s3_bucket_consumer_with_no_taskflow', 'dataset_alias_example_alias_consumer_with_no_taskflow', 'dataset_s3_bucket_producer_with_no_taskflow', 'dataset_alias_example_alias_producer_with_no_taskflow' retrieved from /home/airflow/.local/lib/python3.12/site-packages/airflow/example_dags/example_dataset_alias_with_no_taskflow.py
[2025-04-04T13:43:28.928+0000] {logging_mixin.py:190} INFO - [2025-04-04T13:43:28.927+0000] {dag.py:3239} INFO - Sync 4 DAGs
[2025-04-04T13:43:28.966+0000] {logging_mixin.py:190} INFO - [2025-04-04T13:43:28.965+0000] {dag.py:4180} INFO - Setting next_dagrun for dataset_alias_example_alias_consumer_with_no_taskflow to None, run_after=None
[2025-04-04T13:43:28.970+0000] {logging_mixin.py:190} INFO - [2025-04-04T13:43:28.970+0000] {dag.py:4180} INFO - Setting next_dagrun for dataset_alias_example_alias_producer_with_no_taskflow to None, run_after=None
[2025-04-04T13:43:28.973+0000] {logging_mixin.py:190} INFO - [2025-04-04T13:43:28.973+0000] {dag.py:4180} INFO - Setting next_dagrun for dataset_s3_bucket_consumer_with_no_taskflow to None, run_after=None
[2025-04-04T13:43:28.976+0000] {logging_mixin.py:190} INFO - [2025-04-04T13:43:28.975+0000] {dag.py:4180} INFO - Setting next_dagrun for dataset_s3_bucket_producer_with_no_taskflow to None, run_after=None
[2025-04-04T13:43:29.020+0000] {processor.py:208} INFO - Processing /home/airflow/.local/lib/python3.12/site-packages/airflow/example_dags/example_dataset_alias_with_no_taskflow.py took 1.259 seconds
[2025-04-04T13:43:59.149+0000] {processor.py:186} INFO - Started process (PID=980) to work on /home/airflow/.local/lib/python3.12/site-packages/airflow/example_dags/example_dataset_alias_with_no_taskflow.py
[2025-04-04T13:43:59.150+0000] {processor.py:914} INFO - Processing file /home/airflow/.local/lib/python3.12/site-packages/airflow/example_dags/example_dataset_alias_with_no_taskflow.py for tasks to queue
[2025-04-04T13:43:59.154+0000] {logging_mixin.py:190} INFO - [2025-04-04T13:43:59.154+0000] {dagbag.py:588} INFO - Filling up the DagBag from /home/airflow/.local/lib/python3.12/site-packages/airflow/example_dags/example_dataset_alias_with_no_taskflow.py
[2025-04-04T13:44:01.001+0000] {processor.py:925} INFO - DAG(s) 'dataset_alias_example_alias_producer_with_no_taskflow', 'dataset_alias_example_alias_consumer_with_no_taskflow', 'dataset_s3_bucket_producer_with_no_taskflow', 'dataset_s3_bucket_consumer_with_no_taskflow' retrieved from /home/airflow/.local/lib/python3.12/site-packages/airflow/example_dags/example_dataset_alias_with_no_taskflow.py
[2025-04-04T13:44:01.054+0000] {logging_mixin.py:190} INFO - [2025-04-04T13:44:01.053+0000] {dag.py:3239} INFO - Sync 4 DAGs
[2025-04-04T13:44:01.187+0000] {logging_mixin.py:190} INFO - [2025-04-04T13:44:01.176+0000] {dag.py:4180} INFO - Setting next_dagrun for dataset_alias_example_alias_consumer_with_no_taskflow to None, run_after=None
[2025-04-04T13:44:01.208+0000] {logging_mixin.py:190} INFO - [2025-04-04T13:44:01.207+0000] {dag.py:4180} INFO - Setting next_dagrun for dataset_alias_example_alias_producer_with_no_taskflow to None, run_after=None
[2025-04-04T13:44:01.223+0000] {logging_mixin.py:190} INFO - [2025-04-04T13:44:01.222+0000] {dag.py:4180} INFO - Setting next_dagrun for dataset_s3_bucket_consumer_with_no_taskflow to None, run_after=None
[2025-04-04T13:44:01.290+0000] {logging_mixin.py:190} INFO - [2025-04-04T13:44:01.289+0000] {dag.py:4180} INFO - Setting next_dagrun for dataset_s3_bucket_producer_with_no_taskflow to None, run_after=None
[2025-04-04T13:44:01.445+0000] {processor.py:208} INFO - Processing /home/airflow/.local/lib/python3.12/site-packages/airflow/example_dags/example_dataset_alias_with_no_taskflow.py took 2.309 seconds
[2025-04-04T13:44:31.554+0000] {processor.py:186} INFO - Started process (PID=1043) to work on /home/airflow/.local/lib/python3.12/site-packages/airflow/example_dags/example_dataset_alias_with_no_taskflow.py
[2025-04-04T13:44:31.555+0000] {processor.py:914} INFO - Processing file /home/airflow/.local/lib/python3.12/site-packages/airflow/example_dags/example_dataset_alias_with_no_taskflow.py for tasks to queue
[2025-04-04T13:44:31.559+0000] {logging_mixin.py:190} INFO - [2025-04-04T13:44:31.559+0000] {dagbag.py:588} INFO - Filling up the DagBag from /home/airflow/.local/lib/python3.12/site-packages/airflow/example_dags/example_dataset_alias_with_no_taskflow.py
[2025-04-04T13:44:33.212+0000] {processor.py:925} INFO - DAG(s) 'dataset_alias_example_alias_producer_with_no_taskflow', 'dataset_s3_bucket_producer_with_no_taskflow', 'dataset_alias_example_alias_consumer_with_no_taskflow', 'dataset_s3_bucket_consumer_with_no_taskflow' retrieved from /home/airflow/.local/lib/python3.12/site-packages/airflow/example_dags/example_dataset_alias_with_no_taskflow.py
[2025-04-04T13:44:33.268+0000] {logging_mixin.py:190} INFO - [2025-04-04T13:44:33.267+0000] {dag.py:3239} INFO - Sync 4 DAGs
[2025-04-04T13:44:33.319+0000] {logging_mixin.py:190} INFO - [2025-04-04T13:44:33.318+0000] {dag.py:4180} INFO - Setting next_dagrun for dataset_alias_example_alias_consumer_with_no_taskflow to None, run_after=None
[2025-04-04T13:44:33.324+0000] {logging_mixin.py:190} INFO - [2025-04-04T13:44:33.324+0000] {dag.py:4180} INFO - Setting next_dagrun for dataset_alias_example_alias_producer_with_no_taskflow to None, run_after=None
[2025-04-04T13:44:33.330+0000] {logging_mixin.py:190} INFO - [2025-04-04T13:44:33.329+0000] {dag.py:4180} INFO - Setting next_dagrun for dataset_s3_bucket_consumer_with_no_taskflow to None, run_after=None
[2025-04-04T13:44:33.333+0000] {logging_mixin.py:190} INFO - [2025-04-04T13:44:33.332+0000] {dag.py:4180} INFO - Setting next_dagrun for dataset_s3_bucket_producer_with_no_taskflow to None, run_after=None
[2025-04-04T13:44:33.389+0000] {processor.py:208} INFO - Processing /home/airflow/.local/lib/python3.12/site-packages/airflow/example_dags/example_dataset_alias_with_no_taskflow.py took 1.849 seconds
[2025-04-04T13:45:03.902+0000] {processor.py:186} INFO - Started process (PID=1106) to work on /home/airflow/.local/lib/python3.12/site-packages/airflow/example_dags/example_dataset_alias_with_no_taskflow.py
[2025-04-04T13:45:03.904+0000] {processor.py:914} INFO - Processing file /home/airflow/.local/lib/python3.12/site-packages/airflow/example_dags/example_dataset_alias_with_no_taskflow.py for tasks to queue
[2025-04-04T13:45:03.909+0000] {logging_mixin.py:190} INFO - [2025-04-04T13:45:03.908+0000] {dagbag.py:588} INFO - Filling up the DagBag from /home/airflow/.local/lib/python3.12/site-packages/airflow/example_dags/example_dataset_alias_with_no_taskflow.py
[2025-04-04T13:45:05.019+0000] {processor.py:925} INFO - DAG(s) 'dataset_alias_example_alias_consumer_with_no_taskflow', 'dataset_s3_bucket_consumer_with_no_taskflow', 'dataset_alias_example_alias_producer_with_no_taskflow', 'dataset_s3_bucket_producer_with_no_taskflow' retrieved from /home/airflow/.local/lib/python3.12/site-packages/airflow/example_dags/example_dataset_alias_with_no_taskflow.py
[2025-04-04T13:45:05.067+0000] {logging_mixin.py:190} INFO - [2025-04-04T13:45:05.066+0000] {dag.py:3239} INFO - Sync 4 DAGs
[2025-04-04T13:45:05.115+0000] {logging_mixin.py:190} INFO - [2025-04-04T13:45:05.115+0000] {dag.py:4180} INFO - Setting next_dagrun for dataset_alias_example_alias_consumer_with_no_taskflow to None, run_after=None
[2025-04-04T13:45:05.120+0000] {logging_mixin.py:190} INFO - [2025-04-04T13:45:05.120+0000] {dag.py:4180} INFO - Setting next_dagrun for dataset_alias_example_alias_producer_with_no_taskflow to None, run_after=None
[2025-04-04T13:45:05.125+0000] {logging_mixin.py:190} INFO - [2025-04-04T13:45:05.124+0000] {dag.py:4180} INFO - Setting next_dagrun for dataset_s3_bucket_consumer_with_no_taskflow to None, run_after=None
[2025-04-04T13:45:05.129+0000] {logging_mixin.py:190} INFO - [2025-04-04T13:45:05.128+0000] {dag.py:4180} INFO - Setting next_dagrun for dataset_s3_bucket_producer_with_no_taskflow to None, run_after=None
[2025-04-04T13:45:05.170+0000] {processor.py:208} INFO - Processing /home/airflow/.local/lib/python3.12/site-packages/airflow/example_dags/example_dataset_alias_with_no_taskflow.py took 1.276 seconds
[2025-04-04T13:45:35.632+0000] {processor.py:186} INFO - Started process (PID=1169) to work on /home/airflow/.local/lib/python3.12/site-packages/airflow/example_dags/example_dataset_alias_with_no_taskflow.py
[2025-04-04T13:45:35.634+0000] {processor.py:914} INFO - Processing file /home/airflow/.local/lib/python3.12/site-packages/airflow/example_dags/example_dataset_alias_with_no_taskflow.py for tasks to queue
[2025-04-04T13:45:35.637+0000] {logging_mixin.py:190} INFO - [2025-04-04T13:45:35.637+0000] {dagbag.py:588} INFO - Filling up the DagBag from /home/airflow/.local/lib/python3.12/site-packages/airflow/example_dags/example_dataset_alias_with_no_taskflow.py
[2025-04-04T13:45:36.549+0000] {processor.py:925} INFO - DAG(s) 'dataset_alias_example_alias_producer_with_no_taskflow', 'dataset_alias_example_alias_consumer_with_no_taskflow', 'dataset_s3_bucket_producer_with_no_taskflow', 'dataset_s3_bucket_consumer_with_no_taskflow' retrieved from /home/airflow/.local/lib/python3.12/site-packages/airflow/example_dags/example_dataset_alias_with_no_taskflow.py
[2025-04-04T13:45:36.589+0000] {logging_mixin.py:190} INFO - [2025-04-04T13:45:36.588+0000] {dag.py:3239} INFO - Sync 4 DAGs
[2025-04-04T13:45:36.631+0000] {logging_mixin.py:190} INFO - [2025-04-04T13:45:36.630+0000] {dag.py:4180} INFO - Setting next_dagrun for dataset_alias_example_alias_consumer_with_no_taskflow to None, run_after=None
[2025-04-04T13:45:36.636+0000] {logging_mixin.py:190} INFO - [2025-04-04T13:45:36.636+0000] {dag.py:4180} INFO - Setting next_dagrun for dataset_alias_example_alias_producer_with_no_taskflow to None, run_after=None
[2025-04-04T13:45:36.642+0000] {logging_mixin.py:190} INFO - [2025-04-04T13:45:36.642+0000] {dag.py:4180} INFO - Setting next_dagrun for dataset_s3_bucket_consumer_with_no_taskflow to None, run_after=None
[2025-04-04T13:45:36.645+0000] {logging_mixin.py:190} INFO - [2025-04-04T13:45:36.645+0000] {dag.py:4180} INFO - Setting next_dagrun for dataset_s3_bucket_producer_with_no_taskflow to None, run_after=None
[2025-04-04T13:45:36.684+0000] {processor.py:208} INFO - Processing /home/airflow/.local/lib/python3.12/site-packages/airflow/example_dags/example_dataset_alias_with_no_taskflow.py took 1.060 seconds
[2025-04-04T13:46:07.310+0000] {processor.py:186} INFO - Started process (PID=1232) to work on /home/airflow/.local/lib/python3.12/site-packages/airflow/example_dags/example_dataset_alias_with_no_taskflow.py
[2025-04-04T13:46:07.312+0000] {processor.py:914} INFO - Processing file /home/airflow/.local/lib/python3.12/site-packages/airflow/example_dags/example_dataset_alias_with_no_taskflow.py for tasks to queue
[2025-04-04T13:46:07.316+0000] {logging_mixin.py:190} INFO - [2025-04-04T13:46:07.315+0000] {dagbag.py:588} INFO - Filling up the DagBag from /home/airflow/.local/lib/python3.12/site-packages/airflow/example_dags/example_dataset_alias_with_no_taskflow.py
[2025-04-04T13:46:08.337+0000] {processor.py:925} INFO - DAG(s) 'dataset_s3_bucket_producer_with_no_taskflow', 'dataset_s3_bucket_consumer_with_no_taskflow', 'dataset_alias_example_alias_consumer_with_no_taskflow', 'dataset_alias_example_alias_producer_with_no_taskflow' retrieved from /home/airflow/.local/lib/python3.12/site-packages/airflow/example_dags/example_dataset_alias_with_no_taskflow.py
[2025-04-04T13:46:08.385+0000] {logging_mixin.py:190} INFO - [2025-04-04T13:46:08.384+0000] {dag.py:3239} INFO - Sync 4 DAGs
[2025-04-04T13:46:08.425+0000] {logging_mixin.py:190} INFO - [2025-04-04T13:46:08.425+0000] {dag.py:4180} INFO - Setting next_dagrun for dataset_alias_example_alias_consumer_with_no_taskflow to None, run_after=None
[2025-04-04T13:46:08.431+0000] {logging_mixin.py:190} INFO - [2025-04-04T13:46:08.430+0000] {dag.py:4180} INFO - Setting next_dagrun for dataset_alias_example_alias_producer_with_no_taskflow to None, run_after=None
[2025-04-04T13:46:08.435+0000] {logging_mixin.py:190} INFO - [2025-04-04T13:46:08.435+0000] {dag.py:4180} INFO - Setting next_dagrun for dataset_s3_bucket_consumer_with_no_taskflow to None, run_after=None
[2025-04-04T13:46:08.438+0000] {logging_mixin.py:190} INFO - [2025-04-04T13:46:08.438+0000] {dag.py:4180} INFO - Setting next_dagrun for dataset_s3_bucket_producer_with_no_taskflow to None, run_after=None
[2025-04-04T13:46:08.480+0000] {processor.py:208} INFO - Processing /home/airflow/.local/lib/python3.12/site-packages/airflow/example_dags/example_dataset_alias_with_no_taskflow.py took 1.181 seconds
[2025-04-04T13:46:46.955+0000] {processor.py:186} INFO - Started process (PID=1295) to work on /home/airflow/.local/lib/python3.12/site-packages/airflow/example_dags/example_dataset_alias_with_no_taskflow.py
[2025-04-04T13:46:46.958+0000] {processor.py:914} INFO - Processing file /home/airflow/.local/lib/python3.12/site-packages/airflow/example_dags/example_dataset_alias_with_no_taskflow.py for tasks to queue
[2025-04-04T13:46:46.963+0000] {logging_mixin.py:190} INFO - [2025-04-04T13:46:46.963+0000] {dagbag.py:588} INFO - Filling up the DagBag from /home/airflow/.local/lib/python3.12/site-packages/airflow/example_dags/example_dataset_alias_with_no_taskflow.py
[2025-04-04T13:46:48.350+0000] {processor.py:925} INFO - DAG(s) 'dataset_s3_bucket_consumer_with_no_taskflow', 'dataset_alias_example_alias_producer_with_no_taskflow', 'dataset_s3_bucket_producer_with_no_taskflow', 'dataset_alias_example_alias_consumer_with_no_taskflow' retrieved from /home/airflow/.local/lib/python3.12/site-packages/airflow/example_dags/example_dataset_alias_with_no_taskflow.py
[2025-04-04T13:46:48.392+0000] {logging_mixin.py:190} INFO - [2025-04-04T13:46:48.392+0000] {dag.py:3239} INFO - Sync 4 DAGs
[2025-04-04T13:46:48.427+0000] {logging_mixin.py:190} INFO - [2025-04-04T13:46:48.427+0000] {dag.py:4180} INFO - Setting next_dagrun for dataset_alias_example_alias_consumer_with_no_taskflow to None, run_after=None
[2025-04-04T13:46:48.433+0000] {logging_mixin.py:190} INFO - [2025-04-04T13:46:48.432+0000] {dag.py:4180} INFO - Setting next_dagrun for dataset_alias_example_alias_producer_with_no_taskflow to None, run_after=None
[2025-04-04T13:46:48.437+0000] {logging_mixin.py:190} INFO - [2025-04-04T13:46:48.437+0000] {dag.py:4180} INFO - Setting next_dagrun for dataset_s3_bucket_consumer_with_no_taskflow to None, run_after=None
[2025-04-04T13:46:48.440+0000] {logging_mixin.py:190} INFO - [2025-04-04T13:46:48.440+0000] {dag.py:4180} INFO - Setting next_dagrun for dataset_s3_bucket_producer_with_no_taskflow to None, run_after=None
[2025-04-04T13:46:48.480+0000] {processor.py:208} INFO - Processing /home/airflow/.local/lib/python3.12/site-packages/airflow/example_dags/example_dataset_alias_with_no_taskflow.py took 1.540 seconds
[2025-04-04T13:47:18.653+0000] {processor.py:186} INFO - Started process (PID=1352) to work on /home/airflow/.local/lib/python3.12/site-packages/airflow/example_dags/example_dataset_alias_with_no_taskflow.py
[2025-04-04T13:47:18.656+0000] {processor.py:914} INFO - Processing file /home/airflow/.local/lib/python3.12/site-packages/airflow/example_dags/example_dataset_alias_with_no_taskflow.py for tasks to queue
[2025-04-04T13:47:18.662+0000] {logging_mixin.py:190} INFO - [2025-04-04T13:47:18.661+0000] {dagbag.py:588} INFO - Filling up the DagBag from /home/airflow/.local/lib/python3.12/site-packages/airflow/example_dags/example_dataset_alias_with_no_taskflow.py
[2025-04-04T13:47:20.842+0000] {processor.py:925} INFO - DAG(s) 'dataset_s3_bucket_consumer_with_no_taskflow', 'dataset_alias_example_alias_producer_with_no_taskflow', 'dataset_alias_example_alias_consumer_with_no_taskflow', 'dataset_s3_bucket_producer_with_no_taskflow' retrieved from /home/airflow/.local/lib/python3.12/site-packages/airflow/example_dags/example_dataset_alias_with_no_taskflow.py
[2025-04-04T13:47:20.894+0000] {logging_mixin.py:190} INFO - [2025-04-04T13:47:20.893+0000] {dag.py:3239} INFO - Sync 4 DAGs
[2025-04-04T13:47:20.946+0000] {logging_mixin.py:190} INFO - [2025-04-04T13:47:20.946+0000] {dag.py:4180} INFO - Setting next_dagrun for dataset_alias_example_alias_consumer_with_no_taskflow to None, run_after=None
[2025-04-04T13:47:20.954+0000] {logging_mixin.py:190} INFO - [2025-04-04T13:47:20.954+0000] {dag.py:4180} INFO - Setting next_dagrun for dataset_alias_example_alias_producer_with_no_taskflow to None, run_after=None
[2025-04-04T13:47:20.958+0000] {logging_mixin.py:190} INFO - [2025-04-04T13:47:20.957+0000] {dag.py:4180} INFO - Setting next_dagrun for dataset_s3_bucket_consumer_with_no_taskflow to None, run_after=None
[2025-04-04T13:47:20.961+0000] {logging_mixin.py:190} INFO - [2025-04-04T13:47:20.961+0000] {dag.py:4180} INFO - Setting next_dagrun for dataset_s3_bucket_producer_with_no_taskflow to None, run_after=None
[2025-04-04T13:47:21.011+0000] {processor.py:208} INFO - Processing /home/airflow/.local/lib/python3.12/site-packages/airflow/example_dags/example_dataset_alias_with_no_taskflow.py took 2.370 seconds
[2025-04-04T13:47:51.304+0000] {processor.py:186} INFO - Started process (PID=1421) to work on /home/airflow/.local/lib/python3.12/site-packages/airflow/example_dags/example_dataset_alias_with_no_taskflow.py
[2025-04-04T13:47:51.307+0000] {processor.py:914} INFO - Processing file /home/airflow/.local/lib/python3.12/site-packages/airflow/example_dags/example_dataset_alias_with_no_taskflow.py for tasks to queue
[2025-04-04T13:47:51.311+0000] {logging_mixin.py:190} INFO - [2025-04-04T13:47:51.311+0000] {dagbag.py:588} INFO - Filling up the DagBag from /home/airflow/.local/lib/python3.12/site-packages/airflow/example_dags/example_dataset_alias_with_no_taskflow.py
[2025-04-04T13:47:52.624+0000] {processor.py:925} INFO - DAG(s) 'dataset_alias_example_alias_consumer_with_no_taskflow', 'dataset_s3_bucket_producer_with_no_taskflow', 'dataset_s3_bucket_consumer_with_no_taskflow', 'dataset_alias_example_alias_producer_with_no_taskflow' retrieved from /home/airflow/.local/lib/python3.12/site-packages/airflow/example_dags/example_dataset_alias_with_no_taskflow.py
[2025-04-04T13:47:52.666+0000] {logging_mixin.py:190} INFO - [2025-04-04T13:47:52.665+0000] {dag.py:3239} INFO - Sync 4 DAGs
[2025-04-04T13:47:52.726+0000] {logging_mixin.py:190} INFO - [2025-04-04T13:47:52.726+0000] {dag.py:4180} INFO - Setting next_dagrun for dataset_alias_example_alias_consumer_with_no_taskflow to None, run_after=None
[2025-04-04T13:47:52.734+0000] {logging_mixin.py:190} INFO - [2025-04-04T13:47:52.733+0000] {dag.py:4180} INFO - Setting next_dagrun for dataset_alias_example_alias_producer_with_no_taskflow to None, run_after=None
[2025-04-04T13:47:52.738+0000] {logging_mixin.py:190} INFO - [2025-04-04T13:47:52.738+0000] {dag.py:4180} INFO - Setting next_dagrun for dataset_s3_bucket_consumer_with_no_taskflow to None, run_after=None
[2025-04-04T13:47:52.742+0000] {logging_mixin.py:190} INFO - [2025-04-04T13:47:52.741+0000] {dag.py:4180} INFO - Setting next_dagrun for dataset_s3_bucket_producer_with_no_taskflow to None, run_after=None
[2025-04-04T13:47:52.791+0000] {processor.py:208} INFO - Processing /home/airflow/.local/lib/python3.12/site-packages/airflow/example_dags/example_dataset_alias_with_no_taskflow.py took 1.502 seconds
[2025-04-04T13:48:22.985+0000] {processor.py:186} INFO - Started process (PID=1488) to work on /home/airflow/.local/lib/python3.12/site-packages/airflow/example_dags/example_dataset_alias_with_no_taskflow.py
[2025-04-04T13:48:22.987+0000] {processor.py:914} INFO - Processing file /home/airflow/.local/lib/python3.12/site-packages/airflow/example_dags/example_dataset_alias_with_no_taskflow.py for tasks to queue
[2025-04-04T13:48:22.992+0000] {logging_mixin.py:190} INFO - [2025-04-04T13:48:22.991+0000] {dagbag.py:588} INFO - Filling up the DagBag from /home/airflow/.local/lib/python3.12/site-packages/airflow/example_dags/example_dataset_alias_with_no_taskflow.py
[2025-04-04T13:48:24.028+0000] {processor.py:925} INFO - DAG(s) 'dataset_s3_bucket_producer_with_no_taskflow', 'dataset_s3_bucket_consumer_with_no_taskflow', 'dataset_alias_example_alias_consumer_with_no_taskflow', 'dataset_alias_example_alias_producer_with_no_taskflow' retrieved from /home/airflow/.local/lib/python3.12/site-packages/airflow/example_dags/example_dataset_alias_with_no_taskflow.py
[2025-04-04T13:48:24.095+0000] {logging_mixin.py:190} INFO - [2025-04-04T13:48:24.094+0000] {dag.py:3239} INFO - Sync 4 DAGs
[2025-04-04T13:48:24.154+0000] {logging_mixin.py:190} INFO - [2025-04-04T13:48:24.153+0000] {dag.py:4180} INFO - Setting next_dagrun for dataset_alias_example_alias_consumer_with_no_taskflow to None, run_after=None
[2025-04-04T13:48:24.160+0000] {logging_mixin.py:190} INFO - [2025-04-04T13:48:24.159+0000] {dag.py:4180} INFO - Setting next_dagrun for dataset_alias_example_alias_producer_with_no_taskflow to None, run_after=None
[2025-04-04T13:48:24.164+0000] {logging_mixin.py:190} INFO - [2025-04-04T13:48:24.163+0000] {dag.py:4180} INFO - Setting next_dagrun for dataset_s3_bucket_consumer_with_no_taskflow to None, run_after=None
[2025-04-04T13:48:24.166+0000] {logging_mixin.py:190} INFO - [2025-04-04T13:48:24.166+0000] {dag.py:4180} INFO - Setting next_dagrun for dataset_s3_bucket_producer_with_no_taskflow to None, run_after=None
[2025-04-04T13:48:24.213+0000] {processor.py:208} INFO - Processing /home/airflow/.local/lib/python3.12/site-packages/airflow/example_dags/example_dataset_alias_with_no_taskflow.py took 1.245 seconds
[2025-04-04T13:48:54.385+0000] {processor.py:186} INFO - Started process (PID=1550) to work on /home/airflow/.local/lib/python3.12/site-packages/airflow/example_dags/example_dataset_alias_with_no_taskflow.py
[2025-04-04T13:48:54.387+0000] {processor.py:914} INFO - Processing file /home/airflow/.local/lib/python3.12/site-packages/airflow/example_dags/example_dataset_alias_with_no_taskflow.py for tasks to queue
[2025-04-04T13:48:54.393+0000] {logging_mixin.py:190} INFO - [2025-04-04T13:48:54.392+0000] {dagbag.py:588} INFO - Filling up the DagBag from /home/airflow/.local/lib/python3.12/site-packages/airflow/example_dags/example_dataset_alias_with_no_taskflow.py
[2025-04-04T13:48:55.935+0000] {processor.py:925} INFO - DAG(s) 'dataset_s3_bucket_producer_with_no_taskflow', 'dataset_alias_example_alias_producer_with_no_taskflow', 'dataset_s3_bucket_consumer_with_no_taskflow', 'dataset_alias_example_alias_consumer_with_no_taskflow' retrieved from /home/airflow/.local/lib/python3.12/site-packages/airflow/example_dags/example_dataset_alias_with_no_taskflow.py
[2025-04-04T13:48:55.986+0000] {logging_mixin.py:190} INFO - [2025-04-04T13:48:55.985+0000] {dag.py:3239} INFO - Sync 4 DAGs
[2025-04-04T13:48:56.047+0000] {logging_mixin.py:190} INFO - [2025-04-04T13:48:56.046+0000] {dag.py:4180} INFO - Setting next_dagrun for dataset_alias_example_alias_consumer_with_no_taskflow to None, run_after=None
[2025-04-04T13:48:56.054+0000] {logging_mixin.py:190} INFO - [2025-04-04T13:48:56.053+0000] {dag.py:4180} INFO - Setting next_dagrun for dataset_alias_example_alias_producer_with_no_taskflow to None, run_after=None
[2025-04-04T13:48:56.057+0000] {logging_mixin.py:190} INFO - [2025-04-04T13:48:56.057+0000] {dag.py:4180} INFO - Setting next_dagrun for dataset_s3_bucket_consumer_with_no_taskflow to None, run_after=None
[2025-04-04T13:48:56.061+0000] {logging_mixin.py:190} INFO - [2025-04-04T13:48:56.060+0000] {dag.py:4180} INFO - Setting next_dagrun for dataset_s3_bucket_producer_with_no_taskflow to None, run_after=None
[2025-04-04T13:48:56.104+0000] {processor.py:208} INFO - Processing /home/airflow/.local/lib/python3.12/site-packages/airflow/example_dags/example_dataset_alias_with_no_taskflow.py took 1.731 seconds
[2025-04-04T13:49:29.778+0000] {processor.py:186} INFO - Started process (PID=1620) to work on /home/airflow/.local/lib/python3.12/site-packages/airflow/example_dags/example_dataset_alias_with_no_taskflow.py
[2025-04-04T13:49:29.780+0000] {processor.py:914} INFO - Processing file /home/airflow/.local/lib/python3.12/site-packages/airflow/example_dags/example_dataset_alias_with_no_taskflow.py for tasks to queue
[2025-04-04T13:49:29.787+0000] {logging_mixin.py:190} INFO - [2025-04-04T13:49:29.787+0000] {dagbag.py:588} INFO - Filling up the DagBag from /home/airflow/.local/lib/python3.12/site-packages/airflow/example_dags/example_dataset_alias_with_no_taskflow.py
[2025-04-04T13:49:32.107+0000] {processor.py:925} INFO - DAG(s) 'dataset_s3_bucket_producer_with_no_taskflow', 'dataset_s3_bucket_consumer_with_no_taskflow', 'dataset_alias_example_alias_consumer_with_no_taskflow', 'dataset_alias_example_alias_producer_with_no_taskflow' retrieved from /home/airflow/.local/lib/python3.12/site-packages/airflow/example_dags/example_dataset_alias_with_no_taskflow.py
[2025-04-04T13:49:32.187+0000] {logging_mixin.py:190} INFO - [2025-04-04T13:49:32.186+0000] {dag.py:3239} INFO - Sync 4 DAGs
[2025-04-04T13:49:32.274+0000] {logging_mixin.py:190} INFO - [2025-04-04T13:49:32.274+0000] {dag.py:4180} INFO - Setting next_dagrun for dataset_alias_example_alias_consumer_with_no_taskflow to None, run_after=None
[2025-04-04T13:49:32.284+0000] {logging_mixin.py:190} INFO - [2025-04-04T13:49:32.283+0000] {dag.py:4180} INFO - Setting next_dagrun for dataset_alias_example_alias_producer_with_no_taskflow to None, run_after=None
[2025-04-04T13:49:32.292+0000] {logging_mixin.py:190} INFO - [2025-04-04T13:49:32.291+0000] {dag.py:4180} INFO - Setting next_dagrun for dataset_s3_bucket_consumer_with_no_taskflow to None, run_after=None
[2025-04-04T13:49:32.295+0000] {logging_mixin.py:190} INFO - [2025-04-04T13:49:32.294+0000] {dag.py:4180} INFO - Setting next_dagrun for dataset_s3_bucket_producer_with_no_taskflow to None, run_after=None
[2025-04-04T13:49:32.360+0000] {processor.py:208} INFO - Processing /home/airflow/.local/lib/python3.12/site-packages/airflow/example_dags/example_dataset_alias_with_no_taskflow.py took 2.596 seconds
[2025-04-04T13:50:03.204+0000] {processor.py:186} INFO - Started process (PID=1683) to work on /home/airflow/.local/lib/python3.12/site-packages/airflow/example_dags/example_dataset_alias_with_no_taskflow.py
[2025-04-04T13:50:03.206+0000] {processor.py:914} INFO - Processing file /home/airflow/.local/lib/python3.12/site-packages/airflow/example_dags/example_dataset_alias_with_no_taskflow.py for tasks to queue
[2025-04-04T13:50:03.211+0000] {logging_mixin.py:190} INFO - [2025-04-04T13:50:03.210+0000] {dagbag.py:588} INFO - Filling up the DagBag from /home/airflow/.local/lib/python3.12/site-packages/airflow/example_dags/example_dataset_alias_with_no_taskflow.py
[2025-04-04T13:50:04.932+0000] {processor.py:925} INFO - DAG(s) 'dataset_s3_bucket_consumer_with_no_taskflow', 'dataset_alias_example_alias_consumer_with_no_taskflow', 'dataset_s3_bucket_producer_with_no_taskflow', 'dataset_alias_example_alias_producer_with_no_taskflow' retrieved from /home/airflow/.local/lib/python3.12/site-packages/airflow/example_dags/example_dataset_alias_with_no_taskflow.py
[2025-04-04T13:50:05.048+0000] {logging_mixin.py:190} INFO - [2025-04-04T13:50:05.043+0000] {dag.py:3239} INFO - Sync 4 DAGs
[2025-04-04T13:50:05.189+0000] {logging_mixin.py:190} INFO - [2025-04-04T13:50:05.189+0000] {dag.py:4180} INFO - Setting next_dagrun for dataset_alias_example_alias_consumer_with_no_taskflow to None, run_after=None
[2025-04-04T13:50:05.200+0000] {logging_mixin.py:190} INFO - [2025-04-04T13:50:05.199+0000] {dag.py:4180} INFO - Setting next_dagrun for dataset_alias_example_alias_producer_with_no_taskflow to None, run_after=None
[2025-04-04T13:50:05.207+0000] {logging_mixin.py:190} INFO - [2025-04-04T13:50:05.206+0000] {dag.py:4180} INFO - Setting next_dagrun for dataset_s3_bucket_consumer_with_no_taskflow to None, run_after=None
[2025-04-04T13:50:05.238+0000] {logging_mixin.py:190} INFO - [2025-04-04T13:50:05.238+0000] {dag.py:4180} INFO - Setting next_dagrun for dataset_s3_bucket_producer_with_no_taskflow to None, run_after=None
[2025-04-04T13:50:05.536+0000] {processor.py:208} INFO - Processing /home/airflow/.local/lib/python3.12/site-packages/airflow/example_dags/example_dataset_alias_with_no_taskflow.py took 2.354 seconds
[2025-04-04T13:50:35.744+0000] {processor.py:186} INFO - Started process (PID=1746) to work on /home/airflow/.local/lib/python3.12/site-packages/airflow/example_dags/example_dataset_alias_with_no_taskflow.py
[2025-04-04T13:50:35.746+0000] {processor.py:914} INFO - Processing file /home/airflow/.local/lib/python3.12/site-packages/airflow/example_dags/example_dataset_alias_with_no_taskflow.py for tasks to queue
[2025-04-04T13:50:35.759+0000] {logging_mixin.py:190} INFO - [2025-04-04T13:50:35.759+0000] {dagbag.py:588} INFO - Filling up the DagBag from /home/airflow/.local/lib/python3.12/site-packages/airflow/example_dags/example_dataset_alias_with_no_taskflow.py
[2025-04-04T13:50:38.368+0000] {processor.py:925} INFO - DAG(s) 'dataset_alias_example_alias_consumer_with_no_taskflow', 'dataset_alias_example_alias_producer_with_no_taskflow', 'dataset_s3_bucket_producer_with_no_taskflow', 'dataset_s3_bucket_consumer_with_no_taskflow' retrieved from /home/airflow/.local/lib/python3.12/site-packages/airflow/example_dags/example_dataset_alias_with_no_taskflow.py
[2025-04-04T13:50:38.426+0000] {logging_mixin.py:190} INFO - [2025-04-04T13:50:38.425+0000] {dag.py:3239} INFO - Sync 4 DAGs
[2025-04-04T13:50:38.493+0000] {logging_mixin.py:190} INFO - [2025-04-04T13:50:38.492+0000] {dag.py:4180} INFO - Setting next_dagrun for dataset_alias_example_alias_consumer_with_no_taskflow to None, run_after=None
[2025-04-04T13:50:38.501+0000] {logging_mixin.py:190} INFO - [2025-04-04T13:50:38.500+0000] {dag.py:4180} INFO - Setting next_dagrun for dataset_alias_example_alias_producer_with_no_taskflow to None, run_after=None
[2025-04-04T13:50:38.505+0000] {logging_mixin.py:190} INFO - [2025-04-04T13:50:38.505+0000] {dag.py:4180} INFO - Setting next_dagrun for dataset_s3_bucket_consumer_with_no_taskflow to None, run_after=None
[2025-04-04T13:50:38.509+0000] {logging_mixin.py:190} INFO - [2025-04-04T13:50:38.509+0000] {dag.py:4180} INFO - Setting next_dagrun for dataset_s3_bucket_producer_with_no_taskflow to None, run_after=None
[2025-04-04T13:50:38.561+0000] {processor.py:208} INFO - Processing /home/airflow/.local/lib/python3.12/site-packages/airflow/example_dags/example_dataset_alias_with_no_taskflow.py took 2.838 seconds
[2025-04-04T13:51:09.556+0000] {processor.py:186} INFO - Started process (PID=1811) to work on /home/airflow/.local/lib/python3.12/site-packages/airflow/example_dags/example_dataset_alias_with_no_taskflow.py
[2025-04-04T13:51:09.558+0000] {processor.py:914} INFO - Processing file /home/airflow/.local/lib/python3.12/site-packages/airflow/example_dags/example_dataset_alias_with_no_taskflow.py for tasks to queue
[2025-04-04T13:51:09.564+0000] {logging_mixin.py:190} INFO - [2025-04-04T13:51:09.563+0000] {dagbag.py:588} INFO - Filling up the DagBag from /home/airflow/.local/lib/python3.12/site-packages/airflow/example_dags/example_dataset_alias_with_no_taskflow.py
[2025-04-04T13:51:10.739+0000] {processor.py:925} INFO - DAG(s) 'dataset_s3_bucket_consumer_with_no_taskflow', 'dataset_alias_example_alias_consumer_with_no_taskflow', 'dataset_s3_bucket_producer_with_no_taskflow', 'dataset_alias_example_alias_producer_with_no_taskflow' retrieved from /home/airflow/.local/lib/python3.12/site-packages/airflow/example_dags/example_dataset_alias_with_no_taskflow.py
[2025-04-04T13:51:10.815+0000] {logging_mixin.py:190} INFO - [2025-04-04T13:51:10.814+0000] {dag.py:3239} INFO - Sync 4 DAGs
[2025-04-04T13:51:10.859+0000] {logging_mixin.py:190} INFO - [2025-04-04T13:51:10.858+0000] {dag.py:4180} INFO - Setting next_dagrun for dataset_alias_example_alias_consumer_with_no_taskflow to None, run_after=None
[2025-04-04T13:51:10.866+0000] {logging_mixin.py:190} INFO - [2025-04-04T13:51:10.866+0000] {dag.py:4180} INFO - Setting next_dagrun for dataset_alias_example_alias_producer_with_no_taskflow to None, run_after=None
[2025-04-04T13:51:10.874+0000] {logging_mixin.py:190} INFO - [2025-04-04T13:51:10.873+0000] {dag.py:4180} INFO - Setting next_dagrun for dataset_s3_bucket_consumer_with_no_taskflow to None, run_after=None
[2025-04-04T13:51:10.877+0000] {logging_mixin.py:190} INFO - [2025-04-04T13:51:10.877+0000] {dag.py:4180} INFO - Setting next_dagrun for dataset_s3_bucket_producer_with_no_taskflow to None, run_after=None
[2025-04-04T13:51:10.923+0000] {processor.py:208} INFO - Processing /home/airflow/.local/lib/python3.12/site-packages/airflow/example_dags/example_dataset_alias_with_no_taskflow.py took 1.383 seconds
[2025-04-04T13:51:42.494+0000] {processor.py:186} INFO - Started process (PID=1879) to work on /home/airflow/.local/lib/python3.12/site-packages/airflow/example_dags/example_dataset_alias_with_no_taskflow.py
[2025-04-04T13:51:42.496+0000] {processor.py:914} INFO - Processing file /home/airflow/.local/lib/python3.12/site-packages/airflow/example_dags/example_dataset_alias_with_no_taskflow.py for tasks to queue
[2025-04-04T13:51:42.500+0000] {logging_mixin.py:190} INFO - [2025-04-04T13:51:42.500+0000] {dagbag.py:588} INFO - Filling up the DagBag from /home/airflow/.local/lib/python3.12/site-packages/airflow/example_dags/example_dataset_alias_with_no_taskflow.py
[2025-04-04T13:51:43.644+0000] {processor.py:925} INFO - DAG(s) 'dataset_s3_bucket_consumer_with_no_taskflow', 'dataset_s3_bucket_producer_with_no_taskflow', 'dataset_alias_example_alias_producer_with_no_taskflow', 'dataset_alias_example_alias_consumer_with_no_taskflow' retrieved from /home/airflow/.local/lib/python3.12/site-packages/airflow/example_dags/example_dataset_alias_with_no_taskflow.py
[2025-04-04T13:51:43.697+0000] {logging_mixin.py:190} INFO - [2025-04-04T13:51:43.696+0000] {dag.py:3239} INFO - Sync 4 DAGs
[2025-04-04T13:51:43.746+0000] {logging_mixin.py:190} INFO - [2025-04-04T13:51:43.746+0000] {dag.py:4180} INFO - Setting next_dagrun for dataset_alias_example_alias_consumer_with_no_taskflow to None, run_after=None
[2025-04-04T13:51:43.752+0000] {logging_mixin.py:190} INFO - [2025-04-04T13:51:43.752+0000] {dag.py:4180} INFO - Setting next_dagrun for dataset_alias_example_alias_producer_with_no_taskflow to None, run_after=None
[2025-04-04T13:51:43.756+0000] {logging_mixin.py:190} INFO - [2025-04-04T13:51:43.755+0000] {dag.py:4180} INFO - Setting next_dagrun for dataset_s3_bucket_consumer_with_no_taskflow to None, run_after=None
[2025-04-04T13:51:43.761+0000] {logging_mixin.py:190} INFO - [2025-04-04T13:51:43.760+0000] {dag.py:4180} INFO - Setting next_dagrun for dataset_s3_bucket_producer_with_no_taskflow to None, run_after=None
[2025-04-04T13:51:43.803+0000] {processor.py:208} INFO - Processing /home/airflow/.local/lib/python3.12/site-packages/airflow/example_dags/example_dataset_alias_with_no_taskflow.py took 1.321 seconds
[2025-04-04T13:52:14.079+0000] {processor.py:186} INFO - Started process (PID=1942) to work on /home/airflow/.local/lib/python3.12/site-packages/airflow/example_dags/example_dataset_alias_with_no_taskflow.py
[2025-04-04T13:52:14.080+0000] {processor.py:914} INFO - Processing file /home/airflow/.local/lib/python3.12/site-packages/airflow/example_dags/example_dataset_alias_with_no_taskflow.py for tasks to queue
[2025-04-04T13:52:14.085+0000] {logging_mixin.py:190} INFO - [2025-04-04T13:52:14.084+0000] {dagbag.py:588} INFO - Filling up the DagBag from /home/airflow/.local/lib/python3.12/site-packages/airflow/example_dags/example_dataset_alias_with_no_taskflow.py
[2025-04-04T13:52:15.989+0000] {processor.py:925} INFO - DAG(s) 'dataset_s3_bucket_consumer_with_no_taskflow', 'dataset_s3_bucket_producer_with_no_taskflow', 'dataset_alias_example_alias_producer_with_no_taskflow', 'dataset_alias_example_alias_consumer_with_no_taskflow' retrieved from /home/airflow/.local/lib/python3.12/site-packages/airflow/example_dags/example_dataset_alias_with_no_taskflow.py
[2025-04-04T13:52:16.049+0000] {logging_mixin.py:190} INFO - [2025-04-04T13:52:16.048+0000] {dag.py:3239} INFO - Sync 4 DAGs
[2025-04-04T13:52:16.108+0000] {logging_mixin.py:190} INFO - [2025-04-04T13:52:16.108+0000] {dag.py:4180} INFO - Setting next_dagrun for dataset_alias_example_alias_consumer_with_no_taskflow to None, run_after=None
[2025-04-04T13:52:16.113+0000] {logging_mixin.py:190} INFO - [2025-04-04T13:52:16.113+0000] {dag.py:4180} INFO - Setting next_dagrun for dataset_alias_example_alias_producer_with_no_taskflow to None, run_after=None
[2025-04-04T13:52:16.117+0000] {logging_mixin.py:190} INFO - [2025-04-04T13:52:16.116+0000] {dag.py:4180} INFO - Setting next_dagrun for dataset_s3_bucket_consumer_with_no_taskflow to None, run_after=None
[2025-04-04T13:52:16.120+0000] {logging_mixin.py:190} INFO - [2025-04-04T13:52:16.119+0000] {dag.py:4180} INFO - Setting next_dagrun for dataset_s3_bucket_producer_with_no_taskflow to None, run_after=None
[2025-04-04T13:52:16.160+0000] {processor.py:208} INFO - Processing /home/airflow/.local/lib/python3.12/site-packages/airflow/example_dags/example_dataset_alias_with_no_taskflow.py took 2.092 seconds
[2025-04-04T13:52:46.519+0000] {processor.py:186} INFO - Started process (PID=2005) to work on /home/airflow/.local/lib/python3.12/site-packages/airflow/example_dags/example_dataset_alias_with_no_taskflow.py
[2025-04-04T13:52:46.521+0000] {processor.py:914} INFO - Processing file /home/airflow/.local/lib/python3.12/site-packages/airflow/example_dags/example_dataset_alias_with_no_taskflow.py for tasks to queue
[2025-04-04T13:52:46.527+0000] {logging_mixin.py:190} INFO - [2025-04-04T13:52:46.526+0000] {dagbag.py:588} INFO - Filling up the DagBag from /home/airflow/.local/lib/python3.12/site-packages/airflow/example_dags/example_dataset_alias_with_no_taskflow.py
[2025-04-04T13:52:47.610+0000] {processor.py:925} INFO - DAG(s) 'dataset_alias_example_alias_producer_with_no_taskflow', 'dataset_s3_bucket_consumer_with_no_taskflow', 'dataset_alias_example_alias_consumer_with_no_taskflow', 'dataset_s3_bucket_producer_with_no_taskflow' retrieved from /home/airflow/.local/lib/python3.12/site-packages/airflow/example_dags/example_dataset_alias_with_no_taskflow.py
[2025-04-04T13:52:47.654+0000] {logging_mixin.py:190} INFO - [2025-04-04T13:52:47.653+0000] {dag.py:3239} INFO - Sync 4 DAGs
[2025-04-04T13:52:47.702+0000] {logging_mixin.py:190} INFO - [2025-04-04T13:52:47.701+0000] {dag.py:4180} INFO - Setting next_dagrun for dataset_alias_example_alias_consumer_with_no_taskflow to None, run_after=None
[2025-04-04T13:52:47.708+0000] {logging_mixin.py:190} INFO - [2025-04-04T13:52:47.708+0000] {dag.py:4180} INFO - Setting next_dagrun for dataset_alias_example_alias_producer_with_no_taskflow to None, run_after=None
[2025-04-04T13:52:47.711+0000] {logging_mixin.py:190} INFO - [2025-04-04T13:52:47.711+0000] {dag.py:4180} INFO - Setting next_dagrun for dataset_s3_bucket_consumer_with_no_taskflow to None, run_after=None
[2025-04-04T13:52:47.714+0000] {logging_mixin.py:190} INFO - [2025-04-04T13:52:47.714+0000] {dag.py:4180} INFO - Setting next_dagrun for dataset_s3_bucket_producer_with_no_taskflow to None, run_after=None
[2025-04-04T13:52:47.756+0000] {processor.py:208} INFO - Processing /home/airflow/.local/lib/python3.12/site-packages/airflow/example_dags/example_dataset_alias_with_no_taskflow.py took 1.247 seconds
[2025-04-04T13:53:19.874+0000] {processor.py:186} INFO - Started process (PID=2073) to work on /home/airflow/.local/lib/python3.12/site-packages/airflow/example_dags/example_dataset_alias_with_no_taskflow.py
[2025-04-04T13:53:19.876+0000] {processor.py:914} INFO - Processing file /home/airflow/.local/lib/python3.12/site-packages/airflow/example_dags/example_dataset_alias_with_no_taskflow.py for tasks to queue
[2025-04-04T13:53:19.883+0000] {logging_mixin.py:190} INFO - [2025-04-04T13:53:19.881+0000] {dagbag.py:588} INFO - Filling up the DagBag from /home/airflow/.local/lib/python3.12/site-packages/airflow/example_dags/example_dataset_alias_with_no_taskflow.py
[2025-04-04T13:53:21.745+0000] {processor.py:925} INFO - DAG(s) 'dataset_alias_example_alias_producer_with_no_taskflow', 'dataset_s3_bucket_consumer_with_no_taskflow', 'dataset_s3_bucket_producer_with_no_taskflow', 'dataset_alias_example_alias_consumer_with_no_taskflow' retrieved from /home/airflow/.local/lib/python3.12/site-packages/airflow/example_dags/example_dataset_alias_with_no_taskflow.py
[2025-04-04T13:53:21.825+0000] {logging_mixin.py:190} INFO - [2025-04-04T13:53:21.824+0000] {dag.py:3239} INFO - Sync 4 DAGs
[2025-04-04T13:53:21.927+0000] {logging_mixin.py:190} INFO - [2025-04-04T13:53:21.926+0000] {dag.py:4180} INFO - Setting next_dagrun for dataset_alias_example_alias_consumer_with_no_taskflow to None, run_after=None
[2025-04-04T13:53:21.937+0000] {logging_mixin.py:190} INFO - [2025-04-04T13:53:21.937+0000] {dag.py:4180} INFO - Setting next_dagrun for dataset_alias_example_alias_producer_with_no_taskflow to None, run_after=None
[2025-04-04T13:53:21.941+0000] {logging_mixin.py:190} INFO - [2025-04-04T13:53:21.941+0000] {dag.py:4180} INFO - Setting next_dagrun for dataset_s3_bucket_consumer_with_no_taskflow to None, run_after=None
[2025-04-04T13:53:21.945+0000] {logging_mixin.py:190} INFO - [2025-04-04T13:53:21.944+0000] {dag.py:4180} INFO - Setting next_dagrun for dataset_s3_bucket_producer_with_no_taskflow to None, run_after=None
[2025-04-04T13:53:22.003+0000] {processor.py:208} INFO - Processing /home/airflow/.local/lib/python3.12/site-packages/airflow/example_dags/example_dataset_alias_with_no_taskflow.py took 2.148 seconds
[2025-04-04T13:53:52.111+0000] {processor.py:186} INFO - Started process (PID=2135) to work on /home/airflow/.local/lib/python3.12/site-packages/airflow/example_dags/example_dataset_alias_with_no_taskflow.py
[2025-04-04T13:53:52.114+0000] {processor.py:914} INFO - Processing file /home/airflow/.local/lib/python3.12/site-packages/airflow/example_dags/example_dataset_alias_with_no_taskflow.py for tasks to queue
[2025-04-04T13:53:52.121+0000] {logging_mixin.py:190} INFO - [2025-04-04T13:53:52.120+0000] {dagbag.py:588} INFO - Filling up the DagBag from /home/airflow/.local/lib/python3.12/site-packages/airflow/example_dags/example_dataset_alias_with_no_taskflow.py
[2025-04-04T13:53:53.604+0000] {processor.py:925} INFO - DAG(s) 'dataset_alias_example_alias_producer_with_no_taskflow', 'dataset_s3_bucket_producer_with_no_taskflow', 'dataset_alias_example_alias_consumer_with_no_taskflow', 'dataset_s3_bucket_consumer_with_no_taskflow' retrieved from /home/airflow/.local/lib/python3.12/site-packages/airflow/example_dags/example_dataset_alias_with_no_taskflow.py
[2025-04-04T13:53:53.671+0000] {logging_mixin.py:190} INFO - [2025-04-04T13:53:53.670+0000] {dag.py:3239} INFO - Sync 4 DAGs
[2025-04-04T13:53:53.741+0000] {logging_mixin.py:190} INFO - [2025-04-04T13:53:53.740+0000] {dag.py:4180} INFO - Setting next_dagrun for dataset_alias_example_alias_consumer_with_no_taskflow to None, run_after=None
[2025-04-04T13:53:53.754+0000] {logging_mixin.py:190} INFO - [2025-04-04T13:53:53.753+0000] {dag.py:4180} INFO - Setting next_dagrun for dataset_alias_example_alias_producer_with_no_taskflow to None, run_after=None
[2025-04-04T13:53:53.759+0000] {logging_mixin.py:190} INFO - [2025-04-04T13:53:53.759+0000] {dag.py:4180} INFO - Setting next_dagrun for dataset_s3_bucket_consumer_with_no_taskflow to None, run_after=None
[2025-04-04T13:53:53.764+0000] {logging_mixin.py:190} INFO - [2025-04-04T13:53:53.764+0000] {dag.py:4180} INFO - Setting next_dagrun for dataset_s3_bucket_producer_with_no_taskflow to None, run_after=None
[2025-04-04T13:53:53.820+0000] {processor.py:208} INFO - Processing /home/airflow/.local/lib/python3.12/site-packages/airflow/example_dags/example_dataset_alias_with_no_taskflow.py took 1.729 seconds
[2025-04-04T13:54:25.949+0000] {processor.py:186} INFO - Started process (PID=2201) to work on /home/airflow/.local/lib/python3.12/site-packages/airflow/example_dags/example_dataset_alias_with_no_taskflow.py
[2025-04-04T13:54:25.952+0000] {processor.py:914} INFO - Processing file /home/airflow/.local/lib/python3.12/site-packages/airflow/example_dags/example_dataset_alias_with_no_taskflow.py for tasks to queue
[2025-04-04T13:54:25.958+0000] {logging_mixin.py:190} INFO - [2025-04-04T13:54:25.957+0000] {dagbag.py:588} INFO - Filling up the DagBag from /home/airflow/.local/lib/python3.12/site-packages/airflow/example_dags/example_dataset_alias_with_no_taskflow.py
[2025-04-04T13:54:27.896+0000] {processor.py:925} INFO - DAG(s) 'dataset_s3_bucket_consumer_with_no_taskflow', 'dataset_s3_bucket_producer_with_no_taskflow', 'dataset_alias_example_alias_consumer_with_no_taskflow', 'dataset_alias_example_alias_producer_with_no_taskflow' retrieved from /home/airflow/.local/lib/python3.12/site-packages/airflow/example_dags/example_dataset_alias_with_no_taskflow.py
[2025-04-04T13:54:27.951+0000] {logging_mixin.py:190} INFO - [2025-04-04T13:54:27.950+0000] {dag.py:3239} INFO - Sync 4 DAGs
[2025-04-04T13:54:28.028+0000] {logging_mixin.py:190} INFO - [2025-04-04T13:54:28.027+0000] {dag.py:4180} INFO - Setting next_dagrun for dataset_alias_example_alias_consumer_with_no_taskflow to None, run_after=None
[2025-04-04T13:54:28.040+0000] {logging_mixin.py:190} INFO - [2025-04-04T13:54:28.035+0000] {dag.py:4180} INFO - Setting next_dagrun for dataset_alias_example_alias_producer_with_no_taskflow to None, run_after=None
[2025-04-04T13:54:28.048+0000] {logging_mixin.py:190} INFO - [2025-04-04T13:54:28.048+0000] {dag.py:4180} INFO - Setting next_dagrun for dataset_s3_bucket_consumer_with_no_taskflow to None, run_after=None
[2025-04-04T13:54:28.057+0000] {logging_mixin.py:190} INFO - [2025-04-04T13:54:28.053+0000] {dag.py:4180} INFO - Setting next_dagrun for dataset_s3_bucket_producer_with_no_taskflow to None, run_after=None
[2025-04-04T13:54:28.106+0000] {processor.py:208} INFO - Processing /home/airflow/.local/lib/python3.12/site-packages/airflow/example_dags/example_dataset_alias_with_no_taskflow.py took 2.185 seconds
[2025-04-04T13:54:58.528+0000] {processor.py:186} INFO - Started process (PID=2271) to work on /home/airflow/.local/lib/python3.12/site-packages/airflow/example_dags/example_dataset_alias_with_no_taskflow.py
[2025-04-04T13:54:58.530+0000] {processor.py:914} INFO - Processing file /home/airflow/.local/lib/python3.12/site-packages/airflow/example_dags/example_dataset_alias_with_no_taskflow.py for tasks to queue
[2025-04-04T13:54:58.534+0000] {logging_mixin.py:190} INFO - [2025-04-04T13:54:58.533+0000] {dagbag.py:588} INFO - Filling up the DagBag from /home/airflow/.local/lib/python3.12/site-packages/airflow/example_dags/example_dataset_alias_with_no_taskflow.py
[2025-04-04T13:54:59.829+0000] {processor.py:925} INFO - DAG(s) 'dataset_s3_bucket_producer_with_no_taskflow', 'dataset_alias_example_alias_producer_with_no_taskflow', 'dataset_s3_bucket_consumer_with_no_taskflow', 'dataset_alias_example_alias_consumer_with_no_taskflow' retrieved from /home/airflow/.local/lib/python3.12/site-packages/airflow/example_dags/example_dataset_alias_with_no_taskflow.py
[2025-04-04T13:54:59.886+0000] {logging_mixin.py:190} INFO - [2025-04-04T13:54:59.885+0000] {dag.py:3239} INFO - Sync 4 DAGs
[2025-04-04T13:54:59.946+0000] {logging_mixin.py:190} INFO - [2025-04-04T13:54:59.946+0000] {dag.py:4180} INFO - Setting next_dagrun for dataset_alias_example_alias_consumer_with_no_taskflow to None, run_after=None
[2025-04-04T13:54:59.953+0000] {logging_mixin.py:190} INFO - [2025-04-04T13:54:59.953+0000] {dag.py:4180} INFO - Setting next_dagrun for dataset_alias_example_alias_producer_with_no_taskflow to None, run_after=None
[2025-04-04T13:54:59.958+0000] {logging_mixin.py:190} INFO - [2025-04-04T13:54:59.958+0000] {dag.py:4180} INFO - Setting next_dagrun for dataset_s3_bucket_consumer_with_no_taskflow to None, run_after=None
[2025-04-04T13:54:59.961+0000] {logging_mixin.py:190} INFO - [2025-04-04T13:54:59.961+0000] {dag.py:4180} INFO - Setting next_dagrun for dataset_s3_bucket_producer_with_no_taskflow to None, run_after=None
[2025-04-04T13:55:00.008+0000] {processor.py:208} INFO - Processing /home/airflow/.local/lib/python3.12/site-packages/airflow/example_dags/example_dataset_alias_with_no_taskflow.py took 1.494 seconds
[2025-04-04T13:55:30.306+0000] {processor.py:186} INFO - Started process (PID=2333) to work on /home/airflow/.local/lib/python3.12/site-packages/airflow/example_dags/example_dataset_alias_with_no_taskflow.py
[2025-04-04T13:55:30.308+0000] {processor.py:914} INFO - Processing file /home/airflow/.local/lib/python3.12/site-packages/airflow/example_dags/example_dataset_alias_with_no_taskflow.py for tasks to queue
[2025-04-04T13:55:30.312+0000] {logging_mixin.py:190} INFO - [2025-04-04T13:55:30.312+0000] {dagbag.py:588} INFO - Filling up the DagBag from /home/airflow/.local/lib/python3.12/site-packages/airflow/example_dags/example_dataset_alias_with_no_taskflow.py
[2025-04-04T13:55:31.660+0000] {processor.py:925} INFO - DAG(s) 'dataset_s3_bucket_producer_with_no_taskflow', 'dataset_alias_example_alias_consumer_with_no_taskflow', 'dataset_alias_example_alias_producer_with_no_taskflow', 'dataset_s3_bucket_consumer_with_no_taskflow' retrieved from /home/airflow/.local/lib/python3.12/site-packages/airflow/example_dags/example_dataset_alias_with_no_taskflow.py
[2025-04-04T13:55:31.737+0000] {logging_mixin.py:190} INFO - [2025-04-04T13:55:31.730+0000] {dag.py:3239} INFO - Sync 4 DAGs
[2025-04-04T13:55:31.830+0000] {logging_mixin.py:190} INFO - [2025-04-04T13:55:31.829+0000] {dag.py:4180} INFO - Setting next_dagrun for dataset_alias_example_alias_consumer_with_no_taskflow to None, run_after=None
[2025-04-04T13:55:31.842+0000] {logging_mixin.py:190} INFO - [2025-04-04T13:55:31.842+0000] {dag.py:4180} INFO - Setting next_dagrun for dataset_alias_example_alias_producer_with_no_taskflow to None, run_after=None
[2025-04-04T13:55:31.847+0000] {logging_mixin.py:190} INFO - [2025-04-04T13:55:31.847+0000] {dag.py:4180} INFO - Setting next_dagrun for dataset_s3_bucket_consumer_with_no_taskflow to None, run_after=None
[2025-04-04T13:55:31.857+0000] {logging_mixin.py:190} INFO - [2025-04-04T13:55:31.857+0000] {dag.py:4180} INFO - Setting next_dagrun for dataset_s3_bucket_producer_with_no_taskflow to None, run_after=None
[2025-04-04T13:55:31.950+0000] {processor.py:208} INFO - Processing /home/airflow/.local/lib/python3.12/site-packages/airflow/example_dags/example_dataset_alias_with_no_taskflow.py took 1.658 seconds
[2025-04-04T13:56:03.259+0000] {processor.py:186} INFO - Started process (PID=2399) to work on /home/airflow/.local/lib/python3.12/site-packages/airflow/example_dags/example_dataset_alias_with_no_taskflow.py
[2025-04-04T13:56:03.261+0000] {processor.py:914} INFO - Processing file /home/airflow/.local/lib/python3.12/site-packages/airflow/example_dags/example_dataset_alias_with_no_taskflow.py for tasks to queue
[2025-04-04T13:56:03.267+0000] {logging_mixin.py:190} INFO - [2025-04-04T13:56:03.267+0000] {dagbag.py:588} INFO - Filling up the DagBag from /home/airflow/.local/lib/python3.12/site-packages/airflow/example_dags/example_dataset_alias_with_no_taskflow.py
[2025-04-04T13:56:04.669+0000] {processor.py:925} INFO - DAG(s) 'dataset_s3_bucket_consumer_with_no_taskflow', 'dataset_alias_example_alias_consumer_with_no_taskflow', 'dataset_alias_example_alias_producer_with_no_taskflow', 'dataset_s3_bucket_producer_with_no_taskflow' retrieved from /home/airflow/.local/lib/python3.12/site-packages/airflow/example_dags/example_dataset_alias_with_no_taskflow.py
[2025-04-04T13:56:04.728+0000] {logging_mixin.py:190} INFO - [2025-04-04T13:56:04.726+0000] {dag.py:3239} INFO - Sync 4 DAGs
[2025-04-04T13:56:04.802+0000] {logging_mixin.py:190} INFO - [2025-04-04T13:56:04.801+0000] {dag.py:4180} INFO - Setting next_dagrun for dataset_alias_example_alias_consumer_with_no_taskflow to None, run_after=None
[2025-04-04T13:56:04.807+0000] {logging_mixin.py:190} INFO - [2025-04-04T13:56:04.806+0000] {dag.py:4180} INFO - Setting next_dagrun for dataset_alias_example_alias_producer_with_no_taskflow to None, run_after=None
[2025-04-04T13:56:04.810+0000] {logging_mixin.py:190} INFO - [2025-04-04T13:56:04.809+0000] {dag.py:4180} INFO - Setting next_dagrun for dataset_s3_bucket_consumer_with_no_taskflow to None, run_after=None
[2025-04-04T13:56:04.820+0000] {logging_mixin.py:190} INFO - [2025-04-04T13:56:04.819+0000] {dag.py:4180} INFO - Setting next_dagrun for dataset_s3_bucket_producer_with_no_taskflow to None, run_after=None
[2025-04-04T13:56:04.884+0000] {processor.py:208} INFO - Processing /home/airflow/.local/lib/python3.12/site-packages/airflow/example_dags/example_dataset_alias_with_no_taskflow.py took 1.640 seconds
[2025-04-04T13:56:35.504+0000] {processor.py:186} INFO - Started process (PID=2462) to work on /home/airflow/.local/lib/python3.12/site-packages/airflow/example_dags/example_dataset_alias_with_no_taskflow.py
[2025-04-04T13:56:35.508+0000] {processor.py:914} INFO - Processing file /home/airflow/.local/lib/python3.12/site-packages/airflow/example_dags/example_dataset_alias_with_no_taskflow.py for tasks to queue
[2025-04-04T13:56:35.525+0000] {logging_mixin.py:190} INFO - [2025-04-04T13:56:35.523+0000] {dagbag.py:588} INFO - Filling up the DagBag from /home/airflow/.local/lib/python3.12/site-packages/airflow/example_dags/example_dataset_alias_with_no_taskflow.py
[2025-04-04T13:56:36.593+0000] {processor.py:925} INFO - DAG(s) 'dataset_s3_bucket_producer_with_no_taskflow', 'dataset_s3_bucket_consumer_with_no_taskflow', 'dataset_alias_example_alias_consumer_with_no_taskflow', 'dataset_alias_example_alias_producer_with_no_taskflow' retrieved from /home/airflow/.local/lib/python3.12/site-packages/airflow/example_dags/example_dataset_alias_with_no_taskflow.py
[2025-04-04T13:56:36.638+0000] {logging_mixin.py:190} INFO - [2025-04-04T13:56:36.637+0000] {dag.py:3239} INFO - Sync 4 DAGs
[2025-04-04T13:56:36.679+0000] {logging_mixin.py:190} INFO - [2025-04-04T13:56:36.678+0000] {dag.py:4180} INFO - Setting next_dagrun for dataset_alias_example_alias_consumer_with_no_taskflow to None, run_after=None
[2025-04-04T13:56:36.684+0000] {logging_mixin.py:190} INFO - [2025-04-04T13:56:36.684+0000] {dag.py:4180} INFO - Setting next_dagrun for dataset_alias_example_alias_producer_with_no_taskflow to None, run_after=None
[2025-04-04T13:56:36.688+0000] {logging_mixin.py:190} INFO - [2025-04-04T13:56:36.688+0000] {dag.py:4180} INFO - Setting next_dagrun for dataset_s3_bucket_consumer_with_no_taskflow to None, run_after=None
[2025-04-04T13:56:36.691+0000] {logging_mixin.py:190} INFO - [2025-04-04T13:56:36.691+0000] {dag.py:4180} INFO - Setting next_dagrun for dataset_s3_bucket_producer_with_no_taskflow to None, run_after=None
[2025-04-04T13:56:36.731+0000] {processor.py:208} INFO - Processing /home/airflow/.local/lib/python3.12/site-packages/airflow/example_dags/example_dataset_alias_with_no_taskflow.py took 1.252 seconds
[2025-04-04T13:57:07.308+0000] {processor.py:186} INFO - Started process (PID=2526) to work on /home/airflow/.local/lib/python3.12/site-packages/airflow/example_dags/example_dataset_alias_with_no_taskflow.py
[2025-04-04T13:57:07.310+0000] {processor.py:914} INFO - Processing file /home/airflow/.local/lib/python3.12/site-packages/airflow/example_dags/example_dataset_alias_with_no_taskflow.py for tasks to queue
[2025-04-04T13:57:07.315+0000] {logging_mixin.py:190} INFO - [2025-04-04T13:57:07.314+0000] {dagbag.py:588} INFO - Filling up the DagBag from /home/airflow/.local/lib/python3.12/site-packages/airflow/example_dags/example_dataset_alias_with_no_taskflow.py
[2025-04-04T13:57:08.716+0000] {processor.py:925} INFO - DAG(s) 'dataset_s3_bucket_producer_with_no_taskflow', 'dataset_s3_bucket_consumer_with_no_taskflow', 'dataset_alias_example_alias_consumer_with_no_taskflow', 'dataset_alias_example_alias_producer_with_no_taskflow' retrieved from /home/airflow/.local/lib/python3.12/site-packages/airflow/example_dags/example_dataset_alias_with_no_taskflow.py
[2025-04-04T13:57:08.794+0000] {logging_mixin.py:190} INFO - [2025-04-04T13:57:08.793+0000] {dag.py:3239} INFO - Sync 4 DAGs
[2025-04-04T13:57:08.863+0000] {logging_mixin.py:190} INFO - [2025-04-04T13:57:08.862+0000] {dag.py:4180} INFO - Setting next_dagrun for dataset_alias_example_alias_consumer_with_no_taskflow to None, run_after=None
[2025-04-04T13:57:08.869+0000] {logging_mixin.py:190} INFO - [2025-04-04T13:57:08.869+0000] {dag.py:4180} INFO - Setting next_dagrun for dataset_alias_example_alias_producer_with_no_taskflow to None, run_after=None
[2025-04-04T13:57:08.873+0000] {logging_mixin.py:190} INFO - [2025-04-04T13:57:08.873+0000] {dag.py:4180} INFO - Setting next_dagrun for dataset_s3_bucket_consumer_with_no_taskflow to None, run_after=None
[2025-04-04T13:57:08.876+0000] {logging_mixin.py:190} INFO - [2025-04-04T13:57:08.876+0000] {dag.py:4180} INFO - Setting next_dagrun for dataset_s3_bucket_producer_with_no_taskflow to None, run_after=None
[2025-04-04T13:57:08.941+0000] {processor.py:208} INFO - Processing /home/airflow/.local/lib/python3.12/site-packages/airflow/example_dags/example_dataset_alias_with_no_taskflow.py took 1.649 seconds
[2025-04-04T13:57:40.352+0000] {processor.py:186} INFO - Started process (PID=2592) to work on /home/airflow/.local/lib/python3.12/site-packages/airflow/example_dags/example_dataset_alias_with_no_taskflow.py
[2025-04-04T13:57:40.355+0000] {processor.py:914} INFO - Processing file /home/airflow/.local/lib/python3.12/site-packages/airflow/example_dags/example_dataset_alias_with_no_taskflow.py for tasks to queue
[2025-04-04T13:57:40.359+0000] {logging_mixin.py:190} INFO - [2025-04-04T13:57:40.359+0000] {dagbag.py:588} INFO - Filling up the DagBag from /home/airflow/.local/lib/python3.12/site-packages/airflow/example_dags/example_dataset_alias_with_no_taskflow.py
[2025-04-04T13:57:41.930+0000] {processor.py:925} INFO - DAG(s) 'dataset_alias_example_alias_consumer_with_no_taskflow', 'dataset_s3_bucket_consumer_with_no_taskflow', 'dataset_s3_bucket_producer_with_no_taskflow', 'dataset_alias_example_alias_producer_with_no_taskflow' retrieved from /home/airflow/.local/lib/python3.12/site-packages/airflow/example_dags/example_dataset_alias_with_no_taskflow.py
[2025-04-04T13:57:41.985+0000] {logging_mixin.py:190} INFO - [2025-04-04T13:57:41.984+0000] {dag.py:3239} INFO - Sync 4 DAGs
[2025-04-04T13:57:42.055+0000] {logging_mixin.py:190} INFO - [2025-04-04T13:57:42.054+0000] {dag.py:4180} INFO - Setting next_dagrun for dataset_alias_example_alias_consumer_with_no_taskflow to None, run_after=None
[2025-04-04T13:57:42.063+0000] {logging_mixin.py:190} INFO - [2025-04-04T13:57:42.062+0000] {dag.py:4180} INFO - Setting next_dagrun for dataset_alias_example_alias_producer_with_no_taskflow to None, run_after=None
[2025-04-04T13:57:42.068+0000] {logging_mixin.py:190} INFO - [2025-04-04T13:57:42.067+0000] {dag.py:4180} INFO - Setting next_dagrun for dataset_s3_bucket_consumer_with_no_taskflow to None, run_after=None
[2025-04-04T13:57:42.073+0000] {logging_mixin.py:190} INFO - [2025-04-04T13:57:42.072+0000] {dag.py:4180} INFO - Setting next_dagrun for dataset_s3_bucket_producer_with_no_taskflow to None, run_after=None
[2025-04-04T13:57:42.124+0000] {processor.py:208} INFO - Processing /home/airflow/.local/lib/python3.12/site-packages/airflow/example_dags/example_dataset_alias_with_no_taskflow.py took 1.791 seconds
[2025-04-04T13:58:12.738+0000] {processor.py:186} INFO - Started process (PID=2656) to work on /home/airflow/.local/lib/python3.12/site-packages/airflow/example_dags/example_dataset_alias_with_no_taskflow.py
[2025-04-04T13:58:12.740+0000] {processor.py:914} INFO - Processing file /home/airflow/.local/lib/python3.12/site-packages/airflow/example_dags/example_dataset_alias_with_no_taskflow.py for tasks to queue
[2025-04-04T13:58:12.747+0000] {logging_mixin.py:190} INFO - [2025-04-04T13:58:12.746+0000] {dagbag.py:588} INFO - Filling up the DagBag from /home/airflow/.local/lib/python3.12/site-packages/airflow/example_dags/example_dataset_alias_with_no_taskflow.py
[2025-04-04T13:58:14.266+0000] {processor.py:925} INFO - DAG(s) 'dataset_alias_example_alias_producer_with_no_taskflow', 'dataset_alias_example_alias_consumer_with_no_taskflow', 'dataset_s3_bucket_consumer_with_no_taskflow', 'dataset_s3_bucket_producer_with_no_taskflow' retrieved from /home/airflow/.local/lib/python3.12/site-packages/airflow/example_dags/example_dataset_alias_with_no_taskflow.py
[2025-04-04T13:58:14.326+0000] {logging_mixin.py:190} INFO - [2025-04-04T13:58:14.324+0000] {dag.py:3239} INFO - Sync 4 DAGs
[2025-04-04T13:58:14.414+0000] {logging_mixin.py:190} INFO - [2025-04-04T13:58:14.414+0000] {dag.py:4180} INFO - Setting next_dagrun for dataset_alias_example_alias_consumer_with_no_taskflow to None, run_after=None
[2025-04-04T13:58:14.420+0000] {logging_mixin.py:190} INFO - [2025-04-04T13:58:14.420+0000] {dag.py:4180} INFO - Setting next_dagrun for dataset_alias_example_alias_producer_with_no_taskflow to None, run_after=None
[2025-04-04T13:58:14.437+0000] {logging_mixin.py:190} INFO - [2025-04-04T13:58:14.436+0000] {dag.py:4180} INFO - Setting next_dagrun for dataset_s3_bucket_consumer_with_no_taskflow to None, run_after=None
[2025-04-04T13:58:14.441+0000] {logging_mixin.py:190} INFO - [2025-04-04T13:58:14.441+0000] {dag.py:4180} INFO - Setting next_dagrun for dataset_s3_bucket_producer_with_no_taskflow to None, run_after=None
[2025-04-04T13:58:14.514+0000] {processor.py:208} INFO - Processing /home/airflow/.local/lib/python3.12/site-packages/airflow/example_dags/example_dataset_alias_with_no_taskflow.py took 1.789 seconds
[2025-04-04T13:58:44.805+0000] {processor.py:186} INFO - Started process (PID=2719) to work on /home/airflow/.local/lib/python3.12/site-packages/airflow/example_dags/example_dataset_alias_with_no_taskflow.py
[2025-04-04T13:58:44.806+0000] {processor.py:914} INFO - Processing file /home/airflow/.local/lib/python3.12/site-packages/airflow/example_dags/example_dataset_alias_with_no_taskflow.py for tasks to queue
[2025-04-04T13:58:44.810+0000] {logging_mixin.py:190} INFO - [2025-04-04T13:58:44.810+0000] {dagbag.py:588} INFO - Filling up the DagBag from /home/airflow/.local/lib/python3.12/site-packages/airflow/example_dags/example_dataset_alias_with_no_taskflow.py
[2025-04-04T13:58:47.305+0000] {processor.py:925} INFO - DAG(s) 'dataset_alias_example_alias_consumer_with_no_taskflow', 'dataset_s3_bucket_consumer_with_no_taskflow', 'dataset_alias_example_alias_producer_with_no_taskflow', 'dataset_s3_bucket_producer_with_no_taskflow' retrieved from /home/airflow/.local/lib/python3.12/site-packages/airflow/example_dags/example_dataset_alias_with_no_taskflow.py
[2025-04-04T13:58:47.425+0000] {logging_mixin.py:190} INFO - [2025-04-04T13:58:47.424+0000] {dag.py:3239} INFO - Sync 4 DAGs
[2025-04-04T13:58:47.727+0000] {logging_mixin.py:190} INFO - [2025-04-04T13:58:47.726+0000] {dag.py:4180} INFO - Setting next_dagrun for dataset_alias_example_alias_consumer_with_no_taskflow to None, run_after=None
[2025-04-04T13:58:47.760+0000] {logging_mixin.py:190} INFO - [2025-04-04T13:58:47.758+0000] {dag.py:4180} INFO - Setting next_dagrun for dataset_alias_example_alias_producer_with_no_taskflow to None, run_after=None
[2025-04-04T13:58:47.778+0000] {logging_mixin.py:190} INFO - [2025-04-04T13:58:47.768+0000] {dag.py:4180} INFO - Setting next_dagrun for dataset_s3_bucket_consumer_with_no_taskflow to None, run_after=None
[2025-04-04T13:58:47.794+0000] {logging_mixin.py:190} INFO - [2025-04-04T13:58:47.793+0000] {dag.py:4180} INFO - Setting next_dagrun for dataset_s3_bucket_producer_with_no_taskflow to None, run_after=None
[2025-04-04T13:58:48.016+0000] {processor.py:208} INFO - Processing /home/airflow/.local/lib/python3.12/site-packages/airflow/example_dags/example_dataset_alias_with_no_taskflow.py took 3.225 seconds
