[2025-04-04T13:36:54.182+0000] {processor.py:186} INFO - Started process (PID=126) to work on /home/airflow/.local/lib/python3.12/site-packages/airflow/example_dags/example_sla_dag.py
[2025-04-04T13:36:54.189+0000] {processor.py:914} INFO - Processing file /home/airflow/.local/lib/python3.12/site-packages/airflow/example_dags/example_sla_dag.py for tasks to queue
[2025-04-04T13:36:54.201+0000] {logging_mixin.py:190} INFO - [2025-04-04T13:36:54.199+0000] {dagbag.py:588} INFO - Filling up the DagBag from /home/airflow/.local/lib/python3.12/site-packages/airflow/example_dags/example_sla_dag.py
[2025-04-04T13:36:54.264+0000] {processor.py:925} INFO - DAG(s) 'example_sla_dag' retrieved from /home/airflow/.local/lib/python3.12/site-packages/airflow/example_dags/example_sla_dag.py
[2025-04-04T13:36:54.672+0000] {logging_mixin.py:190} INFO - [2025-04-04T13:36:54.670+0000] {override.py:1912} INFO - Created Permission View: can edit on DAG:example_sla_dag
[2025-04-04T13:36:54.694+0000] {logging_mixin.py:190} INFO - [2025-04-04T13:36:54.693+0000] {override.py:1912} INFO - Created Permission View: can delete on DAG:example_sla_dag
[2025-04-04T13:36:54.706+0000] {logging_mixin.py:190} INFO - [2025-04-04T13:36:54.706+0000] {override.py:1912} INFO - Created Permission View: can read on DAG:example_sla_dag
[2025-04-04T13:36:54.727+0000] {logging_mixin.py:190} INFO - [2025-04-04T13:36:54.726+0000] {override.py:1912} INFO - Created Permission View: can delete on DAG Run:example_sla_dag
[2025-04-04T13:36:54.742+0000] {logging_mixin.py:190} INFO - [2025-04-04T13:36:54.741+0000] {override.py:1912} INFO - Created Permission View: can read on DAG Run:example_sla_dag
[2025-04-04T13:36:54.754+0000] {logging_mixin.py:190} INFO - [2025-04-04T13:36:54.754+0000] {override.py:1912} INFO - Created Permission View: can create on DAG Run:example_sla_dag
[2025-04-04T13:36:54.766+0000] {logging_mixin.py:190} INFO - [2025-04-04T13:36:54.766+0000] {override.py:1912} INFO - Created Permission View: menu access on DAG Run:example_sla_dag
[2025-04-04T13:36:54.768+0000] {logging_mixin.py:190} INFO - [2025-04-04T13:36:54.767+0000] {dag.py:3239} INFO - Sync 1 DAGs
[2025-04-04T13:36:54.790+0000] {logging_mixin.py:190} INFO - [2025-04-04T13:36:54.790+0000] {dag.py:3262} INFO - Creating ORM DAG for example_sla_dag
[2025-04-04T13:36:54.814+0000] {logging_mixin.py:190} INFO - [2025-04-04T13:36:54.814+0000] {dag.py:4180} INFO - Setting next_dagrun for example_sla_dag to 2025-04-04 13:34:00+00:00, run_after=2025-04-04 13:36:00+00:00
[2025-04-04T13:36:54.846+0000] {processor.py:208} INFO - Processing /home/airflow/.local/lib/python3.12/site-packages/airflow/example_dags/example_sla_dag.py took 0.688 seconds
[2025-04-04T13:37:25.779+0000] {processor.py:186} INFO - Started process (PID=189) to work on /home/airflow/.local/lib/python3.12/site-packages/airflow/example_dags/example_sla_dag.py
[2025-04-04T13:37:25.780+0000] {processor.py:914} INFO - Processing file /home/airflow/.local/lib/python3.12/site-packages/airflow/example_dags/example_sla_dag.py for tasks to queue
[2025-04-04T13:37:25.785+0000] {logging_mixin.py:190} INFO - [2025-04-04T13:37:25.784+0000] {dagbag.py:588} INFO - Filling up the DagBag from /home/airflow/.local/lib/python3.12/site-packages/airflow/example_dags/example_sla_dag.py
[2025-04-04T13:37:25.807+0000] {processor.py:925} INFO - DAG(s) 'example_sla_dag' retrieved from /home/airflow/.local/lib/python3.12/site-packages/airflow/example_dags/example_sla_dag.py
[2025-04-04T13:37:25.845+0000] {logging_mixin.py:190} INFO - [2025-04-04T13:37:25.844+0000] {dag.py:3239} INFO - Sync 1 DAGs
[2025-04-04T13:37:25.895+0000] {logging_mixin.py:190} INFO - [2025-04-04T13:37:25.895+0000] {dag.py:4180} INFO - Setting next_dagrun for example_sla_dag to 2025-04-04 13:34:00+00:00, run_after=2025-04-04 13:36:00+00:00
[2025-04-04T13:37:25.933+0000] {processor.py:208} INFO - Processing /home/airflow/.local/lib/python3.12/site-packages/airflow/example_dags/example_sla_dag.py took 0.166 seconds
[2025-04-04T13:37:56.083+0000] {processor.py:186} INFO - Started process (PID=252) to work on /home/airflow/.local/lib/python3.12/site-packages/airflow/example_dags/example_sla_dag.py
[2025-04-04T13:37:56.085+0000] {processor.py:914} INFO - Processing file /home/airflow/.local/lib/python3.12/site-packages/airflow/example_dags/example_sla_dag.py for tasks to queue
[2025-04-04T13:37:56.089+0000] {logging_mixin.py:190} INFO - [2025-04-04T13:37:56.089+0000] {dagbag.py:588} INFO - Filling up the DagBag from /home/airflow/.local/lib/python3.12/site-packages/airflow/example_dags/example_sla_dag.py
[2025-04-04T13:37:56.106+0000] {processor.py:925} INFO - DAG(s) 'example_sla_dag' retrieved from /home/airflow/.local/lib/python3.12/site-packages/airflow/example_dags/example_sla_dag.py
[2025-04-04T13:37:56.143+0000] {logging_mixin.py:190} INFO - [2025-04-04T13:37:56.142+0000] {dag.py:3239} INFO - Sync 1 DAGs
[2025-04-04T13:37:56.199+0000] {logging_mixin.py:190} INFO - [2025-04-04T13:37:56.198+0000] {dag.py:4180} INFO - Setting next_dagrun for example_sla_dag to 2025-04-04 13:34:00+00:00, run_after=2025-04-04 13:36:00+00:00
[2025-04-04T13:37:56.244+0000] {processor.py:208} INFO - Processing /home/airflow/.local/lib/python3.12/site-packages/airflow/example_dags/example_sla_dag.py took 0.171 seconds
[2025-04-04T13:38:29.854+0000] {processor.py:186} INFO - Started process (PID=321) to work on /home/airflow/.local/lib/python3.12/site-packages/airflow/example_dags/example_sla_dag.py
[2025-04-04T13:38:29.856+0000] {processor.py:914} INFO - Processing file /home/airflow/.local/lib/python3.12/site-packages/airflow/example_dags/example_sla_dag.py for tasks to queue
[2025-04-04T13:38:29.861+0000] {logging_mixin.py:190} INFO - [2025-04-04T13:38:29.861+0000] {dagbag.py:588} INFO - Filling up the DagBag from /home/airflow/.local/lib/python3.12/site-packages/airflow/example_dags/example_sla_dag.py
[2025-04-04T13:38:29.879+0000] {processor.py:925} INFO - DAG(s) 'example_sla_dag' retrieved from /home/airflow/.local/lib/python3.12/site-packages/airflow/example_dags/example_sla_dag.py
[2025-04-04T13:38:29.913+0000] {logging_mixin.py:190} INFO - [2025-04-04T13:38:29.913+0000] {dag.py:3239} INFO - Sync 1 DAGs
[2025-04-04T13:38:29.963+0000] {logging_mixin.py:190} INFO - [2025-04-04T13:38:29.963+0000] {dag.py:4180} INFO - Setting next_dagrun for example_sla_dag to 2025-04-04 13:36:00+00:00, run_after=2025-04-04 13:38:00+00:00
[2025-04-04T13:38:29.998+0000] {processor.py:208} INFO - Processing /home/airflow/.local/lib/python3.12/site-packages/airflow/example_dags/example_sla_dag.py took 0.154 seconds
[2025-04-04T13:39:06.278+0000] {processor.py:186} INFO - Started process (PID=386) to work on /home/airflow/.local/lib/python3.12/site-packages/airflow/example_dags/example_sla_dag.py
[2025-04-04T13:39:06.281+0000] {processor.py:914} INFO - Processing file /home/airflow/.local/lib/python3.12/site-packages/airflow/example_dags/example_sla_dag.py for tasks to queue
[2025-04-04T13:39:06.288+0000] {logging_mixin.py:190} INFO - [2025-04-04T13:39:06.286+0000] {dagbag.py:588} INFO - Filling up the DagBag from /home/airflow/.local/lib/python3.12/site-packages/airflow/example_dags/example_sla_dag.py
[2025-04-04T13:39:06.332+0000] {processor.py:925} INFO - DAG(s) 'example_sla_dag' retrieved from /home/airflow/.local/lib/python3.12/site-packages/airflow/example_dags/example_sla_dag.py
[2025-04-04T13:39:06.417+0000] {logging_mixin.py:190} INFO - [2025-04-04T13:39:06.416+0000] {dag.py:3239} INFO - Sync 1 DAGs
[2025-04-04T13:39:06.515+0000] {logging_mixin.py:190} INFO - [2025-04-04T13:39:06.513+0000] {dag.py:4180} INFO - Setting next_dagrun for example_sla_dag to 2025-04-04 13:36:00+00:00, run_after=2025-04-04 13:38:00+00:00
[2025-04-04T13:39:06.575+0000] {processor.py:208} INFO - Processing /home/airflow/.local/lib/python3.12/site-packages/airflow/example_dags/example_sla_dag.py took 0.320 seconds
[2025-04-04T13:39:48.796+0000] {processor.py:186} INFO - Started process (PID=461) to work on /home/airflow/.local/lib/python3.12/site-packages/airflow/example_dags/example_sla_dag.py
[2025-04-04T13:39:48.800+0000] {processor.py:914} INFO - Processing file /home/airflow/.local/lib/python3.12/site-packages/airflow/example_dags/example_sla_dag.py for tasks to queue
[2025-04-04T13:39:48.806+0000] {logging_mixin.py:190} INFO - [2025-04-04T13:39:48.805+0000] {dagbag.py:588} INFO - Filling up the DagBag from /home/airflow/.local/lib/python3.12/site-packages/airflow/example_dags/example_sla_dag.py
[2025-04-04T13:39:48.834+0000] {processor.py:925} INFO - DAG(s) 'example_sla_dag' retrieved from /home/airflow/.local/lib/python3.12/site-packages/airflow/example_dags/example_sla_dag.py
[2025-04-04T13:39:48.887+0000] {logging_mixin.py:190} INFO - [2025-04-04T13:39:48.886+0000] {dag.py:3239} INFO - Sync 1 DAGs
[2025-04-04T13:39:48.999+0000] {logging_mixin.py:190} INFO - [2025-04-04T13:39:48.998+0000] {dag.py:4180} INFO - Setting next_dagrun for example_sla_dag to 2025-04-04 13:36:00+00:00, run_after=2025-04-04 13:38:00+00:00
[2025-04-04T13:39:49.066+0000] {processor.py:208} INFO - Processing /home/airflow/.local/lib/python3.12/site-packages/airflow/example_dags/example_sla_dag.py took 0.284 seconds
[2025-04-04T13:40:19.471+0000] {processor.py:186} INFO - Started process (PID=525) to work on /home/airflow/.local/lib/python3.12/site-packages/airflow/example_dags/example_sla_dag.py
[2025-04-04T13:40:19.476+0000] {processor.py:914} INFO - Processing file /home/airflow/.local/lib/python3.12/site-packages/airflow/example_dags/example_sla_dag.py for tasks to queue
[2025-04-04T13:40:19.485+0000] {logging_mixin.py:190} INFO - [2025-04-04T13:40:19.483+0000] {dagbag.py:588} INFO - Filling up the DagBag from /home/airflow/.local/lib/python3.12/site-packages/airflow/example_dags/example_sla_dag.py
[2025-04-04T13:40:19.554+0000] {processor.py:925} INFO - DAG(s) 'example_sla_dag' retrieved from /home/airflow/.local/lib/python3.12/site-packages/airflow/example_dags/example_sla_dag.py
[2025-04-04T13:40:19.705+0000] {logging_mixin.py:190} INFO - [2025-04-04T13:40:19.704+0000] {dag.py:3239} INFO - Sync 1 DAGs
[2025-04-04T13:40:19.943+0000] {logging_mixin.py:190} INFO - [2025-04-04T13:40:19.943+0000] {dag.py:4180} INFO - Setting next_dagrun for example_sla_dag to 2025-04-04 13:38:00+00:00, run_after=2025-04-04 13:40:00+00:00
[2025-04-04T13:40:19.998+0000] {processor.py:208} INFO - Processing /home/airflow/.local/lib/python3.12/site-packages/airflow/example_dags/example_sla_dag.py took 0.586 seconds
[2025-04-04T13:40:50.132+0000] {processor.py:186} INFO - Started process (PID=588) to work on /home/airflow/.local/lib/python3.12/site-packages/airflow/example_dags/example_sla_dag.py
[2025-04-04T13:40:50.133+0000] {processor.py:914} INFO - Processing file /home/airflow/.local/lib/python3.12/site-packages/airflow/example_dags/example_sla_dag.py for tasks to queue
[2025-04-04T13:40:50.138+0000] {logging_mixin.py:190} INFO - [2025-04-04T13:40:50.138+0000] {dagbag.py:588} INFO - Filling up the DagBag from /home/airflow/.local/lib/python3.12/site-packages/airflow/example_dags/example_sla_dag.py
[2025-04-04T13:40:50.159+0000] {processor.py:925} INFO - DAG(s) 'example_sla_dag' retrieved from /home/airflow/.local/lib/python3.12/site-packages/airflow/example_dags/example_sla_dag.py
[2025-04-04T13:40:50.191+0000] {logging_mixin.py:190} INFO - [2025-04-04T13:40:50.191+0000] {dag.py:3239} INFO - Sync 1 DAGs
[2025-04-04T13:40:50.240+0000] {logging_mixin.py:190} INFO - [2025-04-04T13:40:50.240+0000] {dag.py:4180} INFO - Setting next_dagrun for example_sla_dag to 2025-04-04 13:38:00+00:00, run_after=2025-04-04 13:40:00+00:00
[2025-04-04T13:40:50.276+0000] {processor.py:208} INFO - Processing /home/airflow/.local/lib/python3.12/site-packages/airflow/example_dags/example_sla_dag.py took 0.154 seconds
[2025-04-04T13:41:21.799+0000] {processor.py:186} INFO - Started process (PID=651) to work on /home/airflow/.local/lib/python3.12/site-packages/airflow/example_dags/example_sla_dag.py
[2025-04-04T13:41:21.801+0000] {processor.py:914} INFO - Processing file /home/airflow/.local/lib/python3.12/site-packages/airflow/example_dags/example_sla_dag.py for tasks to queue
[2025-04-04T13:41:21.807+0000] {logging_mixin.py:190} INFO - [2025-04-04T13:41:21.806+0000] {dagbag.py:588} INFO - Filling up the DagBag from /home/airflow/.local/lib/python3.12/site-packages/airflow/example_dags/example_sla_dag.py
[2025-04-04T13:41:21.848+0000] {processor.py:925} INFO - DAG(s) 'example_sla_dag' retrieved from /home/airflow/.local/lib/python3.12/site-packages/airflow/example_dags/example_sla_dag.py
[2025-04-04T13:41:21.917+0000] {logging_mixin.py:190} INFO - [2025-04-04T13:41:21.917+0000] {dag.py:3239} INFO - Sync 1 DAGs
[2025-04-04T13:41:21.975+0000] {logging_mixin.py:190} INFO - [2025-04-04T13:41:21.974+0000] {dag.py:4180} INFO - Setting next_dagrun for example_sla_dag to 2025-04-04 13:38:00+00:00, run_after=2025-04-04 13:40:00+00:00
[2025-04-04T13:41:22.015+0000] {processor.py:208} INFO - Processing /home/airflow/.local/lib/python3.12/site-packages/airflow/example_dags/example_sla_dag.py took 0.235 seconds
[2025-04-04T13:41:52.646+0000] {processor.py:186} INFO - Started process (PID=714) to work on /home/airflow/.local/lib/python3.12/site-packages/airflow/example_dags/example_sla_dag.py
[2025-04-04T13:41:52.647+0000] {processor.py:914} INFO - Processing file /home/airflow/.local/lib/python3.12/site-packages/airflow/example_dags/example_sla_dag.py for tasks to queue
[2025-04-04T13:41:52.651+0000] {logging_mixin.py:190} INFO - [2025-04-04T13:41:52.650+0000] {dagbag.py:588} INFO - Filling up the DagBag from /home/airflow/.local/lib/python3.12/site-packages/airflow/example_dags/example_sla_dag.py
[2025-04-04T13:41:52.673+0000] {processor.py:925} INFO - DAG(s) 'example_sla_dag' retrieved from /home/airflow/.local/lib/python3.12/site-packages/airflow/example_dags/example_sla_dag.py
[2025-04-04T13:41:52.707+0000] {logging_mixin.py:190} INFO - [2025-04-04T13:41:52.707+0000] {dag.py:3239} INFO - Sync 1 DAGs
[2025-04-04T13:41:52.753+0000] {logging_mixin.py:190} INFO - [2025-04-04T13:41:52.753+0000] {dag.py:4180} INFO - Setting next_dagrun for example_sla_dag to 2025-04-04 13:38:00+00:00, run_after=2025-04-04 13:40:00+00:00
[2025-04-04T13:41:52.786+0000] {processor.py:208} INFO - Processing /home/airflow/.local/lib/python3.12/site-packages/airflow/example_dags/example_sla_dag.py took 0.151 seconds
[2025-04-04T13:42:23.082+0000] {processor.py:186} INFO - Started process (PID=781) to work on /home/airflow/.local/lib/python3.12/site-packages/airflow/example_dags/example_sla_dag.py
[2025-04-04T13:42:23.084+0000] {processor.py:914} INFO - Processing file /home/airflow/.local/lib/python3.12/site-packages/airflow/example_dags/example_sla_dag.py for tasks to queue
[2025-04-04T13:42:23.092+0000] {logging_mixin.py:190} INFO - [2025-04-04T13:42:23.091+0000] {dagbag.py:588} INFO - Filling up the DagBag from /home/airflow/.local/lib/python3.12/site-packages/airflow/example_dags/example_sla_dag.py
[2025-04-04T13:42:23.128+0000] {processor.py:925} INFO - DAG(s) 'example_sla_dag' retrieved from /home/airflow/.local/lib/python3.12/site-packages/airflow/example_dags/example_sla_dag.py
[2025-04-04T13:42:23.178+0000] {logging_mixin.py:190} INFO - [2025-04-04T13:42:23.177+0000] {dag.py:3239} INFO - Sync 1 DAGs
[2025-04-04T13:42:23.257+0000] {logging_mixin.py:190} INFO - [2025-04-04T13:42:23.257+0000] {dag.py:4180} INFO - Setting next_dagrun for example_sla_dag to 2025-04-04 13:40:00+00:00, run_after=2025-04-04 13:42:00+00:00
[2025-04-04T13:42:23.320+0000] {processor.py:208} INFO - Processing /home/airflow/.local/lib/python3.12/site-packages/airflow/example_dags/example_sla_dag.py took 0.254 seconds
[2025-04-04T13:42:53.988+0000] {processor.py:186} INFO - Started process (PID=844) to work on /home/airflow/.local/lib/python3.12/site-packages/airflow/example_dags/example_sla_dag.py
[2025-04-04T13:42:53.992+0000] {processor.py:914} INFO - Processing file /home/airflow/.local/lib/python3.12/site-packages/airflow/example_dags/example_sla_dag.py for tasks to queue
[2025-04-04T13:42:54.000+0000] {logging_mixin.py:190} INFO - [2025-04-04T13:42:54.000+0000] {dagbag.py:588} INFO - Filling up the DagBag from /home/airflow/.local/lib/python3.12/site-packages/airflow/example_dags/example_sla_dag.py
[2025-04-04T13:42:54.033+0000] {processor.py:925} INFO - DAG(s) 'example_sla_dag' retrieved from /home/airflow/.local/lib/python3.12/site-packages/airflow/example_dags/example_sla_dag.py
[2025-04-04T13:42:54.083+0000] {logging_mixin.py:190} INFO - [2025-04-04T13:42:54.083+0000] {dag.py:3239} INFO - Sync 1 DAGs
[2025-04-04T13:42:54.168+0000] {logging_mixin.py:190} INFO - [2025-04-04T13:42:54.167+0000] {dag.py:4180} INFO - Setting next_dagrun for example_sla_dag to 2025-04-04 13:40:00+00:00, run_after=2025-04-04 13:42:00+00:00
[2025-04-04T13:42:54.212+0000] {processor.py:208} INFO - Processing /home/airflow/.local/lib/python3.12/site-packages/airflow/example_dags/example_sla_dag.py took 0.241 seconds
[2025-04-04T13:43:24.627+0000] {processor.py:186} INFO - Started process (PID=908) to work on /home/airflow/.local/lib/python3.12/site-packages/airflow/example_dags/example_sla_dag.py
[2025-04-04T13:43:24.631+0000] {processor.py:914} INFO - Processing file /home/airflow/.local/lib/python3.12/site-packages/airflow/example_dags/example_sla_dag.py for tasks to queue
[2025-04-04T13:43:24.643+0000] {logging_mixin.py:190} INFO - [2025-04-04T13:43:24.642+0000] {dagbag.py:588} INFO - Filling up the DagBag from /home/airflow/.local/lib/python3.12/site-packages/airflow/example_dags/example_sla_dag.py
[2025-04-04T13:43:24.676+0000] {processor.py:925} INFO - DAG(s) 'example_sla_dag' retrieved from /home/airflow/.local/lib/python3.12/site-packages/airflow/example_dags/example_sla_dag.py
[2025-04-04T13:43:24.728+0000] {logging_mixin.py:190} INFO - [2025-04-04T13:43:24.728+0000] {dag.py:3239} INFO - Sync 1 DAGs
[2025-04-04T13:43:24.783+0000] {logging_mixin.py:190} INFO - [2025-04-04T13:43:24.782+0000] {dag.py:4180} INFO - Setting next_dagrun for example_sla_dag to 2025-04-04 13:40:00+00:00, run_after=2025-04-04 13:42:00+00:00
[2025-04-04T13:43:24.814+0000] {processor.py:208} INFO - Processing /home/airflow/.local/lib/python3.12/site-packages/airflow/example_dags/example_sla_dag.py took 0.212 seconds
[2025-04-04T13:43:55.765+0000] {processor.py:186} INFO - Started process (PID=970) to work on /home/airflow/.local/lib/python3.12/site-packages/airflow/example_dags/example_sla_dag.py
[2025-04-04T13:43:55.770+0000] {processor.py:914} INFO - Processing file /home/airflow/.local/lib/python3.12/site-packages/airflow/example_dags/example_sla_dag.py for tasks to queue
[2025-04-04T13:43:55.775+0000] {logging_mixin.py:190} INFO - [2025-04-04T13:43:55.774+0000] {dagbag.py:588} INFO - Filling up the DagBag from /home/airflow/.local/lib/python3.12/site-packages/airflow/example_dags/example_sla_dag.py
[2025-04-04T13:43:55.806+0000] {processor.py:925} INFO - DAG(s) 'example_sla_dag' retrieved from /home/airflow/.local/lib/python3.12/site-packages/airflow/example_dags/example_sla_dag.py
[2025-04-04T13:43:55.867+0000] {logging_mixin.py:190} INFO - [2025-04-04T13:43:55.866+0000] {dag.py:3239} INFO - Sync 1 DAGs
[2025-04-04T13:43:55.940+0000] {logging_mixin.py:190} INFO - [2025-04-04T13:43:55.940+0000] {dag.py:4180} INFO - Setting next_dagrun for example_sla_dag to 2025-04-04 13:40:00+00:00, run_after=2025-04-04 13:42:00+00:00
[2025-04-04T13:43:55.995+0000] {processor.py:208} INFO - Processing /home/airflow/.local/lib/python3.12/site-packages/airflow/example_dags/example_sla_dag.py took 0.244 seconds
[2025-04-04T13:44:27.387+0000] {processor.py:186} INFO - Started process (PID=1033) to work on /home/airflow/.local/lib/python3.12/site-packages/airflow/example_dags/example_sla_dag.py
[2025-04-04T13:44:27.389+0000] {processor.py:914} INFO - Processing file /home/airflow/.local/lib/python3.12/site-packages/airflow/example_dags/example_sla_dag.py for tasks to queue
[2025-04-04T13:44:27.393+0000] {logging_mixin.py:190} INFO - [2025-04-04T13:44:27.392+0000] {dagbag.py:588} INFO - Filling up the DagBag from /home/airflow/.local/lib/python3.12/site-packages/airflow/example_dags/example_sla_dag.py
[2025-04-04T13:44:27.427+0000] {processor.py:925} INFO - DAG(s) 'example_sla_dag' retrieved from /home/airflow/.local/lib/python3.12/site-packages/airflow/example_dags/example_sla_dag.py
[2025-04-04T13:44:27.473+0000] {logging_mixin.py:190} INFO - [2025-04-04T13:44:27.473+0000] {dag.py:3239} INFO - Sync 1 DAGs
[2025-04-04T13:44:27.547+0000] {logging_mixin.py:190} INFO - [2025-04-04T13:44:27.547+0000] {dag.py:4180} INFO - Setting next_dagrun for example_sla_dag to 2025-04-04 13:42:00+00:00, run_after=2025-04-04 13:44:00+00:00
[2025-04-04T13:44:27.587+0000] {processor.py:208} INFO - Processing /home/airflow/.local/lib/python3.12/site-packages/airflow/example_dags/example_sla_dag.py took 0.214 seconds
[2025-04-04T13:44:59.235+0000] {processor.py:186} INFO - Started process (PID=1096) to work on /home/airflow/.local/lib/python3.12/site-packages/airflow/example_dags/example_sla_dag.py
[2025-04-04T13:44:59.237+0000] {processor.py:914} INFO - Processing file /home/airflow/.local/lib/python3.12/site-packages/airflow/example_dags/example_sla_dag.py for tasks to queue
[2025-04-04T13:44:59.241+0000] {logging_mixin.py:190} INFO - [2025-04-04T13:44:59.240+0000] {dagbag.py:588} INFO - Filling up the DagBag from /home/airflow/.local/lib/python3.12/site-packages/airflow/example_dags/example_sla_dag.py
[2025-04-04T13:44:59.272+0000] {processor.py:925} INFO - DAG(s) 'example_sla_dag' retrieved from /home/airflow/.local/lib/python3.12/site-packages/airflow/example_dags/example_sla_dag.py
[2025-04-04T13:44:59.319+0000] {logging_mixin.py:190} INFO - [2025-04-04T13:44:59.319+0000] {dag.py:3239} INFO - Sync 1 DAGs
[2025-04-04T13:44:59.382+0000] {logging_mixin.py:190} INFO - [2025-04-04T13:44:59.380+0000] {dag.py:4180} INFO - Setting next_dagrun for example_sla_dag to 2025-04-04 13:42:00+00:00, run_after=2025-04-04 13:44:00+00:00
[2025-04-04T13:44:59.492+0000] {processor.py:208} INFO - Processing /home/airflow/.local/lib/python3.12/site-packages/airflow/example_dags/example_sla_dag.py took 0.271 seconds
[2025-04-04T13:45:30.657+0000] {processor.py:186} INFO - Started process (PID=1159) to work on /home/airflow/.local/lib/python3.12/site-packages/airflow/example_dags/example_sla_dag.py
[2025-04-04T13:45:30.660+0000] {processor.py:914} INFO - Processing file /home/airflow/.local/lib/python3.12/site-packages/airflow/example_dags/example_sla_dag.py for tasks to queue
[2025-04-04T13:45:30.666+0000] {logging_mixin.py:190} INFO - [2025-04-04T13:45:30.665+0000] {dagbag.py:588} INFO - Filling up the DagBag from /home/airflow/.local/lib/python3.12/site-packages/airflow/example_dags/example_sla_dag.py
[2025-04-04T13:45:30.690+0000] {processor.py:925} INFO - DAG(s) 'example_sla_dag' retrieved from /home/airflow/.local/lib/python3.12/site-packages/airflow/example_dags/example_sla_dag.py
[2025-04-04T13:45:30.750+0000] {logging_mixin.py:190} INFO - [2025-04-04T13:45:30.749+0000] {dag.py:3239} INFO - Sync 1 DAGs
[2025-04-04T13:45:30.824+0000] {logging_mixin.py:190} INFO - [2025-04-04T13:45:30.824+0000] {dag.py:4180} INFO - Setting next_dagrun for example_sla_dag to 2025-04-04 13:42:00+00:00, run_after=2025-04-04 13:44:00+00:00
[2025-04-04T13:45:30.870+0000] {processor.py:208} INFO - Processing /home/airflow/.local/lib/python3.12/site-packages/airflow/example_dags/example_sla_dag.py took 0.230 seconds
[2025-04-04T13:46:01.315+0000] {processor.py:186} INFO - Started process (PID=1221) to work on /home/airflow/.local/lib/python3.12/site-packages/airflow/example_dags/example_sla_dag.py
[2025-04-04T13:46:01.318+0000] {processor.py:914} INFO - Processing file /home/airflow/.local/lib/python3.12/site-packages/airflow/example_dags/example_sla_dag.py for tasks to queue
[2025-04-04T13:46:01.330+0000] {logging_mixin.py:190} INFO - [2025-04-04T13:46:01.329+0000] {dagbag.py:588} INFO - Filling up the DagBag from /home/airflow/.local/lib/python3.12/site-packages/airflow/example_dags/example_sla_dag.py
[2025-04-04T13:46:01.363+0000] {processor.py:925} INFO - DAG(s) 'example_sla_dag' retrieved from /home/airflow/.local/lib/python3.12/site-packages/airflow/example_dags/example_sla_dag.py
[2025-04-04T13:46:01.412+0000] {logging_mixin.py:190} INFO - [2025-04-04T13:46:01.412+0000] {dag.py:3239} INFO - Sync 1 DAGs
[2025-04-04T13:46:01.511+0000] {logging_mixin.py:190} INFO - [2025-04-04T13:46:01.510+0000] {dag.py:4180} INFO - Setting next_dagrun for example_sla_dag to 2025-04-04 13:44:00+00:00, run_after=2025-04-04 13:46:00+00:00
[2025-04-04T13:46:01.580+0000] {processor.py:208} INFO - Processing /home/airflow/.local/lib/python3.12/site-packages/airflow/example_dags/example_sla_dag.py took 0.300 seconds
[2025-04-04T13:46:45.708+0000] {processor.py:186} INFO - Started process (PID=1285) to work on /home/airflow/.local/lib/python3.12/site-packages/airflow/example_dags/example_sla_dag.py
[2025-04-04T13:46:45.717+0000] {processor.py:914} INFO - Processing file /home/airflow/.local/lib/python3.12/site-packages/airflow/example_dags/example_sla_dag.py for tasks to queue
[2025-04-04T13:46:45.724+0000] {logging_mixin.py:190} INFO - [2025-04-04T13:46:45.723+0000] {dagbag.py:588} INFO - Filling up the DagBag from /home/airflow/.local/lib/python3.12/site-packages/airflow/example_dags/example_sla_dag.py
[2025-04-04T13:46:45.756+0000] {processor.py:925} INFO - DAG(s) 'example_sla_dag' retrieved from /home/airflow/.local/lib/python3.12/site-packages/airflow/example_dags/example_sla_dag.py
[2025-04-04T13:46:45.830+0000] {logging_mixin.py:190} INFO - [2025-04-04T13:46:45.830+0000] {dag.py:3239} INFO - Sync 1 DAGs
[2025-04-04T13:46:45.937+0000] {logging_mixin.py:190} INFO - [2025-04-04T13:46:45.937+0000] {dag.py:4180} INFO - Setting next_dagrun for example_sla_dag to 2025-04-04 13:44:00+00:00, run_after=2025-04-04 13:46:00+00:00
[2025-04-04T13:46:46.000+0000] {processor.py:208} INFO - Processing /home/airflow/.local/lib/python3.12/site-packages/airflow/example_dags/example_sla_dag.py took 0.315 seconds
[2025-04-04T13:47:17.466+0000] {processor.py:186} INFO - Started process (PID=1348) to work on /home/airflow/.local/lib/python3.12/site-packages/airflow/example_dags/example_sla_dag.py
[2025-04-04T13:47:17.468+0000] {processor.py:914} INFO - Processing file /home/airflow/.local/lib/python3.12/site-packages/airflow/example_dags/example_sla_dag.py for tasks to queue
[2025-04-04T13:47:17.473+0000] {logging_mixin.py:190} INFO - [2025-04-04T13:47:17.472+0000] {dagbag.py:588} INFO - Filling up the DagBag from /home/airflow/.local/lib/python3.12/site-packages/airflow/example_dags/example_sla_dag.py
[2025-04-04T13:47:17.504+0000] {processor.py:925} INFO - DAG(s) 'example_sla_dag' retrieved from /home/airflow/.local/lib/python3.12/site-packages/airflow/example_dags/example_sla_dag.py
[2025-04-04T13:47:17.569+0000] {logging_mixin.py:190} INFO - [2025-04-04T13:47:17.567+0000] {dag.py:3239} INFO - Sync 1 DAGs
[2025-04-04T13:47:17.666+0000] {logging_mixin.py:190} INFO - [2025-04-04T13:47:17.666+0000] {dag.py:4180} INFO - Setting next_dagrun for example_sla_dag to 2025-04-04 13:44:00+00:00, run_after=2025-04-04 13:46:00+00:00
[2025-04-04T13:47:17.787+0000] {processor.py:208} INFO - Processing /home/airflow/.local/lib/python3.12/site-packages/airflow/example_dags/example_sla_dag.py took 0.342 seconds
[2025-04-04T13:47:48.909+0000] {processor.py:186} INFO - Started process (PID=1411) to work on /home/airflow/.local/lib/python3.12/site-packages/airflow/example_dags/example_sla_dag.py
[2025-04-04T13:47:48.911+0000] {processor.py:914} INFO - Processing file /home/airflow/.local/lib/python3.12/site-packages/airflow/example_dags/example_sla_dag.py for tasks to queue
[2025-04-04T13:47:48.932+0000] {logging_mixin.py:190} INFO - [2025-04-04T13:47:48.931+0000] {dagbag.py:588} INFO - Filling up the DagBag from /home/airflow/.local/lib/python3.12/site-packages/airflow/example_dags/example_sla_dag.py
[2025-04-04T13:47:48.969+0000] {processor.py:925} INFO - DAG(s) 'example_sla_dag' retrieved from /home/airflow/.local/lib/python3.12/site-packages/airflow/example_dags/example_sla_dag.py
[2025-04-04T13:47:49.024+0000] {logging_mixin.py:190} INFO - [2025-04-04T13:47:49.023+0000] {dag.py:3239} INFO - Sync 1 DAGs
[2025-04-04T13:47:49.111+0000] {logging_mixin.py:190} INFO - [2025-04-04T13:47:49.111+0000] {dag.py:4180} INFO - Setting next_dagrun for example_sla_dag to 2025-04-04 13:44:00+00:00, run_after=2025-04-04 13:46:00+00:00
[2025-04-04T13:47:49.163+0000] {processor.py:208} INFO - Processing /home/airflow/.local/lib/python3.12/site-packages/airflow/example_dags/example_sla_dag.py took 0.276 seconds
[2025-04-04T13:48:19.938+0000] {processor.py:186} INFO - Started process (PID=1474) to work on /home/airflow/.local/lib/python3.12/site-packages/airflow/example_dags/example_sla_dag.py
[2025-04-04T13:48:19.941+0000] {processor.py:914} INFO - Processing file /home/airflow/.local/lib/python3.12/site-packages/airflow/example_dags/example_sla_dag.py for tasks to queue
[2025-04-04T13:48:19.959+0000] {logging_mixin.py:190} INFO - [2025-04-04T13:48:19.956+0000] {dagbag.py:588} INFO - Filling up the DagBag from /home/airflow/.local/lib/python3.12/site-packages/airflow/example_dags/example_sla_dag.py
[2025-04-04T13:48:20.016+0000] {processor.py:925} INFO - DAG(s) 'example_sla_dag' retrieved from /home/airflow/.local/lib/python3.12/site-packages/airflow/example_dags/example_sla_dag.py
[2025-04-04T13:48:20.183+0000] {logging_mixin.py:190} INFO - [2025-04-04T13:48:20.178+0000] {dag.py:3239} INFO - Sync 1 DAGs
[2025-04-04T13:48:20.513+0000] {logging_mixin.py:190} INFO - [2025-04-04T13:48:20.512+0000] {dag.py:4180} INFO - Setting next_dagrun for example_sla_dag to 2025-04-04 13:46:00+00:00, run_after=2025-04-04 13:48:00+00:00
[2025-04-04T13:48:20.593+0000] {processor.py:208} INFO - Processing /home/airflow/.local/lib/python3.12/site-packages/airflow/example_dags/example_sla_dag.py took 0.708 seconds
[2025-04-04T13:48:50.675+0000] {processor.py:186} INFO - Started process (PID=1536) to work on /home/airflow/.local/lib/python3.12/site-packages/airflow/example_dags/example_sla_dag.py
[2025-04-04T13:48:50.681+0000] {processor.py:914} INFO - Processing file /home/airflow/.local/lib/python3.12/site-packages/airflow/example_dags/example_sla_dag.py for tasks to queue
[2025-04-04T13:48:50.686+0000] {logging_mixin.py:190} INFO - [2025-04-04T13:48:50.685+0000] {dagbag.py:588} INFO - Filling up the DagBag from /home/airflow/.local/lib/python3.12/site-packages/airflow/example_dags/example_sla_dag.py
[2025-04-04T13:48:50.705+0000] {processor.py:925} INFO - DAG(s) 'example_sla_dag' retrieved from /home/airflow/.local/lib/python3.12/site-packages/airflow/example_dags/example_sla_dag.py
[2025-04-04T13:48:50.748+0000] {logging_mixin.py:190} INFO - [2025-04-04T13:48:50.748+0000] {dag.py:3239} INFO - Sync 1 DAGs
[2025-04-04T13:48:50.814+0000] {logging_mixin.py:190} INFO - [2025-04-04T13:48:50.814+0000] {dag.py:4180} INFO - Setting next_dagrun for example_sla_dag to 2025-04-04 13:46:00+00:00, run_after=2025-04-04 13:48:00+00:00
[2025-04-04T13:48:50.855+0000] {processor.py:208} INFO - Processing /home/airflow/.local/lib/python3.12/site-packages/airflow/example_dags/example_sla_dag.py took 0.192 seconds
[2025-04-04T13:49:23.534+0000] {processor.py:186} INFO - Started process (PID=1597) to work on /home/airflow/.local/lib/python3.12/site-packages/airflow/example_dags/example_sla_dag.py
[2025-04-04T13:49:23.538+0000] {processor.py:914} INFO - Processing file /home/airflow/.local/lib/python3.12/site-packages/airflow/example_dags/example_sla_dag.py for tasks to queue
[2025-04-04T13:49:23.556+0000] {logging_mixin.py:190} INFO - [2025-04-04T13:49:23.555+0000] {dagbag.py:588} INFO - Filling up the DagBag from /home/airflow/.local/lib/python3.12/site-packages/airflow/example_dags/example_sla_dag.py
[2025-04-04T13:49:23.614+0000] {processor.py:925} INFO - DAG(s) 'example_sla_dag' retrieved from /home/airflow/.local/lib/python3.12/site-packages/airflow/example_dags/example_sla_dag.py
[2025-04-04T13:49:23.703+0000] {logging_mixin.py:190} INFO - [2025-04-04T13:49:23.703+0000] {dag.py:3239} INFO - Sync 1 DAGs
[2025-04-04T13:49:23.861+0000] {logging_mixin.py:190} INFO - [2025-04-04T13:49:23.860+0000] {dag.py:4180} INFO - Setting next_dagrun for example_sla_dag to 2025-04-04 13:46:00+00:00, run_after=2025-04-04 13:48:00+00:00
[2025-04-04T13:49:23.945+0000] {processor.py:208} INFO - Processing /home/airflow/.local/lib/python3.12/site-packages/airflow/example_dags/example_sla_dag.py took 0.443 seconds
[2025-04-04T13:49:54.150+0000] {processor.py:186} INFO - Started process (PID=1660) to work on /home/airflow/.local/lib/python3.12/site-packages/airflow/example_dags/example_sla_dag.py
[2025-04-04T13:49:54.161+0000] {processor.py:914} INFO - Processing file /home/airflow/.local/lib/python3.12/site-packages/airflow/example_dags/example_sla_dag.py for tasks to queue
[2025-04-04T13:49:54.169+0000] {logging_mixin.py:190} INFO - [2025-04-04T13:49:54.168+0000] {dagbag.py:588} INFO - Filling up the DagBag from /home/airflow/.local/lib/python3.12/site-packages/airflow/example_dags/example_sla_dag.py
[2025-04-04T13:49:54.210+0000] {processor.py:925} INFO - DAG(s) 'example_sla_dag' retrieved from /home/airflow/.local/lib/python3.12/site-packages/airflow/example_dags/example_sla_dag.py
[2025-04-04T13:49:54.272+0000] {logging_mixin.py:190} INFO - [2025-04-04T13:49:54.272+0000] {dag.py:3239} INFO - Sync 1 DAGs
[2025-04-04T13:49:54.379+0000] {logging_mixin.py:190} INFO - [2025-04-04T13:49:54.379+0000] {dag.py:4180} INFO - Setting next_dagrun for example_sla_dag to 2025-04-04 13:46:00+00:00, run_after=2025-04-04 13:48:00+00:00
[2025-04-04T13:49:54.432+0000] {processor.py:208} INFO - Processing /home/airflow/.local/lib/python3.12/site-packages/airflow/example_dags/example_sla_dag.py took 0.300 seconds
[2025-04-04T13:50:25.871+0000] {processor.py:186} INFO - Started process (PID=1728) to work on /home/airflow/.local/lib/python3.12/site-packages/airflow/example_dags/example_sla_dag.py
[2025-04-04T13:50:25.873+0000] {processor.py:914} INFO - Processing file /home/airflow/.local/lib/python3.12/site-packages/airflow/example_dags/example_sla_dag.py for tasks to queue
[2025-04-04T13:50:25.885+0000] {logging_mixin.py:190} INFO - [2025-04-04T13:50:25.880+0000] {dagbag.py:588} INFO - Filling up the DagBag from /home/airflow/.local/lib/python3.12/site-packages/airflow/example_dags/example_sla_dag.py
[2025-04-04T13:50:25.971+0000] {processor.py:925} INFO - DAG(s) 'example_sla_dag' retrieved from /home/airflow/.local/lib/python3.12/site-packages/airflow/example_dags/example_sla_dag.py
[2025-04-04T13:50:26.081+0000] {logging_mixin.py:190} INFO - [2025-04-04T13:50:26.080+0000] {dag.py:3239} INFO - Sync 1 DAGs
[2025-04-04T13:50:26.193+0000] {logging_mixin.py:190} INFO - [2025-04-04T13:50:26.192+0000] {dag.py:4180} INFO - Setting next_dagrun for example_sla_dag to 2025-04-04 13:48:00+00:00, run_after=2025-04-04 13:50:00+00:00
[2025-04-04T13:50:26.275+0000] {processor.py:208} INFO - Processing /home/airflow/.local/lib/python3.12/site-packages/airflow/example_dags/example_sla_dag.py took 0.468 seconds
[2025-04-04T13:50:56.404+0000] {processor.py:186} INFO - Started process (PID=1791) to work on /home/airflow/.local/lib/python3.12/site-packages/airflow/example_dags/example_sla_dag.py
[2025-04-04T13:50:56.407+0000] {processor.py:914} INFO - Processing file /home/airflow/.local/lib/python3.12/site-packages/airflow/example_dags/example_sla_dag.py for tasks to queue
[2025-04-04T13:50:56.411+0000] {logging_mixin.py:190} INFO - [2025-04-04T13:50:56.411+0000] {dagbag.py:588} INFO - Filling up the DagBag from /home/airflow/.local/lib/python3.12/site-packages/airflow/example_dags/example_sla_dag.py
[2025-04-04T13:50:56.438+0000] {processor.py:925} INFO - DAG(s) 'example_sla_dag' retrieved from /home/airflow/.local/lib/python3.12/site-packages/airflow/example_dags/example_sla_dag.py
[2025-04-04T13:50:56.481+0000] {logging_mixin.py:190} INFO - [2025-04-04T13:50:56.481+0000] {dag.py:3239} INFO - Sync 1 DAGs
[2025-04-04T13:50:56.562+0000] {logging_mixin.py:190} INFO - [2025-04-04T13:50:56.561+0000] {dag.py:4180} INFO - Setting next_dagrun for example_sla_dag to 2025-04-04 13:48:00+00:00, run_after=2025-04-04 13:50:00+00:00
[2025-04-04T13:50:56.603+0000] {processor.py:208} INFO - Processing /home/airflow/.local/lib/python3.12/site-packages/airflow/example_dags/example_sla_dag.py took 0.216 seconds
[2025-04-04T13:51:27.493+0000] {processor.py:186} INFO - Started process (PID=1854) to work on /home/airflow/.local/lib/python3.12/site-packages/airflow/example_dags/example_sla_dag.py
[2025-04-04T13:51:27.495+0000] {processor.py:914} INFO - Processing file /home/airflow/.local/lib/python3.12/site-packages/airflow/example_dags/example_sla_dag.py for tasks to queue
[2025-04-04T13:51:27.503+0000] {logging_mixin.py:190} INFO - [2025-04-04T13:51:27.502+0000] {dagbag.py:588} INFO - Filling up the DagBag from /home/airflow/.local/lib/python3.12/site-packages/airflow/example_dags/example_sla_dag.py
[2025-04-04T13:51:27.529+0000] {processor.py:925} INFO - DAG(s) 'example_sla_dag' retrieved from /home/airflow/.local/lib/python3.12/site-packages/airflow/example_dags/example_sla_dag.py
[2025-04-04T13:51:27.611+0000] {logging_mixin.py:190} INFO - [2025-04-04T13:51:27.611+0000] {dag.py:3239} INFO - Sync 1 DAGs
[2025-04-04T13:51:27.872+0000] {logging_mixin.py:190} INFO - [2025-04-04T13:51:27.852+0000] {dag.py:4180} INFO - Setting next_dagrun for example_sla_dag to 2025-04-04 13:48:00+00:00, run_after=2025-04-04 13:50:00+00:00
[2025-04-04T13:51:27.959+0000] {processor.py:208} INFO - Processing /home/airflow/.local/lib/python3.12/site-packages/airflow/example_dags/example_sla_dag.py took 0.483 seconds
[2025-04-04T13:51:58.979+0000] {processor.py:186} INFO - Started process (PID=1918) to work on /home/airflow/.local/lib/python3.12/site-packages/airflow/example_dags/example_sla_dag.py
[2025-04-04T13:51:58.982+0000] {processor.py:914} INFO - Processing file /home/airflow/.local/lib/python3.12/site-packages/airflow/example_dags/example_sla_dag.py for tasks to queue
[2025-04-04T13:51:58.992+0000] {logging_mixin.py:190} INFO - [2025-04-04T13:51:58.991+0000] {dagbag.py:588} INFO - Filling up the DagBag from /home/airflow/.local/lib/python3.12/site-packages/airflow/example_dags/example_sla_dag.py
[2025-04-04T13:51:59.016+0000] {processor.py:925} INFO - DAG(s) 'example_sla_dag' retrieved from /home/airflow/.local/lib/python3.12/site-packages/airflow/example_dags/example_sla_dag.py
[2025-04-04T13:51:59.071+0000] {logging_mixin.py:190} INFO - [2025-04-04T13:51:59.070+0000] {dag.py:3239} INFO - Sync 1 DAGs
[2025-04-04T13:51:59.128+0000] {logging_mixin.py:190} INFO - [2025-04-04T13:51:59.127+0000] {dag.py:4180} INFO - Setting next_dagrun for example_sla_dag to 2025-04-04 13:48:00+00:00, run_after=2025-04-04 13:50:00+00:00
[2025-04-04T13:51:59.177+0000] {processor.py:208} INFO - Processing /home/airflow/.local/lib/python3.12/site-packages/airflow/example_dags/example_sla_dag.py took 0.216 seconds
[2025-04-04T13:52:29.570+0000] {processor.py:186} INFO - Started process (PID=1981) to work on /home/airflow/.local/lib/python3.12/site-packages/airflow/example_dags/example_sla_dag.py
[2025-04-04T13:52:29.573+0000] {processor.py:914} INFO - Processing file /home/airflow/.local/lib/python3.12/site-packages/airflow/example_dags/example_sla_dag.py for tasks to queue
[2025-04-04T13:52:29.583+0000] {logging_mixin.py:190} INFO - [2025-04-04T13:52:29.582+0000] {dagbag.py:588} INFO - Filling up the DagBag from /home/airflow/.local/lib/python3.12/site-packages/airflow/example_dags/example_sla_dag.py
[2025-04-04T13:52:29.614+0000] {processor.py:925} INFO - DAG(s) 'example_sla_dag' retrieved from /home/airflow/.local/lib/python3.12/site-packages/airflow/example_dags/example_sla_dag.py
[2025-04-04T13:52:29.702+0000] {logging_mixin.py:190} INFO - [2025-04-04T13:52:29.701+0000] {dag.py:3239} INFO - Sync 1 DAGs
[2025-04-04T13:52:29.775+0000] {logging_mixin.py:190} INFO - [2025-04-04T13:52:29.775+0000] {dag.py:4180} INFO - Setting next_dagrun for example_sla_dag to 2025-04-04 13:50:00+00:00, run_after=2025-04-04 13:52:00+00:00
[2025-04-04T13:52:29.825+0000] {processor.py:208} INFO - Processing /home/airflow/.local/lib/python3.12/site-packages/airflow/example_dags/example_sla_dag.py took 0.277 seconds
[2025-04-04T13:53:00.325+0000] {processor.py:186} INFO - Started process (PID=2044) to work on /home/airflow/.local/lib/python3.12/site-packages/airflow/example_dags/example_sla_dag.py
[2025-04-04T13:53:00.328+0000] {processor.py:914} INFO - Processing file /home/airflow/.local/lib/python3.12/site-packages/airflow/example_dags/example_sla_dag.py for tasks to queue
[2025-04-04T13:53:00.332+0000] {logging_mixin.py:190} INFO - [2025-04-04T13:53:00.332+0000] {dagbag.py:588} INFO - Filling up the DagBag from /home/airflow/.local/lib/python3.12/site-packages/airflow/example_dags/example_sla_dag.py
[2025-04-04T13:53:00.355+0000] {processor.py:925} INFO - DAG(s) 'example_sla_dag' retrieved from /home/airflow/.local/lib/python3.12/site-packages/airflow/example_dags/example_sla_dag.py
[2025-04-04T13:53:00.408+0000] {logging_mixin.py:190} INFO - [2025-04-04T13:53:00.407+0000] {dag.py:3239} INFO - Sync 1 DAGs
[2025-04-04T13:53:00.480+0000] {logging_mixin.py:190} INFO - [2025-04-04T13:53:00.479+0000] {dag.py:4180} INFO - Setting next_dagrun for example_sla_dag to 2025-04-04 13:50:00+00:00, run_after=2025-04-04 13:52:00+00:00
[2025-04-04T13:53:00.536+0000] {processor.py:208} INFO - Processing /home/airflow/.local/lib/python3.12/site-packages/airflow/example_dags/example_sla_dag.py took 0.226 seconds
[2025-04-04T13:53:32.249+0000] {processor.py:186} INFO - Started process (PID=2108) to work on /home/airflow/.local/lib/python3.12/site-packages/airflow/example_dags/example_sla_dag.py
[2025-04-04T13:53:32.253+0000] {processor.py:914} INFO - Processing file /home/airflow/.local/lib/python3.12/site-packages/airflow/example_dags/example_sla_dag.py for tasks to queue
[2025-04-04T13:53:32.259+0000] {logging_mixin.py:190} INFO - [2025-04-04T13:53:32.259+0000] {dagbag.py:588} INFO - Filling up the DagBag from /home/airflow/.local/lib/python3.12/site-packages/airflow/example_dags/example_sla_dag.py
[2025-04-04T13:53:32.286+0000] {processor.py:925} INFO - DAG(s) 'example_sla_dag' retrieved from /home/airflow/.local/lib/python3.12/site-packages/airflow/example_dags/example_sla_dag.py
[2025-04-04T13:53:32.327+0000] {logging_mixin.py:190} INFO - [2025-04-04T13:53:32.327+0000] {dag.py:3239} INFO - Sync 1 DAGs
[2025-04-04T13:53:32.398+0000] {logging_mixin.py:190} INFO - [2025-04-04T13:53:32.398+0000] {dag.py:4180} INFO - Setting next_dagrun for example_sla_dag to 2025-04-04 13:50:00+00:00, run_after=2025-04-04 13:52:00+00:00
[2025-04-04T13:53:32.441+0000] {processor.py:208} INFO - Processing /home/airflow/.local/lib/python3.12/site-packages/airflow/example_dags/example_sla_dag.py took 0.209 seconds
[2025-04-04T13:54:03.841+0000] {processor.py:186} INFO - Started process (PID=2171) to work on /home/airflow/.local/lib/python3.12/site-packages/airflow/example_dags/example_sla_dag.py
[2025-04-04T13:54:03.843+0000] {processor.py:914} INFO - Processing file /home/airflow/.local/lib/python3.12/site-packages/airflow/example_dags/example_sla_dag.py for tasks to queue
[2025-04-04T13:54:03.847+0000] {logging_mixin.py:190} INFO - [2025-04-04T13:54:03.846+0000] {dagbag.py:588} INFO - Filling up the DagBag from /home/airflow/.local/lib/python3.12/site-packages/airflow/example_dags/example_sla_dag.py
[2025-04-04T13:54:03.875+0000] {processor.py:925} INFO - DAG(s) 'example_sla_dag' retrieved from /home/airflow/.local/lib/python3.12/site-packages/airflow/example_dags/example_sla_dag.py
[2025-04-04T13:54:03.931+0000] {logging_mixin.py:190} INFO - [2025-04-04T13:54:03.931+0000] {dag.py:3239} INFO - Sync 1 DAGs
[2025-04-04T13:54:04.011+0000] {logging_mixin.py:190} INFO - [2025-04-04T13:54:04.010+0000] {dag.py:4180} INFO - Setting next_dagrun for example_sla_dag to 2025-04-04 13:52:00+00:00, run_after=2025-04-04 13:54:00+00:00
[2025-04-04T13:54:04.075+0000] {processor.py:208} INFO - Processing /home/airflow/.local/lib/python3.12/site-packages/airflow/example_dags/example_sla_dag.py took 0.246 seconds
[2025-04-04T13:54:35.677+0000] {processor.py:186} INFO - Started process (PID=2235) to work on /home/airflow/.local/lib/python3.12/site-packages/airflow/example_dags/example_sla_dag.py
[2025-04-04T13:54:35.699+0000] {processor.py:914} INFO - Processing file /home/airflow/.local/lib/python3.12/site-packages/airflow/example_dags/example_sla_dag.py for tasks to queue
[2025-04-04T13:54:35.726+0000] {logging_mixin.py:190} INFO - [2025-04-04T13:54:35.724+0000] {dagbag.py:588} INFO - Filling up the DagBag from /home/airflow/.local/lib/python3.12/site-packages/airflow/example_dags/example_sla_dag.py
[2025-04-04T13:54:35.766+0000] {processor.py:925} INFO - DAG(s) 'example_sla_dag' retrieved from /home/airflow/.local/lib/python3.12/site-packages/airflow/example_dags/example_sla_dag.py
[2025-04-04T13:54:35.815+0000] {logging_mixin.py:190} INFO - [2025-04-04T13:54:35.814+0000] {dag.py:3239} INFO - Sync 1 DAGs
[2025-04-04T13:54:35.895+0000] {logging_mixin.py:190} INFO - [2025-04-04T13:54:35.894+0000] {dag.py:4180} INFO - Setting next_dagrun for example_sla_dag to 2025-04-04 13:52:00+00:00, run_after=2025-04-04 13:54:00+00:00
[2025-04-04T13:54:35.948+0000] {processor.py:208} INFO - Processing /home/airflow/.local/lib/python3.12/site-packages/airflow/example_dags/example_sla_dag.py took 0.335 seconds
[2025-04-04T13:55:07.211+0000] {processor.py:186} INFO - Started process (PID=2298) to work on /home/airflow/.local/lib/python3.12/site-packages/airflow/example_dags/example_sla_dag.py
[2025-04-04T13:55:07.252+0000] {processor.py:914} INFO - Processing file /home/airflow/.local/lib/python3.12/site-packages/airflow/example_dags/example_sla_dag.py for tasks to queue
[2025-04-04T13:55:07.272+0000] {logging_mixin.py:190} INFO - [2025-04-04T13:55:07.271+0000] {dagbag.py:588} INFO - Filling up the DagBag from /home/airflow/.local/lib/python3.12/site-packages/airflow/example_dags/example_sla_dag.py
[2025-04-04T13:55:07.332+0000] {processor.py:925} INFO - DAG(s) 'example_sla_dag' retrieved from /home/airflow/.local/lib/python3.12/site-packages/airflow/example_dags/example_sla_dag.py
[2025-04-04T13:55:07.442+0000] {logging_mixin.py:190} INFO - [2025-04-04T13:55:07.441+0000] {dag.py:3239} INFO - Sync 1 DAGs
[2025-04-04T13:55:07.535+0000] {logging_mixin.py:190} INFO - [2025-04-04T13:55:07.534+0000] {dag.py:4180} INFO - Setting next_dagrun for example_sla_dag to 2025-04-04 13:52:00+00:00, run_after=2025-04-04 13:54:00+00:00
[2025-04-04T13:55:07.586+0000] {processor.py:208} INFO - Processing /home/airflow/.local/lib/python3.12/site-packages/airflow/example_dags/example_sla_dag.py took 0.398 seconds
[2025-04-04T13:55:37.861+0000] {processor.py:186} INFO - Started process (PID=2359) to work on /home/airflow/.local/lib/python3.12/site-packages/airflow/example_dags/example_sla_dag.py
[2025-04-04T13:55:37.863+0000] {processor.py:914} INFO - Processing file /home/airflow/.local/lib/python3.12/site-packages/airflow/example_dags/example_sla_dag.py for tasks to queue
[2025-04-04T13:55:37.867+0000] {logging_mixin.py:190} INFO - [2025-04-04T13:55:37.866+0000] {dagbag.py:588} INFO - Filling up the DagBag from /home/airflow/.local/lib/python3.12/site-packages/airflow/example_dags/example_sla_dag.py
[2025-04-04T13:55:37.887+0000] {processor.py:925} INFO - DAG(s) 'example_sla_dag' retrieved from /home/airflow/.local/lib/python3.12/site-packages/airflow/example_dags/example_sla_dag.py
[2025-04-04T13:55:37.922+0000] {logging_mixin.py:190} INFO - [2025-04-04T13:55:37.922+0000] {dag.py:3239} INFO - Sync 1 DAGs
[2025-04-04T13:55:37.979+0000] {logging_mixin.py:190} INFO - [2025-04-04T13:55:37.979+0000] {dag.py:4180} INFO - Setting next_dagrun for example_sla_dag to 2025-04-04 13:52:00+00:00, run_after=2025-04-04 13:54:00+00:00
[2025-04-04T13:55:38.017+0000] {processor.py:208} INFO - Processing /home/airflow/.local/lib/python3.12/site-packages/airflow/example_dags/example_sla_dag.py took 0.167 seconds
[2025-04-04T13:56:10.241+0000] {processor.py:186} INFO - Started process (PID=2423) to work on /home/airflow/.local/lib/python3.12/site-packages/airflow/example_dags/example_sla_dag.py
[2025-04-04T13:56:10.243+0000] {processor.py:914} INFO - Processing file /home/airflow/.local/lib/python3.12/site-packages/airflow/example_dags/example_sla_dag.py for tasks to queue
[2025-04-04T13:56:10.248+0000] {logging_mixin.py:190} INFO - [2025-04-04T13:56:10.247+0000] {dagbag.py:588} INFO - Filling up the DagBag from /home/airflow/.local/lib/python3.12/site-packages/airflow/example_dags/example_sla_dag.py
[2025-04-04T13:56:10.275+0000] {processor.py:925} INFO - DAG(s) 'example_sla_dag' retrieved from /home/airflow/.local/lib/python3.12/site-packages/airflow/example_dags/example_sla_dag.py
[2025-04-04T13:56:10.309+0000] {logging_mixin.py:190} INFO - [2025-04-04T13:56:10.308+0000] {dag.py:3239} INFO - Sync 1 DAGs
[2025-04-04T13:56:10.356+0000] {logging_mixin.py:190} INFO - [2025-04-04T13:56:10.356+0000] {dag.py:4180} INFO - Setting next_dagrun for example_sla_dag to 2025-04-04 13:54:00+00:00, run_after=2025-04-04 13:56:00+00:00
[2025-04-04T13:56:10.392+0000] {processor.py:208} INFO - Processing /home/airflow/.local/lib/python3.12/site-packages/airflow/example_dags/example_sla_dag.py took 0.165 seconds
[2025-04-04T13:56:40.902+0000] {processor.py:186} INFO - Started process (PID=2485) to work on /home/airflow/.local/lib/python3.12/site-packages/airflow/example_dags/example_sla_dag.py
[2025-04-04T13:56:40.903+0000] {processor.py:914} INFO - Processing file /home/airflow/.local/lib/python3.12/site-packages/airflow/example_dags/example_sla_dag.py for tasks to queue
[2025-04-04T13:56:40.907+0000] {logging_mixin.py:190} INFO - [2025-04-04T13:56:40.907+0000] {dagbag.py:588} INFO - Filling up the DagBag from /home/airflow/.local/lib/python3.12/site-packages/airflow/example_dags/example_sla_dag.py
[2025-04-04T13:56:40.928+0000] {processor.py:925} INFO - DAG(s) 'example_sla_dag' retrieved from /home/airflow/.local/lib/python3.12/site-packages/airflow/example_dags/example_sla_dag.py
[2025-04-04T13:56:40.966+0000] {logging_mixin.py:190} INFO - [2025-04-04T13:56:40.966+0000] {dag.py:3239} INFO - Sync 1 DAGs
[2025-04-04T13:56:41.011+0000] {logging_mixin.py:190} INFO - [2025-04-04T13:56:41.011+0000] {dag.py:4180} INFO - Setting next_dagrun for example_sla_dag to 2025-04-04 13:54:00+00:00, run_after=2025-04-04 13:56:00+00:00
[2025-04-04T13:56:41.043+0000] {processor.py:208} INFO - Processing /home/airflow/.local/lib/python3.12/site-packages/airflow/example_dags/example_sla_dag.py took 0.153 seconds
[2025-04-04T13:57:12.386+0000] {processor.py:186} INFO - Started process (PID=2549) to work on /home/airflow/.local/lib/python3.12/site-packages/airflow/example_dags/example_sla_dag.py
[2025-04-04T13:57:12.387+0000] {processor.py:914} INFO - Processing file /home/airflow/.local/lib/python3.12/site-packages/airflow/example_dags/example_sla_dag.py for tasks to queue
[2025-04-04T13:57:12.391+0000] {logging_mixin.py:190} INFO - [2025-04-04T13:57:12.391+0000] {dagbag.py:588} INFO - Filling up the DagBag from /home/airflow/.local/lib/python3.12/site-packages/airflow/example_dags/example_sla_dag.py
[2025-04-04T13:57:12.407+0000] {processor.py:925} INFO - DAG(s) 'example_sla_dag' retrieved from /home/airflow/.local/lib/python3.12/site-packages/airflow/example_dags/example_sla_dag.py
[2025-04-04T13:57:12.437+0000] {logging_mixin.py:190} INFO - [2025-04-04T13:57:12.437+0000] {dag.py:3239} INFO - Sync 1 DAGs
[2025-04-04T13:57:12.484+0000] {logging_mixin.py:190} INFO - [2025-04-04T13:57:12.484+0000] {dag.py:4180} INFO - Setting next_dagrun for example_sla_dag to 2025-04-04 13:54:00+00:00, run_after=2025-04-04 13:56:00+00:00
[2025-04-04T13:57:12.517+0000] {processor.py:208} INFO - Processing /home/airflow/.local/lib/python3.12/site-packages/airflow/example_dags/example_sla_dag.py took 0.140 seconds
[2025-04-04T13:57:46.706+0000] {processor.py:186} INFO - Started process (PID=2613) to work on /home/airflow/.local/lib/python3.12/site-packages/airflow/example_dags/example_sla_dag.py
[2025-04-04T13:57:46.711+0000] {processor.py:914} INFO - Processing file /home/airflow/.local/lib/python3.12/site-packages/airflow/example_dags/example_sla_dag.py for tasks to queue
[2025-04-04T13:57:46.718+0000] {logging_mixin.py:190} INFO - [2025-04-04T13:57:46.717+0000] {dagbag.py:588} INFO - Filling up the DagBag from /home/airflow/.local/lib/python3.12/site-packages/airflow/example_dags/example_sla_dag.py
[2025-04-04T13:57:46.756+0000] {processor.py:925} INFO - DAG(s) 'example_sla_dag' retrieved from /home/airflow/.local/lib/python3.12/site-packages/airflow/example_dags/example_sla_dag.py
[2025-04-04T13:57:46.838+0000] {logging_mixin.py:190} INFO - [2025-04-04T13:57:46.837+0000] {dag.py:3239} INFO - Sync 1 DAGs
[2025-04-04T13:57:46.926+0000] {logging_mixin.py:190} INFO - [2025-04-04T13:57:46.925+0000] {dag.py:4180} INFO - Setting next_dagrun for example_sla_dag to 2025-04-04 13:54:00+00:00, run_after=2025-04-04 13:56:00+00:00
[2025-04-04T13:57:46.975+0000] {processor.py:208} INFO - Processing /home/airflow/.local/lib/python3.12/site-packages/airflow/example_dags/example_sla_dag.py took 0.291 seconds
[2025-04-04T13:58:18.367+0000] {processor.py:186} INFO - Started process (PID=2676) to work on /home/airflow/.local/lib/python3.12/site-packages/airflow/example_dags/example_sla_dag.py
[2025-04-04T13:58:18.369+0000] {processor.py:914} INFO - Processing file /home/airflow/.local/lib/python3.12/site-packages/airflow/example_dags/example_sla_dag.py for tasks to queue
[2025-04-04T13:58:18.379+0000] {logging_mixin.py:190} INFO - [2025-04-04T13:58:18.377+0000] {dagbag.py:588} INFO - Filling up the DagBag from /home/airflow/.local/lib/python3.12/site-packages/airflow/example_dags/example_sla_dag.py
[2025-04-04T13:58:18.409+0000] {processor.py:925} INFO - DAG(s) 'example_sla_dag' retrieved from /home/airflow/.local/lib/python3.12/site-packages/airflow/example_dags/example_sla_dag.py
[2025-04-04T13:58:18.470+0000] {logging_mixin.py:190} INFO - [2025-04-04T13:58:18.469+0000] {dag.py:3239} INFO - Sync 1 DAGs
[2025-04-04T13:58:18.581+0000] {logging_mixin.py:190} INFO - [2025-04-04T13:58:18.581+0000] {dag.py:4180} INFO - Setting next_dagrun for example_sla_dag to 2025-04-04 13:56:00+00:00, run_after=2025-04-04 13:58:00+00:00
[2025-04-04T13:58:18.649+0000] {processor.py:208} INFO - Processing /home/airflow/.local/lib/python3.12/site-packages/airflow/example_dags/example_sla_dag.py took 0.299 seconds
[2025-04-04T13:58:54.061+0000] {processor.py:186} INFO - Started process (PID=2739) to work on /home/airflow/.local/lib/python3.12/site-packages/airflow/example_dags/example_sla_dag.py
[2025-04-04T13:58:54.063+0000] {processor.py:914} INFO - Processing file /home/airflow/.local/lib/python3.12/site-packages/airflow/example_dags/example_sla_dag.py for tasks to queue
[2025-04-04T13:58:54.069+0000] {logging_mixin.py:190} INFO - [2025-04-04T13:58:54.068+0000] {dagbag.py:588} INFO - Filling up the DagBag from /home/airflow/.local/lib/python3.12/site-packages/airflow/example_dags/example_sla_dag.py
[2025-04-04T13:58:54.103+0000] {processor.py:925} INFO - DAG(s) 'example_sla_dag' retrieved from /home/airflow/.local/lib/python3.12/site-packages/airflow/example_dags/example_sla_dag.py
[2025-04-04T13:58:54.192+0000] {logging_mixin.py:190} INFO - [2025-04-04T13:58:54.192+0000] {dag.py:3239} INFO - Sync 1 DAGs
[2025-04-04T13:58:54.407+0000] {logging_mixin.py:190} INFO - [2025-04-04T13:58:54.407+0000] {dag.py:4180} INFO - Setting next_dagrun for example_sla_dag to 2025-04-04 13:56:00+00:00, run_after=2025-04-04 13:58:00+00:00
[2025-04-04T13:58:54.529+0000] {processor.py:208} INFO - Processing /home/airflow/.local/lib/python3.12/site-packages/airflow/example_dags/example_sla_dag.py took 0.486 seconds
