[2025-04-04T13:36:43.800+0000] {processor.py:186} INFO - Started process (PID=99) to work on /home/airflow/.local/lib/python3.12/site-packages/airflow/example_dags/example_sensors.py
[2025-04-04T13:36:43.801+0000] {processor.py:914} INFO - Processing file /home/airflow/.local/lib/python3.12/site-packages/airflow/example_dags/example_sensors.py for tasks to queue
[2025-04-04T13:36:43.805+0000] {logging_mixin.py:190} INFO - [2025-04-04T13:36:43.804+0000] {dagbag.py:588} INFO - Filling up the DagBag from /home/airflow/.local/lib/python3.12/site-packages/airflow/example_dags/example_sensors.py
[2025-04-04T13:36:43.835+0000] {processor.py:925} INFO - DAG(s) 'example_sensors' retrieved from /home/airflow/.local/lib/python3.12/site-packages/airflow/example_dags/example_sensors.py
[2025-04-04T13:36:44.324+0000] {logging_mixin.py:190} INFO - [2025-04-04T13:36:44.322+0000] {override.py:1912} INFO - Created Permission View: can edit on DAG:example_sensors
[2025-04-04T13:36:44.353+0000] {logging_mixin.py:190} INFO - [2025-04-04T13:36:44.352+0000] {override.py:1912} INFO - Created Permission View: can delete on DAG:example_sensors
[2025-04-04T13:36:44.371+0000] {logging_mixin.py:190} INFO - [2025-04-04T13:36:44.370+0000] {override.py:1912} INFO - Created Permission View: can read on DAG:example_sensors
[2025-04-04T13:36:44.397+0000] {logging_mixin.py:190} INFO - [2025-04-04T13:36:44.396+0000] {override.py:1912} INFO - Created Permission View: can delete on DAG Run:example_sensors
[2025-04-04T13:36:44.430+0000] {logging_mixin.py:190} INFO - [2025-04-04T13:36:44.430+0000] {override.py:1912} INFO - Created Permission View: can read on DAG Run:example_sensors
[2025-04-04T13:36:44.455+0000] {logging_mixin.py:190} INFO - [2025-04-04T13:36:44.454+0000] {override.py:1912} INFO - Created Permission View: can create on DAG Run:example_sensors
[2025-04-04T13:36:44.472+0000] {logging_mixin.py:190} INFO - [2025-04-04T13:36:44.472+0000] {override.py:1912} INFO - Created Permission View: menu access on DAG Run:example_sensors
[2025-04-04T13:36:44.474+0000] {logging_mixin.py:190} INFO - [2025-04-04T13:36:44.474+0000] {dag.py:3239} INFO - Sync 1 DAGs
[2025-04-04T13:36:44.547+0000] {logging_mixin.py:190} INFO - [2025-04-04T13:36:44.546+0000] {dag.py:3262} INFO - Creating ORM DAG for example_sensors
[2025-04-04T13:36:44.552+0000] {logging_mixin.py:190} INFO - [2025-04-04T13:36:44.551+0000] {dag.py:4180} INFO - Setting next_dagrun for example_sensors to None, run_after=None
[2025-04-04T13:36:44.638+0000] {processor.py:208} INFO - Processing /home/airflow/.local/lib/python3.12/site-packages/airflow/example_dags/example_sensors.py took 0.851 seconds
[2025-04-04T13:37:16.030+0000] {processor.py:186} INFO - Started process (PID=162) to work on /home/airflow/.local/lib/python3.12/site-packages/airflow/example_dags/example_sensors.py
[2025-04-04T13:37:16.031+0000] {processor.py:914} INFO - Processing file /home/airflow/.local/lib/python3.12/site-packages/airflow/example_dags/example_sensors.py for tasks to queue
[2025-04-04T13:37:16.035+0000] {logging_mixin.py:190} INFO - [2025-04-04T13:37:16.034+0000] {dagbag.py:588} INFO - Filling up the DagBag from /home/airflow/.local/lib/python3.12/site-packages/airflow/example_dags/example_sensors.py
[2025-04-04T13:37:16.058+0000] {processor.py:925} INFO - DAG(s) 'example_sensors' retrieved from /home/airflow/.local/lib/python3.12/site-packages/airflow/example_dags/example_sensors.py
[2025-04-04T13:37:16.101+0000] {logging_mixin.py:190} INFO - [2025-04-04T13:37:16.100+0000] {dag.py:3239} INFO - Sync 1 DAGs
[2025-04-04T13:37:16.133+0000] {logging_mixin.py:190} INFO - [2025-04-04T13:37:16.133+0000] {dag.py:4180} INFO - Setting next_dagrun for example_sensors to None, run_after=None
[2025-04-04T13:37:16.166+0000] {processor.py:208} INFO - Processing /home/airflow/.local/lib/python3.12/site-packages/airflow/example_dags/example_sensors.py took 0.146 seconds
[2025-04-04T13:37:47.257+0000] {processor.py:186} INFO - Started process (PID=224) to work on /home/airflow/.local/lib/python3.12/site-packages/airflow/example_dags/example_sensors.py
[2025-04-04T13:37:47.259+0000] {processor.py:914} INFO - Processing file /home/airflow/.local/lib/python3.12/site-packages/airflow/example_dags/example_sensors.py for tasks to queue
[2025-04-04T13:37:47.263+0000] {logging_mixin.py:190} INFO - [2025-04-04T13:37:47.262+0000] {dagbag.py:588} INFO - Filling up the DagBag from /home/airflow/.local/lib/python3.12/site-packages/airflow/example_dags/example_sensors.py
[2025-04-04T13:37:47.291+0000] {processor.py:925} INFO - DAG(s) 'example_sensors' retrieved from /home/airflow/.local/lib/python3.12/site-packages/airflow/example_dags/example_sensors.py
[2025-04-04T13:37:47.341+0000] {logging_mixin.py:190} INFO - [2025-04-04T13:37:47.341+0000] {dag.py:3239} INFO - Sync 1 DAGs
[2025-04-04T13:37:47.373+0000] {logging_mixin.py:190} INFO - [2025-04-04T13:37:47.373+0000] {dag.py:4180} INFO - Setting next_dagrun for example_sensors to None, run_after=None
[2025-04-04T13:37:47.425+0000] {processor.py:208} INFO - Processing /home/airflow/.local/lib/python3.12/site-packages/airflow/example_dags/example_sensors.py took 0.183 seconds
[2025-04-04T13:38:22.670+0000] {processor.py:186} INFO - Started process (PID=294) to work on /home/airflow/.local/lib/python3.12/site-packages/airflow/example_dags/example_sensors.py
[2025-04-04T13:38:22.672+0000] {processor.py:914} INFO - Processing file /home/airflow/.local/lib/python3.12/site-packages/airflow/example_dags/example_sensors.py for tasks to queue
[2025-04-04T13:38:22.678+0000] {logging_mixin.py:190} INFO - [2025-04-04T13:38:22.677+0000] {dagbag.py:588} INFO - Filling up the DagBag from /home/airflow/.local/lib/python3.12/site-packages/airflow/example_dags/example_sensors.py
[2025-04-04T13:38:22.707+0000] {processor.py:925} INFO - DAG(s) 'example_sensors' retrieved from /home/airflow/.local/lib/python3.12/site-packages/airflow/example_dags/example_sensors.py
[2025-04-04T13:38:22.778+0000] {logging_mixin.py:190} INFO - [2025-04-04T13:38:22.778+0000] {dag.py:3239} INFO - Sync 1 DAGs
[2025-04-04T13:38:22.820+0000] {logging_mixin.py:190} INFO - [2025-04-04T13:38:22.819+0000] {dag.py:4180} INFO - Setting next_dagrun for example_sensors to None, run_after=None
[2025-04-04T13:38:22.902+0000] {processor.py:208} INFO - Processing /home/airflow/.local/lib/python3.12/site-packages/airflow/example_dags/example_sensors.py took 0.253 seconds
[2025-04-04T13:38:53.942+0000] {processor.py:186} INFO - Started process (PID=356) to work on /home/airflow/.local/lib/python3.12/site-packages/airflow/example_dags/example_sensors.py
[2025-04-04T13:38:53.946+0000] {processor.py:914} INFO - Processing file /home/airflow/.local/lib/python3.12/site-packages/airflow/example_dags/example_sensors.py for tasks to queue
[2025-04-04T13:38:53.953+0000] {logging_mixin.py:190} INFO - [2025-04-04T13:38:53.952+0000] {dagbag.py:588} INFO - Filling up the DagBag from /home/airflow/.local/lib/python3.12/site-packages/airflow/example_dags/example_sensors.py
[2025-04-04T13:38:53.993+0000] {processor.py:925} INFO - DAG(s) 'example_sensors' retrieved from /home/airflow/.local/lib/python3.12/site-packages/airflow/example_dags/example_sensors.py
[2025-04-04T13:38:54.189+0000] {logging_mixin.py:190} INFO - [2025-04-04T13:38:54.189+0000] {dag.py:3239} INFO - Sync 1 DAGs
[2025-04-04T13:38:54.370+0000] {logging_mixin.py:190} INFO - [2025-04-04T13:38:54.363+0000] {dag.py:4180} INFO - Setting next_dagrun for example_sensors to None, run_after=None
[2025-04-04T13:38:54.524+0000] {processor.py:208} INFO - Processing /home/airflow/.local/lib/python3.12/site-packages/airflow/example_dags/example_sensors.py took 0.604 seconds
[2025-04-04T13:39:27.221+0000] {processor.py:186} INFO - Started process (PID=419) to work on /home/airflow/.local/lib/python3.12/site-packages/airflow/example_dags/example_sensors.py
[2025-04-04T13:39:27.227+0000] {processor.py:914} INFO - Processing file /home/airflow/.local/lib/python3.12/site-packages/airflow/example_dags/example_sensors.py for tasks to queue
[2025-04-04T13:39:27.238+0000] {logging_mixin.py:190} INFO - [2025-04-04T13:39:27.236+0000] {dagbag.py:588} INFO - Filling up the DagBag from /home/airflow/.local/lib/python3.12/site-packages/airflow/example_dags/example_sensors.py
[2025-04-04T13:39:27.270+0000] {processor.py:925} INFO - DAG(s) 'example_sensors' retrieved from /home/airflow/.local/lib/python3.12/site-packages/airflow/example_dags/example_sensors.py
[2025-04-04T13:39:27.390+0000] {logging_mixin.py:190} INFO - [2025-04-04T13:39:27.388+0000] {dag.py:3239} INFO - Sync 1 DAGs
[2025-04-04T13:39:27.444+0000] {logging_mixin.py:190} INFO - [2025-04-04T13:39:27.444+0000] {dag.py:4180} INFO - Setting next_dagrun for example_sensors to None, run_after=None
[2025-04-04T13:39:27.517+0000] {processor.py:208} INFO - Processing /home/airflow/.local/lib/python3.12/site-packages/airflow/example_dags/example_sensors.py took 0.325 seconds
[2025-04-04T13:39:58.736+0000] {processor.py:186} INFO - Started process (PID=483) to work on /home/airflow/.local/lib/python3.12/site-packages/airflow/example_dags/example_sensors.py
[2025-04-04T13:39:58.738+0000] {processor.py:914} INFO - Processing file /home/airflow/.local/lib/python3.12/site-packages/airflow/example_dags/example_sensors.py for tasks to queue
[2025-04-04T13:39:58.744+0000] {logging_mixin.py:190} INFO - [2025-04-04T13:39:58.743+0000] {dagbag.py:588} INFO - Filling up the DagBag from /home/airflow/.local/lib/python3.12/site-packages/airflow/example_dags/example_sensors.py
[2025-04-04T13:39:58.770+0000] {processor.py:925} INFO - DAG(s) 'example_sensors' retrieved from /home/airflow/.local/lib/python3.12/site-packages/airflow/example_dags/example_sensors.py
[2025-04-04T13:39:58.824+0000] {logging_mixin.py:190} INFO - [2025-04-04T13:39:58.823+0000] {dag.py:3239} INFO - Sync 1 DAGs
[2025-04-04T13:39:58.856+0000] {logging_mixin.py:190} INFO - [2025-04-04T13:39:58.855+0000] {dag.py:4180} INFO - Setting next_dagrun for example_sensors to None, run_after=None
[2025-04-04T13:39:58.906+0000] {processor.py:208} INFO - Processing /home/airflow/.local/lib/python3.12/site-packages/airflow/example_dags/example_sensors.py took 0.187 seconds
[2025-04-04T13:40:30.884+0000] {processor.py:186} INFO - Started process (PID=546) to work on /home/airflow/.local/lib/python3.12/site-packages/airflow/example_dags/example_sensors.py
[2025-04-04T13:40:30.886+0000] {processor.py:914} INFO - Processing file /home/airflow/.local/lib/python3.12/site-packages/airflow/example_dags/example_sensors.py for tasks to queue
[2025-04-04T13:40:30.890+0000] {logging_mixin.py:190} INFO - [2025-04-04T13:40:30.890+0000] {dagbag.py:588} INFO - Filling up the DagBag from /home/airflow/.local/lib/python3.12/site-packages/airflow/example_dags/example_sensors.py
[2025-04-04T13:40:30.913+0000] {processor.py:925} INFO - DAG(s) 'example_sensors' retrieved from /home/airflow/.local/lib/python3.12/site-packages/airflow/example_dags/example_sensors.py
[2025-04-04T13:40:30.974+0000] {logging_mixin.py:190} INFO - [2025-04-04T13:40:30.974+0000] {dag.py:3239} INFO - Sync 1 DAGs
[2025-04-04T13:40:31.005+0000] {logging_mixin.py:190} INFO - [2025-04-04T13:40:31.005+0000] {dag.py:4180} INFO - Setting next_dagrun for example_sensors to None, run_after=None
[2025-04-04T13:40:31.043+0000] {processor.py:208} INFO - Processing /home/airflow/.local/lib/python3.12/site-packages/airflow/example_dags/example_sensors.py took 0.170 seconds
[2025-04-04T13:41:03.011+0000] {processor.py:186} INFO - Started process (PID=609) to work on /home/airflow/.local/lib/python3.12/site-packages/airflow/example_dags/example_sensors.py
[2025-04-04T13:41:03.013+0000] {processor.py:914} INFO - Processing file /home/airflow/.local/lib/python3.12/site-packages/airflow/example_dags/example_sensors.py for tasks to queue
[2025-04-04T13:41:03.016+0000] {logging_mixin.py:190} INFO - [2025-04-04T13:41:03.016+0000] {dagbag.py:588} INFO - Filling up the DagBag from /home/airflow/.local/lib/python3.12/site-packages/airflow/example_dags/example_sensors.py
[2025-04-04T13:41:03.039+0000] {processor.py:925} INFO - DAG(s) 'example_sensors' retrieved from /home/airflow/.local/lib/python3.12/site-packages/airflow/example_dags/example_sensors.py
[2025-04-04T13:41:03.099+0000] {logging_mixin.py:190} INFO - [2025-04-04T13:41:03.098+0000] {dag.py:3239} INFO - Sync 1 DAGs
[2025-04-04T13:41:03.149+0000] {logging_mixin.py:190} INFO - [2025-04-04T13:41:03.148+0000] {dag.py:4180} INFO - Setting next_dagrun for example_sensors to None, run_after=None
[2025-04-04T13:41:03.197+0000] {processor.py:208} INFO - Processing /home/airflow/.local/lib/python3.12/site-packages/airflow/example_dags/example_sensors.py took 0.195 seconds
[2025-04-04T13:41:35.427+0000] {processor.py:186} INFO - Started process (PID=672) to work on /home/airflow/.local/lib/python3.12/site-packages/airflow/example_dags/example_sensors.py
[2025-04-04T13:41:35.429+0000] {processor.py:914} INFO - Processing file /home/airflow/.local/lib/python3.12/site-packages/airflow/example_dags/example_sensors.py for tasks to queue
[2025-04-04T13:41:35.433+0000] {logging_mixin.py:190} INFO - [2025-04-04T13:41:35.433+0000] {dagbag.py:588} INFO - Filling up the DagBag from /home/airflow/.local/lib/python3.12/site-packages/airflow/example_dags/example_sensors.py
[2025-04-04T13:41:35.465+0000] {processor.py:925} INFO - DAG(s) 'example_sensors' retrieved from /home/airflow/.local/lib/python3.12/site-packages/airflow/example_dags/example_sensors.py
[2025-04-04T13:41:35.554+0000] {logging_mixin.py:190} INFO - [2025-04-04T13:41:35.553+0000] {dag.py:3239} INFO - Sync 1 DAGs
[2025-04-04T13:41:35.590+0000] {logging_mixin.py:190} INFO - [2025-04-04T13:41:35.590+0000] {dag.py:4180} INFO - Setting next_dagrun for example_sensors to None, run_after=None
[2025-04-04T13:41:35.624+0000] {processor.py:208} INFO - Processing /home/airflow/.local/lib/python3.12/site-packages/airflow/example_dags/example_sensors.py took 0.208 seconds
[2025-04-04T13:42:06.963+0000] {processor.py:186} INFO - Started process (PID=734) to work on /home/airflow/.local/lib/python3.12/site-packages/airflow/example_dags/example_sensors.py
[2025-04-04T13:42:06.966+0000] {processor.py:914} INFO - Processing file /home/airflow/.local/lib/python3.12/site-packages/airflow/example_dags/example_sensors.py for tasks to queue
[2025-04-04T13:42:06.971+0000] {logging_mixin.py:190} INFO - [2025-04-04T13:42:06.970+0000] {dagbag.py:588} INFO - Filling up the DagBag from /home/airflow/.local/lib/python3.12/site-packages/airflow/example_dags/example_sensors.py
[2025-04-04T13:42:06.993+0000] {processor.py:925} INFO - DAG(s) 'example_sensors' retrieved from /home/airflow/.local/lib/python3.12/site-packages/airflow/example_dags/example_sensors.py
[2025-04-04T13:42:07.055+0000] {logging_mixin.py:190} INFO - [2025-04-04T13:42:07.055+0000] {dag.py:3239} INFO - Sync 1 DAGs
[2025-04-04T13:42:07.091+0000] {logging_mixin.py:190} INFO - [2025-04-04T13:42:07.090+0000] {dag.py:4180} INFO - Setting next_dagrun for example_sensors to None, run_after=None
[2025-04-04T13:42:07.143+0000] {processor.py:208} INFO - Processing /home/airflow/.local/lib/python3.12/site-packages/airflow/example_dags/example_sensors.py took 0.193 seconds
[2025-04-04T13:42:39.072+0000] {processor.py:186} INFO - Started process (PID=797) to work on /home/airflow/.local/lib/python3.12/site-packages/airflow/example_dags/example_sensors.py
[2025-04-04T13:42:39.076+0000] {processor.py:914} INFO - Processing file /home/airflow/.local/lib/python3.12/site-packages/airflow/example_dags/example_sensors.py for tasks to queue
[2025-04-04T13:42:39.082+0000] {logging_mixin.py:190} INFO - [2025-04-04T13:42:39.081+0000] {dagbag.py:588} INFO - Filling up the DagBag from /home/airflow/.local/lib/python3.12/site-packages/airflow/example_dags/example_sensors.py
[2025-04-04T13:42:39.110+0000] {processor.py:925} INFO - DAG(s) 'example_sensors' retrieved from /home/airflow/.local/lib/python3.12/site-packages/airflow/example_dags/example_sensors.py
[2025-04-04T13:42:39.189+0000] {logging_mixin.py:190} INFO - [2025-04-04T13:42:39.188+0000] {dag.py:3239} INFO - Sync 1 DAGs
[2025-04-04T13:42:39.233+0000] {logging_mixin.py:190} INFO - [2025-04-04T13:42:39.232+0000] {dag.py:4180} INFO - Setting next_dagrun for example_sensors to None, run_after=None
[2025-04-04T13:42:39.309+0000] {processor.py:208} INFO - Processing /home/airflow/.local/lib/python3.12/site-packages/airflow/example_dags/example_sensors.py took 0.261 seconds
[2025-04-04T13:43:11.064+0000] {processor.py:186} INFO - Started process (PID=860) to work on /home/airflow/.local/lib/python3.12/site-packages/airflow/example_dags/example_sensors.py
[2025-04-04T13:43:11.066+0000] {processor.py:914} INFO - Processing file /home/airflow/.local/lib/python3.12/site-packages/airflow/example_dags/example_sensors.py for tasks to queue
[2025-04-04T13:43:11.071+0000] {logging_mixin.py:190} INFO - [2025-04-04T13:43:11.070+0000] {dagbag.py:588} INFO - Filling up the DagBag from /home/airflow/.local/lib/python3.12/site-packages/airflow/example_dags/example_sensors.py
[2025-04-04T13:43:11.098+0000] {processor.py:925} INFO - DAG(s) 'example_sensors' retrieved from /home/airflow/.local/lib/python3.12/site-packages/airflow/example_dags/example_sensors.py
[2025-04-04T13:43:11.159+0000] {logging_mixin.py:190} INFO - [2025-04-04T13:43:11.158+0000] {dag.py:3239} INFO - Sync 1 DAGs
[2025-04-04T13:43:11.218+0000] {logging_mixin.py:190} INFO - [2025-04-04T13:43:11.217+0000] {dag.py:4180} INFO - Setting next_dagrun for example_sensors to None, run_after=None
[2025-04-04T13:43:11.287+0000] {processor.py:208} INFO - Processing /home/airflow/.local/lib/python3.12/site-packages/airflow/example_dags/example_sensors.py took 0.233 seconds
[2025-04-04T13:43:42.805+0000] {processor.py:186} INFO - Started process (PID=924) to work on /home/airflow/.local/lib/python3.12/site-packages/airflow/example_dags/example_sensors.py
[2025-04-04T13:43:42.806+0000] {processor.py:914} INFO - Processing file /home/airflow/.local/lib/python3.12/site-packages/airflow/example_dags/example_sensors.py for tasks to queue
[2025-04-04T13:43:42.810+0000] {logging_mixin.py:190} INFO - [2025-04-04T13:43:42.810+0000] {dagbag.py:588} INFO - Filling up the DagBag from /home/airflow/.local/lib/python3.12/site-packages/airflow/example_dags/example_sensors.py
[2025-04-04T13:43:42.830+0000] {processor.py:925} INFO - DAG(s) 'example_sensors' retrieved from /home/airflow/.local/lib/python3.12/site-packages/airflow/example_dags/example_sensors.py
[2025-04-04T13:43:42.881+0000] {logging_mixin.py:190} INFO - [2025-04-04T13:43:42.881+0000] {dag.py:3239} INFO - Sync 1 DAGs
[2025-04-04T13:43:42.930+0000] {logging_mixin.py:190} INFO - [2025-04-04T13:43:42.930+0000] {dag.py:4180} INFO - Setting next_dagrun for example_sensors to None, run_after=None
[2025-04-04T13:43:42.998+0000] {processor.py:208} INFO - Processing /home/airflow/.local/lib/python3.12/site-packages/airflow/example_dags/example_sensors.py took 0.204 seconds
[2025-04-04T13:44:14.668+0000] {processor.py:186} INFO - Started process (PID=986) to work on /home/airflow/.local/lib/python3.12/site-packages/airflow/example_dags/example_sensors.py
[2025-04-04T13:44:14.670+0000] {processor.py:914} INFO - Processing file /home/airflow/.local/lib/python3.12/site-packages/airflow/example_dags/example_sensors.py for tasks to queue
[2025-04-04T13:44:14.674+0000] {logging_mixin.py:190} INFO - [2025-04-04T13:44:14.673+0000] {dagbag.py:588} INFO - Filling up the DagBag from /home/airflow/.local/lib/python3.12/site-packages/airflow/example_dags/example_sensors.py
[2025-04-04T13:44:14.698+0000] {processor.py:925} INFO - DAG(s) 'example_sensors' retrieved from /home/airflow/.local/lib/python3.12/site-packages/airflow/example_dags/example_sensors.py
[2025-04-04T13:44:14.762+0000] {logging_mixin.py:190} INFO - [2025-04-04T13:44:14.761+0000] {dag.py:3239} INFO - Sync 1 DAGs
[2025-04-04T13:44:14.801+0000] {logging_mixin.py:190} INFO - [2025-04-04T13:44:14.801+0000] {dag.py:4180} INFO - Setting next_dagrun for example_sensors to None, run_after=None
[2025-04-04T13:44:14.858+0000] {processor.py:208} INFO - Processing /home/airflow/.local/lib/python3.12/site-packages/airflow/example_dags/example_sensors.py took 0.204 seconds
[2025-04-04T13:44:47.070+0000] {processor.py:186} INFO - Started process (PID=1052) to work on /home/airflow/.local/lib/python3.12/site-packages/airflow/example_dags/example_sensors.py
[2025-04-04T13:44:47.072+0000] {processor.py:914} INFO - Processing file /home/airflow/.local/lib/python3.12/site-packages/airflow/example_dags/example_sensors.py for tasks to queue
[2025-04-04T13:44:47.078+0000] {logging_mixin.py:190} INFO - [2025-04-04T13:44:47.078+0000] {dagbag.py:588} INFO - Filling up the DagBag from /home/airflow/.local/lib/python3.12/site-packages/airflow/example_dags/example_sensors.py
[2025-04-04T13:44:47.105+0000] {processor.py:925} INFO - DAG(s) 'example_sensors' retrieved from /home/airflow/.local/lib/python3.12/site-packages/airflow/example_dags/example_sensors.py
[2025-04-04T13:44:47.192+0000] {logging_mixin.py:190} INFO - [2025-04-04T13:44:47.192+0000] {dag.py:3239} INFO - Sync 1 DAGs
[2025-04-04T13:44:47.234+0000] {logging_mixin.py:190} INFO - [2025-04-04T13:44:47.233+0000] {dag.py:4180} INFO - Setting next_dagrun for example_sensors to None, run_after=None
[2025-04-04T13:44:47.280+0000] {processor.py:208} INFO - Processing /home/airflow/.local/lib/python3.12/site-packages/airflow/example_dags/example_sensors.py took 0.223 seconds
[2025-04-04T13:45:20.425+0000] {processor.py:186} INFO - Started process (PID=1119) to work on /home/airflow/.local/lib/python3.12/site-packages/airflow/example_dags/example_sensors.py
[2025-04-04T13:45:20.427+0000] {processor.py:914} INFO - Processing file /home/airflow/.local/lib/python3.12/site-packages/airflow/example_dags/example_sensors.py for tasks to queue
[2025-04-04T13:45:20.433+0000] {logging_mixin.py:190} INFO - [2025-04-04T13:45:20.432+0000] {dagbag.py:588} INFO - Filling up the DagBag from /home/airflow/.local/lib/python3.12/site-packages/airflow/example_dags/example_sensors.py
[2025-04-04T13:45:20.466+0000] {processor.py:925} INFO - DAG(s) 'example_sensors' retrieved from /home/airflow/.local/lib/python3.12/site-packages/airflow/example_dags/example_sensors.py
[2025-04-04T13:45:20.545+0000] {logging_mixin.py:190} INFO - [2025-04-04T13:45:20.544+0000] {dag.py:3239} INFO - Sync 1 DAGs
[2025-04-04T13:45:20.592+0000] {logging_mixin.py:190} INFO - [2025-04-04T13:45:20.591+0000] {dag.py:4180} INFO - Setting next_dagrun for example_sensors to None, run_after=None
[2025-04-04T13:45:20.642+0000] {processor.py:208} INFO - Processing /home/airflow/.local/lib/python3.12/site-packages/airflow/example_dags/example_sensors.py took 0.233 seconds
[2025-04-04T13:45:52.605+0000] {processor.py:186} INFO - Started process (PID=1183) to work on /home/airflow/.local/lib/python3.12/site-packages/airflow/example_dags/example_sensors.py
[2025-04-04T13:45:52.606+0000] {processor.py:914} INFO - Processing file /home/airflow/.local/lib/python3.12/site-packages/airflow/example_dags/example_sensors.py for tasks to queue
[2025-04-04T13:45:52.610+0000] {logging_mixin.py:190} INFO - [2025-04-04T13:45:52.609+0000] {dagbag.py:588} INFO - Filling up the DagBag from /home/airflow/.local/lib/python3.12/site-packages/airflow/example_dags/example_sensors.py
[2025-04-04T13:45:52.634+0000] {processor.py:925} INFO - DAG(s) 'example_sensors' retrieved from /home/airflow/.local/lib/python3.12/site-packages/airflow/example_dags/example_sensors.py
[2025-04-04T13:45:52.719+0000] {logging_mixin.py:190} INFO - [2025-04-04T13:45:52.718+0000] {dag.py:3239} INFO - Sync 1 DAGs
[2025-04-04T13:45:52.746+0000] {logging_mixin.py:190} INFO - [2025-04-04T13:45:52.746+0000] {dag.py:4180} INFO - Setting next_dagrun for example_sensors to None, run_after=None
[2025-04-04T13:45:52.796+0000] {processor.py:208} INFO - Processing /home/airflow/.local/lib/python3.12/site-packages/airflow/example_dags/example_sensors.py took 0.204 seconds
[2025-04-04T13:46:31.403+0000] {processor.py:186} INFO - Started process (PID=1252) to work on /home/airflow/.local/lib/python3.12/site-packages/airflow/example_dags/example_sensors.py
[2025-04-04T13:46:31.432+0000] {processor.py:914} INFO - Processing file /home/airflow/.local/lib/python3.12/site-packages/airflow/example_dags/example_sensors.py for tasks to queue
[2025-04-04T13:46:31.450+0000] {logging_mixin.py:190} INFO - [2025-04-04T13:46:31.440+0000] {dagbag.py:588} INFO - Filling up the DagBag from /home/airflow/.local/lib/python3.12/site-packages/airflow/example_dags/example_sensors.py
[2025-04-04T13:46:31.600+0000] {processor.py:925} INFO - DAG(s) 'example_sensors' retrieved from /home/airflow/.local/lib/python3.12/site-packages/airflow/example_dags/example_sensors.py
[2025-04-04T13:46:31.884+0000] {logging_mixin.py:190} INFO - [2025-04-04T13:46:31.883+0000] {dag.py:3239} INFO - Sync 1 DAGs
[2025-04-04T13:46:32.032+0000] {logging_mixin.py:190} INFO - [2025-04-04T13:46:32.031+0000] {dag.py:4180} INFO - Setting next_dagrun for example_sensors to None, run_after=None
[2025-04-04T13:46:32.226+0000] {processor.py:208} INFO - Processing /home/airflow/.local/lib/python3.12/site-packages/airflow/example_dags/example_sensors.py took 0.857 seconds
[2025-04-04T13:47:03.132+0000] {processor.py:186} INFO - Started process (PID=1315) to work on /home/airflow/.local/lib/python3.12/site-packages/airflow/example_dags/example_sensors.py
[2025-04-04T13:47:03.134+0000] {processor.py:914} INFO - Processing file /home/airflow/.local/lib/python3.12/site-packages/airflow/example_dags/example_sensors.py for tasks to queue
[2025-04-04T13:47:03.144+0000] {logging_mixin.py:190} INFO - [2025-04-04T13:47:03.143+0000] {dagbag.py:588} INFO - Filling up the DagBag from /home/airflow/.local/lib/python3.12/site-packages/airflow/example_dags/example_sensors.py
[2025-04-04T13:47:03.177+0000] {processor.py:925} INFO - DAG(s) 'example_sensors' retrieved from /home/airflow/.local/lib/python3.12/site-packages/airflow/example_dags/example_sensors.py
[2025-04-04T13:47:03.254+0000] {logging_mixin.py:190} INFO - [2025-04-04T13:47:03.252+0000] {dag.py:3239} INFO - Sync 1 DAGs
[2025-04-04T13:47:03.298+0000] {logging_mixin.py:190} INFO - [2025-04-04T13:47:03.297+0000] {dag.py:4180} INFO - Setting next_dagrun for example_sensors to None, run_after=None
[2025-04-04T13:47:03.370+0000] {processor.py:208} INFO - Processing /home/airflow/.local/lib/python3.12/site-packages/airflow/example_dags/example_sensors.py took 0.258 seconds
[2025-04-04T13:47:33.508+0000] {processor.py:186} INFO - Started process (PID=1378) to work on /home/airflow/.local/lib/python3.12/site-packages/airflow/example_dags/example_sensors.py
[2025-04-04T13:47:33.510+0000] {processor.py:914} INFO - Processing file /home/airflow/.local/lib/python3.12/site-packages/airflow/example_dags/example_sensors.py for tasks to queue
[2025-04-04T13:47:33.513+0000] {logging_mixin.py:190} INFO - [2025-04-04T13:47:33.513+0000] {dagbag.py:588} INFO - Filling up the DagBag from /home/airflow/.local/lib/python3.12/site-packages/airflow/example_dags/example_sensors.py
[2025-04-04T13:47:33.540+0000] {processor.py:925} INFO - DAG(s) 'example_sensors' retrieved from /home/airflow/.local/lib/python3.12/site-packages/airflow/example_dags/example_sensors.py
[2025-04-04T13:47:33.601+0000] {logging_mixin.py:190} INFO - [2025-04-04T13:47:33.600+0000] {dag.py:3239} INFO - Sync 1 DAGs
[2025-04-04T13:47:33.644+0000] {logging_mixin.py:190} INFO - [2025-04-04T13:47:33.643+0000] {dag.py:4180} INFO - Setting next_dagrun for example_sensors to None, run_after=None
[2025-04-04T13:47:33.714+0000] {processor.py:208} INFO - Processing /home/airflow/.local/lib/python3.12/site-packages/airflow/example_dags/example_sensors.py took 0.219 seconds
[2025-04-04T13:48:04.533+0000] {processor.py:186} INFO - Started process (PID=1442) to work on /home/airflow/.local/lib/python3.12/site-packages/airflow/example_dags/example_sensors.py
[2025-04-04T13:48:04.538+0000] {processor.py:914} INFO - Processing file /home/airflow/.local/lib/python3.12/site-packages/airflow/example_dags/example_sensors.py for tasks to queue
[2025-04-04T13:48:04.553+0000] {logging_mixin.py:190} INFO - [2025-04-04T13:48:04.552+0000] {dagbag.py:588} INFO - Filling up the DagBag from /home/airflow/.local/lib/python3.12/site-packages/airflow/example_dags/example_sensors.py
[2025-04-04T13:48:04.618+0000] {processor.py:925} INFO - DAG(s) 'example_sensors' retrieved from /home/airflow/.local/lib/python3.12/site-packages/airflow/example_dags/example_sensors.py
[2025-04-04T13:48:04.735+0000] {logging_mixin.py:190} INFO - [2025-04-04T13:48:04.734+0000] {dag.py:3239} INFO - Sync 1 DAGs
[2025-04-04T13:48:04.793+0000] {logging_mixin.py:190} INFO - [2025-04-04T13:48:04.792+0000] {dag.py:4180} INFO - Setting next_dagrun for example_sensors to None, run_after=None
[2025-04-04T13:48:04.862+0000] {processor.py:208} INFO - Processing /home/airflow/.local/lib/python3.12/site-packages/airflow/example_dags/example_sensors.py took 0.342 seconds
[2025-04-04T13:48:35.107+0000] {processor.py:186} INFO - Started process (PID=1503) to work on /home/airflow/.local/lib/python3.12/site-packages/airflow/example_dags/example_sensors.py
[2025-04-04T13:48:35.113+0000] {processor.py:914} INFO - Processing file /home/airflow/.local/lib/python3.12/site-packages/airflow/example_dags/example_sensors.py for tasks to queue
[2025-04-04T13:48:35.159+0000] {logging_mixin.py:190} INFO - [2025-04-04T13:48:35.158+0000] {dagbag.py:588} INFO - Filling up the DagBag from /home/airflow/.local/lib/python3.12/site-packages/airflow/example_dags/example_sensors.py
[2025-04-04T13:48:35.275+0000] {processor.py:925} INFO - DAG(s) 'example_sensors' retrieved from /home/airflow/.local/lib/python3.12/site-packages/airflow/example_dags/example_sensors.py
[2025-04-04T13:48:35.527+0000] {logging_mixin.py:190} INFO - [2025-04-04T13:48:35.526+0000] {dag.py:3239} INFO - Sync 1 DAGs
[2025-04-04T13:48:35.697+0000] {logging_mixin.py:190} INFO - [2025-04-04T13:48:35.696+0000] {dag.py:4180} INFO - Setting next_dagrun for example_sensors to None, run_after=None
[2025-04-04T13:48:35.847+0000] {processor.py:208} INFO - Processing /home/airflow/.local/lib/python3.12/site-packages/airflow/example_dags/example_sensors.py took 0.790 seconds
[2025-04-04T13:49:06.304+0000] {processor.py:186} INFO - Started process (PID=1564) to work on /home/airflow/.local/lib/python3.12/site-packages/airflow/example_dags/example_sensors.py
[2025-04-04T13:49:06.305+0000] {processor.py:914} INFO - Processing file /home/airflow/.local/lib/python3.12/site-packages/airflow/example_dags/example_sensors.py for tasks to queue
[2025-04-04T13:49:06.309+0000] {logging_mixin.py:190} INFO - [2025-04-04T13:49:06.309+0000] {dagbag.py:588} INFO - Filling up the DagBag from /home/airflow/.local/lib/python3.12/site-packages/airflow/example_dags/example_sensors.py
[2025-04-04T13:49:06.327+0000] {processor.py:925} INFO - DAG(s) 'example_sensors' retrieved from /home/airflow/.local/lib/python3.12/site-packages/airflow/example_dags/example_sensors.py
[2025-04-04T13:49:06.370+0000] {logging_mixin.py:190} INFO - [2025-04-04T13:49:06.370+0000] {dag.py:3239} INFO - Sync 1 DAGs
[2025-04-04T13:49:06.395+0000] {logging_mixin.py:190} INFO - [2025-04-04T13:49:06.395+0000] {dag.py:4180} INFO - Setting next_dagrun for example_sensors to None, run_after=None
[2025-04-04T13:49:06.430+0000] {processor.py:208} INFO - Processing /home/airflow/.local/lib/python3.12/site-packages/airflow/example_dags/example_sensors.py took 0.136 seconds
[2025-04-04T13:49:37.044+0000] {processor.py:186} INFO - Started process (PID=1627) to work on /home/airflow/.local/lib/python3.12/site-packages/airflow/example_dags/example_sensors.py
[2025-04-04T13:49:37.047+0000] {processor.py:914} INFO - Processing file /home/airflow/.local/lib/python3.12/site-packages/airflow/example_dags/example_sensors.py for tasks to queue
[2025-04-04T13:49:37.052+0000] {logging_mixin.py:190} INFO - [2025-04-04T13:49:37.052+0000] {dagbag.py:588} INFO - Filling up the DagBag from /home/airflow/.local/lib/python3.12/site-packages/airflow/example_dags/example_sensors.py
[2025-04-04T13:49:37.090+0000] {processor.py:925} INFO - DAG(s) 'example_sensors' retrieved from /home/airflow/.local/lib/python3.12/site-packages/airflow/example_dags/example_sensors.py
[2025-04-04T13:49:37.206+0000] {logging_mixin.py:190} INFO - [2025-04-04T13:49:37.205+0000] {dag.py:3239} INFO - Sync 1 DAGs
[2025-04-04T13:49:37.256+0000] {logging_mixin.py:190} INFO - [2025-04-04T13:49:37.255+0000] {dag.py:4180} INFO - Setting next_dagrun for example_sensors to None, run_after=None
[2025-04-04T13:49:37.331+0000] {processor.py:208} INFO - Processing /home/airflow/.local/lib/python3.12/site-packages/airflow/example_dags/example_sensors.py took 0.310 seconds
[2025-04-04T13:50:07.920+0000] {processor.py:186} INFO - Started process (PID=1690) to work on /home/airflow/.local/lib/python3.12/site-packages/airflow/example_dags/example_sensors.py
[2025-04-04T13:50:07.922+0000] {processor.py:914} INFO - Processing file /home/airflow/.local/lib/python3.12/site-packages/airflow/example_dags/example_sensors.py for tasks to queue
[2025-04-04T13:50:07.938+0000] {logging_mixin.py:190} INFO - [2025-04-04T13:50:07.937+0000] {dagbag.py:588} INFO - Filling up the DagBag from /home/airflow/.local/lib/python3.12/site-packages/airflow/example_dags/example_sensors.py
[2025-04-04T13:50:07.990+0000] {processor.py:925} INFO - DAG(s) 'example_sensors' retrieved from /home/airflow/.local/lib/python3.12/site-packages/airflow/example_dags/example_sensors.py
[2025-04-04T13:50:08.173+0000] {logging_mixin.py:190} INFO - [2025-04-04T13:50:08.172+0000] {dag.py:3239} INFO - Sync 1 DAGs
[2025-04-04T13:50:08.223+0000] {logging_mixin.py:190} INFO - [2025-04-04T13:50:08.223+0000] {dag.py:4180} INFO - Setting next_dagrun for example_sensors to None, run_after=None
[2025-04-04T13:50:08.318+0000] {processor.py:208} INFO - Processing /home/airflow/.local/lib/python3.12/site-packages/airflow/example_dags/example_sensors.py took 0.431 seconds
[2025-04-04T13:50:39.010+0000] {processor.py:186} INFO - Started process (PID=1752) to work on /home/airflow/.local/lib/python3.12/site-packages/airflow/example_dags/example_sensors.py
[2025-04-04T13:50:39.012+0000] {processor.py:914} INFO - Processing file /home/airflow/.local/lib/python3.12/site-packages/airflow/example_dags/example_sensors.py for tasks to queue
[2025-04-04T13:50:39.016+0000] {logging_mixin.py:190} INFO - [2025-04-04T13:50:39.015+0000] {dagbag.py:588} INFO - Filling up the DagBag from /home/airflow/.local/lib/python3.12/site-packages/airflow/example_dags/example_sensors.py
[2025-04-04T13:50:39.039+0000] {processor.py:925} INFO - DAG(s) 'example_sensors' retrieved from /home/airflow/.local/lib/python3.12/site-packages/airflow/example_dags/example_sensors.py
[2025-04-04T13:50:39.103+0000] {logging_mixin.py:190} INFO - [2025-04-04T13:50:39.102+0000] {dag.py:3239} INFO - Sync 1 DAGs
[2025-04-04T13:50:39.161+0000] {logging_mixin.py:190} INFO - [2025-04-04T13:50:39.160+0000] {dag.py:4180} INFO - Setting next_dagrun for example_sensors to None, run_after=None
[2025-04-04T13:50:39.225+0000] {processor.py:208} INFO - Processing /home/airflow/.local/lib/python3.12/site-packages/airflow/example_dags/example_sensors.py took 0.230 seconds
[2025-04-04T13:51:11.342+0000] {processor.py:186} INFO - Started process (PID=1815) to work on /home/airflow/.local/lib/python3.12/site-packages/airflow/example_dags/example_sensors.py
[2025-04-04T13:51:11.344+0000] {processor.py:914} INFO - Processing file /home/airflow/.local/lib/python3.12/site-packages/airflow/example_dags/example_sensors.py for tasks to queue
[2025-04-04T13:51:11.349+0000] {logging_mixin.py:190} INFO - [2025-04-04T13:51:11.348+0000] {dagbag.py:588} INFO - Filling up the DagBag from /home/airflow/.local/lib/python3.12/site-packages/airflow/example_dags/example_sensors.py
[2025-04-04T13:51:11.375+0000] {processor.py:925} INFO - DAG(s) 'example_sensors' retrieved from /home/airflow/.local/lib/python3.12/site-packages/airflow/example_dags/example_sensors.py
[2025-04-04T13:51:11.444+0000] {logging_mixin.py:190} INFO - [2025-04-04T13:51:11.443+0000] {dag.py:3239} INFO - Sync 1 DAGs
[2025-04-04T13:51:11.484+0000] {logging_mixin.py:190} INFO - [2025-04-04T13:51:11.484+0000] {dag.py:4180} INFO - Setting next_dagrun for example_sensors to None, run_after=None
[2025-04-04T13:51:11.543+0000] {processor.py:208} INFO - Processing /home/airflow/.local/lib/python3.12/site-packages/airflow/example_dags/example_sensors.py took 0.217 seconds
[2025-04-04T13:51:42.051+0000] {processor.py:186} INFO - Started process (PID=1876) to work on /home/airflow/.local/lib/python3.12/site-packages/airflow/example_dags/example_sensors.py
[2025-04-04T13:51:42.053+0000] {processor.py:914} INFO - Processing file /home/airflow/.local/lib/python3.12/site-packages/airflow/example_dags/example_sensors.py for tasks to queue
[2025-04-04T13:51:42.057+0000] {logging_mixin.py:190} INFO - [2025-04-04T13:51:42.056+0000] {dagbag.py:588} INFO - Filling up the DagBag from /home/airflow/.local/lib/python3.12/site-packages/airflow/example_dags/example_sensors.py
[2025-04-04T13:51:42.085+0000] {processor.py:925} INFO - DAG(s) 'example_sensors' retrieved from /home/airflow/.local/lib/python3.12/site-packages/airflow/example_dags/example_sensors.py
[2025-04-04T13:51:42.141+0000] {logging_mixin.py:190} INFO - [2025-04-04T13:51:42.141+0000] {dag.py:3239} INFO - Sync 1 DAGs
[2025-04-04T13:51:42.174+0000] {logging_mixin.py:190} INFO - [2025-04-04T13:51:42.173+0000] {dag.py:4180} INFO - Setting next_dagrun for example_sensors to None, run_after=None
[2025-04-04T13:51:42.214+0000] {processor.py:208} INFO - Processing /home/airflow/.local/lib/python3.12/site-packages/airflow/example_dags/example_sensors.py took 0.177 seconds
[2025-04-04T13:52:12.609+0000] {processor.py:186} INFO - Started process (PID=1939) to work on /home/airflow/.local/lib/python3.12/site-packages/airflow/example_dags/example_sensors.py
[2025-04-04T13:52:12.611+0000] {processor.py:914} INFO - Processing file /home/airflow/.local/lib/python3.12/site-packages/airflow/example_dags/example_sensors.py for tasks to queue
[2025-04-04T13:52:12.615+0000] {logging_mixin.py:190} INFO - [2025-04-04T13:52:12.615+0000] {dagbag.py:588} INFO - Filling up the DagBag from /home/airflow/.local/lib/python3.12/site-packages/airflow/example_dags/example_sensors.py
[2025-04-04T13:52:12.637+0000] {processor.py:925} INFO - DAG(s) 'example_sensors' retrieved from /home/airflow/.local/lib/python3.12/site-packages/airflow/example_dags/example_sensors.py
[2025-04-04T13:52:12.691+0000] {logging_mixin.py:190} INFO - [2025-04-04T13:52:12.691+0000] {dag.py:3239} INFO - Sync 1 DAGs
[2025-04-04T13:52:12.718+0000] {logging_mixin.py:190} INFO - [2025-04-04T13:52:12.718+0000] {dag.py:4180} INFO - Setting next_dagrun for example_sensors to None, run_after=None
[2025-04-04T13:52:12.756+0000] {processor.py:208} INFO - Processing /home/airflow/.local/lib/python3.12/site-packages/airflow/example_dags/example_sensors.py took 0.156 seconds
[2025-04-04T13:52:43.148+0000] {processor.py:186} INFO - Started process (PID=2002) to work on /home/airflow/.local/lib/python3.12/site-packages/airflow/example_dags/example_sensors.py
[2025-04-04T13:52:43.151+0000] {processor.py:914} INFO - Processing file /home/airflow/.local/lib/python3.12/site-packages/airflow/example_dags/example_sensors.py for tasks to queue
[2025-04-04T13:52:43.156+0000] {logging_mixin.py:190} INFO - [2025-04-04T13:52:43.155+0000] {dagbag.py:588} INFO - Filling up the DagBag from /home/airflow/.local/lib/python3.12/site-packages/airflow/example_dags/example_sensors.py
[2025-04-04T13:52:43.183+0000] {processor.py:925} INFO - DAG(s) 'example_sensors' retrieved from /home/airflow/.local/lib/python3.12/site-packages/airflow/example_dags/example_sensors.py
[2025-04-04T13:52:43.258+0000] {logging_mixin.py:190} INFO - [2025-04-04T13:52:43.258+0000] {dag.py:3239} INFO - Sync 1 DAGs
[2025-04-04T13:52:43.288+0000] {logging_mixin.py:190} INFO - [2025-04-04T13:52:43.287+0000] {dag.py:4180} INFO - Setting next_dagrun for example_sensors to None, run_after=None
[2025-04-04T13:52:43.329+0000] {processor.py:208} INFO - Processing /home/airflow/.local/lib/python3.12/site-packages/airflow/example_dags/example_sensors.py took 0.192 seconds
[2025-04-04T13:53:14.285+0000] {processor.py:186} INFO - Started process (PID=2065) to work on /home/airflow/.local/lib/python3.12/site-packages/airflow/example_dags/example_sensors.py
[2025-04-04T13:53:14.290+0000] {processor.py:914} INFO - Processing file /home/airflow/.local/lib/python3.12/site-packages/airflow/example_dags/example_sensors.py for tasks to queue
[2025-04-04T13:53:14.297+0000] {logging_mixin.py:190} INFO - [2025-04-04T13:53:14.295+0000] {dagbag.py:588} INFO - Filling up the DagBag from /home/airflow/.local/lib/python3.12/site-packages/airflow/example_dags/example_sensors.py
[2025-04-04T13:53:14.332+0000] {processor.py:925} INFO - DAG(s) 'example_sensors' retrieved from /home/airflow/.local/lib/python3.12/site-packages/airflow/example_dags/example_sensors.py
[2025-04-04T13:53:14.412+0000] {logging_mixin.py:190} INFO - [2025-04-04T13:53:14.412+0000] {dag.py:3239} INFO - Sync 1 DAGs
[2025-04-04T13:53:14.462+0000] {logging_mixin.py:190} INFO - [2025-04-04T13:53:14.462+0000] {dag.py:4180} INFO - Setting next_dagrun for example_sensors to None, run_after=None
[2025-04-04T13:53:14.530+0000] {processor.py:208} INFO - Processing /home/airflow/.local/lib/python3.12/site-packages/airflow/example_dags/example_sensors.py took 0.263 seconds
[2025-04-04T13:53:45.893+0000] {processor.py:186} INFO - Started process (PID=2127) to work on /home/airflow/.local/lib/python3.12/site-packages/airflow/example_dags/example_sensors.py
[2025-04-04T13:53:45.895+0000] {processor.py:914} INFO - Processing file /home/airflow/.local/lib/python3.12/site-packages/airflow/example_dags/example_sensors.py for tasks to queue
[2025-04-04T13:53:45.901+0000] {logging_mixin.py:190} INFO - [2025-04-04T13:53:45.900+0000] {dagbag.py:588} INFO - Filling up the DagBag from /home/airflow/.local/lib/python3.12/site-packages/airflow/example_dags/example_sensors.py
[2025-04-04T13:53:45.938+0000] {processor.py:925} INFO - DAG(s) 'example_sensors' retrieved from /home/airflow/.local/lib/python3.12/site-packages/airflow/example_dags/example_sensors.py
[2025-04-04T13:53:46.029+0000] {logging_mixin.py:190} INFO - [2025-04-04T13:53:46.028+0000] {dag.py:3239} INFO - Sync 1 DAGs
[2025-04-04T13:53:46.078+0000] {logging_mixin.py:190} INFO - [2025-04-04T13:53:46.077+0000] {dag.py:4180} INFO - Setting next_dagrun for example_sensors to None, run_after=None
[2025-04-04T13:53:46.137+0000] {processor.py:208} INFO - Processing /home/airflow/.local/lib/python3.12/site-packages/airflow/example_dags/example_sensors.py took 0.260 seconds
[2025-04-04T13:54:16.391+0000] {processor.py:186} INFO - Started process (PID=2190) to work on /home/airflow/.local/lib/python3.12/site-packages/airflow/example_dags/example_sensors.py
[2025-04-04T13:54:16.393+0000] {processor.py:914} INFO - Processing file /home/airflow/.local/lib/python3.12/site-packages/airflow/example_dags/example_sensors.py for tasks to queue
[2025-04-04T13:54:16.397+0000] {logging_mixin.py:190} INFO - [2025-04-04T13:54:16.397+0000] {dagbag.py:588} INFO - Filling up the DagBag from /home/airflow/.local/lib/python3.12/site-packages/airflow/example_dags/example_sensors.py
[2025-04-04T13:54:16.424+0000] {processor.py:925} INFO - DAG(s) 'example_sensors' retrieved from /home/airflow/.local/lib/python3.12/site-packages/airflow/example_dags/example_sensors.py
[2025-04-04T13:54:16.490+0000] {logging_mixin.py:190} INFO - [2025-04-04T13:54:16.489+0000] {dag.py:3239} INFO - Sync 1 DAGs
[2025-04-04T13:54:16.525+0000] {logging_mixin.py:190} INFO - [2025-04-04T13:54:16.524+0000] {dag.py:4180} INFO - Setting next_dagrun for example_sensors to None, run_after=None
[2025-04-04T13:54:16.576+0000] {processor.py:208} INFO - Processing /home/airflow/.local/lib/python3.12/site-packages/airflow/example_dags/example_sensors.py took 0.199 seconds
[2025-04-04T13:54:46.788+0000] {processor.py:186} INFO - Started process (PID=2253) to work on /home/airflow/.local/lib/python3.12/site-packages/airflow/example_dags/example_sensors.py
[2025-04-04T13:54:46.790+0000] {processor.py:914} INFO - Processing file /home/airflow/.local/lib/python3.12/site-packages/airflow/example_dags/example_sensors.py for tasks to queue
[2025-04-04T13:54:46.795+0000] {logging_mixin.py:190} INFO - [2025-04-04T13:54:46.794+0000] {dagbag.py:588} INFO - Filling up the DagBag from /home/airflow/.local/lib/python3.12/site-packages/airflow/example_dags/example_sensors.py
[2025-04-04T13:54:46.819+0000] {processor.py:925} INFO - DAG(s) 'example_sensors' retrieved from /home/airflow/.local/lib/python3.12/site-packages/airflow/example_dags/example_sensors.py
[2025-04-04T13:54:46.881+0000] {logging_mixin.py:190} INFO - [2025-04-04T13:54:46.881+0000] {dag.py:3239} INFO - Sync 1 DAGs
[2025-04-04T13:54:46.914+0000] {logging_mixin.py:190} INFO - [2025-04-04T13:54:46.913+0000] {dag.py:4180} INFO - Setting next_dagrun for example_sensors to None, run_after=None
[2025-04-04T13:54:46.957+0000] {processor.py:208} INFO - Processing /home/airflow/.local/lib/python3.12/site-packages/airflow/example_dags/example_sensors.py took 0.183 seconds
[2025-04-04T13:55:17.508+0000] {processor.py:186} INFO - Started process (PID=2316) to work on /home/airflow/.local/lib/python3.12/site-packages/airflow/example_dags/example_sensors.py
[2025-04-04T13:55:17.511+0000] {processor.py:914} INFO - Processing file /home/airflow/.local/lib/python3.12/site-packages/airflow/example_dags/example_sensors.py for tasks to queue
[2025-04-04T13:55:17.517+0000] {logging_mixin.py:190} INFO - [2025-04-04T13:55:17.516+0000] {dagbag.py:588} INFO - Filling up the DagBag from /home/airflow/.local/lib/python3.12/site-packages/airflow/example_dags/example_sensors.py
[2025-04-04T13:55:17.544+0000] {processor.py:925} INFO - DAG(s) 'example_sensors' retrieved from /home/airflow/.local/lib/python3.12/site-packages/airflow/example_dags/example_sensors.py
[2025-04-04T13:55:17.606+0000] {logging_mixin.py:190} INFO - [2025-04-04T13:55:17.605+0000] {dag.py:3239} INFO - Sync 1 DAGs
[2025-04-04T13:55:17.638+0000] {logging_mixin.py:190} INFO - [2025-04-04T13:55:17.638+0000] {dag.py:4180} INFO - Setting next_dagrun for example_sensors to None, run_after=None
[2025-04-04T13:55:17.718+0000] {processor.py:208} INFO - Processing /home/airflow/.local/lib/python3.12/site-packages/airflow/example_dags/example_sensors.py took 0.225 seconds
[2025-04-04T13:55:48.148+0000] {processor.py:186} INFO - Started process (PID=2378) to work on /home/airflow/.local/lib/python3.12/site-packages/airflow/example_dags/example_sensors.py
[2025-04-04T13:55:48.151+0000] {processor.py:914} INFO - Processing file /home/airflow/.local/lib/python3.12/site-packages/airflow/example_dags/example_sensors.py for tasks to queue
[2025-04-04T13:55:48.156+0000] {logging_mixin.py:190} INFO - [2025-04-04T13:55:48.155+0000] {dagbag.py:588} INFO - Filling up the DagBag from /home/airflow/.local/lib/python3.12/site-packages/airflow/example_dags/example_sensors.py
[2025-04-04T13:55:48.193+0000] {processor.py:925} INFO - DAG(s) 'example_sensors' retrieved from /home/airflow/.local/lib/python3.12/site-packages/airflow/example_dags/example_sensors.py
[2025-04-04T13:55:48.323+0000] {logging_mixin.py:190} INFO - [2025-04-04T13:55:48.322+0000] {dag.py:3239} INFO - Sync 1 DAGs
[2025-04-04T13:55:48.395+0000] {logging_mixin.py:190} INFO - [2025-04-04T13:55:48.392+0000] {dag.py:4180} INFO - Setting next_dagrun for example_sensors to None, run_after=None
[2025-04-04T13:55:48.540+0000] {processor.py:208} INFO - Processing /home/airflow/.local/lib/python3.12/site-packages/airflow/example_dags/example_sensors.py took 0.409 seconds
[2025-04-04T13:56:19.390+0000] {processor.py:186} INFO - Started process (PID=2441) to work on /home/airflow/.local/lib/python3.12/site-packages/airflow/example_dags/example_sensors.py
[2025-04-04T13:56:19.392+0000] {processor.py:914} INFO - Processing file /home/airflow/.local/lib/python3.12/site-packages/airflow/example_dags/example_sensors.py for tasks to queue
[2025-04-04T13:56:19.397+0000] {logging_mixin.py:190} INFO - [2025-04-04T13:56:19.396+0000] {dagbag.py:588} INFO - Filling up the DagBag from /home/airflow/.local/lib/python3.12/site-packages/airflow/example_dags/example_sensors.py
[2025-04-04T13:56:19.422+0000] {processor.py:925} INFO - DAG(s) 'example_sensors' retrieved from /home/airflow/.local/lib/python3.12/site-packages/airflow/example_dags/example_sensors.py
[2025-04-04T13:56:19.482+0000] {logging_mixin.py:190} INFO - [2025-04-04T13:56:19.482+0000] {dag.py:3239} INFO - Sync 1 DAGs
[2025-04-04T13:56:19.515+0000] {logging_mixin.py:190} INFO - [2025-04-04T13:56:19.515+0000] {dag.py:4180} INFO - Setting next_dagrun for example_sensors to None, run_after=None
[2025-04-04T13:56:19.555+0000] {processor.py:208} INFO - Processing /home/airflow/.local/lib/python3.12/site-packages/airflow/example_dags/example_sensors.py took 0.179 seconds
[2025-04-04T13:56:49.873+0000] {processor.py:186} INFO - Started process (PID=2504) to work on /home/airflow/.local/lib/python3.12/site-packages/airflow/example_dags/example_sensors.py
[2025-04-04T13:56:49.874+0000] {processor.py:914} INFO - Processing file /home/airflow/.local/lib/python3.12/site-packages/airflow/example_dags/example_sensors.py for tasks to queue
[2025-04-04T13:56:49.878+0000] {logging_mixin.py:190} INFO - [2025-04-04T13:56:49.878+0000] {dagbag.py:588} INFO - Filling up the DagBag from /home/airflow/.local/lib/python3.12/site-packages/airflow/example_dags/example_sensors.py
[2025-04-04T13:56:49.897+0000] {processor.py:925} INFO - DAG(s) 'example_sensors' retrieved from /home/airflow/.local/lib/python3.12/site-packages/airflow/example_dags/example_sensors.py
[2025-04-04T13:56:49.952+0000] {logging_mixin.py:190} INFO - [2025-04-04T13:56:49.951+0000] {dag.py:3239} INFO - Sync 1 DAGs
[2025-04-04T13:56:49.986+0000] {logging_mixin.py:190} INFO - [2025-04-04T13:56:49.986+0000] {dag.py:4180} INFO - Setting next_dagrun for example_sensors to None, run_after=None
[2025-04-04T13:56:50.023+0000] {processor.py:208} INFO - Processing /home/airflow/.local/lib/python3.12/site-packages/airflow/example_dags/example_sensors.py took 0.161 seconds
[2025-04-04T13:57:20.580+0000] {processor.py:186} INFO - Started process (PID=2567) to work on /home/airflow/.local/lib/python3.12/site-packages/airflow/example_dags/example_sensors.py
[2025-04-04T13:57:20.582+0000] {processor.py:914} INFO - Processing file /home/airflow/.local/lib/python3.12/site-packages/airflow/example_dags/example_sensors.py for tasks to queue
[2025-04-04T13:57:20.587+0000] {logging_mixin.py:190} INFO - [2025-04-04T13:57:20.587+0000] {dagbag.py:588} INFO - Filling up the DagBag from /home/airflow/.local/lib/python3.12/site-packages/airflow/example_dags/example_sensors.py
[2025-04-04T13:57:20.647+0000] {processor.py:925} INFO - DAG(s) 'example_sensors' retrieved from /home/airflow/.local/lib/python3.12/site-packages/airflow/example_dags/example_sensors.py
[2025-04-04T13:57:20.723+0000] {logging_mixin.py:190} INFO - [2025-04-04T13:57:20.722+0000] {dag.py:3239} INFO - Sync 1 DAGs
[2025-04-04T13:57:20.754+0000] {logging_mixin.py:190} INFO - [2025-04-04T13:57:20.754+0000] {dag.py:4180} INFO - Setting next_dagrun for example_sensors to None, run_after=None
[2025-04-04T13:57:20.808+0000] {processor.py:208} INFO - Processing /home/airflow/.local/lib/python3.12/site-packages/airflow/example_dags/example_sensors.py took 0.239 seconds
[2025-04-04T13:57:53.482+0000] {processor.py:186} INFO - Started process (PID=2630) to work on /home/airflow/.local/lib/python3.12/site-packages/airflow/example_dags/example_sensors.py
[2025-04-04T13:57:53.486+0000] {processor.py:914} INFO - Processing file /home/airflow/.local/lib/python3.12/site-packages/airflow/example_dags/example_sensors.py for tasks to queue
[2025-04-04T13:57:53.491+0000] {logging_mixin.py:190} INFO - [2025-04-04T13:57:53.491+0000] {dagbag.py:588} INFO - Filling up the DagBag from /home/airflow/.local/lib/python3.12/site-packages/airflow/example_dags/example_sensors.py
[2025-04-04T13:57:53.526+0000] {processor.py:925} INFO - DAG(s) 'example_sensors' retrieved from /home/airflow/.local/lib/python3.12/site-packages/airflow/example_dags/example_sensors.py
[2025-04-04T13:57:53.586+0000] {logging_mixin.py:190} INFO - [2025-04-04T13:57:53.586+0000] {dag.py:3239} INFO - Sync 1 DAGs
[2025-04-04T13:57:53.636+0000] {logging_mixin.py:190} INFO - [2025-04-04T13:57:53.636+0000] {dag.py:4180} INFO - Setting next_dagrun for example_sensors to None, run_after=None
[2025-04-04T13:57:53.680+0000] {processor.py:208} INFO - Processing /home/airflow/.local/lib/python3.12/site-packages/airflow/example_dags/example_sensors.py took 0.211 seconds
[2025-04-04T13:58:30.290+0000] {processor.py:186} INFO - Started process (PID=2700) to work on /home/airflow/.local/lib/python3.12/site-packages/airflow/example_dags/example_sensors.py
[2025-04-04T13:58:30.292+0000] {processor.py:914} INFO - Processing file /home/airflow/.local/lib/python3.12/site-packages/airflow/example_dags/example_sensors.py for tasks to queue
[2025-04-04T13:58:30.298+0000] {logging_mixin.py:190} INFO - [2025-04-04T13:58:30.297+0000] {dagbag.py:588} INFO - Filling up the DagBag from /home/airflow/.local/lib/python3.12/site-packages/airflow/example_dags/example_sensors.py
[2025-04-04T13:58:30.327+0000] {processor.py:925} INFO - DAG(s) 'example_sensors' retrieved from /home/airflow/.local/lib/python3.12/site-packages/airflow/example_dags/example_sensors.py
[2025-04-04T13:58:30.392+0000] {logging_mixin.py:190} INFO - [2025-04-04T13:58:30.391+0000] {dag.py:3239} INFO - Sync 1 DAGs
[2025-04-04T13:58:30.452+0000] {logging_mixin.py:190} INFO - [2025-04-04T13:58:30.452+0000] {dag.py:4180} INFO - Setting next_dagrun for example_sensors to None, run_after=None
[2025-04-04T13:58:30.558+0000] {processor.py:208} INFO - Processing /home/airflow/.local/lib/python3.12/site-packages/airflow/example_dags/example_sensors.py took 0.282 seconds
[2025-04-04T13:59:02.609+0000] {processor.py:186} INFO - Started process (PID=2763) to work on /home/airflow/.local/lib/python3.12/site-packages/airflow/example_dags/example_sensors.py
[2025-04-04T13:59:02.611+0000] {processor.py:914} INFO - Processing file /home/airflow/.local/lib/python3.12/site-packages/airflow/example_dags/example_sensors.py for tasks to queue
[2025-04-04T13:59:02.616+0000] {logging_mixin.py:190} INFO - [2025-04-04T13:59:02.615+0000] {dagbag.py:588} INFO - Filling up the DagBag from /home/airflow/.local/lib/python3.12/site-packages/airflow/example_dags/example_sensors.py
[2025-04-04T13:59:02.640+0000] {processor.py:925} INFO - DAG(s) 'example_sensors' retrieved from /home/airflow/.local/lib/python3.12/site-packages/airflow/example_dags/example_sensors.py
[2025-04-04T13:59:02.735+0000] {logging_mixin.py:190} INFO - [2025-04-04T13:59:02.734+0000] {dag.py:3239} INFO - Sync 1 DAGs
[2025-04-04T13:59:02.775+0000] {logging_mixin.py:190} INFO - [2025-04-04T13:59:02.774+0000] {dag.py:4180} INFO - Setting next_dagrun for example_sensors to None, run_after=None
[2025-04-04T13:59:02.835+0000] {processor.py:208} INFO - Processing /home/airflow/.local/lib/python3.12/site-packages/airflow/example_dags/example_sensors.py took 0.238 seconds
