[2025-04-04T13:36:29.014+0000] {processor.py:186} INFO - Started process (PID=84) to work on /home/airflow/.local/lib/python3.12/site-packages/airflow/example_dags/example_branch_operator.py
[2025-04-04T13:36:29.034+0000] {processor.py:914} INFO - Processing file /home/airflow/.local/lib/python3.12/site-packages/airflow/example_dags/example_branch_operator.py for tasks to queue
[2025-04-04T13:36:29.047+0000] {logging_mixin.py:190} INFO - [2025-04-04T13:36:29.046+0000] {dagbag.py:588} INFO - Filling up the DagBag from /home/airflow/.local/lib/python3.12/site-packages/airflow/example_dags/example_branch_operator.py
[2025-04-04T13:36:29.117+0000] {processor.py:925} INFO - DAG(s) 'example_branch_operator' retrieved from /home/airflow/.local/lib/python3.12/site-packages/airflow/example_dags/example_branch_operator.py
[2025-04-04T13:36:29.573+0000] {logging_mixin.py:190} INFO - [2025-04-04T13:36:29.572+0000] {override.py:1912} INFO - Created Permission View: can edit on DAG:example_branch_operator
[2025-04-04T13:36:29.608+0000] {logging_mixin.py:190} INFO - [2025-04-04T13:36:29.607+0000] {override.py:1912} INFO - Created Permission View: can delete on DAG:example_branch_operator
[2025-04-04T13:36:29.642+0000] {logging_mixin.py:190} INFO - [2025-04-04T13:36:29.641+0000] {override.py:1912} INFO - Created Permission View: can read on DAG:example_branch_operator
[2025-04-04T13:36:29.683+0000] {logging_mixin.py:190} INFO - [2025-04-04T13:36:29.682+0000] {override.py:1912} INFO - Created Permission View: can delete on DAG Run:example_branch_operator
[2025-04-04T13:36:29.717+0000] {logging_mixin.py:190} INFO - [2025-04-04T13:36:29.716+0000] {override.py:1912} INFO - Created Permission View: can read on DAG Run:example_branch_operator
[2025-04-04T13:36:29.760+0000] {logging_mixin.py:190} INFO - [2025-04-04T13:36:29.759+0000] {override.py:1912} INFO - Created Permission View: can create on DAG Run:example_branch_operator
[2025-04-04T13:36:29.800+0000] {logging_mixin.py:190} INFO - [2025-04-04T13:36:29.800+0000] {override.py:1912} INFO - Created Permission View: menu access on DAG Run:example_branch_operator
[2025-04-04T13:36:29.810+0000] {logging_mixin.py:190} INFO - [2025-04-04T13:36:29.805+0000] {dag.py:3239} INFO - Sync 1 DAGs
[2025-04-04T13:36:29.894+0000] {logging_mixin.py:190} INFO - [2025-04-04T13:36:29.894+0000] {dag.py:3262} INFO - Creating ORM DAG for example_branch_operator
[2025-04-04T13:36:29.975+0000] {logging_mixin.py:190} INFO - [2025-04-04T13:36:29.970+0000] {dag.py:4180} INFO - Setting next_dagrun for example_branch_operator to 2025-04-03 00:00:00+00:00, run_after=2025-04-04 00:00:00+00:00
[2025-04-04T13:36:30.043+0000] {processor.py:208} INFO - Processing /home/airflow/.local/lib/python3.12/site-packages/airflow/example_dags/example_branch_operator.py took 1.043 seconds
[2025-04-04T13:37:00.321+0000] {processor.py:186} INFO - Started process (PID=147) to work on /home/airflow/.local/lib/python3.12/site-packages/airflow/example_dags/example_branch_operator.py
[2025-04-04T13:37:00.333+0000] {processor.py:914} INFO - Processing file /home/airflow/.local/lib/python3.12/site-packages/airflow/example_dags/example_branch_operator.py for tasks to queue
[2025-04-04T13:37:00.357+0000] {logging_mixin.py:190} INFO - [2025-04-04T13:37:00.356+0000] {dagbag.py:588} INFO - Filling up the DagBag from /home/airflow/.local/lib/python3.12/site-packages/airflow/example_dags/example_branch_operator.py
[2025-04-04T13:37:00.507+0000] {processor.py:925} INFO - DAG(s) 'example_branch_operator' retrieved from /home/airflow/.local/lib/python3.12/site-packages/airflow/example_dags/example_branch_operator.py
[2025-04-04T13:37:00.670+0000] {logging_mixin.py:190} INFO - [2025-04-04T13:37:00.670+0000] {dag.py:3239} INFO - Sync 1 DAGs
[2025-04-04T13:37:00.874+0000] {logging_mixin.py:190} INFO - [2025-04-04T13:37:00.873+0000] {dag.py:4180} INFO - Setting next_dagrun for example_branch_operator to 2025-04-03 00:00:00+00:00, run_after=2025-04-04 00:00:00+00:00
[2025-04-04T13:37:00.932+0000] {processor.py:208} INFO - Processing /home/airflow/.local/lib/python3.12/site-packages/airflow/example_dags/example_branch_operator.py took 0.630 seconds
[2025-04-04T13:37:31.338+0000] {processor.py:186} INFO - Started process (PID=210) to work on /home/airflow/.local/lib/python3.12/site-packages/airflow/example_dags/example_branch_operator.py
[2025-04-04T13:37:31.339+0000] {processor.py:914} INFO - Processing file /home/airflow/.local/lib/python3.12/site-packages/airflow/example_dags/example_branch_operator.py for tasks to queue
[2025-04-04T13:37:31.343+0000] {logging_mixin.py:190} INFO - [2025-04-04T13:37:31.343+0000] {dagbag.py:588} INFO - Filling up the DagBag from /home/airflow/.local/lib/python3.12/site-packages/airflow/example_dags/example_branch_operator.py
[2025-04-04T13:37:31.374+0000] {processor.py:925} INFO - DAG(s) 'example_branch_operator' retrieved from /home/airflow/.local/lib/python3.12/site-packages/airflow/example_dags/example_branch_operator.py
[2025-04-04T13:37:31.439+0000] {logging_mixin.py:190} INFO - [2025-04-04T13:37:31.438+0000] {dag.py:3239} INFO - Sync 1 DAGs
[2025-04-04T13:37:31.479+0000] {logging_mixin.py:190} INFO - [2025-04-04T13:37:31.479+0000] {dag.py:4180} INFO - Setting next_dagrun for example_branch_operator to 2025-04-03 00:00:00+00:00, run_after=2025-04-04 00:00:00+00:00
[2025-04-04T13:37:31.512+0000] {processor.py:208} INFO - Processing /home/airflow/.local/lib/python3.12/site-packages/airflow/example_dags/example_branch_operator.py took 0.187 seconds
[2025-04-04T13:38:02.344+0000] {processor.py:186} INFO - Started process (PID=273) to work on /home/airflow/.local/lib/python3.12/site-packages/airflow/example_dags/example_branch_operator.py
[2025-04-04T13:38:02.346+0000] {processor.py:914} INFO - Processing file /home/airflow/.local/lib/python3.12/site-packages/airflow/example_dags/example_branch_operator.py for tasks to queue
[2025-04-04T13:38:02.351+0000] {logging_mixin.py:190} INFO - [2025-04-04T13:38:02.350+0000] {dagbag.py:588} INFO - Filling up the DagBag from /home/airflow/.local/lib/python3.12/site-packages/airflow/example_dags/example_branch_operator.py
[2025-04-04T13:38:02.384+0000] {processor.py:925} INFO - DAG(s) 'example_branch_operator' retrieved from /home/airflow/.local/lib/python3.12/site-packages/airflow/example_dags/example_branch_operator.py
[2025-04-04T13:38:02.445+0000] {logging_mixin.py:190} INFO - [2025-04-04T13:38:02.444+0000] {dag.py:3239} INFO - Sync 1 DAGs
[2025-04-04T13:38:02.484+0000] {logging_mixin.py:190} INFO - [2025-04-04T13:38:02.483+0000] {dag.py:4180} INFO - Setting next_dagrun for example_branch_operator to 2025-04-03 00:00:00+00:00, run_after=2025-04-04 00:00:00+00:00
[2025-04-04T13:38:02.514+0000] {processor.py:208} INFO - Processing /home/airflow/.local/lib/python3.12/site-packages/airflow/example_dags/example_branch_operator.py took 0.180 seconds
[2025-04-04T13:38:33.350+0000] {processor.py:186} INFO - Started process (PID=336) to work on /home/airflow/.local/lib/python3.12/site-packages/airflow/example_dags/example_branch_operator.py
[2025-04-04T13:38:33.352+0000] {processor.py:914} INFO - Processing file /home/airflow/.local/lib/python3.12/site-packages/airflow/example_dags/example_branch_operator.py for tasks to queue
[2025-04-04T13:38:33.357+0000] {logging_mixin.py:190} INFO - [2025-04-04T13:38:33.356+0000] {dagbag.py:588} INFO - Filling up the DagBag from /home/airflow/.local/lib/python3.12/site-packages/airflow/example_dags/example_branch_operator.py
[2025-04-04T13:38:33.414+0000] {processor.py:925} INFO - DAG(s) 'example_branch_operator' retrieved from /home/airflow/.local/lib/python3.12/site-packages/airflow/example_dags/example_branch_operator.py
[2025-04-04T13:38:33.528+0000] {logging_mixin.py:190} INFO - [2025-04-04T13:38:33.527+0000] {dag.py:3239} INFO - Sync 1 DAGs
[2025-04-04T13:38:33.592+0000] {logging_mixin.py:190} INFO - [2025-04-04T13:38:33.592+0000] {dag.py:4180} INFO - Setting next_dagrun for example_branch_operator to 2025-04-03 00:00:00+00:00, run_after=2025-04-04 00:00:00+00:00
[2025-04-04T13:38:33.622+0000] {processor.py:208} INFO - Processing /home/airflow/.local/lib/python3.12/site-packages/airflow/example_dags/example_branch_operator.py took 0.285 seconds
[2025-04-04T13:39:09.259+0000] {processor.py:186} INFO - Started process (PID=399) to work on /home/airflow/.local/lib/python3.12/site-packages/airflow/example_dags/example_branch_operator.py
[2025-04-04T13:39:09.261+0000] {processor.py:914} INFO - Processing file /home/airflow/.local/lib/python3.12/site-packages/airflow/example_dags/example_branch_operator.py for tasks to queue
[2025-04-04T13:39:09.275+0000] {logging_mixin.py:190} INFO - [2025-04-04T13:39:09.265+0000] {dagbag.py:588} INFO - Filling up the DagBag from /home/airflow/.local/lib/python3.12/site-packages/airflow/example_dags/example_branch_operator.py
[2025-04-04T13:39:09.329+0000] {processor.py:925} INFO - DAG(s) 'example_branch_operator' retrieved from /home/airflow/.local/lib/python3.12/site-packages/airflow/example_dags/example_branch_operator.py
[2025-04-04T13:39:09.447+0000] {logging_mixin.py:190} INFO - [2025-04-04T13:39:09.446+0000] {dag.py:3239} INFO - Sync 1 DAGs
[2025-04-04T13:39:09.521+0000] {logging_mixin.py:190} INFO - [2025-04-04T13:39:09.520+0000] {dag.py:4180} INFO - Setting next_dagrun for example_branch_operator to 2025-04-03 00:00:00+00:00, run_after=2025-04-04 00:00:00+00:00
[2025-04-04T13:39:09.578+0000] {processor.py:208} INFO - Processing /home/airflow/.local/lib/python3.12/site-packages/airflow/example_dags/example_branch_operator.py took 0.347 seconds
[2025-04-04T13:39:46.133+0000] {processor.py:186} INFO - Started process (PID=452) to work on /home/airflow/.local/lib/python3.12/site-packages/airflow/example_dags/example_branch_operator.py
[2025-04-04T13:39:46.135+0000] {processor.py:914} INFO - Processing file /home/airflow/.local/lib/python3.12/site-packages/airflow/example_dags/example_branch_operator.py for tasks to queue
[2025-04-04T13:39:46.142+0000] {logging_mixin.py:190} INFO - [2025-04-04T13:39:46.141+0000] {dagbag.py:588} INFO - Filling up the DagBag from /home/airflow/.local/lib/python3.12/site-packages/airflow/example_dags/example_branch_operator.py
[2025-04-04T13:39:46.198+0000] {processor.py:925} INFO - DAG(s) 'example_branch_operator' retrieved from /home/airflow/.local/lib/python3.12/site-packages/airflow/example_dags/example_branch_operator.py
[2025-04-04T13:39:46.402+0000] {logging_mixin.py:190} INFO - [2025-04-04T13:39:46.401+0000] {dag.py:3239} INFO - Sync 1 DAGs
[2025-04-04T13:39:46.670+0000] {logging_mixin.py:190} INFO - [2025-04-04T13:39:46.669+0000] {dag.py:4180} INFO - Setting next_dagrun for example_branch_operator to 2025-04-03 00:00:00+00:00, run_after=2025-04-04 00:00:00+00:00
[2025-04-04T13:39:46.826+0000] {processor.py:208} INFO - Processing /home/airflow/.local/lib/python3.12/site-packages/airflow/example_dags/example_branch_operator.py took 0.712 seconds
[2025-04-04T13:40:17.063+0000] {processor.py:186} INFO - Started process (PID=517) to work on /home/airflow/.local/lib/python3.12/site-packages/airflow/example_dags/example_branch_operator.py
[2025-04-04T13:40:17.065+0000] {processor.py:914} INFO - Processing file /home/airflow/.local/lib/python3.12/site-packages/airflow/example_dags/example_branch_operator.py for tasks to queue
[2025-04-04T13:40:17.070+0000] {logging_mixin.py:190} INFO - [2025-04-04T13:40:17.070+0000] {dagbag.py:588} INFO - Filling up the DagBag from /home/airflow/.local/lib/python3.12/site-packages/airflow/example_dags/example_branch_operator.py
[2025-04-04T13:40:17.165+0000] {processor.py:925} INFO - DAG(s) 'example_branch_operator' retrieved from /home/airflow/.local/lib/python3.12/site-packages/airflow/example_dags/example_branch_operator.py
[2025-04-04T13:40:17.376+0000] {logging_mixin.py:190} INFO - [2025-04-04T13:40:17.376+0000] {dag.py:3239} INFO - Sync 1 DAGs
[2025-04-04T13:40:17.474+0000] {logging_mixin.py:190} INFO - [2025-04-04T13:40:17.473+0000] {dag.py:4180} INFO - Setting next_dagrun for example_branch_operator to 2025-04-03 00:00:00+00:00, run_after=2025-04-04 00:00:00+00:00
[2025-04-04T13:40:17.535+0000] {processor.py:208} INFO - Processing /home/airflow/.local/lib/python3.12/site-packages/airflow/example_dags/example_branch_operator.py took 0.486 seconds
[2025-04-04T13:40:47.707+0000] {processor.py:186} INFO - Started process (PID=580) to work on /home/airflow/.local/lib/python3.12/site-packages/airflow/example_dags/example_branch_operator.py
[2025-04-04T13:40:47.709+0000] {processor.py:914} INFO - Processing file /home/airflow/.local/lib/python3.12/site-packages/airflow/example_dags/example_branch_operator.py for tasks to queue
[2025-04-04T13:40:47.714+0000] {logging_mixin.py:190} INFO - [2025-04-04T13:40:47.713+0000] {dagbag.py:588} INFO - Filling up the DagBag from /home/airflow/.local/lib/python3.12/site-packages/airflow/example_dags/example_branch_operator.py
[2025-04-04T13:40:47.753+0000] {processor.py:925} INFO - DAG(s) 'example_branch_operator' retrieved from /home/airflow/.local/lib/python3.12/site-packages/airflow/example_dags/example_branch_operator.py
[2025-04-04T13:40:47.810+0000] {logging_mixin.py:190} INFO - [2025-04-04T13:40:47.810+0000] {dag.py:3239} INFO - Sync 1 DAGs
[2025-04-04T13:40:47.859+0000] {logging_mixin.py:190} INFO - [2025-04-04T13:40:47.858+0000] {dag.py:4180} INFO - Setting next_dagrun for example_branch_operator to 2025-04-03 00:00:00+00:00, run_after=2025-04-04 00:00:00+00:00
[2025-04-04T13:40:47.907+0000] {processor.py:208} INFO - Processing /home/airflow/.local/lib/python3.12/site-packages/airflow/example_dags/example_branch_operator.py took 0.212 seconds
[2025-04-04T13:41:18.074+0000] {processor.py:186} INFO - Started process (PID=642) to work on /home/airflow/.local/lib/python3.12/site-packages/airflow/example_dags/example_branch_operator.py
[2025-04-04T13:41:18.076+0000] {processor.py:914} INFO - Processing file /home/airflow/.local/lib/python3.12/site-packages/airflow/example_dags/example_branch_operator.py for tasks to queue
[2025-04-04T13:41:18.081+0000] {logging_mixin.py:190} INFO - [2025-04-04T13:41:18.080+0000] {dagbag.py:588} INFO - Filling up the DagBag from /home/airflow/.local/lib/python3.12/site-packages/airflow/example_dags/example_branch_operator.py
[2025-04-04T13:41:18.114+0000] {processor.py:925} INFO - DAG(s) 'example_branch_operator' retrieved from /home/airflow/.local/lib/python3.12/site-packages/airflow/example_dags/example_branch_operator.py
[2025-04-04T13:41:18.171+0000] {logging_mixin.py:190} INFO - [2025-04-04T13:41:18.171+0000] {dag.py:3239} INFO - Sync 1 DAGs
[2025-04-04T13:41:18.216+0000] {logging_mixin.py:190} INFO - [2025-04-04T13:41:18.215+0000] {dag.py:4180} INFO - Setting next_dagrun for example_branch_operator to 2025-04-03 00:00:00+00:00, run_after=2025-04-04 00:00:00+00:00
[2025-04-04T13:41:18.248+0000] {processor.py:208} INFO - Processing /home/airflow/.local/lib/python3.12/site-packages/airflow/example_dags/example_branch_operator.py took 0.186 seconds
[2025-04-04T13:41:48.466+0000] {processor.py:186} INFO - Started process (PID=705) to work on /home/airflow/.local/lib/python3.12/site-packages/airflow/example_dags/example_branch_operator.py
[2025-04-04T13:41:48.468+0000] {processor.py:914} INFO - Processing file /home/airflow/.local/lib/python3.12/site-packages/airflow/example_dags/example_branch_operator.py for tasks to queue
[2025-04-04T13:41:48.472+0000] {logging_mixin.py:190} INFO - [2025-04-04T13:41:48.471+0000] {dagbag.py:588} INFO - Filling up the DagBag from /home/airflow/.local/lib/python3.12/site-packages/airflow/example_dags/example_branch_operator.py
[2025-04-04T13:41:48.500+0000] {processor.py:925} INFO - DAG(s) 'example_branch_operator' retrieved from /home/airflow/.local/lib/python3.12/site-packages/airflow/example_dags/example_branch_operator.py
[2025-04-04T13:41:48.549+0000] {logging_mixin.py:190} INFO - [2025-04-04T13:41:48.548+0000] {dag.py:3239} INFO - Sync 1 DAGs
[2025-04-04T13:41:48.592+0000] {logging_mixin.py:190} INFO - [2025-04-04T13:41:48.591+0000] {dag.py:4180} INFO - Setting next_dagrun for example_branch_operator to 2025-04-03 00:00:00+00:00, run_after=2025-04-04 00:00:00+00:00
[2025-04-04T13:41:48.626+0000] {processor.py:208} INFO - Processing /home/airflow/.local/lib/python3.12/site-packages/airflow/example_dags/example_branch_operator.py took 0.169 seconds
[2025-04-04T13:42:18.805+0000] {processor.py:186} INFO - Started process (PID=767) to work on /home/airflow/.local/lib/python3.12/site-packages/airflow/example_dags/example_branch_operator.py
[2025-04-04T13:42:18.806+0000] {processor.py:914} INFO - Processing file /home/airflow/.local/lib/python3.12/site-packages/airflow/example_dags/example_branch_operator.py for tasks to queue
[2025-04-04T13:42:18.810+0000] {logging_mixin.py:190} INFO - [2025-04-04T13:42:18.810+0000] {dagbag.py:588} INFO - Filling up the DagBag from /home/airflow/.local/lib/python3.12/site-packages/airflow/example_dags/example_branch_operator.py
[2025-04-04T13:42:18.840+0000] {processor.py:925} INFO - DAG(s) 'example_branch_operator' retrieved from /home/airflow/.local/lib/python3.12/site-packages/airflow/example_dags/example_branch_operator.py
[2025-04-04T13:42:18.890+0000] {logging_mixin.py:190} INFO - [2025-04-04T13:42:18.890+0000] {dag.py:3239} INFO - Sync 1 DAGs
[2025-04-04T13:42:18.936+0000] {logging_mixin.py:190} INFO - [2025-04-04T13:42:18.936+0000] {dag.py:4180} INFO - Setting next_dagrun for example_branch_operator to 2025-04-03 00:00:00+00:00, run_after=2025-04-04 00:00:00+00:00
[2025-04-04T13:42:18.968+0000] {processor.py:208} INFO - Processing /home/airflow/.local/lib/python3.12/site-packages/airflow/example_dags/example_branch_operator.py took 0.172 seconds
[2025-04-04T13:42:49.824+0000] {processor.py:186} INFO - Started process (PID=829) to work on /home/airflow/.local/lib/python3.12/site-packages/airflow/example_dags/example_branch_operator.py
[2025-04-04T13:42:49.876+0000] {processor.py:914} INFO - Processing file /home/airflow/.local/lib/python3.12/site-packages/airflow/example_dags/example_branch_operator.py for tasks to queue
[2025-04-04T13:42:49.893+0000] {logging_mixin.py:190} INFO - [2025-04-04T13:42:49.892+0000] {dagbag.py:588} INFO - Filling up the DagBag from /home/airflow/.local/lib/python3.12/site-packages/airflow/example_dags/example_branch_operator.py
[2025-04-04T13:42:50.101+0000] {processor.py:925} INFO - DAG(s) 'example_branch_operator' retrieved from /home/airflow/.local/lib/python3.12/site-packages/airflow/example_dags/example_branch_operator.py
[2025-04-04T13:42:50.386+0000] {logging_mixin.py:190} INFO - [2025-04-04T13:42:50.385+0000] {dag.py:3239} INFO - Sync 1 DAGs
[2025-04-04T13:42:50.682+0000] {logging_mixin.py:190} INFO - [2025-04-04T13:42:50.681+0000] {dag.py:4180} INFO - Setting next_dagrun for example_branch_operator to 2025-04-03 00:00:00+00:00, run_after=2025-04-04 00:00:00+00:00
[2025-04-04T13:42:50.764+0000] {processor.py:208} INFO - Processing /home/airflow/.local/lib/python3.12/site-packages/airflow/example_dags/example_branch_operator.py took 0.985 seconds
[2025-04-04T13:43:21.163+0000] {processor.py:186} INFO - Started process (PID=893) to work on /home/airflow/.local/lib/python3.12/site-packages/airflow/example_dags/example_branch_operator.py
[2025-04-04T13:43:21.164+0000] {processor.py:914} INFO - Processing file /home/airflow/.local/lib/python3.12/site-packages/airflow/example_dags/example_branch_operator.py for tasks to queue
[2025-04-04T13:43:21.168+0000] {logging_mixin.py:190} INFO - [2025-04-04T13:43:21.168+0000] {dagbag.py:588} INFO - Filling up the DagBag from /home/airflow/.local/lib/python3.12/site-packages/airflow/example_dags/example_branch_operator.py
[2025-04-04T13:43:21.205+0000] {processor.py:925} INFO - DAG(s) 'example_branch_operator' retrieved from /home/airflow/.local/lib/python3.12/site-packages/airflow/example_dags/example_branch_operator.py
[2025-04-04T13:43:21.262+0000] {logging_mixin.py:190} INFO - [2025-04-04T13:43:21.262+0000] {dag.py:3239} INFO - Sync 1 DAGs
[2025-04-04T13:43:21.306+0000] {logging_mixin.py:190} INFO - [2025-04-04T13:43:21.306+0000] {dag.py:4180} INFO - Setting next_dagrun for example_branch_operator to 2025-04-03 00:00:00+00:00, run_after=2025-04-04 00:00:00+00:00
[2025-04-04T13:43:21.358+0000] {processor.py:208} INFO - Processing /home/airflow/.local/lib/python3.12/site-packages/airflow/example_dags/example_branch_operator.py took 0.206 seconds
[2025-04-04T13:43:53.913+0000] {processor.py:186} INFO - Started process (PID=960) to work on /home/airflow/.local/lib/python3.12/site-packages/airflow/example_dags/example_branch_operator.py
[2025-04-04T13:43:53.914+0000] {processor.py:914} INFO - Processing file /home/airflow/.local/lib/python3.12/site-packages/airflow/example_dags/example_branch_operator.py for tasks to queue
[2025-04-04T13:43:53.924+0000] {logging_mixin.py:190} INFO - [2025-04-04T13:43:53.923+0000] {dagbag.py:588} INFO - Filling up the DagBag from /home/airflow/.local/lib/python3.12/site-packages/airflow/example_dags/example_branch_operator.py
[2025-04-04T13:43:54.001+0000] {processor.py:925} INFO - DAG(s) 'example_branch_operator' retrieved from /home/airflow/.local/lib/python3.12/site-packages/airflow/example_dags/example_branch_operator.py
[2025-04-04T13:43:54.103+0000] {logging_mixin.py:190} INFO - [2025-04-04T13:43:54.102+0000] {dag.py:3239} INFO - Sync 1 DAGs
[2025-04-04T13:43:54.176+0000] {logging_mixin.py:190} INFO - [2025-04-04T13:43:54.176+0000] {dag.py:4180} INFO - Setting next_dagrun for example_branch_operator to 2025-04-03 00:00:00+00:00, run_after=2025-04-04 00:00:00+00:00
[2025-04-04T13:43:54.222+0000] {processor.py:208} INFO - Processing /home/airflow/.local/lib/python3.12/site-packages/airflow/example_dags/example_branch_operator.py took 0.322 seconds
[2025-04-04T13:44:25.805+0000] {processor.py:186} INFO - Started process (PID=1023) to work on /home/airflow/.local/lib/python3.12/site-packages/airflow/example_dags/example_branch_operator.py
[2025-04-04T13:44:25.807+0000] {processor.py:914} INFO - Processing file /home/airflow/.local/lib/python3.12/site-packages/airflow/example_dags/example_branch_operator.py for tasks to queue
[2025-04-04T13:44:25.811+0000] {logging_mixin.py:190} INFO - [2025-04-04T13:44:25.810+0000] {dagbag.py:588} INFO - Filling up the DagBag from /home/airflow/.local/lib/python3.12/site-packages/airflow/example_dags/example_branch_operator.py
[2025-04-04T13:44:25.861+0000] {processor.py:925} INFO - DAG(s) 'example_branch_operator' retrieved from /home/airflow/.local/lib/python3.12/site-packages/airflow/example_dags/example_branch_operator.py
[2025-04-04T13:44:25.944+0000] {logging_mixin.py:190} INFO - [2025-04-04T13:44:25.943+0000] {dag.py:3239} INFO - Sync 1 DAGs
[2025-04-04T13:44:26.014+0000] {logging_mixin.py:190} INFO - [2025-04-04T13:44:26.014+0000] {dag.py:4180} INFO - Setting next_dagrun for example_branch_operator to 2025-04-03 00:00:00+00:00, run_after=2025-04-04 00:00:00+00:00
[2025-04-04T13:44:26.071+0000] {processor.py:208} INFO - Processing /home/airflow/.local/lib/python3.12/site-packages/airflow/example_dags/example_branch_operator.py took 0.279 seconds
[2025-04-04T13:44:56.839+0000] {processor.py:186} INFO - Started process (PID=1085) to work on /home/airflow/.local/lib/python3.12/site-packages/airflow/example_dags/example_branch_operator.py
[2025-04-04T13:44:56.840+0000] {processor.py:914} INFO - Processing file /home/airflow/.local/lib/python3.12/site-packages/airflow/example_dags/example_branch_operator.py for tasks to queue
[2025-04-04T13:44:56.846+0000] {logging_mixin.py:190} INFO - [2025-04-04T13:44:56.845+0000] {dagbag.py:588} INFO - Filling up the DagBag from /home/airflow/.local/lib/python3.12/site-packages/airflow/example_dags/example_branch_operator.py
[2025-04-04T13:44:56.894+0000] {processor.py:925} INFO - DAG(s) 'example_branch_operator' retrieved from /home/airflow/.local/lib/python3.12/site-packages/airflow/example_dags/example_branch_operator.py
[2025-04-04T13:44:56.958+0000] {logging_mixin.py:190} INFO - [2025-04-04T13:44:56.958+0000] {dag.py:3239} INFO - Sync 1 DAGs
[2025-04-04T13:44:57.020+0000] {logging_mixin.py:190} INFO - [2025-04-04T13:44:57.020+0000] {dag.py:4180} INFO - Setting next_dagrun for example_branch_operator to 2025-04-03 00:00:00+00:00, run_after=2025-04-04 00:00:00+00:00
[2025-04-04T13:44:57.055+0000] {processor.py:208} INFO - Processing /home/airflow/.local/lib/python3.12/site-packages/airflow/example_dags/example_branch_operator.py took 0.230 seconds
[2025-04-04T13:45:27.740+0000] {processor.py:186} INFO - Started process (PID=1148) to work on /home/airflow/.local/lib/python3.12/site-packages/airflow/example_dags/example_branch_operator.py
[2025-04-04T13:45:27.742+0000] {processor.py:914} INFO - Processing file /home/airflow/.local/lib/python3.12/site-packages/airflow/example_dags/example_branch_operator.py for tasks to queue
[2025-04-04T13:45:27.748+0000] {logging_mixin.py:190} INFO - [2025-04-04T13:45:27.747+0000] {dagbag.py:588} INFO - Filling up the DagBag from /home/airflow/.local/lib/python3.12/site-packages/airflow/example_dags/example_branch_operator.py
[2025-04-04T13:45:27.791+0000] {processor.py:925} INFO - DAG(s) 'example_branch_operator' retrieved from /home/airflow/.local/lib/python3.12/site-packages/airflow/example_dags/example_branch_operator.py
[2025-04-04T13:45:27.878+0000] {logging_mixin.py:190} INFO - [2025-04-04T13:45:27.878+0000] {dag.py:3239} INFO - Sync 1 DAGs
[2025-04-04T13:45:27.939+0000] {logging_mixin.py:190} INFO - [2025-04-04T13:45:27.938+0000] {dag.py:4180} INFO - Setting next_dagrun for example_branch_operator to 2025-04-03 00:00:00+00:00, run_after=2025-04-04 00:00:00+00:00
[2025-04-04T13:45:27.983+0000] {processor.py:208} INFO - Processing /home/airflow/.local/lib/python3.12/site-packages/airflow/example_dags/example_branch_operator.py took 0.256 seconds
[2025-04-04T13:45:58.113+0000] {processor.py:186} INFO - Started process (PID=1210) to work on /home/airflow/.local/lib/python3.12/site-packages/airflow/example_dags/example_branch_operator.py
[2025-04-04T13:45:58.115+0000] {processor.py:914} INFO - Processing file /home/airflow/.local/lib/python3.12/site-packages/airflow/example_dags/example_branch_operator.py for tasks to queue
[2025-04-04T13:45:58.120+0000] {logging_mixin.py:190} INFO - [2025-04-04T13:45:58.119+0000] {dagbag.py:588} INFO - Filling up the DagBag from /home/airflow/.local/lib/python3.12/site-packages/airflow/example_dags/example_branch_operator.py
[2025-04-04T13:45:58.166+0000] {processor.py:925} INFO - DAG(s) 'example_branch_operator' retrieved from /home/airflow/.local/lib/python3.12/site-packages/airflow/example_dags/example_branch_operator.py
[2025-04-04T13:45:58.240+0000] {logging_mixin.py:190} INFO - [2025-04-04T13:45:58.240+0000] {dag.py:3239} INFO - Sync 1 DAGs
[2025-04-04T13:45:58.308+0000] {logging_mixin.py:190} INFO - [2025-04-04T13:45:58.308+0000] {dag.py:4180} INFO - Setting next_dagrun for example_branch_operator to 2025-04-03 00:00:00+00:00, run_after=2025-04-04 00:00:00+00:00
[2025-04-04T13:45:58.357+0000] {processor.py:208} INFO - Processing /home/airflow/.local/lib/python3.12/site-packages/airflow/example_dags/example_branch_operator.py took 0.257 seconds
[2025-04-04T13:46:36.749+0000] {processor.py:186} INFO - Started process (PID=1262) to work on /home/airflow/.local/lib/python3.12/site-packages/airflow/example_dags/example_branch_operator.py
[2025-04-04T13:46:36.751+0000] {processor.py:914} INFO - Processing file /home/airflow/.local/lib/python3.12/site-packages/airflow/example_dags/example_branch_operator.py for tasks to queue
[2025-04-04T13:46:36.756+0000] {logging_mixin.py:190} INFO - [2025-04-04T13:46:36.756+0000] {dagbag.py:588} INFO - Filling up the DagBag from /home/airflow/.local/lib/python3.12/site-packages/airflow/example_dags/example_branch_operator.py
[2025-04-04T13:46:36.806+0000] {processor.py:925} INFO - DAG(s) 'example_branch_operator' retrieved from /home/airflow/.local/lib/python3.12/site-packages/airflow/example_dags/example_branch_operator.py
[2025-04-04T13:46:36.907+0000] {logging_mixin.py:190} INFO - [2025-04-04T13:46:36.907+0000] {dag.py:3239} INFO - Sync 1 DAGs
[2025-04-04T13:46:36.985+0000] {logging_mixin.py:190} INFO - [2025-04-04T13:46:36.985+0000] {dag.py:4180} INFO - Setting next_dagrun for example_branch_operator to 2025-04-03 00:00:00+00:00, run_after=2025-04-04 00:00:00+00:00
[2025-04-04T13:46:37.040+0000] {processor.py:208} INFO - Processing /home/airflow/.local/lib/python3.12/site-packages/airflow/example_dags/example_branch_operator.py took 0.304 seconds
[2025-04-04T13:47:07.795+0000] {processor.py:186} INFO - Started process (PID=1325) to work on /home/airflow/.local/lib/python3.12/site-packages/airflow/example_dags/example_branch_operator.py
[2025-04-04T13:47:07.797+0000] {processor.py:914} INFO - Processing file /home/airflow/.local/lib/python3.12/site-packages/airflow/example_dags/example_branch_operator.py for tasks to queue
[2025-04-04T13:47:07.805+0000] {logging_mixin.py:190} INFO - [2025-04-04T13:47:07.804+0000] {dagbag.py:588} INFO - Filling up the DagBag from /home/airflow/.local/lib/python3.12/site-packages/airflow/example_dags/example_branch_operator.py
[2025-04-04T13:47:07.863+0000] {processor.py:925} INFO - DAG(s) 'example_branch_operator' retrieved from /home/airflow/.local/lib/python3.12/site-packages/airflow/example_dags/example_branch_operator.py
[2025-04-04T13:47:07.940+0000] {logging_mixin.py:190} INFO - [2025-04-04T13:47:07.939+0000] {dag.py:3239} INFO - Sync 1 DAGs
[2025-04-04T13:47:08.025+0000] {logging_mixin.py:190} INFO - [2025-04-04T13:47:08.025+0000] {dag.py:4180} INFO - Setting next_dagrun for example_branch_operator to 2025-04-03 00:00:00+00:00, run_after=2025-04-04 00:00:00+00:00
[2025-04-04T13:47:08.079+0000] {processor.py:208} INFO - Processing /home/airflow/.local/lib/python3.12/site-packages/airflow/example_dags/example_branch_operator.py took 0.299 seconds
[2025-04-04T13:47:38.261+0000] {processor.py:186} INFO - Started process (PID=1388) to work on /home/airflow/.local/lib/python3.12/site-packages/airflow/example_dags/example_branch_operator.py
[2025-04-04T13:47:38.265+0000] {processor.py:914} INFO - Processing file /home/airflow/.local/lib/python3.12/site-packages/airflow/example_dags/example_branch_operator.py for tasks to queue
[2025-04-04T13:47:38.270+0000] {logging_mixin.py:190} INFO - [2025-04-04T13:47:38.269+0000] {dagbag.py:588} INFO - Filling up the DagBag from /home/airflow/.local/lib/python3.12/site-packages/airflow/example_dags/example_branch_operator.py
[2025-04-04T13:47:38.335+0000] {processor.py:925} INFO - DAG(s) 'example_branch_operator' retrieved from /home/airflow/.local/lib/python3.12/site-packages/airflow/example_dags/example_branch_operator.py
[2025-04-04T13:47:38.445+0000] {logging_mixin.py:190} INFO - [2025-04-04T13:47:38.444+0000] {dag.py:3239} INFO - Sync 1 DAGs
[2025-04-04T13:47:38.524+0000] {logging_mixin.py:190} INFO - [2025-04-04T13:47:38.523+0000] {dag.py:4180} INFO - Setting next_dagrun for example_branch_operator to 2025-04-03 00:00:00+00:00, run_after=2025-04-04 00:00:00+00:00
[2025-04-04T13:47:38.576+0000] {processor.py:208} INFO - Processing /home/airflow/.local/lib/python3.12/site-packages/airflow/example_dags/example_branch_operator.py took 0.335 seconds
[2025-04-04T13:48:09.263+0000] {processor.py:186} INFO - Started process (PID=1452) to work on /home/airflow/.local/lib/python3.12/site-packages/airflow/example_dags/example_branch_operator.py
[2025-04-04T13:48:09.265+0000] {processor.py:914} INFO - Processing file /home/airflow/.local/lib/python3.12/site-packages/airflow/example_dags/example_branch_operator.py for tasks to queue
[2025-04-04T13:48:09.272+0000] {logging_mixin.py:190} INFO - [2025-04-04T13:48:09.271+0000] {dagbag.py:588} INFO - Filling up the DagBag from /home/airflow/.local/lib/python3.12/site-packages/airflow/example_dags/example_branch_operator.py
[2025-04-04T13:48:09.318+0000] {processor.py:925} INFO - DAG(s) 'example_branch_operator' retrieved from /home/airflow/.local/lib/python3.12/site-packages/airflow/example_dags/example_branch_operator.py
[2025-04-04T13:48:09.406+0000] {logging_mixin.py:190} INFO - [2025-04-04T13:48:09.406+0000] {dag.py:3239} INFO - Sync 1 DAGs
[2025-04-04T13:48:09.501+0000] {logging_mixin.py:190} INFO - [2025-04-04T13:48:09.500+0000] {dag.py:4180} INFO - Setting next_dagrun for example_branch_operator to 2025-04-03 00:00:00+00:00, run_after=2025-04-04 00:00:00+00:00
[2025-04-04T13:48:09.625+0000] {processor.py:208} INFO - Processing /home/airflow/.local/lib/python3.12/site-packages/airflow/example_dags/example_branch_operator.py took 0.382 seconds
[2025-04-04T13:48:41.824+0000] {processor.py:186} INFO - Started process (PID=1514) to work on /home/airflow/.local/lib/python3.12/site-packages/airflow/example_dags/example_branch_operator.py
[2025-04-04T13:48:41.826+0000] {processor.py:914} INFO - Processing file /home/airflow/.local/lib/python3.12/site-packages/airflow/example_dags/example_branch_operator.py for tasks to queue
[2025-04-04T13:48:41.836+0000] {logging_mixin.py:190} INFO - [2025-04-04T13:48:41.835+0000] {dagbag.py:588} INFO - Filling up the DagBag from /home/airflow/.local/lib/python3.12/site-packages/airflow/example_dags/example_branch_operator.py
[2025-04-04T13:48:41.880+0000] {processor.py:925} INFO - DAG(s) 'example_branch_operator' retrieved from /home/airflow/.local/lib/python3.12/site-packages/airflow/example_dags/example_branch_operator.py
[2025-04-04T13:48:41.967+0000] {logging_mixin.py:190} INFO - [2025-04-04T13:48:41.966+0000] {dag.py:3239} INFO - Sync 1 DAGs
[2025-04-04T13:48:42.052+0000] {logging_mixin.py:190} INFO - [2025-04-04T13:48:42.051+0000] {dag.py:4180} INFO - Setting next_dagrun for example_branch_operator to 2025-04-03 00:00:00+00:00, run_after=2025-04-04 00:00:00+00:00
[2025-04-04T13:48:42.116+0000] {processor.py:208} INFO - Processing /home/airflow/.local/lib/python3.12/site-packages/airflow/example_dags/example_branch_operator.py took 0.305 seconds
[2025-04-04T13:49:12.441+0000] {processor.py:186} INFO - Started process (PID=1576) to work on /home/airflow/.local/lib/python3.12/site-packages/airflow/example_dags/example_branch_operator.py
[2025-04-04T13:49:12.442+0000] {processor.py:914} INFO - Processing file /home/airflow/.local/lib/python3.12/site-packages/airflow/example_dags/example_branch_operator.py for tasks to queue
[2025-04-04T13:49:12.447+0000] {logging_mixin.py:190} INFO - [2025-04-04T13:49:12.446+0000] {dagbag.py:588} INFO - Filling up the DagBag from /home/airflow/.local/lib/python3.12/site-packages/airflow/example_dags/example_branch_operator.py
[2025-04-04T13:49:12.483+0000] {processor.py:925} INFO - DAG(s) 'example_branch_operator' retrieved from /home/airflow/.local/lib/python3.12/site-packages/airflow/example_dags/example_branch_operator.py
[2025-04-04T13:49:12.585+0000] {logging_mixin.py:190} INFO - [2025-04-04T13:49:12.585+0000] {dag.py:3239} INFO - Sync 1 DAGs
[2025-04-04T13:49:12.657+0000] {logging_mixin.py:190} INFO - [2025-04-04T13:49:12.656+0000] {dag.py:4180} INFO - Setting next_dagrun for example_branch_operator to 2025-04-03 00:00:00+00:00, run_after=2025-04-04 00:00:00+00:00
[2025-04-04T13:49:12.703+0000] {processor.py:208} INFO - Processing /home/airflow/.local/lib/python3.12/site-packages/airflow/example_dags/example_branch_operator.py took 0.276 seconds
[2025-04-04T13:49:42.925+0000] {processor.py:186} INFO - Started process (PID=1639) to work on /home/airflow/.local/lib/python3.12/site-packages/airflow/example_dags/example_branch_operator.py
[2025-04-04T13:49:42.926+0000] {processor.py:914} INFO - Processing file /home/airflow/.local/lib/python3.12/site-packages/airflow/example_dags/example_branch_operator.py for tasks to queue
[2025-04-04T13:49:42.930+0000] {logging_mixin.py:190} INFO - [2025-04-04T13:49:42.930+0000] {dagbag.py:588} INFO - Filling up the DagBag from /home/airflow/.local/lib/python3.12/site-packages/airflow/example_dags/example_branch_operator.py
[2025-04-04T13:49:42.978+0000] {processor.py:925} INFO - DAG(s) 'example_branch_operator' retrieved from /home/airflow/.local/lib/python3.12/site-packages/airflow/example_dags/example_branch_operator.py
[2025-04-04T13:49:43.044+0000] {logging_mixin.py:190} INFO - [2025-04-04T13:49:43.044+0000] {dag.py:3239} INFO - Sync 1 DAGs
[2025-04-04T13:49:43.111+0000] {logging_mixin.py:190} INFO - [2025-04-04T13:49:43.111+0000] {dag.py:4180} INFO - Setting next_dagrun for example_branch_operator to 2025-04-03 00:00:00+00:00, run_after=2025-04-04 00:00:00+00:00
[2025-04-04T13:49:43.167+0000] {processor.py:208} INFO - Processing /home/airflow/.local/lib/python3.12/site-packages/airflow/example_dags/example_branch_operator.py took 0.255 seconds
[2025-04-04T13:50:14.055+0000] {processor.py:186} INFO - Started process (PID=1698) to work on /home/airflow/.local/lib/python3.12/site-packages/airflow/example_dags/example_branch_operator.py
[2025-04-04T13:50:14.057+0000] {processor.py:914} INFO - Processing file /home/airflow/.local/lib/python3.12/site-packages/airflow/example_dags/example_branch_operator.py for tasks to queue
[2025-04-04T13:50:14.062+0000] {logging_mixin.py:190} INFO - [2025-04-04T13:50:14.061+0000] {dagbag.py:588} INFO - Filling up the DagBag from /home/airflow/.local/lib/python3.12/site-packages/airflow/example_dags/example_branch_operator.py
[2025-04-04T13:50:14.117+0000] {processor.py:925} INFO - DAG(s) 'example_branch_operator' retrieved from /home/airflow/.local/lib/python3.12/site-packages/airflow/example_dags/example_branch_operator.py
[2025-04-04T13:50:14.192+0000] {logging_mixin.py:190} INFO - [2025-04-04T13:50:14.191+0000] {dag.py:3239} INFO - Sync 1 DAGs
[2025-04-04T13:50:14.250+0000] {logging_mixin.py:190} INFO - [2025-04-04T13:50:14.250+0000] {dag.py:4180} INFO - Setting next_dagrun for example_branch_operator to 2025-04-03 00:00:00+00:00, run_after=2025-04-04 00:00:00+00:00
[2025-04-04T13:50:14.299+0000] {processor.py:208} INFO - Processing /home/airflow/.local/lib/python3.12/site-packages/airflow/example_dags/example_branch_operator.py took 0.261 seconds
[2025-04-04T13:50:46.314+0000] {processor.py:186} INFO - Started process (PID=1761) to work on /home/airflow/.local/lib/python3.12/site-packages/airflow/example_dags/example_branch_operator.py
[2025-04-04T13:50:46.316+0000] {processor.py:914} INFO - Processing file /home/airflow/.local/lib/python3.12/site-packages/airflow/example_dags/example_branch_operator.py for tasks to queue
[2025-04-04T13:50:46.330+0000] {logging_mixin.py:190} INFO - [2025-04-04T13:50:46.329+0000] {dagbag.py:588} INFO - Filling up the DagBag from /home/airflow/.local/lib/python3.12/site-packages/airflow/example_dags/example_branch_operator.py
[2025-04-04T13:50:46.398+0000] {processor.py:925} INFO - DAG(s) 'example_branch_operator' retrieved from /home/airflow/.local/lib/python3.12/site-packages/airflow/example_dags/example_branch_operator.py
[2025-04-04T13:50:46.531+0000] {logging_mixin.py:190} INFO - [2025-04-04T13:50:46.530+0000] {dag.py:3239} INFO - Sync 1 DAGs
[2025-04-04T13:50:46.636+0000] {logging_mixin.py:190} INFO - [2025-04-04T13:50:46.635+0000] {dag.py:4180} INFO - Setting next_dagrun for example_branch_operator to 2025-04-03 00:00:00+00:00, run_after=2025-04-04 00:00:00+00:00
[2025-04-04T13:50:46.685+0000] {processor.py:208} INFO - Processing /home/airflow/.local/lib/python3.12/site-packages/airflow/example_dags/example_branch_operator.py took 0.395 seconds
[2025-04-04T13:51:17.536+0000] {processor.py:186} INFO - Started process (PID=1823) to work on /home/airflow/.local/lib/python3.12/site-packages/airflow/example_dags/example_branch_operator.py
[2025-04-04T13:51:17.538+0000] {processor.py:914} INFO - Processing file /home/airflow/.local/lib/python3.12/site-packages/airflow/example_dags/example_branch_operator.py for tasks to queue
[2025-04-04T13:51:17.544+0000] {logging_mixin.py:190} INFO - [2025-04-04T13:51:17.544+0000] {dagbag.py:588} INFO - Filling up the DagBag from /home/airflow/.local/lib/python3.12/site-packages/airflow/example_dags/example_branch_operator.py
[2025-04-04T13:51:17.588+0000] {processor.py:925} INFO - DAG(s) 'example_branch_operator' retrieved from /home/airflow/.local/lib/python3.12/site-packages/airflow/example_dags/example_branch_operator.py
[2025-04-04T13:51:17.653+0000] {logging_mixin.py:190} INFO - [2025-04-04T13:51:17.652+0000] {dag.py:3239} INFO - Sync 1 DAGs
[2025-04-04T13:51:17.712+0000] {logging_mixin.py:190} INFO - [2025-04-04T13:51:17.711+0000] {dag.py:4180} INFO - Setting next_dagrun for example_branch_operator to 2025-04-03 00:00:00+00:00, run_after=2025-04-04 00:00:00+00:00
[2025-04-04T13:51:17.756+0000] {processor.py:208} INFO - Processing /home/airflow/.local/lib/python3.12/site-packages/airflow/example_dags/example_branch_operator.py took 0.230 seconds
[2025-04-04T13:51:47.890+0000] {processor.py:186} INFO - Started process (PID=1886) to work on /home/airflow/.local/lib/python3.12/site-packages/airflow/example_dags/example_branch_operator.py
[2025-04-04T13:51:47.892+0000] {processor.py:914} INFO - Processing file /home/airflow/.local/lib/python3.12/site-packages/airflow/example_dags/example_branch_operator.py for tasks to queue
[2025-04-04T13:51:47.896+0000] {logging_mixin.py:190} INFO - [2025-04-04T13:51:47.896+0000] {dagbag.py:588} INFO - Filling up the DagBag from /home/airflow/.local/lib/python3.12/site-packages/airflow/example_dags/example_branch_operator.py
[2025-04-04T13:51:47.974+0000] {processor.py:925} INFO - DAG(s) 'example_branch_operator' retrieved from /home/airflow/.local/lib/python3.12/site-packages/airflow/example_dags/example_branch_operator.py
[2025-04-04T13:51:48.127+0000] {logging_mixin.py:190} INFO - [2025-04-04T13:51:48.126+0000] {dag.py:3239} INFO - Sync 1 DAGs
[2025-04-04T13:51:48.257+0000] {logging_mixin.py:190} INFO - [2025-04-04T13:51:48.256+0000] {dag.py:4180} INFO - Setting next_dagrun for example_branch_operator to 2025-04-03 00:00:00+00:00, run_after=2025-04-04 00:00:00+00:00
[2025-04-04T13:51:48.349+0000] {processor.py:208} INFO - Processing /home/airflow/.local/lib/python3.12/site-packages/airflow/example_dags/example_branch_operator.py took 0.472 seconds
[2025-04-04T13:52:19.203+0000] {processor.py:186} INFO - Started process (PID=1949) to work on /home/airflow/.local/lib/python3.12/site-packages/airflow/example_dags/example_branch_operator.py
[2025-04-04T13:52:19.205+0000] {processor.py:914} INFO - Processing file /home/airflow/.local/lib/python3.12/site-packages/airflow/example_dags/example_branch_operator.py for tasks to queue
[2025-04-04T13:52:19.210+0000] {logging_mixin.py:190} INFO - [2025-04-04T13:52:19.209+0000] {dagbag.py:588} INFO - Filling up the DagBag from /home/airflow/.local/lib/python3.12/site-packages/airflow/example_dags/example_branch_operator.py
[2025-04-04T13:52:19.249+0000] {processor.py:925} INFO - DAG(s) 'example_branch_operator' retrieved from /home/airflow/.local/lib/python3.12/site-packages/airflow/example_dags/example_branch_operator.py
[2025-04-04T13:52:19.306+0000] {logging_mixin.py:190} INFO - [2025-04-04T13:52:19.306+0000] {dag.py:3239} INFO - Sync 1 DAGs
[2025-04-04T13:52:19.364+0000] {logging_mixin.py:190} INFO - [2025-04-04T13:52:19.363+0000] {dag.py:4180} INFO - Setting next_dagrun for example_branch_operator to 2025-04-03 00:00:00+00:00, run_after=2025-04-04 00:00:00+00:00
[2025-04-04T13:52:19.400+0000] {processor.py:208} INFO - Processing /home/airflow/.local/lib/python3.12/site-packages/airflow/example_dags/example_branch_operator.py took 0.209 seconds
[2025-04-04T13:52:49.643+0000] {processor.py:186} INFO - Started process (PID=2012) to work on /home/airflow/.local/lib/python3.12/site-packages/airflow/example_dags/example_branch_operator.py
[2025-04-04T13:52:49.645+0000] {processor.py:914} INFO - Processing file /home/airflow/.local/lib/python3.12/site-packages/airflow/example_dags/example_branch_operator.py for tasks to queue
[2025-04-04T13:52:49.650+0000] {logging_mixin.py:190} INFO - [2025-04-04T13:52:49.649+0000] {dagbag.py:588} INFO - Filling up the DagBag from /home/airflow/.local/lib/python3.12/site-packages/airflow/example_dags/example_branch_operator.py
[2025-04-04T13:52:49.689+0000] {processor.py:925} INFO - DAG(s) 'example_branch_operator' retrieved from /home/airflow/.local/lib/python3.12/site-packages/airflow/example_dags/example_branch_operator.py
[2025-04-04T13:52:49.750+0000] {logging_mixin.py:190} INFO - [2025-04-04T13:52:49.749+0000] {dag.py:3239} INFO - Sync 1 DAGs
[2025-04-04T13:52:49.812+0000] {logging_mixin.py:190} INFO - [2025-04-04T13:52:49.811+0000] {dag.py:4180} INFO - Setting next_dagrun for example_branch_operator to 2025-04-03 00:00:00+00:00, run_after=2025-04-04 00:00:00+00:00
[2025-04-04T13:52:49.852+0000] {processor.py:208} INFO - Processing /home/airflow/.local/lib/python3.12/site-packages/airflow/example_dags/example_branch_operator.py took 0.221 seconds
[2025-04-04T13:53:21.806+0000] {processor.py:186} INFO - Started process (PID=2074) to work on /home/airflow/.local/lib/python3.12/site-packages/airflow/example_dags/example_branch_operator.py
[2025-04-04T13:53:21.808+0000] {processor.py:914} INFO - Processing file /home/airflow/.local/lib/python3.12/site-packages/airflow/example_dags/example_branch_operator.py for tasks to queue
[2025-04-04T13:53:21.814+0000] {logging_mixin.py:190} INFO - [2025-04-04T13:53:21.813+0000] {dagbag.py:588} INFO - Filling up the DagBag from /home/airflow/.local/lib/python3.12/site-packages/airflow/example_dags/example_branch_operator.py
[2025-04-04T13:53:21.879+0000] {processor.py:925} INFO - DAG(s) 'example_branch_operator' retrieved from /home/airflow/.local/lib/python3.12/site-packages/airflow/example_dags/example_branch_operator.py
[2025-04-04T13:53:21.983+0000] {logging_mixin.py:190} INFO - [2025-04-04T13:53:21.982+0000] {dag.py:3239} INFO - Sync 1 DAGs
[2025-04-04T13:53:22.048+0000] {logging_mixin.py:190} INFO - [2025-04-04T13:53:22.047+0000] {dag.py:4180} INFO - Setting next_dagrun for example_branch_operator to 2025-04-03 00:00:00+00:00, run_after=2025-04-04 00:00:00+00:00
[2025-04-04T13:53:22.099+0000] {processor.py:208} INFO - Processing /home/airflow/.local/lib/python3.12/site-packages/airflow/example_dags/example_branch_operator.py took 0.309 seconds
[2025-04-04T13:53:53.918+0000] {processor.py:186} INFO - Started process (PID=2136) to work on /home/airflow/.local/lib/python3.12/site-packages/airflow/example_dags/example_branch_operator.py
[2025-04-04T13:53:53.920+0000] {processor.py:914} INFO - Processing file /home/airflow/.local/lib/python3.12/site-packages/airflow/example_dags/example_branch_operator.py for tasks to queue
[2025-04-04T13:53:53.926+0000] {logging_mixin.py:190} INFO - [2025-04-04T13:53:53.925+0000] {dagbag.py:588} INFO - Filling up the DagBag from /home/airflow/.local/lib/python3.12/site-packages/airflow/example_dags/example_branch_operator.py
[2025-04-04T13:53:53.986+0000] {processor.py:925} INFO - DAG(s) 'example_branch_operator' retrieved from /home/airflow/.local/lib/python3.12/site-packages/airflow/example_dags/example_branch_operator.py
[2025-04-04T13:53:54.072+0000] {logging_mixin.py:190} INFO - [2025-04-04T13:53:54.071+0000] {dag.py:3239} INFO - Sync 1 DAGs
[2025-04-04T13:53:54.137+0000] {logging_mixin.py:190} INFO - [2025-04-04T13:53:54.137+0000] {dag.py:4180} INFO - Setting next_dagrun for example_branch_operator to 2025-04-03 00:00:00+00:00, run_after=2025-04-04 00:00:00+00:00
[2025-04-04T13:53:54.184+0000] {processor.py:208} INFO - Processing /home/airflow/.local/lib/python3.12/site-packages/airflow/example_dags/example_branch_operator.py took 0.281 seconds
[2025-04-04T13:54:24.805+0000] {processor.py:186} INFO - Started process (PID=2197) to work on /home/airflow/.local/lib/python3.12/site-packages/airflow/example_dags/example_branch_operator.py
[2025-04-04T13:54:24.807+0000] {processor.py:914} INFO - Processing file /home/airflow/.local/lib/python3.12/site-packages/airflow/example_dags/example_branch_operator.py for tasks to queue
[2025-04-04T13:54:24.814+0000] {logging_mixin.py:190} INFO - [2025-04-04T13:54:24.813+0000] {dagbag.py:588} INFO - Filling up the DagBag from /home/airflow/.local/lib/python3.12/site-packages/airflow/example_dags/example_branch_operator.py
[2025-04-04T13:54:24.886+0000] {processor.py:925} INFO - DAG(s) 'example_branch_operator' retrieved from /home/airflow/.local/lib/python3.12/site-packages/airflow/example_dags/example_branch_operator.py
[2025-04-04T13:54:25.183+0000] {logging_mixin.py:190} INFO - [2025-04-04T13:54:25.182+0000] {dag.py:3239} INFO - Sync 1 DAGs
[2025-04-04T13:54:25.479+0000] {logging_mixin.py:190} INFO - [2025-04-04T13:54:25.478+0000] {dag.py:4180} INFO - Setting next_dagrun for example_branch_operator to 2025-04-03 00:00:00+00:00, run_after=2025-04-04 00:00:00+00:00
[2025-04-04T13:54:25.682+0000] {processor.py:208} INFO - Processing /home/airflow/.local/lib/python3.12/site-packages/airflow/example_dags/example_branch_operator.py took 0.891 seconds
[2025-04-04T13:54:56.166+0000] {processor.py:186} INFO - Started process (PID=2261) to work on /home/airflow/.local/lib/python3.12/site-packages/airflow/example_dags/example_branch_operator.py
[2025-04-04T13:54:56.168+0000] {processor.py:914} INFO - Processing file /home/airflow/.local/lib/python3.12/site-packages/airflow/example_dags/example_branch_operator.py for tasks to queue
[2025-04-04T13:54:56.172+0000] {logging_mixin.py:190} INFO - [2025-04-04T13:54:56.171+0000] {dagbag.py:588} INFO - Filling up the DagBag from /home/airflow/.local/lib/python3.12/site-packages/airflow/example_dags/example_branch_operator.py
[2025-04-04T13:54:56.215+0000] {processor.py:925} INFO - DAG(s) 'example_branch_operator' retrieved from /home/airflow/.local/lib/python3.12/site-packages/airflow/example_dags/example_branch_operator.py
[2025-04-04T13:54:56.278+0000] {logging_mixin.py:190} INFO - [2025-04-04T13:54:56.278+0000] {dag.py:3239} INFO - Sync 1 DAGs
[2025-04-04T13:54:56.342+0000] {logging_mixin.py:190} INFO - [2025-04-04T13:54:56.341+0000] {dag.py:4180} INFO - Setting next_dagrun for example_branch_operator to 2025-04-03 00:00:00+00:00, run_after=2025-04-04 00:00:00+00:00
[2025-04-04T13:54:56.388+0000] {processor.py:208} INFO - Processing /home/airflow/.local/lib/python3.12/site-packages/airflow/example_dags/example_branch_operator.py took 0.237 seconds
[2025-04-04T13:55:26.861+0000] {processor.py:186} INFO - Started process (PID=2324) to work on /home/airflow/.local/lib/python3.12/site-packages/airflow/example_dags/example_branch_operator.py
[2025-04-04T13:55:26.865+0000] {processor.py:914} INFO - Processing file /home/airflow/.local/lib/python3.12/site-packages/airflow/example_dags/example_branch_operator.py for tasks to queue
[2025-04-04T13:55:26.873+0000] {logging_mixin.py:190} INFO - [2025-04-04T13:55:26.872+0000] {dagbag.py:588} INFO - Filling up the DagBag from /home/airflow/.local/lib/python3.12/site-packages/airflow/example_dags/example_branch_operator.py
[2025-04-04T13:55:26.932+0000] {processor.py:925} INFO - DAG(s) 'example_branch_operator' retrieved from /home/airflow/.local/lib/python3.12/site-packages/airflow/example_dags/example_branch_operator.py
[2025-04-04T13:55:26.998+0000] {logging_mixin.py:190} INFO - [2025-04-04T13:55:26.998+0000] {dag.py:3239} INFO - Sync 1 DAGs
[2025-04-04T13:55:27.098+0000] {logging_mixin.py:190} INFO - [2025-04-04T13:55:27.097+0000] {dag.py:4180} INFO - Setting next_dagrun for example_branch_operator to 2025-04-03 00:00:00+00:00, run_after=2025-04-04 00:00:00+00:00
[2025-04-04T13:55:27.178+0000] {processor.py:208} INFO - Processing /home/airflow/.local/lib/python3.12/site-packages/airflow/example_dags/example_branch_operator.py took 0.339 seconds
[2025-04-04T13:55:57.355+0000] {processor.py:186} INFO - Started process (PID=2392) to work on /home/airflow/.local/lib/python3.12/site-packages/airflow/example_dags/example_branch_operator.py
[2025-04-04T13:55:57.358+0000] {processor.py:914} INFO - Processing file /home/airflow/.local/lib/python3.12/site-packages/airflow/example_dags/example_branch_operator.py for tasks to queue
[2025-04-04T13:55:57.363+0000] {logging_mixin.py:190} INFO - [2025-04-04T13:55:57.362+0000] {dagbag.py:588} INFO - Filling up the DagBag from /home/airflow/.local/lib/python3.12/site-packages/airflow/example_dags/example_branch_operator.py
[2025-04-04T13:55:57.411+0000] {processor.py:925} INFO - DAG(s) 'example_branch_operator' retrieved from /home/airflow/.local/lib/python3.12/site-packages/airflow/example_dags/example_branch_operator.py
[2025-04-04T13:55:57.493+0000] {logging_mixin.py:190} INFO - [2025-04-04T13:55:57.492+0000] {dag.py:3239} INFO - Sync 1 DAGs
[2025-04-04T13:55:57.551+0000] {logging_mixin.py:190} INFO - [2025-04-04T13:55:57.550+0000] {dag.py:4180} INFO - Setting next_dagrun for example_branch_operator to 2025-04-03 00:00:00+00:00, run_after=2025-04-04 00:00:00+00:00
[2025-04-04T13:55:57.596+0000] {processor.py:208} INFO - Processing /home/airflow/.local/lib/python3.12/site-packages/airflow/example_dags/example_branch_operator.py took 0.259 seconds
[2025-04-04T13:56:27.691+0000] {processor.py:186} INFO - Started process (PID=2455) to work on /home/airflow/.local/lib/python3.12/site-packages/airflow/example_dags/example_branch_operator.py
[2025-04-04T13:56:27.693+0000] {processor.py:914} INFO - Processing file /home/airflow/.local/lib/python3.12/site-packages/airflow/example_dags/example_branch_operator.py for tasks to queue
[2025-04-04T13:56:27.698+0000] {logging_mixin.py:190} INFO - [2025-04-04T13:56:27.698+0000] {dagbag.py:588} INFO - Filling up the DagBag from /home/airflow/.local/lib/python3.12/site-packages/airflow/example_dags/example_branch_operator.py
[2025-04-04T13:56:27.739+0000] {processor.py:925} INFO - DAG(s) 'example_branch_operator' retrieved from /home/airflow/.local/lib/python3.12/site-packages/airflow/example_dags/example_branch_operator.py
[2025-04-04T13:56:27.827+0000] {logging_mixin.py:190} INFO - [2025-04-04T13:56:27.826+0000] {dag.py:3239} INFO - Sync 1 DAGs
[2025-04-04T13:56:27.890+0000] {logging_mixin.py:190} INFO - [2025-04-04T13:56:27.889+0000] {dag.py:4180} INFO - Setting next_dagrun for example_branch_operator to 2025-04-03 00:00:00+00:00, run_after=2025-04-04 00:00:00+00:00
[2025-04-04T13:56:27.931+0000] {processor.py:208} INFO - Processing /home/airflow/.local/lib/python3.12/site-packages/airflow/example_dags/example_branch_operator.py took 0.251 seconds
[2025-04-04T13:56:58.047+0000] {processor.py:186} INFO - Started process (PID=2518) to work on /home/airflow/.local/lib/python3.12/site-packages/airflow/example_dags/example_branch_operator.py
[2025-04-04T13:56:58.051+0000] {processor.py:914} INFO - Processing file /home/airflow/.local/lib/python3.12/site-packages/airflow/example_dags/example_branch_operator.py for tasks to queue
[2025-04-04T13:56:58.056+0000] {logging_mixin.py:190} INFO - [2025-04-04T13:56:58.056+0000] {dagbag.py:588} INFO - Filling up the DagBag from /home/airflow/.local/lib/python3.12/site-packages/airflow/example_dags/example_branch_operator.py
[2025-04-04T13:56:58.165+0000] {processor.py:925} INFO - DAG(s) 'example_branch_operator' retrieved from /home/airflow/.local/lib/python3.12/site-packages/airflow/example_dags/example_branch_operator.py
[2025-04-04T13:56:58.267+0000] {logging_mixin.py:190} INFO - [2025-04-04T13:56:58.267+0000] {dag.py:3239} INFO - Sync 1 DAGs
[2025-04-04T13:56:58.376+0000] {logging_mixin.py:190} INFO - [2025-04-04T13:56:58.375+0000] {dag.py:4180} INFO - Setting next_dagrun for example_branch_operator to 2025-04-03 00:00:00+00:00, run_after=2025-04-04 00:00:00+00:00
[2025-04-04T13:56:58.429+0000] {processor.py:208} INFO - Processing /home/airflow/.local/lib/python3.12/site-packages/airflow/example_dags/example_branch_operator.py took 0.393 seconds
[2025-04-04T13:57:29.165+0000] {processor.py:186} INFO - Started process (PID=2580) to work on /home/airflow/.local/lib/python3.12/site-packages/airflow/example_dags/example_branch_operator.py
[2025-04-04T13:57:29.274+0000] {processor.py:914} INFO - Processing file /home/airflow/.local/lib/python3.12/site-packages/airflow/example_dags/example_branch_operator.py for tasks to queue
[2025-04-04T13:57:29.336+0000] {logging_mixin.py:190} INFO - [2025-04-04T13:57:29.335+0000] {dagbag.py:588} INFO - Filling up the DagBag from /home/airflow/.local/lib/python3.12/site-packages/airflow/example_dags/example_branch_operator.py
[2025-04-04T13:57:29.502+0000] {processor.py:925} INFO - DAG(s) 'example_branch_operator' retrieved from /home/airflow/.local/lib/python3.12/site-packages/airflow/example_dags/example_branch_operator.py
[2025-04-04T13:57:29.667+0000] {logging_mixin.py:190} INFO - [2025-04-04T13:57:29.666+0000] {dag.py:3239} INFO - Sync 1 DAGs
[2025-04-04T13:57:29.775+0000] {logging_mixin.py:190} INFO - [2025-04-04T13:57:29.775+0000] {dag.py:4180} INFO - Setting next_dagrun for example_branch_operator to 2025-04-03 00:00:00+00:00, run_after=2025-04-04 00:00:00+00:00
[2025-04-04T13:57:29.833+0000] {processor.py:208} INFO - Processing /home/airflow/.local/lib/python3.12/site-packages/airflow/example_dags/example_branch_operator.py took 0.705 seconds
[2025-04-04T13:58:00.233+0000] {processor.py:186} INFO - Started process (PID=2643) to work on /home/airflow/.local/lib/python3.12/site-packages/airflow/example_dags/example_branch_operator.py
[2025-04-04T13:58:00.235+0000] {processor.py:914} INFO - Processing file /home/airflow/.local/lib/python3.12/site-packages/airflow/example_dags/example_branch_operator.py for tasks to queue
[2025-04-04T13:58:00.239+0000] {logging_mixin.py:190} INFO - [2025-04-04T13:58:00.238+0000] {dagbag.py:588} INFO - Filling up the DagBag from /home/airflow/.local/lib/python3.12/site-packages/airflow/example_dags/example_branch_operator.py
[2025-04-04T13:58:00.280+0000] {processor.py:925} INFO - DAG(s) 'example_branch_operator' retrieved from /home/airflow/.local/lib/python3.12/site-packages/airflow/example_dags/example_branch_operator.py
[2025-04-04T13:58:00.351+0000] {logging_mixin.py:190} INFO - [2025-04-04T13:58:00.350+0000] {dag.py:3239} INFO - Sync 1 DAGs
[2025-04-04T13:58:00.413+0000] {logging_mixin.py:190} INFO - [2025-04-04T13:58:00.413+0000] {dag.py:4180} INFO - Setting next_dagrun for example_branch_operator to 2025-04-03 00:00:00+00:00, run_after=2025-04-04 00:00:00+00:00
[2025-04-04T13:58:00.455+0000] {processor.py:208} INFO - Processing /home/airflow/.local/lib/python3.12/site-packages/airflow/example_dags/example_branch_operator.py took 0.233 seconds
[2025-04-04T13:58:31.240+0000] {processor.py:186} INFO - Started process (PID=2706) to work on /home/airflow/.local/lib/python3.12/site-packages/airflow/example_dags/example_branch_operator.py
[2025-04-04T13:58:31.243+0000] {processor.py:914} INFO - Processing file /home/airflow/.local/lib/python3.12/site-packages/airflow/example_dags/example_branch_operator.py for tasks to queue
[2025-04-04T13:58:31.251+0000] {logging_mixin.py:190} INFO - [2025-04-04T13:58:31.250+0000] {dagbag.py:588} INFO - Filling up the DagBag from /home/airflow/.local/lib/python3.12/site-packages/airflow/example_dags/example_branch_operator.py
[2025-04-04T13:58:31.306+0000] {processor.py:925} INFO - DAG(s) 'example_branch_operator' retrieved from /home/airflow/.local/lib/python3.12/site-packages/airflow/example_dags/example_branch_operator.py
[2025-04-04T13:58:31.384+0000] {logging_mixin.py:190} INFO - [2025-04-04T13:58:31.383+0000] {dag.py:3239} INFO - Sync 1 DAGs
[2025-04-04T13:58:31.474+0000] {logging_mixin.py:190} INFO - [2025-04-04T13:58:31.473+0000] {dag.py:4180} INFO - Setting next_dagrun for example_branch_operator to 2025-04-03 00:00:00+00:00, run_after=2025-04-04 00:00:00+00:00
[2025-04-04T13:58:31.529+0000] {processor.py:208} INFO - Processing /home/airflow/.local/lib/python3.12/site-packages/airflow/example_dags/example_branch_operator.py took 0.309 seconds
[2025-04-04T13:59:03.663+0000] {processor.py:186} INFO - Started process (PID=2770) to work on /home/airflow/.local/lib/python3.12/site-packages/airflow/example_dags/example_branch_operator.py
[2025-04-04T13:59:03.665+0000] {processor.py:914} INFO - Processing file /home/airflow/.local/lib/python3.12/site-packages/airflow/example_dags/example_branch_operator.py for tasks to queue
[2025-04-04T13:59:03.672+0000] {logging_mixin.py:190} INFO - [2025-04-04T13:59:03.670+0000] {dagbag.py:588} INFO - Filling up the DagBag from /home/airflow/.local/lib/python3.12/site-packages/airflow/example_dags/example_branch_operator.py
[2025-04-04T13:59:03.724+0000] {processor.py:925} INFO - DAG(s) 'example_branch_operator' retrieved from /home/airflow/.local/lib/python3.12/site-packages/airflow/example_dags/example_branch_operator.py
[2025-04-04T13:59:03.803+0000] {logging_mixin.py:190} INFO - [2025-04-04T13:59:03.803+0000] {dag.py:3239} INFO - Sync 1 DAGs
[2025-04-04T13:59:03.885+0000] {logging_mixin.py:190} INFO - [2025-04-04T13:59:03.885+0000] {dag.py:4180} INFO - Setting next_dagrun for example_branch_operator to 2025-04-03 00:00:00+00:00, run_after=2025-04-04 00:00:00+00:00
[2025-04-04T13:59:03.934+0000] {processor.py:208} INFO - Processing /home/airflow/.local/lib/python3.12/site-packages/airflow/example_dags/example_branch_operator.py took 0.286 seconds
