[2025-04-04T13:36:49.976+0000] {processor.py:186} INFO - Started process (PID=109) to work on /home/airflow/.local/lib/python3.12/site-packages/airflow/example_dags/example_external_task_marker_dag.py
[2025-04-04T13:36:49.985+0000] {processor.py:914} INFO - Processing file /home/airflow/.local/lib/python3.12/site-packages/airflow/example_dags/example_external_task_marker_dag.py for tasks to queue
[2025-04-04T13:36:49.999+0000] {logging_mixin.py:190} INFO - [2025-04-04T13:36:49.996+0000] {dagbag.py:588} INFO - Filling up the DagBag from /home/airflow/.local/lib/python3.12/site-packages/airflow/example_dags/example_external_task_marker_dag.py
[2025-04-04T13:36:50.031+0000] {processor.py:925} INFO - DAG(s) 'example_external_task_marker_child', 'example_external_task_marker_parent' retrieved from /home/airflow/.local/lib/python3.12/site-packages/airflow/example_dags/example_external_task_marker_dag.py
[2025-04-04T13:36:50.410+0000] {logging_mixin.py:190} INFO - [2025-04-04T13:36:50.409+0000] {override.py:1912} INFO - Created Permission View: can edit on DAG:example_external_task_marker_child
[2025-04-04T13:36:50.474+0000] {logging_mixin.py:190} INFO - [2025-04-04T13:36:50.473+0000] {override.py:1912} INFO - Created Permission View: can delete on DAG:example_external_task_marker_child
[2025-04-04T13:36:50.498+0000] {logging_mixin.py:190} INFO - [2025-04-04T13:36:50.497+0000] {override.py:1912} INFO - Created Permission View: can read on DAG:example_external_task_marker_child
[2025-04-04T13:36:50.518+0000] {logging_mixin.py:190} INFO - [2025-04-04T13:36:50.517+0000] {override.py:1912} INFO - Created Permission View: can delete on DAG Run:example_external_task_marker_child
[2025-04-04T13:36:50.543+0000] {logging_mixin.py:190} INFO - [2025-04-04T13:36:50.542+0000] {override.py:1912} INFO - Created Permission View: can read on DAG Run:example_external_task_marker_child
[2025-04-04T13:36:50.561+0000] {logging_mixin.py:190} INFO - [2025-04-04T13:36:50.560+0000] {override.py:1912} INFO - Created Permission View: can create on DAG Run:example_external_task_marker_child
[2025-04-04T13:36:50.586+0000] {logging_mixin.py:190} INFO - [2025-04-04T13:36:50.586+0000] {override.py:1912} INFO - Created Permission View: menu access on DAG Run:example_external_task_marker_child
[2025-04-04T13:36:50.639+0000] {logging_mixin.py:190} INFO - [2025-04-04T13:36:50.638+0000] {override.py:1912} INFO - Created Permission View: can edit on DAG:example_external_task_marker_parent
[2025-04-04T13:36:50.659+0000] {logging_mixin.py:190} INFO - [2025-04-04T13:36:50.658+0000] {override.py:1912} INFO - Created Permission View: can delete on DAG:example_external_task_marker_parent
[2025-04-04T13:36:50.679+0000] {logging_mixin.py:190} INFO - [2025-04-04T13:36:50.678+0000] {override.py:1912} INFO - Created Permission View: can read on DAG:example_external_task_marker_parent
[2025-04-04T13:36:50.723+0000] {logging_mixin.py:190} INFO - [2025-04-04T13:36:50.722+0000] {override.py:1912} INFO - Created Permission View: can delete on DAG Run:example_external_task_marker_parent
[2025-04-04T13:36:50.739+0000] {logging_mixin.py:190} INFO - [2025-04-04T13:36:50.739+0000] {override.py:1912} INFO - Created Permission View: can read on DAG Run:example_external_task_marker_parent
[2025-04-04T13:36:50.755+0000] {logging_mixin.py:190} INFO - [2025-04-04T13:36:50.754+0000] {override.py:1912} INFO - Created Permission View: can create on DAG Run:example_external_task_marker_parent
[2025-04-04T13:36:50.773+0000] {logging_mixin.py:190} INFO - [2025-04-04T13:36:50.772+0000] {override.py:1912} INFO - Created Permission View: menu access on DAG Run:example_external_task_marker_parent
[2025-04-04T13:36:50.774+0000] {logging_mixin.py:190} INFO - [2025-04-04T13:36:50.774+0000] {dag.py:3239} INFO - Sync 2 DAGs
[2025-04-04T13:36:50.806+0000] {logging_mixin.py:190} INFO - [2025-04-04T13:36:50.805+0000] {dag.py:3262} INFO - Creating ORM DAG for example_external_task_marker_parent
[2025-04-04T13:36:50.809+0000] {logging_mixin.py:190} INFO - [2025-04-04T13:36:50.809+0000] {dag.py:3262} INFO - Creating ORM DAG for example_external_task_marker_child
[2025-04-04T13:36:50.811+0000] {logging_mixin.py:190} INFO - [2025-04-04T13:36:50.811+0000] {dag.py:4180} INFO - Setting next_dagrun for example_external_task_marker_child to None, run_after=None
[2025-04-04T13:36:50.813+0000] {logging_mixin.py:190} INFO - [2025-04-04T13:36:50.813+0000] {dag.py:4180} INFO - Setting next_dagrun for example_external_task_marker_parent to None, run_after=None
[2025-04-04T13:36:50.853+0000] {processor.py:208} INFO - Processing /home/airflow/.local/lib/python3.12/site-packages/airflow/example_dags/example_external_task_marker_dag.py took 0.897 seconds
[2025-04-04T13:37:21.729+0000] {processor.py:186} INFO - Started process (PID=172) to work on /home/airflow/.local/lib/python3.12/site-packages/airflow/example_dags/example_external_task_marker_dag.py
[2025-04-04T13:37:21.731+0000] {processor.py:914} INFO - Processing file /home/airflow/.local/lib/python3.12/site-packages/airflow/example_dags/example_external_task_marker_dag.py for tasks to queue
[2025-04-04T13:37:21.736+0000] {logging_mixin.py:190} INFO - [2025-04-04T13:37:21.735+0000] {dagbag.py:588} INFO - Filling up the DagBag from /home/airflow/.local/lib/python3.12/site-packages/airflow/example_dags/example_external_task_marker_dag.py
[2025-04-04T13:37:21.749+0000] {processor.py:925} INFO - DAG(s) 'example_external_task_marker_parent', 'example_external_task_marker_child' retrieved from /home/airflow/.local/lib/python3.12/site-packages/airflow/example_dags/example_external_task_marker_dag.py
[2025-04-04T13:37:21.797+0000] {logging_mixin.py:190} INFO - [2025-04-04T13:37:21.796+0000] {dag.py:3239} INFO - Sync 2 DAGs
[2025-04-04T13:37:21.828+0000] {logging_mixin.py:190} INFO - [2025-04-04T13:37:21.828+0000] {dag.py:4180} INFO - Setting next_dagrun for example_external_task_marker_child to None, run_after=None
[2025-04-04T13:37:21.834+0000] {logging_mixin.py:190} INFO - [2025-04-04T13:37:21.834+0000] {dag.py:4180} INFO - Setting next_dagrun for example_external_task_marker_parent to None, run_after=None
[2025-04-04T13:37:21.864+0000] {processor.py:208} INFO - Processing /home/airflow/.local/lib/python3.12/site-packages/airflow/example_dags/example_external_task_marker_dag.py took 0.145 seconds
[2025-04-04T13:37:52.094+0000] {processor.py:186} INFO - Started process (PID=240) to work on /home/airflow/.local/lib/python3.12/site-packages/airflow/example_dags/example_external_task_marker_dag.py
[2025-04-04T13:37:52.099+0000] {processor.py:914} INFO - Processing file /home/airflow/.local/lib/python3.12/site-packages/airflow/example_dags/example_external_task_marker_dag.py for tasks to queue
[2025-04-04T13:37:52.104+0000] {logging_mixin.py:190} INFO - [2025-04-04T13:37:52.103+0000] {dagbag.py:588} INFO - Filling up the DagBag from /home/airflow/.local/lib/python3.12/site-packages/airflow/example_dags/example_external_task_marker_dag.py
[2025-04-04T13:37:52.118+0000] {processor.py:925} INFO - DAG(s) 'example_external_task_marker_child', 'example_external_task_marker_parent' retrieved from /home/airflow/.local/lib/python3.12/site-packages/airflow/example_dags/example_external_task_marker_dag.py
[2025-04-04T13:37:52.162+0000] {logging_mixin.py:190} INFO - [2025-04-04T13:37:52.162+0000] {dag.py:3239} INFO - Sync 2 DAGs
[2025-04-04T13:37:52.190+0000] {logging_mixin.py:190} INFO - [2025-04-04T13:37:52.190+0000] {dag.py:4180} INFO - Setting next_dagrun for example_external_task_marker_child to None, run_after=None
[2025-04-04T13:37:52.198+0000] {logging_mixin.py:190} INFO - [2025-04-04T13:37:52.198+0000] {dag.py:4180} INFO - Setting next_dagrun for example_external_task_marker_parent to None, run_after=None
[2025-04-04T13:37:52.231+0000] {processor.py:208} INFO - Processing /home/airflow/.local/lib/python3.12/site-packages/airflow/example_dags/example_external_task_marker_dag.py took 0.153 seconds
[2025-04-04T13:38:27.507+0000] {processor.py:186} INFO - Started process (PID=304) to work on /home/airflow/.local/lib/python3.12/site-packages/airflow/example_dags/example_external_task_marker_dag.py
[2025-04-04T13:38:27.520+0000] {processor.py:914} INFO - Processing file /home/airflow/.local/lib/python3.12/site-packages/airflow/example_dags/example_external_task_marker_dag.py for tasks to queue
[2025-04-04T13:38:27.526+0000] {logging_mixin.py:190} INFO - [2025-04-04T13:38:27.525+0000] {dagbag.py:588} INFO - Filling up the DagBag from /home/airflow/.local/lib/python3.12/site-packages/airflow/example_dags/example_external_task_marker_dag.py
[2025-04-04T13:38:27.569+0000] {processor.py:925} INFO - DAG(s) 'example_external_task_marker_child', 'example_external_task_marker_parent' retrieved from /home/airflow/.local/lib/python3.12/site-packages/airflow/example_dags/example_external_task_marker_dag.py
[2025-04-04T13:38:27.626+0000] {logging_mixin.py:190} INFO - [2025-04-04T13:38:27.626+0000] {dag.py:3239} INFO - Sync 2 DAGs
[2025-04-04T13:38:27.656+0000] {logging_mixin.py:190} INFO - [2025-04-04T13:38:27.655+0000] {dag.py:4180} INFO - Setting next_dagrun for example_external_task_marker_child to None, run_after=None
[2025-04-04T13:38:27.664+0000] {logging_mixin.py:190} INFO - [2025-04-04T13:38:27.663+0000] {dag.py:4180} INFO - Setting next_dagrun for example_external_task_marker_parent to None, run_after=None
[2025-04-04T13:38:27.694+0000] {processor.py:208} INFO - Processing /home/airflow/.local/lib/python3.12/site-packages/airflow/example_dags/example_external_task_marker_dag.py took 0.216 seconds
[2025-04-04T13:38:59.429+0000] {processor.py:186} INFO - Started process (PID=367) to work on /home/airflow/.local/lib/python3.12/site-packages/airflow/example_dags/example_external_task_marker_dag.py
[2025-04-04T13:38:59.431+0000] {processor.py:914} INFO - Processing file /home/airflow/.local/lib/python3.12/site-packages/airflow/example_dags/example_external_task_marker_dag.py for tasks to queue
[2025-04-04T13:38:59.437+0000] {logging_mixin.py:190} INFO - [2025-04-04T13:38:59.436+0000] {dagbag.py:588} INFO - Filling up the DagBag from /home/airflow/.local/lib/python3.12/site-packages/airflow/example_dags/example_external_task_marker_dag.py
[2025-04-04T13:38:59.458+0000] {processor.py:925} INFO - DAG(s) 'example_external_task_marker_child', 'example_external_task_marker_parent' retrieved from /home/airflow/.local/lib/python3.12/site-packages/airflow/example_dags/example_external_task_marker_dag.py
[2025-04-04T13:38:59.517+0000] {logging_mixin.py:190} INFO - [2025-04-04T13:38:59.517+0000] {dag.py:3239} INFO - Sync 2 DAGs
[2025-04-04T13:38:59.585+0000] {logging_mixin.py:190} INFO - [2025-04-04T13:38:59.584+0000] {dag.py:4180} INFO - Setting next_dagrun for example_external_task_marker_child to None, run_after=None
[2025-04-04T13:38:59.603+0000] {logging_mixin.py:190} INFO - [2025-04-04T13:38:59.603+0000] {dag.py:4180} INFO - Setting next_dagrun for example_external_task_marker_parent to None, run_after=None
[2025-04-04T13:38:59.680+0000] {processor.py:208} INFO - Processing /home/airflow/.local/lib/python3.12/site-packages/airflow/example_dags/example_external_task_marker_dag.py took 0.267 seconds
[2025-04-04T13:39:35.233+0000] {processor.py:186} INFO - Started process (PID=429) to work on /home/airflow/.local/lib/python3.12/site-packages/airflow/example_dags/example_external_task_marker_dag.py
[2025-04-04T13:39:35.246+0000] {processor.py:914} INFO - Processing file /home/airflow/.local/lib/python3.12/site-packages/airflow/example_dags/example_external_task_marker_dag.py for tasks to queue
[2025-04-04T13:39:35.298+0000] {logging_mixin.py:190} INFO - [2025-04-04T13:39:35.282+0000] {dagbag.py:588} INFO - Filling up the DagBag from /home/airflow/.local/lib/python3.12/site-packages/airflow/example_dags/example_external_task_marker_dag.py
[2025-04-04T13:39:35.438+0000] {processor.py:925} INFO - DAG(s) 'example_external_task_marker_child', 'example_external_task_marker_parent' retrieved from /home/airflow/.local/lib/python3.12/site-packages/airflow/example_dags/example_external_task_marker_dag.py
[2025-04-04T13:39:35.690+0000] {logging_mixin.py:190} INFO - [2025-04-04T13:39:35.690+0000] {dag.py:3239} INFO - Sync 2 DAGs
[2025-04-04T13:39:35.822+0000] {logging_mixin.py:190} INFO - [2025-04-04T13:39:35.821+0000] {dag.py:4180} INFO - Setting next_dagrun for example_external_task_marker_child to None, run_after=None
[2025-04-04T13:39:35.841+0000] {logging_mixin.py:190} INFO - [2025-04-04T13:39:35.841+0000] {dag.py:4180} INFO - Setting next_dagrun for example_external_task_marker_parent to None, run_after=None
[2025-04-04T13:39:36.988+0000] {processor.py:208} INFO - Processing /home/airflow/.local/lib/python3.12/site-packages/airflow/example_dags/example_external_task_marker_dag.py took 1.812 seconds
[2025-04-04T13:40:07.901+0000] {processor.py:186} INFO - Started process (PID=493) to work on /home/airflow/.local/lib/python3.12/site-packages/airflow/example_dags/example_external_task_marker_dag.py
[2025-04-04T13:40:07.903+0000] {processor.py:914} INFO - Processing file /home/airflow/.local/lib/python3.12/site-packages/airflow/example_dags/example_external_task_marker_dag.py for tasks to queue
[2025-04-04T13:40:07.909+0000] {logging_mixin.py:190} INFO - [2025-04-04T13:40:07.908+0000] {dagbag.py:588} INFO - Filling up the DagBag from /home/airflow/.local/lib/python3.12/site-packages/airflow/example_dags/example_external_task_marker_dag.py
[2025-04-04T13:40:07.925+0000] {processor.py:925} INFO - DAG(s) 'example_external_task_marker_parent', 'example_external_task_marker_child' retrieved from /home/airflow/.local/lib/python3.12/site-packages/airflow/example_dags/example_external_task_marker_dag.py
[2025-04-04T13:40:07.980+0000] {logging_mixin.py:190} INFO - [2025-04-04T13:40:07.980+0000] {dag.py:3239} INFO - Sync 2 DAGs
[2025-04-04T13:40:08.026+0000] {logging_mixin.py:190} INFO - [2025-04-04T13:40:08.025+0000] {dag.py:4180} INFO - Setting next_dagrun for example_external_task_marker_child to None, run_after=None
[2025-04-04T13:40:08.036+0000] {logging_mixin.py:190} INFO - [2025-04-04T13:40:08.036+0000] {dag.py:4180} INFO - Setting next_dagrun for example_external_task_marker_parent to None, run_after=None
[2025-04-04T13:40:08.072+0000] {processor.py:208} INFO - Processing /home/airflow/.local/lib/python3.12/site-packages/airflow/example_dags/example_external_task_marker_dag.py took 0.186 seconds
[2025-04-04T13:40:38.883+0000] {processor.py:186} INFO - Started process (PID=557) to work on /home/airflow/.local/lib/python3.12/site-packages/airflow/example_dags/example_external_task_marker_dag.py
[2025-04-04T13:40:38.885+0000] {processor.py:914} INFO - Processing file /home/airflow/.local/lib/python3.12/site-packages/airflow/example_dags/example_external_task_marker_dag.py for tasks to queue
[2025-04-04T13:40:38.890+0000] {logging_mixin.py:190} INFO - [2025-04-04T13:40:38.890+0000] {dagbag.py:588} INFO - Filling up the DagBag from /home/airflow/.local/lib/python3.12/site-packages/airflow/example_dags/example_external_task_marker_dag.py
[2025-04-04T13:40:38.915+0000] {processor.py:925} INFO - DAG(s) 'example_external_task_marker_child', 'example_external_task_marker_parent' retrieved from /home/airflow/.local/lib/python3.12/site-packages/airflow/example_dags/example_external_task_marker_dag.py
[2025-04-04T13:40:38.967+0000] {logging_mixin.py:190} INFO - [2025-04-04T13:40:38.967+0000] {dag.py:3239} INFO - Sync 2 DAGs
[2025-04-04T13:40:39.009+0000] {logging_mixin.py:190} INFO - [2025-04-04T13:40:39.009+0000] {dag.py:4180} INFO - Setting next_dagrun for example_external_task_marker_child to None, run_after=None
[2025-04-04T13:40:39.017+0000] {logging_mixin.py:190} INFO - [2025-04-04T13:40:39.017+0000] {dag.py:4180} INFO - Setting next_dagrun for example_external_task_marker_parent to None, run_after=None
[2025-04-04T13:40:39.061+0000] {processor.py:208} INFO - Processing /home/airflow/.local/lib/python3.12/site-packages/airflow/example_dags/example_external_task_marker_dag.py took 0.189 seconds
[2025-04-04T13:41:10.818+0000] {processor.py:186} INFO - Started process (PID=620) to work on /home/airflow/.local/lib/python3.12/site-packages/airflow/example_dags/example_external_task_marker_dag.py
[2025-04-04T13:41:10.820+0000] {processor.py:914} INFO - Processing file /home/airflow/.local/lib/python3.12/site-packages/airflow/example_dags/example_external_task_marker_dag.py for tasks to queue
[2025-04-04T13:41:10.824+0000] {logging_mixin.py:190} INFO - [2025-04-04T13:41:10.823+0000] {dagbag.py:588} INFO - Filling up the DagBag from /home/airflow/.local/lib/python3.12/site-packages/airflow/example_dags/example_external_task_marker_dag.py
[2025-04-04T13:41:10.838+0000] {processor.py:925} INFO - DAG(s) 'example_external_task_marker_child', 'example_external_task_marker_parent' retrieved from /home/airflow/.local/lib/python3.12/site-packages/airflow/example_dags/example_external_task_marker_dag.py
[2025-04-04T13:41:10.884+0000] {logging_mixin.py:190} INFO - [2025-04-04T13:41:10.883+0000] {dag.py:3239} INFO - Sync 2 DAGs
[2025-04-04T13:41:10.918+0000] {logging_mixin.py:190} INFO - [2025-04-04T13:41:10.917+0000] {dag.py:4180} INFO - Setting next_dagrun for example_external_task_marker_child to None, run_after=None
[2025-04-04T13:41:10.927+0000] {logging_mixin.py:190} INFO - [2025-04-04T13:41:10.927+0000] {dag.py:4180} INFO - Setting next_dagrun for example_external_task_marker_parent to None, run_after=None
[2025-04-04T13:41:10.971+0000] {processor.py:208} INFO - Processing /home/airflow/.local/lib/python3.12/site-packages/airflow/example_dags/example_external_task_marker_dag.py took 0.163 seconds
[2025-04-04T13:41:41.085+0000] {processor.py:186} INFO - Started process (PID=682) to work on /home/airflow/.local/lib/python3.12/site-packages/airflow/example_dags/example_external_task_marker_dag.py
[2025-04-04T13:41:41.087+0000] {processor.py:914} INFO - Processing file /home/airflow/.local/lib/python3.12/site-packages/airflow/example_dags/example_external_task_marker_dag.py for tasks to queue
[2025-04-04T13:41:41.092+0000] {logging_mixin.py:190} INFO - [2025-04-04T13:41:41.092+0000] {dagbag.py:588} INFO - Filling up the DagBag from /home/airflow/.local/lib/python3.12/site-packages/airflow/example_dags/example_external_task_marker_dag.py
[2025-04-04T13:41:41.106+0000] {processor.py:925} INFO - DAG(s) 'example_external_task_marker_parent', 'example_external_task_marker_child' retrieved from /home/airflow/.local/lib/python3.12/site-packages/airflow/example_dags/example_external_task_marker_dag.py
[2025-04-04T13:41:41.154+0000] {logging_mixin.py:190} INFO - [2025-04-04T13:41:41.153+0000] {dag.py:3239} INFO - Sync 2 DAGs
[2025-04-04T13:41:41.185+0000] {logging_mixin.py:190} INFO - [2025-04-04T13:41:41.184+0000] {dag.py:4180} INFO - Setting next_dagrun for example_external_task_marker_child to None, run_after=None
[2025-04-04T13:41:41.192+0000] {logging_mixin.py:190} INFO - [2025-04-04T13:41:41.191+0000] {dag.py:4180} INFO - Setting next_dagrun for example_external_task_marker_parent to None, run_after=None
[2025-04-04T13:41:41.222+0000] {processor.py:208} INFO - Processing /home/airflow/.local/lib/python3.12/site-packages/airflow/example_dags/example_external_task_marker_dag.py took 0.151 seconds
[2025-04-04T13:42:11.409+0000] {processor.py:186} INFO - Started process (PID=743) to work on /home/airflow/.local/lib/python3.12/site-packages/airflow/example_dags/example_external_task_marker_dag.py
[2025-04-04T13:42:11.410+0000] {processor.py:914} INFO - Processing file /home/airflow/.local/lib/python3.12/site-packages/airflow/example_dags/example_external_task_marker_dag.py for tasks to queue
[2025-04-04T13:42:11.414+0000] {logging_mixin.py:190} INFO - [2025-04-04T13:42:11.413+0000] {dagbag.py:588} INFO - Filling up the DagBag from /home/airflow/.local/lib/python3.12/site-packages/airflow/example_dags/example_external_task_marker_dag.py
[2025-04-04T13:42:11.427+0000] {processor.py:925} INFO - DAG(s) 'example_external_task_marker_parent', 'example_external_task_marker_child' retrieved from /home/airflow/.local/lib/python3.12/site-packages/airflow/example_dags/example_external_task_marker_dag.py
[2025-04-04T13:42:11.470+0000] {logging_mixin.py:190} INFO - [2025-04-04T13:42:11.470+0000] {dag.py:3239} INFO - Sync 2 DAGs
[2025-04-04T13:42:11.498+0000] {logging_mixin.py:190} INFO - [2025-04-04T13:42:11.498+0000] {dag.py:4180} INFO - Setting next_dagrun for example_external_task_marker_child to None, run_after=None
[2025-04-04T13:42:11.506+0000] {logging_mixin.py:190} INFO - [2025-04-04T13:42:11.506+0000] {dag.py:4180} INFO - Setting next_dagrun for example_external_task_marker_parent to None, run_after=None
[2025-04-04T13:42:11.550+0000] {processor.py:208} INFO - Processing /home/airflow/.local/lib/python3.12/site-packages/airflow/example_dags/example_external_task_marker_dag.py took 0.153 seconds
[2025-04-04T13:42:42.717+0000] {processor.py:186} INFO - Started process (PID=808) to work on /home/airflow/.local/lib/python3.12/site-packages/airflow/example_dags/example_external_task_marker_dag.py
[2025-04-04T13:42:42.720+0000] {processor.py:914} INFO - Processing file /home/airflow/.local/lib/python3.12/site-packages/airflow/example_dags/example_external_task_marker_dag.py for tasks to queue
[2025-04-04T13:42:42.742+0000] {logging_mixin.py:190} INFO - [2025-04-04T13:42:42.741+0000] {dagbag.py:588} INFO - Filling up the DagBag from /home/airflow/.local/lib/python3.12/site-packages/airflow/example_dags/example_external_task_marker_dag.py
[2025-04-04T13:42:42.811+0000] {processor.py:925} INFO - DAG(s) 'example_external_task_marker_parent', 'example_external_task_marker_child' retrieved from /home/airflow/.local/lib/python3.12/site-packages/airflow/example_dags/example_external_task_marker_dag.py
[2025-04-04T13:42:42.974+0000] {logging_mixin.py:190} INFO - [2025-04-04T13:42:42.973+0000] {dag.py:3239} INFO - Sync 2 DAGs
[2025-04-04T13:42:43.047+0000] {logging_mixin.py:190} INFO - [2025-04-04T13:42:43.047+0000] {dag.py:4180} INFO - Setting next_dagrun for example_external_task_marker_child to None, run_after=None
[2025-04-04T13:42:43.063+0000] {logging_mixin.py:190} INFO - [2025-04-04T13:42:43.063+0000] {dag.py:4180} INFO - Setting next_dagrun for example_external_task_marker_parent to None, run_after=None
[2025-04-04T13:42:43.099+0000] {processor.py:208} INFO - Processing /home/airflow/.local/lib/python3.12/site-packages/airflow/example_dags/example_external_task_marker_dag.py took 0.396 seconds
[2025-04-04T13:43:13.286+0000] {processor.py:186} INFO - Started process (PID=871) to work on /home/airflow/.local/lib/python3.12/site-packages/airflow/example_dags/example_external_task_marker_dag.py
[2025-04-04T13:43:13.287+0000] {processor.py:914} INFO - Processing file /home/airflow/.local/lib/python3.12/site-packages/airflow/example_dags/example_external_task_marker_dag.py for tasks to queue
[2025-04-04T13:43:13.291+0000] {logging_mixin.py:190} INFO - [2025-04-04T13:43:13.291+0000] {dagbag.py:588} INFO - Filling up the DagBag from /home/airflow/.local/lib/python3.12/site-packages/airflow/example_dags/example_external_task_marker_dag.py
[2025-04-04T13:43:13.306+0000] {processor.py:925} INFO - DAG(s) 'example_external_task_marker_child', 'example_external_task_marker_parent' retrieved from /home/airflow/.local/lib/python3.12/site-packages/airflow/example_dags/example_external_task_marker_dag.py
[2025-04-04T13:43:13.358+0000] {logging_mixin.py:190} INFO - [2025-04-04T13:43:13.358+0000] {dag.py:3239} INFO - Sync 2 DAGs
[2025-04-04T13:43:13.393+0000] {logging_mixin.py:190} INFO - [2025-04-04T13:43:13.392+0000] {dag.py:4180} INFO - Setting next_dagrun for example_external_task_marker_child to None, run_after=None
[2025-04-04T13:43:13.401+0000] {logging_mixin.py:190} INFO - [2025-04-04T13:43:13.400+0000] {dag.py:4180} INFO - Setting next_dagrun for example_external_task_marker_parent to None, run_after=None
[2025-04-04T13:43:13.428+0000] {processor.py:208} INFO - Processing /home/airflow/.local/lib/python3.12/site-packages/airflow/example_dags/example_external_task_marker_dag.py took 0.153 seconds
[2025-04-04T13:43:44.698+0000] {processor.py:186} INFO - Started process (PID=935) to work on /home/airflow/.local/lib/python3.12/site-packages/airflow/example_dags/example_external_task_marker_dag.py
[2025-04-04T13:43:44.700+0000] {processor.py:914} INFO - Processing file /home/airflow/.local/lib/python3.12/site-packages/airflow/example_dags/example_external_task_marker_dag.py for tasks to queue
[2025-04-04T13:43:44.703+0000] {logging_mixin.py:190} INFO - [2025-04-04T13:43:44.703+0000] {dagbag.py:588} INFO - Filling up the DagBag from /home/airflow/.local/lib/python3.12/site-packages/airflow/example_dags/example_external_task_marker_dag.py
[2025-04-04T13:43:44.720+0000] {processor.py:925} INFO - DAG(s) 'example_external_task_marker_parent', 'example_external_task_marker_child' retrieved from /home/airflow/.local/lib/python3.12/site-packages/airflow/example_dags/example_external_task_marker_dag.py
[2025-04-04T13:43:44.813+0000] {logging_mixin.py:190} INFO - [2025-04-04T13:43:44.813+0000] {dag.py:3239} INFO - Sync 2 DAGs
[2025-04-04T13:43:44.850+0000] {logging_mixin.py:190} INFO - [2025-04-04T13:43:44.850+0000] {dag.py:4180} INFO - Setting next_dagrun for example_external_task_marker_child to None, run_after=None
[2025-04-04T13:43:44.857+0000] {logging_mixin.py:190} INFO - [2025-04-04T13:43:44.857+0000] {dag.py:4180} INFO - Setting next_dagrun for example_external_task_marker_parent to None, run_after=None
[2025-04-04T13:43:44.925+0000] {processor.py:208} INFO - Processing /home/airflow/.local/lib/python3.12/site-packages/airflow/example_dags/example_external_task_marker_dag.py took 0.237 seconds
[2025-04-04T13:44:17.263+0000] {processor.py:186} INFO - Started process (PID=1001) to work on /home/airflow/.local/lib/python3.12/site-packages/airflow/example_dags/example_external_task_marker_dag.py
[2025-04-04T13:44:17.266+0000] {processor.py:914} INFO - Processing file /home/airflow/.local/lib/python3.12/site-packages/airflow/example_dags/example_external_task_marker_dag.py for tasks to queue
[2025-04-04T13:44:17.270+0000] {logging_mixin.py:190} INFO - [2025-04-04T13:44:17.270+0000] {dagbag.py:588} INFO - Filling up the DagBag from /home/airflow/.local/lib/python3.12/site-packages/airflow/example_dags/example_external_task_marker_dag.py
[2025-04-04T13:44:17.293+0000] {processor.py:925} INFO - DAG(s) 'example_external_task_marker_child', 'example_external_task_marker_parent' retrieved from /home/airflow/.local/lib/python3.12/site-packages/airflow/example_dags/example_external_task_marker_dag.py
[2025-04-04T13:44:17.351+0000] {logging_mixin.py:190} INFO - [2025-04-04T13:44:17.350+0000] {dag.py:3239} INFO - Sync 2 DAGs
[2025-04-04T13:44:17.394+0000] {logging_mixin.py:190} INFO - [2025-04-04T13:44:17.393+0000] {dag.py:4180} INFO - Setting next_dagrun for example_external_task_marker_child to None, run_after=None
[2025-04-04T13:44:17.405+0000] {logging_mixin.py:190} INFO - [2025-04-04T13:44:17.404+0000] {dag.py:4180} INFO - Setting next_dagrun for example_external_task_marker_parent to None, run_after=None
[2025-04-04T13:44:17.455+0000] {processor.py:208} INFO - Processing /home/airflow/.local/lib/python3.12/site-packages/airflow/example_dags/example_external_task_marker_dag.py took 0.204 seconds
[2025-04-04T13:44:48.955+0000] {processor.py:186} INFO - Started process (PID=1064) to work on /home/airflow/.local/lib/python3.12/site-packages/airflow/example_dags/example_external_task_marker_dag.py
[2025-04-04T13:44:48.958+0000] {processor.py:914} INFO - Processing file /home/airflow/.local/lib/python3.12/site-packages/airflow/example_dags/example_external_task_marker_dag.py for tasks to queue
[2025-04-04T13:44:48.962+0000] {logging_mixin.py:190} INFO - [2025-04-04T13:44:48.961+0000] {dagbag.py:588} INFO - Filling up the DagBag from /home/airflow/.local/lib/python3.12/site-packages/airflow/example_dags/example_external_task_marker_dag.py
[2025-04-04T13:44:48.979+0000] {processor.py:925} INFO - DAG(s) 'example_external_task_marker_child', 'example_external_task_marker_parent' retrieved from /home/airflow/.local/lib/python3.12/site-packages/airflow/example_dags/example_external_task_marker_dag.py
[2025-04-04T13:44:49.036+0000] {logging_mixin.py:190} INFO - [2025-04-04T13:44:49.036+0000] {dag.py:3239} INFO - Sync 2 DAGs
[2025-04-04T13:44:49.079+0000] {logging_mixin.py:190} INFO - [2025-04-04T13:44:49.078+0000] {dag.py:4180} INFO - Setting next_dagrun for example_external_task_marker_child to None, run_after=None
[2025-04-04T13:44:49.091+0000] {logging_mixin.py:190} INFO - [2025-04-04T13:44:49.091+0000] {dag.py:4180} INFO - Setting next_dagrun for example_external_task_marker_parent to None, run_after=None
[2025-04-04T13:44:49.131+0000] {processor.py:208} INFO - Processing /home/airflow/.local/lib/python3.12/site-packages/airflow/example_dags/example_external_task_marker_dag.py took 0.190 seconds
[2025-04-04T13:45:22.529+0000] {processor.py:186} INFO - Started process (PID=1128) to work on /home/airflow/.local/lib/python3.12/site-packages/airflow/example_dags/example_external_task_marker_dag.py
[2025-04-04T13:45:22.537+0000] {processor.py:914} INFO - Processing file /home/airflow/.local/lib/python3.12/site-packages/airflow/example_dags/example_external_task_marker_dag.py for tasks to queue
[2025-04-04T13:45:22.544+0000] {logging_mixin.py:190} INFO - [2025-04-04T13:45:22.543+0000] {dagbag.py:588} INFO - Filling up the DagBag from /home/airflow/.local/lib/python3.12/site-packages/airflow/example_dags/example_external_task_marker_dag.py
[2025-04-04T13:45:22.574+0000] {processor.py:925} INFO - DAG(s) 'example_external_task_marker_child', 'example_external_task_marker_parent' retrieved from /home/airflow/.local/lib/python3.12/site-packages/airflow/example_dags/example_external_task_marker_dag.py
[2025-04-04T13:45:22.637+0000] {logging_mixin.py:190} INFO - [2025-04-04T13:45:22.636+0000] {dag.py:3239} INFO - Sync 2 DAGs
[2025-04-04T13:45:22.688+0000] {logging_mixin.py:190} INFO - [2025-04-04T13:45:22.688+0000] {dag.py:4180} INFO - Setting next_dagrun for example_external_task_marker_child to None, run_after=None
[2025-04-04T13:45:22.697+0000] {logging_mixin.py:190} INFO - [2025-04-04T13:45:22.697+0000] {dag.py:4180} INFO - Setting next_dagrun for example_external_task_marker_parent to None, run_after=None
[2025-04-04T13:45:22.771+0000] {processor.py:208} INFO - Processing /home/airflow/.local/lib/python3.12/site-packages/airflow/example_dags/example_external_task_marker_dag.py took 0.263 seconds
[2025-04-04T13:45:54.453+0000] {processor.py:186} INFO - Started process (PID=1197) to work on /home/airflow/.local/lib/python3.12/site-packages/airflow/example_dags/example_external_task_marker_dag.py
[2025-04-04T13:45:54.455+0000] {processor.py:914} INFO - Processing file /home/airflow/.local/lib/python3.12/site-packages/airflow/example_dags/example_external_task_marker_dag.py for tasks to queue
[2025-04-04T13:45:54.459+0000] {logging_mixin.py:190} INFO - [2025-04-04T13:45:54.459+0000] {dagbag.py:588} INFO - Filling up the DagBag from /home/airflow/.local/lib/python3.12/site-packages/airflow/example_dags/example_external_task_marker_dag.py
[2025-04-04T13:45:54.486+0000] {processor.py:925} INFO - DAG(s) 'example_external_task_marker_parent', 'example_external_task_marker_child' retrieved from /home/airflow/.local/lib/python3.12/site-packages/airflow/example_dags/example_external_task_marker_dag.py
[2025-04-04T13:45:54.559+0000] {logging_mixin.py:190} INFO - [2025-04-04T13:45:54.558+0000] {dag.py:3239} INFO - Sync 2 DAGs
[2025-04-04T13:45:54.621+0000] {logging_mixin.py:190} INFO - [2025-04-04T13:45:54.620+0000] {dag.py:4180} INFO - Setting next_dagrun for example_external_task_marker_child to None, run_after=None
[2025-04-04T13:45:54.633+0000] {logging_mixin.py:190} INFO - [2025-04-04T13:45:54.633+0000] {dag.py:4180} INFO - Setting next_dagrun for example_external_task_marker_parent to None, run_after=None
[2025-04-04T13:45:54.683+0000] {processor.py:208} INFO - Processing /home/airflow/.local/lib/python3.12/site-packages/airflow/example_dags/example_external_task_marker_dag.py took 0.244 seconds
[2025-04-04T13:46:42.620+0000] {processor.py:186} INFO - Started process (PID=1274) to work on /home/airflow/.local/lib/python3.12/site-packages/airflow/example_dags/example_external_task_marker_dag.py
[2025-04-04T13:46:42.639+0000] {processor.py:914} INFO - Processing file /home/airflow/.local/lib/python3.12/site-packages/airflow/example_dags/example_external_task_marker_dag.py for tasks to queue
[2025-04-04T13:46:42.661+0000] {logging_mixin.py:190} INFO - [2025-04-04T13:46:42.659+0000] {dagbag.py:588} INFO - Filling up the DagBag from /home/airflow/.local/lib/python3.12/site-packages/airflow/example_dags/example_external_task_marker_dag.py
[2025-04-04T13:46:42.702+0000] {processor.py:925} INFO - DAG(s) 'example_external_task_marker_parent', 'example_external_task_marker_child' retrieved from /home/airflow/.local/lib/python3.12/site-packages/airflow/example_dags/example_external_task_marker_dag.py
[2025-04-04T13:46:42.824+0000] {logging_mixin.py:190} INFO - [2025-04-04T13:46:42.823+0000] {dag.py:3239} INFO - Sync 2 DAGs
[2025-04-04T13:46:42.865+0000] {logging_mixin.py:190} INFO - [2025-04-04T13:46:42.864+0000] {dag.py:4180} INFO - Setting next_dagrun for example_external_task_marker_child to None, run_after=None
[2025-04-04T13:46:42.878+0000] {logging_mixin.py:190} INFO - [2025-04-04T13:46:42.878+0000] {dag.py:4180} INFO - Setting next_dagrun for example_external_task_marker_parent to None, run_after=None
[2025-04-04T13:46:42.920+0000] {processor.py:208} INFO - Processing /home/airflow/.local/lib/python3.12/site-packages/airflow/example_dags/example_external_task_marker_dag.py took 0.325 seconds
[2025-04-04T13:47:13.408+0000] {processor.py:186} INFO - Started process (PID=1336) to work on /home/airflow/.local/lib/python3.12/site-packages/airflow/example_dags/example_external_task_marker_dag.py
[2025-04-04T13:47:13.412+0000] {processor.py:914} INFO - Processing file /home/airflow/.local/lib/python3.12/site-packages/airflow/example_dags/example_external_task_marker_dag.py for tasks to queue
[2025-04-04T13:47:13.416+0000] {logging_mixin.py:190} INFO - [2025-04-04T13:47:13.415+0000] {dagbag.py:588} INFO - Filling up the DagBag from /home/airflow/.local/lib/python3.12/site-packages/airflow/example_dags/example_external_task_marker_dag.py
[2025-04-04T13:47:13.447+0000] {processor.py:925} INFO - DAG(s) 'example_external_task_marker_parent', 'example_external_task_marker_child' retrieved from /home/airflow/.local/lib/python3.12/site-packages/airflow/example_dags/example_external_task_marker_dag.py
[2025-04-04T13:47:13.570+0000] {logging_mixin.py:190} INFO - [2025-04-04T13:47:13.570+0000] {dag.py:3239} INFO - Sync 2 DAGs
[2025-04-04T13:47:13.621+0000] {logging_mixin.py:190} INFO - [2025-04-04T13:47:13.620+0000] {dag.py:4180} INFO - Setting next_dagrun for example_external_task_marker_child to None, run_after=None
[2025-04-04T13:47:13.643+0000] {logging_mixin.py:190} INFO - [2025-04-04T13:47:13.643+0000] {dag.py:4180} INFO - Setting next_dagrun for example_external_task_marker_parent to None, run_after=None
[2025-04-04T13:47:13.709+0000] {processor.py:208} INFO - Processing /home/airflow/.local/lib/python3.12/site-packages/airflow/example_dags/example_external_task_marker_dag.py took 0.316 seconds
[2025-04-04T13:47:43.805+0000] {processor.py:186} INFO - Started process (PID=1398) to work on /home/airflow/.local/lib/python3.12/site-packages/airflow/example_dags/example_external_task_marker_dag.py
[2025-04-04T13:47:43.807+0000] {processor.py:914} INFO - Processing file /home/airflow/.local/lib/python3.12/site-packages/airflow/example_dags/example_external_task_marker_dag.py for tasks to queue
[2025-04-04T13:47:43.813+0000] {logging_mixin.py:190} INFO - [2025-04-04T13:47:43.812+0000] {dagbag.py:588} INFO - Filling up the DagBag from /home/airflow/.local/lib/python3.12/site-packages/airflow/example_dags/example_external_task_marker_dag.py
[2025-04-04T13:47:43.835+0000] {processor.py:925} INFO - DAG(s) 'example_external_task_marker_parent', 'example_external_task_marker_child' retrieved from /home/airflow/.local/lib/python3.12/site-packages/airflow/example_dags/example_external_task_marker_dag.py
[2025-04-04T13:47:43.901+0000] {logging_mixin.py:190} INFO - [2025-04-04T13:47:43.901+0000] {dag.py:3239} INFO - Sync 2 DAGs
[2025-04-04T13:47:43.962+0000] {logging_mixin.py:190} INFO - [2025-04-04T13:47:43.962+0000] {dag.py:4180} INFO - Setting next_dagrun for example_external_task_marker_child to None, run_after=None
[2025-04-04T13:47:43.972+0000] {logging_mixin.py:190} INFO - [2025-04-04T13:47:43.971+0000] {dag.py:4180} INFO - Setting next_dagrun for example_external_task_marker_parent to None, run_after=None
[2025-04-04T13:47:44.032+0000] {processor.py:208} INFO - Processing /home/airflow/.local/lib/python3.12/site-packages/airflow/example_dags/example_external_task_marker_dag.py took 0.242 seconds
[2025-04-04T13:48:14.466+0000] {processor.py:186} INFO - Started process (PID=1461) to work on /home/airflow/.local/lib/python3.12/site-packages/airflow/example_dags/example_external_task_marker_dag.py
[2025-04-04T13:48:14.468+0000] {processor.py:914} INFO - Processing file /home/airflow/.local/lib/python3.12/site-packages/airflow/example_dags/example_external_task_marker_dag.py for tasks to queue
[2025-04-04T13:48:14.475+0000] {logging_mixin.py:190} INFO - [2025-04-04T13:48:14.473+0000] {dagbag.py:588} INFO - Filling up the DagBag from /home/airflow/.local/lib/python3.12/site-packages/airflow/example_dags/example_external_task_marker_dag.py
[2025-04-04T13:48:14.495+0000] {processor.py:925} INFO - DAG(s) 'example_external_task_marker_parent', 'example_external_task_marker_child' retrieved from /home/airflow/.local/lib/python3.12/site-packages/airflow/example_dags/example_external_task_marker_dag.py
[2025-04-04T13:48:14.580+0000] {logging_mixin.py:190} INFO - [2025-04-04T13:48:14.579+0000] {dag.py:3239} INFO - Sync 2 DAGs
[2025-04-04T13:48:14.670+0000] {logging_mixin.py:190} INFO - [2025-04-04T13:48:14.670+0000] {dag.py:4180} INFO - Setting next_dagrun for example_external_task_marker_child to None, run_after=None
[2025-04-04T13:48:14.693+0000] {logging_mixin.py:190} INFO - [2025-04-04T13:48:14.692+0000] {dag.py:4180} INFO - Setting next_dagrun for example_external_task_marker_parent to None, run_after=None
[2025-04-04T13:48:14.862+0000] {processor.py:208} INFO - Processing /home/airflow/.local/lib/python3.12/site-packages/airflow/example_dags/example_external_task_marker_dag.py took 0.410 seconds
[2025-04-04T13:48:45.337+0000] {processor.py:186} INFO - Started process (PID=1523) to work on /home/airflow/.local/lib/python3.12/site-packages/airflow/example_dags/example_external_task_marker_dag.py
[2025-04-04T13:48:45.338+0000] {processor.py:914} INFO - Processing file /home/airflow/.local/lib/python3.12/site-packages/airflow/example_dags/example_external_task_marker_dag.py for tasks to queue
[2025-04-04T13:48:45.342+0000] {logging_mixin.py:190} INFO - [2025-04-04T13:48:45.342+0000] {dagbag.py:588} INFO - Filling up the DagBag from /home/airflow/.local/lib/python3.12/site-packages/airflow/example_dags/example_external_task_marker_dag.py
[2025-04-04T13:48:45.356+0000] {processor.py:925} INFO - DAG(s) 'example_external_task_marker_parent', 'example_external_task_marker_child' retrieved from /home/airflow/.local/lib/python3.12/site-packages/airflow/example_dags/example_external_task_marker_dag.py
[2025-04-04T13:48:45.402+0000] {logging_mixin.py:190} INFO - [2025-04-04T13:48:45.402+0000] {dag.py:3239} INFO - Sync 2 DAGs
[2025-04-04T13:48:45.434+0000] {logging_mixin.py:190} INFO - [2025-04-04T13:48:45.434+0000] {dag.py:4180} INFO - Setting next_dagrun for example_external_task_marker_child to None, run_after=None
[2025-04-04T13:48:45.443+0000] {logging_mixin.py:190} INFO - [2025-04-04T13:48:45.442+0000] {dag.py:4180} INFO - Setting next_dagrun for example_external_task_marker_parent to None, run_after=None
[2025-04-04T13:48:45.483+0000] {processor.py:208} INFO - Processing /home/airflow/.local/lib/python3.12/site-packages/airflow/example_dags/example_external_task_marker_dag.py took 0.157 seconds
[2025-04-04T13:49:16.150+0000] {processor.py:186} INFO - Started process (PID=1585) to work on /home/airflow/.local/lib/python3.12/site-packages/airflow/example_dags/example_external_task_marker_dag.py
[2025-04-04T13:49:16.155+0000] {processor.py:914} INFO - Processing file /home/airflow/.local/lib/python3.12/site-packages/airflow/example_dags/example_external_task_marker_dag.py for tasks to queue
[2025-04-04T13:49:16.221+0000] {logging_mixin.py:190} INFO - [2025-04-04T13:49:16.220+0000] {dagbag.py:588} INFO - Filling up the DagBag from /home/airflow/.local/lib/python3.12/site-packages/airflow/example_dags/example_external_task_marker_dag.py
[2025-04-04T13:49:16.344+0000] {processor.py:925} INFO - DAG(s) 'example_external_task_marker_parent', 'example_external_task_marker_child' retrieved from /home/airflow/.local/lib/python3.12/site-packages/airflow/example_dags/example_external_task_marker_dag.py
[2025-04-04T13:49:16.443+0000] {logging_mixin.py:190} INFO - [2025-04-04T13:49:16.442+0000] {dag.py:3239} INFO - Sync 2 DAGs
[2025-04-04T13:49:16.481+0000] {logging_mixin.py:190} INFO - [2025-04-04T13:49:16.480+0000] {dag.py:4180} INFO - Setting next_dagrun for example_external_task_marker_child to None, run_after=None
[2025-04-04T13:49:16.492+0000] {logging_mixin.py:190} INFO - [2025-04-04T13:49:16.491+0000] {dag.py:4180} INFO - Setting next_dagrun for example_external_task_marker_parent to None, run_after=None
[2025-04-04T13:49:16.534+0000] {processor.py:208} INFO - Processing /home/airflow/.local/lib/python3.12/site-packages/airflow/example_dags/example_external_task_marker_dag.py took 0.454 seconds
[2025-04-04T13:49:46.869+0000] {processor.py:186} INFO - Started process (PID=1648) to work on /home/airflow/.local/lib/python3.12/site-packages/airflow/example_dags/example_external_task_marker_dag.py
[2025-04-04T13:49:46.871+0000] {processor.py:914} INFO - Processing file /home/airflow/.local/lib/python3.12/site-packages/airflow/example_dags/example_external_task_marker_dag.py for tasks to queue
[2025-04-04T13:49:46.875+0000] {logging_mixin.py:190} INFO - [2025-04-04T13:49:46.875+0000] {dagbag.py:588} INFO - Filling up the DagBag from /home/airflow/.local/lib/python3.12/site-packages/airflow/example_dags/example_external_task_marker_dag.py
[2025-04-04T13:49:46.895+0000] {processor.py:925} INFO - DAG(s) 'example_external_task_marker_parent', 'example_external_task_marker_child' retrieved from /home/airflow/.local/lib/python3.12/site-packages/airflow/example_dags/example_external_task_marker_dag.py
[2025-04-04T13:49:46.953+0000] {logging_mixin.py:190} INFO - [2025-04-04T13:49:46.953+0000] {dag.py:3239} INFO - Sync 2 DAGs
[2025-04-04T13:49:46.997+0000] {logging_mixin.py:190} INFO - [2025-04-04T13:49:46.997+0000] {dag.py:4180} INFO - Setting next_dagrun for example_external_task_marker_child to None, run_after=None
[2025-04-04T13:49:47.007+0000] {logging_mixin.py:190} INFO - [2025-04-04T13:49:47.006+0000] {dag.py:4180} INFO - Setting next_dagrun for example_external_task_marker_parent to None, run_after=None
[2025-04-04T13:49:47.057+0000] {processor.py:208} INFO - Processing /home/airflow/.local/lib/python3.12/site-packages/airflow/example_dags/example_external_task_marker_dag.py took 0.203 seconds
[2025-04-04T13:50:17.498+0000] {processor.py:186} INFO - Started process (PID=1710) to work on /home/airflow/.local/lib/python3.12/site-packages/airflow/example_dags/example_external_task_marker_dag.py
[2025-04-04T13:50:17.500+0000] {processor.py:914} INFO - Processing file /home/airflow/.local/lib/python3.12/site-packages/airflow/example_dags/example_external_task_marker_dag.py for tasks to queue
[2025-04-04T13:50:17.503+0000] {logging_mixin.py:190} INFO - [2025-04-04T13:50:17.503+0000] {dagbag.py:588} INFO - Filling up the DagBag from /home/airflow/.local/lib/python3.12/site-packages/airflow/example_dags/example_external_task_marker_dag.py
[2025-04-04T13:50:17.516+0000] {processor.py:925} INFO - DAG(s) 'example_external_task_marker_parent', 'example_external_task_marker_child' retrieved from /home/airflow/.local/lib/python3.12/site-packages/airflow/example_dags/example_external_task_marker_dag.py
[2025-04-04T13:50:17.553+0000] {logging_mixin.py:190} INFO - [2025-04-04T13:50:17.553+0000] {dag.py:3239} INFO - Sync 2 DAGs
[2025-04-04T13:50:17.580+0000] {logging_mixin.py:190} INFO - [2025-04-04T13:50:17.580+0000] {dag.py:4180} INFO - Setting next_dagrun for example_external_task_marker_child to None, run_after=None
[2025-04-04T13:50:17.588+0000] {logging_mixin.py:190} INFO - [2025-04-04T13:50:17.587+0000] {dag.py:4180} INFO - Setting next_dagrun for example_external_task_marker_parent to None, run_after=None
[2025-04-04T13:50:17.617+0000] {processor.py:208} INFO - Processing /home/airflow/.local/lib/python3.12/site-packages/airflow/example_dags/example_external_task_marker_dag.py took 0.129 seconds
[2025-04-04T13:50:48.730+0000] {processor.py:186} INFO - Started process (PID=1773) to work on /home/airflow/.local/lib/python3.12/site-packages/airflow/example_dags/example_external_task_marker_dag.py
[2025-04-04T13:50:48.743+0000] {processor.py:914} INFO - Processing file /home/airflow/.local/lib/python3.12/site-packages/airflow/example_dags/example_external_task_marker_dag.py for tasks to queue
[2025-04-04T13:50:48.748+0000] {logging_mixin.py:190} INFO - [2025-04-04T13:50:48.747+0000] {dagbag.py:588} INFO - Filling up the DagBag from /home/airflow/.local/lib/python3.12/site-packages/airflow/example_dags/example_external_task_marker_dag.py
[2025-04-04T13:50:48.767+0000] {processor.py:925} INFO - DAG(s) 'example_external_task_marker_parent', 'example_external_task_marker_child' retrieved from /home/airflow/.local/lib/python3.12/site-packages/airflow/example_dags/example_external_task_marker_dag.py
[2025-04-04T13:50:48.819+0000] {logging_mixin.py:190} INFO - [2025-04-04T13:50:48.818+0000] {dag.py:3239} INFO - Sync 2 DAGs
[2025-04-04T13:50:48.856+0000] {logging_mixin.py:190} INFO - [2025-04-04T13:50:48.855+0000] {dag.py:4180} INFO - Setting next_dagrun for example_external_task_marker_child to None, run_after=None
[2025-04-04T13:50:48.865+0000] {logging_mixin.py:190} INFO - [2025-04-04T13:50:48.865+0000] {dag.py:4180} INFO - Setting next_dagrun for example_external_task_marker_parent to None, run_after=None
[2025-04-04T13:50:48.901+0000] {processor.py:208} INFO - Processing /home/airflow/.local/lib/python3.12/site-packages/airflow/example_dags/example_external_task_marker_dag.py took 0.203 seconds
[2025-04-04T13:51:20.051+0000] {processor.py:186} INFO - Started process (PID=1835) to work on /home/airflow/.local/lib/python3.12/site-packages/airflow/example_dags/example_external_task_marker_dag.py
[2025-04-04T13:51:20.053+0000] {processor.py:914} INFO - Processing file /home/airflow/.local/lib/python3.12/site-packages/airflow/example_dags/example_external_task_marker_dag.py for tasks to queue
[2025-04-04T13:51:20.058+0000] {logging_mixin.py:190} INFO - [2025-04-04T13:51:20.057+0000] {dagbag.py:588} INFO - Filling up the DagBag from /home/airflow/.local/lib/python3.12/site-packages/airflow/example_dags/example_external_task_marker_dag.py
[2025-04-04T13:51:20.085+0000] {processor.py:925} INFO - DAG(s) 'example_external_task_marker_child', 'example_external_task_marker_parent' retrieved from /home/airflow/.local/lib/python3.12/site-packages/airflow/example_dags/example_external_task_marker_dag.py
[2025-04-04T13:51:20.161+0000] {logging_mixin.py:190} INFO - [2025-04-04T13:51:20.161+0000] {dag.py:3239} INFO - Sync 2 DAGs
[2025-04-04T13:51:20.205+0000] {logging_mixin.py:190} INFO - [2025-04-04T13:51:20.204+0000] {dag.py:4180} INFO - Setting next_dagrun for example_external_task_marker_child to None, run_after=None
[2025-04-04T13:51:20.215+0000] {logging_mixin.py:190} INFO - [2025-04-04T13:51:20.215+0000] {dag.py:4180} INFO - Setting next_dagrun for example_external_task_marker_parent to None, run_after=None
[2025-04-04T13:51:20.251+0000] {processor.py:208} INFO - Processing /home/airflow/.local/lib/python3.12/site-packages/airflow/example_dags/example_external_task_marker_dag.py took 0.212 seconds
[2025-04-04T13:51:51.057+0000] {processor.py:186} INFO - Started process (PID=1898) to work on /home/airflow/.local/lib/python3.12/site-packages/airflow/example_dags/example_external_task_marker_dag.py
[2025-04-04T13:51:51.059+0000] {processor.py:914} INFO - Processing file /home/airflow/.local/lib/python3.12/site-packages/airflow/example_dags/example_external_task_marker_dag.py for tasks to queue
[2025-04-04T13:51:51.064+0000] {logging_mixin.py:190} INFO - [2025-04-04T13:51:51.063+0000] {dagbag.py:588} INFO - Filling up the DagBag from /home/airflow/.local/lib/python3.12/site-packages/airflow/example_dags/example_external_task_marker_dag.py
[2025-04-04T13:51:51.080+0000] {processor.py:925} INFO - DAG(s) 'example_external_task_marker_parent', 'example_external_task_marker_child' retrieved from /home/airflow/.local/lib/python3.12/site-packages/airflow/example_dags/example_external_task_marker_dag.py
[2025-04-04T13:51:51.148+0000] {logging_mixin.py:190} INFO - [2025-04-04T13:51:51.147+0000] {dag.py:3239} INFO - Sync 2 DAGs
[2025-04-04T13:51:51.180+0000] {logging_mixin.py:190} INFO - [2025-04-04T13:51:51.180+0000] {dag.py:4180} INFO - Setting next_dagrun for example_external_task_marker_child to None, run_after=None
[2025-04-04T13:51:51.188+0000] {logging_mixin.py:190} INFO - [2025-04-04T13:51:51.188+0000] {dag.py:4180} INFO - Setting next_dagrun for example_external_task_marker_parent to None, run_after=None
[2025-04-04T13:51:51.233+0000] {processor.py:208} INFO - Processing /home/airflow/.local/lib/python3.12/site-packages/airflow/example_dags/example_external_task_marker_dag.py took 0.189 seconds
[2025-04-04T13:52:21.432+0000] {processor.py:186} INFO - Started process (PID=1960) to work on /home/airflow/.local/lib/python3.12/site-packages/airflow/example_dags/example_external_task_marker_dag.py
[2025-04-04T13:52:21.435+0000] {processor.py:914} INFO - Processing file /home/airflow/.local/lib/python3.12/site-packages/airflow/example_dags/example_external_task_marker_dag.py for tasks to queue
[2025-04-04T13:52:21.439+0000] {logging_mixin.py:190} INFO - [2025-04-04T13:52:21.439+0000] {dagbag.py:588} INFO - Filling up the DagBag from /home/airflow/.local/lib/python3.12/site-packages/airflow/example_dags/example_external_task_marker_dag.py
[2025-04-04T13:52:21.456+0000] {processor.py:925} INFO - DAG(s) 'example_external_task_marker_child', 'example_external_task_marker_parent' retrieved from /home/airflow/.local/lib/python3.12/site-packages/airflow/example_dags/example_external_task_marker_dag.py
[2025-04-04T13:52:21.510+0000] {logging_mixin.py:190} INFO - [2025-04-04T13:52:21.510+0000] {dag.py:3239} INFO - Sync 2 DAGs
[2025-04-04T13:52:21.550+0000] {logging_mixin.py:190} INFO - [2025-04-04T13:52:21.550+0000] {dag.py:4180} INFO - Setting next_dagrun for example_external_task_marker_child to None, run_after=None
[2025-04-04T13:52:21.559+0000] {logging_mixin.py:190} INFO - [2025-04-04T13:52:21.559+0000] {dag.py:4180} INFO - Setting next_dagrun for example_external_task_marker_parent to None, run_after=None
[2025-04-04T13:52:21.597+0000] {processor.py:208} INFO - Processing /home/airflow/.local/lib/python3.12/site-packages/airflow/example_dags/example_external_task_marker_dag.py took 0.180 seconds
[2025-04-04T13:52:51.914+0000] {processor.py:186} INFO - Started process (PID=2023) to work on /home/airflow/.local/lib/python3.12/site-packages/airflow/example_dags/example_external_task_marker_dag.py
[2025-04-04T13:52:51.916+0000] {processor.py:914} INFO - Processing file /home/airflow/.local/lib/python3.12/site-packages/airflow/example_dags/example_external_task_marker_dag.py for tasks to queue
[2025-04-04T13:52:51.920+0000] {logging_mixin.py:190} INFO - [2025-04-04T13:52:51.919+0000] {dagbag.py:588} INFO - Filling up the DagBag from /home/airflow/.local/lib/python3.12/site-packages/airflow/example_dags/example_external_task_marker_dag.py
[2025-04-04T13:52:51.933+0000] {processor.py:925} INFO - DAG(s) 'example_external_task_marker_parent', 'example_external_task_marker_child' retrieved from /home/airflow/.local/lib/python3.12/site-packages/airflow/example_dags/example_external_task_marker_dag.py
[2025-04-04T13:52:51.979+0000] {logging_mixin.py:190} INFO - [2025-04-04T13:52:51.979+0000] {dag.py:3239} INFO - Sync 2 DAGs
[2025-04-04T13:52:52.008+0000] {logging_mixin.py:190} INFO - [2025-04-04T13:52:52.008+0000] {dag.py:4180} INFO - Setting next_dagrun for example_external_task_marker_child to None, run_after=None
[2025-04-04T13:52:52.016+0000] {logging_mixin.py:190} INFO - [2025-04-04T13:52:52.016+0000] {dag.py:4180} INFO - Setting next_dagrun for example_external_task_marker_parent to None, run_after=None
[2025-04-04T13:52:52.048+0000] {processor.py:208} INFO - Processing /home/airflow/.local/lib/python3.12/site-packages/airflow/example_dags/example_external_task_marker_dag.py took 0.144 seconds
[2025-04-04T13:53:23.590+0000] {processor.py:186} INFO - Started process (PID=2086) to work on /home/airflow/.local/lib/python3.12/site-packages/airflow/example_dags/example_external_task_marker_dag.py
[2025-04-04T13:53:23.592+0000] {processor.py:914} INFO - Processing file /home/airflow/.local/lib/python3.12/site-packages/airflow/example_dags/example_external_task_marker_dag.py for tasks to queue
[2025-04-04T13:53:23.596+0000] {logging_mixin.py:190} INFO - [2025-04-04T13:53:23.595+0000] {dagbag.py:588} INFO - Filling up the DagBag from /home/airflow/.local/lib/python3.12/site-packages/airflow/example_dags/example_external_task_marker_dag.py
[2025-04-04T13:53:23.616+0000] {processor.py:925} INFO - DAG(s) 'example_external_task_marker_child', 'example_external_task_marker_parent' retrieved from /home/airflow/.local/lib/python3.12/site-packages/airflow/example_dags/example_external_task_marker_dag.py
[2025-04-04T13:53:23.671+0000] {logging_mixin.py:190} INFO - [2025-04-04T13:53:23.670+0000] {dag.py:3239} INFO - Sync 2 DAGs
[2025-04-04T13:53:23.708+0000] {logging_mixin.py:190} INFO - [2025-04-04T13:53:23.707+0000] {dag.py:4180} INFO - Setting next_dagrun for example_external_task_marker_child to None, run_after=None
[2025-04-04T13:53:23.716+0000] {logging_mixin.py:190} INFO - [2025-04-04T13:53:23.716+0000] {dag.py:4180} INFO - Setting next_dagrun for example_external_task_marker_parent to None, run_after=None
[2025-04-04T13:53:23.751+0000] {processor.py:208} INFO - Processing /home/airflow/.local/lib/python3.12/site-packages/airflow/example_dags/example_external_task_marker_dag.py took 0.173 seconds
[2025-04-04T13:53:56.682+0000] {processor.py:186} INFO - Started process (PID=2148) to work on /home/airflow/.local/lib/python3.12/site-packages/airflow/example_dags/example_external_task_marker_dag.py
[2025-04-04T13:53:56.684+0000] {processor.py:914} INFO - Processing file /home/airflow/.local/lib/python3.12/site-packages/airflow/example_dags/example_external_task_marker_dag.py for tasks to queue
[2025-04-04T13:53:56.691+0000] {logging_mixin.py:190} INFO - [2025-04-04T13:53:56.690+0000] {dagbag.py:588} INFO - Filling up the DagBag from /home/airflow/.local/lib/python3.12/site-packages/airflow/example_dags/example_external_task_marker_dag.py
[2025-04-04T13:53:56.714+0000] {processor.py:925} INFO - DAG(s) 'example_external_task_marker_parent', 'example_external_task_marker_child' retrieved from /home/airflow/.local/lib/python3.12/site-packages/airflow/example_dags/example_external_task_marker_dag.py
[2025-04-04T13:53:56.787+0000] {logging_mixin.py:190} INFO - [2025-04-04T13:53:56.787+0000] {dag.py:3239} INFO - Sync 2 DAGs
[2025-04-04T13:53:56.833+0000] {logging_mixin.py:190} INFO - [2025-04-04T13:53:56.833+0000] {dag.py:4180} INFO - Setting next_dagrun for example_external_task_marker_child to None, run_after=None
[2025-04-04T13:53:56.842+0000] {logging_mixin.py:190} INFO - [2025-04-04T13:53:56.842+0000] {dag.py:4180} INFO - Setting next_dagrun for example_external_task_marker_parent to None, run_after=None
[2025-04-04T13:53:56.880+0000] {processor.py:208} INFO - Processing /home/airflow/.local/lib/python3.12/site-packages/airflow/example_dags/example_external_task_marker_dag.py took 0.250 seconds
[2025-04-04T13:54:29.833+0000] {processor.py:186} INFO - Started process (PID=2218) to work on /home/airflow/.local/lib/python3.12/site-packages/airflow/example_dags/example_external_task_marker_dag.py
[2025-04-04T13:54:29.835+0000] {processor.py:914} INFO - Processing file /home/airflow/.local/lib/python3.12/site-packages/airflow/example_dags/example_external_task_marker_dag.py for tasks to queue
[2025-04-04T13:54:29.841+0000] {logging_mixin.py:190} INFO - [2025-04-04T13:54:29.840+0000] {dagbag.py:588} INFO - Filling up the DagBag from /home/airflow/.local/lib/python3.12/site-packages/airflow/example_dags/example_external_task_marker_dag.py
[2025-04-04T13:54:29.864+0000] {processor.py:925} INFO - DAG(s) 'example_external_task_marker_parent', 'example_external_task_marker_child' retrieved from /home/airflow/.local/lib/python3.12/site-packages/airflow/example_dags/example_external_task_marker_dag.py
[2025-04-04T13:54:29.933+0000] {logging_mixin.py:190} INFO - [2025-04-04T13:54:29.933+0000] {dag.py:3239} INFO - Sync 2 DAGs
[2025-04-04T13:54:29.983+0000] {logging_mixin.py:190} INFO - [2025-04-04T13:54:29.982+0000] {dag.py:4180} INFO - Setting next_dagrun for example_external_task_marker_child to None, run_after=None
[2025-04-04T13:54:29.996+0000] {logging_mixin.py:190} INFO - [2025-04-04T13:54:29.995+0000] {dag.py:4180} INFO - Setting next_dagrun for example_external_task_marker_parent to None, run_after=None
[2025-04-04T13:54:30.078+0000] {processor.py:208} INFO - Processing /home/airflow/.local/lib/python3.12/site-packages/airflow/example_dags/example_external_task_marker_dag.py took 0.261 seconds
[2025-04-04T13:55:01.705+0000] {processor.py:186} INFO - Started process (PID=2280) to work on /home/airflow/.local/lib/python3.12/site-packages/airflow/example_dags/example_external_task_marker_dag.py
[2025-04-04T13:55:01.709+0000] {processor.py:914} INFO - Processing file /home/airflow/.local/lib/python3.12/site-packages/airflow/example_dags/example_external_task_marker_dag.py for tasks to queue
[2025-04-04T13:55:01.715+0000] {logging_mixin.py:190} INFO - [2025-04-04T13:55:01.714+0000] {dagbag.py:588} INFO - Filling up the DagBag from /home/airflow/.local/lib/python3.12/site-packages/airflow/example_dags/example_external_task_marker_dag.py
[2025-04-04T13:55:01.744+0000] {processor.py:925} INFO - DAG(s) 'example_external_task_marker_parent', 'example_external_task_marker_child' retrieved from /home/airflow/.local/lib/python3.12/site-packages/airflow/example_dags/example_external_task_marker_dag.py
[2025-04-04T13:55:01.826+0000] {logging_mixin.py:190} INFO - [2025-04-04T13:55:01.826+0000] {dag.py:3239} INFO - Sync 2 DAGs
[2025-04-04T13:55:01.869+0000] {logging_mixin.py:190} INFO - [2025-04-04T13:55:01.869+0000] {dag.py:4180} INFO - Setting next_dagrun for example_external_task_marker_child to None, run_after=None
[2025-04-04T13:55:01.880+0000] {logging_mixin.py:190} INFO - [2025-04-04T13:55:01.880+0000] {dag.py:4180} INFO - Setting next_dagrun for example_external_task_marker_parent to None, run_after=None
[2025-04-04T13:55:01.928+0000] {processor.py:208} INFO - Processing /home/airflow/.local/lib/python3.12/site-packages/airflow/example_dags/example_external_task_marker_dag.py took 0.265 seconds
[2025-04-04T13:55:33.625+0000] {processor.py:186} INFO - Started process (PID=2344) to work on /home/airflow/.local/lib/python3.12/site-packages/airflow/example_dags/example_external_task_marker_dag.py
[2025-04-04T13:55:33.627+0000] {processor.py:914} INFO - Processing file /home/airflow/.local/lib/python3.12/site-packages/airflow/example_dags/example_external_task_marker_dag.py for tasks to queue
[2025-04-04T13:55:33.634+0000] {logging_mixin.py:190} INFO - [2025-04-04T13:55:33.633+0000] {dagbag.py:588} INFO - Filling up the DagBag from /home/airflow/.local/lib/python3.12/site-packages/airflow/example_dags/example_external_task_marker_dag.py
[2025-04-04T13:55:33.650+0000] {processor.py:925} INFO - DAG(s) 'example_external_task_marker_child', 'example_external_task_marker_parent' retrieved from /home/airflow/.local/lib/python3.12/site-packages/airflow/example_dags/example_external_task_marker_dag.py
[2025-04-04T13:55:33.706+0000] {logging_mixin.py:190} INFO - [2025-04-04T13:55:33.706+0000] {dag.py:3239} INFO - Sync 2 DAGs
[2025-04-04T13:55:33.750+0000] {logging_mixin.py:190} INFO - [2025-04-04T13:55:33.749+0000] {dag.py:4180} INFO - Setting next_dagrun for example_external_task_marker_child to None, run_after=None
[2025-04-04T13:55:33.760+0000] {logging_mixin.py:190} INFO - [2025-04-04T13:55:33.759+0000] {dag.py:4180} INFO - Setting next_dagrun for example_external_task_marker_parent to None, run_after=None
[2025-04-04T13:55:33.802+0000] {processor.py:208} INFO - Processing /home/airflow/.local/lib/python3.12/site-packages/airflow/example_dags/example_external_task_marker_dag.py took 0.190 seconds
[2025-04-04T13:56:06.414+0000] {processor.py:186} INFO - Started process (PID=2407) to work on /home/airflow/.local/lib/python3.12/site-packages/airflow/example_dags/example_external_task_marker_dag.py
[2025-04-04T13:56:06.417+0000] {processor.py:914} INFO - Processing file /home/airflow/.local/lib/python3.12/site-packages/airflow/example_dags/example_external_task_marker_dag.py for tasks to queue
[2025-04-04T13:56:06.423+0000] {logging_mixin.py:190} INFO - [2025-04-04T13:56:06.422+0000] {dagbag.py:588} INFO - Filling up the DagBag from /home/airflow/.local/lib/python3.12/site-packages/airflow/example_dags/example_external_task_marker_dag.py
[2025-04-04T13:56:06.453+0000] {processor.py:925} INFO - DAG(s) 'example_external_task_marker_child', 'example_external_task_marker_parent' retrieved from /home/airflow/.local/lib/python3.12/site-packages/airflow/example_dags/example_external_task_marker_dag.py
[2025-04-04T13:56:06.509+0000] {logging_mixin.py:190} INFO - [2025-04-04T13:56:06.508+0000] {dag.py:3239} INFO - Sync 2 DAGs
[2025-04-04T13:56:06.574+0000] {logging_mixin.py:190} INFO - [2025-04-04T13:56:06.574+0000] {dag.py:4180} INFO - Setting next_dagrun for example_external_task_marker_child to None, run_after=None
[2025-04-04T13:56:06.582+0000] {logging_mixin.py:190} INFO - [2025-04-04T13:56:06.582+0000] {dag.py:4180} INFO - Setting next_dagrun for example_external_task_marker_parent to None, run_after=None
[2025-04-04T13:56:06.708+0000] {processor.py:208} INFO - Processing /home/airflow/.local/lib/python3.12/site-packages/airflow/example_dags/example_external_task_marker_dag.py took 0.310 seconds
[2025-04-04T13:56:37.439+0000] {processor.py:186} INFO - Started process (PID=2469) to work on /home/airflow/.local/lib/python3.12/site-packages/airflow/example_dags/example_external_task_marker_dag.py
[2025-04-04T13:56:37.441+0000] {processor.py:914} INFO - Processing file /home/airflow/.local/lib/python3.12/site-packages/airflow/example_dags/example_external_task_marker_dag.py for tasks to queue
[2025-04-04T13:56:37.446+0000] {logging_mixin.py:190} INFO - [2025-04-04T13:56:37.446+0000] {dagbag.py:588} INFO - Filling up the DagBag from /home/airflow/.local/lib/python3.12/site-packages/airflow/example_dags/example_external_task_marker_dag.py
[2025-04-04T13:56:37.487+0000] {processor.py:925} INFO - DAG(s) 'example_external_task_marker_parent', 'example_external_task_marker_child' retrieved from /home/airflow/.local/lib/python3.12/site-packages/airflow/example_dags/example_external_task_marker_dag.py
[2025-04-04T13:56:37.558+0000] {logging_mixin.py:190} INFO - [2025-04-04T13:56:37.557+0000] {dag.py:3239} INFO - Sync 2 DAGs
[2025-04-04T13:56:37.584+0000] {logging_mixin.py:190} INFO - [2025-04-04T13:56:37.584+0000] {dag.py:4180} INFO - Setting next_dagrun for example_external_task_marker_child to None, run_after=None
[2025-04-04T13:56:37.591+0000] {logging_mixin.py:190} INFO - [2025-04-04T13:56:37.590+0000] {dag.py:4180} INFO - Setting next_dagrun for example_external_task_marker_parent to None, run_after=None
[2025-04-04T13:56:37.626+0000] {processor.py:208} INFO - Processing /home/airflow/.local/lib/python3.12/site-packages/airflow/example_dags/example_external_task_marker_dag.py took 0.202 seconds
[2025-04-04T13:57:10.055+0000] {processor.py:186} INFO - Started process (PID=2534) to work on /home/airflow/.local/lib/python3.12/site-packages/airflow/example_dags/example_external_task_marker_dag.py
[2025-04-04T13:57:10.057+0000] {processor.py:914} INFO - Processing file /home/airflow/.local/lib/python3.12/site-packages/airflow/example_dags/example_external_task_marker_dag.py for tasks to queue
[2025-04-04T13:57:10.061+0000] {logging_mixin.py:190} INFO - [2025-04-04T13:57:10.060+0000] {dagbag.py:588} INFO - Filling up the DagBag from /home/airflow/.local/lib/python3.12/site-packages/airflow/example_dags/example_external_task_marker_dag.py
[2025-04-04T13:57:10.084+0000] {processor.py:925} INFO - DAG(s) 'example_external_task_marker_parent', 'example_external_task_marker_child' retrieved from /home/airflow/.local/lib/python3.12/site-packages/airflow/example_dags/example_external_task_marker_dag.py
[2025-04-04T13:57:10.142+0000] {logging_mixin.py:190} INFO - [2025-04-04T13:57:10.142+0000] {dag.py:3239} INFO - Sync 2 DAGs
[2025-04-04T13:57:10.172+0000] {logging_mixin.py:190} INFO - [2025-04-04T13:57:10.172+0000] {dag.py:4180} INFO - Setting next_dagrun for example_external_task_marker_child to None, run_after=None
[2025-04-04T13:57:10.181+0000] {logging_mixin.py:190} INFO - [2025-04-04T13:57:10.181+0000] {dag.py:4180} INFO - Setting next_dagrun for example_external_task_marker_parent to None, run_after=None
[2025-04-04T13:57:10.218+0000] {processor.py:208} INFO - Processing /home/airflow/.local/lib/python3.12/site-packages/airflow/example_dags/example_external_task_marker_dag.py took 0.173 seconds
[2025-04-04T13:57:42.924+0000] {processor.py:186} INFO - Started process (PID=2599) to work on /home/airflow/.local/lib/python3.12/site-packages/airflow/example_dags/example_external_task_marker_dag.py
[2025-04-04T13:57:42.926+0000] {processor.py:914} INFO - Processing file /home/airflow/.local/lib/python3.12/site-packages/airflow/example_dags/example_external_task_marker_dag.py for tasks to queue
[2025-04-04T13:57:42.931+0000] {logging_mixin.py:190} INFO - [2025-04-04T13:57:42.931+0000] {dagbag.py:588} INFO - Filling up the DagBag from /home/airflow/.local/lib/python3.12/site-packages/airflow/example_dags/example_external_task_marker_dag.py
[2025-04-04T13:57:42.948+0000] {processor.py:925} INFO - DAG(s) 'example_external_task_marker_parent', 'example_external_task_marker_child' retrieved from /home/airflow/.local/lib/python3.12/site-packages/airflow/example_dags/example_external_task_marker_dag.py
[2025-04-04T13:57:43.007+0000] {logging_mixin.py:190} INFO - [2025-04-04T13:57:43.006+0000] {dag.py:3239} INFO - Sync 2 DAGs
[2025-04-04T13:57:43.045+0000] {logging_mixin.py:190} INFO - [2025-04-04T13:57:43.045+0000] {dag.py:4180} INFO - Setting next_dagrun for example_external_task_marker_child to None, run_after=None
[2025-04-04T13:57:43.066+0000] {logging_mixin.py:190} INFO - [2025-04-04T13:57:43.065+0000] {dag.py:4180} INFO - Setting next_dagrun for example_external_task_marker_parent to None, run_after=None
[2025-04-04T13:57:43.136+0000] {processor.py:208} INFO - Processing /home/airflow/.local/lib/python3.12/site-packages/airflow/example_dags/example_external_task_marker_dag.py took 0.227 seconds
[2025-04-04T13:58:15.483+0000] {processor.py:186} INFO - Started process (PID=2662) to work on /home/airflow/.local/lib/python3.12/site-packages/airflow/example_dags/example_external_task_marker_dag.py
[2025-04-04T13:58:15.487+0000] {processor.py:914} INFO - Processing file /home/airflow/.local/lib/python3.12/site-packages/airflow/example_dags/example_external_task_marker_dag.py for tasks to queue
[2025-04-04T13:58:15.505+0000] {logging_mixin.py:190} INFO - [2025-04-04T13:58:15.504+0000] {dagbag.py:588} INFO - Filling up the DagBag from /home/airflow/.local/lib/python3.12/site-packages/airflow/example_dags/example_external_task_marker_dag.py
[2025-04-04T13:58:15.604+0000] {processor.py:925} INFO - DAG(s) 'example_external_task_marker_child', 'example_external_task_marker_parent' retrieved from /home/airflow/.local/lib/python3.12/site-packages/airflow/example_dags/example_external_task_marker_dag.py
[2025-04-04T13:58:15.913+0000] {logging_mixin.py:190} INFO - [2025-04-04T13:58:15.913+0000] {dag.py:3239} INFO - Sync 2 DAGs
[2025-04-04T13:58:15.972+0000] {logging_mixin.py:190} INFO - [2025-04-04T13:58:15.972+0000] {dag.py:4180} INFO - Setting next_dagrun for example_external_task_marker_child to None, run_after=None
[2025-04-04T13:58:15.987+0000] {logging_mixin.py:190} INFO - [2025-04-04T13:58:15.986+0000] {dag.py:4180} INFO - Setting next_dagrun for example_external_task_marker_parent to None, run_after=None
[2025-04-04T13:58:16.037+0000] {processor.py:208} INFO - Processing /home/airflow/.local/lib/python3.12/site-packages/airflow/example_dags/example_external_task_marker_dag.py took 0.606 seconds
[2025-04-04T13:58:51.480+0000] {processor.py:186} INFO - Started process (PID=2728) to work on /home/airflow/.local/lib/python3.12/site-packages/airflow/example_dags/example_external_task_marker_dag.py
[2025-04-04T13:58:51.482+0000] {processor.py:914} INFO - Processing file /home/airflow/.local/lib/python3.12/site-packages/airflow/example_dags/example_external_task_marker_dag.py for tasks to queue
[2025-04-04T13:58:51.491+0000] {logging_mixin.py:190} INFO - [2025-04-04T13:58:51.490+0000] {dagbag.py:588} INFO - Filling up the DagBag from /home/airflow/.local/lib/python3.12/site-packages/airflow/example_dags/example_external_task_marker_dag.py
[2025-04-04T13:58:51.532+0000] {processor.py:925} INFO - DAG(s) 'example_external_task_marker_parent', 'example_external_task_marker_child' retrieved from /home/airflow/.local/lib/python3.12/site-packages/airflow/example_dags/example_external_task_marker_dag.py
[2025-04-04T13:58:51.617+0000] {logging_mixin.py:190} INFO - [2025-04-04T13:58:51.617+0000] {dag.py:3239} INFO - Sync 2 DAGs
[2025-04-04T13:58:51.709+0000] {logging_mixin.py:190} INFO - [2025-04-04T13:58:51.709+0000] {dag.py:4180} INFO - Setting next_dagrun for example_external_task_marker_child to None, run_after=None
[2025-04-04T13:58:51.720+0000] {logging_mixin.py:190} INFO - [2025-04-04T13:58:51.719+0000] {dag.py:4180} INFO - Setting next_dagrun for example_external_task_marker_parent to None, run_after=None
[2025-04-04T13:58:51.764+0000] {processor.py:208} INFO - Processing /home/airflow/.local/lib/python3.12/site-packages/airflow/example_dags/example_external_task_marker_dag.py took 0.300 seconds
