[2025-04-04T13:36:21.240+0000] {processor.py:186} INFO - Started process (PID=73) to work on /home/airflow/.local/lib/python3.12/site-packages/airflow/example_dags/example_setup_teardown.py
[2025-04-04T13:36:21.255+0000] {processor.py:914} INFO - Processing file /home/airflow/.local/lib/python3.12/site-packages/airflow/example_dags/example_setup_teardown.py for tasks to queue
[2025-04-04T13:36:21.260+0000] {logging_mixin.py:190} INFO - [2025-04-04T13:36:21.259+0000] {dagbag.py:588} INFO - Filling up the DagBag from /home/airflow/.local/lib/python3.12/site-packages/airflow/example_dags/example_setup_teardown.py
[2025-04-04T13:36:21.308+0000] {processor.py:925} INFO - DAG(s) 'example_setup_teardown' retrieved from /home/airflow/.local/lib/python3.12/site-packages/airflow/example_dags/example_setup_teardown.py
[2025-04-04T13:36:22.855+0000] {logging_mixin.py:190} INFO - [2025-04-04T13:36:22.853+0000] {override.py:1912} INFO - Created Permission View: can edit on DAG:example_setup_teardown
[2025-04-04T13:36:22.950+0000] {logging_mixin.py:190} INFO - [2025-04-04T13:36:22.948+0000] {override.py:1912} INFO - Created Permission View: can delete on DAG:example_setup_teardown
[2025-04-04T13:36:22.986+0000] {logging_mixin.py:190} INFO - [2025-04-04T13:36:22.986+0000] {override.py:1912} INFO - Created Permission View: can read on DAG:example_setup_teardown
[2025-04-04T13:36:23.035+0000] {logging_mixin.py:190} INFO - [2025-04-04T13:36:23.035+0000] {override.py:1912} INFO - Created Permission View: can delete on DAG Run:example_setup_teardown
[2025-04-04T13:36:23.064+0000] {logging_mixin.py:190} INFO - [2025-04-04T13:36:23.064+0000] {override.py:1912} INFO - Created Permission View: can read on DAG Run:example_setup_teardown
[2025-04-04T13:36:23.105+0000] {logging_mixin.py:190} INFO - [2025-04-04T13:36:23.104+0000] {override.py:1912} INFO - Created Permission View: can create on DAG Run:example_setup_teardown
[2025-04-04T13:36:23.136+0000] {logging_mixin.py:190} INFO - [2025-04-04T13:36:23.136+0000] {override.py:1912} INFO - Created Permission View: menu access on DAG Run:example_setup_teardown
[2025-04-04T13:36:23.138+0000] {logging_mixin.py:190} INFO - [2025-04-04T13:36:23.137+0000] {dag.py:3239} INFO - Sync 1 DAGs
[2025-04-04T13:36:23.209+0000] {logging_mixin.py:190} INFO - [2025-04-04T13:36:23.209+0000] {dag.py:3262} INFO - Creating ORM DAG for example_setup_teardown
[2025-04-04T13:36:23.213+0000] {logging_mixin.py:190} INFO - [2025-04-04T13:36:23.212+0000] {dag.py:4180} INFO - Setting next_dagrun for example_setup_teardown to None, run_after=None
[2025-04-04T13:36:23.342+0000] {processor.py:208} INFO - Processing /home/airflow/.local/lib/python3.12/site-packages/airflow/example_dags/example_setup_teardown.py took 2.114 seconds
[2025-04-04T13:36:56.232+0000] {processor.py:186} INFO - Started process (PID=136) to work on /home/airflow/.local/lib/python3.12/site-packages/airflow/example_dags/example_setup_teardown.py
[2025-04-04T13:36:56.234+0000] {processor.py:914} INFO - Processing file /home/airflow/.local/lib/python3.12/site-packages/airflow/example_dags/example_setup_teardown.py for tasks to queue
[2025-04-04T13:36:56.239+0000] {logging_mixin.py:190} INFO - [2025-04-04T13:36:56.239+0000] {dagbag.py:588} INFO - Filling up the DagBag from /home/airflow/.local/lib/python3.12/site-packages/airflow/example_dags/example_setup_teardown.py
[2025-04-04T13:36:56.262+0000] {processor.py:925} INFO - DAG(s) 'example_setup_teardown' retrieved from /home/airflow/.local/lib/python3.12/site-packages/airflow/example_dags/example_setup_teardown.py
[2025-04-04T13:36:56.308+0000] {logging_mixin.py:190} INFO - [2025-04-04T13:36:56.307+0000] {dag.py:3239} INFO - Sync 1 DAGs
[2025-04-04T13:36:56.349+0000] {logging_mixin.py:190} INFO - [2025-04-04T13:36:56.348+0000] {dag.py:4180} INFO - Setting next_dagrun for example_setup_teardown to None, run_after=None
[2025-04-04T13:36:56.439+0000] {processor.py:208} INFO - Processing /home/airflow/.local/lib/python3.12/site-packages/airflow/example_dags/example_setup_teardown.py took 0.222 seconds
[2025-04-04T13:37:27.075+0000] {processor.py:186} INFO - Started process (PID=199) to work on /home/airflow/.local/lib/python3.12/site-packages/airflow/example_dags/example_setup_teardown.py
[2025-04-04T13:37:27.077+0000] {processor.py:914} INFO - Processing file /home/airflow/.local/lib/python3.12/site-packages/airflow/example_dags/example_setup_teardown.py for tasks to queue
[2025-04-04T13:37:27.081+0000] {logging_mixin.py:190} INFO - [2025-04-04T13:37:27.080+0000] {dagbag.py:588} INFO - Filling up the DagBag from /home/airflow/.local/lib/python3.12/site-packages/airflow/example_dags/example_setup_teardown.py
[2025-04-04T13:37:27.100+0000] {processor.py:925} INFO - DAG(s) 'example_setup_teardown' retrieved from /home/airflow/.local/lib/python3.12/site-packages/airflow/example_dags/example_setup_teardown.py
[2025-04-04T13:37:27.163+0000] {logging_mixin.py:190} INFO - [2025-04-04T13:37:27.163+0000] {dag.py:3239} INFO - Sync 1 DAGs
[2025-04-04T13:37:27.217+0000] {logging_mixin.py:190} INFO - [2025-04-04T13:37:27.217+0000] {dag.py:4180} INFO - Setting next_dagrun for example_setup_teardown to None, run_after=None
[2025-04-04T13:37:27.270+0000] {processor.py:208} INFO - Processing /home/airflow/.local/lib/python3.12/site-packages/airflow/example_dags/example_setup_teardown.py took 0.211 seconds
[2025-04-04T13:37:58.228+0000] {processor.py:186} INFO - Started process (PID=262) to work on /home/airflow/.local/lib/python3.12/site-packages/airflow/example_dags/example_setup_teardown.py
[2025-04-04T13:37:58.230+0000] {processor.py:914} INFO - Processing file /home/airflow/.local/lib/python3.12/site-packages/airflow/example_dags/example_setup_teardown.py for tasks to queue
[2025-04-04T13:37:58.234+0000] {logging_mixin.py:190} INFO - [2025-04-04T13:37:58.233+0000] {dagbag.py:588} INFO - Filling up the DagBag from /home/airflow/.local/lib/python3.12/site-packages/airflow/example_dags/example_setup_teardown.py
[2025-04-04T13:37:58.250+0000] {processor.py:925} INFO - DAG(s) 'example_setup_teardown' retrieved from /home/airflow/.local/lib/python3.12/site-packages/airflow/example_dags/example_setup_teardown.py
[2025-04-04T13:37:58.285+0000] {logging_mixin.py:190} INFO - [2025-04-04T13:37:58.284+0000] {dag.py:3239} INFO - Sync 1 DAGs
[2025-04-04T13:37:58.311+0000] {logging_mixin.py:190} INFO - [2025-04-04T13:37:58.311+0000] {dag.py:4180} INFO - Setting next_dagrun for example_setup_teardown to None, run_after=None
[2025-04-04T13:37:58.344+0000] {processor.py:208} INFO - Processing /home/airflow/.local/lib/python3.12/site-packages/airflow/example_dags/example_setup_teardown.py took 0.127 seconds
[2025-04-04T13:38:29.014+0000] {processor.py:186} INFO - Started process (PID=315) to work on /home/airflow/.local/lib/python3.12/site-packages/airflow/example_dags/example_setup_teardown.py
[2025-04-04T13:38:29.015+0000] {processor.py:914} INFO - Processing file /home/airflow/.local/lib/python3.12/site-packages/airflow/example_dags/example_setup_teardown.py for tasks to queue
[2025-04-04T13:38:29.021+0000] {logging_mixin.py:190} INFO - [2025-04-04T13:38:29.020+0000] {dagbag.py:588} INFO - Filling up the DagBag from /home/airflow/.local/lib/python3.12/site-packages/airflow/example_dags/example_setup_teardown.py
[2025-04-04T13:38:29.036+0000] {processor.py:925} INFO - DAG(s) 'example_setup_teardown' retrieved from /home/airflow/.local/lib/python3.12/site-packages/airflow/example_dags/example_setup_teardown.py
[2025-04-04T13:38:29.076+0000] {logging_mixin.py:190} INFO - [2025-04-04T13:38:29.075+0000] {dag.py:3239} INFO - Sync 1 DAGs
[2025-04-04T13:38:29.110+0000] {logging_mixin.py:190} INFO - [2025-04-04T13:38:29.109+0000] {dag.py:4180} INFO - Setting next_dagrun for example_setup_teardown to None, run_after=None
[2025-04-04T13:38:29.153+0000] {processor.py:208} INFO - Processing /home/airflow/.local/lib/python3.12/site-packages/airflow/example_dags/example_setup_teardown.py took 0.152 seconds
[2025-04-04T13:39:01.544+0000] {processor.py:186} INFO - Started process (PID=373) to work on /home/airflow/.local/lib/python3.12/site-packages/airflow/example_dags/example_setup_teardown.py
[2025-04-04T13:39:01.546+0000] {processor.py:914} INFO - Processing file /home/airflow/.local/lib/python3.12/site-packages/airflow/example_dags/example_setup_teardown.py for tasks to queue
[2025-04-04T13:39:01.574+0000] {logging_mixin.py:190} INFO - [2025-04-04T13:39:01.573+0000] {dagbag.py:588} INFO - Filling up the DagBag from /home/airflow/.local/lib/python3.12/site-packages/airflow/example_dags/example_setup_teardown.py
[2025-04-04T13:39:01.611+0000] {processor.py:925} INFO - DAG(s) 'example_setup_teardown' retrieved from /home/airflow/.local/lib/python3.12/site-packages/airflow/example_dags/example_setup_teardown.py
[2025-04-04T13:39:01.656+0000] {logging_mixin.py:190} INFO - [2025-04-04T13:39:01.656+0000] {dag.py:3239} INFO - Sync 1 DAGs
[2025-04-04T13:39:01.707+0000] {logging_mixin.py:190} INFO - [2025-04-04T13:39:01.707+0000] {dag.py:4180} INFO - Setting next_dagrun for example_setup_teardown to None, run_after=None
[2025-04-04T13:39:01.809+0000] {processor.py:208} INFO - Processing /home/airflow/.local/lib/python3.12/site-packages/airflow/example_dags/example_setup_teardown.py took 0.301 seconds
[2025-04-04T13:39:37.319+0000] {processor.py:186} INFO - Started process (PID=431) to work on /home/airflow/.local/lib/python3.12/site-packages/airflow/example_dags/example_setup_teardown.py
[2025-04-04T13:39:37.331+0000] {processor.py:914} INFO - Processing file /home/airflow/.local/lib/python3.12/site-packages/airflow/example_dags/example_setup_teardown.py for tasks to queue
[2025-04-04T13:39:37.350+0000] {logging_mixin.py:190} INFO - [2025-04-04T13:39:37.345+0000] {dagbag.py:588} INFO - Filling up the DagBag from /home/airflow/.local/lib/python3.12/site-packages/airflow/example_dags/example_setup_teardown.py
[2025-04-04T13:39:37.419+0000] {processor.py:925} INFO - DAG(s) 'example_setup_teardown' retrieved from /home/airflow/.local/lib/python3.12/site-packages/airflow/example_dags/example_setup_teardown.py
[2025-04-04T13:39:37.573+0000] {logging_mixin.py:190} INFO - [2025-04-04T13:39:37.573+0000] {dag.py:3239} INFO - Sync 1 DAGs
[2025-04-04T13:39:37.667+0000] {logging_mixin.py:190} INFO - [2025-04-04T13:39:37.666+0000] {dag.py:4180} INFO - Setting next_dagrun for example_setup_teardown to None, run_after=None
[2025-04-04T13:39:37.791+0000] {processor.py:208} INFO - Processing /home/airflow/.local/lib/python3.12/site-packages/airflow/example_dags/example_setup_teardown.py took 0.511 seconds
[2025-04-04T13:40:08.133+0000] {processor.py:186} INFO - Started process (PID=495) to work on /home/airflow/.local/lib/python3.12/site-packages/airflow/example_dags/example_setup_teardown.py
[2025-04-04T13:40:08.135+0000] {processor.py:914} INFO - Processing file /home/airflow/.local/lib/python3.12/site-packages/airflow/example_dags/example_setup_teardown.py for tasks to queue
[2025-04-04T13:40:08.138+0000] {logging_mixin.py:190} INFO - [2025-04-04T13:40:08.138+0000] {dagbag.py:588} INFO - Filling up the DagBag from /home/airflow/.local/lib/python3.12/site-packages/airflow/example_dags/example_setup_teardown.py
[2025-04-04T13:40:08.151+0000] {processor.py:925} INFO - DAG(s) 'example_setup_teardown' retrieved from /home/airflow/.local/lib/python3.12/site-packages/airflow/example_dags/example_setup_teardown.py
[2025-04-04T13:40:08.184+0000] {logging_mixin.py:190} INFO - [2025-04-04T13:40:08.184+0000] {dag.py:3239} INFO - Sync 1 DAGs
[2025-04-04T13:40:08.208+0000] {logging_mixin.py:190} INFO - [2025-04-04T13:40:08.207+0000] {dag.py:4180} INFO - Setting next_dagrun for example_setup_teardown to None, run_after=None
[2025-04-04T13:40:08.239+0000] {processor.py:208} INFO - Processing /home/airflow/.local/lib/python3.12/site-packages/airflow/example_dags/example_setup_teardown.py took 0.115 seconds
[2025-04-04T13:40:38.722+0000] {processor.py:186} INFO - Started process (PID=556) to work on /home/airflow/.local/lib/python3.12/site-packages/airflow/example_dags/example_setup_teardown.py
[2025-04-04T13:40:38.724+0000] {processor.py:914} INFO - Processing file /home/airflow/.local/lib/python3.12/site-packages/airflow/example_dags/example_setup_teardown.py for tasks to queue
[2025-04-04T13:40:38.729+0000] {logging_mixin.py:190} INFO - [2025-04-04T13:40:38.728+0000] {dagbag.py:588} INFO - Filling up the DagBag from /home/airflow/.local/lib/python3.12/site-packages/airflow/example_dags/example_setup_teardown.py
[2025-04-04T13:40:38.748+0000] {processor.py:925} INFO - DAG(s) 'example_setup_teardown' retrieved from /home/airflow/.local/lib/python3.12/site-packages/airflow/example_dags/example_setup_teardown.py
[2025-04-04T13:40:38.794+0000] {logging_mixin.py:190} INFO - [2025-04-04T13:40:38.793+0000] {dag.py:3239} INFO - Sync 1 DAGs
[2025-04-04T13:40:38.822+0000] {logging_mixin.py:190} INFO - [2025-04-04T13:40:38.822+0000] {dag.py:4180} INFO - Setting next_dagrun for example_setup_teardown to None, run_after=None
[2025-04-04T13:40:38.868+0000] {processor.py:208} INFO - Processing /home/airflow/.local/lib/python3.12/site-packages/airflow/example_dags/example_setup_teardown.py took 0.159 seconds
[2025-04-04T13:41:09.154+0000] {processor.py:186} INFO - Started process (PID=617) to work on /home/airflow/.local/lib/python3.12/site-packages/airflow/example_dags/example_setup_teardown.py
[2025-04-04T13:41:09.155+0000] {processor.py:914} INFO - Processing file /home/airflow/.local/lib/python3.12/site-packages/airflow/example_dags/example_setup_teardown.py for tasks to queue
[2025-04-04T13:41:09.160+0000] {logging_mixin.py:190} INFO - [2025-04-04T13:41:09.159+0000] {dagbag.py:588} INFO - Filling up the DagBag from /home/airflow/.local/lib/python3.12/site-packages/airflow/example_dags/example_setup_teardown.py
[2025-04-04T13:41:09.174+0000] {processor.py:925} INFO - DAG(s) 'example_setup_teardown' retrieved from /home/airflow/.local/lib/python3.12/site-packages/airflow/example_dags/example_setup_teardown.py
[2025-04-04T13:41:09.226+0000] {logging_mixin.py:190} INFO - [2025-04-04T13:41:09.225+0000] {dag.py:3239} INFO - Sync 1 DAGs
[2025-04-04T13:41:09.320+0000] {logging_mixin.py:190} INFO - [2025-04-04T13:41:09.319+0000] {dag.py:4180} INFO - Setting next_dagrun for example_setup_teardown to None, run_after=None
[2025-04-04T13:41:09.424+0000] {processor.py:208} INFO - Processing /home/airflow/.local/lib/python3.12/site-packages/airflow/example_dags/example_setup_teardown.py took 0.280 seconds
[2025-04-04T13:41:39.652+0000] {processor.py:186} INFO - Started process (PID=680) to work on /home/airflow/.local/lib/python3.12/site-packages/airflow/example_dags/example_setup_teardown.py
[2025-04-04T13:41:39.655+0000] {processor.py:914} INFO - Processing file /home/airflow/.local/lib/python3.12/site-packages/airflow/example_dags/example_setup_teardown.py for tasks to queue
[2025-04-04T13:41:39.660+0000] {logging_mixin.py:190} INFO - [2025-04-04T13:41:39.660+0000] {dagbag.py:588} INFO - Filling up the DagBag from /home/airflow/.local/lib/python3.12/site-packages/airflow/example_dags/example_setup_teardown.py
[2025-04-04T13:41:39.686+0000] {processor.py:925} INFO - DAG(s) 'example_setup_teardown' retrieved from /home/airflow/.local/lib/python3.12/site-packages/airflow/example_dags/example_setup_teardown.py
[2025-04-04T13:41:39.761+0000] {logging_mixin.py:190} INFO - [2025-04-04T13:41:39.759+0000] {dag.py:3239} INFO - Sync 1 DAGs
[2025-04-04T13:41:39.818+0000] {logging_mixin.py:190} INFO - [2025-04-04T13:41:39.816+0000] {dag.py:4180} INFO - Setting next_dagrun for example_setup_teardown to None, run_after=None
[2025-04-04T13:41:39.968+0000] {processor.py:208} INFO - Processing /home/airflow/.local/lib/python3.12/site-packages/airflow/example_dags/example_setup_teardown.py took 0.333 seconds
[2025-04-04T13:42:10.388+0000] {processor.py:186} INFO - Started process (PID=742) to work on /home/airflow/.local/lib/python3.12/site-packages/airflow/example_dags/example_setup_teardown.py
[2025-04-04T13:42:10.389+0000] {processor.py:914} INFO - Processing file /home/airflow/.local/lib/python3.12/site-packages/airflow/example_dags/example_setup_teardown.py for tasks to queue
[2025-04-04T13:42:10.393+0000] {logging_mixin.py:190} INFO - [2025-04-04T13:42:10.393+0000] {dagbag.py:588} INFO - Filling up the DagBag from /home/airflow/.local/lib/python3.12/site-packages/airflow/example_dags/example_setup_teardown.py
[2025-04-04T13:42:10.407+0000] {processor.py:925} INFO - DAG(s) 'example_setup_teardown' retrieved from /home/airflow/.local/lib/python3.12/site-packages/airflow/example_dags/example_setup_teardown.py
[2025-04-04T13:42:10.444+0000] {logging_mixin.py:190} INFO - [2025-04-04T13:42:10.443+0000] {dag.py:3239} INFO - Sync 1 DAGs
[2025-04-04T13:42:10.473+0000] {logging_mixin.py:190} INFO - [2025-04-04T13:42:10.473+0000] {dag.py:4180} INFO - Setting next_dagrun for example_setup_teardown to None, run_after=None
[2025-04-04T13:42:10.503+0000] {processor.py:208} INFO - Processing /home/airflow/.local/lib/python3.12/site-packages/airflow/example_dags/example_setup_teardown.py took 0.126 seconds
[2025-04-04T13:42:41.166+0000] {processor.py:186} INFO - Started process (PID=805) to work on /home/airflow/.local/lib/python3.12/site-packages/airflow/example_dags/example_setup_teardown.py
[2025-04-04T13:42:41.168+0000] {processor.py:914} INFO - Processing file /home/airflow/.local/lib/python3.12/site-packages/airflow/example_dags/example_setup_teardown.py for tasks to queue
[2025-04-04T13:42:41.173+0000] {logging_mixin.py:190} INFO - [2025-04-04T13:42:41.172+0000] {dagbag.py:588} INFO - Filling up the DagBag from /home/airflow/.local/lib/python3.12/site-packages/airflow/example_dags/example_setup_teardown.py
[2025-04-04T13:42:41.190+0000] {processor.py:925} INFO - DAG(s) 'example_setup_teardown' retrieved from /home/airflow/.local/lib/python3.12/site-packages/airflow/example_dags/example_setup_teardown.py
[2025-04-04T13:42:41.236+0000] {logging_mixin.py:190} INFO - [2025-04-04T13:42:41.235+0000] {dag.py:3239} INFO - Sync 1 DAGs
[2025-04-04T13:42:41.280+0000] {logging_mixin.py:190} INFO - [2025-04-04T13:42:41.280+0000] {dag.py:4180} INFO - Setting next_dagrun for example_setup_teardown to None, run_after=None
[2025-04-04T13:42:41.332+0000] {processor.py:208} INFO - Processing /home/airflow/.local/lib/python3.12/site-packages/airflow/example_dags/example_setup_teardown.py took 0.188 seconds
[2025-04-04T13:43:12.446+0000] {processor.py:186} INFO - Started process (PID=867) to work on /home/airflow/.local/lib/python3.12/site-packages/airflow/example_dags/example_setup_teardown.py
[2025-04-04T13:43:12.448+0000] {processor.py:914} INFO - Processing file /home/airflow/.local/lib/python3.12/site-packages/airflow/example_dags/example_setup_teardown.py for tasks to queue
[2025-04-04T13:43:12.453+0000] {logging_mixin.py:190} INFO - [2025-04-04T13:43:12.452+0000] {dagbag.py:588} INFO - Filling up the DagBag from /home/airflow/.local/lib/python3.12/site-packages/airflow/example_dags/example_setup_teardown.py
[2025-04-04T13:43:12.467+0000] {processor.py:925} INFO - DAG(s) 'example_setup_teardown' retrieved from /home/airflow/.local/lib/python3.12/site-packages/airflow/example_dags/example_setup_teardown.py
[2025-04-04T13:43:12.504+0000] {logging_mixin.py:190} INFO - [2025-04-04T13:43:12.503+0000] {dag.py:3239} INFO - Sync 1 DAGs
[2025-04-04T13:43:12.530+0000] {logging_mixin.py:190} INFO - [2025-04-04T13:43:12.530+0000] {dag.py:4180} INFO - Setting next_dagrun for example_setup_teardown to None, run_after=None
[2025-04-04T13:43:12.600+0000] {processor.py:208} INFO - Processing /home/airflow/.local/lib/python3.12/site-packages/airflow/example_dags/example_setup_teardown.py took 0.165 seconds
[2025-04-04T13:43:44.302+0000] {processor.py:186} INFO - Started process (PID=931) to work on /home/airflow/.local/lib/python3.12/site-packages/airflow/example_dags/example_setup_teardown.py
[2025-04-04T13:43:44.304+0000] {processor.py:914} INFO - Processing file /home/airflow/.local/lib/python3.12/site-packages/airflow/example_dags/example_setup_teardown.py for tasks to queue
[2025-04-04T13:43:44.308+0000] {logging_mixin.py:190} INFO - [2025-04-04T13:43:44.307+0000] {dagbag.py:588} INFO - Filling up the DagBag from /home/airflow/.local/lib/python3.12/site-packages/airflow/example_dags/example_setup_teardown.py
[2025-04-04T13:43:44.322+0000] {processor.py:925} INFO - DAG(s) 'example_setup_teardown' retrieved from /home/airflow/.local/lib/python3.12/site-packages/airflow/example_dags/example_setup_teardown.py
[2025-04-04T13:43:44.367+0000] {logging_mixin.py:190} INFO - [2025-04-04T13:43:44.366+0000] {dag.py:3239} INFO - Sync 1 DAGs
[2025-04-04T13:43:44.401+0000] {logging_mixin.py:190} INFO - [2025-04-04T13:43:44.400+0000] {dag.py:4180} INFO - Setting next_dagrun for example_setup_teardown to None, run_after=None
[2025-04-04T13:43:44.437+0000] {processor.py:208} INFO - Processing /home/airflow/.local/lib/python3.12/site-packages/airflow/example_dags/example_setup_teardown.py took 0.145 seconds
[2025-04-04T13:44:14.933+0000] {processor.py:186} INFO - Started process (PID=988) to work on /home/airflow/.local/lib/python3.12/site-packages/airflow/example_dags/example_setup_teardown.py
[2025-04-04T13:44:14.935+0000] {processor.py:914} INFO - Processing file /home/airflow/.local/lib/python3.12/site-packages/airflow/example_dags/example_setup_teardown.py for tasks to queue
[2025-04-04T13:44:14.941+0000] {logging_mixin.py:190} INFO - [2025-04-04T13:44:14.940+0000] {dagbag.py:588} INFO - Filling up the DagBag from /home/airflow/.local/lib/python3.12/site-packages/airflow/example_dags/example_setup_teardown.py
[2025-04-04T13:44:14.960+0000] {processor.py:925} INFO - DAG(s) 'example_setup_teardown' retrieved from /home/airflow/.local/lib/python3.12/site-packages/airflow/example_dags/example_setup_teardown.py
[2025-04-04T13:44:15.006+0000] {logging_mixin.py:190} INFO - [2025-04-04T13:44:15.006+0000] {dag.py:3239} INFO - Sync 1 DAGs
[2025-04-04T13:44:15.048+0000] {logging_mixin.py:190} INFO - [2025-04-04T13:44:15.047+0000] {dag.py:4180} INFO - Setting next_dagrun for example_setup_teardown to None, run_after=None
[2025-04-04T13:44:15.096+0000] {processor.py:208} INFO - Processing /home/airflow/.local/lib/python3.12/site-packages/airflow/example_dags/example_setup_teardown.py took 0.177 seconds
[2025-04-04T13:44:46.317+0000] {processor.py:186} INFO - Started process (PID=1047) to work on /home/airflow/.local/lib/python3.12/site-packages/airflow/example_dags/example_setup_teardown.py
[2025-04-04T13:44:46.319+0000] {processor.py:914} INFO - Processing file /home/airflow/.local/lib/python3.12/site-packages/airflow/example_dags/example_setup_teardown.py for tasks to queue
[2025-04-04T13:44:46.325+0000] {logging_mixin.py:190} INFO - [2025-04-04T13:44:46.324+0000] {dagbag.py:588} INFO - Filling up the DagBag from /home/airflow/.local/lib/python3.12/site-packages/airflow/example_dags/example_setup_teardown.py
[2025-04-04T13:44:46.341+0000] {processor.py:925} INFO - DAG(s) 'example_setup_teardown' retrieved from /home/airflow/.local/lib/python3.12/site-packages/airflow/example_dags/example_setup_teardown.py
[2025-04-04T13:44:46.388+0000] {logging_mixin.py:190} INFO - [2025-04-04T13:44:46.387+0000] {dag.py:3239} INFO - Sync 1 DAGs
[2025-04-04T13:44:46.438+0000] {logging_mixin.py:190} INFO - [2025-04-04T13:44:46.438+0000] {dag.py:4180} INFO - Setting next_dagrun for example_setup_teardown to None, run_after=None
[2025-04-04T13:44:46.498+0000] {processor.py:208} INFO - Processing /home/airflow/.local/lib/python3.12/site-packages/airflow/example_dags/example_setup_teardown.py took 0.196 seconds
[2025-04-04T13:45:18.182+0000] {processor.py:186} INFO - Started process (PID=1109) to work on /home/airflow/.local/lib/python3.12/site-packages/airflow/example_dags/example_setup_teardown.py
[2025-04-04T13:45:18.184+0000] {processor.py:914} INFO - Processing file /home/airflow/.local/lib/python3.12/site-packages/airflow/example_dags/example_setup_teardown.py for tasks to queue
[2025-04-04T13:45:18.192+0000] {logging_mixin.py:190} INFO - [2025-04-04T13:45:18.188+0000] {dagbag.py:588} INFO - Filling up the DagBag from /home/airflow/.local/lib/python3.12/site-packages/airflow/example_dags/example_setup_teardown.py
[2025-04-04T13:45:18.221+0000] {processor.py:925} INFO - DAG(s) 'example_setup_teardown' retrieved from /home/airflow/.local/lib/python3.12/site-packages/airflow/example_dags/example_setup_teardown.py
[2025-04-04T13:45:18.283+0000] {logging_mixin.py:190} INFO - [2025-04-04T13:45:18.282+0000] {dag.py:3239} INFO - Sync 1 DAGs
[2025-04-04T13:45:18.320+0000] {logging_mixin.py:190} INFO - [2025-04-04T13:45:18.319+0000] {dag.py:4180} INFO - Setting next_dagrun for example_setup_teardown to None, run_after=None
[2025-04-04T13:45:18.373+0000] {processor.py:208} INFO - Processing /home/airflow/.local/lib/python3.12/site-packages/airflow/example_dags/example_setup_teardown.py took 0.207 seconds
[2025-04-04T13:45:48.818+0000] {processor.py:186} INFO - Started process (PID=1170) to work on /home/airflow/.local/lib/python3.12/site-packages/airflow/example_dags/example_setup_teardown.py
[2025-04-04T13:45:48.820+0000] {processor.py:914} INFO - Processing file /home/airflow/.local/lib/python3.12/site-packages/airflow/example_dags/example_setup_teardown.py for tasks to queue
[2025-04-04T13:45:48.826+0000] {logging_mixin.py:190} INFO - [2025-04-04T13:45:48.825+0000] {dagbag.py:588} INFO - Filling up the DagBag from /home/airflow/.local/lib/python3.12/site-packages/airflow/example_dags/example_setup_teardown.py
[2025-04-04T13:45:48.844+0000] {processor.py:925} INFO - DAG(s) 'example_setup_teardown' retrieved from /home/airflow/.local/lib/python3.12/site-packages/airflow/example_dags/example_setup_teardown.py
[2025-04-04T13:45:48.886+0000] {logging_mixin.py:190} INFO - [2025-04-04T13:45:48.886+0000] {dag.py:3239} INFO - Sync 1 DAGs
[2025-04-04T13:45:48.914+0000] {logging_mixin.py:190} INFO - [2025-04-04T13:45:48.914+0000] {dag.py:4180} INFO - Setting next_dagrun for example_setup_teardown to None, run_after=None
[2025-04-04T13:45:48.956+0000] {processor.py:208} INFO - Processing /home/airflow/.local/lib/python3.12/site-packages/airflow/example_dags/example_setup_teardown.py took 0.150 seconds
[2025-04-04T13:46:19.863+0000] {processor.py:186} INFO - Started process (PID=1233) to work on /home/airflow/.local/lib/python3.12/site-packages/airflow/example_dags/example_setup_teardown.py
[2025-04-04T13:46:19.866+0000] {processor.py:914} INFO - Processing file /home/airflow/.local/lib/python3.12/site-packages/airflow/example_dags/example_setup_teardown.py for tasks to queue
[2025-04-04T13:46:19.883+0000] {logging_mixin.py:190} INFO - [2025-04-04T13:46:19.882+0000] {dagbag.py:588} INFO - Filling up the DagBag from /home/airflow/.local/lib/python3.12/site-packages/airflow/example_dags/example_setup_teardown.py
[2025-04-04T13:46:19.975+0000] {processor.py:925} INFO - DAG(s) 'example_setup_teardown' retrieved from /home/airflow/.local/lib/python3.12/site-packages/airflow/example_dags/example_setup_teardown.py
[2025-04-04T13:46:20.113+0000] {logging_mixin.py:190} INFO - [2025-04-04T13:46:20.112+0000] {dag.py:3239} INFO - Sync 1 DAGs
[2025-04-04T13:46:20.241+0000] {logging_mixin.py:190} INFO - [2025-04-04T13:46:20.240+0000] {dag.py:4180} INFO - Setting next_dagrun for example_setup_teardown to None, run_after=None
[2025-04-04T13:46:20.425+0000] {processor.py:208} INFO - Processing /home/airflow/.local/lib/python3.12/site-packages/airflow/example_dags/example_setup_teardown.py took 0.615 seconds
[2025-04-04T13:46:50.629+0000] {processor.py:186} INFO - Started process (PID=1296) to work on /home/airflow/.local/lib/python3.12/site-packages/airflow/example_dags/example_setup_teardown.py
[2025-04-04T13:46:50.630+0000] {processor.py:914} INFO - Processing file /home/airflow/.local/lib/python3.12/site-packages/airflow/example_dags/example_setup_teardown.py for tasks to queue
[2025-04-04T13:46:50.636+0000] {logging_mixin.py:190} INFO - [2025-04-04T13:46:50.635+0000] {dagbag.py:588} INFO - Filling up the DagBag from /home/airflow/.local/lib/python3.12/site-packages/airflow/example_dags/example_setup_teardown.py
[2025-04-04T13:46:50.653+0000] {processor.py:925} INFO - DAG(s) 'example_setup_teardown' retrieved from /home/airflow/.local/lib/python3.12/site-packages/airflow/example_dags/example_setup_teardown.py
[2025-04-04T13:46:50.696+0000] {logging_mixin.py:190} INFO - [2025-04-04T13:46:50.696+0000] {dag.py:3239} INFO - Sync 1 DAGs
[2025-04-04T13:46:50.722+0000] {logging_mixin.py:190} INFO - [2025-04-04T13:46:50.722+0000] {dag.py:4180} INFO - Setting next_dagrun for example_setup_teardown to None, run_after=None
[2025-04-04T13:46:50.760+0000] {processor.py:208} INFO - Processing /home/airflow/.local/lib/python3.12/site-packages/airflow/example_dags/example_setup_teardown.py took 0.141 seconds
[2025-04-04T13:47:21.094+0000] {processor.py:186} INFO - Started process (PID=1359) to work on /home/airflow/.local/lib/python3.12/site-packages/airflow/example_dags/example_setup_teardown.py
[2025-04-04T13:47:21.096+0000] {processor.py:914} INFO - Processing file /home/airflow/.local/lib/python3.12/site-packages/airflow/example_dags/example_setup_teardown.py for tasks to queue
[2025-04-04T13:47:21.102+0000] {logging_mixin.py:190} INFO - [2025-04-04T13:47:21.101+0000] {dagbag.py:588} INFO - Filling up the DagBag from /home/airflow/.local/lib/python3.12/site-packages/airflow/example_dags/example_setup_teardown.py
[2025-04-04T13:47:21.122+0000] {processor.py:925} INFO - DAG(s) 'example_setup_teardown' retrieved from /home/airflow/.local/lib/python3.12/site-packages/airflow/example_dags/example_setup_teardown.py
[2025-04-04T13:47:21.166+0000] {logging_mixin.py:190} INFO - [2025-04-04T13:47:21.163+0000] {dag.py:3239} INFO - Sync 1 DAGs
[2025-04-04T13:47:21.200+0000] {logging_mixin.py:190} INFO - [2025-04-04T13:47:21.200+0000] {dag.py:4180} INFO - Setting next_dagrun for example_setup_teardown to None, run_after=None
[2025-04-04T13:47:21.240+0000] {processor.py:208} INFO - Processing /home/airflow/.local/lib/python3.12/site-packages/airflow/example_dags/example_setup_teardown.py took 0.155 seconds
[2025-04-04T13:47:51.439+0000] {processor.py:186} INFO - Started process (PID=1422) to work on /home/airflow/.local/lib/python3.12/site-packages/airflow/example_dags/example_setup_teardown.py
[2025-04-04T13:47:51.441+0000] {processor.py:914} INFO - Processing file /home/airflow/.local/lib/python3.12/site-packages/airflow/example_dags/example_setup_teardown.py for tasks to queue
[2025-04-04T13:47:51.447+0000] {logging_mixin.py:190} INFO - [2025-04-04T13:47:51.445+0000] {dagbag.py:588} INFO - Filling up the DagBag from /home/airflow/.local/lib/python3.12/site-packages/airflow/example_dags/example_setup_teardown.py
[2025-04-04T13:47:51.468+0000] {processor.py:925} INFO - DAG(s) 'example_setup_teardown' retrieved from /home/airflow/.local/lib/python3.12/site-packages/airflow/example_dags/example_setup_teardown.py
[2025-04-04T13:47:51.510+0000] {logging_mixin.py:190} INFO - [2025-04-04T13:47:51.510+0000] {dag.py:3239} INFO - Sync 1 DAGs
[2025-04-04T13:47:51.562+0000] {logging_mixin.py:190} INFO - [2025-04-04T13:47:51.562+0000] {dag.py:4180} INFO - Setting next_dagrun for example_setup_teardown to None, run_after=None
[2025-04-04T13:47:51.613+0000] {processor.py:208} INFO - Processing /home/airflow/.local/lib/python3.12/site-packages/airflow/example_dags/example_setup_teardown.py took 0.189 seconds
[2025-04-04T13:48:22.304+0000] {processor.py:186} INFO - Started process (PID=1485) to work on /home/airflow/.local/lib/python3.12/site-packages/airflow/example_dags/example_setup_teardown.py
[2025-04-04T13:48:22.307+0000] {processor.py:914} INFO - Processing file /home/airflow/.local/lib/python3.12/site-packages/airflow/example_dags/example_setup_teardown.py for tasks to queue
[2025-04-04T13:48:22.314+0000] {logging_mixin.py:190} INFO - [2025-04-04T13:48:22.313+0000] {dagbag.py:588} INFO - Filling up the DagBag from /home/airflow/.local/lib/python3.12/site-packages/airflow/example_dags/example_setup_teardown.py
[2025-04-04T13:48:22.335+0000] {processor.py:925} INFO - DAG(s) 'example_setup_teardown' retrieved from /home/airflow/.local/lib/python3.12/site-packages/airflow/example_dags/example_setup_teardown.py
[2025-04-04T13:48:22.391+0000] {logging_mixin.py:190} INFO - [2025-04-04T13:48:22.391+0000] {dag.py:3239} INFO - Sync 1 DAGs
[2025-04-04T13:48:22.421+0000] {logging_mixin.py:190} INFO - [2025-04-04T13:48:22.421+0000] {dag.py:4180} INFO - Setting next_dagrun for example_setup_teardown to None, run_after=None
[2025-04-04T13:48:22.460+0000] {processor.py:208} INFO - Processing /home/airflow/.local/lib/python3.12/site-packages/airflow/example_dags/example_setup_teardown.py took 0.170 seconds
[2025-04-04T13:48:52.741+0000] {processor.py:186} INFO - Started process (PID=1546) to work on /home/airflow/.local/lib/python3.12/site-packages/airflow/example_dags/example_setup_teardown.py
[2025-04-04T13:48:52.743+0000] {processor.py:914} INFO - Processing file /home/airflow/.local/lib/python3.12/site-packages/airflow/example_dags/example_setup_teardown.py for tasks to queue
[2025-04-04T13:48:52.748+0000] {logging_mixin.py:190} INFO - [2025-04-04T13:48:52.747+0000] {dagbag.py:588} INFO - Filling up the DagBag from /home/airflow/.local/lib/python3.12/site-packages/airflow/example_dags/example_setup_teardown.py
[2025-04-04T13:48:52.766+0000] {processor.py:925} INFO - DAG(s) 'example_setup_teardown' retrieved from /home/airflow/.local/lib/python3.12/site-packages/airflow/example_dags/example_setup_teardown.py
[2025-04-04T13:48:52.819+0000] {logging_mixin.py:190} INFO - [2025-04-04T13:48:52.818+0000] {dag.py:3239} INFO - Sync 1 DAGs
[2025-04-04T13:48:52.858+0000] {logging_mixin.py:190} INFO - [2025-04-04T13:48:52.857+0000] {dag.py:4180} INFO - Setting next_dagrun for example_setup_teardown to None, run_after=None
[2025-04-04T13:48:52.892+0000] {processor.py:208} INFO - Processing /home/airflow/.local/lib/python3.12/site-packages/airflow/example_dags/example_setup_teardown.py took 0.161 seconds
[2025-04-04T13:49:24.705+0000] {processor.py:186} INFO - Started process (PID=1600) to work on /home/airflow/.local/lib/python3.12/site-packages/airflow/example_dags/example_setup_teardown.py
[2025-04-04T13:49:24.743+0000] {processor.py:914} INFO - Processing file /home/airflow/.local/lib/python3.12/site-packages/airflow/example_dags/example_setup_teardown.py for tasks to queue
[2025-04-04T13:49:24.749+0000] {logging_mixin.py:190} INFO - [2025-04-04T13:49:24.748+0000] {dagbag.py:588} INFO - Filling up the DagBag from /home/airflow/.local/lib/python3.12/site-packages/airflow/example_dags/example_setup_teardown.py
[2025-04-04T13:49:24.815+0000] {processor.py:925} INFO - DAG(s) 'example_setup_teardown' retrieved from /home/airflow/.local/lib/python3.12/site-packages/airflow/example_dags/example_setup_teardown.py
[2025-04-04T13:49:24.979+0000] {logging_mixin.py:190} INFO - [2025-04-04T13:49:24.978+0000] {dag.py:3239} INFO - Sync 1 DAGs
[2025-04-04T13:49:25.175+0000] {logging_mixin.py:190} INFO - [2025-04-04T13:49:25.175+0000] {dag.py:4180} INFO - Setting next_dagrun for example_setup_teardown to None, run_after=None
[2025-04-04T13:49:25.483+0000] {processor.py:208} INFO - Processing /home/airflow/.local/lib/python3.12/site-packages/airflow/example_dags/example_setup_teardown.py took 0.815 seconds
[2025-04-04T13:49:56.033+0000] {processor.py:186} INFO - Started process (PID=1668) to work on /home/airflow/.local/lib/python3.12/site-packages/airflow/example_dags/example_setup_teardown.py
[2025-04-04T13:49:56.037+0000] {processor.py:914} INFO - Processing file /home/airflow/.local/lib/python3.12/site-packages/airflow/example_dags/example_setup_teardown.py for tasks to queue
[2025-04-04T13:49:56.042+0000] {logging_mixin.py:190} INFO - [2025-04-04T13:49:56.041+0000] {dagbag.py:588} INFO - Filling up the DagBag from /home/airflow/.local/lib/python3.12/site-packages/airflow/example_dags/example_setup_teardown.py
[2025-04-04T13:49:56.068+0000] {processor.py:925} INFO - DAG(s) 'example_setup_teardown' retrieved from /home/airflow/.local/lib/python3.12/site-packages/airflow/example_dags/example_setup_teardown.py
[2025-04-04T13:49:56.131+0000] {logging_mixin.py:190} INFO - [2025-04-04T13:49:56.130+0000] {dag.py:3239} INFO - Sync 1 DAGs
[2025-04-04T13:49:56.173+0000] {logging_mixin.py:190} INFO - [2025-04-04T13:49:56.173+0000] {dag.py:4180} INFO - Setting next_dagrun for example_setup_teardown to None, run_after=None
[2025-04-04T13:49:56.227+0000] {processor.py:208} INFO - Processing /home/airflow/.local/lib/python3.12/site-packages/airflow/example_dags/example_setup_teardown.py took 0.223 seconds
[2025-04-04T13:50:26.706+0000] {processor.py:186} INFO - Started process (PID=1731) to work on /home/airflow/.local/lib/python3.12/site-packages/airflow/example_dags/example_setup_teardown.py
[2025-04-04T13:50:26.708+0000] {processor.py:914} INFO - Processing file /home/airflow/.local/lib/python3.12/site-packages/airflow/example_dags/example_setup_teardown.py for tasks to queue
[2025-04-04T13:50:26.723+0000] {logging_mixin.py:190} INFO - [2025-04-04T13:50:26.714+0000] {dagbag.py:588} INFO - Filling up the DagBag from /home/airflow/.local/lib/python3.12/site-packages/airflow/example_dags/example_setup_teardown.py
[2025-04-04T13:50:26.747+0000] {processor.py:925} INFO - DAG(s) 'example_setup_teardown' retrieved from /home/airflow/.local/lib/python3.12/site-packages/airflow/example_dags/example_setup_teardown.py
[2025-04-04T13:50:26.832+0000] {logging_mixin.py:190} INFO - [2025-04-04T13:50:26.832+0000] {dag.py:3239} INFO - Sync 1 DAGs
[2025-04-04T13:50:26.863+0000] {logging_mixin.py:190} INFO - [2025-04-04T13:50:26.863+0000] {dag.py:4180} INFO - Setting next_dagrun for example_setup_teardown to None, run_after=None
[2025-04-04T13:50:26.899+0000] {processor.py:208} INFO - Processing /home/airflow/.local/lib/python3.12/site-packages/airflow/example_dags/example_setup_teardown.py took 0.211 seconds
[2025-04-04T13:50:57.134+0000] {processor.py:186} INFO - Started process (PID=1794) to work on /home/airflow/.local/lib/python3.12/site-packages/airflow/example_dags/example_setup_teardown.py
[2025-04-04T13:50:57.136+0000] {processor.py:914} INFO - Processing file /home/airflow/.local/lib/python3.12/site-packages/airflow/example_dags/example_setup_teardown.py for tasks to queue
[2025-04-04T13:50:57.142+0000] {logging_mixin.py:190} INFO - [2025-04-04T13:50:57.140+0000] {dagbag.py:588} INFO - Filling up the DagBag from /home/airflow/.local/lib/python3.12/site-packages/airflow/example_dags/example_setup_teardown.py
[2025-04-04T13:50:57.205+0000] {processor.py:925} INFO - DAG(s) 'example_setup_teardown' retrieved from /home/airflow/.local/lib/python3.12/site-packages/airflow/example_dags/example_setup_teardown.py
[2025-04-04T13:50:57.248+0000] {logging_mixin.py:190} INFO - [2025-04-04T13:50:57.248+0000] {dag.py:3239} INFO - Sync 1 DAGs
[2025-04-04T13:50:57.281+0000] {logging_mixin.py:190} INFO - [2025-04-04T13:50:57.280+0000] {dag.py:4180} INFO - Setting next_dagrun for example_setup_teardown to None, run_after=None
[2025-04-04T13:50:57.338+0000] {processor.py:208} INFO - Processing /home/airflow/.local/lib/python3.12/site-packages/airflow/example_dags/example_setup_teardown.py took 0.223 seconds
[2025-04-04T13:51:28.461+0000] {processor.py:186} INFO - Started process (PID=1857) to work on /home/airflow/.local/lib/python3.12/site-packages/airflow/example_dags/example_setup_teardown.py
[2025-04-04T13:51:28.464+0000] {processor.py:914} INFO - Processing file /home/airflow/.local/lib/python3.12/site-packages/airflow/example_dags/example_setup_teardown.py for tasks to queue
[2025-04-04T13:51:28.468+0000] {logging_mixin.py:190} INFO - [2025-04-04T13:51:28.467+0000] {dagbag.py:588} INFO - Filling up the DagBag from /home/airflow/.local/lib/python3.12/site-packages/airflow/example_dags/example_setup_teardown.py
[2025-04-04T13:51:28.485+0000] {processor.py:925} INFO - DAG(s) 'example_setup_teardown' retrieved from /home/airflow/.local/lib/python3.12/site-packages/airflow/example_dags/example_setup_teardown.py
[2025-04-04T13:51:28.565+0000] {logging_mixin.py:190} INFO - [2025-04-04T13:51:28.565+0000] {dag.py:3239} INFO - Sync 1 DAGs
[2025-04-04T13:51:28.601+0000] {logging_mixin.py:190} INFO - [2025-04-04T13:51:28.601+0000] {dag.py:4180} INFO - Setting next_dagrun for example_setup_teardown to None, run_after=None
[2025-04-04T13:51:28.651+0000] {processor.py:208} INFO - Processing /home/airflow/.local/lib/python3.12/site-packages/airflow/example_dags/example_setup_teardown.py took 0.199 seconds
[2025-04-04T13:51:58.943+0000] {processor.py:186} INFO - Started process (PID=1917) to work on /home/airflow/.local/lib/python3.12/site-packages/airflow/example_dags/example_setup_teardown.py
[2025-04-04T13:51:58.945+0000] {processor.py:914} INFO - Processing file /home/airflow/.local/lib/python3.12/site-packages/airflow/example_dags/example_setup_teardown.py for tasks to queue
[2025-04-04T13:51:58.950+0000] {logging_mixin.py:190} INFO - [2025-04-04T13:51:58.949+0000] {dagbag.py:588} INFO - Filling up the DagBag from /home/airflow/.local/lib/python3.12/site-packages/airflow/example_dags/example_setup_teardown.py
[2025-04-04T13:51:58.973+0000] {processor.py:925} INFO - DAG(s) 'example_setup_teardown' retrieved from /home/airflow/.local/lib/python3.12/site-packages/airflow/example_dags/example_setup_teardown.py
[2025-04-04T13:51:59.028+0000] {logging_mixin.py:190} INFO - [2025-04-04T13:51:59.027+0000] {dag.py:3239} INFO - Sync 1 DAGs
[2025-04-04T13:51:59.080+0000] {logging_mixin.py:190} INFO - [2025-04-04T13:51:59.080+0000] {dag.py:4180} INFO - Setting next_dagrun for example_setup_teardown to None, run_after=None
[2025-04-04T13:51:59.115+0000] {processor.py:208} INFO - Processing /home/airflow/.local/lib/python3.12/site-packages/airflow/example_dags/example_setup_teardown.py took 0.186 seconds
[2025-04-04T13:52:29.437+0000] {processor.py:186} INFO - Started process (PID=1980) to work on /home/airflow/.local/lib/python3.12/site-packages/airflow/example_dags/example_setup_teardown.py
[2025-04-04T13:52:29.439+0000] {processor.py:914} INFO - Processing file /home/airflow/.local/lib/python3.12/site-packages/airflow/example_dags/example_setup_teardown.py for tasks to queue
[2025-04-04T13:52:29.449+0000] {logging_mixin.py:190} INFO - [2025-04-04T13:52:29.448+0000] {dagbag.py:588} INFO - Filling up the DagBag from /home/airflow/.local/lib/python3.12/site-packages/airflow/example_dags/example_setup_teardown.py
[2025-04-04T13:52:29.472+0000] {processor.py:925} INFO - DAG(s) 'example_setup_teardown' retrieved from /home/airflow/.local/lib/python3.12/site-packages/airflow/example_dags/example_setup_teardown.py
[2025-04-04T13:52:29.581+0000] {logging_mixin.py:190} INFO - [2025-04-04T13:52:29.580+0000] {dag.py:3239} INFO - Sync 1 DAGs
[2025-04-04T13:52:29.633+0000] {logging_mixin.py:190} INFO - [2025-04-04T13:52:29.633+0000] {dag.py:4180} INFO - Setting next_dagrun for example_setup_teardown to None, run_after=None
[2025-04-04T13:52:29.715+0000] {processor.py:208} INFO - Processing /home/airflow/.local/lib/python3.12/site-packages/airflow/example_dags/example_setup_teardown.py took 0.291 seconds
[2025-04-04T13:53:00.065+0000] {processor.py:186} INFO - Started process (PID=2042) to work on /home/airflow/.local/lib/python3.12/site-packages/airflow/example_dags/example_setup_teardown.py
[2025-04-04T13:53:00.066+0000] {processor.py:914} INFO - Processing file /home/airflow/.local/lib/python3.12/site-packages/airflow/example_dags/example_setup_teardown.py for tasks to queue
[2025-04-04T13:53:00.071+0000] {logging_mixin.py:190} INFO - [2025-04-04T13:53:00.070+0000] {dagbag.py:588} INFO - Filling up the DagBag from /home/airflow/.local/lib/python3.12/site-packages/airflow/example_dags/example_setup_teardown.py
[2025-04-04T13:53:00.090+0000] {processor.py:925} INFO - DAG(s) 'example_setup_teardown' retrieved from /home/airflow/.local/lib/python3.12/site-packages/airflow/example_dags/example_setup_teardown.py
[2025-04-04T13:53:00.142+0000] {logging_mixin.py:190} INFO - [2025-04-04T13:53:00.139+0000] {dag.py:3239} INFO - Sync 1 DAGs
[2025-04-04T13:53:00.194+0000] {logging_mixin.py:190} INFO - [2025-04-04T13:53:00.194+0000] {dag.py:4180} INFO - Setting next_dagrun for example_setup_teardown to None, run_after=None
[2025-04-04T13:53:00.243+0000] {processor.py:208} INFO - Processing /home/airflow/.local/lib/python3.12/site-packages/airflow/example_dags/example_setup_teardown.py took 0.191 seconds
[2025-04-04T13:53:30.427+0000] {processor.py:186} INFO - Started process (PID=2101) to work on /home/airflow/.local/lib/python3.12/site-packages/airflow/example_dags/example_setup_teardown.py
[2025-04-04T13:53:30.429+0000] {processor.py:914} INFO - Processing file /home/airflow/.local/lib/python3.12/site-packages/airflow/example_dags/example_setup_teardown.py for tasks to queue
[2025-04-04T13:53:30.434+0000] {logging_mixin.py:190} INFO - [2025-04-04T13:53:30.434+0000] {dagbag.py:588} INFO - Filling up the DagBag from /home/airflow/.local/lib/python3.12/site-packages/airflow/example_dags/example_setup_teardown.py
[2025-04-04T13:53:30.453+0000] {processor.py:925} INFO - DAG(s) 'example_setup_teardown' retrieved from /home/airflow/.local/lib/python3.12/site-packages/airflow/example_dags/example_setup_teardown.py
[2025-04-04T13:53:30.497+0000] {logging_mixin.py:190} INFO - [2025-04-04T13:53:30.496+0000] {dag.py:3239} INFO - Sync 1 DAGs
[2025-04-04T13:53:30.534+0000] {logging_mixin.py:190} INFO - [2025-04-04T13:53:30.534+0000] {dag.py:4180} INFO - Setting next_dagrun for example_setup_teardown to None, run_after=None
[2025-04-04T13:53:30.578+0000] {processor.py:208} INFO - Processing /home/airflow/.local/lib/python3.12/site-packages/airflow/example_dags/example_setup_teardown.py took 0.166 seconds
[2025-04-04T13:54:00.676+0000] {processor.py:186} INFO - Started process (PID=2160) to work on /home/airflow/.local/lib/python3.12/site-packages/airflow/example_dags/example_setup_teardown.py
[2025-04-04T13:54:00.678+0000] {processor.py:914} INFO - Processing file /home/airflow/.local/lib/python3.12/site-packages/airflow/example_dags/example_setup_teardown.py for tasks to queue
[2025-04-04T13:54:00.683+0000] {logging_mixin.py:190} INFO - [2025-04-04T13:54:00.683+0000] {dagbag.py:588} INFO - Filling up the DagBag from /home/airflow/.local/lib/python3.12/site-packages/airflow/example_dags/example_setup_teardown.py
[2025-04-04T13:54:00.699+0000] {processor.py:925} INFO - DAG(s) 'example_setup_teardown' retrieved from /home/airflow/.local/lib/python3.12/site-packages/airflow/example_dags/example_setup_teardown.py
[2025-04-04T13:54:00.743+0000] {logging_mixin.py:190} INFO - [2025-04-04T13:54:00.743+0000] {dag.py:3239} INFO - Sync 1 DAGs
[2025-04-04T13:54:00.777+0000] {logging_mixin.py:190} INFO - [2025-04-04T13:54:00.777+0000] {dag.py:4180} INFO - Setting next_dagrun for example_setup_teardown to None, run_after=None
[2025-04-04T13:54:00.838+0000] {processor.py:208} INFO - Processing /home/airflow/.local/lib/python3.12/site-packages/airflow/example_dags/example_setup_teardown.py took 0.174 seconds
[2025-04-04T13:54:31.198+0000] {processor.py:186} INFO - Started process (PID=2225) to work on /home/airflow/.local/lib/python3.12/site-packages/airflow/example_dags/example_setup_teardown.py
[2025-04-04T13:54:31.201+0000] {processor.py:914} INFO - Processing file /home/airflow/.local/lib/python3.12/site-packages/airflow/example_dags/example_setup_teardown.py for tasks to queue
[2025-04-04T13:54:31.209+0000] {logging_mixin.py:190} INFO - [2025-04-04T13:54:31.208+0000] {dagbag.py:588} INFO - Filling up the DagBag from /home/airflow/.local/lib/python3.12/site-packages/airflow/example_dags/example_setup_teardown.py
[2025-04-04T13:54:31.231+0000] {processor.py:925} INFO - DAG(s) 'example_setup_teardown' retrieved from /home/airflow/.local/lib/python3.12/site-packages/airflow/example_dags/example_setup_teardown.py
[2025-04-04T13:54:31.284+0000] {logging_mixin.py:190} INFO - [2025-04-04T13:54:31.283+0000] {dag.py:3239} INFO - Sync 1 DAGs
[2025-04-04T13:54:31.329+0000] {logging_mixin.py:190} INFO - [2025-04-04T13:54:31.328+0000] {dag.py:4180} INFO - Setting next_dagrun for example_setup_teardown to None, run_after=None
[2025-04-04T13:54:31.376+0000] {processor.py:208} INFO - Processing /home/airflow/.local/lib/python3.12/site-packages/airflow/example_dags/example_setup_teardown.py took 0.200 seconds
[2025-04-04T13:55:01.836+0000] {processor.py:186} INFO - Started process (PID=2281) to work on /home/airflow/.local/lib/python3.12/site-packages/airflow/example_dags/example_setup_teardown.py
[2025-04-04T13:55:01.838+0000] {processor.py:914} INFO - Processing file /home/airflow/.local/lib/python3.12/site-packages/airflow/example_dags/example_setup_teardown.py for tasks to queue
[2025-04-04T13:55:01.843+0000] {logging_mixin.py:190} INFO - [2025-04-04T13:55:01.843+0000] {dagbag.py:588} INFO - Filling up the DagBag from /home/airflow/.local/lib/python3.12/site-packages/airflow/example_dags/example_setup_teardown.py
[2025-04-04T13:55:01.864+0000] {processor.py:925} INFO - DAG(s) 'example_setup_teardown' retrieved from /home/airflow/.local/lib/python3.12/site-packages/airflow/example_dags/example_setup_teardown.py
[2025-04-04T13:55:01.923+0000] {logging_mixin.py:190} INFO - [2025-04-04T13:55:01.922+0000] {dag.py:3239} INFO - Sync 1 DAGs
[2025-04-04T13:55:01.977+0000] {logging_mixin.py:190} INFO - [2025-04-04T13:55:01.977+0000] {dag.py:4180} INFO - Setting next_dagrun for example_setup_teardown to None, run_after=None
[2025-04-04T13:55:02.035+0000] {processor.py:208} INFO - Processing /home/airflow/.local/lib/python3.12/site-packages/airflow/example_dags/example_setup_teardown.py took 0.217 seconds
[2025-04-04T13:55:32.767+0000] {processor.py:186} INFO - Started process (PID=2339) to work on /home/airflow/.local/lib/python3.12/site-packages/airflow/example_dags/example_setup_teardown.py
[2025-04-04T13:55:32.769+0000] {processor.py:914} INFO - Processing file /home/airflow/.local/lib/python3.12/site-packages/airflow/example_dags/example_setup_teardown.py for tasks to queue
[2025-04-04T13:55:32.773+0000] {logging_mixin.py:190} INFO - [2025-04-04T13:55:32.772+0000] {dagbag.py:588} INFO - Filling up the DagBag from /home/airflow/.local/lib/python3.12/site-packages/airflow/example_dags/example_setup_teardown.py
[2025-04-04T13:55:32.796+0000] {processor.py:925} INFO - DAG(s) 'example_setup_teardown' retrieved from /home/airflow/.local/lib/python3.12/site-packages/airflow/example_dags/example_setup_teardown.py
[2025-04-04T13:55:32.849+0000] {logging_mixin.py:190} INFO - [2025-04-04T13:55:32.849+0000] {dag.py:3239} INFO - Sync 1 DAGs
[2025-04-04T13:55:32.893+0000] {logging_mixin.py:190} INFO - [2025-04-04T13:55:32.892+0000] {dag.py:4180} INFO - Setting next_dagrun for example_setup_teardown to None, run_after=None
[2025-04-04T13:55:32.945+0000] {processor.py:208} INFO - Processing /home/airflow/.local/lib/python3.12/site-packages/airflow/example_dags/example_setup_teardown.py took 0.191 seconds
[2025-04-04T13:56:04.867+0000] {processor.py:186} INFO - Started process (PID=2400) to work on /home/airflow/.local/lib/python3.12/site-packages/airflow/example_dags/example_setup_teardown.py
[2025-04-04T13:56:04.869+0000] {processor.py:914} INFO - Processing file /home/airflow/.local/lib/python3.12/site-packages/airflow/example_dags/example_setup_teardown.py for tasks to queue
[2025-04-04T13:56:04.874+0000] {logging_mixin.py:190} INFO - [2025-04-04T13:56:04.873+0000] {dagbag.py:588} INFO - Filling up the DagBag from /home/airflow/.local/lib/python3.12/site-packages/airflow/example_dags/example_setup_teardown.py
[2025-04-04T13:56:04.895+0000] {processor.py:925} INFO - DAG(s) 'example_setup_teardown' retrieved from /home/airflow/.local/lib/python3.12/site-packages/airflow/example_dags/example_setup_teardown.py
[2025-04-04T13:56:05.003+0000] {logging_mixin.py:190} INFO - [2025-04-04T13:56:05.002+0000] {dag.py:3239} INFO - Sync 1 DAGs
[2025-04-04T13:56:05.108+0000] {logging_mixin.py:190} INFO - [2025-04-04T13:56:05.096+0000] {dag.py:4180} INFO - Setting next_dagrun for example_setup_teardown to None, run_after=None
[2025-04-04T13:56:05.305+0000] {processor.py:208} INFO - Processing /home/airflow/.local/lib/python3.12/site-packages/airflow/example_dags/example_setup_teardown.py took 0.452 seconds
[2025-04-04T13:56:36.798+0000] {processor.py:186} INFO - Started process (PID=2463) to work on /home/airflow/.local/lib/python3.12/site-packages/airflow/example_dags/example_setup_teardown.py
[2025-04-04T13:56:36.800+0000] {processor.py:914} INFO - Processing file /home/airflow/.local/lib/python3.12/site-packages/airflow/example_dags/example_setup_teardown.py for tasks to queue
[2025-04-04T13:56:36.804+0000] {logging_mixin.py:190} INFO - [2025-04-04T13:56:36.803+0000] {dagbag.py:588} INFO - Filling up the DagBag from /home/airflow/.local/lib/python3.12/site-packages/airflow/example_dags/example_setup_teardown.py
[2025-04-04T13:56:36.820+0000] {processor.py:925} INFO - DAG(s) 'example_setup_teardown' retrieved from /home/airflow/.local/lib/python3.12/site-packages/airflow/example_dags/example_setup_teardown.py
[2025-04-04T13:56:36.858+0000] {logging_mixin.py:190} INFO - [2025-04-04T13:56:36.857+0000] {dag.py:3239} INFO - Sync 1 DAGs
[2025-04-04T13:56:36.897+0000] {logging_mixin.py:190} INFO - [2025-04-04T13:56:36.897+0000] {dag.py:4180} INFO - Setting next_dagrun for example_setup_teardown to None, run_after=None
[2025-04-04T13:56:36.934+0000] {processor.py:208} INFO - Processing /home/airflow/.local/lib/python3.12/site-packages/airflow/example_dags/example_setup_teardown.py took 0.146 seconds
[2025-04-04T13:57:07.050+0000] {processor.py:186} INFO - Started process (PID=2524) to work on /home/airflow/.local/lib/python3.12/site-packages/airflow/example_dags/example_setup_teardown.py
[2025-04-04T13:57:07.052+0000] {processor.py:914} INFO - Processing file /home/airflow/.local/lib/python3.12/site-packages/airflow/example_dags/example_setup_teardown.py for tasks to queue
[2025-04-04T13:57:07.060+0000] {logging_mixin.py:190} INFO - [2025-04-04T13:57:07.059+0000] {dagbag.py:588} INFO - Filling up the DagBag from /home/airflow/.local/lib/python3.12/site-packages/airflow/example_dags/example_setup_teardown.py
[2025-04-04T13:57:07.079+0000] {processor.py:925} INFO - DAG(s) 'example_setup_teardown' retrieved from /home/airflow/.local/lib/python3.12/site-packages/airflow/example_dags/example_setup_teardown.py
[2025-04-04T13:57:07.131+0000] {logging_mixin.py:190} INFO - [2025-04-04T13:57:07.131+0000] {dag.py:3239} INFO - Sync 1 DAGs
[2025-04-04T13:57:07.181+0000] {logging_mixin.py:190} INFO - [2025-04-04T13:57:07.180+0000] {dag.py:4180} INFO - Setting next_dagrun for example_setup_teardown to None, run_after=None
[2025-04-04T13:57:07.236+0000] {processor.py:208} INFO - Processing /home/airflow/.local/lib/python3.12/site-packages/airflow/example_dags/example_setup_teardown.py took 0.201 seconds
[2025-04-04T13:57:37.546+0000] {processor.py:186} INFO - Started process (PID=2587) to work on /home/airflow/.local/lib/python3.12/site-packages/airflow/example_dags/example_setup_teardown.py
[2025-04-04T13:57:37.548+0000] {processor.py:914} INFO - Processing file /home/airflow/.local/lib/python3.12/site-packages/airflow/example_dags/example_setup_teardown.py for tasks to queue
[2025-04-04T13:57:37.552+0000] {logging_mixin.py:190} INFO - [2025-04-04T13:57:37.551+0000] {dagbag.py:588} INFO - Filling up the DagBag from /home/airflow/.local/lib/python3.12/site-packages/airflow/example_dags/example_setup_teardown.py
[2025-04-04T13:57:37.570+0000] {processor.py:925} INFO - DAG(s) 'example_setup_teardown' retrieved from /home/airflow/.local/lib/python3.12/site-packages/airflow/example_dags/example_setup_teardown.py
[2025-04-04T13:57:37.619+0000] {logging_mixin.py:190} INFO - [2025-04-04T13:57:37.619+0000] {dag.py:3239} INFO - Sync 1 DAGs
[2025-04-04T13:57:37.686+0000] {logging_mixin.py:190} INFO - [2025-04-04T13:57:37.686+0000] {dag.py:4180} INFO - Setting next_dagrun for example_setup_teardown to None, run_after=None
[2025-04-04T13:57:37.728+0000] {processor.py:208} INFO - Processing /home/airflow/.local/lib/python3.12/site-packages/airflow/example_dags/example_setup_teardown.py took 0.193 seconds
[2025-04-04T13:58:08.047+0000] {processor.py:186} INFO - Started process (PID=2650) to work on /home/airflow/.local/lib/python3.12/site-packages/airflow/example_dags/example_setup_teardown.py
[2025-04-04T13:58:08.049+0000] {processor.py:914} INFO - Processing file /home/airflow/.local/lib/python3.12/site-packages/airflow/example_dags/example_setup_teardown.py for tasks to queue
[2025-04-04T13:58:08.053+0000] {logging_mixin.py:190} INFO - [2025-04-04T13:58:08.052+0000] {dagbag.py:588} INFO - Filling up the DagBag from /home/airflow/.local/lib/python3.12/site-packages/airflow/example_dags/example_setup_teardown.py
[2025-04-04T13:58:08.067+0000] {processor.py:925} INFO - DAG(s) 'example_setup_teardown' retrieved from /home/airflow/.local/lib/python3.12/site-packages/airflow/example_dags/example_setup_teardown.py
[2025-04-04T13:58:08.103+0000] {logging_mixin.py:190} INFO - [2025-04-04T13:58:08.103+0000] {dag.py:3239} INFO - Sync 1 DAGs
[2025-04-04T13:58:08.153+0000] {logging_mixin.py:190} INFO - [2025-04-04T13:58:08.153+0000] {dag.py:4180} INFO - Setting next_dagrun for example_setup_teardown to None, run_after=None
[2025-04-04T13:58:08.193+0000] {processor.py:208} INFO - Processing /home/airflow/.local/lib/python3.12/site-packages/airflow/example_dags/example_setup_teardown.py took 0.158 seconds
[2025-04-04T13:58:38.686+0000] {processor.py:186} INFO - Started process (PID=2713) to work on /home/airflow/.local/lib/python3.12/site-packages/airflow/example_dags/example_setup_teardown.py
[2025-04-04T13:58:38.689+0000] {processor.py:914} INFO - Processing file /home/airflow/.local/lib/python3.12/site-packages/airflow/example_dags/example_setup_teardown.py for tasks to queue
[2025-04-04T13:58:38.704+0000] {logging_mixin.py:190} INFO - [2025-04-04T13:58:38.703+0000] {dagbag.py:588} INFO - Filling up the DagBag from /home/airflow/.local/lib/python3.12/site-packages/airflow/example_dags/example_setup_teardown.py
[2025-04-04T13:58:38.737+0000] {processor.py:925} INFO - DAG(s) 'example_setup_teardown' retrieved from /home/airflow/.local/lib/python3.12/site-packages/airflow/example_dags/example_setup_teardown.py
[2025-04-04T13:58:38.829+0000] {logging_mixin.py:190} INFO - [2025-04-04T13:58:38.828+0000] {dag.py:3239} INFO - Sync 1 DAGs
[2025-04-04T13:58:38.973+0000] {logging_mixin.py:190} INFO - [2025-04-04T13:58:38.972+0000] {dag.py:4180} INFO - Setting next_dagrun for example_setup_teardown to None, run_after=None
[2025-04-04T13:58:39.370+0000] {processor.py:208} INFO - Processing /home/airflow/.local/lib/python3.12/site-packages/airflow/example_dags/example_setup_teardown.py took 0.702 seconds
[2025-04-04T13:59:09.534+0000] {processor.py:186} INFO - Started process (PID=2777) to work on /home/airflow/.local/lib/python3.12/site-packages/airflow/example_dags/example_setup_teardown.py
[2025-04-04T13:59:09.537+0000] {processor.py:914} INFO - Processing file /home/airflow/.local/lib/python3.12/site-packages/airflow/example_dags/example_setup_teardown.py for tasks to queue
[2025-04-04T13:59:09.543+0000] {logging_mixin.py:190} INFO - [2025-04-04T13:59:09.542+0000] {dagbag.py:588} INFO - Filling up the DagBag from /home/airflow/.local/lib/python3.12/site-packages/airflow/example_dags/example_setup_teardown.py
[2025-04-04T13:59:09.563+0000] {processor.py:925} INFO - DAG(s) 'example_setup_teardown' retrieved from /home/airflow/.local/lib/python3.12/site-packages/airflow/example_dags/example_setup_teardown.py
[2025-04-04T13:59:09.608+0000] {logging_mixin.py:190} INFO - [2025-04-04T13:59:09.607+0000] {dag.py:3239} INFO - Sync 1 DAGs
[2025-04-04T13:59:09.744+0000] {logging_mixin.py:190} INFO - [2025-04-04T13:59:09.742+0000] {dag.py:4180} INFO - Setting next_dagrun for example_setup_teardown to None, run_after=None
[2025-04-04T13:59:09.877+0000] {processor.py:208} INFO - Processing /home/airflow/.local/lib/python3.12/site-packages/airflow/example_dags/example_setup_teardown.py took 0.358 seconds
