[2025-04-04T13:36:27.687+0000] {processor.py:186} INFO - Started process (PID=82) to work on /home/airflow/.local/lib/python3.12/site-packages/airflow/example_dags/example_skip_dag.py
[2025-04-04T13:36:27.696+0000] {processor.py:914} INFO - Processing file /home/airflow/.local/lib/python3.12/site-packages/airflow/example_dags/example_skip_dag.py for tasks to queue
[2025-04-04T13:36:27.701+0000] {logging_mixin.py:190} INFO - [2025-04-04T13:36:27.700+0000] {dagbag.py:588} INFO - Filling up the DagBag from /home/airflow/.local/lib/python3.12/site-packages/airflow/example_dags/example_skip_dag.py
[2025-04-04T13:36:27.740+0000] {processor.py:925} INFO - DAG(s) 'example_skip_dag' retrieved from /home/airflow/.local/lib/python3.12/site-packages/airflow/example_dags/example_skip_dag.py
[2025-04-04T13:36:28.344+0000] {logging_mixin.py:190} INFO - [2025-04-04T13:36:28.343+0000] {override.py:1912} INFO - Created Permission View: can edit on DAG:example_skip_dag
[2025-04-04T13:36:28.401+0000] {logging_mixin.py:190} INFO - [2025-04-04T13:36:28.401+0000] {override.py:1912} INFO - Created Permission View: can delete on DAG:example_skip_dag
[2025-04-04T13:36:28.446+0000] {logging_mixin.py:190} INFO - [2025-04-04T13:36:28.445+0000] {override.py:1912} INFO - Created Permission View: can read on DAG:example_skip_dag
[2025-04-04T13:36:28.506+0000] {logging_mixin.py:190} INFO - [2025-04-04T13:36:28.506+0000] {override.py:1912} INFO - Created Permission View: can delete on DAG Run:example_skip_dag
[2025-04-04T13:36:28.568+0000] {logging_mixin.py:190} INFO - [2025-04-04T13:36:28.567+0000] {override.py:1912} INFO - Created Permission View: can read on DAG Run:example_skip_dag
[2025-04-04T13:36:28.610+0000] {logging_mixin.py:190} INFO - [2025-04-04T13:36:28.609+0000] {override.py:1912} INFO - Created Permission View: can create on DAG Run:example_skip_dag
[2025-04-04T13:36:28.643+0000] {logging_mixin.py:190} INFO - [2025-04-04T13:36:28.642+0000] {override.py:1912} INFO - Created Permission View: menu access on DAG Run:example_skip_dag
[2025-04-04T13:36:28.644+0000] {logging_mixin.py:190} INFO - [2025-04-04T13:36:28.644+0000] {dag.py:3239} INFO - Sync 1 DAGs
[2025-04-04T13:36:28.722+0000] {logging_mixin.py:190} INFO - [2025-04-04T13:36:28.722+0000] {dag.py:3262} INFO - Creating ORM DAG for example_skip_dag
[2025-04-04T13:36:28.798+0000] {logging_mixin.py:190} INFO - [2025-04-04T13:36:28.797+0000] {dag.py:4180} INFO - Setting next_dagrun for example_skip_dag to 2025-04-03 00:00:00+00:00, run_after=2025-04-04 00:00:00+00:00
[2025-04-04T13:36:28.871+0000] {processor.py:208} INFO - Processing /home/airflow/.local/lib/python3.12/site-packages/airflow/example_dags/example_skip_dag.py took 1.209 seconds
[2025-04-04T13:36:59.476+0000] {processor.py:186} INFO - Started process (PID=145) to work on /home/airflow/.local/lib/python3.12/site-packages/airflow/example_dags/example_skip_dag.py
[2025-04-04T13:36:59.481+0000] {processor.py:914} INFO - Processing file /home/airflow/.local/lib/python3.12/site-packages/airflow/example_dags/example_skip_dag.py for tasks to queue
[2025-04-04T13:36:59.492+0000] {logging_mixin.py:190} INFO - [2025-04-04T13:36:59.491+0000] {dagbag.py:588} INFO - Filling up the DagBag from /home/airflow/.local/lib/python3.12/site-packages/airflow/example_dags/example_skip_dag.py
[2025-04-04T13:36:59.656+0000] {processor.py:925} INFO - DAG(s) 'example_skip_dag' retrieved from /home/airflow/.local/lib/python3.12/site-packages/airflow/example_dags/example_skip_dag.py
[2025-04-04T13:36:59.789+0000] {logging_mixin.py:190} INFO - [2025-04-04T13:36:59.788+0000] {dag.py:3239} INFO - Sync 1 DAGs
[2025-04-04T13:37:00.009+0000] {logging_mixin.py:190} INFO - [2025-04-04T13:37:00.007+0000] {dag.py:4180} INFO - Setting next_dagrun for example_skip_dag to 2025-04-03 00:00:00+00:00, run_after=2025-04-04 00:00:00+00:00
[2025-04-04T13:37:00.070+0000] {processor.py:208} INFO - Processing /home/airflow/.local/lib/python3.12/site-packages/airflow/example_dags/example_skip_dag.py took 0.632 seconds
[2025-04-04T13:37:31.061+0000] {processor.py:186} INFO - Started process (PID=208) to work on /home/airflow/.local/lib/python3.12/site-packages/airflow/example_dags/example_skip_dag.py
[2025-04-04T13:37:31.065+0000] {processor.py:914} INFO - Processing file /home/airflow/.local/lib/python3.12/site-packages/airflow/example_dags/example_skip_dag.py for tasks to queue
[2025-04-04T13:37:31.075+0000] {logging_mixin.py:190} INFO - [2025-04-04T13:37:31.074+0000] {dagbag.py:588} INFO - Filling up the DagBag from /home/airflow/.local/lib/python3.12/site-packages/airflow/example_dags/example_skip_dag.py
[2025-04-04T13:37:31.103+0000] {processor.py:925} INFO - DAG(s) 'example_skip_dag' retrieved from /home/airflow/.local/lib/python3.12/site-packages/airflow/example_dags/example_skip_dag.py
[2025-04-04T13:37:31.147+0000] {logging_mixin.py:190} INFO - [2025-04-04T13:37:31.146+0000] {dag.py:3239} INFO - Sync 1 DAGs
[2025-04-04T13:37:31.187+0000] {logging_mixin.py:190} INFO - [2025-04-04T13:37:31.187+0000] {dag.py:4180} INFO - Setting next_dagrun for example_skip_dag to 2025-04-03 00:00:00+00:00, run_after=2025-04-04 00:00:00+00:00
[2025-04-04T13:37:31.224+0000] {processor.py:208} INFO - Processing /home/airflow/.local/lib/python3.12/site-packages/airflow/example_dags/example_skip_dag.py took 0.184 seconds
[2025-04-04T13:38:02.084+0000] {processor.py:186} INFO - Started process (PID=271) to work on /home/airflow/.local/lib/python3.12/site-packages/airflow/example_dags/example_skip_dag.py
[2025-04-04T13:38:02.085+0000] {processor.py:914} INFO - Processing file /home/airflow/.local/lib/python3.12/site-packages/airflow/example_dags/example_skip_dag.py for tasks to queue
[2025-04-04T13:38:02.089+0000] {logging_mixin.py:190} INFO - [2025-04-04T13:38:02.089+0000] {dagbag.py:588} INFO - Filling up the DagBag from /home/airflow/.local/lib/python3.12/site-packages/airflow/example_dags/example_skip_dag.py
[2025-04-04T13:38:02.101+0000] {processor.py:925} INFO - DAG(s) 'example_skip_dag' retrieved from /home/airflow/.local/lib/python3.12/site-packages/airflow/example_dags/example_skip_dag.py
[2025-04-04T13:38:02.144+0000] {logging_mixin.py:190} INFO - [2025-04-04T13:38:02.143+0000] {dag.py:3239} INFO - Sync 1 DAGs
[2025-04-04T13:38:02.190+0000] {logging_mixin.py:190} INFO - [2025-04-04T13:38:02.190+0000] {dag.py:4180} INFO - Setting next_dagrun for example_skip_dag to 2025-04-03 00:00:00+00:00, run_after=2025-04-04 00:00:00+00:00
[2025-04-04T13:38:02.224+0000] {processor.py:208} INFO - Processing /home/airflow/.local/lib/python3.12/site-packages/airflow/example_dags/example_skip_dag.py took 0.149 seconds
[2025-04-04T13:38:33.063+0000] {processor.py:186} INFO - Started process (PID=334) to work on /home/airflow/.local/lib/python3.12/site-packages/airflow/example_dags/example_skip_dag.py
[2025-04-04T13:38:33.065+0000] {processor.py:914} INFO - Processing file /home/airflow/.local/lib/python3.12/site-packages/airflow/example_dags/example_skip_dag.py for tasks to queue
[2025-04-04T13:38:33.071+0000] {logging_mixin.py:190} INFO - [2025-04-04T13:38:33.071+0000] {dagbag.py:588} INFO - Filling up the DagBag from /home/airflow/.local/lib/python3.12/site-packages/airflow/example_dags/example_skip_dag.py
[2025-04-04T13:38:33.089+0000] {processor.py:925} INFO - DAG(s) 'example_skip_dag' retrieved from /home/airflow/.local/lib/python3.12/site-packages/airflow/example_dags/example_skip_dag.py
[2025-04-04T13:38:33.129+0000] {logging_mixin.py:190} INFO - [2025-04-04T13:38:33.128+0000] {dag.py:3239} INFO - Sync 1 DAGs
[2025-04-04T13:38:33.175+0000] {logging_mixin.py:190} INFO - [2025-04-04T13:38:33.175+0000] {dag.py:4180} INFO - Setting next_dagrun for example_skip_dag to 2025-04-03 00:00:00+00:00, run_after=2025-04-04 00:00:00+00:00
[2025-04-04T13:38:33.214+0000] {processor.py:208} INFO - Processing /home/airflow/.local/lib/python3.12/site-packages/airflow/example_dags/example_skip_dag.py took 0.162 seconds
[2025-04-04T13:39:08.664+0000] {processor.py:186} INFO - Started process (PID=397) to work on /home/airflow/.local/lib/python3.12/site-packages/airflow/example_dags/example_skip_dag.py
[2025-04-04T13:39:08.666+0000] {processor.py:914} INFO - Processing file /home/airflow/.local/lib/python3.12/site-packages/airflow/example_dags/example_skip_dag.py for tasks to queue
[2025-04-04T13:39:08.673+0000] {logging_mixin.py:190} INFO - [2025-04-04T13:39:08.672+0000] {dagbag.py:588} INFO - Filling up the DagBag from /home/airflow/.local/lib/python3.12/site-packages/airflow/example_dags/example_skip_dag.py
[2025-04-04T13:39:08.703+0000] {processor.py:925} INFO - DAG(s) 'example_skip_dag' retrieved from /home/airflow/.local/lib/python3.12/site-packages/airflow/example_dags/example_skip_dag.py
[2025-04-04T13:39:08.853+0000] {logging_mixin.py:190} INFO - [2025-04-04T13:39:08.852+0000] {dag.py:3239} INFO - Sync 1 DAGs
[2025-04-04T13:39:08.959+0000] {logging_mixin.py:190} INFO - [2025-04-04T13:39:08.958+0000] {dag.py:4180} INFO - Setting next_dagrun for example_skip_dag to 2025-04-03 00:00:00+00:00, run_after=2025-04-04 00:00:00+00:00
[2025-04-04T13:39:09.081+0000] {processor.py:208} INFO - Processing /home/airflow/.local/lib/python3.12/site-packages/airflow/example_dags/example_skip_dag.py took 0.435 seconds
[2025-04-04T13:39:45.179+0000] {processor.py:186} INFO - Started process (PID=450) to work on /home/airflow/.local/lib/python3.12/site-packages/airflow/example_dags/example_skip_dag.py
[2025-04-04T13:39:45.181+0000] {processor.py:914} INFO - Processing file /home/airflow/.local/lib/python3.12/site-packages/airflow/example_dags/example_skip_dag.py for tasks to queue
[2025-04-04T13:39:45.186+0000] {logging_mixin.py:190} INFO - [2025-04-04T13:39:45.186+0000] {dagbag.py:588} INFO - Filling up the DagBag from /home/airflow/.local/lib/python3.12/site-packages/airflow/example_dags/example_skip_dag.py
[2025-04-04T13:39:45.218+0000] {processor.py:925} INFO - DAG(s) 'example_skip_dag' retrieved from /home/airflow/.local/lib/python3.12/site-packages/airflow/example_dags/example_skip_dag.py
[2025-04-04T13:39:45.279+0000] {logging_mixin.py:190} INFO - [2025-04-04T13:39:45.278+0000] {dag.py:3239} INFO - Sync 1 DAGs
[2025-04-04T13:39:45.476+0000] {logging_mixin.py:190} INFO - [2025-04-04T13:39:45.474+0000] {dag.py:4180} INFO - Setting next_dagrun for example_skip_dag to 2025-04-03 00:00:00+00:00, run_after=2025-04-04 00:00:00+00:00
[2025-04-04T13:39:45.632+0000] {processor.py:208} INFO - Processing /home/airflow/.local/lib/python3.12/site-packages/airflow/example_dags/example_skip_dag.py took 0.471 seconds
[2025-04-04T13:40:16.425+0000] {processor.py:186} INFO - Started process (PID=514) to work on /home/airflow/.local/lib/python3.12/site-packages/airflow/example_dags/example_skip_dag.py
[2025-04-04T13:40:16.428+0000] {processor.py:914} INFO - Processing file /home/airflow/.local/lib/python3.12/site-packages/airflow/example_dags/example_skip_dag.py for tasks to queue
[2025-04-04T13:40:16.433+0000] {logging_mixin.py:190} INFO - [2025-04-04T13:40:16.433+0000] {dagbag.py:588} INFO - Filling up the DagBag from /home/airflow/.local/lib/python3.12/site-packages/airflow/example_dags/example_skip_dag.py
[2025-04-04T13:40:16.454+0000] {processor.py:925} INFO - DAG(s) 'example_skip_dag' retrieved from /home/airflow/.local/lib/python3.12/site-packages/airflow/example_dags/example_skip_dag.py
[2025-04-04T13:40:16.525+0000] {logging_mixin.py:190} INFO - [2025-04-04T13:40:16.525+0000] {dag.py:3239} INFO - Sync 1 DAGs
[2025-04-04T13:40:16.610+0000] {logging_mixin.py:190} INFO - [2025-04-04T13:40:16.609+0000] {dag.py:4180} INFO - Setting next_dagrun for example_skip_dag to 2025-04-03 00:00:00+00:00, run_after=2025-04-04 00:00:00+00:00
[2025-04-04T13:40:16.655+0000] {processor.py:208} INFO - Processing /home/airflow/.local/lib/python3.12/site-packages/airflow/example_dags/example_skip_dag.py took 0.253 seconds
[2025-04-04T13:40:47.096+0000] {processor.py:186} INFO - Started process (PID=576) to work on /home/airflow/.local/lib/python3.12/site-packages/airflow/example_dags/example_skip_dag.py
[2025-04-04T13:40:47.097+0000] {processor.py:914} INFO - Processing file /home/airflow/.local/lib/python3.12/site-packages/airflow/example_dags/example_skip_dag.py for tasks to queue
[2025-04-04T13:40:47.101+0000] {logging_mixin.py:190} INFO - [2025-04-04T13:40:47.101+0000] {dagbag.py:588} INFO - Filling up the DagBag from /home/airflow/.local/lib/python3.12/site-packages/airflow/example_dags/example_skip_dag.py
[2025-04-04T13:40:47.115+0000] {processor.py:925} INFO - DAG(s) 'example_skip_dag' retrieved from /home/airflow/.local/lib/python3.12/site-packages/airflow/example_dags/example_skip_dag.py
[2025-04-04T13:40:47.155+0000] {logging_mixin.py:190} INFO - [2025-04-04T13:40:47.155+0000] {dag.py:3239} INFO - Sync 1 DAGs
[2025-04-04T13:40:47.205+0000] {logging_mixin.py:190} INFO - [2025-04-04T13:40:47.204+0000] {dag.py:4180} INFO - Setting next_dagrun for example_skip_dag to 2025-04-03 00:00:00+00:00, run_after=2025-04-04 00:00:00+00:00
[2025-04-04T13:40:47.242+0000] {processor.py:208} INFO - Processing /home/airflow/.local/lib/python3.12/site-packages/airflow/example_dags/example_skip_dag.py took 0.155 seconds
[2025-04-04T13:41:17.354+0000] {processor.py:186} INFO - Started process (PID=638) to work on /home/airflow/.local/lib/python3.12/site-packages/airflow/example_dags/example_skip_dag.py
[2025-04-04T13:41:17.355+0000] {processor.py:914} INFO - Processing file /home/airflow/.local/lib/python3.12/site-packages/airflow/example_dags/example_skip_dag.py for tasks to queue
[2025-04-04T13:41:17.359+0000] {logging_mixin.py:190} INFO - [2025-04-04T13:41:17.358+0000] {dagbag.py:588} INFO - Filling up the DagBag from /home/airflow/.local/lib/python3.12/site-packages/airflow/example_dags/example_skip_dag.py
[2025-04-04T13:41:17.372+0000] {processor.py:925} INFO - DAG(s) 'example_skip_dag' retrieved from /home/airflow/.local/lib/python3.12/site-packages/airflow/example_dags/example_skip_dag.py
[2025-04-04T13:41:17.406+0000] {logging_mixin.py:190} INFO - [2025-04-04T13:41:17.406+0000] {dag.py:3239} INFO - Sync 1 DAGs
[2025-04-04T13:41:17.446+0000] {logging_mixin.py:190} INFO - [2025-04-04T13:41:17.446+0000] {dag.py:4180} INFO - Setting next_dagrun for example_skip_dag to 2025-04-03 00:00:00+00:00, run_after=2025-04-04 00:00:00+00:00
[2025-04-04T13:41:17.480+0000] {processor.py:208} INFO - Processing /home/airflow/.local/lib/python3.12/site-packages/airflow/example_dags/example_skip_dag.py took 0.137 seconds
[2025-04-04T13:41:47.689+0000] {processor.py:186} INFO - Started process (PID=701) to work on /home/airflow/.local/lib/python3.12/site-packages/airflow/example_dags/example_skip_dag.py
[2025-04-04T13:41:47.691+0000] {processor.py:914} INFO - Processing file /home/airflow/.local/lib/python3.12/site-packages/airflow/example_dags/example_skip_dag.py for tasks to queue
[2025-04-04T13:41:47.696+0000] {logging_mixin.py:190} INFO - [2025-04-04T13:41:47.695+0000] {dagbag.py:588} INFO - Filling up the DagBag from /home/airflow/.local/lib/python3.12/site-packages/airflow/example_dags/example_skip_dag.py
[2025-04-04T13:41:47.709+0000] {processor.py:925} INFO - DAG(s) 'example_skip_dag' retrieved from /home/airflow/.local/lib/python3.12/site-packages/airflow/example_dags/example_skip_dag.py
[2025-04-04T13:41:47.745+0000] {logging_mixin.py:190} INFO - [2025-04-04T13:41:47.745+0000] {dag.py:3239} INFO - Sync 1 DAGs
[2025-04-04T13:41:47.786+0000] {logging_mixin.py:190} INFO - [2025-04-04T13:41:47.785+0000] {dag.py:4180} INFO - Setting next_dagrun for example_skip_dag to 2025-04-03 00:00:00+00:00, run_after=2025-04-04 00:00:00+00:00
[2025-04-04T13:41:47.819+0000] {processor.py:208} INFO - Processing /home/airflow/.local/lib/python3.12/site-packages/airflow/example_dags/example_skip_dag.py took 0.142 seconds
[2025-04-04T13:42:18.126+0000] {processor.py:186} INFO - Started process (PID=763) to work on /home/airflow/.local/lib/python3.12/site-packages/airflow/example_dags/example_skip_dag.py
[2025-04-04T13:42:18.127+0000] {processor.py:914} INFO - Processing file /home/airflow/.local/lib/python3.12/site-packages/airflow/example_dags/example_skip_dag.py for tasks to queue
[2025-04-04T13:42:18.137+0000] {logging_mixin.py:190} INFO - [2025-04-04T13:42:18.136+0000] {dagbag.py:588} INFO - Filling up the DagBag from /home/airflow/.local/lib/python3.12/site-packages/airflow/example_dags/example_skip_dag.py
[2025-04-04T13:42:18.154+0000] {processor.py:925} INFO - DAG(s) 'example_skip_dag' retrieved from /home/airflow/.local/lib/python3.12/site-packages/airflow/example_dags/example_skip_dag.py
[2025-04-04T13:42:18.201+0000] {logging_mixin.py:190} INFO - [2025-04-04T13:42:18.200+0000] {dag.py:3239} INFO - Sync 1 DAGs
[2025-04-04T13:42:18.245+0000] {logging_mixin.py:190} INFO - [2025-04-04T13:42:18.245+0000] {dag.py:4180} INFO - Setting next_dagrun for example_skip_dag to 2025-04-03 00:00:00+00:00, run_after=2025-04-04 00:00:00+00:00
[2025-04-04T13:42:18.280+0000] {processor.py:208} INFO - Processing /home/airflow/.local/lib/python3.12/site-packages/airflow/example_dags/example_skip_dag.py took 0.175 seconds
[2025-04-04T13:42:48.775+0000] {processor.py:186} INFO - Started process (PID=827) to work on /home/airflow/.local/lib/python3.12/site-packages/airflow/example_dags/example_skip_dag.py
[2025-04-04T13:42:48.788+0000] {processor.py:914} INFO - Processing file /home/airflow/.local/lib/python3.12/site-packages/airflow/example_dags/example_skip_dag.py for tasks to queue
[2025-04-04T13:42:48.801+0000] {logging_mixin.py:190} INFO - [2025-04-04T13:42:48.792+0000] {dagbag.py:588} INFO - Filling up the DagBag from /home/airflow/.local/lib/python3.12/site-packages/airflow/example_dags/example_skip_dag.py
[2025-04-04T13:42:48.836+0000] {processor.py:925} INFO - DAG(s) 'example_skip_dag' retrieved from /home/airflow/.local/lib/python3.12/site-packages/airflow/example_dags/example_skip_dag.py
[2025-04-04T13:42:48.925+0000] {logging_mixin.py:190} INFO - [2025-04-04T13:42:48.925+0000] {dag.py:3239} INFO - Sync 1 DAGs
[2025-04-04T13:42:49.000+0000] {logging_mixin.py:190} INFO - [2025-04-04T13:42:48.999+0000] {dag.py:4180} INFO - Setting next_dagrun for example_skip_dag to 2025-04-03 00:00:00+00:00, run_after=2025-04-04 00:00:00+00:00
[2025-04-04T13:42:49.064+0000] {processor.py:208} INFO - Processing /home/airflow/.local/lib/python3.12/site-packages/airflow/example_dags/example_skip_dag.py took 0.311 seconds
[2025-04-04T13:43:20.421+0000] {processor.py:186} INFO - Started process (PID=890) to work on /home/airflow/.local/lib/python3.12/site-packages/airflow/example_dags/example_skip_dag.py
[2025-04-04T13:43:20.423+0000] {processor.py:914} INFO - Processing file /home/airflow/.local/lib/python3.12/site-packages/airflow/example_dags/example_skip_dag.py for tasks to queue
[2025-04-04T13:43:20.427+0000] {logging_mixin.py:190} INFO - [2025-04-04T13:43:20.426+0000] {dagbag.py:588} INFO - Filling up the DagBag from /home/airflow/.local/lib/python3.12/site-packages/airflow/example_dags/example_skip_dag.py
[2025-04-04T13:43:20.439+0000] {processor.py:925} INFO - DAG(s) 'example_skip_dag' retrieved from /home/airflow/.local/lib/python3.12/site-packages/airflow/example_dags/example_skip_dag.py
[2025-04-04T13:43:20.478+0000] {logging_mixin.py:190} INFO - [2025-04-04T13:43:20.477+0000] {dag.py:3239} INFO - Sync 1 DAGs
[2025-04-04T13:43:20.516+0000] {logging_mixin.py:190} INFO - [2025-04-04T13:43:20.515+0000] {dag.py:4180} INFO - Setting next_dagrun for example_skip_dag to 2025-04-03 00:00:00+00:00, run_after=2025-04-04 00:00:00+00:00
[2025-04-04T13:43:20.551+0000] {processor.py:208} INFO - Processing /home/airflow/.local/lib/python3.12/site-packages/airflow/example_dags/example_skip_dag.py took 0.142 seconds
[2025-04-04T13:43:53.584+0000] {processor.py:186} INFO - Started process (PID=958) to work on /home/airflow/.local/lib/python3.12/site-packages/airflow/example_dags/example_skip_dag.py
[2025-04-04T13:43:53.586+0000] {processor.py:914} INFO - Processing file /home/airflow/.local/lib/python3.12/site-packages/airflow/example_dags/example_skip_dag.py for tasks to queue
[2025-04-04T13:43:53.591+0000] {logging_mixin.py:190} INFO - [2025-04-04T13:43:53.591+0000] {dagbag.py:588} INFO - Filling up the DagBag from /home/airflow/.local/lib/python3.12/site-packages/airflow/example_dags/example_skip_dag.py
[2025-04-04T13:43:53.612+0000] {processor.py:925} INFO - DAG(s) 'example_skip_dag' retrieved from /home/airflow/.local/lib/python3.12/site-packages/airflow/example_dags/example_skip_dag.py
[2025-04-04T13:43:53.668+0000] {logging_mixin.py:190} INFO - [2025-04-04T13:43:53.668+0000] {dag.py:3239} INFO - Sync 1 DAGs
[2025-04-04T13:43:53.724+0000] {logging_mixin.py:190} INFO - [2025-04-04T13:43:53.724+0000] {dag.py:4180} INFO - Setting next_dagrun for example_skip_dag to 2025-04-03 00:00:00+00:00, run_after=2025-04-04 00:00:00+00:00
[2025-04-04T13:43:53.777+0000] {processor.py:208} INFO - Processing /home/airflow/.local/lib/python3.12/site-packages/airflow/example_dags/example_skip_dag.py took 0.210 seconds
[2025-04-04T13:44:25.524+0000] {processor.py:186} INFO - Started process (PID=1021) to work on /home/airflow/.local/lib/python3.12/site-packages/airflow/example_dags/example_skip_dag.py
[2025-04-04T13:44:25.526+0000] {processor.py:914} INFO - Processing file /home/airflow/.local/lib/python3.12/site-packages/airflow/example_dags/example_skip_dag.py for tasks to queue
[2025-04-04T13:44:25.532+0000] {logging_mixin.py:190} INFO - [2025-04-04T13:44:25.531+0000] {dagbag.py:588} INFO - Filling up the DagBag from /home/airflow/.local/lib/python3.12/site-packages/airflow/example_dags/example_skip_dag.py
[2025-04-04T13:44:25.555+0000] {processor.py:925} INFO - DAG(s) 'example_skip_dag' retrieved from /home/airflow/.local/lib/python3.12/site-packages/airflow/example_dags/example_skip_dag.py
[2025-04-04T13:44:25.606+0000] {logging_mixin.py:190} INFO - [2025-04-04T13:44:25.605+0000] {dag.py:3239} INFO - Sync 1 DAGs
[2025-04-04T13:44:25.665+0000] {logging_mixin.py:190} INFO - [2025-04-04T13:44:25.664+0000] {dag.py:4180} INFO - Setting next_dagrun for example_skip_dag to 2025-04-03 00:00:00+00:00, run_after=2025-04-04 00:00:00+00:00
[2025-04-04T13:44:25.720+0000] {processor.py:208} INFO - Processing /home/airflow/.local/lib/python3.12/site-packages/airflow/example_dags/example_skip_dag.py took 0.211 seconds
[2025-04-04T13:44:56.551+0000] {processor.py:186} INFO - Started process (PID=1083) to work on /home/airflow/.local/lib/python3.12/site-packages/airflow/example_dags/example_skip_dag.py
[2025-04-04T13:44:56.555+0000] {processor.py:914} INFO - Processing file /home/airflow/.local/lib/python3.12/site-packages/airflow/example_dags/example_skip_dag.py for tasks to queue
[2025-04-04T13:44:56.560+0000] {logging_mixin.py:190} INFO - [2025-04-04T13:44:56.559+0000] {dagbag.py:588} INFO - Filling up the DagBag from /home/airflow/.local/lib/python3.12/site-packages/airflow/example_dags/example_skip_dag.py
[2025-04-04T13:44:56.578+0000] {processor.py:925} INFO - DAG(s) 'example_skip_dag' retrieved from /home/airflow/.local/lib/python3.12/site-packages/airflow/example_dags/example_skip_dag.py
[2025-04-04T13:44:56.629+0000] {logging_mixin.py:190} INFO - [2025-04-04T13:44:56.629+0000] {dag.py:3239} INFO - Sync 1 DAGs
[2025-04-04T13:44:56.695+0000] {logging_mixin.py:190} INFO - [2025-04-04T13:44:56.695+0000] {dag.py:4180} INFO - Setting next_dagrun for example_skip_dag to 2025-04-03 00:00:00+00:00, run_after=2025-04-04 00:00:00+00:00
[2025-04-04T13:44:56.747+0000] {processor.py:208} INFO - Processing /home/airflow/.local/lib/python3.12/site-packages/airflow/example_dags/example_skip_dag.py took 0.212 seconds
[2025-04-04T13:45:26.903+0000] {processor.py:186} INFO - Started process (PID=1145) to work on /home/airflow/.local/lib/python3.12/site-packages/airflow/example_dags/example_skip_dag.py
[2025-04-04T13:45:26.905+0000] {processor.py:914} INFO - Processing file /home/airflow/.local/lib/python3.12/site-packages/airflow/example_dags/example_skip_dag.py for tasks to queue
[2025-04-04T13:45:26.910+0000] {logging_mixin.py:190} INFO - [2025-04-04T13:45:26.909+0000] {dagbag.py:588} INFO - Filling up the DagBag from /home/airflow/.local/lib/python3.12/site-packages/airflow/example_dags/example_skip_dag.py
[2025-04-04T13:45:26.928+0000] {processor.py:925} INFO - DAG(s) 'example_skip_dag' retrieved from /home/airflow/.local/lib/python3.12/site-packages/airflow/example_dags/example_skip_dag.py
[2025-04-04T13:45:26.984+0000] {logging_mixin.py:190} INFO - [2025-04-04T13:45:26.983+0000] {dag.py:3239} INFO - Sync 1 DAGs
[2025-04-04T13:45:27.049+0000] {logging_mixin.py:190} INFO - [2025-04-04T13:45:27.049+0000] {dag.py:4180} INFO - Setting next_dagrun for example_skip_dag to 2025-04-03 00:00:00+00:00, run_after=2025-04-04 00:00:00+00:00
[2025-04-04T13:45:27.090+0000] {processor.py:208} INFO - Processing /home/airflow/.local/lib/python3.12/site-packages/airflow/example_dags/example_skip_dag.py took 0.207 seconds
[2025-04-04T13:45:57.288+0000] {processor.py:186} INFO - Started process (PID=1207) to work on /home/airflow/.local/lib/python3.12/site-packages/airflow/example_dags/example_skip_dag.py
[2025-04-04T13:45:57.291+0000] {processor.py:914} INFO - Processing file /home/airflow/.local/lib/python3.12/site-packages/airflow/example_dags/example_skip_dag.py for tasks to queue
[2025-04-04T13:45:57.301+0000] {logging_mixin.py:190} INFO - [2025-04-04T13:45:57.300+0000] {dagbag.py:588} INFO - Filling up the DagBag from /home/airflow/.local/lib/python3.12/site-packages/airflow/example_dags/example_skip_dag.py
[2025-04-04T13:45:57.322+0000] {processor.py:925} INFO - DAG(s) 'example_skip_dag' retrieved from /home/airflow/.local/lib/python3.12/site-packages/airflow/example_dags/example_skip_dag.py
[2025-04-04T13:45:57.369+0000] {logging_mixin.py:190} INFO - [2025-04-04T13:45:57.369+0000] {dag.py:3239} INFO - Sync 1 DAGs
[2025-04-04T13:45:57.423+0000] {logging_mixin.py:190} INFO - [2025-04-04T13:45:57.422+0000] {dag.py:4180} INFO - Setting next_dagrun for example_skip_dag to 2025-04-03 00:00:00+00:00, run_after=2025-04-04 00:00:00+00:00
[2025-04-04T13:45:57.469+0000] {processor.py:208} INFO - Processing /home/airflow/.local/lib/python3.12/site-packages/airflow/example_dags/example_skip_dag.py took 0.195 seconds
[2025-04-04T13:46:36.120+0000] {processor.py:186} INFO - Started process (PID=1260) to work on /home/airflow/.local/lib/python3.12/site-packages/airflow/example_dags/example_skip_dag.py
[2025-04-04T13:46:36.135+0000] {processor.py:914} INFO - Processing file /home/airflow/.local/lib/python3.12/site-packages/airflow/example_dags/example_skip_dag.py for tasks to queue
[2025-04-04T13:46:36.180+0000] {logging_mixin.py:190} INFO - [2025-04-04T13:46:36.179+0000] {dagbag.py:588} INFO - Filling up the DagBag from /home/airflow/.local/lib/python3.12/site-packages/airflow/example_dags/example_skip_dag.py
[2025-04-04T13:46:36.242+0000] {processor.py:925} INFO - DAG(s) 'example_skip_dag' retrieved from /home/airflow/.local/lib/python3.12/site-packages/airflow/example_dags/example_skip_dag.py
[2025-04-04T13:46:36.321+0000] {logging_mixin.py:190} INFO - [2025-04-04T13:46:36.320+0000] {dag.py:3239} INFO - Sync 1 DAGs
[2025-04-04T13:46:36.400+0000] {logging_mixin.py:190} INFO - [2025-04-04T13:46:36.399+0000] {dag.py:4180} INFO - Setting next_dagrun for example_skip_dag to 2025-04-03 00:00:00+00:00, run_after=2025-04-04 00:00:00+00:00
[2025-04-04T13:46:36.461+0000] {processor.py:208} INFO - Processing /home/airflow/.local/lib/python3.12/site-packages/airflow/example_dags/example_skip_dag.py took 0.370 seconds
[2025-04-04T13:47:07.421+0000] {processor.py:186} INFO - Started process (PID=1323) to work on /home/airflow/.local/lib/python3.12/site-packages/airflow/example_dags/example_skip_dag.py
[2025-04-04T13:47:07.424+0000] {processor.py:914} INFO - Processing file /home/airflow/.local/lib/python3.12/site-packages/airflow/example_dags/example_skip_dag.py for tasks to queue
[2025-04-04T13:47:07.428+0000] {logging_mixin.py:190} INFO - [2025-04-04T13:47:07.428+0000] {dagbag.py:588} INFO - Filling up the DagBag from /home/airflow/.local/lib/python3.12/site-packages/airflow/example_dags/example_skip_dag.py
[2025-04-04T13:47:07.446+0000] {processor.py:925} INFO - DAG(s) 'example_skip_dag' retrieved from /home/airflow/.local/lib/python3.12/site-packages/airflow/example_dags/example_skip_dag.py
[2025-04-04T13:47:07.494+0000] {logging_mixin.py:190} INFO - [2025-04-04T13:47:07.494+0000] {dag.py:3239} INFO - Sync 1 DAGs
[2025-04-04T13:47:07.557+0000] {logging_mixin.py:190} INFO - [2025-04-04T13:47:07.556+0000] {dag.py:4180} INFO - Setting next_dagrun for example_skip_dag to 2025-04-03 00:00:00+00:00, run_after=2025-04-04 00:00:00+00:00
[2025-04-04T13:47:07.603+0000] {processor.py:208} INFO - Processing /home/airflow/.local/lib/python3.12/site-packages/airflow/example_dags/example_skip_dag.py took 0.197 seconds
[2025-04-04T13:47:37.823+0000] {processor.py:186} INFO - Started process (PID=1386) to work on /home/airflow/.local/lib/python3.12/site-packages/airflow/example_dags/example_skip_dag.py
[2025-04-04T13:47:37.825+0000] {processor.py:914} INFO - Processing file /home/airflow/.local/lib/python3.12/site-packages/airflow/example_dags/example_skip_dag.py for tasks to queue
[2025-04-04T13:47:37.832+0000] {logging_mixin.py:190} INFO - [2025-04-04T13:47:37.831+0000] {dagbag.py:588} INFO - Filling up the DagBag from /home/airflow/.local/lib/python3.12/site-packages/airflow/example_dags/example_skip_dag.py
[2025-04-04T13:47:37.855+0000] {processor.py:925} INFO - DAG(s) 'example_skip_dag' retrieved from /home/airflow/.local/lib/python3.12/site-packages/airflow/example_dags/example_skip_dag.py
[2025-04-04T13:47:37.917+0000] {logging_mixin.py:190} INFO - [2025-04-04T13:47:37.917+0000] {dag.py:3239} INFO - Sync 1 DAGs
[2025-04-04T13:47:37.992+0000] {logging_mixin.py:190} INFO - [2025-04-04T13:47:37.991+0000] {dag.py:4180} INFO - Setting next_dagrun for example_skip_dag to 2025-04-03 00:00:00+00:00, run_after=2025-04-04 00:00:00+00:00
[2025-04-04T13:47:38.037+0000] {processor.py:208} INFO - Processing /home/airflow/.local/lib/python3.12/site-packages/airflow/example_dags/example_skip_dag.py took 0.230 seconds
[2025-04-04T13:48:08.915+0000] {processor.py:186} INFO - Started process (PID=1450) to work on /home/airflow/.local/lib/python3.12/site-packages/airflow/example_dags/example_skip_dag.py
[2025-04-04T13:48:08.917+0000] {processor.py:914} INFO - Processing file /home/airflow/.local/lib/python3.12/site-packages/airflow/example_dags/example_skip_dag.py for tasks to queue
[2025-04-04T13:48:08.923+0000] {logging_mixin.py:190} INFO - [2025-04-04T13:48:08.922+0000] {dagbag.py:588} INFO - Filling up the DagBag from /home/airflow/.local/lib/python3.12/site-packages/airflow/example_dags/example_skip_dag.py
[2025-04-04T13:48:08.947+0000] {processor.py:925} INFO - DAG(s) 'example_skip_dag' retrieved from /home/airflow/.local/lib/python3.12/site-packages/airflow/example_dags/example_skip_dag.py
[2025-04-04T13:48:08.996+0000] {logging_mixin.py:190} INFO - [2025-04-04T13:48:08.996+0000] {dag.py:3239} INFO - Sync 1 DAGs
[2025-04-04T13:48:09.059+0000] {logging_mixin.py:190} INFO - [2025-04-04T13:48:09.059+0000] {dag.py:4180} INFO - Setting next_dagrun for example_skip_dag to 2025-04-03 00:00:00+00:00, run_after=2025-04-04 00:00:00+00:00
[2025-04-04T13:48:09.104+0000] {processor.py:208} INFO - Processing /home/airflow/.local/lib/python3.12/site-packages/airflow/example_dags/example_skip_dag.py took 0.204 seconds
[2025-04-04T13:48:39.228+0000] {processor.py:186} INFO - Started process (PID=1507) to work on /home/airflow/.local/lib/python3.12/site-packages/airflow/example_dags/example_skip_dag.py
[2025-04-04T13:48:39.232+0000] {processor.py:914} INFO - Processing file /home/airflow/.local/lib/python3.12/site-packages/airflow/example_dags/example_skip_dag.py for tasks to queue
[2025-04-04T13:48:39.243+0000] {logging_mixin.py:190} INFO - [2025-04-04T13:48:39.241+0000] {dagbag.py:588} INFO - Filling up the DagBag from /home/airflow/.local/lib/python3.12/site-packages/airflow/example_dags/example_skip_dag.py
[2025-04-04T13:48:39.367+0000] {processor.py:925} INFO - DAG(s) 'example_skip_dag' retrieved from /home/airflow/.local/lib/python3.12/site-packages/airflow/example_dags/example_skip_dag.py
[2025-04-04T13:48:39.591+0000] {logging_mixin.py:190} INFO - [2025-04-04T13:48:39.590+0000] {dag.py:3239} INFO - Sync 1 DAGs
[2025-04-04T13:48:39.825+0000] {logging_mixin.py:190} INFO - [2025-04-04T13:48:39.824+0000] {dag.py:4180} INFO - Setting next_dagrun for example_skip_dag to 2025-04-03 00:00:00+00:00, run_after=2025-04-04 00:00:00+00:00
[2025-04-04T13:48:40.026+0000] {processor.py:208} INFO - Processing /home/airflow/.local/lib/python3.12/site-packages/airflow/example_dags/example_skip_dag.py took 0.838 seconds
[2025-04-04T13:49:10.635+0000] {processor.py:186} INFO - Started process (PID=1568) to work on /home/airflow/.local/lib/python3.12/site-packages/airflow/example_dags/example_skip_dag.py
[2025-04-04T13:49:10.636+0000] {processor.py:914} INFO - Processing file /home/airflow/.local/lib/python3.12/site-packages/airflow/example_dags/example_skip_dag.py for tasks to queue
[2025-04-04T13:49:10.640+0000] {logging_mixin.py:190} INFO - [2025-04-04T13:49:10.639+0000] {dagbag.py:588} INFO - Filling up the DagBag from /home/airflow/.local/lib/python3.12/site-packages/airflow/example_dags/example_skip_dag.py
[2025-04-04T13:49:10.653+0000] {processor.py:925} INFO - DAG(s) 'example_skip_dag' retrieved from /home/airflow/.local/lib/python3.12/site-packages/airflow/example_dags/example_skip_dag.py
[2025-04-04T13:49:10.689+0000] {logging_mixin.py:190} INFO - [2025-04-04T13:49:10.689+0000] {dag.py:3239} INFO - Sync 1 DAGs
[2025-04-04T13:49:10.727+0000] {logging_mixin.py:190} INFO - [2025-04-04T13:49:10.727+0000] {dag.py:4180} INFO - Setting next_dagrun for example_skip_dag to 2025-04-03 00:00:00+00:00, run_after=2025-04-04 00:00:00+00:00
[2025-04-04T13:49:10.760+0000] {processor.py:208} INFO - Processing /home/airflow/.local/lib/python3.12/site-packages/airflow/example_dags/example_skip_dag.py took 0.134 seconds
[2025-04-04T13:49:41.514+0000] {processor.py:186} INFO - Started process (PID=1631) to work on /home/airflow/.local/lib/python3.12/site-packages/airflow/example_dags/example_skip_dag.py
[2025-04-04T13:49:41.516+0000] {processor.py:914} INFO - Processing file /home/airflow/.local/lib/python3.12/site-packages/airflow/example_dags/example_skip_dag.py for tasks to queue
[2025-04-04T13:49:41.521+0000] {logging_mixin.py:190} INFO - [2025-04-04T13:49:41.521+0000] {dagbag.py:588} INFO - Filling up the DagBag from /home/airflow/.local/lib/python3.12/site-packages/airflow/example_dags/example_skip_dag.py
[2025-04-04T13:49:41.543+0000] {processor.py:925} INFO - DAG(s) 'example_skip_dag' retrieved from /home/airflow/.local/lib/python3.12/site-packages/airflow/example_dags/example_skip_dag.py
[2025-04-04T13:49:41.589+0000] {logging_mixin.py:190} INFO - [2025-04-04T13:49:41.589+0000] {dag.py:3239} INFO - Sync 1 DAGs
[2025-04-04T13:49:41.656+0000] {logging_mixin.py:190} INFO - [2025-04-04T13:49:41.655+0000] {dag.py:4180} INFO - Setting next_dagrun for example_skip_dag to 2025-04-03 00:00:00+00:00, run_after=2025-04-04 00:00:00+00:00
[2025-04-04T13:49:41.715+0000] {processor.py:208} INFO - Processing /home/airflow/.local/lib/python3.12/site-packages/airflow/example_dags/example_skip_dag.py took 0.220 seconds
[2025-04-04T13:50:11.957+0000] {processor.py:186} INFO - Started process (PID=1692) to work on /home/airflow/.local/lib/python3.12/site-packages/airflow/example_dags/example_skip_dag.py
[2025-04-04T13:50:11.959+0000] {processor.py:914} INFO - Processing file /home/airflow/.local/lib/python3.12/site-packages/airflow/example_dags/example_skip_dag.py for tasks to queue
[2025-04-04T13:50:11.964+0000] {logging_mixin.py:190} INFO - [2025-04-04T13:50:11.963+0000] {dagbag.py:588} INFO - Filling up the DagBag from /home/airflow/.local/lib/python3.12/site-packages/airflow/example_dags/example_skip_dag.py
[2025-04-04T13:50:11.986+0000] {processor.py:925} INFO - DAG(s) 'example_skip_dag' retrieved from /home/airflow/.local/lib/python3.12/site-packages/airflow/example_dags/example_skip_dag.py
[2025-04-04T13:50:12.043+0000] {logging_mixin.py:190} INFO - [2025-04-04T13:50:12.043+0000] {dag.py:3239} INFO - Sync 1 DAGs
[2025-04-04T13:50:12.115+0000] {logging_mixin.py:190} INFO - [2025-04-04T13:50:12.114+0000] {dag.py:4180} INFO - Setting next_dagrun for example_skip_dag to 2025-04-03 00:00:00+00:00, run_after=2025-04-04 00:00:00+00:00
[2025-04-04T13:50:12.159+0000] {processor.py:208} INFO - Processing /home/airflow/.local/lib/python3.12/site-packages/airflow/example_dags/example_skip_dag.py took 0.218 seconds
[2025-04-04T13:50:42.493+0000] {processor.py:186} INFO - Started process (PID=1755) to work on /home/airflow/.local/lib/python3.12/site-packages/airflow/example_dags/example_skip_dag.py
[2025-04-04T13:50:42.494+0000] {processor.py:914} INFO - Processing file /home/airflow/.local/lib/python3.12/site-packages/airflow/example_dags/example_skip_dag.py for tasks to queue
[2025-04-04T13:50:42.498+0000] {logging_mixin.py:190} INFO - [2025-04-04T13:50:42.497+0000] {dagbag.py:588} INFO - Filling up the DagBag from /home/airflow/.local/lib/python3.12/site-packages/airflow/example_dags/example_skip_dag.py
[2025-04-04T13:50:42.512+0000] {processor.py:925} INFO - DAG(s) 'example_skip_dag' retrieved from /home/airflow/.local/lib/python3.12/site-packages/airflow/example_dags/example_skip_dag.py
[2025-04-04T13:50:42.548+0000] {logging_mixin.py:190} INFO - [2025-04-04T13:50:42.547+0000] {dag.py:3239} INFO - Sync 1 DAGs
[2025-04-04T13:50:42.588+0000] {logging_mixin.py:190} INFO - [2025-04-04T13:50:42.587+0000] {dag.py:4180} INFO - Setting next_dagrun for example_skip_dag to 2025-04-03 00:00:00+00:00, run_after=2025-04-04 00:00:00+00:00
[2025-04-04T13:50:42.619+0000] {processor.py:208} INFO - Processing /home/airflow/.local/lib/python3.12/site-packages/airflow/example_dags/example_skip_dag.py took 0.135 seconds
[2025-04-04T13:51:12.780+0000] {processor.py:186} INFO - Started process (PID=1818) to work on /home/airflow/.local/lib/python3.12/site-packages/airflow/example_dags/example_skip_dag.py
[2025-04-04T13:51:12.782+0000] {processor.py:914} INFO - Processing file /home/airflow/.local/lib/python3.12/site-packages/airflow/example_dags/example_skip_dag.py for tasks to queue
[2025-04-04T13:51:12.835+0000] {logging_mixin.py:190} INFO - [2025-04-04T13:51:12.834+0000] {dagbag.py:588} INFO - Filling up the DagBag from /home/airflow/.local/lib/python3.12/site-packages/airflow/example_dags/example_skip_dag.py
[2025-04-04T13:51:12.925+0000] {processor.py:925} INFO - DAG(s) 'example_skip_dag' retrieved from /home/airflow/.local/lib/python3.12/site-packages/airflow/example_dags/example_skip_dag.py
[2025-04-04T13:51:12.997+0000] {logging_mixin.py:190} INFO - [2025-04-04T13:51:12.997+0000] {dag.py:3239} INFO - Sync 1 DAGs
[2025-04-04T13:51:13.040+0000] {logging_mixin.py:190} INFO - [2025-04-04T13:51:13.040+0000] {dag.py:4180} INFO - Setting next_dagrun for example_skip_dag to 2025-04-03 00:00:00+00:00, run_after=2025-04-04 00:00:00+00:00
[2025-04-04T13:51:13.075+0000] {processor.py:208} INFO - Processing /home/airflow/.local/lib/python3.12/site-packages/airflow/example_dags/example_skip_dag.py took 0.308 seconds
[2025-04-04T13:51:43.879+0000] {processor.py:186} INFO - Started process (PID=1880) to work on /home/airflow/.local/lib/python3.12/site-packages/airflow/example_dags/example_skip_dag.py
[2025-04-04T13:51:43.881+0000] {processor.py:914} INFO - Processing file /home/airflow/.local/lib/python3.12/site-packages/airflow/example_dags/example_skip_dag.py for tasks to queue
[2025-04-04T13:51:43.885+0000] {logging_mixin.py:190} INFO - [2025-04-04T13:51:43.884+0000] {dagbag.py:588} INFO - Filling up the DagBag from /home/airflow/.local/lib/python3.12/site-packages/airflow/example_dags/example_skip_dag.py
[2025-04-04T13:51:43.901+0000] {processor.py:925} INFO - DAG(s) 'example_skip_dag' retrieved from /home/airflow/.local/lib/python3.12/site-packages/airflow/example_dags/example_skip_dag.py
[2025-04-04T13:51:43.946+0000] {logging_mixin.py:190} INFO - [2025-04-04T13:51:43.946+0000] {dag.py:3239} INFO - Sync 1 DAGs
[2025-04-04T13:51:44.003+0000] {logging_mixin.py:190} INFO - [2025-04-04T13:51:44.002+0000] {dag.py:4180} INFO - Setting next_dagrun for example_skip_dag to 2025-04-03 00:00:00+00:00, run_after=2025-04-04 00:00:00+00:00
[2025-04-04T13:51:44.042+0000] {processor.py:208} INFO - Processing /home/airflow/.local/lib/python3.12/site-packages/airflow/example_dags/example_skip_dag.py took 0.177 seconds
[2025-04-04T13:52:16.232+0000] {processor.py:186} INFO - Started process (PID=1943) to work on /home/airflow/.local/lib/python3.12/site-packages/airflow/example_dags/example_skip_dag.py
[2025-04-04T13:52:16.234+0000] {processor.py:914} INFO - Processing file /home/airflow/.local/lib/python3.12/site-packages/airflow/example_dags/example_skip_dag.py for tasks to queue
[2025-04-04T13:52:16.240+0000] {logging_mixin.py:190} INFO - [2025-04-04T13:52:16.239+0000] {dagbag.py:588} INFO - Filling up the DagBag from /home/airflow/.local/lib/python3.12/site-packages/airflow/example_dags/example_skip_dag.py
[2025-04-04T13:52:16.257+0000] {processor.py:925} INFO - DAG(s) 'example_skip_dag' retrieved from /home/airflow/.local/lib/python3.12/site-packages/airflow/example_dags/example_skip_dag.py
[2025-04-04T13:52:16.323+0000] {logging_mixin.py:190} INFO - [2025-04-04T13:52:16.322+0000] {dag.py:3239} INFO - Sync 1 DAGs
[2025-04-04T13:52:16.408+0000] {logging_mixin.py:190} INFO - [2025-04-04T13:52:16.408+0000] {dag.py:4180} INFO - Setting next_dagrun for example_skip_dag to 2025-04-03 00:00:00+00:00, run_after=2025-04-04 00:00:00+00:00
[2025-04-04T13:52:16.460+0000] {processor.py:208} INFO - Processing /home/airflow/.local/lib/python3.12/site-packages/airflow/example_dags/example_skip_dag.py took 0.241 seconds
[2025-04-04T13:52:47.900+0000] {processor.py:186} INFO - Started process (PID=2006) to work on /home/airflow/.local/lib/python3.12/site-packages/airflow/example_dags/example_skip_dag.py
[2025-04-04T13:52:47.902+0000] {processor.py:914} INFO - Processing file /home/airflow/.local/lib/python3.12/site-packages/airflow/example_dags/example_skip_dag.py for tasks to queue
[2025-04-04T13:52:47.907+0000] {logging_mixin.py:190} INFO - [2025-04-04T13:52:47.906+0000] {dagbag.py:588} INFO - Filling up the DagBag from /home/airflow/.local/lib/python3.12/site-packages/airflow/example_dags/example_skip_dag.py
[2025-04-04T13:52:47.928+0000] {processor.py:925} INFO - DAG(s) 'example_skip_dag' retrieved from /home/airflow/.local/lib/python3.12/site-packages/airflow/example_dags/example_skip_dag.py
[2025-04-04T13:52:47.988+0000] {logging_mixin.py:190} INFO - [2025-04-04T13:52:47.982+0000] {dag.py:3239} INFO - Sync 1 DAGs
[2025-04-04T13:52:48.081+0000] {logging_mixin.py:190} INFO - [2025-04-04T13:52:48.081+0000] {dag.py:4180} INFO - Setting next_dagrun for example_skip_dag to 2025-04-03 00:00:00+00:00, run_after=2025-04-04 00:00:00+00:00
[2025-04-04T13:52:48.117+0000] {processor.py:208} INFO - Processing /home/airflow/.local/lib/python3.12/site-packages/airflow/example_dags/example_skip_dag.py took 0.231 seconds
[2025-04-04T13:53:18.701+0000] {processor.py:186} INFO - Started process (PID=2068) to work on /home/airflow/.local/lib/python3.12/site-packages/airflow/example_dags/example_skip_dag.py
[2025-04-04T13:53:18.704+0000] {processor.py:914} INFO - Processing file /home/airflow/.local/lib/python3.12/site-packages/airflow/example_dags/example_skip_dag.py for tasks to queue
[2025-04-04T13:53:18.708+0000] {logging_mixin.py:190} INFO - [2025-04-04T13:53:18.708+0000] {dagbag.py:588} INFO - Filling up the DagBag from /home/airflow/.local/lib/python3.12/site-packages/airflow/example_dags/example_skip_dag.py
[2025-04-04T13:53:18.741+0000] {processor.py:925} INFO - DAG(s) 'example_skip_dag' retrieved from /home/airflow/.local/lib/python3.12/site-packages/airflow/example_dags/example_skip_dag.py
[2025-04-04T13:53:18.809+0000] {logging_mixin.py:190} INFO - [2025-04-04T13:53:18.809+0000] {dag.py:3239} INFO - Sync 1 DAGs
[2025-04-04T13:53:18.881+0000] {logging_mixin.py:190} INFO - [2025-04-04T13:53:18.881+0000] {dag.py:4180} INFO - Setting next_dagrun for example_skip_dag to 2025-04-03 00:00:00+00:00, run_after=2025-04-04 00:00:00+00:00
[2025-04-04T13:53:18.938+0000] {processor.py:208} INFO - Processing /home/airflow/.local/lib/python3.12/site-packages/airflow/example_dags/example_skip_dag.py took 0.249 seconds
[2025-04-04T13:53:49.263+0000] {processor.py:186} INFO - Started process (PID=2130) to work on /home/airflow/.local/lib/python3.12/site-packages/airflow/example_dags/example_skip_dag.py
[2025-04-04T13:53:49.264+0000] {processor.py:914} INFO - Processing file /home/airflow/.local/lib/python3.12/site-packages/airflow/example_dags/example_skip_dag.py for tasks to queue
[2025-04-04T13:53:49.273+0000] {logging_mixin.py:190} INFO - [2025-04-04T13:53:49.272+0000] {dagbag.py:588} INFO - Filling up the DagBag from /home/airflow/.local/lib/python3.12/site-packages/airflow/example_dags/example_skip_dag.py
[2025-04-04T13:53:49.294+0000] {processor.py:925} INFO - DAG(s) 'example_skip_dag' retrieved from /home/airflow/.local/lib/python3.12/site-packages/airflow/example_dags/example_skip_dag.py
[2025-04-04T13:53:49.357+0000] {logging_mixin.py:190} INFO - [2025-04-04T13:53:49.357+0000] {dag.py:3239} INFO - Sync 1 DAGs
[2025-04-04T13:53:49.426+0000] {logging_mixin.py:190} INFO - [2025-04-04T13:53:49.425+0000] {dag.py:4180} INFO - Setting next_dagrun for example_skip_dag to 2025-04-03 00:00:00+00:00, run_after=2025-04-04 00:00:00+00:00
[2025-04-04T13:53:49.474+0000] {processor.py:208} INFO - Processing /home/airflow/.local/lib/python3.12/site-packages/airflow/example_dags/example_skip_dag.py took 0.227 seconds
[2025-04-04T13:54:20.023+0000] {processor.py:186} INFO - Started process (PID=2193) to work on /home/airflow/.local/lib/python3.12/site-packages/airflow/example_dags/example_skip_dag.py
[2025-04-04T13:54:20.037+0000] {processor.py:914} INFO - Processing file /home/airflow/.local/lib/python3.12/site-packages/airflow/example_dags/example_skip_dag.py for tasks to queue
[2025-04-04T13:54:20.055+0000] {logging_mixin.py:190} INFO - [2025-04-04T13:54:20.054+0000] {dagbag.py:588} INFO - Filling up the DagBag from /home/airflow/.local/lib/python3.12/site-packages/airflow/example_dags/example_skip_dag.py
[2025-04-04T13:54:20.095+0000] {processor.py:925} INFO - DAG(s) 'example_skip_dag' retrieved from /home/airflow/.local/lib/python3.12/site-packages/airflow/example_dags/example_skip_dag.py
[2025-04-04T13:54:20.184+0000] {logging_mixin.py:190} INFO - [2025-04-04T13:54:20.183+0000] {dag.py:3239} INFO - Sync 1 DAGs
[2025-04-04T13:54:20.235+0000] {logging_mixin.py:190} INFO - [2025-04-04T13:54:20.235+0000] {dag.py:4180} INFO - Setting next_dagrun for example_skip_dag to 2025-04-03 00:00:00+00:00, run_after=2025-04-04 00:00:00+00:00
[2025-04-04T13:54:20.282+0000] {processor.py:208} INFO - Processing /home/airflow/.local/lib/python3.12/site-packages/airflow/example_dags/example_skip_dag.py took 0.322 seconds
[2025-04-04T13:54:50.468+0000] {processor.py:186} INFO - Started process (PID=2257) to work on /home/airflow/.local/lib/python3.12/site-packages/airflow/example_dags/example_skip_dag.py
[2025-04-04T13:54:50.469+0000] {processor.py:914} INFO - Processing file /home/airflow/.local/lib/python3.12/site-packages/airflow/example_dags/example_skip_dag.py for tasks to queue
[2025-04-04T13:54:50.474+0000] {logging_mixin.py:190} INFO - [2025-04-04T13:54:50.474+0000] {dagbag.py:588} INFO - Filling up the DagBag from /home/airflow/.local/lib/python3.12/site-packages/airflow/example_dags/example_skip_dag.py
[2025-04-04T13:54:50.494+0000] {processor.py:925} INFO - DAG(s) 'example_skip_dag' retrieved from /home/airflow/.local/lib/python3.12/site-packages/airflow/example_dags/example_skip_dag.py
[2025-04-04T13:54:50.554+0000] {logging_mixin.py:190} INFO - [2025-04-04T13:54:50.554+0000] {dag.py:3239} INFO - Sync 1 DAGs
[2025-04-04T13:54:50.619+0000] {logging_mixin.py:190} INFO - [2025-04-04T13:54:50.618+0000] {dag.py:4180} INFO - Setting next_dagrun for example_skip_dag to 2025-04-03 00:00:00+00:00, run_after=2025-04-04 00:00:00+00:00
[2025-04-04T13:54:50.659+0000] {processor.py:208} INFO - Processing /home/airflow/.local/lib/python3.12/site-packages/airflow/example_dags/example_skip_dag.py took 0.207 seconds
[2025-04-04T13:55:21.166+0000] {processor.py:186} INFO - Started process (PID=2320) to work on /home/airflow/.local/lib/python3.12/site-packages/airflow/example_dags/example_skip_dag.py
[2025-04-04T13:55:21.168+0000] {processor.py:914} INFO - Processing file /home/airflow/.local/lib/python3.12/site-packages/airflow/example_dags/example_skip_dag.py for tasks to queue
[2025-04-04T13:55:21.172+0000] {logging_mixin.py:190} INFO - [2025-04-04T13:55:21.171+0000] {dagbag.py:588} INFO - Filling up the DagBag from /home/airflow/.local/lib/python3.12/site-packages/airflow/example_dags/example_skip_dag.py
[2025-04-04T13:55:21.188+0000] {processor.py:925} INFO - DAG(s) 'example_skip_dag' retrieved from /home/airflow/.local/lib/python3.12/site-packages/airflow/example_dags/example_skip_dag.py
[2025-04-04T13:55:21.249+0000] {logging_mixin.py:190} INFO - [2025-04-04T13:55:21.249+0000] {dag.py:3239} INFO - Sync 1 DAGs
[2025-04-04T13:55:21.313+0000] {logging_mixin.py:190} INFO - [2025-04-04T13:55:21.312+0000] {dag.py:4180} INFO - Setting next_dagrun for example_skip_dag to 2025-04-03 00:00:00+00:00, run_after=2025-04-04 00:00:00+00:00
[2025-04-04T13:55:21.360+0000] {processor.py:208} INFO - Processing /home/airflow/.local/lib/python3.12/site-packages/airflow/example_dags/example_skip_dag.py took 0.207 seconds
[2025-04-04T13:55:51.865+0000] {processor.py:186} INFO - Started process (PID=2381) to work on /home/airflow/.local/lib/python3.12/site-packages/airflow/example_dags/example_skip_dag.py
[2025-04-04T13:55:51.874+0000] {processor.py:914} INFO - Processing file /home/airflow/.local/lib/python3.12/site-packages/airflow/example_dags/example_skip_dag.py for tasks to queue
[2025-04-04T13:55:51.887+0000] {logging_mixin.py:190} INFO - [2025-04-04T13:55:51.886+0000] {dagbag.py:588} INFO - Filling up the DagBag from /home/airflow/.local/lib/python3.12/site-packages/airflow/example_dags/example_skip_dag.py
[2025-04-04T13:55:51.935+0000] {processor.py:925} INFO - DAG(s) 'example_skip_dag' retrieved from /home/airflow/.local/lib/python3.12/site-packages/airflow/example_dags/example_skip_dag.py
[2025-04-04T13:55:52.101+0000] {logging_mixin.py:190} INFO - [2025-04-04T13:55:52.090+0000] {dag.py:3239} INFO - Sync 1 DAGs
[2025-04-04T13:55:52.226+0000] {logging_mixin.py:190} INFO - [2025-04-04T13:55:52.225+0000] {dag.py:4180} INFO - Setting next_dagrun for example_skip_dag to 2025-04-03 00:00:00+00:00, run_after=2025-04-04 00:00:00+00:00
[2025-04-04T13:55:52.416+0000] {processor.py:208} INFO - Processing /home/airflow/.local/lib/python3.12/site-packages/airflow/example_dags/example_skip_dag.py took 0.585 seconds
[2025-04-04T13:56:22.730+0000] {processor.py:186} INFO - Started process (PID=2444) to work on /home/airflow/.local/lib/python3.12/site-packages/airflow/example_dags/example_skip_dag.py
[2025-04-04T13:56:22.732+0000] {processor.py:914} INFO - Processing file /home/airflow/.local/lib/python3.12/site-packages/airflow/example_dags/example_skip_dag.py for tasks to queue
[2025-04-04T13:56:22.737+0000] {logging_mixin.py:190} INFO - [2025-04-04T13:56:22.737+0000] {dagbag.py:588} INFO - Filling up the DagBag from /home/airflow/.local/lib/python3.12/site-packages/airflow/example_dags/example_skip_dag.py
[2025-04-04T13:56:22.753+0000] {processor.py:925} INFO - DAG(s) 'example_skip_dag' retrieved from /home/airflow/.local/lib/python3.12/site-packages/airflow/example_dags/example_skip_dag.py
[2025-04-04T13:56:22.801+0000] {logging_mixin.py:190} INFO - [2025-04-04T13:56:22.800+0000] {dag.py:3239} INFO - Sync 1 DAGs
[2025-04-04T13:56:22.863+0000] {logging_mixin.py:190} INFO - [2025-04-04T13:56:22.862+0000] {dag.py:4180} INFO - Setting next_dagrun for example_skip_dag to 2025-04-03 00:00:00+00:00, run_after=2025-04-04 00:00:00+00:00
[2025-04-04T13:56:22.903+0000] {processor.py:208} INFO - Processing /home/airflow/.local/lib/python3.12/site-packages/airflow/example_dags/example_skip_dag.py took 0.187 seconds
[2025-04-04T13:56:53.213+0000] {processor.py:186} INFO - Started process (PID=2507) to work on /home/airflow/.local/lib/python3.12/site-packages/airflow/example_dags/example_skip_dag.py
[2025-04-04T13:56:53.215+0000] {processor.py:914} INFO - Processing file /home/airflow/.local/lib/python3.12/site-packages/airflow/example_dags/example_skip_dag.py for tasks to queue
[2025-04-04T13:56:53.219+0000] {logging_mixin.py:190} INFO - [2025-04-04T13:56:53.218+0000] {dagbag.py:588} INFO - Filling up the DagBag from /home/airflow/.local/lib/python3.12/site-packages/airflow/example_dags/example_skip_dag.py
[2025-04-04T13:56:53.235+0000] {processor.py:925} INFO - DAG(s) 'example_skip_dag' retrieved from /home/airflow/.local/lib/python3.12/site-packages/airflow/example_dags/example_skip_dag.py
[2025-04-04T13:56:53.287+0000] {logging_mixin.py:190} INFO - [2025-04-04T13:56:53.286+0000] {dag.py:3239} INFO - Sync 1 DAGs
[2025-04-04T13:56:53.340+0000] {logging_mixin.py:190} INFO - [2025-04-04T13:56:53.339+0000] {dag.py:4180} INFO - Setting next_dagrun for example_skip_dag to 2025-04-03 00:00:00+00:00, run_after=2025-04-04 00:00:00+00:00
[2025-04-04T13:56:53.387+0000] {processor.py:208} INFO - Processing /home/airflow/.local/lib/python3.12/site-packages/airflow/example_dags/example_skip_dag.py took 0.187 seconds
[2025-04-04T13:57:24.162+0000] {processor.py:186} INFO - Started process (PID=2570) to work on /home/airflow/.local/lib/python3.12/site-packages/airflow/example_dags/example_skip_dag.py
[2025-04-04T13:57:24.218+0000] {processor.py:914} INFO - Processing file /home/airflow/.local/lib/python3.12/site-packages/airflow/example_dags/example_skip_dag.py for tasks to queue
[2025-04-04T13:57:24.233+0000] {logging_mixin.py:190} INFO - [2025-04-04T13:57:24.232+0000] {dagbag.py:588} INFO - Filling up the DagBag from /home/airflow/.local/lib/python3.12/site-packages/airflow/example_dags/example_skip_dag.py
[2025-04-04T13:57:24.291+0000] {processor.py:925} INFO - DAG(s) 'example_skip_dag' retrieved from /home/airflow/.local/lib/python3.12/site-packages/airflow/example_dags/example_skip_dag.py
[2025-04-04T13:57:24.403+0000] {logging_mixin.py:190} INFO - [2025-04-04T13:57:24.402+0000] {dag.py:3239} INFO - Sync 1 DAGs
[2025-04-04T13:57:24.534+0000] {logging_mixin.py:190} INFO - [2025-04-04T13:57:24.533+0000] {dag.py:4180} INFO - Setting next_dagrun for example_skip_dag to 2025-04-03 00:00:00+00:00, run_after=2025-04-04 00:00:00+00:00
[2025-04-04T13:57:24.629+0000] {processor.py:208} INFO - Processing /home/airflow/.local/lib/python3.12/site-packages/airflow/example_dags/example_skip_dag.py took 0.506 seconds
[2025-04-04T13:57:54.778+0000] {processor.py:186} INFO - Started process (PID=2632) to work on /home/airflow/.local/lib/python3.12/site-packages/airflow/example_dags/example_skip_dag.py
[2025-04-04T13:57:54.780+0000] {processor.py:914} INFO - Processing file /home/airflow/.local/lib/python3.12/site-packages/airflow/example_dags/example_skip_dag.py for tasks to queue
[2025-04-04T13:57:54.789+0000] {logging_mixin.py:190} INFO - [2025-04-04T13:57:54.788+0000] {dagbag.py:588} INFO - Filling up the DagBag from /home/airflow/.local/lib/python3.12/site-packages/airflow/example_dags/example_skip_dag.py
[2025-04-04T13:57:54.807+0000] {processor.py:925} INFO - DAG(s) 'example_skip_dag' retrieved from /home/airflow/.local/lib/python3.12/site-packages/airflow/example_dags/example_skip_dag.py
[2025-04-04T13:57:54.849+0000] {logging_mixin.py:190} INFO - [2025-04-04T13:57:54.848+0000] {dag.py:3239} INFO - Sync 1 DAGs
[2025-04-04T13:57:54.901+0000] {logging_mixin.py:190} INFO - [2025-04-04T13:57:54.900+0000] {dag.py:4180} INFO - Setting next_dagrun for example_skip_dag to 2025-04-03 00:00:00+00:00, run_after=2025-04-04 00:00:00+00:00
[2025-04-04T13:57:54.950+0000] {processor.py:208} INFO - Processing /home/airflow/.local/lib/python3.12/site-packages/airflow/example_dags/example_skip_dag.py took 0.184 seconds
[2025-04-04T13:58:28.635+0000] {processor.py:186} INFO - Started process (PID=2695) to work on /home/airflow/.local/lib/python3.12/site-packages/airflow/example_dags/example_skip_dag.py
[2025-04-04T13:58:28.638+0000] {processor.py:914} INFO - Processing file /home/airflow/.local/lib/python3.12/site-packages/airflow/example_dags/example_skip_dag.py for tasks to queue
[2025-04-04T13:58:28.644+0000] {logging_mixin.py:190} INFO - [2025-04-04T13:58:28.643+0000] {dagbag.py:588} INFO - Filling up the DagBag from /home/airflow/.local/lib/python3.12/site-packages/airflow/example_dags/example_skip_dag.py
[2025-04-04T13:58:28.667+0000] {processor.py:925} INFO - DAG(s) 'example_skip_dag' retrieved from /home/airflow/.local/lib/python3.12/site-packages/airflow/example_dags/example_skip_dag.py
[2025-04-04T13:58:28.726+0000] {logging_mixin.py:190} INFO - [2025-04-04T13:58:28.725+0000] {dag.py:3239} INFO - Sync 1 DAGs
[2025-04-04T13:58:28.930+0000] {logging_mixin.py:190} INFO - [2025-04-04T13:58:28.929+0000] {dag.py:4180} INFO - Setting next_dagrun for example_skip_dag to 2025-04-03 00:00:00+00:00, run_after=2025-04-04 00:00:00+00:00
[2025-04-04T13:58:29.103+0000] {processor.py:208} INFO - Processing /home/airflow/.local/lib/python3.12/site-packages/airflow/example_dags/example_skip_dag.py took 0.485 seconds
[2025-04-04T13:59:01.496+0000] {processor.py:186} INFO - Started process (PID=2758) to work on /home/airflow/.local/lib/python3.12/site-packages/airflow/example_dags/example_skip_dag.py
[2025-04-04T13:59:01.499+0000] {processor.py:914} INFO - Processing file /home/airflow/.local/lib/python3.12/site-packages/airflow/example_dags/example_skip_dag.py for tasks to queue
[2025-04-04T13:59:01.504+0000] {logging_mixin.py:190} INFO - [2025-04-04T13:59:01.504+0000] {dagbag.py:588} INFO - Filling up the DagBag from /home/airflow/.local/lib/python3.12/site-packages/airflow/example_dags/example_skip_dag.py
[2025-04-04T13:59:01.525+0000] {processor.py:925} INFO - DAG(s) 'example_skip_dag' retrieved from /home/airflow/.local/lib/python3.12/site-packages/airflow/example_dags/example_skip_dag.py
[2025-04-04T13:59:01.596+0000] {logging_mixin.py:190} INFO - [2025-04-04T13:59:01.595+0000] {dag.py:3239} INFO - Sync 1 DAGs
[2025-04-04T13:59:01.689+0000] {logging_mixin.py:190} INFO - [2025-04-04T13:59:01.689+0000] {dag.py:4180} INFO - Setting next_dagrun for example_skip_dag to 2025-04-03 00:00:00+00:00, run_after=2025-04-04 00:00:00+00:00
[2025-04-04T13:59:01.794+0000] {processor.py:208} INFO - Processing /home/airflow/.local/lib/python3.12/site-packages/airflow/example_dags/example_skip_dag.py took 0.315 seconds
