[2025-04-04T13:36:52.931+0000] {processor.py:186} INFO - Started process (PID=123) to work on /home/airflow/.local/lib/python3.12/site-packages/airflow/example_dags/example_python_operator.py
[2025-04-04T13:36:52.933+0000] {processor.py:914} INFO - Processing file /home/airflow/.local/lib/python3.12/site-packages/airflow/example_dags/example_python_operator.py for tasks to queue
[2025-04-04T13:36:52.937+0000] {logging_mixin.py:190} INFO - [2025-04-04T13:36:52.936+0000] {dagbag.py:588} INFO - Filling up the DagBag from /home/airflow/.local/lib/python3.12/site-packages/airflow/example_dags/example_python_operator.py
[2025-04-04T13:36:52.969+0000] {processor.py:925} INFO - DAG(s) 'example_python_operator' retrieved from /home/airflow/.local/lib/python3.12/site-packages/airflow/example_dags/example_python_operator.py
[2025-04-04T13:36:53.205+0000] {logging_mixin.py:190} INFO - [2025-04-04T13:36:53.204+0000] {override.py:1912} INFO - Created Permission View: can edit on DAG:example_python_operator
[2025-04-04T13:36:53.228+0000] {logging_mixin.py:190} INFO - [2025-04-04T13:36:53.227+0000] {override.py:1912} INFO - Created Permission View: can delete on DAG:example_python_operator
[2025-04-04T13:36:53.242+0000] {logging_mixin.py:190} INFO - [2025-04-04T13:36:53.241+0000] {override.py:1912} INFO - Created Permission View: can read on DAG:example_python_operator
[2025-04-04T13:36:53.257+0000] {logging_mixin.py:190} INFO - [2025-04-04T13:36:53.256+0000] {override.py:1912} INFO - Created Permission View: can delete on DAG Run:example_python_operator
[2025-04-04T13:36:53.271+0000] {logging_mixin.py:190} INFO - [2025-04-04T13:36:53.271+0000] {override.py:1912} INFO - Created Permission View: can read on DAG Run:example_python_operator
[2025-04-04T13:36:53.287+0000] {logging_mixin.py:190} INFO - [2025-04-04T13:36:53.286+0000] {override.py:1912} INFO - Created Permission View: can create on DAG Run:example_python_operator
[2025-04-04T13:36:53.304+0000] {logging_mixin.py:190} INFO - [2025-04-04T13:36:53.304+0000] {override.py:1912} INFO - Created Permission View: menu access on DAG Run:example_python_operator
[2025-04-04T13:36:53.306+0000] {logging_mixin.py:190} INFO - [2025-04-04T13:36:53.305+0000] {dag.py:3239} INFO - Sync 1 DAGs
[2025-04-04T13:36:53.338+0000] {logging_mixin.py:190} INFO - [2025-04-04T13:36:53.337+0000] {dag.py:3262} INFO - Creating ORM DAG for example_python_operator
[2025-04-04T13:36:53.340+0000] {logging_mixin.py:190} INFO - [2025-04-04T13:36:53.339+0000] {dag.py:4180} INFO - Setting next_dagrun for example_python_operator to None, run_after=None
[2025-04-04T13:36:53.375+0000] {processor.py:208} INFO - Processing /home/airflow/.local/lib/python3.12/site-packages/airflow/example_dags/example_python_operator.py took 0.456 seconds
[2025-04-04T13:37:23.950+0000] {processor.py:186} INFO - Started process (PID=186) to work on /home/airflow/.local/lib/python3.12/site-packages/airflow/example_dags/example_python_operator.py
[2025-04-04T13:37:23.952+0000] {processor.py:914} INFO - Processing file /home/airflow/.local/lib/python3.12/site-packages/airflow/example_dags/example_python_operator.py for tasks to queue
[2025-04-04T13:37:23.967+0000] {logging_mixin.py:190} INFO - [2025-04-04T13:37:23.961+0000] {dagbag.py:588} INFO - Filling up the DagBag from /home/airflow/.local/lib/python3.12/site-packages/airflow/example_dags/example_python_operator.py
[2025-04-04T13:37:24.038+0000] {processor.py:925} INFO - DAG(s) 'example_python_operator' retrieved from /home/airflow/.local/lib/python3.12/site-packages/airflow/example_dags/example_python_operator.py
[2025-04-04T13:37:24.138+0000] {logging_mixin.py:190} INFO - [2025-04-04T13:37:24.137+0000] {dag.py:3239} INFO - Sync 1 DAGs
[2025-04-04T13:37:24.185+0000] {logging_mixin.py:190} INFO - [2025-04-04T13:37:24.185+0000] {dag.py:4180} INFO - Setting next_dagrun for example_python_operator to None, run_after=None
[2025-04-04T13:37:24.237+0000] {processor.py:208} INFO - Processing /home/airflow/.local/lib/python3.12/site-packages/airflow/example_dags/example_python_operator.py took 0.302 seconds
[2025-04-04T13:37:54.654+0000] {processor.py:186} INFO - Started process (PID=249) to work on /home/airflow/.local/lib/python3.12/site-packages/airflow/example_dags/example_python_operator.py
[2025-04-04T13:37:54.656+0000] {processor.py:914} INFO - Processing file /home/airflow/.local/lib/python3.12/site-packages/airflow/example_dags/example_python_operator.py for tasks to queue
[2025-04-04T13:37:54.661+0000] {logging_mixin.py:190} INFO - [2025-04-04T13:37:54.660+0000] {dagbag.py:588} INFO - Filling up the DagBag from /home/airflow/.local/lib/python3.12/site-packages/airflow/example_dags/example_python_operator.py
[2025-04-04T13:37:54.688+0000] {processor.py:925} INFO - DAG(s) 'example_python_operator' retrieved from /home/airflow/.local/lib/python3.12/site-packages/airflow/example_dags/example_python_operator.py
[2025-04-04T13:37:54.737+0000] {logging_mixin.py:190} INFO - [2025-04-04T13:37:54.737+0000] {dag.py:3239} INFO - Sync 1 DAGs
[2025-04-04T13:37:54.774+0000] {logging_mixin.py:190} INFO - [2025-04-04T13:37:54.774+0000] {dag.py:4180} INFO - Setting next_dagrun for example_python_operator to None, run_after=None
[2025-04-04T13:37:54.809+0000] {processor.py:208} INFO - Processing /home/airflow/.local/lib/python3.12/site-packages/airflow/example_dags/example_python_operator.py took 0.166 seconds
[2025-04-04T13:38:28.741+0000] {processor.py:186} INFO - Started process (PID=312) to work on /home/airflow/.local/lib/python3.12/site-packages/airflow/example_dags/example_python_operator.py
[2025-04-04T13:38:28.743+0000] {processor.py:914} INFO - Processing file /home/airflow/.local/lib/python3.12/site-packages/airflow/example_dags/example_python_operator.py for tasks to queue
[2025-04-04T13:38:28.749+0000] {logging_mixin.py:190} INFO - [2025-04-04T13:38:28.748+0000] {dagbag.py:588} INFO - Filling up the DagBag from /home/airflow/.local/lib/python3.12/site-packages/airflow/example_dags/example_python_operator.py
[2025-04-04T13:38:28.776+0000] {processor.py:925} INFO - DAG(s) 'example_python_operator' retrieved from /home/airflow/.local/lib/python3.12/site-packages/airflow/example_dags/example_python_operator.py
[2025-04-04T13:38:28.822+0000] {logging_mixin.py:190} INFO - [2025-04-04T13:38:28.821+0000] {dag.py:3239} INFO - Sync 1 DAGs
[2025-04-04T13:38:28.856+0000] {logging_mixin.py:190} INFO - [2025-04-04T13:38:28.855+0000] {dag.py:4180} INFO - Setting next_dagrun for example_python_operator to None, run_after=None
[2025-04-04T13:38:28.890+0000] {processor.py:208} INFO - Processing /home/airflow/.local/lib/python3.12/site-packages/airflow/example_dags/example_python_operator.py took 0.166 seconds
[2025-04-04T13:39:03.903+0000] {processor.py:186} INFO - Started process (PID=383) to work on /home/airflow/.local/lib/python3.12/site-packages/airflow/example_dags/example_python_operator.py
[2025-04-04T13:39:03.911+0000] {processor.py:914} INFO - Processing file /home/airflow/.local/lib/python3.12/site-packages/airflow/example_dags/example_python_operator.py for tasks to queue
[2025-04-04T13:39:03.920+0000] {logging_mixin.py:190} INFO - [2025-04-04T13:39:03.919+0000] {dagbag.py:588} INFO - Filling up the DagBag from /home/airflow/.local/lib/python3.12/site-packages/airflow/example_dags/example_python_operator.py
[2025-04-04T13:39:04.004+0000] {processor.py:925} INFO - DAG(s) 'example_python_operator' retrieved from /home/airflow/.local/lib/python3.12/site-packages/airflow/example_dags/example_python_operator.py
[2025-04-04T13:39:04.226+0000] {logging_mixin.py:190} INFO - [2025-04-04T13:39:04.225+0000] {dag.py:3239} INFO - Sync 1 DAGs
[2025-04-04T13:39:04.402+0000] {logging_mixin.py:190} INFO - [2025-04-04T13:39:04.401+0000] {dag.py:4180} INFO - Setting next_dagrun for example_python_operator to None, run_after=None
[2025-04-04T13:39:04.562+0000] {processor.py:208} INFO - Processing /home/airflow/.local/lib/python3.12/site-packages/airflow/example_dags/example_python_operator.py took 0.680 seconds
[2025-04-04T13:39:44.405+0000] {processor.py:186} INFO - Started process (PID=446) to work on /home/airflow/.local/lib/python3.12/site-packages/airflow/example_dags/example_python_operator.py
[2025-04-04T13:39:44.412+0000] {processor.py:914} INFO - Processing file /home/airflow/.local/lib/python3.12/site-packages/airflow/example_dags/example_python_operator.py for tasks to queue
[2025-04-04T13:39:44.421+0000] {logging_mixin.py:190} INFO - [2025-04-04T13:39:44.420+0000] {dagbag.py:588} INFO - Filling up the DagBag from /home/airflow/.local/lib/python3.12/site-packages/airflow/example_dags/example_python_operator.py
[2025-04-04T13:39:44.494+0000] {processor.py:925} INFO - DAG(s) 'example_python_operator' retrieved from /home/airflow/.local/lib/python3.12/site-packages/airflow/example_dags/example_python_operator.py
[2025-04-04T13:39:44.596+0000] {logging_mixin.py:190} INFO - [2025-04-04T13:39:44.596+0000] {dag.py:3239} INFO - Sync 1 DAGs
[2025-04-04T13:39:44.665+0000] {logging_mixin.py:190} INFO - [2025-04-04T13:39:44.665+0000] {dag.py:4180} INFO - Setting next_dagrun for example_python_operator to None, run_after=None
[2025-04-04T13:39:44.726+0000] {processor.py:208} INFO - Processing /home/airflow/.local/lib/python3.12/site-packages/airflow/example_dags/example_python_operator.py took 0.349 seconds
[2025-04-04T13:40:15.083+0000] {processor.py:186} INFO - Started process (PID=510) to work on /home/airflow/.local/lib/python3.12/site-packages/airflow/example_dags/example_python_operator.py
[2025-04-04T13:40:15.085+0000] {processor.py:914} INFO - Processing file /home/airflow/.local/lib/python3.12/site-packages/airflow/example_dags/example_python_operator.py for tasks to queue
[2025-04-04T13:40:15.090+0000] {logging_mixin.py:190} INFO - [2025-04-04T13:40:15.089+0000] {dagbag.py:588} INFO - Filling up the DagBag from /home/airflow/.local/lib/python3.12/site-packages/airflow/example_dags/example_python_operator.py
[2025-04-04T13:40:15.117+0000] {processor.py:925} INFO - DAG(s) 'example_python_operator' retrieved from /home/airflow/.local/lib/python3.12/site-packages/airflow/example_dags/example_python_operator.py
[2025-04-04T13:40:15.168+0000] {logging_mixin.py:190} INFO - [2025-04-04T13:40:15.167+0000] {dag.py:3239} INFO - Sync 1 DAGs
[2025-04-04T13:40:15.204+0000] {logging_mixin.py:190} INFO - [2025-04-04T13:40:15.204+0000] {dag.py:4180} INFO - Setting next_dagrun for example_python_operator to None, run_after=None
[2025-04-04T13:40:15.243+0000] {processor.py:208} INFO - Processing /home/airflow/.local/lib/python3.12/site-packages/airflow/example_dags/example_python_operator.py took 0.173 seconds
[2025-04-04T13:40:45.672+0000] {processor.py:186} INFO - Started process (PID=572) to work on /home/airflow/.local/lib/python3.12/site-packages/airflow/example_dags/example_python_operator.py
[2025-04-04T13:40:45.674+0000] {processor.py:914} INFO - Processing file /home/airflow/.local/lib/python3.12/site-packages/airflow/example_dags/example_python_operator.py for tasks to queue
[2025-04-04T13:40:45.679+0000] {logging_mixin.py:190} INFO - [2025-04-04T13:40:45.678+0000] {dagbag.py:588} INFO - Filling up the DagBag from /home/airflow/.local/lib/python3.12/site-packages/airflow/example_dags/example_python_operator.py
[2025-04-04T13:40:45.704+0000] {processor.py:925} INFO - DAG(s) 'example_python_operator' retrieved from /home/airflow/.local/lib/python3.12/site-packages/airflow/example_dags/example_python_operator.py
[2025-04-04T13:40:45.743+0000] {logging_mixin.py:190} INFO - [2025-04-04T13:40:45.743+0000] {dag.py:3239} INFO - Sync 1 DAGs
[2025-04-04T13:40:45.771+0000] {logging_mixin.py:190} INFO - [2025-04-04T13:40:45.771+0000] {dag.py:4180} INFO - Setting next_dagrun for example_python_operator to None, run_after=None
[2025-04-04T13:40:45.813+0000] {processor.py:208} INFO - Processing /home/airflow/.local/lib/python3.12/site-packages/airflow/example_dags/example_python_operator.py took 0.151 seconds
[2025-04-04T13:41:16.498+0000] {processor.py:186} INFO - Started process (PID=635) to work on /home/airflow/.local/lib/python3.12/site-packages/airflow/example_dags/example_python_operator.py
[2025-04-04T13:41:16.501+0000] {processor.py:914} INFO - Processing file /home/airflow/.local/lib/python3.12/site-packages/airflow/example_dags/example_python_operator.py for tasks to queue
[2025-04-04T13:41:16.508+0000] {logging_mixin.py:190} INFO - [2025-04-04T13:41:16.507+0000] {dagbag.py:588} INFO - Filling up the DagBag from /home/airflow/.local/lib/python3.12/site-packages/airflow/example_dags/example_python_operator.py
[2025-04-04T13:41:16.557+0000] {processor.py:925} INFO - DAG(s) 'example_python_operator' retrieved from /home/airflow/.local/lib/python3.12/site-packages/airflow/example_dags/example_python_operator.py
[2025-04-04T13:41:16.643+0000] {logging_mixin.py:190} INFO - [2025-04-04T13:41:16.642+0000] {dag.py:3239} INFO - Sync 1 DAGs
[2025-04-04T13:41:16.677+0000] {logging_mixin.py:190} INFO - [2025-04-04T13:41:16.677+0000] {dag.py:4180} INFO - Setting next_dagrun for example_python_operator to None, run_after=None
[2025-04-04T13:41:16.720+0000] {processor.py:208} INFO - Processing /home/airflow/.local/lib/python3.12/site-packages/airflow/example_dags/example_python_operator.py took 0.238 seconds
[2025-04-04T13:41:47.062+0000] {processor.py:186} INFO - Started process (PID=698) to work on /home/airflow/.local/lib/python3.12/site-packages/airflow/example_dags/example_python_operator.py
[2025-04-04T13:41:47.064+0000] {processor.py:914} INFO - Processing file /home/airflow/.local/lib/python3.12/site-packages/airflow/example_dags/example_python_operator.py for tasks to queue
[2025-04-04T13:41:47.068+0000] {logging_mixin.py:190} INFO - [2025-04-04T13:41:47.067+0000] {dagbag.py:588} INFO - Filling up the DagBag from /home/airflow/.local/lib/python3.12/site-packages/airflow/example_dags/example_python_operator.py
[2025-04-04T13:41:47.089+0000] {processor.py:925} INFO - DAG(s) 'example_python_operator' retrieved from /home/airflow/.local/lib/python3.12/site-packages/airflow/example_dags/example_python_operator.py
[2025-04-04T13:41:47.129+0000] {logging_mixin.py:190} INFO - [2025-04-04T13:41:47.129+0000] {dag.py:3239} INFO - Sync 1 DAGs
[2025-04-04T13:41:47.163+0000] {logging_mixin.py:190} INFO - [2025-04-04T13:41:47.162+0000] {dag.py:4180} INFO - Setting next_dagrun for example_python_operator to None, run_after=None
[2025-04-04T13:41:47.201+0000] {processor.py:208} INFO - Processing /home/airflow/.local/lib/python3.12/site-packages/airflow/example_dags/example_python_operator.py took 0.149 seconds
[2025-04-04T13:42:17.363+0000] {processor.py:186} INFO - Started process (PID=760) to work on /home/airflow/.local/lib/python3.12/site-packages/airflow/example_dags/example_python_operator.py
[2025-04-04T13:42:17.366+0000] {processor.py:914} INFO - Processing file /home/airflow/.local/lib/python3.12/site-packages/airflow/example_dags/example_python_operator.py for tasks to queue
[2025-04-04T13:42:17.371+0000] {logging_mixin.py:190} INFO - [2025-04-04T13:42:17.370+0000] {dagbag.py:588} INFO - Filling up the DagBag from /home/airflow/.local/lib/python3.12/site-packages/airflow/example_dags/example_python_operator.py
[2025-04-04T13:42:17.399+0000] {processor.py:925} INFO - DAG(s) 'example_python_operator' retrieved from /home/airflow/.local/lib/python3.12/site-packages/airflow/example_dags/example_python_operator.py
[2025-04-04T13:42:17.447+0000] {logging_mixin.py:190} INFO - [2025-04-04T13:42:17.446+0000] {dag.py:3239} INFO - Sync 1 DAGs
[2025-04-04T13:42:17.482+0000] {logging_mixin.py:190} INFO - [2025-04-04T13:42:17.481+0000] {dag.py:4180} INFO - Setting next_dagrun for example_python_operator to None, run_after=None
[2025-04-04T13:42:17.521+0000] {processor.py:208} INFO - Processing /home/airflow/.local/lib/python3.12/site-packages/airflow/example_dags/example_python_operator.py took 0.168 seconds
[2025-04-04T13:42:47.946+0000] {processor.py:186} INFO - Started process (PID=823) to work on /home/airflow/.local/lib/python3.12/site-packages/airflow/example_dags/example_python_operator.py
[2025-04-04T13:42:47.949+0000] {processor.py:914} INFO - Processing file /home/airflow/.local/lib/python3.12/site-packages/airflow/example_dags/example_python_operator.py for tasks to queue
[2025-04-04T13:42:47.960+0000] {logging_mixin.py:190} INFO - [2025-04-04T13:42:47.955+0000] {dagbag.py:588} INFO - Filling up the DagBag from /home/airflow/.local/lib/python3.12/site-packages/airflow/example_dags/example_python_operator.py
[2025-04-04T13:42:47.995+0000] {processor.py:925} INFO - DAG(s) 'example_python_operator' retrieved from /home/airflow/.local/lib/python3.12/site-packages/airflow/example_dags/example_python_operator.py
[2025-04-04T13:42:48.100+0000] {logging_mixin.py:190} INFO - [2025-04-04T13:42:48.100+0000] {dag.py:3239} INFO - Sync 1 DAGs
[2025-04-04T13:42:48.151+0000] {logging_mixin.py:190} INFO - [2025-04-04T13:42:48.150+0000] {dag.py:4180} INFO - Setting next_dagrun for example_python_operator to None, run_after=None
[2025-04-04T13:42:48.227+0000] {processor.py:208} INFO - Processing /home/airflow/.local/lib/python3.12/site-packages/airflow/example_dags/example_python_operator.py took 0.296 seconds
[2025-04-04T13:43:19.166+0000] {processor.py:186} INFO - Started process (PID=886) to work on /home/airflow/.local/lib/python3.12/site-packages/airflow/example_dags/example_python_operator.py
[2025-04-04T13:43:19.168+0000] {processor.py:914} INFO - Processing file /home/airflow/.local/lib/python3.12/site-packages/airflow/example_dags/example_python_operator.py for tasks to queue
[2025-04-04T13:43:19.173+0000] {logging_mixin.py:190} INFO - [2025-04-04T13:43:19.172+0000] {dagbag.py:588} INFO - Filling up the DagBag from /home/airflow/.local/lib/python3.12/site-packages/airflow/example_dags/example_python_operator.py
[2025-04-04T13:43:19.224+0000] {processor.py:925} INFO - DAG(s) 'example_python_operator' retrieved from /home/airflow/.local/lib/python3.12/site-packages/airflow/example_dags/example_python_operator.py
[2025-04-04T13:43:19.424+0000] {logging_mixin.py:190} INFO - [2025-04-04T13:43:19.423+0000] {dag.py:3239} INFO - Sync 1 DAGs
[2025-04-04T13:43:19.543+0000] {logging_mixin.py:190} INFO - [2025-04-04T13:43:19.542+0000] {dag.py:4180} INFO - Setting next_dagrun for example_python_operator to None, run_after=None
[2025-04-04T13:43:19.644+0000] {processor.py:208} INFO - Processing /home/airflow/.local/lib/python3.12/site-packages/airflow/example_dags/example_python_operator.py took 0.490 seconds
[2025-04-04T13:43:52.595+0000] {processor.py:186} INFO - Started process (PID=950) to work on /home/airflow/.local/lib/python3.12/site-packages/airflow/example_dags/example_python_operator.py
[2025-04-04T13:43:52.597+0000] {processor.py:914} INFO - Processing file /home/airflow/.local/lib/python3.12/site-packages/airflow/example_dags/example_python_operator.py for tasks to queue
[2025-04-04T13:43:52.601+0000] {logging_mixin.py:190} INFO - [2025-04-04T13:43:52.600+0000] {dagbag.py:588} INFO - Filling up the DagBag from /home/airflow/.local/lib/python3.12/site-packages/airflow/example_dags/example_python_operator.py
[2025-04-04T13:43:52.634+0000] {processor.py:925} INFO - DAG(s) 'example_python_operator' retrieved from /home/airflow/.local/lib/python3.12/site-packages/airflow/example_dags/example_python_operator.py
[2025-04-04T13:43:52.718+0000] {logging_mixin.py:190} INFO - [2025-04-04T13:43:52.717+0000] {dag.py:3239} INFO - Sync 1 DAGs
[2025-04-04T13:43:52.780+0000] {logging_mixin.py:190} INFO - [2025-04-04T13:43:52.780+0000] {dag.py:4180} INFO - Setting next_dagrun for example_python_operator to None, run_after=None
[2025-04-04T13:43:52.844+0000] {processor.py:208} INFO - Processing /home/airflow/.local/lib/python3.12/site-packages/airflow/example_dags/example_python_operator.py took 0.281 seconds
[2025-04-04T13:44:24.721+0000] {processor.py:186} INFO - Started process (PID=1018) to work on /home/airflow/.local/lib/python3.12/site-packages/airflow/example_dags/example_python_operator.py
[2025-04-04T13:44:24.723+0000] {processor.py:914} INFO - Processing file /home/airflow/.local/lib/python3.12/site-packages/airflow/example_dags/example_python_operator.py for tasks to queue
[2025-04-04T13:44:24.729+0000] {logging_mixin.py:190} INFO - [2025-04-04T13:44:24.728+0000] {dagbag.py:588} INFO - Filling up the DagBag from /home/airflow/.local/lib/python3.12/site-packages/airflow/example_dags/example_python_operator.py
[2025-04-04T13:44:24.755+0000] {processor.py:925} INFO - DAG(s) 'example_python_operator' retrieved from /home/airflow/.local/lib/python3.12/site-packages/airflow/example_dags/example_python_operator.py
[2025-04-04T13:44:24.803+0000] {logging_mixin.py:190} INFO - [2025-04-04T13:44:24.802+0000] {dag.py:3239} INFO - Sync 1 DAGs
[2025-04-04T13:44:24.839+0000] {logging_mixin.py:190} INFO - [2025-04-04T13:44:24.839+0000] {dag.py:4180} INFO - Setting next_dagrun for example_python_operator to None, run_after=None
[2025-04-04T13:44:24.882+0000] {processor.py:208} INFO - Processing /home/airflow/.local/lib/python3.12/site-packages/airflow/example_dags/example_python_operator.py took 0.177 seconds
[2025-04-04T13:44:56.009+0000] {processor.py:186} INFO - Started process (PID=1081) to work on /home/airflow/.local/lib/python3.12/site-packages/airflow/example_dags/example_python_operator.py
[2025-04-04T13:44:56.011+0000] {processor.py:914} INFO - Processing file /home/airflow/.local/lib/python3.12/site-packages/airflow/example_dags/example_python_operator.py for tasks to queue
[2025-04-04T13:44:56.016+0000] {logging_mixin.py:190} INFO - [2025-04-04T13:44:56.015+0000] {dagbag.py:588} INFO - Filling up the DagBag from /home/airflow/.local/lib/python3.12/site-packages/airflow/example_dags/example_python_operator.py
[2025-04-04T13:44:56.046+0000] {processor.py:925} INFO - DAG(s) 'example_python_operator' retrieved from /home/airflow/.local/lib/python3.12/site-packages/airflow/example_dags/example_python_operator.py
[2025-04-04T13:44:56.099+0000] {logging_mixin.py:190} INFO - [2025-04-04T13:44:56.099+0000] {dag.py:3239} INFO - Sync 1 DAGs
[2025-04-04T13:44:56.139+0000] {logging_mixin.py:190} INFO - [2025-04-04T13:44:56.138+0000] {dag.py:4180} INFO - Setting next_dagrun for example_python_operator to None, run_after=None
[2025-04-04T13:44:56.191+0000] {processor.py:208} INFO - Processing /home/airflow/.local/lib/python3.12/site-packages/airflow/example_dags/example_python_operator.py took 0.196 seconds
[2025-04-04T13:45:26.459+0000] {processor.py:186} INFO - Started process (PID=1144) to work on /home/airflow/.local/lib/python3.12/site-packages/airflow/example_dags/example_python_operator.py
[2025-04-04T13:45:26.460+0000] {processor.py:914} INFO - Processing file /home/airflow/.local/lib/python3.12/site-packages/airflow/example_dags/example_python_operator.py for tasks to queue
[2025-04-04T13:45:26.466+0000] {logging_mixin.py:190} INFO - [2025-04-04T13:45:26.465+0000] {dagbag.py:588} INFO - Filling up the DagBag from /home/airflow/.local/lib/python3.12/site-packages/airflow/example_dags/example_python_operator.py
[2025-04-04T13:45:26.491+0000] {processor.py:925} INFO - DAG(s) 'example_python_operator' retrieved from /home/airflow/.local/lib/python3.12/site-packages/airflow/example_dags/example_python_operator.py
[2025-04-04T13:45:26.610+0000] {logging_mixin.py:190} INFO - [2025-04-04T13:45:26.609+0000] {dag.py:3239} INFO - Sync 1 DAGs
[2025-04-04T13:45:26.662+0000] {logging_mixin.py:190} INFO - [2025-04-04T13:45:26.661+0000] {dag.py:4180} INFO - Setting next_dagrun for example_python_operator to None, run_after=None
[2025-04-04T13:45:26.744+0000] {processor.py:208} INFO - Processing /home/airflow/.local/lib/python3.12/site-packages/airflow/example_dags/example_python_operator.py took 0.297 seconds
[2025-04-04T13:45:57.015+0000] {processor.py:186} INFO - Started process (PID=1206) to work on /home/airflow/.local/lib/python3.12/site-packages/airflow/example_dags/example_python_operator.py
[2025-04-04T13:45:57.018+0000] {processor.py:914} INFO - Processing file /home/airflow/.local/lib/python3.12/site-packages/airflow/example_dags/example_python_operator.py for tasks to queue
[2025-04-04T13:45:57.023+0000] {logging_mixin.py:190} INFO - [2025-04-04T13:45:57.022+0000] {dagbag.py:588} INFO - Filling up the DagBag from /home/airflow/.local/lib/python3.12/site-packages/airflow/example_dags/example_python_operator.py
[2025-04-04T13:45:57.056+0000] {processor.py:925} INFO - DAG(s) 'example_python_operator' retrieved from /home/airflow/.local/lib/python3.12/site-packages/airflow/example_dags/example_python_operator.py
[2025-04-04T13:45:57.116+0000] {logging_mixin.py:190} INFO - [2025-04-04T13:45:57.115+0000] {dag.py:3239} INFO - Sync 1 DAGs
[2025-04-04T13:45:57.156+0000] {logging_mixin.py:190} INFO - [2025-04-04T13:45:57.156+0000] {dag.py:4180} INFO - Setting next_dagrun for example_python_operator to None, run_after=None
[2025-04-04T13:45:57.210+0000] {processor.py:208} INFO - Processing /home/airflow/.local/lib/python3.12/site-packages/airflow/example_dags/example_python_operator.py took 0.211 seconds
[2025-04-04T13:46:44.475+0000] {processor.py:186} INFO - Started process (PID=1282) to work on /home/airflow/.local/lib/python3.12/site-packages/airflow/example_dags/example_python_operator.py
[2025-04-04T13:46:44.478+0000] {processor.py:914} INFO - Processing file /home/airflow/.local/lib/python3.12/site-packages/airflow/example_dags/example_python_operator.py for tasks to queue
[2025-04-04T13:46:44.484+0000] {logging_mixin.py:190} INFO - [2025-04-04T13:46:44.483+0000] {dagbag.py:588} INFO - Filling up the DagBag from /home/airflow/.local/lib/python3.12/site-packages/airflow/example_dags/example_python_operator.py
[2025-04-04T13:46:44.549+0000] {processor.py:925} INFO - DAG(s) 'example_python_operator' retrieved from /home/airflow/.local/lib/python3.12/site-packages/airflow/example_dags/example_python_operator.py
[2025-04-04T13:46:44.707+0000] {logging_mixin.py:190} INFO - [2025-04-04T13:46:44.707+0000] {dag.py:3239} INFO - Sync 1 DAGs
[2025-04-04T13:46:44.856+0000] {logging_mixin.py:190} INFO - [2025-04-04T13:46:44.855+0000] {dag.py:4180} INFO - Setting next_dagrun for example_python_operator to None, run_after=None
[2025-04-04T13:46:45.065+0000] {processor.py:208} INFO - Processing /home/airflow/.local/lib/python3.12/site-packages/airflow/example_dags/example_python_operator.py took 0.606 seconds
[2025-04-04T13:47:16.660+0000] {processor.py:186} INFO - Started process (PID=1345) to work on /home/airflow/.local/lib/python3.12/site-packages/airflow/example_dags/example_python_operator.py
[2025-04-04T13:47:16.662+0000] {processor.py:914} INFO - Processing file /home/airflow/.local/lib/python3.12/site-packages/airflow/example_dags/example_python_operator.py for tasks to queue
[2025-04-04T13:47:16.667+0000] {logging_mixin.py:190} INFO - [2025-04-04T13:47:16.666+0000] {dagbag.py:588} INFO - Filling up the DagBag from /home/airflow/.local/lib/python3.12/site-packages/airflow/example_dags/example_python_operator.py
[2025-04-04T13:47:16.700+0000] {processor.py:925} INFO - DAG(s) 'example_python_operator' retrieved from /home/airflow/.local/lib/python3.12/site-packages/airflow/example_dags/example_python_operator.py
[2025-04-04T13:47:16.773+0000] {logging_mixin.py:190} INFO - [2025-04-04T13:47:16.773+0000] {dag.py:3239} INFO - Sync 1 DAGs
[2025-04-04T13:47:16.820+0000] {logging_mixin.py:190} INFO - [2025-04-04T13:47:16.818+0000] {dag.py:4180} INFO - Setting next_dagrun for example_python_operator to None, run_after=None
[2025-04-04T13:47:16.878+0000] {processor.py:208} INFO - Processing /home/airflow/.local/lib/python3.12/site-packages/airflow/example_dags/example_python_operator.py took 0.243 seconds
[2025-04-04T13:47:47.549+0000] {processor.py:186} INFO - Started process (PID=1407) to work on /home/airflow/.local/lib/python3.12/site-packages/airflow/example_dags/example_python_operator.py
[2025-04-04T13:47:47.554+0000] {processor.py:914} INFO - Processing file /home/airflow/.local/lib/python3.12/site-packages/airflow/example_dags/example_python_operator.py for tasks to queue
[2025-04-04T13:47:47.560+0000] {logging_mixin.py:190} INFO - [2025-04-04T13:47:47.559+0000] {dagbag.py:588} INFO - Filling up the DagBag from /home/airflow/.local/lib/python3.12/site-packages/airflow/example_dags/example_python_operator.py
[2025-04-04T13:47:47.613+0000] {processor.py:925} INFO - DAG(s) 'example_python_operator' retrieved from /home/airflow/.local/lib/python3.12/site-packages/airflow/example_dags/example_python_operator.py
[2025-04-04T13:47:47.730+0000] {logging_mixin.py:190} INFO - [2025-04-04T13:47:47.730+0000] {dag.py:3239} INFO - Sync 1 DAGs
[2025-04-04T13:47:47.826+0000] {logging_mixin.py:190} INFO - [2025-04-04T13:47:47.825+0000] {dag.py:4180} INFO - Setting next_dagrun for example_python_operator to None, run_after=None
[2025-04-04T13:47:47.968+0000] {processor.py:208} INFO - Processing /home/airflow/.local/lib/python3.12/site-packages/airflow/example_dags/example_python_operator.py took 0.436 seconds
[2025-04-04T13:48:18.705+0000] {processor.py:186} INFO - Started process (PID=1471) to work on /home/airflow/.local/lib/python3.12/site-packages/airflow/example_dags/example_python_operator.py
[2025-04-04T13:48:18.707+0000] {processor.py:914} INFO - Processing file /home/airflow/.local/lib/python3.12/site-packages/airflow/example_dags/example_python_operator.py for tasks to queue
[2025-04-04T13:48:18.713+0000] {logging_mixin.py:190} INFO - [2025-04-04T13:48:18.712+0000] {dagbag.py:588} INFO - Filling up the DagBag from /home/airflow/.local/lib/python3.12/site-packages/airflow/example_dags/example_python_operator.py
[2025-04-04T13:48:18.751+0000] {processor.py:925} INFO - DAG(s) 'example_python_operator' retrieved from /home/airflow/.local/lib/python3.12/site-packages/airflow/example_dags/example_python_operator.py
[2025-04-04T13:48:18.827+0000] {logging_mixin.py:190} INFO - [2025-04-04T13:48:18.827+0000] {dag.py:3239} INFO - Sync 1 DAGs
[2025-04-04T13:48:18.869+0000] {logging_mixin.py:190} INFO - [2025-04-04T13:48:18.868+0000] {dag.py:4180} INFO - Setting next_dagrun for example_python_operator to None, run_after=None
[2025-04-04T13:48:18.921+0000] {processor.py:208} INFO - Processing /home/airflow/.local/lib/python3.12/site-packages/airflow/example_dags/example_python_operator.py took 0.231 seconds
[2025-04-04T13:48:49.159+0000] {processor.py:186} INFO - Started process (PID=1532) to work on /home/airflow/.local/lib/python3.12/site-packages/airflow/example_dags/example_python_operator.py
[2025-04-04T13:48:49.161+0000] {processor.py:914} INFO - Processing file /home/airflow/.local/lib/python3.12/site-packages/airflow/example_dags/example_python_operator.py for tasks to queue
[2025-04-04T13:48:49.165+0000] {logging_mixin.py:190} INFO - [2025-04-04T13:48:49.164+0000] {dagbag.py:588} INFO - Filling up the DagBag from /home/airflow/.local/lib/python3.12/site-packages/airflow/example_dags/example_python_operator.py
[2025-04-04T13:48:49.190+0000] {processor.py:925} INFO - DAG(s) 'example_python_operator' retrieved from /home/airflow/.local/lib/python3.12/site-packages/airflow/example_dags/example_python_operator.py
[2025-04-04T13:48:49.230+0000] {logging_mixin.py:190} INFO - [2025-04-04T13:48:49.230+0000] {dag.py:3239} INFO - Sync 1 DAGs
[2025-04-04T13:48:49.261+0000] {logging_mixin.py:190} INFO - [2025-04-04T13:48:49.260+0000] {dag.py:4180} INFO - Setting next_dagrun for example_python_operator to None, run_after=None
[2025-04-04T13:48:49.304+0000] {processor.py:208} INFO - Processing /home/airflow/.local/lib/python3.12/site-packages/airflow/example_dags/example_python_operator.py took 0.155 seconds
[2025-04-04T13:49:22.692+0000] {processor.py:186} INFO - Started process (PID=1594) to work on /home/airflow/.local/lib/python3.12/site-packages/airflow/example_dags/example_python_operator.py
[2025-04-04T13:49:22.695+0000] {processor.py:914} INFO - Processing file /home/airflow/.local/lib/python3.12/site-packages/airflow/example_dags/example_python_operator.py for tasks to queue
[2025-04-04T13:49:22.702+0000] {logging_mixin.py:190} INFO - [2025-04-04T13:49:22.701+0000] {dagbag.py:588} INFO - Filling up the DagBag from /home/airflow/.local/lib/python3.12/site-packages/airflow/example_dags/example_python_operator.py
[2025-04-04T13:49:22.754+0000] {processor.py:925} INFO - DAG(s) 'example_python_operator' retrieved from /home/airflow/.local/lib/python3.12/site-packages/airflow/example_dags/example_python_operator.py
[2025-04-04T13:49:22.890+0000] {logging_mixin.py:190} INFO - [2025-04-04T13:49:22.890+0000] {dag.py:3239} INFO - Sync 1 DAGs
[2025-04-04T13:49:23.005+0000] {logging_mixin.py:190} INFO - [2025-04-04T13:49:23.005+0000] {dag.py:4180} INFO - Setting next_dagrun for example_python_operator to None, run_after=None
[2025-04-04T13:49:23.128+0000] {processor.py:208} INFO - Processing /home/airflow/.local/lib/python3.12/site-packages/airflow/example_dags/example_python_operator.py took 0.458 seconds
[2025-04-04T13:49:53.479+0000] {processor.py:186} INFO - Started process (PID=1657) to work on /home/airflow/.local/lib/python3.12/site-packages/airflow/example_dags/example_python_operator.py
[2025-04-04T13:49:53.481+0000] {processor.py:914} INFO - Processing file /home/airflow/.local/lib/python3.12/site-packages/airflow/example_dags/example_python_operator.py for tasks to queue
[2025-04-04T13:49:53.490+0000] {logging_mixin.py:190} INFO - [2025-04-04T13:49:53.486+0000] {dagbag.py:588} INFO - Filling up the DagBag from /home/airflow/.local/lib/python3.12/site-packages/airflow/example_dags/example_python_operator.py
[2025-04-04T13:49:53.534+0000] {processor.py:925} INFO - DAG(s) 'example_python_operator' retrieved from /home/airflow/.local/lib/python3.12/site-packages/airflow/example_dags/example_python_operator.py
[2025-04-04T13:49:53.638+0000] {logging_mixin.py:190} INFO - [2025-04-04T13:49:53.638+0000] {dag.py:3239} INFO - Sync 1 DAGs
[2025-04-04T13:49:53.716+0000] {logging_mixin.py:190} INFO - [2025-04-04T13:49:53.715+0000] {dag.py:4180} INFO - Setting next_dagrun for example_python_operator to None, run_after=None
[2025-04-04T13:49:53.825+0000] {processor.py:208} INFO - Processing /home/airflow/.local/lib/python3.12/site-packages/airflow/example_dags/example_python_operator.py took 0.366 seconds
[2025-04-04T13:50:24.772+0000] {processor.py:186} INFO - Started process (PID=1719) to work on /home/airflow/.local/lib/python3.12/site-packages/airflow/example_dags/example_python_operator.py
[2025-04-04T13:50:24.789+0000] {processor.py:914} INFO - Processing file /home/airflow/.local/lib/python3.12/site-packages/airflow/example_dags/example_python_operator.py for tasks to queue
[2025-04-04T13:50:24.795+0000] {logging_mixin.py:190} INFO - [2025-04-04T13:50:24.794+0000] {dagbag.py:588} INFO - Filling up the DagBag from /home/airflow/.local/lib/python3.12/site-packages/airflow/example_dags/example_python_operator.py
[2025-04-04T13:50:24.874+0000] {processor.py:925} INFO - DAG(s) 'example_python_operator' retrieved from /home/airflow/.local/lib/python3.12/site-packages/airflow/example_dags/example_python_operator.py
[2025-04-04T13:50:25.151+0000] {logging_mixin.py:190} INFO - [2025-04-04T13:50:25.150+0000] {dag.py:3239} INFO - Sync 1 DAGs
[2025-04-04T13:50:25.314+0000] {logging_mixin.py:190} INFO - [2025-04-04T13:50:25.313+0000] {dag.py:4180} INFO - Setting next_dagrun for example_python_operator to None, run_after=None
[2025-04-04T13:50:25.448+0000] {processor.py:208} INFO - Processing /home/airflow/.local/lib/python3.12/site-packages/airflow/example_dags/example_python_operator.py took 0.699 seconds
[2025-04-04T13:50:56.098+0000] {processor.py:186} INFO - Started process (PID=1788) to work on /home/airflow/.local/lib/python3.12/site-packages/airflow/example_dags/example_python_operator.py
[2025-04-04T13:50:56.100+0000] {processor.py:914} INFO - Processing file /home/airflow/.local/lib/python3.12/site-packages/airflow/example_dags/example_python_operator.py for tasks to queue
[2025-04-04T13:50:56.105+0000] {logging_mixin.py:190} INFO - [2025-04-04T13:50:56.105+0000] {dagbag.py:588} INFO - Filling up the DagBag from /home/airflow/.local/lib/python3.12/site-packages/airflow/example_dags/example_python_operator.py
[2025-04-04T13:50:56.149+0000] {processor.py:925} INFO - DAG(s) 'example_python_operator' retrieved from /home/airflow/.local/lib/python3.12/site-packages/airflow/example_dags/example_python_operator.py
[2025-04-04T13:50:56.189+0000] {logging_mixin.py:190} INFO - [2025-04-04T13:50:56.188+0000] {dag.py:3239} INFO - Sync 1 DAGs
[2025-04-04T13:50:56.219+0000] {logging_mixin.py:190} INFO - [2025-04-04T13:50:56.219+0000] {dag.py:4180} INFO - Setting next_dagrun for example_python_operator to None, run_after=None
[2025-04-04T13:50:56.257+0000] {processor.py:208} INFO - Processing /home/airflow/.local/lib/python3.12/site-packages/airflow/example_dags/example_python_operator.py took 0.171 seconds
[2025-04-04T13:51:26.660+0000] {processor.py:186} INFO - Started process (PID=1851) to work on /home/airflow/.local/lib/python3.12/site-packages/airflow/example_dags/example_python_operator.py
[2025-04-04T13:51:26.663+0000] {processor.py:914} INFO - Processing file /home/airflow/.local/lib/python3.12/site-packages/airflow/example_dags/example_python_operator.py for tasks to queue
[2025-04-04T13:51:26.676+0000] {logging_mixin.py:190} INFO - [2025-04-04T13:51:26.674+0000] {dagbag.py:588} INFO - Filling up the DagBag from /home/airflow/.local/lib/python3.12/site-packages/airflow/example_dags/example_python_operator.py
[2025-04-04T13:51:26.817+0000] {processor.py:925} INFO - DAG(s) 'example_python_operator' retrieved from /home/airflow/.local/lib/python3.12/site-packages/airflow/example_dags/example_python_operator.py
[2025-04-04T13:51:26.960+0000] {logging_mixin.py:190} INFO - [2025-04-04T13:51:26.959+0000] {dag.py:3239} INFO - Sync 1 DAGs
[2025-04-04T13:51:27.027+0000] {logging_mixin.py:190} INFO - [2025-04-04T13:51:27.022+0000] {dag.py:4180} INFO - Setting next_dagrun for example_python_operator to None, run_after=None
[2025-04-04T13:51:27.092+0000] {processor.py:208} INFO - Processing /home/airflow/.local/lib/python3.12/site-packages/airflow/example_dags/example_python_operator.py took 0.500 seconds
[2025-04-04T13:51:58.146+0000] {processor.py:186} INFO - Started process (PID=1914) to work on /home/airflow/.local/lib/python3.12/site-packages/airflow/example_dags/example_python_operator.py
[2025-04-04T13:51:58.148+0000] {processor.py:914} INFO - Processing file /home/airflow/.local/lib/python3.12/site-packages/airflow/example_dags/example_python_operator.py for tasks to queue
[2025-04-04T13:51:58.165+0000] {logging_mixin.py:190} INFO - [2025-04-04T13:51:58.157+0000] {dagbag.py:588} INFO - Filling up the DagBag from /home/airflow/.local/lib/python3.12/site-packages/airflow/example_dags/example_python_operator.py
[2025-04-04T13:51:58.230+0000] {processor.py:925} INFO - DAG(s) 'example_python_operator' retrieved from /home/airflow/.local/lib/python3.12/site-packages/airflow/example_dags/example_python_operator.py
[2025-04-04T13:51:58.400+0000] {logging_mixin.py:190} INFO - [2025-04-04T13:51:58.400+0000] {dag.py:3239} INFO - Sync 1 DAGs
[2025-04-04T13:51:58.465+0000] {logging_mixin.py:190} INFO - [2025-04-04T13:51:58.465+0000] {dag.py:4180} INFO - Setting next_dagrun for example_python_operator to None, run_after=None
[2025-04-04T13:51:58.525+0000] {processor.py:208} INFO - Processing /home/airflow/.local/lib/python3.12/site-packages/airflow/example_dags/example_python_operator.py took 0.416 seconds
[2025-04-04T13:52:28.883+0000] {processor.py:186} INFO - Started process (PID=1977) to work on /home/airflow/.local/lib/python3.12/site-packages/airflow/example_dags/example_python_operator.py
[2025-04-04T13:52:28.885+0000] {processor.py:914} INFO - Processing file /home/airflow/.local/lib/python3.12/site-packages/airflow/example_dags/example_python_operator.py for tasks to queue
[2025-04-04T13:52:28.889+0000] {logging_mixin.py:190} INFO - [2025-04-04T13:52:28.889+0000] {dagbag.py:588} INFO - Filling up the DagBag from /home/airflow/.local/lib/python3.12/site-packages/airflow/example_dags/example_python_operator.py
[2025-04-04T13:52:28.922+0000] {processor.py:925} INFO - DAG(s) 'example_python_operator' retrieved from /home/airflow/.local/lib/python3.12/site-packages/airflow/example_dags/example_python_operator.py
[2025-04-04T13:52:29.027+0000] {logging_mixin.py:190} INFO - [2025-04-04T13:52:29.027+0000] {dag.py:3239} INFO - Sync 1 DAGs
[2025-04-04T13:52:29.085+0000] {logging_mixin.py:190} INFO - [2025-04-04T13:52:29.084+0000] {dag.py:4180} INFO - Setting next_dagrun for example_python_operator to None, run_after=None
[2025-04-04T13:52:29.128+0000] {processor.py:208} INFO - Processing /home/airflow/.local/lib/python3.12/site-packages/airflow/example_dags/example_python_operator.py took 0.259 seconds
[2025-04-04T13:52:59.755+0000] {processor.py:186} INFO - Started process (PID=2040) to work on /home/airflow/.local/lib/python3.12/site-packages/airflow/example_dags/example_python_operator.py
[2025-04-04T13:52:59.757+0000] {processor.py:914} INFO - Processing file /home/airflow/.local/lib/python3.12/site-packages/airflow/example_dags/example_python_operator.py for tasks to queue
[2025-04-04T13:52:59.770+0000] {logging_mixin.py:190} INFO - [2025-04-04T13:52:59.769+0000] {dagbag.py:588} INFO - Filling up the DagBag from /home/airflow/.local/lib/python3.12/site-packages/airflow/example_dags/example_python_operator.py
[2025-04-04T13:52:59.809+0000] {processor.py:925} INFO - DAG(s) 'example_python_operator' retrieved from /home/airflow/.local/lib/python3.12/site-packages/airflow/example_dags/example_python_operator.py
[2025-04-04T13:52:59.864+0000] {logging_mixin.py:190} INFO - [2025-04-04T13:52:59.863+0000] {dag.py:3239} INFO - Sync 1 DAGs
[2025-04-04T13:52:59.901+0000] {logging_mixin.py:190} INFO - [2025-04-04T13:52:59.900+0000] {dag.py:4180} INFO - Setting next_dagrun for example_python_operator to None, run_after=None
[2025-04-04T13:52:59.977+0000] {processor.py:208} INFO - Processing /home/airflow/.local/lib/python3.12/site-packages/airflow/example_dags/example_python_operator.py took 0.242 seconds
[2025-04-04T13:53:31.364+0000] {processor.py:186} INFO - Started process (PID=2103) to work on /home/airflow/.local/lib/python3.12/site-packages/airflow/example_dags/example_python_operator.py
[2025-04-04T13:53:31.365+0000] {processor.py:914} INFO - Processing file /home/airflow/.local/lib/python3.12/site-packages/airflow/example_dags/example_python_operator.py for tasks to queue
[2025-04-04T13:53:31.370+0000] {logging_mixin.py:190} INFO - [2025-04-04T13:53:31.369+0000] {dagbag.py:588} INFO - Filling up the DagBag from /home/airflow/.local/lib/python3.12/site-packages/airflow/example_dags/example_python_operator.py
[2025-04-04T13:53:31.398+0000] {processor.py:925} INFO - DAG(s) 'example_python_operator' retrieved from /home/airflow/.local/lib/python3.12/site-packages/airflow/example_dags/example_python_operator.py
[2025-04-04T13:53:31.453+0000] {logging_mixin.py:190} INFO - [2025-04-04T13:53:31.453+0000] {dag.py:3239} INFO - Sync 1 DAGs
[2025-04-04T13:53:31.491+0000] {logging_mixin.py:190} INFO - [2025-04-04T13:53:31.490+0000] {dag.py:4180} INFO - Setting next_dagrun for example_python_operator to None, run_after=None
[2025-04-04T13:53:31.549+0000] {processor.py:208} INFO - Processing /home/airflow/.local/lib/python3.12/site-packages/airflow/example_dags/example_python_operator.py took 0.199 seconds
[2025-04-04T13:54:03.024+0000] {processor.py:186} INFO - Started process (PID=2167) to work on /home/airflow/.local/lib/python3.12/site-packages/airflow/example_dags/example_python_operator.py
[2025-04-04T13:54:03.026+0000] {processor.py:914} INFO - Processing file /home/airflow/.local/lib/python3.12/site-packages/airflow/example_dags/example_python_operator.py for tasks to queue
[2025-04-04T13:54:03.031+0000] {logging_mixin.py:190} INFO - [2025-04-04T13:54:03.030+0000] {dagbag.py:588} INFO - Filling up the DagBag from /home/airflow/.local/lib/python3.12/site-packages/airflow/example_dags/example_python_operator.py
[2025-04-04T13:54:03.061+0000] {processor.py:925} INFO - DAG(s) 'example_python_operator' retrieved from /home/airflow/.local/lib/python3.12/site-packages/airflow/example_dags/example_python_operator.py
[2025-04-04T13:54:03.116+0000] {logging_mixin.py:190} INFO - [2025-04-04T13:54:03.115+0000] {dag.py:3239} INFO - Sync 1 DAGs
[2025-04-04T13:54:03.160+0000] {logging_mixin.py:190} INFO - [2025-04-04T13:54:03.160+0000] {dag.py:4180} INFO - Setting next_dagrun for example_python_operator to None, run_after=None
[2025-04-04T13:54:03.204+0000] {processor.py:208} INFO - Processing /home/airflow/.local/lib/python3.12/site-packages/airflow/example_dags/example_python_operator.py took 0.191 seconds
[2025-04-04T13:54:34.104+0000] {processor.py:186} INFO - Started process (PID=2232) to work on /home/airflow/.local/lib/python3.12/site-packages/airflow/example_dags/example_python_operator.py
[2025-04-04T13:54:34.106+0000] {processor.py:914} INFO - Processing file /home/airflow/.local/lib/python3.12/site-packages/airflow/example_dags/example_python_operator.py for tasks to queue
[2025-04-04T13:54:34.111+0000] {logging_mixin.py:190} INFO - [2025-04-04T13:54:34.111+0000] {dagbag.py:588} INFO - Filling up the DagBag from /home/airflow/.local/lib/python3.12/site-packages/airflow/example_dags/example_python_operator.py
[2025-04-04T13:54:34.142+0000] {processor.py:925} INFO - DAG(s) 'example_python_operator' retrieved from /home/airflow/.local/lib/python3.12/site-packages/airflow/example_dags/example_python_operator.py
[2025-04-04T13:54:34.203+0000] {logging_mixin.py:190} INFO - [2025-04-04T13:54:34.202+0000] {dag.py:3239} INFO - Sync 1 DAGs
[2025-04-04T13:54:34.257+0000] {logging_mixin.py:190} INFO - [2025-04-04T13:54:34.256+0000] {dag.py:4180} INFO - Setting next_dagrun for example_python_operator to None, run_after=None
[2025-04-04T13:54:34.326+0000] {processor.py:208} INFO - Processing /home/airflow/.local/lib/python3.12/site-packages/airflow/example_dags/example_python_operator.py took 0.236 seconds
[2025-04-04T13:55:05.871+0000] {processor.py:186} INFO - Started process (PID=2294) to work on /home/airflow/.local/lib/python3.12/site-packages/airflow/example_dags/example_python_operator.py
[2025-04-04T13:55:05.872+0000] {processor.py:914} INFO - Processing file /home/airflow/.local/lib/python3.12/site-packages/airflow/example_dags/example_python_operator.py for tasks to queue
[2025-04-04T13:55:05.877+0000] {logging_mixin.py:190} INFO - [2025-04-04T13:55:05.876+0000] {dagbag.py:588} INFO - Filling up the DagBag from /home/airflow/.local/lib/python3.12/site-packages/airflow/example_dags/example_python_operator.py
[2025-04-04T13:55:05.916+0000] {processor.py:925} INFO - DAG(s) 'example_python_operator' retrieved from /home/airflow/.local/lib/python3.12/site-packages/airflow/example_dags/example_python_operator.py
[2025-04-04T13:55:05.987+0000] {logging_mixin.py:190} INFO - [2025-04-04T13:55:05.986+0000] {dag.py:3239} INFO - Sync 1 DAGs
[2025-04-04T13:55:06.027+0000] {logging_mixin.py:190} INFO - [2025-04-04T13:55:06.027+0000] {dag.py:4180} INFO - Setting next_dagrun for example_python_operator to None, run_after=None
[2025-04-04T13:55:06.086+0000] {processor.py:208} INFO - Processing /home/airflow/.local/lib/python3.12/site-packages/airflow/example_dags/example_python_operator.py took 0.232 seconds
[2025-04-04T13:55:36.751+0000] {processor.py:186} INFO - Started process (PID=2356) to work on /home/airflow/.local/lib/python3.12/site-packages/airflow/example_dags/example_python_operator.py
[2025-04-04T13:55:36.753+0000] {processor.py:914} INFO - Processing file /home/airflow/.local/lib/python3.12/site-packages/airflow/example_dags/example_python_operator.py for tasks to queue
[2025-04-04T13:55:36.757+0000] {logging_mixin.py:190} INFO - [2025-04-04T13:55:36.756+0000] {dagbag.py:588} INFO - Filling up the DagBag from /home/airflow/.local/lib/python3.12/site-packages/airflow/example_dags/example_python_operator.py
[2025-04-04T13:55:36.791+0000] {processor.py:925} INFO - DAG(s) 'example_python_operator' retrieved from /home/airflow/.local/lib/python3.12/site-packages/airflow/example_dags/example_python_operator.py
[2025-04-04T13:55:36.836+0000] {logging_mixin.py:190} INFO - [2025-04-04T13:55:36.835+0000] {dag.py:3239} INFO - Sync 1 DAGs
[2025-04-04T13:55:36.872+0000] {logging_mixin.py:190} INFO - [2025-04-04T13:55:36.871+0000] {dag.py:4180} INFO - Setting next_dagrun for example_python_operator to None, run_after=None
[2025-04-04T13:55:36.918+0000] {processor.py:208} INFO - Processing /home/airflow/.local/lib/python3.12/site-packages/airflow/example_dags/example_python_operator.py took 0.184 seconds
[2025-04-04T13:56:09.303+0000] {processor.py:186} INFO - Started process (PID=2418) to work on /home/airflow/.local/lib/python3.12/site-packages/airflow/example_dags/example_python_operator.py
[2025-04-04T13:56:09.305+0000] {processor.py:914} INFO - Processing file /home/airflow/.local/lib/python3.12/site-packages/airflow/example_dags/example_python_operator.py for tasks to queue
[2025-04-04T13:56:09.311+0000] {logging_mixin.py:190} INFO - [2025-04-04T13:56:09.310+0000] {dagbag.py:588} INFO - Filling up the DagBag from /home/airflow/.local/lib/python3.12/site-packages/airflow/example_dags/example_python_operator.py
[2025-04-04T13:56:09.337+0000] {processor.py:925} INFO - DAG(s) 'example_python_operator' retrieved from /home/airflow/.local/lib/python3.12/site-packages/airflow/example_dags/example_python_operator.py
[2025-04-04T13:56:09.398+0000] {logging_mixin.py:190} INFO - [2025-04-04T13:56:09.396+0000] {dag.py:3239} INFO - Sync 1 DAGs
[2025-04-04T13:56:09.440+0000] {logging_mixin.py:190} INFO - [2025-04-04T13:56:09.440+0000] {dag.py:4180} INFO - Setting next_dagrun for example_python_operator to None, run_after=None
[2025-04-04T13:56:09.479+0000] {processor.py:208} INFO - Processing /home/airflow/.local/lib/python3.12/site-packages/airflow/example_dags/example_python_operator.py took 0.193 seconds
[2025-04-04T13:56:40.397+0000] {processor.py:186} INFO - Started process (PID=2482) to work on /home/airflow/.local/lib/python3.12/site-packages/airflow/example_dags/example_python_operator.py
[2025-04-04T13:56:40.398+0000] {processor.py:914} INFO - Processing file /home/airflow/.local/lib/python3.12/site-packages/airflow/example_dags/example_python_operator.py for tasks to queue
[2025-04-04T13:56:40.403+0000] {logging_mixin.py:190} INFO - [2025-04-04T13:56:40.402+0000] {dagbag.py:588} INFO - Filling up the DagBag from /home/airflow/.local/lib/python3.12/site-packages/airflow/example_dags/example_python_operator.py
[2025-04-04T13:56:40.439+0000] {processor.py:925} INFO - DAG(s) 'example_python_operator' retrieved from /home/airflow/.local/lib/python3.12/site-packages/airflow/example_dags/example_python_operator.py
[2025-04-04T13:56:40.501+0000] {logging_mixin.py:190} INFO - [2025-04-04T13:56:40.501+0000] {dag.py:3239} INFO - Sync 1 DAGs
[2025-04-04T13:56:40.555+0000] {logging_mixin.py:190} INFO - [2025-04-04T13:56:40.554+0000] {dag.py:4180} INFO - Setting next_dagrun for example_python_operator to None, run_after=None
[2025-04-04T13:56:40.611+0000] {processor.py:208} INFO - Processing /home/airflow/.local/lib/python3.12/site-packages/airflow/example_dags/example_python_operator.py took 0.225 seconds
[2025-04-04T13:57:11.909+0000] {processor.py:186} INFO - Started process (PID=2546) to work on /home/airflow/.local/lib/python3.12/site-packages/airflow/example_dags/example_python_operator.py
[2025-04-04T13:57:11.911+0000] {processor.py:914} INFO - Processing file /home/airflow/.local/lib/python3.12/site-packages/airflow/example_dags/example_python_operator.py for tasks to queue
[2025-04-04T13:57:11.915+0000] {logging_mixin.py:190} INFO - [2025-04-04T13:57:11.914+0000] {dagbag.py:588} INFO - Filling up the DagBag from /home/airflow/.local/lib/python3.12/site-packages/airflow/example_dags/example_python_operator.py
[2025-04-04T13:57:11.940+0000] {processor.py:925} INFO - DAG(s) 'example_python_operator' retrieved from /home/airflow/.local/lib/python3.12/site-packages/airflow/example_dags/example_python_operator.py
[2025-04-04T13:57:11.995+0000] {logging_mixin.py:190} INFO - [2025-04-04T13:57:11.994+0000] {dag.py:3239} INFO - Sync 1 DAGs
[2025-04-04T13:57:12.050+0000] {logging_mixin.py:190} INFO - [2025-04-04T13:57:12.049+0000] {dag.py:4180} INFO - Setting next_dagrun for example_python_operator to None, run_after=None
[2025-04-04T13:57:12.094+0000] {processor.py:208} INFO - Processing /home/airflow/.local/lib/python3.12/site-packages/airflow/example_dags/example_python_operator.py took 0.199 seconds
[2025-04-04T13:57:45.435+0000] {processor.py:186} INFO - Started process (PID=2610) to work on /home/airflow/.local/lib/python3.12/site-packages/airflow/example_dags/example_python_operator.py
[2025-04-04T13:57:45.441+0000] {processor.py:914} INFO - Processing file /home/airflow/.local/lib/python3.12/site-packages/airflow/example_dags/example_python_operator.py for tasks to queue
[2025-04-04T13:57:45.464+0000] {logging_mixin.py:190} INFO - [2025-04-04T13:57:45.460+0000] {dagbag.py:588} INFO - Filling up the DagBag from /home/airflow/.local/lib/python3.12/site-packages/airflow/example_dags/example_python_operator.py
[2025-04-04T13:57:45.564+0000] {processor.py:925} INFO - DAG(s) 'example_python_operator' retrieved from /home/airflow/.local/lib/python3.12/site-packages/airflow/example_dags/example_python_operator.py
[2025-04-04T13:57:45.770+0000] {logging_mixin.py:190} INFO - [2025-04-04T13:57:45.767+0000] {dag.py:3239} INFO - Sync 1 DAGs
[2025-04-04T13:57:45.906+0000] {logging_mixin.py:190} INFO - [2025-04-04T13:57:45.905+0000] {dag.py:4180} INFO - Setting next_dagrun for example_python_operator to None, run_after=None
[2025-04-04T13:57:46.147+0000] {processor.py:208} INFO - Processing /home/airflow/.local/lib/python3.12/site-packages/airflow/example_dags/example_python_operator.py took 0.765 seconds
[2025-04-04T13:58:17.784+0000] {processor.py:186} INFO - Started process (PID=2673) to work on /home/airflow/.local/lib/python3.12/site-packages/airflow/example_dags/example_python_operator.py
[2025-04-04T13:58:17.786+0000] {processor.py:914} INFO - Processing file /home/airflow/.local/lib/python3.12/site-packages/airflow/example_dags/example_python_operator.py for tasks to queue
[2025-04-04T13:58:17.790+0000] {logging_mixin.py:190} INFO - [2025-04-04T13:58:17.789+0000] {dagbag.py:588} INFO - Filling up the DagBag from /home/airflow/.local/lib/python3.12/site-packages/airflow/example_dags/example_python_operator.py
[2025-04-04T13:58:17.817+0000] {processor.py:925} INFO - DAG(s) 'example_python_operator' retrieved from /home/airflow/.local/lib/python3.12/site-packages/airflow/example_dags/example_python_operator.py
[2025-04-04T13:58:17.932+0000] {logging_mixin.py:190} INFO - [2025-04-04T13:58:17.932+0000] {dag.py:3239} INFO - Sync 1 DAGs
[2025-04-04T13:58:18.016+0000] {logging_mixin.py:190} INFO - [2025-04-04T13:58:18.015+0000] {dag.py:4180} INFO - Setting next_dagrun for example_python_operator to None, run_after=None
[2025-04-04T13:58:18.072+0000] {processor.py:208} INFO - Processing /home/airflow/.local/lib/python3.12/site-packages/airflow/example_dags/example_python_operator.py took 0.302 seconds
[2025-04-04T13:58:53.563+0000] {processor.py:186} INFO - Started process (PID=2736) to work on /home/airflow/.local/lib/python3.12/site-packages/airflow/example_dags/example_python_operator.py
[2025-04-04T13:58:53.590+0000] {processor.py:914} INFO - Processing file /home/airflow/.local/lib/python3.12/site-packages/airflow/example_dags/example_python_operator.py for tasks to queue
[2025-04-04T13:58:53.598+0000] {logging_mixin.py:190} INFO - [2025-04-04T13:58:53.597+0000] {dagbag.py:588} INFO - Filling up the DagBag from /home/airflow/.local/lib/python3.12/site-packages/airflow/example_dags/example_python_operator.py
[2025-04-04T13:58:53.654+0000] {processor.py:925} INFO - DAG(s) 'example_python_operator' retrieved from /home/airflow/.local/lib/python3.12/site-packages/airflow/example_dags/example_python_operator.py
[2025-04-04T13:58:53.719+0000] {logging_mixin.py:190} INFO - [2025-04-04T13:58:53.718+0000] {dag.py:3239} INFO - Sync 1 DAGs
[2025-04-04T13:58:53.773+0000] {logging_mixin.py:190} INFO - [2025-04-04T13:58:53.772+0000] {dag.py:4180} INFO - Setting next_dagrun for example_python_operator to None, run_after=None
[2025-04-04T13:58:53.826+0000] {processor.py:208} INFO - Processing /home/airflow/.local/lib/python3.12/site-packages/airflow/example_dags/example_python_operator.py took 0.285 seconds
