[2025-04-04T13:36:32.294+0000] {processor.py:186} INFO - Started process (PID=89) to work on /home/airflow/.local/lib/python3.12/site-packages/airflow/example_dags/example_xcom.py
[2025-04-04T13:36:32.299+0000] {processor.py:914} INFO - Processing file /home/airflow/.local/lib/python3.12/site-packages/airflow/example_dags/example_xcom.py for tasks to queue
[2025-04-04T13:36:32.325+0000] {logging_mixin.py:190} INFO - [2025-04-04T13:36:32.304+0000] {dagbag.py:588} INFO - Filling up the DagBag from /home/airflow/.local/lib/python3.12/site-packages/airflow/example_dags/example_xcom.py
[2025-04-04T13:36:32.368+0000] {processor.py:925} INFO - DAG(s) 'example_xcom' retrieved from /home/airflow/.local/lib/python3.12/site-packages/airflow/example_dags/example_xcom.py
[2025-04-04T13:36:32.773+0000] {logging_mixin.py:190} INFO - [2025-04-04T13:36:32.771+0000] {override.py:1912} INFO - Created Permission View: can edit on DAG:example_xcom
[2025-04-04T13:36:32.835+0000] {logging_mixin.py:190} INFO - [2025-04-04T13:36:32.834+0000] {override.py:1912} INFO - Created Permission View: can delete on DAG:example_xcom
[2025-04-04T13:36:32.862+0000] {logging_mixin.py:190} INFO - [2025-04-04T13:36:32.861+0000] {override.py:1912} INFO - Created Permission View: can read on DAG:example_xcom
[2025-04-04T13:36:32.895+0000] {logging_mixin.py:190} INFO - [2025-04-04T13:36:32.894+0000] {override.py:1912} INFO - Created Permission View: can delete on DAG Run:example_xcom
[2025-04-04T13:36:32.936+0000] {logging_mixin.py:190} INFO - [2025-04-04T13:36:32.936+0000] {override.py:1912} INFO - Created Permission View: can read on DAG Run:example_xcom
[2025-04-04T13:36:32.990+0000] {logging_mixin.py:190} INFO - [2025-04-04T13:36:32.989+0000] {override.py:1912} INFO - Created Permission View: can create on DAG Run:example_xcom
[2025-04-04T13:36:33.023+0000] {logging_mixin.py:190} INFO - [2025-04-04T13:36:33.022+0000] {override.py:1912} INFO - Created Permission View: menu access on DAG Run:example_xcom
[2025-04-04T13:36:33.024+0000] {logging_mixin.py:190} INFO - [2025-04-04T13:36:33.024+0000] {dag.py:3239} INFO - Sync 1 DAGs
[2025-04-04T13:36:33.066+0000] {logging_mixin.py:190} INFO - [2025-04-04T13:36:33.065+0000] {dag.py:3262} INFO - Creating ORM DAG for example_xcom
[2025-04-04T13:36:33.091+0000] {logging_mixin.py:190} INFO - [2025-04-04T13:36:33.091+0000] {dag.py:4180} INFO - Setting next_dagrun for example_xcom to 2021-01-01 00:00:00+00:00, run_after=2021-01-01 00:00:00+00:00
[2025-04-04T13:36:33.158+0000] {processor.py:208} INFO - Processing /home/airflow/.local/lib/python3.12/site-packages/airflow/example_dags/example_xcom.py took 0.879 seconds
[2025-04-04T13:37:03.913+0000] {processor.py:186} INFO - Started process (PID=152) to work on /home/airflow/.local/lib/python3.12/site-packages/airflow/example_dags/example_xcom.py
[2025-04-04T13:37:03.926+0000] {processor.py:914} INFO - Processing file /home/airflow/.local/lib/python3.12/site-packages/airflow/example_dags/example_xcom.py for tasks to queue
[2025-04-04T13:37:03.953+0000] {logging_mixin.py:190} INFO - [2025-04-04T13:37:03.952+0000] {dagbag.py:588} INFO - Filling up the DagBag from /home/airflow/.local/lib/python3.12/site-packages/airflow/example_dags/example_xcom.py
[2025-04-04T13:37:04.032+0000] {processor.py:925} INFO - DAG(s) 'example_xcom' retrieved from /home/airflow/.local/lib/python3.12/site-packages/airflow/example_dags/example_xcom.py
[2025-04-04T13:37:04.171+0000] {logging_mixin.py:190} INFO - [2025-04-04T13:37:04.170+0000] {dag.py:3239} INFO - Sync 1 DAGs
[2025-04-04T13:37:04.401+0000] {logging_mixin.py:190} INFO - [2025-04-04T13:37:04.400+0000] {dag.py:4180} INFO - Setting next_dagrun for example_xcom to 2021-01-01 00:00:00+00:00, run_after=2021-01-01 00:00:00+00:00
[2025-04-04T13:37:04.527+0000] {processor.py:208} INFO - Processing /home/airflow/.local/lib/python3.12/site-packages/airflow/example_dags/example_xcom.py took 0.668 seconds
[2025-04-04T13:37:34.959+0000] {processor.py:186} INFO - Started process (PID=215) to work on /home/airflow/.local/lib/python3.12/site-packages/airflow/example_dags/example_xcom.py
[2025-04-04T13:37:34.961+0000] {processor.py:914} INFO - Processing file /home/airflow/.local/lib/python3.12/site-packages/airflow/example_dags/example_xcom.py for tasks to queue
[2025-04-04T13:37:34.966+0000] {logging_mixin.py:190} INFO - [2025-04-04T13:37:34.966+0000] {dagbag.py:588} INFO - Filling up the DagBag from /home/airflow/.local/lib/python3.12/site-packages/airflow/example_dags/example_xcom.py
[2025-04-04T13:37:34.989+0000] {processor.py:925} INFO - DAG(s) 'example_xcom' retrieved from /home/airflow/.local/lib/python3.12/site-packages/airflow/example_dags/example_xcom.py
[2025-04-04T13:37:35.028+0000] {logging_mixin.py:190} INFO - [2025-04-04T13:37:35.028+0000] {dag.py:3239} INFO - Sync 1 DAGs
[2025-04-04T13:37:35.077+0000] {logging_mixin.py:190} INFO - [2025-04-04T13:37:35.076+0000] {dag.py:4180} INFO - Setting next_dagrun for example_xcom to 2021-01-01 00:00:00+00:00, run_after=2021-01-01 00:00:00+00:00
[2025-04-04T13:37:35.112+0000] {processor.py:208} INFO - Processing /home/airflow/.local/lib/python3.12/site-packages/airflow/example_dags/example_xcom.py took 0.169 seconds
[2025-04-04T13:38:05.940+0000] {processor.py:186} INFO - Started process (PID=278) to work on /home/airflow/.local/lib/python3.12/site-packages/airflow/example_dags/example_xcom.py
[2025-04-04T13:38:05.941+0000] {processor.py:914} INFO - Processing file /home/airflow/.local/lib/python3.12/site-packages/airflow/example_dags/example_xcom.py for tasks to queue
[2025-04-04T13:38:05.946+0000] {logging_mixin.py:190} INFO - [2025-04-04T13:38:05.945+0000] {dagbag.py:588} INFO - Filling up the DagBag from /home/airflow/.local/lib/python3.12/site-packages/airflow/example_dags/example_xcom.py
[2025-04-04T13:38:05.962+0000] {processor.py:925} INFO - DAG(s) 'example_xcom' retrieved from /home/airflow/.local/lib/python3.12/site-packages/airflow/example_dags/example_xcom.py
[2025-04-04T13:38:06.003+0000] {logging_mixin.py:190} INFO - [2025-04-04T13:38:06.003+0000] {dag.py:3239} INFO - Sync 1 DAGs
[2025-04-04T13:38:06.045+0000] {logging_mixin.py:190} INFO - [2025-04-04T13:38:06.044+0000] {dag.py:4180} INFO - Setting next_dagrun for example_xcom to 2021-01-01 00:00:00+00:00, run_after=2021-01-01 00:00:00+00:00
[2025-04-04T13:38:06.078+0000] {processor.py:208} INFO - Processing /home/airflow/.local/lib/python3.12/site-packages/airflow/example_dags/example_xcom.py took 0.150 seconds
[2025-04-04T13:38:37.079+0000] {processor.py:186} INFO - Started process (PID=341) to work on /home/airflow/.local/lib/python3.12/site-packages/airflow/example_dags/example_xcom.py
[2025-04-04T13:38:37.081+0000] {processor.py:914} INFO - Processing file /home/airflow/.local/lib/python3.12/site-packages/airflow/example_dags/example_xcom.py for tasks to queue
[2025-04-04T13:38:37.087+0000] {logging_mixin.py:190} INFO - [2025-04-04T13:38:37.086+0000] {dagbag.py:588} INFO - Filling up the DagBag from /home/airflow/.local/lib/python3.12/site-packages/airflow/example_dags/example_xcom.py
[2025-04-04T13:38:37.102+0000] {processor.py:925} INFO - DAG(s) 'example_xcom' retrieved from /home/airflow/.local/lib/python3.12/site-packages/airflow/example_dags/example_xcom.py
[2025-04-04T13:38:37.174+0000] {logging_mixin.py:190} INFO - [2025-04-04T13:38:37.174+0000] {dag.py:3239} INFO - Sync 1 DAGs
[2025-04-04T13:38:37.227+0000] {logging_mixin.py:190} INFO - [2025-04-04T13:38:37.227+0000] {dag.py:4180} INFO - Setting next_dagrun for example_xcom to 2021-01-01 00:00:00+00:00, run_after=2021-01-01 00:00:00+00:00
[2025-04-04T13:38:37.273+0000] {processor.py:208} INFO - Processing /home/airflow/.local/lib/python3.12/site-packages/airflow/example_dags/example_xcom.py took 0.204 seconds
[2025-04-04T13:39:10.526+0000] {processor.py:186} INFO - Started process (PID=404) to work on /home/airflow/.local/lib/python3.12/site-packages/airflow/example_dags/example_xcom.py
[2025-04-04T13:39:10.534+0000] {processor.py:914} INFO - Processing file /home/airflow/.local/lib/python3.12/site-packages/airflow/example_dags/example_xcom.py for tasks to queue
[2025-04-04T13:39:10.577+0000] {logging_mixin.py:190} INFO - [2025-04-04T13:39:10.575+0000] {dagbag.py:588} INFO - Filling up the DagBag from /home/airflow/.local/lib/python3.12/site-packages/airflow/example_dags/example_xcom.py
[2025-04-04T13:39:10.694+0000] {processor.py:925} INFO - DAG(s) 'example_xcom' retrieved from /home/airflow/.local/lib/python3.12/site-packages/airflow/example_dags/example_xcom.py
[2025-04-04T13:39:11.000+0000] {logging_mixin.py:190} INFO - [2025-04-04T13:39:10.999+0000] {dag.py:3239} INFO - Sync 1 DAGs
[2025-04-04T13:39:11.188+0000] {logging_mixin.py:190} INFO - [2025-04-04T13:39:11.187+0000] {dag.py:4180} INFO - Setting next_dagrun for example_xcom to 2021-01-01 00:00:00+00:00, run_after=2021-01-01 00:00:00+00:00
[2025-04-04T13:39:11.285+0000] {processor.py:208} INFO - Processing /home/airflow/.local/lib/python3.12/site-packages/airflow/example_dags/example_xcom.py took 0.810 seconds
[2025-04-04T13:39:47.672+0000] {processor.py:186} INFO - Started process (PID=457) to work on /home/airflow/.local/lib/python3.12/site-packages/airflow/example_dags/example_xcom.py
[2025-04-04T13:39:47.674+0000] {processor.py:914} INFO - Processing file /home/airflow/.local/lib/python3.12/site-packages/airflow/example_dags/example_xcom.py for tasks to queue
[2025-04-04T13:39:47.683+0000] {logging_mixin.py:190} INFO - [2025-04-04T13:39:47.682+0000] {dagbag.py:588} INFO - Filling up the DagBag from /home/airflow/.local/lib/python3.12/site-packages/airflow/example_dags/example_xcom.py
[2025-04-04T13:39:47.726+0000] {processor.py:925} INFO - DAG(s) 'example_xcom' retrieved from /home/airflow/.local/lib/python3.12/site-packages/airflow/example_dags/example_xcom.py
[2025-04-04T13:39:47.817+0000] {logging_mixin.py:190} INFO - [2025-04-04T13:39:47.816+0000] {dag.py:3239} INFO - Sync 1 DAGs
[2025-04-04T13:39:47.984+0000] {logging_mixin.py:190} INFO - [2025-04-04T13:39:47.983+0000] {dag.py:4180} INFO - Setting next_dagrun for example_xcom to 2021-01-01 00:00:00+00:00, run_after=2021-01-01 00:00:00+00:00
[2025-04-04T13:39:48.095+0000] {processor.py:208} INFO - Processing /home/airflow/.local/lib/python3.12/site-packages/airflow/example_dags/example_xcom.py took 0.437 seconds
[2025-04-04T13:40:18.369+0000] {processor.py:186} INFO - Started process (PID=521) to work on /home/airflow/.local/lib/python3.12/site-packages/airflow/example_dags/example_xcom.py
[2025-04-04T13:40:18.374+0000] {processor.py:914} INFO - Processing file /home/airflow/.local/lib/python3.12/site-packages/airflow/example_dags/example_xcom.py for tasks to queue
[2025-04-04T13:40:18.382+0000] {logging_mixin.py:190} INFO - [2025-04-04T13:40:18.382+0000] {dagbag.py:588} INFO - Filling up the DagBag from /home/airflow/.local/lib/python3.12/site-packages/airflow/example_dags/example_xcom.py
[2025-04-04T13:40:18.423+0000] {processor.py:925} INFO - DAG(s) 'example_xcom' retrieved from /home/airflow/.local/lib/python3.12/site-packages/airflow/example_dags/example_xcom.py
[2025-04-04T13:40:18.546+0000] {logging_mixin.py:190} INFO - [2025-04-04T13:40:18.541+0000] {dag.py:3239} INFO - Sync 1 DAGs
[2025-04-04T13:40:18.682+0000] {logging_mixin.py:190} INFO - [2025-04-04T13:40:18.681+0000] {dag.py:4180} INFO - Setting next_dagrun for example_xcom to 2021-01-01 00:00:00+00:00, run_after=2021-01-01 00:00:00+00:00
[2025-04-04T13:40:18.787+0000] {processor.py:208} INFO - Processing /home/airflow/.local/lib/python3.12/site-packages/airflow/example_dags/example_xcom.py took 0.442 seconds
[2025-04-04T13:40:48.989+0000] {processor.py:186} INFO - Started process (PID=584) to work on /home/airflow/.local/lib/python3.12/site-packages/airflow/example_dags/example_xcom.py
[2025-04-04T13:40:48.991+0000] {processor.py:914} INFO - Processing file /home/airflow/.local/lib/python3.12/site-packages/airflow/example_dags/example_xcom.py for tasks to queue
[2025-04-04T13:40:48.994+0000] {logging_mixin.py:190} INFO - [2025-04-04T13:40:48.994+0000] {dagbag.py:588} INFO - Filling up the DagBag from /home/airflow/.local/lib/python3.12/site-packages/airflow/example_dags/example_xcom.py
[2025-04-04T13:40:49.008+0000] {processor.py:925} INFO - DAG(s) 'example_xcom' retrieved from /home/airflow/.local/lib/python3.12/site-packages/airflow/example_dags/example_xcom.py
[2025-04-04T13:40:49.043+0000] {logging_mixin.py:190} INFO - [2025-04-04T13:40:49.042+0000] {dag.py:3239} INFO - Sync 1 DAGs
[2025-04-04T13:40:49.090+0000] {logging_mixin.py:190} INFO - [2025-04-04T13:40:49.090+0000] {dag.py:4180} INFO - Setting next_dagrun for example_xcom to 2021-01-01 00:00:00+00:00, run_after=2021-01-01 00:00:00+00:00
[2025-04-04T13:40:49.135+0000] {processor.py:208} INFO - Processing /home/airflow/.local/lib/python3.12/site-packages/airflow/example_dags/example_xcom.py took 0.155 seconds
[2025-04-04T13:41:20.518+0000] {processor.py:186} INFO - Started process (PID=647) to work on /home/airflow/.local/lib/python3.12/site-packages/airflow/example_dags/example_xcom.py
[2025-04-04T13:41:20.524+0000] {processor.py:914} INFO - Processing file /home/airflow/.local/lib/python3.12/site-packages/airflow/example_dags/example_xcom.py for tasks to queue
[2025-04-04T13:41:20.535+0000] {logging_mixin.py:190} INFO - [2025-04-04T13:41:20.534+0000] {dagbag.py:588} INFO - Filling up the DagBag from /home/airflow/.local/lib/python3.12/site-packages/airflow/example_dags/example_xcom.py
[2025-04-04T13:41:20.570+0000] {processor.py:925} INFO - DAG(s) 'example_xcom' retrieved from /home/airflow/.local/lib/python3.12/site-packages/airflow/example_dags/example_xcom.py
[2025-04-04T13:41:20.643+0000] {logging_mixin.py:190} INFO - [2025-04-04T13:41:20.641+0000] {dag.py:3239} INFO - Sync 1 DAGs
[2025-04-04T13:41:20.723+0000] {logging_mixin.py:190} INFO - [2025-04-04T13:41:20.722+0000] {dag.py:4180} INFO - Setting next_dagrun for example_xcom to 2021-01-01 00:00:00+00:00, run_after=2021-01-01 00:00:00+00:00
[2025-04-04T13:41:20.773+0000] {processor.py:208} INFO - Processing /home/airflow/.local/lib/python3.12/site-packages/airflow/example_dags/example_xcom.py took 0.275 seconds
[2025-04-04T13:41:51.015+0000] {processor.py:186} INFO - Started process (PID=709) to work on /home/airflow/.local/lib/python3.12/site-packages/airflow/example_dags/example_xcom.py
[2025-04-04T13:41:51.017+0000] {processor.py:914} INFO - Processing file /home/airflow/.local/lib/python3.12/site-packages/airflow/example_dags/example_xcom.py for tasks to queue
[2025-04-04T13:41:51.022+0000] {logging_mixin.py:190} INFO - [2025-04-04T13:41:51.021+0000] {dagbag.py:588} INFO - Filling up the DagBag from /home/airflow/.local/lib/python3.12/site-packages/airflow/example_dags/example_xcom.py
[2025-04-04T13:41:51.042+0000] {processor.py:925} INFO - DAG(s) 'example_xcom' retrieved from /home/airflow/.local/lib/python3.12/site-packages/airflow/example_dags/example_xcom.py
[2025-04-04T13:41:51.080+0000] {logging_mixin.py:190} INFO - [2025-04-04T13:41:51.080+0000] {dag.py:3239} INFO - Sync 1 DAGs
[2025-04-04T13:41:51.133+0000] {logging_mixin.py:190} INFO - [2025-04-04T13:41:51.132+0000] {dag.py:4180} INFO - Setting next_dagrun for example_xcom to 2021-01-01 00:00:00+00:00, run_after=2021-01-01 00:00:00+00:00
[2025-04-04T13:41:51.178+0000] {processor.py:208} INFO - Processing /home/airflow/.local/lib/python3.12/site-packages/airflow/example_dags/example_xcom.py took 0.174 seconds
[2025-04-04T13:42:21.396+0000] {processor.py:186} INFO - Started process (PID=771) to work on /home/airflow/.local/lib/python3.12/site-packages/airflow/example_dags/example_xcom.py
[2025-04-04T13:42:21.398+0000] {processor.py:914} INFO - Processing file /home/airflow/.local/lib/python3.12/site-packages/airflow/example_dags/example_xcom.py for tasks to queue
[2025-04-04T13:42:21.404+0000] {logging_mixin.py:190} INFO - [2025-04-04T13:42:21.403+0000] {dagbag.py:588} INFO - Filling up the DagBag from /home/airflow/.local/lib/python3.12/site-packages/airflow/example_dags/example_xcom.py
[2025-04-04T13:42:21.435+0000] {processor.py:925} INFO - DAG(s) 'example_xcom' retrieved from /home/airflow/.local/lib/python3.12/site-packages/airflow/example_dags/example_xcom.py
[2025-04-04T13:42:21.506+0000] {logging_mixin.py:190} INFO - [2025-04-04T13:42:21.506+0000] {dag.py:3239} INFO - Sync 1 DAGs
[2025-04-04T13:42:21.600+0000] {logging_mixin.py:190} INFO - [2025-04-04T13:42:21.599+0000] {dag.py:4180} INFO - Setting next_dagrun for example_xcom to 2021-01-01 00:00:00+00:00, run_after=2021-01-01 00:00:00+00:00
[2025-04-04T13:42:21.665+0000] {processor.py:208} INFO - Processing /home/airflow/.local/lib/python3.12/site-packages/airflow/example_dags/example_xcom.py took 0.289 seconds
[2025-04-04T13:42:52.203+0000] {processor.py:186} INFO - Started process (PID=834) to work on /home/airflow/.local/lib/python3.12/site-packages/airflow/example_dags/example_xcom.py
[2025-04-04T13:42:52.211+0000] {processor.py:914} INFO - Processing file /home/airflow/.local/lib/python3.12/site-packages/airflow/example_dags/example_xcom.py for tasks to queue
[2025-04-04T13:42:52.220+0000] {logging_mixin.py:190} INFO - [2025-04-04T13:42:52.218+0000] {dagbag.py:588} INFO - Filling up the DagBag from /home/airflow/.local/lib/python3.12/site-packages/airflow/example_dags/example_xcom.py
[2025-04-04T13:42:52.256+0000] {processor.py:925} INFO - DAG(s) 'example_xcom' retrieved from /home/airflow/.local/lib/python3.12/site-packages/airflow/example_dags/example_xcom.py
[2025-04-04T13:42:52.317+0000] {logging_mixin.py:190} INFO - [2025-04-04T13:42:52.317+0000] {dag.py:3239} INFO - Sync 1 DAGs
[2025-04-04T13:42:52.417+0000] {logging_mixin.py:190} INFO - [2025-04-04T13:42:52.417+0000] {dag.py:4180} INFO - Setting next_dagrun for example_xcom to 2021-01-01 00:00:00+00:00, run_after=2021-01-01 00:00:00+00:00
[2025-04-04T13:42:52.474+0000] {processor.py:208} INFO - Processing /home/airflow/.local/lib/python3.12/site-packages/airflow/example_dags/example_xcom.py took 0.294 seconds
[2025-04-04T13:43:22.704+0000] {processor.py:186} INFO - Started process (PID=897) to work on /home/airflow/.local/lib/python3.12/site-packages/airflow/example_dags/example_xcom.py
[2025-04-04T13:43:22.707+0000] {processor.py:914} INFO - Processing file /home/airflow/.local/lib/python3.12/site-packages/airflow/example_dags/example_xcom.py for tasks to queue
[2025-04-04T13:43:22.721+0000] {logging_mixin.py:190} INFO - [2025-04-04T13:43:22.720+0000] {dagbag.py:588} INFO - Filling up the DagBag from /home/airflow/.local/lib/python3.12/site-packages/airflow/example_dags/example_xcom.py
[2025-04-04T13:43:22.792+0000] {processor.py:925} INFO - DAG(s) 'example_xcom' retrieved from /home/airflow/.local/lib/python3.12/site-packages/airflow/example_dags/example_xcom.py
[2025-04-04T13:43:22.947+0000] {logging_mixin.py:190} INFO - [2025-04-04T13:43:22.941+0000] {dag.py:3239} INFO - Sync 1 DAGs
[2025-04-04T13:43:23.034+0000] {logging_mixin.py:190} INFO - [2025-04-04T13:43:23.034+0000] {dag.py:4180} INFO - Setting next_dagrun for example_xcom to 2021-01-01 00:00:00+00:00, run_after=2021-01-01 00:00:00+00:00
[2025-04-04T13:43:23.094+0000] {processor.py:208} INFO - Processing /home/airflow/.local/lib/python3.12/site-packages/airflow/example_dags/example_xcom.py took 0.413 seconds
[2025-04-04T13:43:54.780+0000] {processor.py:186} INFO - Started process (PID=965) to work on /home/airflow/.local/lib/python3.12/site-packages/airflow/example_dags/example_xcom.py
[2025-04-04T13:43:54.782+0000] {processor.py:914} INFO - Processing file /home/airflow/.local/lib/python3.12/site-packages/airflow/example_dags/example_xcom.py for tasks to queue
[2025-04-04T13:43:54.788+0000] {logging_mixin.py:190} INFO - [2025-04-04T13:43:54.787+0000] {dagbag.py:588} INFO - Filling up the DagBag from /home/airflow/.local/lib/python3.12/site-packages/airflow/example_dags/example_xcom.py
[2025-04-04T13:43:54.813+0000] {processor.py:925} INFO - DAG(s) 'example_xcom' retrieved from /home/airflow/.local/lib/python3.12/site-packages/airflow/example_dags/example_xcom.py
[2025-04-04T13:43:54.867+0000] {logging_mixin.py:190} INFO - [2025-04-04T13:43:54.867+0000] {dag.py:3239} INFO - Sync 1 DAGs
[2025-04-04T13:43:54.924+0000] {logging_mixin.py:190} INFO - [2025-04-04T13:43:54.924+0000] {dag.py:4180} INFO - Setting next_dagrun for example_xcom to 2021-01-01 00:00:00+00:00, run_after=2021-01-01 00:00:00+00:00
[2025-04-04T13:43:54.987+0000] {processor.py:208} INFO - Processing /home/airflow/.local/lib/python3.12/site-packages/airflow/example_dags/example_xcom.py took 0.221 seconds
[2025-04-04T13:44:26.508+0000] {processor.py:186} INFO - Started process (PID=1028) to work on /home/airflow/.local/lib/python3.12/site-packages/airflow/example_dags/example_xcom.py
[2025-04-04T13:44:26.512+0000] {processor.py:914} INFO - Processing file /home/airflow/.local/lib/python3.12/site-packages/airflow/example_dags/example_xcom.py for tasks to queue
[2025-04-04T13:44:26.527+0000] {logging_mixin.py:190} INFO - [2025-04-04T13:44:26.526+0000] {dagbag.py:588} INFO - Filling up the DagBag from /home/airflow/.local/lib/python3.12/site-packages/airflow/example_dags/example_xcom.py
[2025-04-04T13:44:26.586+0000] {processor.py:925} INFO - DAG(s) 'example_xcom' retrieved from /home/airflow/.local/lib/python3.12/site-packages/airflow/example_dags/example_xcom.py
[2025-04-04T13:44:26.705+0000] {logging_mixin.py:190} INFO - [2025-04-04T13:44:26.705+0000] {dag.py:3239} INFO - Sync 1 DAGs
[2025-04-04T13:44:26.796+0000] {logging_mixin.py:190} INFO - [2025-04-04T13:44:26.795+0000] {dag.py:4180} INFO - Setting next_dagrun for example_xcom to 2021-01-01 00:00:00+00:00, run_after=2021-01-01 00:00:00+00:00
[2025-04-04T13:44:26.884+0000] {processor.py:208} INFO - Processing /home/airflow/.local/lib/python3.12/site-packages/airflow/example_dags/example_xcom.py took 0.393 seconds
[2025-04-04T13:44:57.859+0000] {processor.py:186} INFO - Started process (PID=1091) to work on /home/airflow/.local/lib/python3.12/site-packages/airflow/example_dags/example_xcom.py
[2025-04-04T13:44:57.861+0000] {processor.py:914} INFO - Processing file /home/airflow/.local/lib/python3.12/site-packages/airflow/example_dags/example_xcom.py for tasks to queue
[2025-04-04T13:44:57.870+0000] {logging_mixin.py:190} INFO - [2025-04-04T13:44:57.869+0000] {dagbag.py:588} INFO - Filling up the DagBag from /home/airflow/.local/lib/python3.12/site-packages/airflow/example_dags/example_xcom.py
[2025-04-04T13:44:57.898+0000] {processor.py:925} INFO - DAG(s) 'example_xcom' retrieved from /home/airflow/.local/lib/python3.12/site-packages/airflow/example_dags/example_xcom.py
[2025-04-04T13:44:57.941+0000] {logging_mixin.py:190} INFO - [2025-04-04T13:44:57.940+0000] {dag.py:3239} INFO - Sync 1 DAGs
[2025-04-04T13:44:57.999+0000] {logging_mixin.py:190} INFO - [2025-04-04T13:44:57.999+0000] {dag.py:4180} INFO - Setting next_dagrun for example_xcom to 2021-01-01 00:00:00+00:00, run_after=2021-01-01 00:00:00+00:00
[2025-04-04T13:44:58.038+0000] {processor.py:208} INFO - Processing /home/airflow/.local/lib/python3.12/site-packages/airflow/example_dags/example_xcom.py took 0.196 seconds
[2025-04-04T13:45:28.745+0000] {processor.py:186} INFO - Started process (PID=1153) to work on /home/airflow/.local/lib/python3.12/site-packages/airflow/example_dags/example_xcom.py
[2025-04-04T13:45:28.748+0000] {processor.py:914} INFO - Processing file /home/airflow/.local/lib/python3.12/site-packages/airflow/example_dags/example_xcom.py for tasks to queue
[2025-04-04T13:45:28.753+0000] {logging_mixin.py:190} INFO - [2025-04-04T13:45:28.753+0000] {dagbag.py:588} INFO - Filling up the DagBag from /home/airflow/.local/lib/python3.12/site-packages/airflow/example_dags/example_xcom.py
[2025-04-04T13:45:28.775+0000] {processor.py:925} INFO - DAG(s) 'example_xcom' retrieved from /home/airflow/.local/lib/python3.12/site-packages/airflow/example_dags/example_xcom.py
[2025-04-04T13:45:28.821+0000] {logging_mixin.py:190} INFO - [2025-04-04T13:45:28.821+0000] {dag.py:3239} INFO - Sync 1 DAGs
[2025-04-04T13:45:28.883+0000] {logging_mixin.py:190} INFO - [2025-04-04T13:45:28.883+0000] {dag.py:4180} INFO - Setting next_dagrun for example_xcom to 2021-01-01 00:00:00+00:00, run_after=2021-01-01 00:00:00+00:00
[2025-04-04T13:45:28.936+0000] {processor.py:208} INFO - Processing /home/airflow/.local/lib/python3.12/site-packages/airflow/example_dags/example_xcom.py took 0.202 seconds
[2025-04-04T13:46:00.112+0000] {processor.py:186} INFO - Started process (PID=1216) to work on /home/airflow/.local/lib/python3.12/site-packages/airflow/example_dags/example_xcom.py
[2025-04-04T13:46:00.130+0000] {processor.py:914} INFO - Processing file /home/airflow/.local/lib/python3.12/site-packages/airflow/example_dags/example_xcom.py for tasks to queue
[2025-04-04T13:46:00.163+0000] {logging_mixin.py:190} INFO - [2025-04-04T13:46:00.162+0000] {dagbag.py:588} INFO - Filling up the DagBag from /home/airflow/.local/lib/python3.12/site-packages/airflow/example_dags/example_xcom.py
[2025-04-04T13:46:00.234+0000] {processor.py:925} INFO - DAG(s) 'example_xcom' retrieved from /home/airflow/.local/lib/python3.12/site-packages/airflow/example_dags/example_xcom.py
[2025-04-04T13:46:00.300+0000] {logging_mixin.py:190} INFO - [2025-04-04T13:46:00.299+0000] {dag.py:3239} INFO - Sync 1 DAGs
[2025-04-04T13:46:00.363+0000] {logging_mixin.py:190} INFO - [2025-04-04T13:46:00.363+0000] {dag.py:4180} INFO - Setting next_dagrun for example_xcom to 2021-01-01 00:00:00+00:00, run_after=2021-01-01 00:00:00+00:00
[2025-04-04T13:46:00.403+0000] {processor.py:208} INFO - Processing /home/airflow/.local/lib/python3.12/site-packages/airflow/example_dags/example_xcom.py took 0.330 seconds
[2025-04-04T13:46:38.015+0000] {processor.py:186} INFO - Started process (PID=1267) to work on /home/airflow/.local/lib/python3.12/site-packages/airflow/example_dags/example_xcom.py
[2025-04-04T13:46:38.018+0000] {processor.py:914} INFO - Processing file /home/airflow/.local/lib/python3.12/site-packages/airflow/example_dags/example_xcom.py for tasks to queue
[2025-04-04T13:46:38.023+0000] {logging_mixin.py:190} INFO - [2025-04-04T13:46:38.022+0000] {dagbag.py:588} INFO - Filling up the DagBag from /home/airflow/.local/lib/python3.12/site-packages/airflow/example_dags/example_xcom.py
[2025-04-04T13:46:38.054+0000] {processor.py:925} INFO - DAG(s) 'example_xcom' retrieved from /home/airflow/.local/lib/python3.12/site-packages/airflow/example_dags/example_xcom.py
[2025-04-04T13:46:38.140+0000] {logging_mixin.py:190} INFO - [2025-04-04T13:46:38.140+0000] {dag.py:3239} INFO - Sync 1 DAGs
[2025-04-04T13:46:38.243+0000] {logging_mixin.py:190} INFO - [2025-04-04T13:46:38.242+0000] {dag.py:4180} INFO - Setting next_dagrun for example_xcom to 2021-01-01 00:00:00+00:00, run_after=2021-01-01 00:00:00+00:00
[2025-04-04T13:46:38.306+0000] {processor.py:208} INFO - Processing /home/airflow/.local/lib/python3.12/site-packages/airflow/example_dags/example_xcom.py took 0.309 seconds
[2025-04-04T13:47:08.587+0000] {processor.py:186} INFO - Started process (PID=1330) to work on /home/airflow/.local/lib/python3.12/site-packages/airflow/example_dags/example_xcom.py
[2025-04-04T13:47:08.589+0000] {processor.py:914} INFO - Processing file /home/airflow/.local/lib/python3.12/site-packages/airflow/example_dags/example_xcom.py for tasks to queue
[2025-04-04T13:47:08.594+0000] {logging_mixin.py:190} INFO - [2025-04-04T13:47:08.593+0000] {dagbag.py:588} INFO - Filling up the DagBag from /home/airflow/.local/lib/python3.12/site-packages/airflow/example_dags/example_xcom.py
[2025-04-04T13:47:08.616+0000] {processor.py:925} INFO - DAG(s) 'example_xcom' retrieved from /home/airflow/.local/lib/python3.12/site-packages/airflow/example_dags/example_xcom.py
[2025-04-04T13:47:08.672+0000] {logging_mixin.py:190} INFO - [2025-04-04T13:47:08.671+0000] {dag.py:3239} INFO - Sync 1 DAGs
[2025-04-04T13:47:08.759+0000] {logging_mixin.py:190} INFO - [2025-04-04T13:47:08.758+0000] {dag.py:4180} INFO - Setting next_dagrun for example_xcom to 2021-01-01 00:00:00+00:00, run_after=2021-01-01 00:00:00+00:00
[2025-04-04T13:47:08.813+0000] {processor.py:208} INFO - Processing /home/airflow/.local/lib/python3.12/site-packages/airflow/example_dags/example_xcom.py took 0.239 seconds
[2025-04-04T13:47:39.108+0000] {processor.py:186} INFO - Started process (PID=1393) to work on /home/airflow/.local/lib/python3.12/site-packages/airflow/example_dags/example_xcom.py
[2025-04-04T13:47:39.110+0000] {processor.py:914} INFO - Processing file /home/airflow/.local/lib/python3.12/site-packages/airflow/example_dags/example_xcom.py for tasks to queue
[2025-04-04T13:47:39.116+0000] {logging_mixin.py:190} INFO - [2025-04-04T13:47:39.115+0000] {dagbag.py:588} INFO - Filling up the DagBag from /home/airflow/.local/lib/python3.12/site-packages/airflow/example_dags/example_xcom.py
[2025-04-04T13:47:39.150+0000] {processor.py:925} INFO - DAG(s) 'example_xcom' retrieved from /home/airflow/.local/lib/python3.12/site-packages/airflow/example_dags/example_xcom.py
[2025-04-04T13:47:39.216+0000] {logging_mixin.py:190} INFO - [2025-04-04T13:47:39.216+0000] {dag.py:3239} INFO - Sync 1 DAGs
[2025-04-04T13:47:39.286+0000] {logging_mixin.py:190} INFO - [2025-04-04T13:47:39.285+0000] {dag.py:4180} INFO - Setting next_dagrun for example_xcom to 2021-01-01 00:00:00+00:00, run_after=2021-01-01 00:00:00+00:00
[2025-04-04T13:47:39.347+0000] {processor.py:208} INFO - Processing /home/airflow/.local/lib/python3.12/site-packages/airflow/example_dags/example_xcom.py took 0.254 seconds
[2025-04-04T13:48:10.525+0000] {processor.py:186} INFO - Started process (PID=1457) to work on /home/airflow/.local/lib/python3.12/site-packages/airflow/example_dags/example_xcom.py
[2025-04-04T13:48:10.528+0000] {processor.py:914} INFO - Processing file /home/airflow/.local/lib/python3.12/site-packages/airflow/example_dags/example_xcom.py for tasks to queue
[2025-04-04T13:48:10.544+0000] {logging_mixin.py:190} INFO - [2025-04-04T13:48:10.543+0000] {dagbag.py:588} INFO - Filling up the DagBag from /home/airflow/.local/lib/python3.12/site-packages/airflow/example_dags/example_xcom.py
[2025-04-04T13:48:10.618+0000] {processor.py:925} INFO - DAG(s) 'example_xcom' retrieved from /home/airflow/.local/lib/python3.12/site-packages/airflow/example_dags/example_xcom.py
[2025-04-04T13:48:10.721+0000] {logging_mixin.py:190} INFO - [2025-04-04T13:48:10.712+0000] {dag.py:3239} INFO - Sync 1 DAGs
[2025-04-04T13:48:10.852+0000] {logging_mixin.py:190} INFO - [2025-04-04T13:48:10.852+0000] {dag.py:4180} INFO - Setting next_dagrun for example_xcom to 2021-01-01 00:00:00+00:00, run_after=2021-01-01 00:00:00+00:00
[2025-04-04T13:48:10.919+0000] {processor.py:208} INFO - Processing /home/airflow/.local/lib/python3.12/site-packages/airflow/example_dags/example_xcom.py took 0.419 seconds
[2025-04-04T13:48:42.547+0000] {processor.py:186} INFO - Started process (PID=1519) to work on /home/airflow/.local/lib/python3.12/site-packages/airflow/example_dags/example_xcom.py
[2025-04-04T13:48:42.550+0000] {processor.py:914} INFO - Processing file /home/airflow/.local/lib/python3.12/site-packages/airflow/example_dags/example_xcom.py for tasks to queue
[2025-04-04T13:48:42.562+0000] {logging_mixin.py:190} INFO - [2025-04-04T13:48:42.561+0000] {dagbag.py:588} INFO - Filling up the DagBag from /home/airflow/.local/lib/python3.12/site-packages/airflow/example_dags/example_xcom.py
[2025-04-04T13:48:42.612+0000] {processor.py:925} INFO - DAG(s) 'example_xcom' retrieved from /home/airflow/.local/lib/python3.12/site-packages/airflow/example_dags/example_xcom.py
[2025-04-04T13:48:42.668+0000] {logging_mixin.py:190} INFO - [2025-04-04T13:48:42.668+0000] {dag.py:3239} INFO - Sync 1 DAGs
[2025-04-04T13:48:42.743+0000] {logging_mixin.py:190} INFO - [2025-04-04T13:48:42.742+0000] {dag.py:4180} INFO - Setting next_dagrun for example_xcom to 2021-01-01 00:00:00+00:00, run_after=2021-01-01 00:00:00+00:00
[2025-04-04T13:48:42.821+0000] {processor.py:208} INFO - Processing /home/airflow/.local/lib/python3.12/site-packages/airflow/example_dags/example_xcom.py took 0.297 seconds
[2025-04-04T13:49:13.322+0000] {processor.py:186} INFO - Started process (PID=1581) to work on /home/airflow/.local/lib/python3.12/site-packages/airflow/example_dags/example_xcom.py
[2025-04-04T13:49:13.324+0000] {processor.py:914} INFO - Processing file /home/airflow/.local/lib/python3.12/site-packages/airflow/example_dags/example_xcom.py for tasks to queue
[2025-04-04T13:49:13.330+0000] {logging_mixin.py:190} INFO - [2025-04-04T13:49:13.329+0000] {dagbag.py:588} INFO - Filling up the DagBag from /home/airflow/.local/lib/python3.12/site-packages/airflow/example_dags/example_xcom.py
[2025-04-04T13:49:13.354+0000] {processor.py:925} INFO - DAG(s) 'example_xcom' retrieved from /home/airflow/.local/lib/python3.12/site-packages/airflow/example_dags/example_xcom.py
[2025-04-04T13:49:13.409+0000] {logging_mixin.py:190} INFO - [2025-04-04T13:49:13.409+0000] {dag.py:3239} INFO - Sync 1 DAGs
[2025-04-04T13:49:13.482+0000] {logging_mixin.py:190} INFO - [2025-04-04T13:49:13.481+0000] {dag.py:4180} INFO - Setting next_dagrun for example_xcom to 2021-01-01 00:00:00+00:00, run_after=2021-01-01 00:00:00+00:00
[2025-04-04T13:49:13.555+0000] {processor.py:208} INFO - Processing /home/airflow/.local/lib/python3.12/site-packages/airflow/example_dags/example_xcom.py took 0.250 seconds
[2025-04-04T13:49:44.275+0000] {processor.py:186} INFO - Started process (PID=1644) to work on /home/airflow/.local/lib/python3.12/site-packages/airflow/example_dags/example_xcom.py
[2025-04-04T13:49:44.277+0000] {processor.py:914} INFO - Processing file /home/airflow/.local/lib/python3.12/site-packages/airflow/example_dags/example_xcom.py for tasks to queue
[2025-04-04T13:49:44.282+0000] {logging_mixin.py:190} INFO - [2025-04-04T13:49:44.280+0000] {dagbag.py:588} INFO - Filling up the DagBag from /home/airflow/.local/lib/python3.12/site-packages/airflow/example_dags/example_xcom.py
[2025-04-04T13:49:44.304+0000] {processor.py:925} INFO - DAG(s) 'example_xcom' retrieved from /home/airflow/.local/lib/python3.12/site-packages/airflow/example_dags/example_xcom.py
[2025-04-04T13:49:44.353+0000] {logging_mixin.py:190} INFO - [2025-04-04T13:49:44.350+0000] {dag.py:3239} INFO - Sync 1 DAGs
[2025-04-04T13:49:44.422+0000] {logging_mixin.py:190} INFO - [2025-04-04T13:49:44.421+0000] {dag.py:4180} INFO - Setting next_dagrun for example_xcom to 2021-01-01 00:00:00+00:00, run_after=2021-01-01 00:00:00+00:00
[2025-04-04T13:49:44.474+0000] {processor.py:208} INFO - Processing /home/airflow/.local/lib/python3.12/site-packages/airflow/example_dags/example_xcom.py took 0.214 seconds
[2025-04-04T13:50:15.651+0000] {processor.py:186} INFO - Started process (PID=1705) to work on /home/airflow/.local/lib/python3.12/site-packages/airflow/example_dags/example_xcom.py
[2025-04-04T13:50:15.654+0000] {processor.py:914} INFO - Processing file /home/airflow/.local/lib/python3.12/site-packages/airflow/example_dags/example_xcom.py for tasks to queue
[2025-04-04T13:50:15.665+0000] {logging_mixin.py:190} INFO - [2025-04-04T13:50:15.664+0000] {dagbag.py:588} INFO - Filling up the DagBag from /home/airflow/.local/lib/python3.12/site-packages/airflow/example_dags/example_xcom.py
[2025-04-04T13:50:15.682+0000] {processor.py:925} INFO - DAG(s) 'example_xcom' retrieved from /home/airflow/.local/lib/python3.12/site-packages/airflow/example_dags/example_xcom.py
[2025-04-04T13:50:15.726+0000] {logging_mixin.py:190} INFO - [2025-04-04T13:50:15.725+0000] {dag.py:3239} INFO - Sync 1 DAGs
[2025-04-04T13:50:15.834+0000] {logging_mixin.py:190} INFO - [2025-04-04T13:50:15.833+0000] {dag.py:4180} INFO - Setting next_dagrun for example_xcom to 2021-01-01 00:00:00+00:00, run_after=2021-01-01 00:00:00+00:00
[2025-04-04T13:50:15.887+0000] {processor.py:208} INFO - Processing /home/airflow/.local/lib/python3.12/site-packages/airflow/example_dags/example_xcom.py took 0.248 seconds
[2025-04-04T13:50:47.494+0000] {processor.py:186} INFO - Started process (PID=1767) to work on /home/airflow/.local/lib/python3.12/site-packages/airflow/example_dags/example_xcom.py
[2025-04-04T13:50:47.496+0000] {processor.py:914} INFO - Processing file /home/airflow/.local/lib/python3.12/site-packages/airflow/example_dags/example_xcom.py for tasks to queue
[2025-04-04T13:50:47.504+0000] {logging_mixin.py:190} INFO - [2025-04-04T13:50:47.503+0000] {dagbag.py:588} INFO - Filling up the DagBag from /home/airflow/.local/lib/python3.12/site-packages/airflow/example_dags/example_xcom.py
[2025-04-04T13:50:47.533+0000] {processor.py:925} INFO - DAG(s) 'example_xcom' retrieved from /home/airflow/.local/lib/python3.12/site-packages/airflow/example_dags/example_xcom.py
[2025-04-04T13:50:47.600+0000] {logging_mixin.py:190} INFO - [2025-04-04T13:50:47.600+0000] {dag.py:3239} INFO - Sync 1 DAGs
[2025-04-04T13:50:47.661+0000] {logging_mixin.py:190} INFO - [2025-04-04T13:50:47.660+0000] {dag.py:4180} INFO - Setting next_dagrun for example_xcom to 2021-01-01 00:00:00+00:00, run_after=2021-01-01 00:00:00+00:00
[2025-04-04T13:50:47.706+0000] {processor.py:208} INFO - Processing /home/airflow/.local/lib/python3.12/site-packages/airflow/example_dags/example_xcom.py took 0.226 seconds
[2025-04-04T13:51:18.708+0000] {processor.py:186} INFO - Started process (PID=1830) to work on /home/airflow/.local/lib/python3.12/site-packages/airflow/example_dags/example_xcom.py
[2025-04-04T13:51:18.710+0000] {processor.py:914} INFO - Processing file /home/airflow/.local/lib/python3.12/site-packages/airflow/example_dags/example_xcom.py for tasks to queue
[2025-04-04T13:51:18.714+0000] {logging_mixin.py:190} INFO - [2025-04-04T13:51:18.713+0000] {dagbag.py:588} INFO - Filling up the DagBag from /home/airflow/.local/lib/python3.12/site-packages/airflow/example_dags/example_xcom.py
[2025-04-04T13:51:18.730+0000] {processor.py:925} INFO - DAG(s) 'example_xcom' retrieved from /home/airflow/.local/lib/python3.12/site-packages/airflow/example_dags/example_xcom.py
[2025-04-04T13:51:18.766+0000] {logging_mixin.py:190} INFO - [2025-04-04T13:51:18.766+0000] {dag.py:3239} INFO - Sync 1 DAGs
[2025-04-04T13:51:18.859+0000] {logging_mixin.py:190} INFO - [2025-04-04T13:51:18.858+0000] {dag.py:4180} INFO - Setting next_dagrun for example_xcom to 2021-01-01 00:00:00+00:00, run_after=2021-01-01 00:00:00+00:00
[2025-04-04T13:51:18.914+0000] {processor.py:208} INFO - Processing /home/airflow/.local/lib/python3.12/site-packages/airflow/example_dags/example_xcom.py took 0.216 seconds
[2025-04-04T13:51:49.248+0000] {processor.py:186} INFO - Started process (PID=1892) to work on /home/airflow/.local/lib/python3.12/site-packages/airflow/example_dags/example_xcom.py
[2025-04-04T13:51:49.249+0000] {processor.py:914} INFO - Processing file /home/airflow/.local/lib/python3.12/site-packages/airflow/example_dags/example_xcom.py for tasks to queue
[2025-04-04T13:51:49.255+0000] {logging_mixin.py:190} INFO - [2025-04-04T13:51:49.254+0000] {dagbag.py:588} INFO - Filling up the DagBag from /home/airflow/.local/lib/python3.12/site-packages/airflow/example_dags/example_xcom.py
[2025-04-04T13:51:49.277+0000] {processor.py:925} INFO - DAG(s) 'example_xcom' retrieved from /home/airflow/.local/lib/python3.12/site-packages/airflow/example_dags/example_xcom.py
[2025-04-04T13:51:49.345+0000] {logging_mixin.py:190} INFO - [2025-04-04T13:51:49.345+0000] {dag.py:3239} INFO - Sync 1 DAGs
[2025-04-04T13:51:49.433+0000] {logging_mixin.py:190} INFO - [2025-04-04T13:51:49.433+0000] {dag.py:4180} INFO - Setting next_dagrun for example_xcom to 2021-01-01 00:00:00+00:00, run_after=2021-01-01 00:00:00+00:00
[2025-04-04T13:51:49.481+0000] {processor.py:208} INFO - Processing /home/airflow/.local/lib/python3.12/site-packages/airflow/example_dags/example_xcom.py took 0.244 seconds
[2025-04-04T13:52:19.807+0000] {processor.py:186} INFO - Started process (PID=1955) to work on /home/airflow/.local/lib/python3.12/site-packages/airflow/example_dags/example_xcom.py
[2025-04-04T13:52:19.809+0000] {processor.py:914} INFO - Processing file /home/airflow/.local/lib/python3.12/site-packages/airflow/example_dags/example_xcom.py for tasks to queue
[2025-04-04T13:52:19.813+0000] {logging_mixin.py:190} INFO - [2025-04-04T13:52:19.812+0000] {dagbag.py:588} INFO - Filling up the DagBag from /home/airflow/.local/lib/python3.12/site-packages/airflow/example_dags/example_xcom.py
[2025-04-04T13:52:19.837+0000] {processor.py:925} INFO - DAG(s) 'example_xcom' retrieved from /home/airflow/.local/lib/python3.12/site-packages/airflow/example_dags/example_xcom.py
[2025-04-04T13:52:19.886+0000] {logging_mixin.py:190} INFO - [2025-04-04T13:52:19.886+0000] {dag.py:3239} INFO - Sync 1 DAGs
[2025-04-04T13:52:19.935+0000] {logging_mixin.py:190} INFO - [2025-04-04T13:52:19.935+0000] {dag.py:4180} INFO - Setting next_dagrun for example_xcom to 2021-01-01 00:00:00+00:00, run_after=2021-01-01 00:00:00+00:00
[2025-04-04T13:52:19.985+0000] {processor.py:208} INFO - Processing /home/airflow/.local/lib/python3.12/site-packages/airflow/example_dags/example_xcom.py took 0.192 seconds
[2025-04-04T13:52:50.352+0000] {processor.py:186} INFO - Started process (PID=2018) to work on /home/airflow/.local/lib/python3.12/site-packages/airflow/example_dags/example_xcom.py
[2025-04-04T13:52:50.353+0000] {processor.py:914} INFO - Processing file /home/airflow/.local/lib/python3.12/site-packages/airflow/example_dags/example_xcom.py for tasks to queue
[2025-04-04T13:52:50.358+0000] {logging_mixin.py:190} INFO - [2025-04-04T13:52:50.357+0000] {dagbag.py:588} INFO - Filling up the DagBag from /home/airflow/.local/lib/python3.12/site-packages/airflow/example_dags/example_xcom.py
[2025-04-04T13:52:50.377+0000] {processor.py:925} INFO - DAG(s) 'example_xcom' retrieved from /home/airflow/.local/lib/python3.12/site-packages/airflow/example_dags/example_xcom.py
[2025-04-04T13:52:50.422+0000] {logging_mixin.py:190} INFO - [2025-04-04T13:52:50.421+0000] {dag.py:3239} INFO - Sync 1 DAGs
[2025-04-04T13:52:50.482+0000] {logging_mixin.py:190} INFO - [2025-04-04T13:52:50.482+0000] {dag.py:4180} INFO - Setting next_dagrun for example_xcom to 2021-01-01 00:00:00+00:00, run_after=2021-01-01 00:00:00+00:00
[2025-04-04T13:52:50.536+0000] {processor.py:208} INFO - Processing /home/airflow/.local/lib/python3.12/site-packages/airflow/example_dags/example_xcom.py took 0.196 seconds
[2025-04-04T13:53:22.887+0000] {processor.py:186} INFO - Started process (PID=2081) to work on /home/airflow/.local/lib/python3.12/site-packages/airflow/example_dags/example_xcom.py
[2025-04-04T13:53:22.889+0000] {processor.py:914} INFO - Processing file /home/airflow/.local/lib/python3.12/site-packages/airflow/example_dags/example_xcom.py for tasks to queue
[2025-04-04T13:53:22.895+0000] {logging_mixin.py:190} INFO - [2025-04-04T13:53:22.894+0000] {dagbag.py:588} INFO - Filling up the DagBag from /home/airflow/.local/lib/python3.12/site-packages/airflow/example_dags/example_xcom.py
[2025-04-04T13:53:22.919+0000] {processor.py:925} INFO - DAG(s) 'example_xcom' retrieved from /home/airflow/.local/lib/python3.12/site-packages/airflow/example_dags/example_xcom.py
[2025-04-04T13:53:22.976+0000] {logging_mixin.py:190} INFO - [2025-04-04T13:53:22.975+0000] {dag.py:3239} INFO - Sync 1 DAGs
[2025-04-04T13:53:23.098+0000] {logging_mixin.py:190} INFO - [2025-04-04T13:53:23.097+0000] {dag.py:4180} INFO - Setting next_dagrun for example_xcom to 2021-01-01 00:00:00+00:00, run_after=2021-01-01 00:00:00+00:00
[2025-04-04T13:53:23.150+0000] {processor.py:208} INFO - Processing /home/airflow/.local/lib/python3.12/site-packages/airflow/example_dags/example_xcom.py took 0.281 seconds
[2025-04-04T13:53:54.959+0000] {processor.py:186} INFO - Started process (PID=2141) to work on /home/airflow/.local/lib/python3.12/site-packages/airflow/example_dags/example_xcom.py
[2025-04-04T13:53:54.968+0000] {processor.py:914} INFO - Processing file /home/airflow/.local/lib/python3.12/site-packages/airflow/example_dags/example_xcom.py for tasks to queue
[2025-04-04T13:53:54.982+0000] {logging_mixin.py:190} INFO - [2025-04-04T13:53:54.982+0000] {dagbag.py:588} INFO - Filling up the DagBag from /home/airflow/.local/lib/python3.12/site-packages/airflow/example_dags/example_xcom.py
[2025-04-04T13:53:55.053+0000] {processor.py:925} INFO - DAG(s) 'example_xcom' retrieved from /home/airflow/.local/lib/python3.12/site-packages/airflow/example_dags/example_xcom.py
[2025-04-04T13:53:55.175+0000] {logging_mixin.py:190} INFO - [2025-04-04T13:53:55.174+0000] {dag.py:3239} INFO - Sync 1 DAGs
[2025-04-04T13:53:55.401+0000] {logging_mixin.py:190} INFO - [2025-04-04T13:53:55.400+0000] {dag.py:4180} INFO - Setting next_dagrun for example_xcom to 2021-01-01 00:00:00+00:00, run_after=2021-01-01 00:00:00+00:00
[2025-04-04T13:53:55.523+0000] {processor.py:208} INFO - Processing /home/airflow/.local/lib/python3.12/site-packages/airflow/example_dags/example_xcom.py took 0.615 seconds
[2025-04-04T13:54:28.562+0000] {processor.py:186} INFO - Started process (PID=2211) to work on /home/airflow/.local/lib/python3.12/site-packages/airflow/example_dags/example_xcom.py
[2025-04-04T13:54:28.564+0000] {processor.py:914} INFO - Processing file /home/airflow/.local/lib/python3.12/site-packages/airflow/example_dags/example_xcom.py for tasks to queue
[2025-04-04T13:54:28.569+0000] {logging_mixin.py:190} INFO - [2025-04-04T13:54:28.569+0000] {dagbag.py:588} INFO - Filling up the DagBag from /home/airflow/.local/lib/python3.12/site-packages/airflow/example_dags/example_xcom.py
[2025-04-04T13:54:28.596+0000] {processor.py:925} INFO - DAG(s) 'example_xcom' retrieved from /home/airflow/.local/lib/python3.12/site-packages/airflow/example_dags/example_xcom.py
[2025-04-04T13:54:28.654+0000] {logging_mixin.py:190} INFO - [2025-04-04T13:54:28.653+0000] {dag.py:3239} INFO - Sync 1 DAGs
[2025-04-04T13:54:28.724+0000] {logging_mixin.py:190} INFO - [2025-04-04T13:54:28.723+0000] {dag.py:4180} INFO - Setting next_dagrun for example_xcom to 2021-01-01 00:00:00+00:00, run_after=2021-01-01 00:00:00+00:00
[2025-04-04T13:54:28.770+0000] {processor.py:208} INFO - Processing /home/airflow/.local/lib/python3.12/site-packages/airflow/example_dags/example_xcom.py took 0.225 seconds
[2025-04-04T13:55:00.475+0000] {processor.py:186} INFO - Started process (PID=2274) to work on /home/airflow/.local/lib/python3.12/site-packages/airflow/example_dags/example_xcom.py
[2025-04-04T13:55:00.477+0000] {processor.py:914} INFO - Processing file /home/airflow/.local/lib/python3.12/site-packages/airflow/example_dags/example_xcom.py for tasks to queue
[2025-04-04T13:55:00.483+0000] {logging_mixin.py:190} INFO - [2025-04-04T13:55:00.482+0000] {dagbag.py:588} INFO - Filling up the DagBag from /home/airflow/.local/lib/python3.12/site-packages/airflow/example_dags/example_xcom.py
[2025-04-04T13:55:00.508+0000] {processor.py:925} INFO - DAG(s) 'example_xcom' retrieved from /home/airflow/.local/lib/python3.12/site-packages/airflow/example_dags/example_xcom.py
[2025-04-04T13:55:00.576+0000] {logging_mixin.py:190} INFO - [2025-04-04T13:55:00.575+0000] {dag.py:3239} INFO - Sync 1 DAGs
[2025-04-04T13:55:00.663+0000] {logging_mixin.py:190} INFO - [2025-04-04T13:55:00.663+0000] {dag.py:4180} INFO - Setting next_dagrun for example_xcom to 2021-01-01 00:00:00+00:00, run_after=2021-01-01 00:00:00+00:00
[2025-04-04T13:55:00.723+0000] {processor.py:208} INFO - Processing /home/airflow/.local/lib/python3.12/site-packages/airflow/example_dags/example_xcom.py took 0.265 seconds
[2025-04-04T13:55:32.377+0000] {processor.py:186} INFO - Started process (PID=2336) to work on /home/airflow/.local/lib/python3.12/site-packages/airflow/example_dags/example_xcom.py
[2025-04-04T13:55:32.379+0000] {processor.py:914} INFO - Processing file /home/airflow/.local/lib/python3.12/site-packages/airflow/example_dags/example_xcom.py for tasks to queue
[2025-04-04T13:55:32.387+0000] {logging_mixin.py:190} INFO - [2025-04-04T13:55:32.386+0000] {dagbag.py:588} INFO - Filling up the DagBag from /home/airflow/.local/lib/python3.12/site-packages/airflow/example_dags/example_xcom.py
[2025-04-04T13:55:32.410+0000] {processor.py:925} INFO - DAG(s) 'example_xcom' retrieved from /home/airflow/.local/lib/python3.12/site-packages/airflow/example_dags/example_xcom.py
[2025-04-04T13:55:32.477+0000] {logging_mixin.py:190} INFO - [2025-04-04T13:55:32.477+0000] {dag.py:3239} INFO - Sync 1 DAGs
[2025-04-04T13:55:32.540+0000] {logging_mixin.py:190} INFO - [2025-04-04T13:55:32.539+0000] {dag.py:4180} INFO - Setting next_dagrun for example_xcom to 2021-01-01 00:00:00+00:00, run_after=2021-01-01 00:00:00+00:00
[2025-04-04T13:55:32.589+0000] {processor.py:208} INFO - Processing /home/airflow/.local/lib/python3.12/site-packages/airflow/example_dags/example_xcom.py took 0.228 seconds
[2025-04-04T13:56:03.002+0000] {processor.py:186} INFO - Started process (PID=2397) to work on /home/airflow/.local/lib/python3.12/site-packages/airflow/example_dags/example_xcom.py
[2025-04-04T13:56:03.005+0000] {processor.py:914} INFO - Processing file /home/airflow/.local/lib/python3.12/site-packages/airflow/example_dags/example_xcom.py for tasks to queue
[2025-04-04T13:56:03.012+0000] {logging_mixin.py:190} INFO - [2025-04-04T13:56:03.011+0000] {dagbag.py:588} INFO - Filling up the DagBag from /home/airflow/.local/lib/python3.12/site-packages/airflow/example_dags/example_xcom.py
[2025-04-04T13:56:03.038+0000] {processor.py:925} INFO - DAG(s) 'example_xcom' retrieved from /home/airflow/.local/lib/python3.12/site-packages/airflow/example_dags/example_xcom.py
[2025-04-04T13:56:03.085+0000] {logging_mixin.py:190} INFO - [2025-04-04T13:56:03.084+0000] {dag.py:3239} INFO - Sync 1 DAGs
[2025-04-04T13:56:03.133+0000] {logging_mixin.py:190} INFO - [2025-04-04T13:56:03.132+0000] {dag.py:4180} INFO - Setting next_dagrun for example_xcom to 2021-01-01 00:00:00+00:00, run_after=2021-01-01 00:00:00+00:00
[2025-04-04T13:56:03.187+0000] {processor.py:208} INFO - Processing /home/airflow/.local/lib/python3.12/site-packages/airflow/example_dags/example_xcom.py took 0.204 seconds
[2025-04-04T13:56:33.361+0000] {processor.py:186} INFO - Started process (PID=2460) to work on /home/airflow/.local/lib/python3.12/site-packages/airflow/example_dags/example_xcom.py
[2025-04-04T13:56:33.362+0000] {processor.py:914} INFO - Processing file /home/airflow/.local/lib/python3.12/site-packages/airflow/example_dags/example_xcom.py for tasks to queue
[2025-04-04T13:56:33.367+0000] {logging_mixin.py:190} INFO - [2025-04-04T13:56:33.366+0000] {dagbag.py:588} INFO - Filling up the DagBag from /home/airflow/.local/lib/python3.12/site-packages/airflow/example_dags/example_xcom.py
[2025-04-04T13:56:33.383+0000] {processor.py:925} INFO - DAG(s) 'example_xcom' retrieved from /home/airflow/.local/lib/python3.12/site-packages/airflow/example_dags/example_xcom.py
[2025-04-04T13:56:33.417+0000] {logging_mixin.py:190} INFO - [2025-04-04T13:56:33.417+0000] {dag.py:3239} INFO - Sync 1 DAGs
[2025-04-04T13:56:33.455+0000] {logging_mixin.py:190} INFO - [2025-04-04T13:56:33.455+0000] {dag.py:4180} INFO - Setting next_dagrun for example_xcom to 2021-01-01 00:00:00+00:00, run_after=2021-01-01 00:00:00+00:00
[2025-04-04T13:56:33.486+0000] {processor.py:208} INFO - Processing /home/airflow/.local/lib/python3.12/site-packages/airflow/example_dags/example_xcom.py took 0.137 seconds
[2025-04-04T13:57:03.960+0000] {processor.py:186} INFO - Started process (PID=2523) to work on /home/airflow/.local/lib/python3.12/site-packages/airflow/example_dags/example_xcom.py
[2025-04-04T13:57:03.963+0000] {processor.py:914} INFO - Processing file /home/airflow/.local/lib/python3.12/site-packages/airflow/example_dags/example_xcom.py for tasks to queue
[2025-04-04T13:57:03.969+0000] {logging_mixin.py:190} INFO - [2025-04-04T13:57:03.968+0000] {dagbag.py:588} INFO - Filling up the DagBag from /home/airflow/.local/lib/python3.12/site-packages/airflow/example_dags/example_xcom.py
[2025-04-04T13:57:03.994+0000] {processor.py:925} INFO - DAG(s) 'example_xcom' retrieved from /home/airflow/.local/lib/python3.12/site-packages/airflow/example_dags/example_xcom.py
[2025-04-04T13:57:04.039+0000] {logging_mixin.py:190} INFO - [2025-04-04T13:57:04.039+0000] {dag.py:3239} INFO - Sync 1 DAGs
[2025-04-04T13:57:04.099+0000] {logging_mixin.py:190} INFO - [2025-04-04T13:57:04.098+0000] {dag.py:4180} INFO - Setting next_dagrun for example_xcom to 2021-01-01 00:00:00+00:00, run_after=2021-01-01 00:00:00+00:00
[2025-04-04T13:57:04.143+0000] {processor.py:208} INFO - Processing /home/airflow/.local/lib/python3.12/site-packages/airflow/example_dags/example_xcom.py took 0.200 seconds
[2025-04-04T13:57:34.470+0000] {processor.py:186} INFO - Started process (PID=2586) to work on /home/airflow/.local/lib/python3.12/site-packages/airflow/example_dags/example_xcom.py
[2025-04-04T13:57:34.472+0000] {processor.py:914} INFO - Processing file /home/airflow/.local/lib/python3.12/site-packages/airflow/example_dags/example_xcom.py for tasks to queue
[2025-04-04T13:57:34.480+0000] {logging_mixin.py:190} INFO - [2025-04-04T13:57:34.479+0000] {dagbag.py:588} INFO - Filling up the DagBag from /home/airflow/.local/lib/python3.12/site-packages/airflow/example_dags/example_xcom.py
[2025-04-04T13:57:34.503+0000] {processor.py:925} INFO - DAG(s) 'example_xcom' retrieved from /home/airflow/.local/lib/python3.12/site-packages/airflow/example_dags/example_xcom.py
[2025-04-04T13:57:34.547+0000] {logging_mixin.py:190} INFO - [2025-04-04T13:57:34.547+0000] {dag.py:3239} INFO - Sync 1 DAGs
[2025-04-04T13:57:34.597+0000] {logging_mixin.py:190} INFO - [2025-04-04T13:57:34.597+0000] {dag.py:4180} INFO - Setting next_dagrun for example_xcom to 2021-01-01 00:00:00+00:00, run_after=2021-01-01 00:00:00+00:00
[2025-04-04T13:57:34.637+0000] {processor.py:208} INFO - Processing /home/airflow/.local/lib/python3.12/site-packages/airflow/example_dags/example_xcom.py took 0.185 seconds
[2025-04-04T13:58:04.978+0000] {processor.py:186} INFO - Started process (PID=2649) to work on /home/airflow/.local/lib/python3.12/site-packages/airflow/example_dags/example_xcom.py
[2025-04-04T13:58:04.980+0000] {processor.py:914} INFO - Processing file /home/airflow/.local/lib/python3.12/site-packages/airflow/example_dags/example_xcom.py for tasks to queue
[2025-04-04T13:58:04.986+0000] {logging_mixin.py:190} INFO - [2025-04-04T13:58:04.986+0000] {dagbag.py:588} INFO - Filling up the DagBag from /home/airflow/.local/lib/python3.12/site-packages/airflow/example_dags/example_xcom.py
[2025-04-04T13:58:05.012+0000] {processor.py:925} INFO - DAG(s) 'example_xcom' retrieved from /home/airflow/.local/lib/python3.12/site-packages/airflow/example_dags/example_xcom.py
[2025-04-04T13:58:05.103+0000] {logging_mixin.py:190} INFO - [2025-04-04T13:58:05.103+0000] {dag.py:3239} INFO - Sync 1 DAGs
[2025-04-04T13:58:05.250+0000] {logging_mixin.py:190} INFO - [2025-04-04T13:58:05.249+0000] {dag.py:4180} INFO - Setting next_dagrun for example_xcom to 2021-01-01 00:00:00+00:00, run_after=2021-01-01 00:00:00+00:00
[2025-04-04T13:58:05.375+0000] {processor.py:208} INFO - Processing /home/airflow/.local/lib/python3.12/site-packages/airflow/example_dags/example_xcom.py took 0.410 seconds
[2025-04-04T13:58:36.991+0000] {processor.py:186} INFO - Started process (PID=2712) to work on /home/airflow/.local/lib/python3.12/site-packages/airflow/example_dags/example_xcom.py
[2025-04-04T13:58:36.994+0000] {processor.py:914} INFO - Processing file /home/airflow/.local/lib/python3.12/site-packages/airflow/example_dags/example_xcom.py for tasks to queue
[2025-04-04T13:58:37.013+0000] {logging_mixin.py:190} INFO - [2025-04-04T13:58:37.012+0000] {dagbag.py:588} INFO - Filling up the DagBag from /home/airflow/.local/lib/python3.12/site-packages/airflow/example_dags/example_xcom.py
[2025-04-04T13:58:37.081+0000] {processor.py:925} INFO - DAG(s) 'example_xcom' retrieved from /home/airflow/.local/lib/python3.12/site-packages/airflow/example_dags/example_xcom.py
[2025-04-04T13:58:37.232+0000] {logging_mixin.py:190} INFO - [2025-04-04T13:58:37.231+0000] {dag.py:3239} INFO - Sync 1 DAGs
[2025-04-04T13:58:37.407+0000] {logging_mixin.py:190} INFO - [2025-04-04T13:58:37.406+0000] {dag.py:4180} INFO - Setting next_dagrun for example_xcom to 2021-01-01 00:00:00+00:00, run_after=2021-01-01 00:00:00+00:00
[2025-04-04T13:58:37.555+0000] {processor.py:208} INFO - Processing /home/airflow/.local/lib/python3.12/site-packages/airflow/example_dags/example_xcom.py took 0.589 seconds
[2025-04-04T13:59:08.407+0000] {processor.py:186} INFO - Started process (PID=2775) to work on /home/airflow/.local/lib/python3.12/site-packages/airflow/example_dags/example_xcom.py
[2025-04-04T13:59:08.426+0000] {processor.py:914} INFO - Processing file /home/airflow/.local/lib/python3.12/site-packages/airflow/example_dags/example_xcom.py for tasks to queue
[2025-04-04T13:59:08.463+0000] {logging_mixin.py:190} INFO - [2025-04-04T13:59:08.462+0000] {dagbag.py:588} INFO - Filling up the DagBag from /home/airflow/.local/lib/python3.12/site-packages/airflow/example_dags/example_xcom.py
[2025-04-04T13:59:08.513+0000] {processor.py:925} INFO - DAG(s) 'example_xcom' retrieved from /home/airflow/.local/lib/python3.12/site-packages/airflow/example_dags/example_xcom.py
[2025-04-04T13:59:08.667+0000] {logging_mixin.py:190} INFO - [2025-04-04T13:59:08.637+0000] {dag.py:3239} INFO - Sync 1 DAGs
[2025-04-04T13:59:08.802+0000] {logging_mixin.py:190} INFO - [2025-04-04T13:59:08.801+0000] {dag.py:4180} INFO - Setting next_dagrun for example_xcom to 2021-01-01 00:00:00+00:00, run_after=2021-01-01 00:00:00+00:00
[2025-04-04T13:59:09.128+0000] {processor.py:208} INFO - Processing /home/airflow/.local/lib/python3.12/site-packages/airflow/example_dags/example_xcom.py took 0.755 seconds
