[2025-04-04T13:36:53.472+0000] {processor.py:186} INFO - Started process (PID=125) to work on /home/airflow/.local/lib/python3.12/site-packages/airflow/example_dags/example_task_group_decorator.py
[2025-04-04T13:36:53.474+0000] {processor.py:914} INFO - Processing file /home/airflow/.local/lib/python3.12/site-packages/airflow/example_dags/example_task_group_decorator.py for tasks to queue
[2025-04-04T13:36:53.479+0000] {logging_mixin.py:190} INFO - [2025-04-04T13:36:53.478+0000] {dagbag.py:588} INFO - Filling up the DagBag from /home/airflow/.local/lib/python3.12/site-packages/airflow/example_dags/example_task_group_decorator.py
[2025-04-04T13:36:53.526+0000] {processor.py:925} INFO - DAG(s) 'example_task_group_decorator' retrieved from /home/airflow/.local/lib/python3.12/site-packages/airflow/example_dags/example_task_group_decorator.py
[2025-04-04T13:36:53.751+0000] {logging_mixin.py:190} INFO - [2025-04-04T13:36:53.749+0000] {override.py:1912} INFO - Created Permission View: can edit on DAG:example_task_group_decorator
[2025-04-04T13:36:53.773+0000] {logging_mixin.py:190} INFO - [2025-04-04T13:36:53.772+0000] {override.py:1912} INFO - Created Permission View: can delete on DAG:example_task_group_decorator
[2025-04-04T13:36:53.788+0000] {logging_mixin.py:190} INFO - [2025-04-04T13:36:53.788+0000] {override.py:1912} INFO - Created Permission View: can read on DAG:example_task_group_decorator
[2025-04-04T13:36:53.806+0000] {logging_mixin.py:190} INFO - [2025-04-04T13:36:53.805+0000] {override.py:1912} INFO - Created Permission View: can delete on DAG Run:example_task_group_decorator
[2025-04-04T13:36:53.831+0000] {logging_mixin.py:190} INFO - [2025-04-04T13:36:53.830+0000] {override.py:1912} INFO - Created Permission View: can read on DAG Run:example_task_group_decorator
[2025-04-04T13:36:53.846+0000] {logging_mixin.py:190} INFO - [2025-04-04T13:36:53.846+0000] {override.py:1912} INFO - Created Permission View: can create on DAG Run:example_task_group_decorator
[2025-04-04T13:36:53.863+0000] {logging_mixin.py:190} INFO - [2025-04-04T13:36:53.863+0000] {override.py:1912} INFO - Created Permission View: menu access on DAG Run:example_task_group_decorator
[2025-04-04T13:36:53.865+0000] {logging_mixin.py:190} INFO - [2025-04-04T13:36:53.864+0000] {dag.py:3239} INFO - Sync 1 DAGs
[2025-04-04T13:36:53.890+0000] {logging_mixin.py:190} INFO - [2025-04-04T13:36:53.890+0000] {dag.py:3262} INFO - Creating ORM DAG for example_task_group_decorator
[2025-04-04T13:36:53.892+0000] {logging_mixin.py:190} INFO - [2025-04-04T13:36:53.891+0000] {dag.py:4180} INFO - Setting next_dagrun for example_task_group_decorator to None, run_after=None
[2025-04-04T13:36:53.985+0000] {processor.py:208} INFO - Processing /home/airflow/.local/lib/python3.12/site-packages/airflow/example_dags/example_task_group_decorator.py took 0.537 seconds
[2025-04-04T13:37:24.350+0000] {processor.py:186} INFO - Started process (PID=188) to work on /home/airflow/.local/lib/python3.12/site-packages/airflow/example_dags/example_task_group_decorator.py
[2025-04-04T13:37:24.353+0000] {processor.py:914} INFO - Processing file /home/airflow/.local/lib/python3.12/site-packages/airflow/example_dags/example_task_group_decorator.py for tasks to queue
[2025-04-04T13:37:24.360+0000] {logging_mixin.py:190} INFO - [2025-04-04T13:37:24.358+0000] {dagbag.py:588} INFO - Filling up the DagBag from /home/airflow/.local/lib/python3.12/site-packages/airflow/example_dags/example_task_group_decorator.py
[2025-04-04T13:37:24.474+0000] {processor.py:925} INFO - DAG(s) 'example_task_group_decorator' retrieved from /home/airflow/.local/lib/python3.12/site-packages/airflow/example_dags/example_task_group_decorator.py
[2025-04-04T13:37:24.626+0000] {logging_mixin.py:190} INFO - [2025-04-04T13:37:24.626+0000] {dag.py:3239} INFO - Sync 1 DAGs
[2025-04-04T13:37:24.657+0000] {logging_mixin.py:190} INFO - [2025-04-04T13:37:24.656+0000] {dag.py:4180} INFO - Setting next_dagrun for example_task_group_decorator to None, run_after=None
[2025-04-04T13:37:24.696+0000] {processor.py:208} INFO - Processing /home/airflow/.local/lib/python3.12/site-packages/airflow/example_dags/example_task_group_decorator.py took 0.361 seconds
[2025-04-04T13:37:54.864+0000] {processor.py:186} INFO - Started process (PID=251) to work on /home/airflow/.local/lib/python3.12/site-packages/airflow/example_dags/example_task_group_decorator.py
[2025-04-04T13:37:54.866+0000] {processor.py:914} INFO - Processing file /home/airflow/.local/lib/python3.12/site-packages/airflow/example_dags/example_task_group_decorator.py for tasks to queue
[2025-04-04T13:37:54.869+0000] {logging_mixin.py:190} INFO - [2025-04-04T13:37:54.869+0000] {dagbag.py:588} INFO - Filling up the DagBag from /home/airflow/.local/lib/python3.12/site-packages/airflow/example_dags/example_task_group_decorator.py
[2025-04-04T13:37:54.895+0000] {processor.py:925} INFO - DAG(s) 'example_task_group_decorator' retrieved from /home/airflow/.local/lib/python3.12/site-packages/airflow/example_dags/example_task_group_decorator.py
[2025-04-04T13:37:54.940+0000] {logging_mixin.py:190} INFO - [2025-04-04T13:37:54.939+0000] {dag.py:3239} INFO - Sync 1 DAGs
[2025-04-04T13:37:54.971+0000] {logging_mixin.py:190} INFO - [2025-04-04T13:37:54.971+0000] {dag.py:4180} INFO - Setting next_dagrun for example_task_group_decorator to None, run_after=None
[2025-04-04T13:37:55.012+0000] {processor.py:208} INFO - Processing /home/airflow/.local/lib/python3.12/site-packages/airflow/example_dags/example_task_group_decorator.py took 0.158 seconds
[2025-04-04T13:38:28.948+0000] {processor.py:186} INFO - Started process (PID=314) to work on /home/airflow/.local/lib/python3.12/site-packages/airflow/example_dags/example_task_group_decorator.py
[2025-04-04T13:38:28.949+0000] {processor.py:914} INFO - Processing file /home/airflow/.local/lib/python3.12/site-packages/airflow/example_dags/example_task_group_decorator.py for tasks to queue
[2025-04-04T13:38:28.955+0000] {logging_mixin.py:190} INFO - [2025-04-04T13:38:28.954+0000] {dagbag.py:588} INFO - Filling up the DagBag from /home/airflow/.local/lib/python3.12/site-packages/airflow/example_dags/example_task_group_decorator.py
[2025-04-04T13:38:28.992+0000] {processor.py:925} INFO - DAG(s) 'example_task_group_decorator' retrieved from /home/airflow/.local/lib/python3.12/site-packages/airflow/example_dags/example_task_group_decorator.py
[2025-04-04T13:38:29.049+0000] {logging_mixin.py:190} INFO - [2025-04-04T13:38:29.048+0000] {dag.py:3239} INFO - Sync 1 DAGs
[2025-04-04T13:38:29.083+0000] {logging_mixin.py:190} INFO - [2025-04-04T13:38:29.083+0000] {dag.py:4180} INFO - Setting next_dagrun for example_task_group_decorator to None, run_after=None
[2025-04-04T13:38:29.121+0000] {processor.py:208} INFO - Processing /home/airflow/.local/lib/python3.12/site-packages/airflow/example_dags/example_task_group_decorator.py took 0.184 seconds
[2025-04-04T13:39:04.949+0000] {processor.py:186} INFO - Started process (PID=385) to work on /home/airflow/.local/lib/python3.12/site-packages/airflow/example_dags/example_task_group_decorator.py
[2025-04-04T13:39:04.970+0000] {processor.py:914} INFO - Processing file /home/airflow/.local/lib/python3.12/site-packages/airflow/example_dags/example_task_group_decorator.py for tasks to queue
[2025-04-04T13:39:05.003+0000] {logging_mixin.py:190} INFO - [2025-04-04T13:39:04.996+0000] {dagbag.py:588} INFO - Filling up the DagBag from /home/airflow/.local/lib/python3.12/site-packages/airflow/example_dags/example_task_group_decorator.py
[2025-04-04T13:39:05.207+0000] {processor.py:925} INFO - DAG(s) 'example_task_group_decorator' retrieved from /home/airflow/.local/lib/python3.12/site-packages/airflow/example_dags/example_task_group_decorator.py
[2025-04-04T13:39:05.500+0000] {logging_mixin.py:190} INFO - [2025-04-04T13:39:05.490+0000] {dag.py:3239} INFO - Sync 1 DAGs
[2025-04-04T13:39:05.648+0000] {logging_mixin.py:190} INFO - [2025-04-04T13:39:05.648+0000] {dag.py:4180} INFO - Setting next_dagrun for example_task_group_decorator to None, run_after=None
[2025-04-04T13:39:05.809+0000] {processor.py:208} INFO - Processing /home/airflow/.local/lib/python3.12/site-packages/airflow/example_dags/example_task_group_decorator.py took 0.913 seconds
[2025-04-04T13:39:44.825+0000] {processor.py:186} INFO - Started process (PID=448) to work on /home/airflow/.local/lib/python3.12/site-packages/airflow/example_dags/example_task_group_decorator.py
[2025-04-04T13:39:44.827+0000] {processor.py:914} INFO - Processing file /home/airflow/.local/lib/python3.12/site-packages/airflow/example_dags/example_task_group_decorator.py for tasks to queue
[2025-04-04T13:39:44.833+0000] {logging_mixin.py:190} INFO - [2025-04-04T13:39:44.833+0000] {dagbag.py:588} INFO - Filling up the DagBag from /home/airflow/.local/lib/python3.12/site-packages/airflow/example_dags/example_task_group_decorator.py
[2025-04-04T13:39:44.896+0000] {processor.py:925} INFO - DAG(s) 'example_task_group_decorator' retrieved from /home/airflow/.local/lib/python3.12/site-packages/airflow/example_dags/example_task_group_decorator.py
[2025-04-04T13:39:44.969+0000] {logging_mixin.py:190} INFO - [2025-04-04T13:39:44.968+0000] {dag.py:3239} INFO - Sync 1 DAGs
[2025-04-04T13:39:45.022+0000] {logging_mixin.py:190} INFO - [2025-04-04T13:39:45.022+0000] {dag.py:4180} INFO - Setting next_dagrun for example_task_group_decorator to None, run_after=None
[2025-04-04T13:39:45.071+0000] {processor.py:208} INFO - Processing /home/airflow/.local/lib/python3.12/site-packages/airflow/example_dags/example_task_group_decorator.py took 0.258 seconds
[2025-04-04T13:40:15.632+0000] {processor.py:186} INFO - Started process (PID=512) to work on /home/airflow/.local/lib/python3.12/site-packages/airflow/example_dags/example_task_group_decorator.py
[2025-04-04T13:40:15.634+0000] {processor.py:914} INFO - Processing file /home/airflow/.local/lib/python3.12/site-packages/airflow/example_dags/example_task_group_decorator.py for tasks to queue
[2025-04-04T13:40:15.638+0000] {logging_mixin.py:190} INFO - [2025-04-04T13:40:15.637+0000] {dagbag.py:588} INFO - Filling up the DagBag from /home/airflow/.local/lib/python3.12/site-packages/airflow/example_dags/example_task_group_decorator.py
[2025-04-04T13:40:15.671+0000] {processor.py:925} INFO - DAG(s) 'example_task_group_decorator' retrieved from /home/airflow/.local/lib/python3.12/site-packages/airflow/example_dags/example_task_group_decorator.py
[2025-04-04T13:40:15.724+0000] {logging_mixin.py:190} INFO - [2025-04-04T13:40:15.723+0000] {dag.py:3239} INFO - Sync 1 DAGs
[2025-04-04T13:40:15.767+0000] {logging_mixin.py:190} INFO - [2025-04-04T13:40:15.767+0000] {dag.py:4180} INFO - Setting next_dagrun for example_task_group_decorator to None, run_after=None
[2025-04-04T13:40:15.836+0000] {processor.py:208} INFO - Processing /home/airflow/.local/lib/python3.12/site-packages/airflow/example_dags/example_task_group_decorator.py took 0.214 seconds
[2025-04-04T13:40:46.051+0000] {processor.py:186} INFO - Started process (PID=574) to work on /home/airflow/.local/lib/python3.12/site-packages/airflow/example_dags/example_task_group_decorator.py
[2025-04-04T13:40:46.053+0000] {processor.py:914} INFO - Processing file /home/airflow/.local/lib/python3.12/site-packages/airflow/example_dags/example_task_group_decorator.py for tasks to queue
[2025-04-04T13:40:46.056+0000] {logging_mixin.py:190} INFO - [2025-04-04T13:40:46.056+0000] {dagbag.py:588} INFO - Filling up the DagBag from /home/airflow/.local/lib/python3.12/site-packages/airflow/example_dags/example_task_group_decorator.py
[2025-04-04T13:40:46.082+0000] {processor.py:925} INFO - DAG(s) 'example_task_group_decorator' retrieved from /home/airflow/.local/lib/python3.12/site-packages/airflow/example_dags/example_task_group_decorator.py
[2025-04-04T13:40:46.122+0000] {logging_mixin.py:190} INFO - [2025-04-04T13:40:46.122+0000] {dag.py:3239} INFO - Sync 1 DAGs
[2025-04-04T13:40:46.144+0000] {logging_mixin.py:190} INFO - [2025-04-04T13:40:46.144+0000] {dag.py:4180} INFO - Setting next_dagrun for example_task_group_decorator to None, run_after=None
[2025-04-04T13:40:46.176+0000] {processor.py:208} INFO - Processing /home/airflow/.local/lib/python3.12/site-packages/airflow/example_dags/example_task_group_decorator.py took 0.134 seconds
[2025-04-04T13:41:17.072+0000] {processor.py:186} INFO - Started process (PID=637) to work on /home/airflow/.local/lib/python3.12/site-packages/airflow/example_dags/example_task_group_decorator.py
[2025-04-04T13:41:17.074+0000] {processor.py:914} INFO - Processing file /home/airflow/.local/lib/python3.12/site-packages/airflow/example_dags/example_task_group_decorator.py for tasks to queue
[2025-04-04T13:41:17.079+0000] {logging_mixin.py:190} INFO - [2025-04-04T13:41:17.078+0000] {dagbag.py:588} INFO - Filling up the DagBag from /home/airflow/.local/lib/python3.12/site-packages/airflow/example_dags/example_task_group_decorator.py
[2025-04-04T13:41:17.153+0000] {processor.py:925} INFO - DAG(s) 'example_task_group_decorator' retrieved from /home/airflow/.local/lib/python3.12/site-packages/airflow/example_dags/example_task_group_decorator.py
[2025-04-04T13:41:17.215+0000] {logging_mixin.py:190} INFO - [2025-04-04T13:41:17.215+0000] {dag.py:3239} INFO - Sync 1 DAGs
[2025-04-04T13:41:17.254+0000] {logging_mixin.py:190} INFO - [2025-04-04T13:41:17.254+0000] {dag.py:4180} INFO - Setting next_dagrun for example_task_group_decorator to None, run_after=None
[2025-04-04T13:41:17.289+0000] {processor.py:208} INFO - Processing /home/airflow/.local/lib/python3.12/site-packages/airflow/example_dags/example_task_group_decorator.py took 0.232 seconds
[2025-04-04T13:41:47.489+0000] {processor.py:186} INFO - Started process (PID=700) to work on /home/airflow/.local/lib/python3.12/site-packages/airflow/example_dags/example_task_group_decorator.py
[2025-04-04T13:41:47.490+0000] {processor.py:914} INFO - Processing file /home/airflow/.local/lib/python3.12/site-packages/airflow/example_dags/example_task_group_decorator.py for tasks to queue
[2025-04-04T13:41:47.494+0000] {logging_mixin.py:190} INFO - [2025-04-04T13:41:47.493+0000] {dagbag.py:588} INFO - Filling up the DagBag from /home/airflow/.local/lib/python3.12/site-packages/airflow/example_dags/example_task_group_decorator.py
[2025-04-04T13:41:47.518+0000] {processor.py:925} INFO - DAG(s) 'example_task_group_decorator' retrieved from /home/airflow/.local/lib/python3.12/site-packages/airflow/example_dags/example_task_group_decorator.py
[2025-04-04T13:41:47.559+0000] {logging_mixin.py:190} INFO - [2025-04-04T13:41:47.559+0000] {dag.py:3239} INFO - Sync 1 DAGs
[2025-04-04T13:41:47.583+0000] {logging_mixin.py:190} INFO - [2025-04-04T13:41:47.582+0000] {dag.py:4180} INFO - Setting next_dagrun for example_task_group_decorator to None, run_after=None
[2025-04-04T13:41:47.618+0000] {processor.py:208} INFO - Processing /home/airflow/.local/lib/python3.12/site-packages/airflow/example_dags/example_task_group_decorator.py took 0.139 seconds
[2025-04-04T13:42:17.860+0000] {processor.py:186} INFO - Started process (PID=762) to work on /home/airflow/.local/lib/python3.12/site-packages/airflow/example_dags/example_task_group_decorator.py
[2025-04-04T13:42:17.862+0000] {processor.py:914} INFO - Processing file /home/airflow/.local/lib/python3.12/site-packages/airflow/example_dags/example_task_group_decorator.py for tasks to queue
[2025-04-04T13:42:17.868+0000] {logging_mixin.py:190} INFO - [2025-04-04T13:42:17.867+0000] {dagbag.py:588} INFO - Filling up the DagBag from /home/airflow/.local/lib/python3.12/site-packages/airflow/example_dags/example_task_group_decorator.py
[2025-04-04T13:42:17.903+0000] {processor.py:925} INFO - DAG(s) 'example_task_group_decorator' retrieved from /home/airflow/.local/lib/python3.12/site-packages/airflow/example_dags/example_task_group_decorator.py
[2025-04-04T13:42:17.973+0000] {logging_mixin.py:190} INFO - [2025-04-04T13:42:17.973+0000] {dag.py:3239} INFO - Sync 1 DAGs
[2025-04-04T13:42:18.009+0000] {logging_mixin.py:190} INFO - [2025-04-04T13:42:18.008+0000] {dag.py:4180} INFO - Setting next_dagrun for example_task_group_decorator to None, run_after=None
[2025-04-04T13:42:18.048+0000] {processor.py:208} INFO - Processing /home/airflow/.local/lib/python3.12/site-packages/airflow/example_dags/example_task_group_decorator.py took 0.197 seconds
[2025-04-04T13:42:48.355+0000] {processor.py:186} INFO - Started process (PID=825) to work on /home/airflow/.local/lib/python3.12/site-packages/airflow/example_dags/example_task_group_decorator.py
[2025-04-04T13:42:48.360+0000] {processor.py:914} INFO - Processing file /home/airflow/.local/lib/python3.12/site-packages/airflow/example_dags/example_task_group_decorator.py for tasks to queue
[2025-04-04T13:42:48.371+0000] {logging_mixin.py:190} INFO - [2025-04-04T13:42:48.369+0000] {dagbag.py:588} INFO - Filling up the DagBag from /home/airflow/.local/lib/python3.12/site-packages/airflow/example_dags/example_task_group_decorator.py
[2025-04-04T13:42:48.433+0000] {processor.py:925} INFO - DAG(s) 'example_task_group_decorator' retrieved from /home/airflow/.local/lib/python3.12/site-packages/airflow/example_dags/example_task_group_decorator.py
[2025-04-04T13:42:48.526+0000] {logging_mixin.py:190} INFO - [2025-04-04T13:42:48.525+0000] {dag.py:3239} INFO - Sync 1 DAGs
[2025-04-04T13:42:48.585+0000] {logging_mixin.py:190} INFO - [2025-04-04T13:42:48.584+0000] {dag.py:4180} INFO - Setting next_dagrun for example_task_group_decorator to None, run_after=None
[2025-04-04T13:42:48.645+0000] {processor.py:208} INFO - Processing /home/airflow/.local/lib/python3.12/site-packages/airflow/example_dags/example_task_group_decorator.py took 0.317 seconds
[2025-04-04T13:43:20.220+0000] {processor.py:186} INFO - Started process (PID=888) to work on /home/airflow/.local/lib/python3.12/site-packages/airflow/example_dags/example_task_group_decorator.py
[2025-04-04T13:43:20.222+0000] {processor.py:914} INFO - Processing file /home/airflow/.local/lib/python3.12/site-packages/airflow/example_dags/example_task_group_decorator.py for tasks to queue
[2025-04-04T13:43:20.225+0000] {logging_mixin.py:190} INFO - [2025-04-04T13:43:20.225+0000] {dagbag.py:588} INFO - Filling up the DagBag from /home/airflow/.local/lib/python3.12/site-packages/airflow/example_dags/example_task_group_decorator.py
[2025-04-04T13:43:20.253+0000] {processor.py:925} INFO - DAG(s) 'example_task_group_decorator' retrieved from /home/airflow/.local/lib/python3.12/site-packages/airflow/example_dags/example_task_group_decorator.py
[2025-04-04T13:43:20.295+0000] {logging_mixin.py:190} INFO - [2025-04-04T13:43:20.295+0000] {dag.py:3239} INFO - Sync 1 DAGs
[2025-04-04T13:43:20.325+0000] {logging_mixin.py:190} INFO - [2025-04-04T13:43:20.325+0000] {dag.py:4180} INFO - Setting next_dagrun for example_task_group_decorator to None, run_after=None
[2025-04-04T13:43:20.357+0000] {processor.py:208} INFO - Processing /home/airflow/.local/lib/python3.12/site-packages/airflow/example_dags/example_task_group_decorator.py took 0.146 seconds
[2025-04-04T13:43:55.066+0000] {processor.py:186} INFO - Started process (PID=967) to work on /home/airflow/.local/lib/python3.12/site-packages/airflow/example_dags/example_task_group_decorator.py
[2025-04-04T13:43:55.074+0000] {processor.py:914} INFO - Processing file /home/airflow/.local/lib/python3.12/site-packages/airflow/example_dags/example_task_group_decorator.py for tasks to queue
[2025-04-04T13:43:55.079+0000] {logging_mixin.py:190} INFO - [2025-04-04T13:43:55.079+0000] {dagbag.py:588} INFO - Filling up the DagBag from /home/airflow/.local/lib/python3.12/site-packages/airflow/example_dags/example_task_group_decorator.py
[2025-04-04T13:43:55.120+0000] {processor.py:925} INFO - DAG(s) 'example_task_group_decorator' retrieved from /home/airflow/.local/lib/python3.12/site-packages/airflow/example_dags/example_task_group_decorator.py
[2025-04-04T13:43:55.208+0000] {logging_mixin.py:190} INFO - [2025-04-04T13:43:55.207+0000] {dag.py:3239} INFO - Sync 1 DAGs
[2025-04-04T13:43:55.275+0000] {logging_mixin.py:190} INFO - [2025-04-04T13:43:55.275+0000] {dag.py:4180} INFO - Setting next_dagrun for example_task_group_decorator to None, run_after=None
[2025-04-04T13:43:55.333+0000] {processor.py:208} INFO - Processing /home/airflow/.local/lib/python3.12/site-packages/airflow/example_dags/example_task_group_decorator.py took 0.284 seconds
[2025-04-04T13:44:27.274+0000] {processor.py:186} INFO - Started process (PID=1032) to work on /home/airflow/.local/lib/python3.12/site-packages/airflow/example_dags/example_task_group_decorator.py
[2025-04-04T13:44:27.275+0000] {processor.py:914} INFO - Processing file /home/airflow/.local/lib/python3.12/site-packages/airflow/example_dags/example_task_group_decorator.py for tasks to queue
[2025-04-04T13:44:27.279+0000] {logging_mixin.py:190} INFO - [2025-04-04T13:44:27.279+0000] {dagbag.py:588} INFO - Filling up the DagBag from /home/airflow/.local/lib/python3.12/site-packages/airflow/example_dags/example_task_group_decorator.py
[2025-04-04T13:44:27.313+0000] {processor.py:925} INFO - DAG(s) 'example_task_group_decorator' retrieved from /home/airflow/.local/lib/python3.12/site-packages/airflow/example_dags/example_task_group_decorator.py
[2025-04-04T13:44:27.379+0000] {logging_mixin.py:190} INFO - [2025-04-04T13:44:27.378+0000] {dag.py:3239} INFO - Sync 1 DAGs
[2025-04-04T13:44:27.425+0000] {logging_mixin.py:190} INFO - [2025-04-04T13:44:27.425+0000] {dag.py:4180} INFO - Setting next_dagrun for example_task_group_decorator to None, run_after=None
[2025-04-04T13:44:27.466+0000] {processor.py:208} INFO - Processing /home/airflow/.local/lib/python3.12/site-packages/airflow/example_dags/example_task_group_decorator.py took 0.207 seconds
[2025-04-04T13:44:58.955+0000] {processor.py:186} INFO - Started process (PID=1095) to work on /home/airflow/.local/lib/python3.12/site-packages/airflow/example_dags/example_task_group_decorator.py
[2025-04-04T13:44:58.958+0000] {processor.py:914} INFO - Processing file /home/airflow/.local/lib/python3.12/site-packages/airflow/example_dags/example_task_group_decorator.py for tasks to queue
[2025-04-04T13:44:58.962+0000] {logging_mixin.py:190} INFO - [2025-04-04T13:44:58.961+0000] {dagbag.py:588} INFO - Filling up the DagBag from /home/airflow/.local/lib/python3.12/site-packages/airflow/example_dags/example_task_group_decorator.py
[2025-04-04T13:44:59.000+0000] {processor.py:925} INFO - DAG(s) 'example_task_group_decorator' retrieved from /home/airflow/.local/lib/python3.12/site-packages/airflow/example_dags/example_task_group_decorator.py
[2025-04-04T13:44:59.058+0000] {logging_mixin.py:190} INFO - [2025-04-04T13:44:59.057+0000] {dag.py:3239} INFO - Sync 1 DAGs
[2025-04-04T13:44:59.092+0000] {logging_mixin.py:190} INFO - [2025-04-04T13:44:59.092+0000] {dag.py:4180} INFO - Setting next_dagrun for example_task_group_decorator to None, run_after=None
[2025-04-04T13:44:59.157+0000] {processor.py:208} INFO - Processing /home/airflow/.local/lib/python3.12/site-packages/airflow/example_dags/example_task_group_decorator.py took 0.219 seconds
[2025-04-04T13:45:30.377+0000] {processor.py:186} INFO - Started process (PID=1158) to work on /home/airflow/.local/lib/python3.12/site-packages/airflow/example_dags/example_task_group_decorator.py
[2025-04-04T13:45:30.379+0000] {processor.py:914} INFO - Processing file /home/airflow/.local/lib/python3.12/site-packages/airflow/example_dags/example_task_group_decorator.py for tasks to queue
[2025-04-04T13:45:30.383+0000] {logging_mixin.py:190} INFO - [2025-04-04T13:45:30.382+0000] {dagbag.py:588} INFO - Filling up the DagBag from /home/airflow/.local/lib/python3.12/site-packages/airflow/example_dags/example_task_group_decorator.py
[2025-04-04T13:45:30.415+0000] {processor.py:925} INFO - DAG(s) 'example_task_group_decorator' retrieved from /home/airflow/.local/lib/python3.12/site-packages/airflow/example_dags/example_task_group_decorator.py
[2025-04-04T13:45:30.486+0000] {logging_mixin.py:190} INFO - [2025-04-04T13:45:30.486+0000] {dag.py:3239} INFO - Sync 1 DAGs
[2025-04-04T13:45:30.534+0000] {logging_mixin.py:190} INFO - [2025-04-04T13:45:30.534+0000] {dag.py:4180} INFO - Setting next_dagrun for example_task_group_decorator to None, run_after=None
[2025-04-04T13:45:30.577+0000] {processor.py:208} INFO - Processing /home/airflow/.local/lib/python3.12/site-packages/airflow/example_dags/example_task_group_decorator.py took 0.226 seconds
[2025-04-04T13:46:01.147+0000] {processor.py:186} INFO - Started process (PID=1220) to work on /home/airflow/.local/lib/python3.12/site-packages/airflow/example_dags/example_task_group_decorator.py
[2025-04-04T13:46:01.149+0000] {processor.py:914} INFO - Processing file /home/airflow/.local/lib/python3.12/site-packages/airflow/example_dags/example_task_group_decorator.py for tasks to queue
[2025-04-04T13:46:01.155+0000] {logging_mixin.py:190} INFO - [2025-04-04T13:46:01.154+0000] {dagbag.py:588} INFO - Filling up the DagBag from /home/airflow/.local/lib/python3.12/site-packages/airflow/example_dags/example_task_group_decorator.py
[2025-04-04T13:46:01.220+0000] {processor.py:925} INFO - DAG(s) 'example_task_group_decorator' retrieved from /home/airflow/.local/lib/python3.12/site-packages/airflow/example_dags/example_task_group_decorator.py
[2025-04-04T13:46:01.319+0000] {logging_mixin.py:190} INFO - [2025-04-04T13:46:01.319+0000] {dag.py:3239} INFO - Sync 1 DAGs
[2025-04-04T13:46:01.369+0000] {logging_mixin.py:190} INFO - [2025-04-04T13:46:01.368+0000] {dag.py:4180} INFO - Setting next_dagrun for example_task_group_decorator to None, run_after=None
[2025-04-04T13:46:01.417+0000] {processor.py:208} INFO - Processing /home/airflow/.local/lib/python3.12/site-packages/airflow/example_dags/example_task_group_decorator.py took 0.287 seconds
[2025-04-04T13:46:45.283+0000] {processor.py:186} INFO - Started process (PID=1284) to work on /home/airflow/.local/lib/python3.12/site-packages/airflow/example_dags/example_task_group_decorator.py
[2025-04-04T13:46:45.285+0000] {processor.py:914} INFO - Processing file /home/airflow/.local/lib/python3.12/site-packages/airflow/example_dags/example_task_group_decorator.py for tasks to queue
[2025-04-04T13:46:45.294+0000] {logging_mixin.py:190} INFO - [2025-04-04T13:46:45.293+0000] {dagbag.py:588} INFO - Filling up the DagBag from /home/airflow/.local/lib/python3.12/site-packages/airflow/example_dags/example_task_group_decorator.py
[2025-04-04T13:46:45.354+0000] {processor.py:925} INFO - DAG(s) 'example_task_group_decorator' retrieved from /home/airflow/.local/lib/python3.12/site-packages/airflow/example_dags/example_task_group_decorator.py
[2025-04-04T13:46:45.529+0000] {logging_mixin.py:190} INFO - [2025-04-04T13:46:45.529+0000] {dag.py:3239} INFO - Sync 1 DAGs
[2025-04-04T13:46:45.666+0000] {logging_mixin.py:190} INFO - [2025-04-04T13:46:45.666+0000] {dag.py:4180} INFO - Setting next_dagrun for example_task_group_decorator to None, run_after=None
[2025-04-04T13:46:45.747+0000] {processor.py:208} INFO - Processing /home/airflow/.local/lib/python3.12/site-packages/airflow/example_dags/example_task_group_decorator.py took 0.481 seconds
[2025-04-04T13:47:17.421+0000] {processor.py:186} INFO - Started process (PID=1347) to work on /home/airflow/.local/lib/python3.12/site-packages/airflow/example_dags/example_task_group_decorator.py
[2025-04-04T13:47:17.431+0000] {processor.py:914} INFO - Processing file /home/airflow/.local/lib/python3.12/site-packages/airflow/example_dags/example_task_group_decorator.py for tasks to queue
[2025-04-04T13:47:17.438+0000] {logging_mixin.py:190} INFO - [2025-04-04T13:47:17.436+0000] {dagbag.py:588} INFO - Filling up the DagBag from /home/airflow/.local/lib/python3.12/site-packages/airflow/example_dags/example_task_group_decorator.py
[2025-04-04T13:47:17.497+0000] {processor.py:925} INFO - DAG(s) 'example_task_group_decorator' retrieved from /home/airflow/.local/lib/python3.12/site-packages/airflow/example_dags/example_task_group_decorator.py
[2025-04-04T13:47:17.577+0000] {logging_mixin.py:190} INFO - [2025-04-04T13:47:17.573+0000] {dag.py:3239} INFO - Sync 1 DAGs
[2025-04-04T13:47:17.625+0000] {logging_mixin.py:190} INFO - [2025-04-04T13:47:17.625+0000] {dag.py:4180} INFO - Setting next_dagrun for example_task_group_decorator to None, run_after=None
[2025-04-04T13:47:17.721+0000] {processor.py:208} INFO - Processing /home/airflow/.local/lib/python3.12/site-packages/airflow/example_dags/example_task_group_decorator.py took 0.323 seconds
[2025-04-04T13:47:48.547+0000] {processor.py:186} INFO - Started process (PID=1410) to work on /home/airflow/.local/lib/python3.12/site-packages/airflow/example_dags/example_task_group_decorator.py
[2025-04-04T13:47:48.552+0000] {processor.py:914} INFO - Processing file /home/airflow/.local/lib/python3.12/site-packages/airflow/example_dags/example_task_group_decorator.py for tasks to queue
[2025-04-04T13:47:48.556+0000] {logging_mixin.py:190} INFO - [2025-04-04T13:47:48.555+0000] {dagbag.py:588} INFO - Filling up the DagBag from /home/airflow/.local/lib/python3.12/site-packages/airflow/example_dags/example_task_group_decorator.py
[2025-04-04T13:47:48.608+0000] {processor.py:925} INFO - DAG(s) 'example_task_group_decorator' retrieved from /home/airflow/.local/lib/python3.12/site-packages/airflow/example_dags/example_task_group_decorator.py
[2025-04-04T13:47:48.680+0000] {logging_mixin.py:190} INFO - [2025-04-04T13:47:48.680+0000] {dag.py:3239} INFO - Sync 1 DAGs
[2025-04-04T13:47:48.718+0000] {logging_mixin.py:190} INFO - [2025-04-04T13:47:48.718+0000] {dag.py:4180} INFO - Setting next_dagrun for example_task_group_decorator to None, run_after=None
[2025-04-04T13:47:48.778+0000] {processor.py:208} INFO - Processing /home/airflow/.local/lib/python3.12/site-packages/airflow/example_dags/example_task_group_decorator.py took 0.245 seconds
[2025-04-04T13:48:19.367+0000] {processor.py:186} INFO - Started process (PID=1473) to work on /home/airflow/.local/lib/python3.12/site-packages/airflow/example_dags/example_task_group_decorator.py
[2025-04-04T13:48:19.369+0000] {processor.py:914} INFO - Processing file /home/airflow/.local/lib/python3.12/site-packages/airflow/example_dags/example_task_group_decorator.py for tasks to queue
[2025-04-04T13:48:19.374+0000] {logging_mixin.py:190} INFO - [2025-04-04T13:48:19.373+0000] {dagbag.py:588} INFO - Filling up the DagBag from /home/airflow/.local/lib/python3.12/site-packages/airflow/example_dags/example_task_group_decorator.py
[2025-04-04T13:48:19.443+0000] {processor.py:925} INFO - DAG(s) 'example_task_group_decorator' retrieved from /home/airflow/.local/lib/python3.12/site-packages/airflow/example_dags/example_task_group_decorator.py
[2025-04-04T13:48:19.540+0000] {logging_mixin.py:190} INFO - [2025-04-04T13:48:19.539+0000] {dag.py:3239} INFO - Sync 1 DAGs
[2025-04-04T13:48:19.701+0000] {logging_mixin.py:190} INFO - [2025-04-04T13:48:19.700+0000] {dag.py:4180} INFO - Setting next_dagrun for example_task_group_decorator to None, run_after=None
[2025-04-04T13:48:19.903+0000] {processor.py:208} INFO - Processing /home/airflow/.local/lib/python3.12/site-packages/airflow/example_dags/example_task_group_decorator.py took 0.552 seconds
[2025-04-04T13:48:50.408+0000] {processor.py:186} INFO - Started process (PID=1535) to work on /home/airflow/.local/lib/python3.12/site-packages/airflow/example_dags/example_task_group_decorator.py
[2025-04-04T13:48:50.410+0000] {processor.py:914} INFO - Processing file /home/airflow/.local/lib/python3.12/site-packages/airflow/example_dags/example_task_group_decorator.py for tasks to queue
[2025-04-04T13:48:50.415+0000] {logging_mixin.py:190} INFO - [2025-04-04T13:48:50.414+0000] {dagbag.py:588} INFO - Filling up the DagBag from /home/airflow/.local/lib/python3.12/site-packages/airflow/example_dags/example_task_group_decorator.py
[2025-04-04T13:48:50.464+0000] {processor.py:925} INFO - DAG(s) 'example_task_group_decorator' retrieved from /home/airflow/.local/lib/python3.12/site-packages/airflow/example_dags/example_task_group_decorator.py
[2025-04-04T13:48:50.534+0000] {logging_mixin.py:190} INFO - [2025-04-04T13:48:50.534+0000] {dag.py:3239} INFO - Sync 1 DAGs
[2025-04-04T13:48:50.564+0000] {logging_mixin.py:190} INFO - [2025-04-04T13:48:50.563+0000] {dag.py:4180} INFO - Setting next_dagrun for example_task_group_decorator to None, run_after=None
[2025-04-04T13:48:50.612+0000] {processor.py:208} INFO - Processing /home/airflow/.local/lib/python3.12/site-packages/airflow/example_dags/example_task_group_decorator.py took 0.221 seconds
[2025-04-04T13:49:23.267+0000] {processor.py:186} INFO - Started process (PID=1596) to work on /home/airflow/.local/lib/python3.12/site-packages/airflow/example_dags/example_task_group_decorator.py
[2025-04-04T13:49:23.272+0000] {processor.py:914} INFO - Processing file /home/airflow/.local/lib/python3.12/site-packages/airflow/example_dags/example_task_group_decorator.py for tasks to queue
[2025-04-04T13:49:23.296+0000] {logging_mixin.py:190} INFO - [2025-04-04T13:49:23.295+0000] {dagbag.py:588} INFO - Filling up the DagBag from /home/airflow/.local/lib/python3.12/site-packages/airflow/example_dags/example_task_group_decorator.py
[2025-04-04T13:49:23.396+0000] {processor.py:925} INFO - DAG(s) 'example_task_group_decorator' retrieved from /home/airflow/.local/lib/python3.12/site-packages/airflow/example_dags/example_task_group_decorator.py
[2025-04-04T13:49:23.569+0000] {logging_mixin.py:190} INFO - [2025-04-04T13:49:23.568+0000] {dag.py:3239} INFO - Sync 1 DAGs
[2025-04-04T13:49:23.632+0000] {logging_mixin.py:190} INFO - [2025-04-04T13:49:23.631+0000] {dag.py:4180} INFO - Setting next_dagrun for example_task_group_decorator to None, run_after=None
[2025-04-04T13:49:23.726+0000] {processor.py:208} INFO - Processing /home/airflow/.local/lib/python3.12/site-packages/airflow/example_dags/example_task_group_decorator.py took 0.513 seconds
[2025-04-04T13:49:53.966+0000] {processor.py:186} INFO - Started process (PID=1659) to work on /home/airflow/.local/lib/python3.12/site-packages/airflow/example_dags/example_task_group_decorator.py
[2025-04-04T13:49:53.969+0000] {processor.py:914} INFO - Processing file /home/airflow/.local/lib/python3.12/site-packages/airflow/example_dags/example_task_group_decorator.py for tasks to queue
[2025-04-04T13:49:53.985+0000] {logging_mixin.py:190} INFO - [2025-04-04T13:49:53.984+0000] {dagbag.py:588} INFO - Filling up the DagBag from /home/airflow/.local/lib/python3.12/site-packages/airflow/example_dags/example_task_group_decorator.py
[2025-04-04T13:49:54.078+0000] {processor.py:925} INFO - DAG(s) 'example_task_group_decorator' retrieved from /home/airflow/.local/lib/python3.12/site-packages/airflow/example_dags/example_task_group_decorator.py
[2025-04-04T13:49:54.197+0000] {logging_mixin.py:190} INFO - [2025-04-04T13:49:54.197+0000] {dag.py:3239} INFO - Sync 1 DAGs
[2025-04-04T13:49:54.251+0000] {logging_mixin.py:190} INFO - [2025-04-04T13:49:54.251+0000] {dag.py:4180} INFO - Setting next_dagrun for example_task_group_decorator to None, run_after=None
[2025-04-04T13:49:54.326+0000] {processor.py:208} INFO - Processing /home/airflow/.local/lib/python3.12/site-packages/airflow/example_dags/example_task_group_decorator.py took 0.392 seconds
[2025-04-04T13:50:25.722+0000] {processor.py:186} INFO - Started process (PID=1721) to work on /home/airflow/.local/lib/python3.12/site-packages/airflow/example_dags/example_task_group_decorator.py
[2025-04-04T13:50:25.729+0000] {processor.py:914} INFO - Processing file /home/airflow/.local/lib/python3.12/site-packages/airflow/example_dags/example_task_group_decorator.py for tasks to queue
[2025-04-04T13:50:25.738+0000] {logging_mixin.py:190} INFO - [2025-04-04T13:50:25.737+0000] {dagbag.py:588} INFO - Filling up the DagBag from /home/airflow/.local/lib/python3.12/site-packages/airflow/example_dags/example_task_group_decorator.py
[2025-04-04T13:50:25.809+0000] {processor.py:925} INFO - DAG(s) 'example_task_group_decorator' retrieved from /home/airflow/.local/lib/python3.12/site-packages/airflow/example_dags/example_task_group_decorator.py
[2025-04-04T13:50:26.017+0000] {logging_mixin.py:190} INFO - [2025-04-04T13:50:26.016+0000] {dag.py:3239} INFO - Sync 1 DAGs
[2025-04-04T13:50:26.093+0000] {logging_mixin.py:190} INFO - [2025-04-04T13:50:26.092+0000] {dag.py:4180} INFO - Setting next_dagrun for example_task_group_decorator to None, run_after=None
[2025-04-04T13:50:26.164+0000] {processor.py:208} INFO - Processing /home/airflow/.local/lib/python3.12/site-packages/airflow/example_dags/example_task_group_decorator.py took 0.493 seconds
[2025-04-04T13:50:56.316+0000] {processor.py:186} INFO - Started process (PID=1790) to work on /home/airflow/.local/lib/python3.12/site-packages/airflow/example_dags/example_task_group_decorator.py
[2025-04-04T13:50:56.319+0000] {processor.py:914} INFO - Processing file /home/airflow/.local/lib/python3.12/site-packages/airflow/example_dags/example_task_group_decorator.py for tasks to queue
[2025-04-04T13:50:56.324+0000] {logging_mixin.py:190} INFO - [2025-04-04T13:50:56.323+0000] {dagbag.py:588} INFO - Filling up the DagBag from /home/airflow/.local/lib/python3.12/site-packages/airflow/example_dags/example_task_group_decorator.py
[2025-04-04T13:50:56.369+0000] {processor.py:925} INFO - DAG(s) 'example_task_group_decorator' retrieved from /home/airflow/.local/lib/python3.12/site-packages/airflow/example_dags/example_task_group_decorator.py
[2025-04-04T13:50:56.441+0000] {logging_mixin.py:190} INFO - [2025-04-04T13:50:56.440+0000] {dag.py:3239} INFO - Sync 1 DAGs
[2025-04-04T13:50:56.478+0000] {logging_mixin.py:190} INFO - [2025-04-04T13:50:56.477+0000] {dag.py:4180} INFO - Setting next_dagrun for example_task_group_decorator to None, run_after=None
[2025-04-04T13:50:56.519+0000] {processor.py:208} INFO - Processing /home/airflow/.local/lib/python3.12/site-packages/airflow/example_dags/example_task_group_decorator.py took 0.216 seconds
[2025-04-04T13:51:27.203+0000] {processor.py:186} INFO - Started process (PID=1853) to work on /home/airflow/.local/lib/python3.12/site-packages/airflow/example_dags/example_task_group_decorator.py
[2025-04-04T13:51:27.205+0000] {processor.py:914} INFO - Processing file /home/airflow/.local/lib/python3.12/site-packages/airflow/example_dags/example_task_group_decorator.py for tasks to queue
[2025-04-04T13:51:27.210+0000] {logging_mixin.py:190} INFO - [2025-04-04T13:51:27.209+0000] {dagbag.py:588} INFO - Filling up the DagBag from /home/airflow/.local/lib/python3.12/site-packages/airflow/example_dags/example_task_group_decorator.py
[2025-04-04T13:51:27.255+0000] {processor.py:925} INFO - DAG(s) 'example_task_group_decorator' retrieved from /home/airflow/.local/lib/python3.12/site-packages/airflow/example_dags/example_task_group_decorator.py
[2025-04-04T13:51:27.317+0000] {logging_mixin.py:190} INFO - [2025-04-04T13:51:27.316+0000] {dag.py:3239} INFO - Sync 1 DAGs
[2025-04-04T13:51:27.350+0000] {logging_mixin.py:190} INFO - [2025-04-04T13:51:27.350+0000] {dag.py:4180} INFO - Setting next_dagrun for example_task_group_decorator to None, run_after=None
[2025-04-04T13:51:27.399+0000] {processor.py:208} INFO - Processing /home/airflow/.local/lib/python3.12/site-packages/airflow/example_dags/example_task_group_decorator.py took 0.211 seconds
[2025-04-04T13:51:58.603+0000] {processor.py:186} INFO - Started process (PID=1916) to work on /home/airflow/.local/lib/python3.12/site-packages/airflow/example_dags/example_task_group_decorator.py
[2025-04-04T13:51:58.605+0000] {processor.py:914} INFO - Processing file /home/airflow/.local/lib/python3.12/site-packages/airflow/example_dags/example_task_group_decorator.py for tasks to queue
[2025-04-04T13:51:58.612+0000] {logging_mixin.py:190} INFO - [2025-04-04T13:51:58.611+0000] {dagbag.py:588} INFO - Filling up the DagBag from /home/airflow/.local/lib/python3.12/site-packages/airflow/example_dags/example_task_group_decorator.py
[2025-04-04T13:51:58.653+0000] {processor.py:925} INFO - DAG(s) 'example_task_group_decorator' retrieved from /home/airflow/.local/lib/python3.12/site-packages/airflow/example_dags/example_task_group_decorator.py
[2025-04-04T13:51:58.720+0000] {logging_mixin.py:190} INFO - [2025-04-04T13:51:58.720+0000] {dag.py:3239} INFO - Sync 1 DAGs
[2025-04-04T13:51:58.787+0000] {logging_mixin.py:190} INFO - [2025-04-04T13:51:58.786+0000] {dag.py:4180} INFO - Setting next_dagrun for example_task_group_decorator to None, run_after=None
[2025-04-04T13:51:58.883+0000] {processor.py:208} INFO - Processing /home/airflow/.local/lib/python3.12/site-packages/airflow/example_dags/example_task_group_decorator.py took 0.294 seconds
[2025-04-04T13:52:29.221+0000] {processor.py:186} INFO - Started process (PID=1979) to work on /home/airflow/.local/lib/python3.12/site-packages/airflow/example_dags/example_task_group_decorator.py
[2025-04-04T13:52:29.223+0000] {processor.py:914} INFO - Processing file /home/airflow/.local/lib/python3.12/site-packages/airflow/example_dags/example_task_group_decorator.py for tasks to queue
[2025-04-04T13:52:29.230+0000] {logging_mixin.py:190} INFO - [2025-04-04T13:52:29.229+0000] {dagbag.py:588} INFO - Filling up the DagBag from /home/airflow/.local/lib/python3.12/site-packages/airflow/example_dags/example_task_group_decorator.py
[2025-04-04T13:52:29.284+0000] {processor.py:925} INFO - DAG(s) 'example_task_group_decorator' retrieved from /home/airflow/.local/lib/python3.12/site-packages/airflow/example_dags/example_task_group_decorator.py
[2025-04-04T13:52:29.366+0000] {logging_mixin.py:190} INFO - [2025-04-04T13:52:29.366+0000] {dag.py:3239} INFO - Sync 1 DAGs
[2025-04-04T13:52:29.416+0000] {logging_mixin.py:190} INFO - [2025-04-04T13:52:29.415+0000] {dag.py:4180} INFO - Setting next_dagrun for example_task_group_decorator to None, run_after=None
[2025-04-04T13:52:29.465+0000] {processor.py:208} INFO - Processing /home/airflow/.local/lib/python3.12/site-packages/airflow/example_dags/example_task_group_decorator.py took 0.264 seconds
[2025-04-04T13:53:00.202+0000] {processor.py:186} INFO - Started process (PID=2043) to work on /home/airflow/.local/lib/python3.12/site-packages/airflow/example_dags/example_task_group_decorator.py
[2025-04-04T13:53:00.204+0000] {processor.py:914} INFO - Processing file /home/airflow/.local/lib/python3.12/site-packages/airflow/example_dags/example_task_group_decorator.py for tasks to queue
[2025-04-04T13:53:00.209+0000] {logging_mixin.py:190} INFO - [2025-04-04T13:53:00.207+0000] {dagbag.py:588} INFO - Filling up the DagBag from /home/airflow/.local/lib/python3.12/site-packages/airflow/example_dags/example_task_group_decorator.py
[2025-04-04T13:53:00.256+0000] {processor.py:925} INFO - DAG(s) 'example_task_group_decorator' retrieved from /home/airflow/.local/lib/python3.12/site-packages/airflow/example_dags/example_task_group_decorator.py
[2025-04-04T13:53:00.337+0000] {logging_mixin.py:190} INFO - [2025-04-04T13:53:00.336+0000] {dag.py:3239} INFO - Sync 1 DAGs
[2025-04-04T13:53:00.379+0000] {logging_mixin.py:190} INFO - [2025-04-04T13:53:00.379+0000] {dag.py:4180} INFO - Setting next_dagrun for example_task_group_decorator to None, run_after=None
[2025-04-04T13:53:00.423+0000] {processor.py:208} INFO - Processing /home/airflow/.local/lib/python3.12/site-packages/airflow/example_dags/example_task_group_decorator.py took 0.237 seconds
[2025-04-04T13:53:32.080+0000] {processor.py:186} INFO - Started process (PID=2107) to work on /home/airflow/.local/lib/python3.12/site-packages/airflow/example_dags/example_task_group_decorator.py
[2025-04-04T13:53:32.089+0000] {processor.py:914} INFO - Processing file /home/airflow/.local/lib/python3.12/site-packages/airflow/example_dags/example_task_group_decorator.py for tasks to queue
[2025-04-04T13:53:32.095+0000] {logging_mixin.py:190} INFO - [2025-04-04T13:53:32.094+0000] {dagbag.py:588} INFO - Filling up the DagBag from /home/airflow/.local/lib/python3.12/site-packages/airflow/example_dags/example_task_group_decorator.py
[2025-04-04T13:53:32.143+0000] {processor.py:925} INFO - DAG(s) 'example_task_group_decorator' retrieved from /home/airflow/.local/lib/python3.12/site-packages/airflow/example_dags/example_task_group_decorator.py
[2025-04-04T13:53:32.228+0000] {logging_mixin.py:190} INFO - [2025-04-04T13:53:32.227+0000] {dag.py:3239} INFO - Sync 1 DAGs
[2025-04-04T13:53:32.267+0000] {logging_mixin.py:190} INFO - [2025-04-04T13:53:32.266+0000] {dag.py:4180} INFO - Setting next_dagrun for example_task_group_decorator to None, run_after=None
[2025-04-04T13:53:32.312+0000] {processor.py:208} INFO - Processing /home/airflow/.local/lib/python3.12/site-packages/airflow/example_dags/example_task_group_decorator.py took 0.270 seconds
[2025-04-04T13:54:03.797+0000] {processor.py:186} INFO - Started process (PID=2170) to work on /home/airflow/.local/lib/python3.12/site-packages/airflow/example_dags/example_task_group_decorator.py
[2025-04-04T13:54:03.800+0000] {processor.py:914} INFO - Processing file /home/airflow/.local/lib/python3.12/site-packages/airflow/example_dags/example_task_group_decorator.py for tasks to queue
[2025-04-04T13:54:03.809+0000] {logging_mixin.py:190} INFO - [2025-04-04T13:54:03.807+0000] {dagbag.py:588} INFO - Filling up the DagBag from /home/airflow/.local/lib/python3.12/site-packages/airflow/example_dags/example_task_group_decorator.py
[2025-04-04T13:54:03.849+0000] {processor.py:925} INFO - DAG(s) 'example_task_group_decorator' retrieved from /home/airflow/.local/lib/python3.12/site-packages/airflow/example_dags/example_task_group_decorator.py
[2025-04-04T13:54:03.926+0000] {logging_mixin.py:190} INFO - [2025-04-04T13:54:03.925+0000] {dag.py:3239} INFO - Sync 1 DAGs
[2025-04-04T13:54:03.970+0000] {logging_mixin.py:190} INFO - [2025-04-04T13:54:03.968+0000] {dag.py:4180} INFO - Setting next_dagrun for example_task_group_decorator to None, run_after=None
[2025-04-04T13:54:04.021+0000] {processor.py:208} INFO - Processing /home/airflow/.local/lib/python3.12/site-packages/airflow/example_dags/example_task_group_decorator.py took 0.237 seconds
[2025-04-04T13:54:34.826+0000] {processor.py:186} INFO - Started process (PID=2234) to work on /home/airflow/.local/lib/python3.12/site-packages/airflow/example_dags/example_task_group_decorator.py
[2025-04-04T13:54:34.828+0000] {processor.py:914} INFO - Processing file /home/airflow/.local/lib/python3.12/site-packages/airflow/example_dags/example_task_group_decorator.py for tasks to queue
[2025-04-04T13:54:34.835+0000] {logging_mixin.py:190} INFO - [2025-04-04T13:54:34.834+0000] {dagbag.py:588} INFO - Filling up the DagBag from /home/airflow/.local/lib/python3.12/site-packages/airflow/example_dags/example_task_group_decorator.py
[2025-04-04T13:54:34.947+0000] {processor.py:925} INFO - DAG(s) 'example_task_group_decorator' retrieved from /home/airflow/.local/lib/python3.12/site-packages/airflow/example_dags/example_task_group_decorator.py
[2025-04-04T13:54:35.169+0000] {logging_mixin.py:190} INFO - [2025-04-04T13:54:35.168+0000] {dag.py:3239} INFO - Sync 1 DAGs
[2025-04-04T13:54:35.289+0000] {logging_mixin.py:190} INFO - [2025-04-04T13:54:35.288+0000] {dag.py:4180} INFO - Setting next_dagrun for example_task_group_decorator to None, run_after=None
[2025-04-04T13:54:35.462+0000] {processor.py:208} INFO - Processing /home/airflow/.local/lib/python3.12/site-packages/airflow/example_dags/example_task_group_decorator.py took 0.651 seconds
[2025-04-04T13:55:06.173+0000] {processor.py:186} INFO - Started process (PID=2296) to work on /home/airflow/.local/lib/python3.12/site-packages/airflow/example_dags/example_task_group_decorator.py
[2025-04-04T13:55:06.175+0000] {processor.py:914} INFO - Processing file /home/airflow/.local/lib/python3.12/site-packages/airflow/example_dags/example_task_group_decorator.py for tasks to queue
[2025-04-04T13:55:06.180+0000] {logging_mixin.py:190} INFO - [2025-04-04T13:55:06.179+0000] {dagbag.py:588} INFO - Filling up the DagBag from /home/airflow/.local/lib/python3.12/site-packages/airflow/example_dags/example_task_group_decorator.py
[2025-04-04T13:55:06.240+0000] {processor.py:925} INFO - DAG(s) 'example_task_group_decorator' retrieved from /home/airflow/.local/lib/python3.12/site-packages/airflow/example_dags/example_task_group_decorator.py
[2025-04-04T13:55:06.335+0000] {logging_mixin.py:190} INFO - [2025-04-04T13:55:06.334+0000] {dag.py:3239} INFO - Sync 1 DAGs
[2025-04-04T13:55:06.372+0000] {logging_mixin.py:190} INFO - [2025-04-04T13:55:06.371+0000] {dag.py:4180} INFO - Setting next_dagrun for example_task_group_decorator to None, run_after=None
[2025-04-04T13:55:06.439+0000] {processor.py:208} INFO - Processing /home/airflow/.local/lib/python3.12/site-packages/airflow/example_dags/example_task_group_decorator.py took 0.281 seconds
[2025-04-04T13:55:37.301+0000] {processor.py:186} INFO - Started process (PID=2358) to work on /home/airflow/.local/lib/python3.12/site-packages/airflow/example_dags/example_task_group_decorator.py
[2025-04-04T13:55:37.303+0000] {processor.py:914} INFO - Processing file /home/airflow/.local/lib/python3.12/site-packages/airflow/example_dags/example_task_group_decorator.py for tasks to queue
[2025-04-04T13:55:37.307+0000] {logging_mixin.py:190} INFO - [2025-04-04T13:55:37.306+0000] {dagbag.py:588} INFO - Filling up the DagBag from /home/airflow/.local/lib/python3.12/site-packages/airflow/example_dags/example_task_group_decorator.py
[2025-04-04T13:55:37.354+0000] {processor.py:925} INFO - DAG(s) 'example_task_group_decorator' retrieved from /home/airflow/.local/lib/python3.12/site-packages/airflow/example_dags/example_task_group_decorator.py
[2025-04-04T13:55:37.434+0000] {logging_mixin.py:190} INFO - [2025-04-04T13:55:37.434+0000] {dag.py:3239} INFO - Sync 1 DAGs
[2025-04-04T13:55:37.483+0000] {logging_mixin.py:190} INFO - [2025-04-04T13:55:37.482+0000] {dag.py:4180} INFO - Setting next_dagrun for example_task_group_decorator to None, run_after=None
[2025-04-04T13:55:37.529+0000] {processor.py:208} INFO - Processing /home/airflow/.local/lib/python3.12/site-packages/airflow/example_dags/example_task_group_decorator.py took 0.241 seconds
[2025-04-04T13:56:10.006+0000] {processor.py:186} INFO - Started process (PID=2422) to work on /home/airflow/.local/lib/python3.12/site-packages/airflow/example_dags/example_task_group_decorator.py
[2025-04-04T13:56:10.007+0000] {processor.py:914} INFO - Processing file /home/airflow/.local/lib/python3.12/site-packages/airflow/example_dags/example_task_group_decorator.py for tasks to queue
[2025-04-04T13:56:10.012+0000] {logging_mixin.py:190} INFO - [2025-04-04T13:56:10.011+0000] {dagbag.py:588} INFO - Filling up the DagBag from /home/airflow/.local/lib/python3.12/site-packages/airflow/example_dags/example_task_group_decorator.py
[2025-04-04T13:56:10.044+0000] {processor.py:925} INFO - DAG(s) 'example_task_group_decorator' retrieved from /home/airflow/.local/lib/python3.12/site-packages/airflow/example_dags/example_task_group_decorator.py
[2025-04-04T13:56:10.103+0000] {logging_mixin.py:190} INFO - [2025-04-04T13:56:10.103+0000] {dag.py:3239} INFO - Sync 1 DAGs
[2025-04-04T13:56:10.144+0000] {logging_mixin.py:190} INFO - [2025-04-04T13:56:10.144+0000] {dag.py:4180} INFO - Setting next_dagrun for example_task_group_decorator to None, run_after=None
[2025-04-04T13:56:10.184+0000] {processor.py:208} INFO - Processing /home/airflow/.local/lib/python3.12/site-packages/airflow/example_dags/example_task_group_decorator.py took 0.189 seconds
[2025-04-04T13:56:40.900+0000] {processor.py:186} INFO - Started process (PID=2484) to work on /home/airflow/.local/lib/python3.12/site-packages/airflow/example_dags/example_task_group_decorator.py
[2025-04-04T13:56:40.902+0000] {processor.py:914} INFO - Processing file /home/airflow/.local/lib/python3.12/site-packages/airflow/example_dags/example_task_group_decorator.py for tasks to queue
[2025-04-04T13:56:40.906+0000] {logging_mixin.py:190} INFO - [2025-04-04T13:56:40.905+0000] {dagbag.py:588} INFO - Filling up the DagBag from /home/airflow/.local/lib/python3.12/site-packages/airflow/example_dags/example_task_group_decorator.py
[2025-04-04T13:56:40.937+0000] {processor.py:925} INFO - DAG(s) 'example_task_group_decorator' retrieved from /home/airflow/.local/lib/python3.12/site-packages/airflow/example_dags/example_task_group_decorator.py
[2025-04-04T13:56:40.987+0000] {logging_mixin.py:190} INFO - [2025-04-04T13:56:40.987+0000] {dag.py:3239} INFO - Sync 1 DAGs
[2025-04-04T13:56:41.011+0000] {logging_mixin.py:190} INFO - [2025-04-04T13:56:41.011+0000] {dag.py:4180} INFO - Setting next_dagrun for example_task_group_decorator to None, run_after=None
[2025-04-04T13:56:41.044+0000] {processor.py:208} INFO - Processing /home/airflow/.local/lib/python3.12/site-packages/airflow/example_dags/example_task_group_decorator.py took 0.155 seconds
[2025-04-04T13:57:12.164+0000] {processor.py:186} INFO - Started process (PID=2548) to work on /home/airflow/.local/lib/python3.12/site-packages/airflow/example_dags/example_task_group_decorator.py
[2025-04-04T13:57:12.166+0000] {processor.py:914} INFO - Processing file /home/airflow/.local/lib/python3.12/site-packages/airflow/example_dags/example_task_group_decorator.py for tasks to queue
[2025-04-04T13:57:12.171+0000] {logging_mixin.py:190} INFO - [2025-04-04T13:57:12.171+0000] {dagbag.py:588} INFO - Filling up the DagBag from /home/airflow/.local/lib/python3.12/site-packages/airflow/example_dags/example_task_group_decorator.py
[2025-04-04T13:57:12.202+0000] {processor.py:925} INFO - DAG(s) 'example_task_group_decorator' retrieved from /home/airflow/.local/lib/python3.12/site-packages/airflow/example_dags/example_task_group_decorator.py
[2025-04-04T13:57:12.254+0000] {logging_mixin.py:190} INFO - [2025-04-04T13:57:12.253+0000] {dag.py:3239} INFO - Sync 1 DAGs
[2025-04-04T13:57:12.283+0000] {logging_mixin.py:190} INFO - [2025-04-04T13:57:12.282+0000] {dag.py:4180} INFO - Setting next_dagrun for example_task_group_decorator to None, run_after=None
[2025-04-04T13:57:12.317+0000] {processor.py:208} INFO - Processing /home/airflow/.local/lib/python3.12/site-packages/airflow/example_dags/example_task_group_decorator.py took 0.163 seconds
[2025-04-04T13:57:46.707+0000] {processor.py:186} INFO - Started process (PID=2612) to work on /home/airflow/.local/lib/python3.12/site-packages/airflow/example_dags/example_task_group_decorator.py
[2025-04-04T13:57:46.712+0000] {processor.py:914} INFO - Processing file /home/airflow/.local/lib/python3.12/site-packages/airflow/example_dags/example_task_group_decorator.py for tasks to queue
[2025-04-04T13:57:46.722+0000] {logging_mixin.py:190} INFO - [2025-04-04T13:57:46.722+0000] {dagbag.py:588} INFO - Filling up the DagBag from /home/airflow/.local/lib/python3.12/site-packages/airflow/example_dags/example_task_group_decorator.py
[2025-04-04T13:57:46.785+0000] {processor.py:925} INFO - DAG(s) 'example_task_group_decorator' retrieved from /home/airflow/.local/lib/python3.12/site-packages/airflow/example_dags/example_task_group_decorator.py
[2025-04-04T13:57:46.887+0000] {logging_mixin.py:190} INFO - [2025-04-04T13:57:46.886+0000] {dag.py:3239} INFO - Sync 1 DAGs
[2025-04-04T13:57:46.935+0000] {logging_mixin.py:190} INFO - [2025-04-04T13:57:46.933+0000] {dag.py:4180} INFO - Setting next_dagrun for example_task_group_decorator to None, run_after=None
[2025-04-04T13:57:46.982+0000] {processor.py:208} INFO - Processing /home/airflow/.local/lib/python3.12/site-packages/airflow/example_dags/example_task_group_decorator.py took 0.303 seconds
[2025-04-04T13:58:18.165+0000] {processor.py:186} INFO - Started process (PID=2675) to work on /home/airflow/.local/lib/python3.12/site-packages/airflow/example_dags/example_task_group_decorator.py
[2025-04-04T13:58:18.168+0000] {processor.py:914} INFO - Processing file /home/airflow/.local/lib/python3.12/site-packages/airflow/example_dags/example_task_group_decorator.py for tasks to queue
[2025-04-04T13:58:18.174+0000] {logging_mixin.py:190} INFO - [2025-04-04T13:58:18.174+0000] {dagbag.py:588} INFO - Filling up the DagBag from /home/airflow/.local/lib/python3.12/site-packages/airflow/example_dags/example_task_group_decorator.py
[2025-04-04T13:58:18.217+0000] {processor.py:925} INFO - DAG(s) 'example_task_group_decorator' retrieved from /home/airflow/.local/lib/python3.12/site-packages/airflow/example_dags/example_task_group_decorator.py
[2025-04-04T13:58:18.283+0000] {logging_mixin.py:190} INFO - [2025-04-04T13:58:18.282+0000] {dag.py:3239} INFO - Sync 1 DAGs
[2025-04-04T13:58:18.317+0000] {logging_mixin.py:190} INFO - [2025-04-04T13:58:18.316+0000] {dag.py:4180} INFO - Setting next_dagrun for example_task_group_decorator to None, run_after=None
[2025-04-04T13:58:18.368+0000] {processor.py:208} INFO - Processing /home/airflow/.local/lib/python3.12/site-packages/airflow/example_dags/example_task_group_decorator.py took 0.219 seconds
[2025-04-04T13:58:53.925+0000] {processor.py:186} INFO - Started process (PID=2738) to work on /home/airflow/.local/lib/python3.12/site-packages/airflow/example_dags/example_task_group_decorator.py
[2025-04-04T13:58:53.927+0000] {processor.py:914} INFO - Processing file /home/airflow/.local/lib/python3.12/site-packages/airflow/example_dags/example_task_group_decorator.py for tasks to queue
[2025-04-04T13:58:53.935+0000] {logging_mixin.py:190} INFO - [2025-04-04T13:58:53.934+0000] {dagbag.py:588} INFO - Filling up the DagBag from /home/airflow/.local/lib/python3.12/site-packages/airflow/example_dags/example_task_group_decorator.py
[2025-04-04T13:58:53.991+0000] {processor.py:925} INFO - DAG(s) 'example_task_group_decorator' retrieved from /home/airflow/.local/lib/python3.12/site-packages/airflow/example_dags/example_task_group_decorator.py
[2025-04-04T13:58:54.077+0000] {logging_mixin.py:190} INFO - [2025-04-04T13:58:54.077+0000] {dag.py:3239} INFO - Sync 1 DAGs
[2025-04-04T13:58:54.155+0000] {logging_mixin.py:190} INFO - [2025-04-04T13:58:54.155+0000] {dag.py:4180} INFO - Setting next_dagrun for example_task_group_decorator to None, run_after=None
[2025-04-04T13:58:54.270+0000] {processor.py:208} INFO - Processing /home/airflow/.local/lib/python3.12/site-packages/airflow/example_dags/example_task_group_decorator.py took 0.365 seconds
