[2025-04-04T13:36:25.024+0000] {processor.py:186} INFO - Started process (PID=78) to work on /home/airflow/.local/lib/python3.12/site-packages/airflow/example_dags/example_branch_labels.py
[2025-04-04T13:36:25.036+0000] {processor.py:914} INFO - Processing file /home/airflow/.local/lib/python3.12/site-packages/airflow/example_dags/example_branch_labels.py for tasks to queue
[2025-04-04T13:36:25.052+0000] {logging_mixin.py:190} INFO - [2025-04-04T13:36:25.051+0000] {dagbag.py:588} INFO - Filling up the DagBag from /home/airflow/.local/lib/python3.12/site-packages/airflow/example_dags/example_branch_labels.py
[2025-04-04T13:36:25.128+0000] {processor.py:925} INFO - DAG(s) 'example_branch_labels' retrieved from /home/airflow/.local/lib/python3.12/site-packages/airflow/example_dags/example_branch_labels.py
[2025-04-04T13:36:25.528+0000] {logging_mixin.py:190} INFO - [2025-04-04T13:36:25.526+0000] {override.py:1912} INFO - Created Permission View: can edit on DAG:example_branch_labels
[2025-04-04T13:36:25.573+0000] {logging_mixin.py:190} INFO - [2025-04-04T13:36:25.572+0000] {override.py:1912} INFO - Created Permission View: can delete on DAG:example_branch_labels
[2025-04-04T13:36:25.617+0000] {logging_mixin.py:190} INFO - [2025-04-04T13:36:25.616+0000] {override.py:1912} INFO - Created Permission View: can read on DAG:example_branch_labels
[2025-04-04T13:36:25.655+0000] {logging_mixin.py:190} INFO - [2025-04-04T13:36:25.654+0000] {override.py:1912} INFO - Created Permission View: can delete on DAG Run:example_branch_labels
[2025-04-04T13:36:25.689+0000] {logging_mixin.py:190} INFO - [2025-04-04T13:36:25.689+0000] {override.py:1912} INFO - Created Permission View: can read on DAG Run:example_branch_labels
[2025-04-04T13:36:25.719+0000] {logging_mixin.py:190} INFO - [2025-04-04T13:36:25.718+0000] {override.py:1912} INFO - Created Permission View: can create on DAG Run:example_branch_labels
[2025-04-04T13:36:25.737+0000] {logging_mixin.py:190} INFO - [2025-04-04T13:36:25.737+0000] {override.py:1912} INFO - Created Permission View: menu access on DAG Run:example_branch_labels
[2025-04-04T13:36:25.739+0000] {logging_mixin.py:190} INFO - [2025-04-04T13:36:25.738+0000] {dag.py:3239} INFO - Sync 1 DAGs
[2025-04-04T13:36:25.770+0000] {logging_mixin.py:190} INFO - [2025-04-04T13:36:25.770+0000] {dag.py:3262} INFO - Creating ORM DAG for example_branch_labels
[2025-04-04T13:36:25.802+0000] {logging_mixin.py:190} INFO - [2025-04-04T13:36:25.802+0000] {dag.py:4180} INFO - Setting next_dagrun for example_branch_labels to 2025-04-03 00:00:00+00:00, run_after=2025-04-04 00:00:00+00:00
[2025-04-04T13:36:25.869+0000] {processor.py:208} INFO - Processing /home/airflow/.local/lib/python3.12/site-packages/airflow/example_dags/example_branch_labels.py took 0.863 seconds
[2025-04-04T13:36:57.073+0000] {processor.py:186} INFO - Started process (PID=141) to work on /home/airflow/.local/lib/python3.12/site-packages/airflow/example_dags/example_branch_labels.py
[2025-04-04T13:36:57.075+0000] {processor.py:914} INFO - Processing file /home/airflow/.local/lib/python3.12/site-packages/airflow/example_dags/example_branch_labels.py for tasks to queue
[2025-04-04T13:36:57.078+0000] {logging_mixin.py:190} INFO - [2025-04-04T13:36:57.078+0000] {dagbag.py:588} INFO - Filling up the DagBag from /home/airflow/.local/lib/python3.12/site-packages/airflow/example_dags/example_branch_labels.py
[2025-04-04T13:36:57.095+0000] {processor.py:925} INFO - DAG(s) 'example_branch_labels' retrieved from /home/airflow/.local/lib/python3.12/site-packages/airflow/example_dags/example_branch_labels.py
[2025-04-04T13:36:57.134+0000] {logging_mixin.py:190} INFO - [2025-04-04T13:36:57.134+0000] {dag.py:3239} INFO - Sync 1 DAGs
[2025-04-04T13:36:57.230+0000] {logging_mixin.py:190} INFO - [2025-04-04T13:36:57.229+0000] {dag.py:4180} INFO - Setting next_dagrun for example_branch_labels to 2025-04-03 00:00:00+00:00, run_after=2025-04-04 00:00:00+00:00
[2025-04-04T13:36:57.278+0000] {processor.py:208} INFO - Processing /home/airflow/.local/lib/python3.12/site-packages/airflow/example_dags/example_branch_labels.py took 0.214 seconds
[2025-04-04T13:37:27.675+0000] {processor.py:186} INFO - Started process (PID=204) to work on /home/airflow/.local/lib/python3.12/site-packages/airflow/example_dags/example_branch_labels.py
[2025-04-04T13:37:27.677+0000] {processor.py:914} INFO - Processing file /home/airflow/.local/lib/python3.12/site-packages/airflow/example_dags/example_branch_labels.py for tasks to queue
[2025-04-04T13:37:27.682+0000] {logging_mixin.py:190} INFO - [2025-04-04T13:37:27.681+0000] {dagbag.py:588} INFO - Filling up the DagBag from /home/airflow/.local/lib/python3.12/site-packages/airflow/example_dags/example_branch_labels.py
[2025-04-04T13:37:27.704+0000] {processor.py:925} INFO - DAG(s) 'example_branch_labels' retrieved from /home/airflow/.local/lib/python3.12/site-packages/airflow/example_dags/example_branch_labels.py
[2025-04-04T13:37:27.742+0000] {logging_mixin.py:190} INFO - [2025-04-04T13:37:27.742+0000] {dag.py:3239} INFO - Sync 1 DAGs
[2025-04-04T13:37:27.782+0000] {logging_mixin.py:190} INFO - [2025-04-04T13:37:27.782+0000] {dag.py:4180} INFO - Setting next_dagrun for example_branch_labels to 2025-04-03 00:00:00+00:00, run_after=2025-04-04 00:00:00+00:00
[2025-04-04T13:37:27.811+0000] {processor.py:208} INFO - Processing /home/airflow/.local/lib/python3.12/site-packages/airflow/example_dags/example_branch_labels.py took 0.147 seconds
[2025-04-04T13:37:58.700+0000] {processor.py:186} INFO - Started process (PID=267) to work on /home/airflow/.local/lib/python3.12/site-packages/airflow/example_dags/example_branch_labels.py
[2025-04-04T13:37:58.702+0000] {processor.py:914} INFO - Processing file /home/airflow/.local/lib/python3.12/site-packages/airflow/example_dags/example_branch_labels.py for tasks to queue
[2025-04-04T13:37:58.705+0000] {logging_mixin.py:190} INFO - [2025-04-04T13:37:58.705+0000] {dagbag.py:588} INFO - Filling up the DagBag from /home/airflow/.local/lib/python3.12/site-packages/airflow/example_dags/example_branch_labels.py
[2025-04-04T13:37:58.729+0000] {processor.py:925} INFO - DAG(s) 'example_branch_labels' retrieved from /home/airflow/.local/lib/python3.12/site-packages/airflow/example_dags/example_branch_labels.py
[2025-04-04T13:37:58.767+0000] {logging_mixin.py:190} INFO - [2025-04-04T13:37:58.766+0000] {dag.py:3239} INFO - Sync 1 DAGs
[2025-04-04T13:37:58.806+0000] {logging_mixin.py:190} INFO - [2025-04-04T13:37:58.806+0000] {dag.py:4180} INFO - Setting next_dagrun for example_branch_labels to 2025-04-03 00:00:00+00:00, run_after=2025-04-04 00:00:00+00:00
[2025-04-04T13:37:58.832+0000] {processor.py:208} INFO - Processing /home/airflow/.local/lib/python3.12/site-packages/airflow/example_dags/example_branch_labels.py took 0.144 seconds
[2025-04-04T13:38:29.661+0000] {processor.py:186} INFO - Started process (PID=320) to work on /home/airflow/.local/lib/python3.12/site-packages/airflow/example_dags/example_branch_labels.py
[2025-04-04T13:38:29.664+0000] {processor.py:914} INFO - Processing file /home/airflow/.local/lib/python3.12/site-packages/airflow/example_dags/example_branch_labels.py for tasks to queue
[2025-04-04T13:38:29.668+0000] {logging_mixin.py:190} INFO - [2025-04-04T13:38:29.668+0000] {dagbag.py:588} INFO - Filling up the DagBag from /home/airflow/.local/lib/python3.12/site-packages/airflow/example_dags/example_branch_labels.py
[2025-04-04T13:38:29.692+0000] {processor.py:925} INFO - DAG(s) 'example_branch_labels' retrieved from /home/airflow/.local/lib/python3.12/site-packages/airflow/example_dags/example_branch_labels.py
[2025-04-04T13:38:29.736+0000] {logging_mixin.py:190} INFO - [2025-04-04T13:38:29.735+0000] {dag.py:3239} INFO - Sync 1 DAGs
[2025-04-04T13:38:29.790+0000] {logging_mixin.py:190} INFO - [2025-04-04T13:38:29.789+0000] {dag.py:4180} INFO - Setting next_dagrun for example_branch_labels to 2025-04-03 00:00:00+00:00, run_after=2025-04-04 00:00:00+00:00
[2025-04-04T13:38:29.828+0000] {processor.py:208} INFO - Processing /home/airflow/.local/lib/python3.12/site-packages/airflow/example_dags/example_branch_labels.py took 0.180 seconds
[2025-04-04T13:39:02.341+0000] {processor.py:186} INFO - Started process (PID=378) to work on /home/airflow/.local/lib/python3.12/site-packages/airflow/example_dags/example_branch_labels.py
[2025-04-04T13:39:02.344+0000] {processor.py:914} INFO - Processing file /home/airflow/.local/lib/python3.12/site-packages/airflow/example_dags/example_branch_labels.py for tasks to queue
[2025-04-04T13:39:02.355+0000] {logging_mixin.py:190} INFO - [2025-04-04T13:39:02.354+0000] {dagbag.py:588} INFO - Filling up the DagBag from /home/airflow/.local/lib/python3.12/site-packages/airflow/example_dags/example_branch_labels.py
[2025-04-04T13:39:02.386+0000] {processor.py:925} INFO - DAG(s) 'example_branch_labels' retrieved from /home/airflow/.local/lib/python3.12/site-packages/airflow/example_dags/example_branch_labels.py
[2025-04-04T13:39:02.456+0000] {logging_mixin.py:190} INFO - [2025-04-04T13:39:02.455+0000] {dag.py:3239} INFO - Sync 1 DAGs
[2025-04-04T13:39:02.568+0000] {logging_mixin.py:190} INFO - [2025-04-04T13:39:02.568+0000] {dag.py:4180} INFO - Setting next_dagrun for example_branch_labels to 2025-04-03 00:00:00+00:00, run_after=2025-04-04 00:00:00+00:00
[2025-04-04T13:39:02.622+0000] {processor.py:208} INFO - Processing /home/airflow/.local/lib/python3.12/site-packages/airflow/example_dags/example_branch_labels.py took 0.298 seconds
[2025-04-04T13:39:38.957+0000] {processor.py:186} INFO - Started process (PID=436) to work on /home/airflow/.local/lib/python3.12/site-packages/airflow/example_dags/example_branch_labels.py
[2025-04-04T13:39:38.966+0000] {processor.py:914} INFO - Processing file /home/airflow/.local/lib/python3.12/site-packages/airflow/example_dags/example_branch_labels.py for tasks to queue
[2025-04-04T13:39:38.993+0000] {logging_mixin.py:190} INFO - [2025-04-04T13:39:38.990+0000] {dagbag.py:588} INFO - Filling up the DagBag from /home/airflow/.local/lib/python3.12/site-packages/airflow/example_dags/example_branch_labels.py
[2025-04-04T13:39:39.039+0000] {processor.py:925} INFO - DAG(s) 'example_branch_labels' retrieved from /home/airflow/.local/lib/python3.12/site-packages/airflow/example_dags/example_branch_labels.py
[2025-04-04T13:39:39.311+0000] {logging_mixin.py:190} INFO - [2025-04-04T13:39:39.310+0000] {dag.py:3239} INFO - Sync 1 DAGs
[2025-04-04T13:39:39.512+0000] {logging_mixin.py:190} INFO - [2025-04-04T13:39:39.512+0000] {dag.py:4180} INFO - Setting next_dagrun for example_branch_labels to 2025-04-03 00:00:00+00:00, run_after=2025-04-04 00:00:00+00:00
[2025-04-04T13:39:39.607+0000] {processor.py:208} INFO - Processing /home/airflow/.local/lib/python3.12/site-packages/airflow/example_dags/example_branch_labels.py took 0.665 seconds
[2025-04-04T13:40:09.946+0000] {processor.py:186} INFO - Started process (PID=500) to work on /home/airflow/.local/lib/python3.12/site-packages/airflow/example_dags/example_branch_labels.py
[2025-04-04T13:40:09.948+0000] {processor.py:914} INFO - Processing file /home/airflow/.local/lib/python3.12/site-packages/airflow/example_dags/example_branch_labels.py for tasks to queue
[2025-04-04T13:40:09.956+0000] {logging_mixin.py:190} INFO - [2025-04-04T13:40:09.956+0000] {dagbag.py:588} INFO - Filling up the DagBag from /home/airflow/.local/lib/python3.12/site-packages/airflow/example_dags/example_branch_labels.py
[2025-04-04T13:40:09.979+0000] {processor.py:925} INFO - DAG(s) 'example_branch_labels' retrieved from /home/airflow/.local/lib/python3.12/site-packages/airflow/example_dags/example_branch_labels.py
[2025-04-04T13:40:10.037+0000] {logging_mixin.py:190} INFO - [2025-04-04T13:40:10.036+0000] {dag.py:3239} INFO - Sync 1 DAGs
[2025-04-04T13:40:10.098+0000] {logging_mixin.py:190} INFO - [2025-04-04T13:40:10.098+0000] {dag.py:4180} INFO - Setting next_dagrun for example_branch_labels to 2025-04-03 00:00:00+00:00, run_after=2025-04-04 00:00:00+00:00
[2025-04-04T13:40:10.134+0000] {processor.py:208} INFO - Processing /home/airflow/.local/lib/python3.12/site-packages/airflow/example_dags/example_branch_labels.py took 0.204 seconds
[2025-04-04T13:40:40.803+0000] {processor.py:186} INFO - Started process (PID=563) to work on /home/airflow/.local/lib/python3.12/site-packages/airflow/example_dags/example_branch_labels.py
[2025-04-04T13:40:40.804+0000] {processor.py:914} INFO - Processing file /home/airflow/.local/lib/python3.12/site-packages/airflow/example_dags/example_branch_labels.py for tasks to queue
[2025-04-04T13:40:40.808+0000] {logging_mixin.py:190} INFO - [2025-04-04T13:40:40.808+0000] {dagbag.py:588} INFO - Filling up the DagBag from /home/airflow/.local/lib/python3.12/site-packages/airflow/example_dags/example_branch_labels.py
[2025-04-04T13:40:40.825+0000] {processor.py:925} INFO - DAG(s) 'example_branch_labels' retrieved from /home/airflow/.local/lib/python3.12/site-packages/airflow/example_dags/example_branch_labels.py
[2025-04-04T13:40:40.876+0000] {logging_mixin.py:190} INFO - [2025-04-04T13:40:40.875+0000] {dag.py:3239} INFO - Sync 1 DAGs
[2025-04-04T13:40:40.937+0000] {logging_mixin.py:190} INFO - [2025-04-04T13:40:40.937+0000] {dag.py:4180} INFO - Setting next_dagrun for example_branch_labels to 2025-04-03 00:00:00+00:00, run_after=2025-04-04 00:00:00+00:00
[2025-04-04T13:40:40.975+0000] {processor.py:208} INFO - Processing /home/airflow/.local/lib/python3.12/site-packages/airflow/example_dags/example_branch_labels.py took 0.183 seconds
[2025-04-04T13:41:11.490+0000] {processor.py:186} INFO - Started process (PID=625) to work on /home/airflow/.local/lib/python3.12/site-packages/airflow/example_dags/example_branch_labels.py
[2025-04-04T13:41:11.493+0000] {processor.py:914} INFO - Processing file /home/airflow/.local/lib/python3.12/site-packages/airflow/example_dags/example_branch_labels.py for tasks to queue
[2025-04-04T13:41:11.497+0000] {logging_mixin.py:190} INFO - [2025-04-04T13:41:11.496+0000] {dagbag.py:588} INFO - Filling up the DagBag from /home/airflow/.local/lib/python3.12/site-packages/airflow/example_dags/example_branch_labels.py
[2025-04-04T13:41:11.524+0000] {processor.py:925} INFO - DAG(s) 'example_branch_labels' retrieved from /home/airflow/.local/lib/python3.12/site-packages/airflow/example_dags/example_branch_labels.py
[2025-04-04T13:41:11.573+0000] {logging_mixin.py:190} INFO - [2025-04-04T13:41:11.573+0000] {dag.py:3239} INFO - Sync 1 DAGs
[2025-04-04T13:41:11.621+0000] {logging_mixin.py:190} INFO - [2025-04-04T13:41:11.621+0000] {dag.py:4180} INFO - Setting next_dagrun for example_branch_labels to 2025-04-03 00:00:00+00:00, run_after=2025-04-04 00:00:00+00:00
[2025-04-04T13:41:11.659+0000] {processor.py:208} INFO - Processing /home/airflow/.local/lib/python3.12/site-packages/airflow/example_dags/example_branch_labels.py took 0.183 seconds
[2025-04-04T13:41:43.087+0000] {processor.py:186} INFO - Started process (PID=688) to work on /home/airflow/.local/lib/python3.12/site-packages/airflow/example_dags/example_branch_labels.py
[2025-04-04T13:41:43.089+0000] {processor.py:914} INFO - Processing file /home/airflow/.local/lib/python3.12/site-packages/airflow/example_dags/example_branch_labels.py for tasks to queue
[2025-04-04T13:41:43.094+0000] {logging_mixin.py:190} INFO - [2025-04-04T13:41:43.093+0000] {dagbag.py:588} INFO - Filling up the DagBag from /home/airflow/.local/lib/python3.12/site-packages/airflow/example_dags/example_branch_labels.py
[2025-04-04T13:41:43.112+0000] {processor.py:925} INFO - DAG(s) 'example_branch_labels' retrieved from /home/airflow/.local/lib/python3.12/site-packages/airflow/example_dags/example_branch_labels.py
[2025-04-04T13:41:43.151+0000] {logging_mixin.py:190} INFO - [2025-04-04T13:41:43.151+0000] {dag.py:3239} INFO - Sync 1 DAGs
[2025-04-04T13:41:43.199+0000] {logging_mixin.py:190} INFO - [2025-04-04T13:41:43.199+0000] {dag.py:4180} INFO - Setting next_dagrun for example_branch_labels to 2025-04-03 00:00:00+00:00, run_after=2025-04-04 00:00:00+00:00
[2025-04-04T13:41:43.231+0000] {processor.py:208} INFO - Processing /home/airflow/.local/lib/python3.12/site-packages/airflow/example_dags/example_branch_labels.py took 0.157 seconds
[2025-04-04T13:42:13.479+0000] {processor.py:186} INFO - Started process (PID=749) to work on /home/airflow/.local/lib/python3.12/site-packages/airflow/example_dags/example_branch_labels.py
[2025-04-04T13:42:13.480+0000] {processor.py:914} INFO - Processing file /home/airflow/.local/lib/python3.12/site-packages/airflow/example_dags/example_branch_labels.py for tasks to queue
[2025-04-04T13:42:13.484+0000] {logging_mixin.py:190} INFO - [2025-04-04T13:42:13.484+0000] {dagbag.py:588} INFO - Filling up the DagBag from /home/airflow/.local/lib/python3.12/site-packages/airflow/example_dags/example_branch_labels.py
[2025-04-04T13:42:13.502+0000] {processor.py:925} INFO - DAG(s) 'example_branch_labels' retrieved from /home/airflow/.local/lib/python3.12/site-packages/airflow/example_dags/example_branch_labels.py
[2025-04-04T13:42:13.554+0000] {logging_mixin.py:190} INFO - [2025-04-04T13:42:13.553+0000] {dag.py:3239} INFO - Sync 1 DAGs
[2025-04-04T13:42:13.619+0000] {logging_mixin.py:190} INFO - [2025-04-04T13:42:13.618+0000] {dag.py:4180} INFO - Setting next_dagrun for example_branch_labels to 2025-04-03 00:00:00+00:00, run_after=2025-04-04 00:00:00+00:00
[2025-04-04T13:42:13.651+0000] {processor.py:208} INFO - Processing /home/airflow/.local/lib/python3.12/site-packages/airflow/example_dags/example_branch_labels.py took 0.182 seconds
[2025-04-04T13:42:44.145+0000] {processor.py:186} INFO - Started process (PID=811) to work on /home/airflow/.local/lib/python3.12/site-packages/airflow/example_dags/example_branch_labels.py
[2025-04-04T13:42:44.147+0000] {processor.py:914} INFO - Processing file /home/airflow/.local/lib/python3.12/site-packages/airflow/example_dags/example_branch_labels.py for tasks to queue
[2025-04-04T13:42:44.155+0000] {logging_mixin.py:190} INFO - [2025-04-04T13:42:44.153+0000] {dagbag.py:588} INFO - Filling up the DagBag from /home/airflow/.local/lib/python3.12/site-packages/airflow/example_dags/example_branch_labels.py
[2025-04-04T13:42:44.197+0000] {processor.py:925} INFO - DAG(s) 'example_branch_labels' retrieved from /home/airflow/.local/lib/python3.12/site-packages/airflow/example_dags/example_branch_labels.py
[2025-04-04T13:42:44.265+0000] {logging_mixin.py:190} INFO - [2025-04-04T13:42:44.265+0000] {dag.py:3239} INFO - Sync 1 DAGs
[2025-04-04T13:42:44.348+0000] {logging_mixin.py:190} INFO - [2025-04-04T13:42:44.348+0000] {dag.py:4180} INFO - Setting next_dagrun for example_branch_labels to 2025-04-03 00:00:00+00:00, run_after=2025-04-04 00:00:00+00:00
[2025-04-04T13:42:44.397+0000] {processor.py:208} INFO - Processing /home/airflow/.local/lib/python3.12/site-packages/airflow/example_dags/example_branch_labels.py took 0.268 seconds
[2025-04-04T13:43:14.523+0000] {processor.py:186} INFO - Started process (PID=874) to work on /home/airflow/.local/lib/python3.12/site-packages/airflow/example_dags/example_branch_labels.py
[2025-04-04T13:43:14.526+0000] {processor.py:914} INFO - Processing file /home/airflow/.local/lib/python3.12/site-packages/airflow/example_dags/example_branch_labels.py for tasks to queue
[2025-04-04T13:43:14.531+0000] {logging_mixin.py:190} INFO - [2025-04-04T13:43:14.530+0000] {dagbag.py:588} INFO - Filling up the DagBag from /home/airflow/.local/lib/python3.12/site-packages/airflow/example_dags/example_branch_labels.py
[2025-04-04T13:43:14.553+0000] {processor.py:925} INFO - DAG(s) 'example_branch_labels' retrieved from /home/airflow/.local/lib/python3.12/site-packages/airflow/example_dags/example_branch_labels.py
[2025-04-04T13:43:14.598+0000] {logging_mixin.py:190} INFO - [2025-04-04T13:43:14.598+0000] {dag.py:3239} INFO - Sync 1 DAGs
[2025-04-04T13:43:14.645+0000] {logging_mixin.py:190} INFO - [2025-04-04T13:43:14.645+0000] {dag.py:4180} INFO - Setting next_dagrun for example_branch_labels to 2025-04-03 00:00:00+00:00, run_after=2025-04-04 00:00:00+00:00
[2025-04-04T13:43:14.680+0000] {processor.py:208} INFO - Processing /home/airflow/.local/lib/python3.12/site-packages/airflow/example_dags/example_branch_labels.py took 0.172 seconds
[2025-04-04T13:43:45.394+0000] {processor.py:186} INFO - Started process (PID=938) to work on /home/airflow/.local/lib/python3.12/site-packages/airflow/example_dags/example_branch_labels.py
[2025-04-04T13:43:45.395+0000] {processor.py:914} INFO - Processing file /home/airflow/.local/lib/python3.12/site-packages/airflow/example_dags/example_branch_labels.py for tasks to queue
[2025-04-04T13:43:45.399+0000] {logging_mixin.py:190} INFO - [2025-04-04T13:43:45.399+0000] {dagbag.py:588} INFO - Filling up the DagBag from /home/airflow/.local/lib/python3.12/site-packages/airflow/example_dags/example_branch_labels.py
[2025-04-04T13:43:45.424+0000] {processor.py:925} INFO - DAG(s) 'example_branch_labels' retrieved from /home/airflow/.local/lib/python3.12/site-packages/airflow/example_dags/example_branch_labels.py
[2025-04-04T13:43:45.477+0000] {logging_mixin.py:190} INFO - [2025-04-04T13:43:45.476+0000] {dag.py:3239} INFO - Sync 1 DAGs
[2025-04-04T13:43:45.617+0000] {logging_mixin.py:190} INFO - [2025-04-04T13:43:45.616+0000] {dag.py:4180} INFO - Setting next_dagrun for example_branch_labels to 2025-04-03 00:00:00+00:00, run_after=2025-04-04 00:00:00+00:00
[2025-04-04T13:43:45.684+0000] {processor.py:208} INFO - Processing /home/airflow/.local/lib/python3.12/site-packages/airflow/example_dags/example_branch_labels.py took 0.301 seconds
[2025-04-04T13:44:16.969+0000] {processor.py:186} INFO - Started process (PID=999) to work on /home/airflow/.local/lib/python3.12/site-packages/airflow/example_dags/example_branch_labels.py
[2025-04-04T13:44:16.970+0000] {processor.py:914} INFO - Processing file /home/airflow/.local/lib/python3.12/site-packages/airflow/example_dags/example_branch_labels.py for tasks to queue
[2025-04-04T13:44:16.975+0000] {logging_mixin.py:190} INFO - [2025-04-04T13:44:16.974+0000] {dagbag.py:588} INFO - Filling up the DagBag from /home/airflow/.local/lib/python3.12/site-packages/airflow/example_dags/example_branch_labels.py
[2025-04-04T13:44:17.003+0000] {processor.py:925} INFO - DAG(s) 'example_branch_labels' retrieved from /home/airflow/.local/lib/python3.12/site-packages/airflow/example_dags/example_branch_labels.py
[2025-04-04T13:44:17.066+0000] {logging_mixin.py:190} INFO - [2025-04-04T13:44:17.065+0000] {dag.py:3239} INFO - Sync 1 DAGs
[2025-04-04T13:44:17.139+0000] {logging_mixin.py:190} INFO - [2025-04-04T13:44:17.139+0000] {dag.py:4180} INFO - Setting next_dagrun for example_branch_labels to 2025-04-03 00:00:00+00:00, run_after=2025-04-04 00:00:00+00:00
[2025-04-04T13:44:17.182+0000] {processor.py:208} INFO - Processing /home/airflow/.local/lib/python3.12/site-packages/airflow/example_dags/example_branch_labels.py took 0.226 seconds
[2025-04-04T13:44:47.966+0000] {processor.py:186} INFO - Started process (PID=1058) to work on /home/airflow/.local/lib/python3.12/site-packages/airflow/example_dags/example_branch_labels.py
[2025-04-04T13:44:47.968+0000] {processor.py:914} INFO - Processing file /home/airflow/.local/lib/python3.12/site-packages/airflow/example_dags/example_branch_labels.py for tasks to queue
[2025-04-04T13:44:47.972+0000] {logging_mixin.py:190} INFO - [2025-04-04T13:44:47.971+0000] {dagbag.py:588} INFO - Filling up the DagBag from /home/airflow/.local/lib/python3.12/site-packages/airflow/example_dags/example_branch_labels.py
[2025-04-04T13:44:47.996+0000] {processor.py:925} INFO - DAG(s) 'example_branch_labels' retrieved from /home/airflow/.local/lib/python3.12/site-packages/airflow/example_dags/example_branch_labels.py
[2025-04-04T13:44:48.037+0000] {logging_mixin.py:190} INFO - [2025-04-04T13:44:48.036+0000] {dag.py:3239} INFO - Sync 1 DAGs
[2025-04-04T13:44:48.089+0000] {logging_mixin.py:190} INFO - [2025-04-04T13:44:48.089+0000] {dag.py:4180} INFO - Setting next_dagrun for example_branch_labels to 2025-04-03 00:00:00+00:00, run_after=2025-04-04 00:00:00+00:00
[2025-04-04T13:44:48.133+0000] {processor.py:208} INFO - Processing /home/airflow/.local/lib/python3.12/site-packages/airflow/example_dags/example_branch_labels.py took 0.183 seconds
[2025-04-04T13:45:19.248+0000] {processor.py:186} INFO - Started process (PID=1115) to work on /home/airflow/.local/lib/python3.12/site-packages/airflow/example_dags/example_branch_labels.py
[2025-04-04T13:45:19.258+0000] {processor.py:914} INFO - Processing file /home/airflow/.local/lib/python3.12/site-packages/airflow/example_dags/example_branch_labels.py for tasks to queue
[2025-04-04T13:45:19.263+0000] {logging_mixin.py:190} INFO - [2025-04-04T13:45:19.262+0000] {dagbag.py:588} INFO - Filling up the DagBag from /home/airflow/.local/lib/python3.12/site-packages/airflow/example_dags/example_branch_labels.py
[2025-04-04T13:45:19.289+0000] {processor.py:925} INFO - DAG(s) 'example_branch_labels' retrieved from /home/airflow/.local/lib/python3.12/site-packages/airflow/example_dags/example_branch_labels.py
[2025-04-04T13:45:19.338+0000] {logging_mixin.py:190} INFO - [2025-04-04T13:45:19.337+0000] {dag.py:3239} INFO - Sync 1 DAGs
[2025-04-04T13:45:19.423+0000] {logging_mixin.py:190} INFO - [2025-04-04T13:45:19.418+0000] {dag.py:4180} INFO - Setting next_dagrun for example_branch_labels to 2025-04-03 00:00:00+00:00, run_after=2025-04-04 00:00:00+00:00
[2025-04-04T13:45:19.545+0000] {processor.py:208} INFO - Processing /home/airflow/.local/lib/python3.12/site-packages/airflow/example_dags/example_branch_labels.py took 0.314 seconds
[2025-04-04T13:45:51.794+0000] {processor.py:186} INFO - Started process (PID=1177) to work on /home/airflow/.local/lib/python3.12/site-packages/airflow/example_dags/example_branch_labels.py
[2025-04-04T13:45:51.795+0000] {processor.py:914} INFO - Processing file /home/airflow/.local/lib/python3.12/site-packages/airflow/example_dags/example_branch_labels.py for tasks to queue
[2025-04-04T13:45:51.799+0000] {logging_mixin.py:190} INFO - [2025-04-04T13:45:51.799+0000] {dagbag.py:588} INFO - Filling up the DagBag from /home/airflow/.local/lib/python3.12/site-packages/airflow/example_dags/example_branch_labels.py
[2025-04-04T13:45:51.829+0000] {processor.py:925} INFO - DAG(s) 'example_branch_labels' retrieved from /home/airflow/.local/lib/python3.12/site-packages/airflow/example_dags/example_branch_labels.py
[2025-04-04T13:45:51.876+0000] {logging_mixin.py:190} INFO - [2025-04-04T13:45:51.876+0000] {dag.py:3239} INFO - Sync 1 DAGs
[2025-04-04T13:45:51.961+0000] {logging_mixin.py:190} INFO - [2025-04-04T13:45:51.960+0000] {dag.py:4180} INFO - Setting next_dagrun for example_branch_labels to 2025-04-03 00:00:00+00:00, run_after=2025-04-04 00:00:00+00:00
[2025-04-04T13:45:52.008+0000] {processor.py:208} INFO - Processing /home/airflow/.local/lib/python3.12/site-packages/airflow/example_dags/example_branch_labels.py took 0.229 seconds
[2025-04-04T13:46:26.718+0000] {processor.py:186} INFO - Started process (PID=1246) to work on /home/airflow/.local/lib/python3.12/site-packages/airflow/example_dags/example_branch_labels.py
[2025-04-04T13:46:26.760+0000] {processor.py:914} INFO - Processing file /home/airflow/.local/lib/python3.12/site-packages/airflow/example_dags/example_branch_labels.py for tasks to queue
[2025-04-04T13:46:26.827+0000] {logging_mixin.py:190} INFO - [2025-04-04T13:46:26.815+0000] {dagbag.py:588} INFO - Filling up the DagBag from /home/airflow/.local/lib/python3.12/site-packages/airflow/example_dags/example_branch_labels.py
[2025-04-04T13:46:26.989+0000] {processor.py:925} INFO - DAG(s) 'example_branch_labels' retrieved from /home/airflow/.local/lib/python3.12/site-packages/airflow/example_dags/example_branch_labels.py
[2025-04-04T13:46:27.250+0000] {logging_mixin.py:190} INFO - [2025-04-04T13:46:27.249+0000] {dag.py:3239} INFO - Sync 1 DAGs
[2025-04-04T13:46:27.608+0000] {logging_mixin.py:190} INFO - [2025-04-04T13:46:27.608+0000] {dag.py:4180} INFO - Setting next_dagrun for example_branch_labels to 2025-04-03 00:00:00+00:00, run_after=2025-04-04 00:00:00+00:00
[2025-04-04T13:46:27.747+0000] {processor.py:208} INFO - Processing /home/airflow/.local/lib/python3.12/site-packages/airflow/example_dags/example_branch_labels.py took 1.113 seconds
[2025-04-04T13:46:58.263+0000] {processor.py:186} INFO - Started process (PID=1308) to work on /home/airflow/.local/lib/python3.12/site-packages/airflow/example_dags/example_branch_labels.py
[2025-04-04T13:46:58.265+0000] {processor.py:914} INFO - Processing file /home/airflow/.local/lib/python3.12/site-packages/airflow/example_dags/example_branch_labels.py for tasks to queue
[2025-04-04T13:46:58.271+0000] {logging_mixin.py:190} INFO - [2025-04-04T13:46:58.270+0000] {dagbag.py:588} INFO - Filling up the DagBag from /home/airflow/.local/lib/python3.12/site-packages/airflow/example_dags/example_branch_labels.py
[2025-04-04T13:46:58.299+0000] {processor.py:925} INFO - DAG(s) 'example_branch_labels' retrieved from /home/airflow/.local/lib/python3.12/site-packages/airflow/example_dags/example_branch_labels.py
[2025-04-04T13:46:58.352+0000] {logging_mixin.py:190} INFO - [2025-04-04T13:46:58.351+0000] {dag.py:3239} INFO - Sync 1 DAGs
[2025-04-04T13:46:58.431+0000] {logging_mixin.py:190} INFO - [2025-04-04T13:46:58.431+0000] {dag.py:4180} INFO - Setting next_dagrun for example_branch_labels to 2025-04-03 00:00:00+00:00, run_after=2025-04-04 00:00:00+00:00
[2025-04-04T13:46:58.487+0000] {processor.py:208} INFO - Processing /home/airflow/.local/lib/python3.12/site-packages/airflow/example_dags/example_branch_labels.py took 0.247 seconds
[2025-04-04T13:47:28.710+0000] {processor.py:186} INFO - Started process (PID=1370) to work on /home/airflow/.local/lib/python3.12/site-packages/airflow/example_dags/example_branch_labels.py
[2025-04-04T13:47:28.712+0000] {processor.py:914} INFO - Processing file /home/airflow/.local/lib/python3.12/site-packages/airflow/example_dags/example_branch_labels.py for tasks to queue
[2025-04-04T13:47:28.717+0000] {logging_mixin.py:190} INFO - [2025-04-04T13:47:28.716+0000] {dagbag.py:588} INFO - Filling up the DagBag from /home/airflow/.local/lib/python3.12/site-packages/airflow/example_dags/example_branch_labels.py
[2025-04-04T13:47:28.737+0000] {processor.py:925} INFO - DAG(s) 'example_branch_labels' retrieved from /home/airflow/.local/lib/python3.12/site-packages/airflow/example_dags/example_branch_labels.py
[2025-04-04T13:47:28.782+0000] {logging_mixin.py:190} INFO - [2025-04-04T13:47:28.782+0000] {dag.py:3239} INFO - Sync 1 DAGs
[2025-04-04T13:47:28.832+0000] {logging_mixin.py:190} INFO - [2025-04-04T13:47:28.832+0000] {dag.py:4180} INFO - Setting next_dagrun for example_branch_labels to 2025-04-03 00:00:00+00:00, run_after=2025-04-04 00:00:00+00:00
[2025-04-04T13:47:28.866+0000] {processor.py:208} INFO - Processing /home/airflow/.local/lib/python3.12/site-packages/airflow/example_dags/example_branch_labels.py took 0.171 seconds
[2025-04-04T13:47:59.405+0000] {processor.py:186} INFO - Started process (PID=1434) to work on /home/airflow/.local/lib/python3.12/site-packages/airflow/example_dags/example_branch_labels.py
[2025-04-04T13:47:59.407+0000] {processor.py:914} INFO - Processing file /home/airflow/.local/lib/python3.12/site-packages/airflow/example_dags/example_branch_labels.py for tasks to queue
[2025-04-04T13:47:59.412+0000] {logging_mixin.py:190} INFO - [2025-04-04T13:47:59.411+0000] {dagbag.py:588} INFO - Filling up the DagBag from /home/airflow/.local/lib/python3.12/site-packages/airflow/example_dags/example_branch_labels.py
[2025-04-04T13:47:59.435+0000] {processor.py:925} INFO - DAG(s) 'example_branch_labels' retrieved from /home/airflow/.local/lib/python3.12/site-packages/airflow/example_dags/example_branch_labels.py
[2025-04-04T13:47:59.480+0000] {logging_mixin.py:190} INFO - [2025-04-04T13:47:59.480+0000] {dag.py:3239} INFO - Sync 1 DAGs
[2025-04-04T13:47:59.591+0000] {logging_mixin.py:190} INFO - [2025-04-04T13:47:59.590+0000] {dag.py:4180} INFO - Setting next_dagrun for example_branch_labels to 2025-04-03 00:00:00+00:00, run_after=2025-04-04 00:00:00+00:00
[2025-04-04T13:47:59.698+0000] {processor.py:208} INFO - Processing /home/airflow/.local/lib/python3.12/site-packages/airflow/example_dags/example_branch_labels.py took 0.307 seconds
[2025-04-04T13:48:30.918+0000] {processor.py:186} INFO - Started process (PID=1496) to work on /home/airflow/.local/lib/python3.12/site-packages/airflow/example_dags/example_branch_labels.py
[2025-04-04T13:48:30.924+0000] {processor.py:914} INFO - Processing file /home/airflow/.local/lib/python3.12/site-packages/airflow/example_dags/example_branch_labels.py for tasks to queue
[2025-04-04T13:48:30.933+0000] {logging_mixin.py:190} INFO - [2025-04-04T13:48:30.929+0000] {dagbag.py:588} INFO - Filling up the DagBag from /home/airflow/.local/lib/python3.12/site-packages/airflow/example_dags/example_branch_labels.py
[2025-04-04T13:48:31.005+0000] {processor.py:925} INFO - DAG(s) 'example_branch_labels' retrieved from /home/airflow/.local/lib/python3.12/site-packages/airflow/example_dags/example_branch_labels.py
[2025-04-04T13:48:31.159+0000] {logging_mixin.py:190} INFO - [2025-04-04T13:48:31.158+0000] {dag.py:3239} INFO - Sync 1 DAGs
[2025-04-04T13:48:31.278+0000] {logging_mixin.py:190} INFO - [2025-04-04T13:48:31.273+0000] {dag.py:4180} INFO - Setting next_dagrun for example_branch_labels to 2025-04-03 00:00:00+00:00, run_after=2025-04-04 00:00:00+00:00
[2025-04-04T13:48:31.384+0000] {processor.py:208} INFO - Processing /home/airflow/.local/lib/python3.12/site-packages/airflow/example_dags/example_branch_labels.py took 0.491 seconds
[2025-04-04T13:49:01.540+0000] {processor.py:186} INFO - Started process (PID=1558) to work on /home/airflow/.local/lib/python3.12/site-packages/airflow/example_dags/example_branch_labels.py
[2025-04-04T13:49:01.542+0000] {processor.py:914} INFO - Processing file /home/airflow/.local/lib/python3.12/site-packages/airflow/example_dags/example_branch_labels.py for tasks to queue
[2025-04-04T13:49:01.555+0000] {logging_mixin.py:190} INFO - [2025-04-04T13:49:01.554+0000] {dagbag.py:588} INFO - Filling up the DagBag from /home/airflow/.local/lib/python3.12/site-packages/airflow/example_dags/example_branch_labels.py
[2025-04-04T13:49:01.590+0000] {processor.py:925} INFO - DAG(s) 'example_branch_labels' retrieved from /home/airflow/.local/lib/python3.12/site-packages/airflow/example_dags/example_branch_labels.py
[2025-04-04T13:49:01.622+0000] {logging_mixin.py:190} INFO - [2025-04-04T13:49:01.621+0000] {dag.py:3239} INFO - Sync 1 DAGs
[2025-04-04T13:49:01.661+0000] {logging_mixin.py:190} INFO - [2025-04-04T13:49:01.661+0000] {dag.py:4180} INFO - Setting next_dagrun for example_branch_labels to 2025-04-03 00:00:00+00:00, run_after=2025-04-04 00:00:00+00:00
[2025-04-04T13:49:01.691+0000] {processor.py:208} INFO - Processing /home/airflow/.local/lib/python3.12/site-packages/airflow/example_dags/example_branch_labels.py took 0.173 seconds
[2025-04-04T13:49:32.486+0000] {processor.py:186} INFO - Started process (PID=1621) to work on /home/airflow/.local/lib/python3.12/site-packages/airflow/example_dags/example_branch_labels.py
[2025-04-04T13:49:32.488+0000] {processor.py:914} INFO - Processing file /home/airflow/.local/lib/python3.12/site-packages/airflow/example_dags/example_branch_labels.py for tasks to queue
[2025-04-04T13:49:32.492+0000] {logging_mixin.py:190} INFO - [2025-04-04T13:49:32.492+0000] {dagbag.py:588} INFO - Filling up the DagBag from /home/airflow/.local/lib/python3.12/site-packages/airflow/example_dags/example_branch_labels.py
[2025-04-04T13:49:32.515+0000] {processor.py:925} INFO - DAG(s) 'example_branch_labels' retrieved from /home/airflow/.local/lib/python3.12/site-packages/airflow/example_dags/example_branch_labels.py
[2025-04-04T13:49:32.562+0000] {logging_mixin.py:190} INFO - [2025-04-04T13:49:32.561+0000] {dag.py:3239} INFO - Sync 1 DAGs
[2025-04-04T13:49:32.624+0000] {logging_mixin.py:190} INFO - [2025-04-04T13:49:32.624+0000] {dag.py:4180} INFO - Setting next_dagrun for example_branch_labels to 2025-04-03 00:00:00+00:00, run_after=2025-04-04 00:00:00+00:00
[2025-04-04T13:49:32.673+0000] {processor.py:208} INFO - Processing /home/airflow/.local/lib/python3.12/site-packages/airflow/example_dags/example_branch_labels.py took 0.201 seconds
[2025-04-04T13:50:02.857+0000] {processor.py:186} INFO - Started process (PID=1681) to work on /home/airflow/.local/lib/python3.12/site-packages/airflow/example_dags/example_branch_labels.py
[2025-04-04T13:50:02.859+0000] {processor.py:914} INFO - Processing file /home/airflow/.local/lib/python3.12/site-packages/airflow/example_dags/example_branch_labels.py for tasks to queue
[2025-04-04T13:50:02.869+0000] {logging_mixin.py:190} INFO - [2025-04-04T13:50:02.868+0000] {dagbag.py:588} INFO - Filling up the DagBag from /home/airflow/.local/lib/python3.12/site-packages/airflow/example_dags/example_branch_labels.py
[2025-04-04T13:50:02.898+0000] {processor.py:925} INFO - DAG(s) 'example_branch_labels' retrieved from /home/airflow/.local/lib/python3.12/site-packages/airflow/example_dags/example_branch_labels.py
[2025-04-04T13:50:02.964+0000] {logging_mixin.py:190} INFO - [2025-04-04T13:50:02.963+0000] {dag.py:3239} INFO - Sync 1 DAGs
[2025-04-04T13:50:03.043+0000] {logging_mixin.py:190} INFO - [2025-04-04T13:50:03.042+0000] {dag.py:4180} INFO - Setting next_dagrun for example_branch_labels to 2025-04-03 00:00:00+00:00, run_after=2025-04-04 00:00:00+00:00
[2025-04-04T13:50:03.093+0000] {processor.py:208} INFO - Processing /home/airflow/.local/lib/python3.12/site-packages/airflow/example_dags/example_branch_labels.py took 0.255 seconds
[2025-04-04T13:50:33.340+0000] {processor.py:186} INFO - Started process (PID=1744) to work on /home/airflow/.local/lib/python3.12/site-packages/airflow/example_dags/example_branch_labels.py
[2025-04-04T13:50:33.349+0000] {processor.py:914} INFO - Processing file /home/airflow/.local/lib/python3.12/site-packages/airflow/example_dags/example_branch_labels.py for tasks to queue
[2025-04-04T13:50:33.356+0000] {logging_mixin.py:190} INFO - [2025-04-04T13:50:33.355+0000] {dagbag.py:588} INFO - Filling up the DagBag from /home/airflow/.local/lib/python3.12/site-packages/airflow/example_dags/example_branch_labels.py
[2025-04-04T13:50:33.386+0000] {processor.py:925} INFO - DAG(s) 'example_branch_labels' retrieved from /home/airflow/.local/lib/python3.12/site-packages/airflow/example_dags/example_branch_labels.py
[2025-04-04T13:50:33.452+0000] {logging_mixin.py:190} INFO - [2025-04-04T13:50:33.451+0000] {dag.py:3239} INFO - Sync 1 DAGs
[2025-04-04T13:50:33.539+0000] {logging_mixin.py:190} INFO - [2025-04-04T13:50:33.538+0000] {dag.py:4180} INFO - Setting next_dagrun for example_branch_labels to 2025-04-03 00:00:00+00:00, run_after=2025-04-04 00:00:00+00:00
[2025-04-04T13:50:33.596+0000] {processor.py:208} INFO - Processing /home/airflow/.local/lib/python3.12/site-packages/airflow/example_dags/example_branch_labels.py took 0.275 seconds
[2025-04-04T13:51:04.484+0000] {processor.py:186} INFO - Started process (PID=1806) to work on /home/airflow/.local/lib/python3.12/site-packages/airflow/example_dags/example_branch_labels.py
[2025-04-04T13:51:04.486+0000] {processor.py:914} INFO - Processing file /home/airflow/.local/lib/python3.12/site-packages/airflow/example_dags/example_branch_labels.py for tasks to queue
[2025-04-04T13:51:04.490+0000] {logging_mixin.py:190} INFO - [2025-04-04T13:51:04.490+0000] {dagbag.py:588} INFO - Filling up the DagBag from /home/airflow/.local/lib/python3.12/site-packages/airflow/example_dags/example_branch_labels.py
[2025-04-04T13:51:04.509+0000] {processor.py:925} INFO - DAG(s) 'example_branch_labels' retrieved from /home/airflow/.local/lib/python3.12/site-packages/airflow/example_dags/example_branch_labels.py
[2025-04-04T13:51:04.544+0000] {logging_mixin.py:190} INFO - [2025-04-04T13:51:04.544+0000] {dag.py:3239} INFO - Sync 1 DAGs
[2025-04-04T13:51:04.587+0000] {logging_mixin.py:190} INFO - [2025-04-04T13:51:04.587+0000] {dag.py:4180} INFO - Setting next_dagrun for example_branch_labels to 2025-04-03 00:00:00+00:00, run_after=2025-04-04 00:00:00+00:00
[2025-04-04T13:51:04.618+0000] {processor.py:208} INFO - Processing /home/airflow/.local/lib/python3.12/site-packages/airflow/example_dags/example_branch_labels.py took 0.144 seconds
[2025-04-04T13:51:35.375+0000] {processor.py:186} INFO - Started process (PID=1869) to work on /home/airflow/.local/lib/python3.12/site-packages/airflow/example_dags/example_branch_labels.py
[2025-04-04T13:51:35.378+0000] {processor.py:914} INFO - Processing file /home/airflow/.local/lib/python3.12/site-packages/airflow/example_dags/example_branch_labels.py for tasks to queue
[2025-04-04T13:51:35.383+0000] {logging_mixin.py:190} INFO - [2025-04-04T13:51:35.382+0000] {dagbag.py:588} INFO - Filling up the DagBag from /home/airflow/.local/lib/python3.12/site-packages/airflow/example_dags/example_branch_labels.py
[2025-04-04T13:51:35.406+0000] {processor.py:925} INFO - DAG(s) 'example_branch_labels' retrieved from /home/airflow/.local/lib/python3.12/site-packages/airflow/example_dags/example_branch_labels.py
[2025-04-04T13:51:35.440+0000] {logging_mixin.py:190} INFO - [2025-04-04T13:51:35.439+0000] {dag.py:3239} INFO - Sync 1 DAGs
[2025-04-04T13:51:35.490+0000] {logging_mixin.py:190} INFO - [2025-04-04T13:51:35.490+0000] {dag.py:4180} INFO - Setting next_dagrun for example_branch_labels to 2025-04-03 00:00:00+00:00, run_after=2025-04-04 00:00:00+00:00
[2025-04-04T13:51:35.527+0000] {processor.py:208} INFO - Processing /home/airflow/.local/lib/python3.12/site-packages/airflow/example_dags/example_branch_labels.py took 0.169 seconds
[2025-04-04T13:52:05.878+0000] {processor.py:186} INFO - Started process (PID=1932) to work on /home/airflow/.local/lib/python3.12/site-packages/airflow/example_dags/example_branch_labels.py
[2025-04-04T13:52:05.880+0000] {processor.py:914} INFO - Processing file /home/airflow/.local/lib/python3.12/site-packages/airflow/example_dags/example_branch_labels.py for tasks to queue
[2025-04-04T13:52:05.884+0000] {logging_mixin.py:190} INFO - [2025-04-04T13:52:05.884+0000] {dagbag.py:588} INFO - Filling up the DagBag from /home/airflow/.local/lib/python3.12/site-packages/airflow/example_dags/example_branch_labels.py
[2025-04-04T13:52:05.901+0000] {processor.py:925} INFO - DAG(s) 'example_branch_labels' retrieved from /home/airflow/.local/lib/python3.12/site-packages/airflow/example_dags/example_branch_labels.py
[2025-04-04T13:52:05.944+0000] {logging_mixin.py:190} INFO - [2025-04-04T13:52:05.944+0000] {dag.py:3239} INFO - Sync 1 DAGs
[2025-04-04T13:52:05.996+0000] {logging_mixin.py:190} INFO - [2025-04-04T13:52:05.995+0000] {dag.py:4180} INFO - Setting next_dagrun for example_branch_labels to 2025-04-03 00:00:00+00:00, run_after=2025-04-04 00:00:00+00:00
[2025-04-04T13:52:06.032+0000] {processor.py:208} INFO - Processing /home/airflow/.local/lib/python3.12/site-packages/airflow/example_dags/example_branch_labels.py took 0.166 seconds
[2025-04-04T13:52:36.242+0000] {processor.py:186} INFO - Started process (PID=1995) to work on /home/airflow/.local/lib/python3.12/site-packages/airflow/example_dags/example_branch_labels.py
[2025-04-04T13:52:36.243+0000] {processor.py:914} INFO - Processing file /home/airflow/.local/lib/python3.12/site-packages/airflow/example_dags/example_branch_labels.py for tasks to queue
[2025-04-04T13:52:36.247+0000] {logging_mixin.py:190} INFO - [2025-04-04T13:52:36.246+0000] {dagbag.py:588} INFO - Filling up the DagBag from /home/airflow/.local/lib/python3.12/site-packages/airflow/example_dags/example_branch_labels.py
[2025-04-04T13:52:36.262+0000] {processor.py:925} INFO - DAG(s) 'example_branch_labels' retrieved from /home/airflow/.local/lib/python3.12/site-packages/airflow/example_dags/example_branch_labels.py
[2025-04-04T13:52:36.295+0000] {logging_mixin.py:190} INFO - [2025-04-04T13:52:36.295+0000] {dag.py:3239} INFO - Sync 1 DAGs
[2025-04-04T13:52:36.346+0000] {logging_mixin.py:190} INFO - [2025-04-04T13:52:36.346+0000] {dag.py:4180} INFO - Setting next_dagrun for example_branch_labels to 2025-04-03 00:00:00+00:00, run_after=2025-04-04 00:00:00+00:00
[2025-04-04T13:52:36.380+0000] {processor.py:208} INFO - Processing /home/airflow/.local/lib/python3.12/site-packages/airflow/example_dags/example_branch_labels.py took 0.147 seconds
[2025-04-04T13:53:06.588+0000] {processor.py:186} INFO - Started process (PID=2058) to work on /home/airflow/.local/lib/python3.12/site-packages/airflow/example_dags/example_branch_labels.py
[2025-04-04T13:53:06.590+0000] {processor.py:914} INFO - Processing file /home/airflow/.local/lib/python3.12/site-packages/airflow/example_dags/example_branch_labels.py for tasks to queue
[2025-04-04T13:53:06.594+0000] {logging_mixin.py:190} INFO - [2025-04-04T13:53:06.594+0000] {dagbag.py:588} INFO - Filling up the DagBag from /home/airflow/.local/lib/python3.12/site-packages/airflow/example_dags/example_branch_labels.py
[2025-04-04T13:53:06.615+0000] {processor.py:925} INFO - DAG(s) 'example_branch_labels' retrieved from /home/airflow/.local/lib/python3.12/site-packages/airflow/example_dags/example_branch_labels.py
[2025-04-04T13:53:06.661+0000] {logging_mixin.py:190} INFO - [2025-04-04T13:53:06.661+0000] {dag.py:3239} INFO - Sync 1 DAGs
[2025-04-04T13:53:06.728+0000] {logging_mixin.py:190} INFO - [2025-04-04T13:53:06.727+0000] {dag.py:4180} INFO - Setting next_dagrun for example_branch_labels to 2025-04-03 00:00:00+00:00, run_after=2025-04-04 00:00:00+00:00
[2025-04-04T13:53:06.771+0000] {processor.py:208} INFO - Processing /home/airflow/.local/lib/python3.12/site-packages/airflow/example_dags/example_branch_labels.py took 0.196 seconds
[2025-04-04T13:53:37.031+0000] {processor.py:186} INFO - Started process (PID=2120) to work on /home/airflow/.local/lib/python3.12/site-packages/airflow/example_dags/example_branch_labels.py
[2025-04-04T13:53:37.034+0000] {processor.py:914} INFO - Processing file /home/airflow/.local/lib/python3.12/site-packages/airflow/example_dags/example_branch_labels.py for tasks to queue
[2025-04-04T13:53:37.038+0000] {logging_mixin.py:190} INFO - [2025-04-04T13:53:37.038+0000] {dagbag.py:588} INFO - Filling up the DagBag from /home/airflow/.local/lib/python3.12/site-packages/airflow/example_dags/example_branch_labels.py
[2025-04-04T13:53:37.057+0000] {processor.py:925} INFO - DAG(s) 'example_branch_labels' retrieved from /home/airflow/.local/lib/python3.12/site-packages/airflow/example_dags/example_branch_labels.py
[2025-04-04T13:53:37.100+0000] {logging_mixin.py:190} INFO - [2025-04-04T13:53:37.099+0000] {dag.py:3239} INFO - Sync 1 DAGs
[2025-04-04T13:53:37.145+0000] {logging_mixin.py:190} INFO - [2025-04-04T13:53:37.145+0000] {dag.py:4180} INFO - Setting next_dagrun for example_branch_labels to 2025-04-03 00:00:00+00:00, run_after=2025-04-04 00:00:00+00:00
[2025-04-04T13:53:37.182+0000] {processor.py:208} INFO - Processing /home/airflow/.local/lib/python3.12/site-packages/airflow/example_dags/example_branch_labels.py took 0.161 seconds
[2025-04-04T13:54:07.821+0000] {processor.py:186} INFO - Started process (PID=2183) to work on /home/airflow/.local/lib/python3.12/site-packages/airflow/example_dags/example_branch_labels.py
[2025-04-04T13:54:07.823+0000] {processor.py:914} INFO - Processing file /home/airflow/.local/lib/python3.12/site-packages/airflow/example_dags/example_branch_labels.py for tasks to queue
[2025-04-04T13:54:07.826+0000] {logging_mixin.py:190} INFO - [2025-04-04T13:54:07.826+0000] {dagbag.py:588} INFO - Filling up the DagBag from /home/airflow/.local/lib/python3.12/site-packages/airflow/example_dags/example_branch_labels.py
[2025-04-04T13:54:07.845+0000] {processor.py:925} INFO - DAG(s) 'example_branch_labels' retrieved from /home/airflow/.local/lib/python3.12/site-packages/airflow/example_dags/example_branch_labels.py
[2025-04-04T13:54:07.892+0000] {logging_mixin.py:190} INFO - [2025-04-04T13:54:07.892+0000] {dag.py:3239} INFO - Sync 1 DAGs
[2025-04-04T13:54:07.958+0000] {logging_mixin.py:190} INFO - [2025-04-04T13:54:07.957+0000] {dag.py:4180} INFO - Setting next_dagrun for example_branch_labels to 2025-04-03 00:00:00+00:00, run_after=2025-04-04 00:00:00+00:00
[2025-04-04T13:54:07.999+0000] {processor.py:208} INFO - Processing /home/airflow/.local/lib/python3.12/site-packages/airflow/example_dags/example_branch_labels.py took 0.189 seconds
[2025-04-04T13:54:38.807+0000] {processor.py:186} INFO - Started process (PID=2247) to work on /home/airflow/.local/lib/python3.12/site-packages/airflow/example_dags/example_branch_labels.py
[2025-04-04T13:54:38.809+0000] {processor.py:914} INFO - Processing file /home/airflow/.local/lib/python3.12/site-packages/airflow/example_dags/example_branch_labels.py for tasks to queue
[2025-04-04T13:54:38.816+0000] {logging_mixin.py:190} INFO - [2025-04-04T13:54:38.814+0000] {dagbag.py:588} INFO - Filling up the DagBag from /home/airflow/.local/lib/python3.12/site-packages/airflow/example_dags/example_branch_labels.py
[2025-04-04T13:54:38.841+0000] {processor.py:925} INFO - DAG(s) 'example_branch_labels' retrieved from /home/airflow/.local/lib/python3.12/site-packages/airflow/example_dags/example_branch_labels.py
[2025-04-04T13:54:38.886+0000] {logging_mixin.py:190} INFO - [2025-04-04T13:54:38.885+0000] {dag.py:3239} INFO - Sync 1 DAGs
[2025-04-04T13:54:38.945+0000] {logging_mixin.py:190} INFO - [2025-04-04T13:54:38.943+0000] {dag.py:4180} INFO - Setting next_dagrun for example_branch_labels to 2025-04-03 00:00:00+00:00, run_after=2025-04-04 00:00:00+00:00
[2025-04-04T13:54:38.991+0000] {processor.py:208} INFO - Processing /home/airflow/.local/lib/python3.12/site-packages/airflow/example_dags/example_branch_labels.py took 0.195 seconds
[2025-04-04T13:55:09.721+0000] {processor.py:186} INFO - Started process (PID=2310) to work on /home/airflow/.local/lib/python3.12/site-packages/airflow/example_dags/example_branch_labels.py
[2025-04-04T13:55:09.724+0000] {processor.py:914} INFO - Processing file /home/airflow/.local/lib/python3.12/site-packages/airflow/example_dags/example_branch_labels.py for tasks to queue
[2025-04-04T13:55:09.737+0000] {logging_mixin.py:190} INFO - [2025-04-04T13:55:09.736+0000] {dagbag.py:588} INFO - Filling up the DagBag from /home/airflow/.local/lib/python3.12/site-packages/airflow/example_dags/example_branch_labels.py
[2025-04-04T13:55:09.777+0000] {processor.py:925} INFO - DAG(s) 'example_branch_labels' retrieved from /home/airflow/.local/lib/python3.12/site-packages/airflow/example_dags/example_branch_labels.py
[2025-04-04T13:55:09.832+0000] {logging_mixin.py:190} INFO - [2025-04-04T13:55:09.832+0000] {dag.py:3239} INFO - Sync 1 DAGs
[2025-04-04T13:55:09.906+0000] {logging_mixin.py:190} INFO - [2025-04-04T13:55:09.905+0000] {dag.py:4180} INFO - Setting next_dagrun for example_branch_labels to 2025-04-03 00:00:00+00:00, run_after=2025-04-04 00:00:00+00:00
[2025-04-04T13:55:09.949+0000] {processor.py:208} INFO - Processing /home/airflow/.local/lib/python3.12/site-packages/airflow/example_dags/example_branch_labels.py took 0.249 seconds
[2025-04-04T13:55:40.785+0000] {processor.py:186} INFO - Started process (PID=2369) to work on /home/airflow/.local/lib/python3.12/site-packages/airflow/example_dags/example_branch_labels.py
[2025-04-04T13:55:40.788+0000] {processor.py:914} INFO - Processing file /home/airflow/.local/lib/python3.12/site-packages/airflow/example_dags/example_branch_labels.py for tasks to queue
[2025-04-04T13:55:40.797+0000] {logging_mixin.py:190} INFO - [2025-04-04T13:55:40.795+0000] {dagbag.py:588} INFO - Filling up the DagBag from /home/airflow/.local/lib/python3.12/site-packages/airflow/example_dags/example_branch_labels.py
[2025-04-04T13:55:40.828+0000] {processor.py:925} INFO - DAG(s) 'example_branch_labels' retrieved from /home/airflow/.local/lib/python3.12/site-packages/airflow/example_dags/example_branch_labels.py
[2025-04-04T13:55:40.891+0000] {logging_mixin.py:190} INFO - [2025-04-04T13:55:40.890+0000] {dag.py:3239} INFO - Sync 1 DAGs
[2025-04-04T13:55:40.951+0000] {logging_mixin.py:190} INFO - [2025-04-04T13:55:40.951+0000] {dag.py:4180} INFO - Setting next_dagrun for example_branch_labels to 2025-04-03 00:00:00+00:00, run_after=2025-04-04 00:00:00+00:00
[2025-04-04T13:55:40.998+0000] {processor.py:208} INFO - Processing /home/airflow/.local/lib/python3.12/site-packages/airflow/example_dags/example_branch_labels.py took 0.232 seconds
[2025-04-04T13:56:11.604+0000] {processor.py:186} INFO - Started process (PID=2430) to work on /home/airflow/.local/lib/python3.12/site-packages/airflow/example_dags/example_branch_labels.py
[2025-04-04T13:56:11.606+0000] {processor.py:914} INFO - Processing file /home/airflow/.local/lib/python3.12/site-packages/airflow/example_dags/example_branch_labels.py for tasks to queue
[2025-04-04T13:56:11.612+0000] {logging_mixin.py:190} INFO - [2025-04-04T13:56:11.611+0000] {dagbag.py:588} INFO - Filling up the DagBag from /home/airflow/.local/lib/python3.12/site-packages/airflow/example_dags/example_branch_labels.py
[2025-04-04T13:56:11.639+0000] {processor.py:925} INFO - DAG(s) 'example_branch_labels' retrieved from /home/airflow/.local/lib/python3.12/site-packages/airflow/example_dags/example_branch_labels.py
[2025-04-04T13:56:11.688+0000] {logging_mixin.py:190} INFO - [2025-04-04T13:56:11.687+0000] {dag.py:3239} INFO - Sync 1 DAGs
[2025-04-04T13:56:11.747+0000] {logging_mixin.py:190} INFO - [2025-04-04T13:56:11.747+0000] {dag.py:4180} INFO - Setting next_dagrun for example_branch_labels to 2025-04-03 00:00:00+00:00, run_after=2025-04-04 00:00:00+00:00
[2025-04-04T13:56:11.786+0000] {processor.py:208} INFO - Processing /home/airflow/.local/lib/python3.12/site-packages/airflow/example_dags/example_branch_labels.py took 0.201 seconds
[2025-04-04T13:56:42.271+0000] {processor.py:186} INFO - Started process (PID=2492) to work on /home/airflow/.local/lib/python3.12/site-packages/airflow/example_dags/example_branch_labels.py
[2025-04-04T13:56:42.273+0000] {processor.py:914} INFO - Processing file /home/airflow/.local/lib/python3.12/site-packages/airflow/example_dags/example_branch_labels.py for tasks to queue
[2025-04-04T13:56:42.277+0000] {logging_mixin.py:190} INFO - [2025-04-04T13:56:42.276+0000] {dagbag.py:588} INFO - Filling up the DagBag from /home/airflow/.local/lib/python3.12/site-packages/airflow/example_dags/example_branch_labels.py
[2025-04-04T13:56:42.299+0000] {processor.py:925} INFO - DAG(s) 'example_branch_labels' retrieved from /home/airflow/.local/lib/python3.12/site-packages/airflow/example_dags/example_branch_labels.py
[2025-04-04T13:56:42.349+0000] {logging_mixin.py:190} INFO - [2025-04-04T13:56:42.348+0000] {dag.py:3239} INFO - Sync 1 DAGs
[2025-04-04T13:56:42.409+0000] {logging_mixin.py:190} INFO - [2025-04-04T13:56:42.408+0000] {dag.py:4180} INFO - Setting next_dagrun for example_branch_labels to 2025-04-03 00:00:00+00:00, run_after=2025-04-04 00:00:00+00:00
[2025-04-04T13:56:42.459+0000] {processor.py:208} INFO - Processing /home/airflow/.local/lib/python3.12/site-packages/airflow/example_dags/example_branch_labels.py took 0.203 seconds
[2025-04-04T13:57:12.779+0000] {processor.py:186} INFO - Started process (PID=2551) to work on /home/airflow/.local/lib/python3.12/site-packages/airflow/example_dags/example_branch_labels.py
[2025-04-04T13:57:12.781+0000] {processor.py:914} INFO - Processing file /home/airflow/.local/lib/python3.12/site-packages/airflow/example_dags/example_branch_labels.py for tasks to queue
[2025-04-04T13:57:12.786+0000] {logging_mixin.py:190} INFO - [2025-04-04T13:57:12.785+0000] {dagbag.py:588} INFO - Filling up the DagBag from /home/airflow/.local/lib/python3.12/site-packages/airflow/example_dags/example_branch_labels.py
[2025-04-04T13:57:12.806+0000] {processor.py:925} INFO - DAG(s) 'example_branch_labels' retrieved from /home/airflow/.local/lib/python3.12/site-packages/airflow/example_dags/example_branch_labels.py
[2025-04-04T13:57:12.850+0000] {logging_mixin.py:190} INFO - [2025-04-04T13:57:12.850+0000] {dag.py:3239} INFO - Sync 1 DAGs
[2025-04-04T13:57:12.894+0000] {logging_mixin.py:190} INFO - [2025-04-04T13:57:12.893+0000] {dag.py:4180} INFO - Setting next_dagrun for example_branch_labels to 2025-04-03 00:00:00+00:00, run_after=2025-04-04 00:00:00+00:00
[2025-04-04T13:57:12.936+0000] {processor.py:208} INFO - Processing /home/airflow/.local/lib/python3.12/site-packages/airflow/example_dags/example_branch_labels.py took 0.167 seconds
[2025-04-04T13:57:43.822+0000] {processor.py:186} INFO - Started process (PID=2604) to work on /home/airflow/.local/lib/python3.12/site-packages/airflow/example_dags/example_branch_labels.py
[2025-04-04T13:57:43.825+0000] {processor.py:914} INFO - Processing file /home/airflow/.local/lib/python3.12/site-packages/airflow/example_dags/example_branch_labels.py for tasks to queue
[2025-04-04T13:57:43.836+0000] {logging_mixin.py:190} INFO - [2025-04-04T13:57:43.835+0000] {dagbag.py:588} INFO - Filling up the DagBag from /home/airflow/.local/lib/python3.12/site-packages/airflow/example_dags/example_branch_labels.py
[2025-04-04T13:57:43.865+0000] {processor.py:925} INFO - DAG(s) 'example_branch_labels' retrieved from /home/airflow/.local/lib/python3.12/site-packages/airflow/example_dags/example_branch_labels.py
[2025-04-04T13:57:43.950+0000] {logging_mixin.py:190} INFO - [2025-04-04T13:57:43.949+0000] {dag.py:3239} INFO - Sync 1 DAGs
[2025-04-04T13:57:44.034+0000] {logging_mixin.py:190} INFO - [2025-04-04T13:57:44.033+0000] {dag.py:4180} INFO - Setting next_dagrun for example_branch_labels to 2025-04-03 00:00:00+00:00, run_after=2025-04-04 00:00:00+00:00
[2025-04-04T13:57:44.092+0000] {processor.py:208} INFO - Processing /home/airflow/.local/lib/python3.12/site-packages/airflow/example_dags/example_branch_labels.py took 0.286 seconds
[2025-04-04T13:58:16.369+0000] {processor.py:186} INFO - Started process (PID=2665) to work on /home/airflow/.local/lib/python3.12/site-packages/airflow/example_dags/example_branch_labels.py
[2025-04-04T13:58:16.371+0000] {processor.py:914} INFO - Processing file /home/airflow/.local/lib/python3.12/site-packages/airflow/example_dags/example_branch_labels.py for tasks to queue
[2025-04-04T13:58:16.376+0000] {logging_mixin.py:190} INFO - [2025-04-04T13:58:16.375+0000] {dagbag.py:588} INFO - Filling up the DagBag from /home/airflow/.local/lib/python3.12/site-packages/airflow/example_dags/example_branch_labels.py
[2025-04-04T13:58:16.402+0000] {processor.py:925} INFO - DAG(s) 'example_branch_labels' retrieved from /home/airflow/.local/lib/python3.12/site-packages/airflow/example_dags/example_branch_labels.py
[2025-04-04T13:58:16.455+0000] {logging_mixin.py:190} INFO - [2025-04-04T13:58:16.455+0000] {dag.py:3239} INFO - Sync 1 DAGs
[2025-04-04T13:58:16.516+0000] {logging_mixin.py:190} INFO - [2025-04-04T13:58:16.515+0000] {dag.py:4180} INFO - Setting next_dagrun for example_branch_labels to 2025-04-03 00:00:00+00:00, run_after=2025-04-04 00:00:00+00:00
[2025-04-04T13:58:16.571+0000] {processor.py:208} INFO - Processing /home/airflow/.local/lib/python3.12/site-packages/airflow/example_dags/example_branch_labels.py took 0.219 seconds
[2025-04-04T13:58:49.609+0000] {processor.py:186} INFO - Started process (PID=2723) to work on /home/airflow/.local/lib/python3.12/site-packages/airflow/example_dags/example_branch_labels.py
[2025-04-04T13:58:49.617+0000] {processor.py:914} INFO - Processing file /home/airflow/.local/lib/python3.12/site-packages/airflow/example_dags/example_branch_labels.py for tasks to queue
[2025-04-04T13:58:49.624+0000] {logging_mixin.py:190} INFO - [2025-04-04T13:58:49.623+0000] {dagbag.py:588} INFO - Filling up the DagBag from /home/airflow/.local/lib/python3.12/site-packages/airflow/example_dags/example_branch_labels.py
[2025-04-04T13:58:49.677+0000] {processor.py:925} INFO - DAG(s) 'example_branch_labels' retrieved from /home/airflow/.local/lib/python3.12/site-packages/airflow/example_dags/example_branch_labels.py
[2025-04-04T13:58:49.809+0000] {logging_mixin.py:190} INFO - [2025-04-04T13:58:49.808+0000] {dag.py:3239} INFO - Sync 1 DAGs
[2025-04-04T13:58:49.919+0000] {logging_mixin.py:190} INFO - [2025-04-04T13:58:49.918+0000] {dag.py:4180} INFO - Setting next_dagrun for example_branch_labels to 2025-04-03 00:00:00+00:00, run_after=2025-04-04 00:00:00+00:00
[2025-04-04T13:58:49.999+0000] {processor.py:208} INFO - Processing /home/airflow/.local/lib/python3.12/site-packages/airflow/example_dags/example_branch_labels.py took 0.416 seconds
