[2025-04-04T13:36:45.215+0000] {processor.py:186} INFO - Started process (PID=101) to work on /home/airflow/.local/lib/python3.12/site-packages/airflow/example_dags/example_dag_decorator.py
[2025-04-04T13:36:45.217+0000] {processor.py:914} INFO - Processing file /home/airflow/.local/lib/python3.12/site-packages/airflow/example_dags/example_dag_decorator.py for tasks to queue
[2025-04-04T13:36:45.222+0000] {logging_mixin.py:190} INFO - [2025-04-04T13:36:45.221+0000] {dagbag.py:588} INFO - Filling up the DagBag from /home/airflow/.local/lib/python3.12/site-packages/airflow/example_dags/example_dag_decorator.py
[2025-04-04T13:36:46.089+0000] {processor.py:925} INFO - DAG(s) 'example_dag_decorator' retrieved from /home/airflow/.local/lib/python3.12/site-packages/airflow/example_dags/example_dag_decorator.py
[2025-04-04T13:36:46.342+0000] {logging_mixin.py:190} INFO - [2025-04-04T13:36:46.341+0000] {override.py:1912} INFO - Created Permission View: can edit on DAG:example_dag_decorator
[2025-04-04T13:36:46.365+0000] {logging_mixin.py:190} INFO - [2025-04-04T13:36:46.364+0000] {override.py:1912} INFO - Created Permission View: can delete on DAG:example_dag_decorator
[2025-04-04T13:36:46.377+0000] {logging_mixin.py:190} INFO - [2025-04-04T13:36:46.377+0000] {override.py:1912} INFO - Created Permission View: can read on DAG:example_dag_decorator
[2025-04-04T13:36:46.394+0000] {logging_mixin.py:190} INFO - [2025-04-04T13:36:46.393+0000] {override.py:1912} INFO - Created Permission View: can delete on DAG Run:example_dag_decorator
[2025-04-04T13:36:46.410+0000] {logging_mixin.py:190} INFO - [2025-04-04T13:36:46.409+0000] {override.py:1912} INFO - Created Permission View: can read on DAG Run:example_dag_decorator
[2025-04-04T13:36:46.425+0000] {logging_mixin.py:190} INFO - [2025-04-04T13:36:46.425+0000] {override.py:1912} INFO - Created Permission View: can create on DAG Run:example_dag_decorator
[2025-04-04T13:36:46.441+0000] {logging_mixin.py:190} INFO - [2025-04-04T13:36:46.440+0000] {override.py:1912} INFO - Created Permission View: menu access on DAG Run:example_dag_decorator
[2025-04-04T13:36:46.442+0000] {logging_mixin.py:190} INFO - [2025-04-04T13:36:46.442+0000] {dag.py:3239} INFO - Sync 1 DAGs
[2025-04-04T13:36:46.473+0000] {logging_mixin.py:190} INFO - [2025-04-04T13:36:46.472+0000] {dag.py:3262} INFO - Creating ORM DAG for example_dag_decorator
[2025-04-04T13:36:46.475+0000] {logging_mixin.py:190} INFO - [2025-04-04T13:36:46.474+0000] {dag.py:4180} INFO - Setting next_dagrun for example_dag_decorator to None, run_after=None
[2025-04-04T13:36:46.515+0000] {processor.py:208} INFO - Processing /home/airflow/.local/lib/python3.12/site-packages/airflow/example_dags/example_dag_decorator.py took 1.314 seconds
[2025-04-04T13:37:16.704+0000] {processor.py:186} INFO - Started process (PID=165) to work on /home/airflow/.local/lib/python3.12/site-packages/airflow/example_dags/example_dag_decorator.py
[2025-04-04T13:37:16.705+0000] {processor.py:914} INFO - Processing file /home/airflow/.local/lib/python3.12/site-packages/airflow/example_dags/example_dag_decorator.py for tasks to queue
[2025-04-04T13:37:16.709+0000] {logging_mixin.py:190} INFO - [2025-04-04T13:37:16.708+0000] {dagbag.py:588} INFO - Filling up the DagBag from /home/airflow/.local/lib/python3.12/site-packages/airflow/example_dags/example_dag_decorator.py
[2025-04-04T13:37:16.982+0000] {processor.py:925} INFO - DAG(s) 'example_dag_decorator' retrieved from /home/airflow/.local/lib/python3.12/site-packages/airflow/example_dags/example_dag_decorator.py
[2025-04-04T13:37:17.210+0000] {logging_mixin.py:190} INFO - [2025-04-04T13:37:17.209+0000] {dag.py:3239} INFO - Sync 1 DAGs
[2025-04-04T13:37:17.248+0000] {logging_mixin.py:190} INFO - [2025-04-04T13:37:17.248+0000] {dag.py:4180} INFO - Setting next_dagrun for example_dag_decorator to None, run_after=None
[2025-04-04T13:37:17.291+0000] {processor.py:208} INFO - Processing /home/airflow/.local/lib/python3.12/site-packages/airflow/example_dags/example_dag_decorator.py took 0.597 seconds
[2025-04-04T13:37:47.665+0000] {processor.py:186} INFO - Started process (PID=227) to work on /home/airflow/.local/lib/python3.12/site-packages/airflow/example_dags/example_dag_decorator.py
[2025-04-04T13:37:47.667+0000] {processor.py:914} INFO - Processing file /home/airflow/.local/lib/python3.12/site-packages/airflow/example_dags/example_dag_decorator.py for tasks to queue
[2025-04-04T13:37:47.670+0000] {logging_mixin.py:190} INFO - [2025-04-04T13:37:47.670+0000] {dagbag.py:588} INFO - Filling up the DagBag from /home/airflow/.local/lib/python3.12/site-packages/airflow/example_dags/example_dag_decorator.py
[2025-04-04T13:37:47.852+0000] {processor.py:925} INFO - DAG(s) 'example_dag_decorator' retrieved from /home/airflow/.local/lib/python3.12/site-packages/airflow/example_dags/example_dag_decorator.py
[2025-04-04T13:37:48.058+0000] {logging_mixin.py:190} INFO - [2025-04-04T13:37:48.057+0000] {dag.py:3239} INFO - Sync 1 DAGs
[2025-04-04T13:37:48.079+0000] {logging_mixin.py:190} INFO - [2025-04-04T13:37:48.078+0000] {dag.py:4180} INFO - Setting next_dagrun for example_dag_decorator to None, run_after=None
[2025-04-04T13:37:48.115+0000] {processor.py:208} INFO - Processing /home/airflow/.local/lib/python3.12/site-packages/airflow/example_dags/example_dag_decorator.py took 0.460 seconds
[2025-04-04T13:38:23.330+0000] {processor.py:186} INFO - Started process (PID=296) to work on /home/airflow/.local/lib/python3.12/site-packages/airflow/example_dags/example_dag_decorator.py
[2025-04-04T13:38:23.332+0000] {processor.py:914} INFO - Processing file /home/airflow/.local/lib/python3.12/site-packages/airflow/example_dags/example_dag_decorator.py for tasks to queue
[2025-04-04T13:38:23.337+0000] {logging_mixin.py:190} INFO - [2025-04-04T13:38:23.337+0000] {dagbag.py:588} INFO - Filling up the DagBag from /home/airflow/.local/lib/python3.12/site-packages/airflow/example_dags/example_dag_decorator.py
[2025-04-04T13:38:23.683+0000] {processor.py:925} INFO - DAG(s) 'example_dag_decorator' retrieved from /home/airflow/.local/lib/python3.12/site-packages/airflow/example_dags/example_dag_decorator.py
[2025-04-04T13:38:24.049+0000] {logging_mixin.py:190} INFO - [2025-04-04T13:38:24.048+0000] {dag.py:3239} INFO - Sync 1 DAGs
[2025-04-04T13:38:24.115+0000] {logging_mixin.py:190} INFO - [2025-04-04T13:38:24.114+0000] {dag.py:4180} INFO - Setting next_dagrun for example_dag_decorator to None, run_after=None
[2025-04-04T13:38:24.224+0000] {processor.py:208} INFO - Processing /home/airflow/.local/lib/python3.12/site-packages/airflow/example_dags/example_dag_decorator.py took 0.910 seconds
[2025-04-04T13:38:54.760+0000] {processor.py:186} INFO - Started process (PID=358) to work on /home/airflow/.local/lib/python3.12/site-packages/airflow/example_dags/example_dag_decorator.py
[2025-04-04T13:38:54.762+0000] {processor.py:914} INFO - Processing file /home/airflow/.local/lib/python3.12/site-packages/airflow/example_dags/example_dag_decorator.py for tasks to queue
[2025-04-04T13:38:54.767+0000] {logging_mixin.py:190} INFO - [2025-04-04T13:38:54.766+0000] {dagbag.py:588} INFO - Filling up the DagBag from /home/airflow/.local/lib/python3.12/site-packages/airflow/example_dags/example_dag_decorator.py
[2025-04-04T13:38:54.996+0000] {processor.py:925} INFO - DAG(s) 'example_dag_decorator' retrieved from /home/airflow/.local/lib/python3.12/site-packages/airflow/example_dags/example_dag_decorator.py
[2025-04-04T13:38:55.333+0000] {logging_mixin.py:190} INFO - [2025-04-04T13:38:55.333+0000] {dag.py:3239} INFO - Sync 1 DAGs
[2025-04-04T13:38:55.372+0000] {logging_mixin.py:190} INFO - [2025-04-04T13:38:55.372+0000] {dag.py:4180} INFO - Setting next_dagrun for example_dag_decorator to None, run_after=None
[2025-04-04T13:38:55.441+0000] {processor.py:208} INFO - Processing /home/airflow/.local/lib/python3.12/site-packages/airflow/example_dags/example_dag_decorator.py took 0.694 seconds
[2025-04-04T13:39:27.691+0000] {processor.py:186} INFO - Started process (PID=421) to work on /home/airflow/.local/lib/python3.12/site-packages/airflow/example_dags/example_dag_decorator.py
[2025-04-04T13:39:27.693+0000] {processor.py:914} INFO - Processing file /home/airflow/.local/lib/python3.12/site-packages/airflow/example_dags/example_dag_decorator.py for tasks to queue
[2025-04-04T13:39:27.703+0000] {logging_mixin.py:190} INFO - [2025-04-04T13:39:27.702+0000] {dagbag.py:588} INFO - Filling up the DagBag from /home/airflow/.local/lib/python3.12/site-packages/airflow/example_dags/example_dag_decorator.py
[2025-04-04T13:39:28.196+0000] {processor.py:925} INFO - DAG(s) 'example_dag_decorator' retrieved from /home/airflow/.local/lib/python3.12/site-packages/airflow/example_dags/example_dag_decorator.py
[2025-04-04T13:39:28.604+0000] {logging_mixin.py:190} INFO - [2025-04-04T13:39:28.604+0000] {dag.py:3239} INFO - Sync 1 DAGs
[2025-04-04T13:39:28.668+0000] {logging_mixin.py:190} INFO - [2025-04-04T13:39:28.665+0000] {dag.py:4180} INFO - Setting next_dagrun for example_dag_decorator to None, run_after=None
[2025-04-04T13:39:28.732+0000] {processor.py:208} INFO - Processing /home/airflow/.local/lib/python3.12/site-packages/airflow/example_dags/example_dag_decorator.py took 1.063 seconds
[2025-04-04T13:39:59.172+0000] {processor.py:186} INFO - Started process (PID=486) to work on /home/airflow/.local/lib/python3.12/site-packages/airflow/example_dags/example_dag_decorator.py
[2025-04-04T13:39:59.174+0000] {processor.py:914} INFO - Processing file /home/airflow/.local/lib/python3.12/site-packages/airflow/example_dags/example_dag_decorator.py for tasks to queue
[2025-04-04T13:39:59.180+0000] {logging_mixin.py:190} INFO - [2025-04-04T13:39:59.179+0000] {dagbag.py:588} INFO - Filling up the DagBag from /home/airflow/.local/lib/python3.12/site-packages/airflow/example_dags/example_dag_decorator.py
[2025-04-04T13:39:59.620+0000] {processor.py:925} INFO - DAG(s) 'example_dag_decorator' retrieved from /home/airflow/.local/lib/python3.12/site-packages/airflow/example_dags/example_dag_decorator.py
[2025-04-04T13:40:00.122+0000] {logging_mixin.py:190} INFO - [2025-04-04T13:40:00.122+0000] {dag.py:3239} INFO - Sync 1 DAGs
[2025-04-04T13:40:00.153+0000] {logging_mixin.py:190} INFO - [2025-04-04T13:40:00.153+0000] {dag.py:4180} INFO - Setting next_dagrun for example_dag_decorator to None, run_after=None
[2025-04-04T13:40:00.196+0000] {processor.py:208} INFO - Processing /home/airflow/.local/lib/python3.12/site-packages/airflow/example_dags/example_dag_decorator.py took 1.037 seconds
[2025-04-04T13:40:31.097+0000] {processor.py:186} INFO - Started process (PID=548) to work on /home/airflow/.local/lib/python3.12/site-packages/airflow/example_dags/example_dag_decorator.py
[2025-04-04T13:40:31.098+0000] {processor.py:914} INFO - Processing file /home/airflow/.local/lib/python3.12/site-packages/airflow/example_dags/example_dag_decorator.py for tasks to queue
[2025-04-04T13:40:31.103+0000] {logging_mixin.py:190} INFO - [2025-04-04T13:40:31.103+0000] {dagbag.py:588} INFO - Filling up the DagBag from /home/airflow/.local/lib/python3.12/site-packages/airflow/example_dags/example_dag_decorator.py
[2025-04-04T13:40:31.299+0000] {processor.py:925} INFO - DAG(s) 'example_dag_decorator' retrieved from /home/airflow/.local/lib/python3.12/site-packages/airflow/example_dags/example_dag_decorator.py
[2025-04-04T13:40:31.602+0000] {logging_mixin.py:190} INFO - [2025-04-04T13:40:31.601+0000] {dag.py:3239} INFO - Sync 1 DAGs
[2025-04-04T13:40:31.663+0000] {logging_mixin.py:190} INFO - [2025-04-04T13:40:31.662+0000] {dag.py:4180} INFO - Setting next_dagrun for example_dag_decorator to None, run_after=None
[2025-04-04T13:40:31.806+0000] {processor.py:208} INFO - Processing /home/airflow/.local/lib/python3.12/site-packages/airflow/example_dags/example_dag_decorator.py took 0.719 seconds
[2025-04-04T13:41:03.256+0000] {processor.py:186} INFO - Started process (PID=611) to work on /home/airflow/.local/lib/python3.12/site-packages/airflow/example_dags/example_dag_decorator.py
[2025-04-04T13:41:03.258+0000] {processor.py:914} INFO - Processing file /home/airflow/.local/lib/python3.12/site-packages/airflow/example_dags/example_dag_decorator.py for tasks to queue
[2025-04-04T13:41:03.261+0000] {logging_mixin.py:190} INFO - [2025-04-04T13:41:03.261+0000] {dagbag.py:588} INFO - Filling up the DagBag from /home/airflow/.local/lib/python3.12/site-packages/airflow/example_dags/example_dag_decorator.py
[2025-04-04T13:41:03.460+0000] {processor.py:925} INFO - DAG(s) 'example_dag_decorator' retrieved from /home/airflow/.local/lib/python3.12/site-packages/airflow/example_dags/example_dag_decorator.py
[2025-04-04T13:41:03.683+0000] {logging_mixin.py:190} INFO - [2025-04-04T13:41:03.682+0000] {dag.py:3239} INFO - Sync 1 DAGs
[2025-04-04T13:41:03.720+0000] {logging_mixin.py:190} INFO - [2025-04-04T13:41:03.719+0000] {dag.py:4180} INFO - Setting next_dagrun for example_dag_decorator to None, run_after=None
[2025-04-04T13:41:03.785+0000] {processor.py:208} INFO - Processing /home/airflow/.local/lib/python3.12/site-packages/airflow/example_dags/example_dag_decorator.py took 0.539 seconds
[2025-04-04T13:41:35.685+0000] {processor.py:186} INFO - Started process (PID=674) to work on /home/airflow/.local/lib/python3.12/site-packages/airflow/example_dags/example_dag_decorator.py
[2025-04-04T13:41:35.687+0000] {processor.py:914} INFO - Processing file /home/airflow/.local/lib/python3.12/site-packages/airflow/example_dags/example_dag_decorator.py for tasks to queue
[2025-04-04T13:41:35.691+0000] {logging_mixin.py:190} INFO - [2025-04-04T13:41:35.690+0000] {dagbag.py:588} INFO - Filling up the DagBag from /home/airflow/.local/lib/python3.12/site-packages/airflow/example_dags/example_dag_decorator.py
[2025-04-04T13:41:35.959+0000] {processor.py:925} INFO - DAG(s) 'example_dag_decorator' retrieved from /home/airflow/.local/lib/python3.12/site-packages/airflow/example_dags/example_dag_decorator.py
[2025-04-04T13:41:36.242+0000] {logging_mixin.py:190} INFO - [2025-04-04T13:41:36.241+0000] {dag.py:3239} INFO - Sync 1 DAGs
[2025-04-04T13:41:36.265+0000] {logging_mixin.py:190} INFO - [2025-04-04T13:41:36.265+0000] {dag.py:4180} INFO - Setting next_dagrun for example_dag_decorator to None, run_after=None
[2025-04-04T13:41:36.299+0000] {processor.py:208} INFO - Processing /home/airflow/.local/lib/python3.12/site-packages/airflow/example_dags/example_dag_decorator.py took 0.627 seconds
[2025-04-04T13:42:07.217+0000] {processor.py:186} INFO - Started process (PID=736) to work on /home/airflow/.local/lib/python3.12/site-packages/airflow/example_dags/example_dag_decorator.py
[2025-04-04T13:42:07.219+0000] {processor.py:914} INFO - Processing file /home/airflow/.local/lib/python3.12/site-packages/airflow/example_dags/example_dag_decorator.py for tasks to queue
[2025-04-04T13:42:07.225+0000] {logging_mixin.py:190} INFO - [2025-04-04T13:42:07.224+0000] {dagbag.py:588} INFO - Filling up the DagBag from /home/airflow/.local/lib/python3.12/site-packages/airflow/example_dags/example_dag_decorator.py
[2025-04-04T13:42:07.466+0000] {processor.py:925} INFO - DAG(s) 'example_dag_decorator' retrieved from /home/airflow/.local/lib/python3.12/site-packages/airflow/example_dags/example_dag_decorator.py
[2025-04-04T13:42:07.799+0000] {logging_mixin.py:190} INFO - [2025-04-04T13:42:07.799+0000] {dag.py:3239} INFO - Sync 1 DAGs
[2025-04-04T13:42:07.830+0000] {logging_mixin.py:190} INFO - [2025-04-04T13:42:07.830+0000] {dag.py:4180} INFO - Setting next_dagrun for example_dag_decorator to None, run_after=None
[2025-04-04T13:42:07.883+0000] {processor.py:208} INFO - Processing /home/airflow/.local/lib/python3.12/site-packages/airflow/example_dags/example_dag_decorator.py took 0.681 seconds
[2025-04-04T13:42:40.021+0000] {processor.py:186} INFO - Started process (PID=800) to work on /home/airflow/.local/lib/python3.12/site-packages/airflow/example_dags/example_dag_decorator.py
[2025-04-04T13:42:40.027+0000] {processor.py:914} INFO - Processing file /home/airflow/.local/lib/python3.12/site-packages/airflow/example_dags/example_dag_decorator.py for tasks to queue
[2025-04-04T13:42:40.051+0000] {logging_mixin.py:190} INFO - [2025-04-04T13:42:40.045+0000] {dagbag.py:588} INFO - Filling up the DagBag from /home/airflow/.local/lib/python3.12/site-packages/airflow/example_dags/example_dag_decorator.py
[2025-04-04T13:42:40.505+0000] {processor.py:925} INFO - DAG(s) 'example_dag_decorator' retrieved from /home/airflow/.local/lib/python3.12/site-packages/airflow/example_dags/example_dag_decorator.py
[2025-04-04T13:42:40.801+0000] {logging_mixin.py:190} INFO - [2025-04-04T13:42:40.800+0000] {dag.py:3239} INFO - Sync 1 DAGs
[2025-04-04T13:42:40.835+0000] {logging_mixin.py:190} INFO - [2025-04-04T13:42:40.834+0000] {dag.py:4180} INFO - Setting next_dagrun for example_dag_decorator to None, run_after=None
[2025-04-04T13:42:40.896+0000] {processor.py:208} INFO - Processing /home/airflow/.local/lib/python3.12/site-packages/airflow/example_dags/example_dag_decorator.py took 0.903 seconds
[2025-04-04T13:43:11.372+0000] {processor.py:186} INFO - Started process (PID=862) to work on /home/airflow/.local/lib/python3.12/site-packages/airflow/example_dags/example_dag_decorator.py
[2025-04-04T13:43:11.374+0000] {processor.py:914} INFO - Processing file /home/airflow/.local/lib/python3.12/site-packages/airflow/example_dags/example_dag_decorator.py for tasks to queue
[2025-04-04T13:43:11.378+0000] {logging_mixin.py:190} INFO - [2025-04-04T13:43:11.377+0000] {dagbag.py:588} INFO - Filling up the DagBag from /home/airflow/.local/lib/python3.12/site-packages/airflow/example_dags/example_dag_decorator.py
[2025-04-04T13:43:11.581+0000] {processor.py:925} INFO - DAG(s) 'example_dag_decorator' retrieved from /home/airflow/.local/lib/python3.12/site-packages/airflow/example_dags/example_dag_decorator.py
[2025-04-04T13:43:11.860+0000] {logging_mixin.py:190} INFO - [2025-04-04T13:43:11.859+0000] {dag.py:3239} INFO - Sync 1 DAGs
[2025-04-04T13:43:11.886+0000] {logging_mixin.py:190} INFO - [2025-04-04T13:43:11.885+0000] {dag.py:4180} INFO - Setting next_dagrun for example_dag_decorator to None, run_after=None
[2025-04-04T13:43:11.927+0000] {processor.py:208} INFO - Processing /home/airflow/.local/lib/python3.12/site-packages/airflow/example_dags/example_dag_decorator.py took 0.567 seconds
[2025-04-04T13:43:43.091+0000] {processor.py:186} INFO - Started process (PID=926) to work on /home/airflow/.local/lib/python3.12/site-packages/airflow/example_dags/example_dag_decorator.py
[2025-04-04T13:43:43.093+0000] {processor.py:914} INFO - Processing file /home/airflow/.local/lib/python3.12/site-packages/airflow/example_dags/example_dag_decorator.py for tasks to queue
[2025-04-04T13:43:43.099+0000] {logging_mixin.py:190} INFO - [2025-04-04T13:43:43.098+0000] {dagbag.py:588} INFO - Filling up the DagBag from /home/airflow/.local/lib/python3.12/site-packages/airflow/example_dags/example_dag_decorator.py
[2025-04-04T13:43:43.417+0000] {processor.py:925} INFO - DAG(s) 'example_dag_decorator' retrieved from /home/airflow/.local/lib/python3.12/site-packages/airflow/example_dags/example_dag_decorator.py
[2025-04-04T13:43:43.728+0000] {logging_mixin.py:190} INFO - [2025-04-04T13:43:43.727+0000] {dag.py:3239} INFO - Sync 1 DAGs
[2025-04-04T13:43:43.762+0000] {logging_mixin.py:190} INFO - [2025-04-04T13:43:43.761+0000] {dag.py:4180} INFO - Setting next_dagrun for example_dag_decorator to None, run_after=None
[2025-04-04T13:43:43.801+0000] {processor.py:208} INFO - Processing /home/airflow/.local/lib/python3.12/site-packages/airflow/example_dags/example_dag_decorator.py took 0.726 seconds
[2025-04-04T13:44:15.604+0000] {processor.py:186} INFO - Started process (PID=991) to work on /home/airflow/.local/lib/python3.12/site-packages/airflow/example_dags/example_dag_decorator.py
[2025-04-04T13:44:15.606+0000] {processor.py:914} INFO - Processing file /home/airflow/.local/lib/python3.12/site-packages/airflow/example_dags/example_dag_decorator.py for tasks to queue
[2025-04-04T13:44:15.622+0000] {logging_mixin.py:190} INFO - [2025-04-04T13:44:15.621+0000] {dagbag.py:588} INFO - Filling up the DagBag from /home/airflow/.local/lib/python3.12/site-packages/airflow/example_dags/example_dag_decorator.py
[2025-04-04T13:44:15.880+0000] {processor.py:925} INFO - DAG(s) 'example_dag_decorator' retrieved from /home/airflow/.local/lib/python3.12/site-packages/airflow/example_dags/example_dag_decorator.py
[2025-04-04T13:44:16.195+0000] {logging_mixin.py:190} INFO - [2025-04-04T13:44:16.193+0000] {dag.py:3239} INFO - Sync 1 DAGs
[2025-04-04T13:44:16.230+0000] {logging_mixin.py:190} INFO - [2025-04-04T13:44:16.229+0000] {dag.py:4180} INFO - Setting next_dagrun for example_dag_decorator to None, run_after=None
[2025-04-04T13:44:16.298+0000] {processor.py:208} INFO - Processing /home/airflow/.local/lib/python3.12/site-packages/airflow/example_dags/example_dag_decorator.py took 0.728 seconds
[2025-04-04T13:44:48.206+0000] {processor.py:186} INFO - Started process (PID=1060) to work on /home/airflow/.local/lib/python3.12/site-packages/airflow/example_dags/example_dag_decorator.py
[2025-04-04T13:44:48.210+0000] {processor.py:914} INFO - Processing file /home/airflow/.local/lib/python3.12/site-packages/airflow/example_dags/example_dag_decorator.py for tasks to queue
[2025-04-04T13:44:48.215+0000] {logging_mixin.py:190} INFO - [2025-04-04T13:44:48.214+0000] {dagbag.py:588} INFO - Filling up the DagBag from /home/airflow/.local/lib/python3.12/site-packages/airflow/example_dags/example_dag_decorator.py
[2025-04-04T13:44:48.514+0000] {processor.py:925} INFO - DAG(s) 'example_dag_decorator' retrieved from /home/airflow/.local/lib/python3.12/site-packages/airflow/example_dags/example_dag_decorator.py
[2025-04-04T13:44:48.817+0000] {logging_mixin.py:190} INFO - [2025-04-04T13:44:48.816+0000] {dag.py:3239} INFO - Sync 1 DAGs
[2025-04-04T13:44:48.848+0000] {logging_mixin.py:190} INFO - [2025-04-04T13:44:48.847+0000] {dag.py:4180} INFO - Setting next_dagrun for example_dag_decorator to None, run_after=None
[2025-04-04T13:44:48.889+0000] {processor.py:208} INFO - Processing /home/airflow/.local/lib/python3.12/site-packages/airflow/example_dags/example_dag_decorator.py took 0.696 seconds
[2025-04-04T13:45:21.616+0000] {processor.py:186} INFO - Started process (PID=1125) to work on /home/airflow/.local/lib/python3.12/site-packages/airflow/example_dags/example_dag_decorator.py
[2025-04-04T13:45:21.618+0000] {processor.py:914} INFO - Processing file /home/airflow/.local/lib/python3.12/site-packages/airflow/example_dags/example_dag_decorator.py for tasks to queue
[2025-04-04T13:45:21.626+0000] {logging_mixin.py:190} INFO - [2025-04-04T13:45:21.625+0000] {dagbag.py:588} INFO - Filling up the DagBag from /home/airflow/.local/lib/python3.12/site-packages/airflow/example_dags/example_dag_decorator.py
[2025-04-04T13:45:21.939+0000] {processor.py:925} INFO - DAG(s) 'example_dag_decorator' retrieved from /home/airflow/.local/lib/python3.12/site-packages/airflow/example_dags/example_dag_decorator.py
[2025-04-04T13:45:22.384+0000] {logging_mixin.py:190} INFO - [2025-04-04T13:45:22.383+0000] {dag.py:3239} INFO - Sync 1 DAGs
[2025-04-04T13:45:22.425+0000] {logging_mixin.py:190} INFO - [2025-04-04T13:45:22.424+0000] {dag.py:4180} INFO - Setting next_dagrun for example_dag_decorator to None, run_after=None
[2025-04-04T13:45:22.483+0000] {processor.py:208} INFO - Processing /home/airflow/.local/lib/python3.12/site-packages/airflow/example_dags/example_dag_decorator.py took 0.885 seconds
[2025-04-04T13:45:53.705+0000] {processor.py:186} INFO - Started process (PID=1189) to work on /home/airflow/.local/lib/python3.12/site-packages/airflow/example_dags/example_dag_decorator.py
[2025-04-04T13:45:53.707+0000] {processor.py:914} INFO - Processing file /home/airflow/.local/lib/python3.12/site-packages/airflow/example_dags/example_dag_decorator.py for tasks to queue
[2025-04-04T13:45:53.713+0000] {logging_mixin.py:190} INFO - [2025-04-04T13:45:53.712+0000] {dagbag.py:588} INFO - Filling up the DagBag from /home/airflow/.local/lib/python3.12/site-packages/airflow/example_dags/example_dag_decorator.py
[2025-04-04T13:45:54.189+0000] {processor.py:925} INFO - DAG(s) 'example_dag_decorator' retrieved from /home/airflow/.local/lib/python3.12/site-packages/airflow/example_dags/example_dag_decorator.py
[2025-04-04T13:45:54.579+0000] {logging_mixin.py:190} INFO - [2025-04-04T13:45:54.579+0000] {dag.py:3239} INFO - Sync 1 DAGs
[2025-04-04T13:45:54.623+0000] {logging_mixin.py:190} INFO - [2025-04-04T13:45:54.622+0000] {dag.py:4180} INFO - Setting next_dagrun for example_dag_decorator to None, run_after=None
[2025-04-04T13:45:54.676+0000] {processor.py:208} INFO - Processing /home/airflow/.local/lib/python3.12/site-packages/airflow/example_dags/example_dag_decorator.py took 0.986 seconds
[2025-04-04T13:46:40.149+0000] {processor.py:186} INFO - Started process (PID=1272) to work on /home/airflow/.local/lib/python3.12/site-packages/airflow/example_dags/example_dag_decorator.py
[2025-04-04T13:46:40.152+0000] {processor.py:914} INFO - Processing file /home/airflow/.local/lib/python3.12/site-packages/airflow/example_dags/example_dag_decorator.py for tasks to queue
[2025-04-04T13:46:40.168+0000] {logging_mixin.py:190} INFO - [2025-04-04T13:46:40.167+0000] {dagbag.py:588} INFO - Filling up the DagBag from /home/airflow/.local/lib/python3.12/site-packages/airflow/example_dags/example_dag_decorator.py
[2025-04-04T13:46:40.901+0000] {processor.py:925} INFO - DAG(s) 'example_dag_decorator' retrieved from /home/airflow/.local/lib/python3.12/site-packages/airflow/example_dags/example_dag_decorator.py
[2025-04-04T13:46:41.359+0000] {logging_mixin.py:190} INFO - [2025-04-04T13:46:41.358+0000] {dag.py:3239} INFO - Sync 1 DAGs
[2025-04-04T13:46:41.400+0000] {logging_mixin.py:190} INFO - [2025-04-04T13:46:41.400+0000] {dag.py:4180} INFO - Setting next_dagrun for example_dag_decorator to None, run_after=None
[2025-04-04T13:46:41.574+0000] {processor.py:208} INFO - Processing /home/airflow/.local/lib/python3.12/site-packages/airflow/example_dags/example_dag_decorator.py took 1.477 seconds
[2025-04-04T13:47:12.369+0000] {processor.py:186} INFO - Started process (PID=1334) to work on /home/airflow/.local/lib/python3.12/site-packages/airflow/example_dags/example_dag_decorator.py
[2025-04-04T13:47:12.370+0000] {processor.py:914} INFO - Processing file /home/airflow/.local/lib/python3.12/site-packages/airflow/example_dags/example_dag_decorator.py for tasks to queue
[2025-04-04T13:47:12.375+0000] {logging_mixin.py:190} INFO - [2025-04-04T13:47:12.374+0000] {dagbag.py:588} INFO - Filling up the DagBag from /home/airflow/.local/lib/python3.12/site-packages/airflow/example_dags/example_dag_decorator.py
[2025-04-04T13:47:12.604+0000] {processor.py:925} INFO - DAG(s) 'example_dag_decorator' retrieved from /home/airflow/.local/lib/python3.12/site-packages/airflow/example_dags/example_dag_decorator.py
[2025-04-04T13:47:12.838+0000] {logging_mixin.py:190} INFO - [2025-04-04T13:47:12.837+0000] {dag.py:3239} INFO - Sync 1 DAGs
[2025-04-04T13:47:12.864+0000] {logging_mixin.py:190} INFO - [2025-04-04T13:47:12.864+0000] {dag.py:4180} INFO - Setting next_dagrun for example_dag_decorator to None, run_after=None
[2025-04-04T13:47:12.901+0000] {processor.py:208} INFO - Processing /home/airflow/.local/lib/python3.12/site-packages/airflow/example_dags/example_dag_decorator.py took 0.541 seconds
[2025-04-04T13:47:43.803+0000] {processor.py:186} INFO - Started process (PID=1397) to work on /home/airflow/.local/lib/python3.12/site-packages/airflow/example_dags/example_dag_decorator.py
[2025-04-04T13:47:43.807+0000] {processor.py:914} INFO - Processing file /home/airflow/.local/lib/python3.12/site-packages/airflow/example_dags/example_dag_decorator.py for tasks to queue
[2025-04-04T13:47:43.813+0000] {logging_mixin.py:190} INFO - [2025-04-04T13:47:43.812+0000] {dagbag.py:588} INFO - Filling up the DagBag from /home/airflow/.local/lib/python3.12/site-packages/airflow/example_dags/example_dag_decorator.py
[2025-04-04T13:47:44.226+0000] {processor.py:925} INFO - DAG(s) 'example_dag_decorator' retrieved from /home/airflow/.local/lib/python3.12/site-packages/airflow/example_dags/example_dag_decorator.py
[2025-04-04T13:47:44.564+0000] {logging_mixin.py:190} INFO - [2025-04-04T13:47:44.564+0000] {dag.py:3239} INFO - Sync 1 DAGs
[2025-04-04T13:47:44.601+0000] {logging_mixin.py:190} INFO - [2025-04-04T13:47:44.601+0000] {dag.py:4180} INFO - Setting next_dagrun for example_dag_decorator to None, run_after=None
[2025-04-04T13:47:44.680+0000] {processor.py:208} INFO - Processing /home/airflow/.local/lib/python3.12/site-packages/airflow/example_dags/example_dag_decorator.py took 0.893 seconds
[2025-04-04T13:48:15.095+0000] {processor.py:186} INFO - Started process (PID=1463) to work on /home/airflow/.local/lib/python3.12/site-packages/airflow/example_dags/example_dag_decorator.py
[2025-04-04T13:48:15.103+0000] {processor.py:914} INFO - Processing file /home/airflow/.local/lib/python3.12/site-packages/airflow/example_dags/example_dag_decorator.py for tasks to queue
[2025-04-04T13:48:15.116+0000] {logging_mixin.py:190} INFO - [2025-04-04T13:48:15.114+0000] {dagbag.py:588} INFO - Filling up the DagBag from /home/airflow/.local/lib/python3.12/site-packages/airflow/example_dags/example_dag_decorator.py
[2025-04-04T13:48:15.450+0000] {processor.py:925} INFO - DAG(s) 'example_dag_decorator' retrieved from /home/airflow/.local/lib/python3.12/site-packages/airflow/example_dags/example_dag_decorator.py
[2025-04-04T13:48:15.863+0000] {logging_mixin.py:190} INFO - [2025-04-04T13:48:15.862+0000] {dag.py:3239} INFO - Sync 1 DAGs
[2025-04-04T13:48:15.908+0000] {logging_mixin.py:190} INFO - [2025-04-04T13:48:15.907+0000] {dag.py:4180} INFO - Setting next_dagrun for example_dag_decorator to None, run_after=None
[2025-04-04T13:48:15.961+0000] {processor.py:208} INFO - Processing /home/airflow/.local/lib/python3.12/site-packages/airflow/example_dags/example_dag_decorator.py took 0.897 seconds
[2025-04-04T13:48:46.510+0000] {processor.py:186} INFO - Started process (PID=1525) to work on /home/airflow/.local/lib/python3.12/site-packages/airflow/example_dags/example_dag_decorator.py
[2025-04-04T13:48:46.512+0000] {processor.py:914} INFO - Processing file /home/airflow/.local/lib/python3.12/site-packages/airflow/example_dags/example_dag_decorator.py for tasks to queue
[2025-04-04T13:48:46.517+0000] {logging_mixin.py:190} INFO - [2025-04-04T13:48:46.517+0000] {dagbag.py:588} INFO - Filling up the DagBag from /home/airflow/.local/lib/python3.12/site-packages/airflow/example_dags/example_dag_decorator.py
[2025-04-04T13:48:46.716+0000] {processor.py:925} INFO - DAG(s) 'example_dag_decorator' retrieved from /home/airflow/.local/lib/python3.12/site-packages/airflow/example_dags/example_dag_decorator.py
[2025-04-04T13:48:46.941+0000] {logging_mixin.py:190} INFO - [2025-04-04T13:48:46.941+0000] {dag.py:3239} INFO - Sync 1 DAGs
[2025-04-04T13:48:46.967+0000] {logging_mixin.py:190} INFO - [2025-04-04T13:48:46.967+0000] {dag.py:4180} INFO - Setting next_dagrun for example_dag_decorator to None, run_after=None
[2025-04-04T13:48:47.024+0000] {processor.py:208} INFO - Processing /home/airflow/.local/lib/python3.12/site-packages/airflow/example_dags/example_dag_decorator.py took 0.526 seconds
[2025-04-04T13:49:17.550+0000] {processor.py:186} INFO - Started process (PID=1587) to work on /home/airflow/.local/lib/python3.12/site-packages/airflow/example_dags/example_dag_decorator.py
[2025-04-04T13:49:17.567+0000] {processor.py:914} INFO - Processing file /home/airflow/.local/lib/python3.12/site-packages/airflow/example_dags/example_dag_decorator.py for tasks to queue
[2025-04-04T13:49:17.579+0000] {logging_mixin.py:190} INFO - [2025-04-04T13:49:17.578+0000] {dagbag.py:588} INFO - Filling up the DagBag from /home/airflow/.local/lib/python3.12/site-packages/airflow/example_dags/example_dag_decorator.py
[2025-04-04T13:49:18.539+0000] {processor.py:925} INFO - DAG(s) 'example_dag_decorator' retrieved from /home/airflow/.local/lib/python3.12/site-packages/airflow/example_dags/example_dag_decorator.py
[2025-04-04T13:49:19.734+0000] {logging_mixin.py:190} INFO - [2025-04-04T13:49:19.734+0000] {dag.py:3239} INFO - Sync 1 DAGs
[2025-04-04T13:49:19.846+0000] {logging_mixin.py:190} INFO - [2025-04-04T13:49:19.846+0000] {dag.py:4180} INFO - Setting next_dagrun for example_dag_decorator to None, run_after=None
[2025-04-04T13:49:20.141+0000] {processor.py:208} INFO - Processing /home/airflow/.local/lib/python3.12/site-packages/airflow/example_dags/example_dag_decorator.py took 2.630 seconds
[2025-04-04T13:49:50.386+0000] {processor.py:186} INFO - Started process (PID=1652) to work on /home/airflow/.local/lib/python3.12/site-packages/airflow/example_dags/example_dag_decorator.py
[2025-04-04T13:49:50.389+0000] {processor.py:914} INFO - Processing file /home/airflow/.local/lib/python3.12/site-packages/airflow/example_dags/example_dag_decorator.py for tasks to queue
[2025-04-04T13:49:50.397+0000] {logging_mixin.py:190} INFO - [2025-04-04T13:49:50.396+0000] {dagbag.py:588} INFO - Filling up the DagBag from /home/airflow/.local/lib/python3.12/site-packages/airflow/example_dags/example_dag_decorator.py
[2025-04-04T13:49:50.634+0000] {processor.py:925} INFO - DAG(s) 'example_dag_decorator' retrieved from /home/airflow/.local/lib/python3.12/site-packages/airflow/example_dags/example_dag_decorator.py
[2025-04-04T13:49:51.035+0000] {logging_mixin.py:190} INFO - [2025-04-04T13:49:51.035+0000] {dag.py:3239} INFO - Sync 1 DAGs
[2025-04-04T13:49:51.086+0000] {logging_mixin.py:190} INFO - [2025-04-04T13:49:51.086+0000] {dag.py:4180} INFO - Setting next_dagrun for example_dag_decorator to None, run_after=None
[2025-04-04T13:49:51.153+0000] {processor.py:208} INFO - Processing /home/airflow/.local/lib/python3.12/site-packages/airflow/example_dags/example_dag_decorator.py took 0.786 seconds
[2025-04-04T13:50:22.045+0000] {processor.py:186} INFO - Started process (PID=1714) to work on /home/airflow/.local/lib/python3.12/site-packages/airflow/example_dags/example_dag_decorator.py
[2025-04-04T13:50:22.047+0000] {processor.py:914} INFO - Processing file /home/airflow/.local/lib/python3.12/site-packages/airflow/example_dags/example_dag_decorator.py for tasks to queue
[2025-04-04T13:50:22.053+0000] {logging_mixin.py:190} INFO - [2025-04-04T13:50:22.052+0000] {dagbag.py:588} INFO - Filling up the DagBag from /home/airflow/.local/lib/python3.12/site-packages/airflow/example_dags/example_dag_decorator.py
[2025-04-04T13:50:22.380+0000] {processor.py:925} INFO - DAG(s) 'example_dag_decorator' retrieved from /home/airflow/.local/lib/python3.12/site-packages/airflow/example_dags/example_dag_decorator.py
[2025-04-04T13:50:22.625+0000] {logging_mixin.py:190} INFO - [2025-04-04T13:50:22.624+0000] {dag.py:3239} INFO - Sync 1 DAGs
[2025-04-04T13:50:22.649+0000] {logging_mixin.py:190} INFO - [2025-04-04T13:50:22.649+0000] {dag.py:4180} INFO - Setting next_dagrun for example_dag_decorator to None, run_after=None
[2025-04-04T13:50:22.693+0000] {processor.py:208} INFO - Processing /home/airflow/.local/lib/python3.12/site-packages/airflow/example_dags/example_dag_decorator.py took 0.663 seconds
[2025-04-04T13:50:53.276+0000] {processor.py:186} INFO - Started process (PID=1777) to work on /home/airflow/.local/lib/python3.12/site-packages/airflow/example_dags/example_dag_decorator.py
[2025-04-04T13:50:53.278+0000] {processor.py:914} INFO - Processing file /home/airflow/.local/lib/python3.12/site-packages/airflow/example_dags/example_dag_decorator.py for tasks to queue
[2025-04-04T13:50:53.284+0000] {logging_mixin.py:190} INFO - [2025-04-04T13:50:53.283+0000] {dagbag.py:588} INFO - Filling up the DagBag from /home/airflow/.local/lib/python3.12/site-packages/airflow/example_dags/example_dag_decorator.py
[2025-04-04T13:50:53.498+0000] {processor.py:925} INFO - DAG(s) 'example_dag_decorator' retrieved from /home/airflow/.local/lib/python3.12/site-packages/airflow/example_dags/example_dag_decorator.py
[2025-04-04T13:50:53.703+0000] {logging_mixin.py:190} INFO - [2025-04-04T13:50:53.702+0000] {dag.py:3239} INFO - Sync 1 DAGs
[2025-04-04T13:50:53.725+0000] {logging_mixin.py:190} INFO - [2025-04-04T13:50:53.724+0000] {dag.py:4180} INFO - Setting next_dagrun for example_dag_decorator to None, run_after=None
[2025-04-04T13:50:53.758+0000] {processor.py:208} INFO - Processing /home/airflow/.local/lib/python3.12/site-packages/airflow/example_dags/example_dag_decorator.py took 0.495 seconds
[2025-04-04T13:51:23.825+0000] {processor.py:186} INFO - Started process (PID=1840) to work on /home/airflow/.local/lib/python3.12/site-packages/airflow/example_dags/example_dag_decorator.py
[2025-04-04T13:51:23.827+0000] {processor.py:914} INFO - Processing file /home/airflow/.local/lib/python3.12/site-packages/airflow/example_dags/example_dag_decorator.py for tasks to queue
[2025-04-04T13:51:23.833+0000] {logging_mixin.py:190} INFO - [2025-04-04T13:51:23.831+0000] {dagbag.py:588} INFO - Filling up the DagBag from /home/airflow/.local/lib/python3.12/site-packages/airflow/example_dags/example_dag_decorator.py
[2025-04-04T13:51:24.279+0000] {processor.py:925} INFO - DAG(s) 'example_dag_decorator' retrieved from /home/airflow/.local/lib/python3.12/site-packages/airflow/example_dags/example_dag_decorator.py
[2025-04-04T13:51:24.573+0000] {logging_mixin.py:190} INFO - [2025-04-04T13:51:24.572+0000] {dag.py:3239} INFO - Sync 1 DAGs
[2025-04-04T13:51:24.611+0000] {logging_mixin.py:190} INFO - [2025-04-04T13:51:24.611+0000] {dag.py:4180} INFO - Setting next_dagrun for example_dag_decorator to None, run_after=None
[2025-04-04T13:51:25.816+0000] {processor.py:208} INFO - Processing /home/airflow/.local/lib/python3.12/site-packages/airflow/example_dags/example_dag_decorator.py took 2.006 seconds
[2025-04-04T13:51:56.595+0000] {processor.py:186} INFO - Started process (PID=1909) to work on /home/airflow/.local/lib/python3.12/site-packages/airflow/example_dags/example_dag_decorator.py
[2025-04-04T13:51:56.597+0000] {processor.py:914} INFO - Processing file /home/airflow/.local/lib/python3.12/site-packages/airflow/example_dags/example_dag_decorator.py for tasks to queue
[2025-04-04T13:51:56.605+0000] {logging_mixin.py:190} INFO - [2025-04-04T13:51:56.605+0000] {dagbag.py:588} INFO - Filling up the DagBag from /home/airflow/.local/lib/python3.12/site-packages/airflow/example_dags/example_dag_decorator.py
[2025-04-04T13:51:56.943+0000] {processor.py:925} INFO - DAG(s) 'example_dag_decorator' retrieved from /home/airflow/.local/lib/python3.12/site-packages/airflow/example_dags/example_dag_decorator.py
[2025-04-04T13:51:57.325+0000] {logging_mixin.py:190} INFO - [2025-04-04T13:51:57.324+0000] {dag.py:3239} INFO - Sync 1 DAGs
[2025-04-04T13:51:57.404+0000] {logging_mixin.py:190} INFO - [2025-04-04T13:51:57.403+0000] {dag.py:4180} INFO - Setting next_dagrun for example_dag_decorator to None, run_after=None
[2025-04-04T13:51:57.451+0000] {processor.py:208} INFO - Processing /home/airflow/.local/lib/python3.12/site-packages/airflow/example_dags/example_dag_decorator.py took 0.876 seconds
[2025-04-04T13:52:27.691+0000] {processor.py:186} INFO - Started process (PID=1973) to work on /home/airflow/.local/lib/python3.12/site-packages/airflow/example_dags/example_dag_decorator.py
[2025-04-04T13:52:27.695+0000] {processor.py:914} INFO - Processing file /home/airflow/.local/lib/python3.12/site-packages/airflow/example_dags/example_dag_decorator.py for tasks to queue
[2025-04-04T13:52:27.705+0000] {logging_mixin.py:190} INFO - [2025-04-04T13:52:27.703+0000] {dagbag.py:588} INFO - Filling up the DagBag from /home/airflow/.local/lib/python3.12/site-packages/airflow/example_dags/example_dag_decorator.py
[2025-04-04T13:52:28.031+0000] {processor.py:925} INFO - DAG(s) 'example_dag_decorator' retrieved from /home/airflow/.local/lib/python3.12/site-packages/airflow/example_dags/example_dag_decorator.py
[2025-04-04T13:52:28.401+0000] {logging_mixin.py:190} INFO - [2025-04-04T13:52:28.400+0000] {dag.py:3239} INFO - Sync 1 DAGs
[2025-04-04T13:52:28.440+0000] {logging_mixin.py:190} INFO - [2025-04-04T13:52:28.440+0000] {dag.py:4180} INFO - Setting next_dagrun for example_dag_decorator to None, run_after=None
[2025-04-04T13:52:28.511+0000] {processor.py:208} INFO - Processing /home/airflow/.local/lib/python3.12/site-packages/airflow/example_dags/example_dag_decorator.py took 0.832 seconds
[2025-04-04T13:52:58.927+0000] {processor.py:186} INFO - Started process (PID=2036) to work on /home/airflow/.local/lib/python3.12/site-packages/airflow/example_dags/example_dag_decorator.py
[2025-04-04T13:52:58.929+0000] {processor.py:914} INFO - Processing file /home/airflow/.local/lib/python3.12/site-packages/airflow/example_dags/example_dag_decorator.py for tasks to queue
[2025-04-04T13:52:58.935+0000] {logging_mixin.py:190} INFO - [2025-04-04T13:52:58.934+0000] {dagbag.py:588} INFO - Filling up the DagBag from /home/airflow/.local/lib/python3.12/site-packages/airflow/example_dags/example_dag_decorator.py
[2025-04-04T13:52:59.177+0000] {processor.py:925} INFO - DAG(s) 'example_dag_decorator' retrieved from /home/airflow/.local/lib/python3.12/site-packages/airflow/example_dags/example_dag_decorator.py
[2025-04-04T13:52:59.622+0000] {logging_mixin.py:190} INFO - [2025-04-04T13:52:59.622+0000] {dag.py:3239} INFO - Sync 1 DAGs
[2025-04-04T13:52:59.657+0000] {logging_mixin.py:190} INFO - [2025-04-04T13:52:59.657+0000] {dag.py:4180} INFO - Setting next_dagrun for example_dag_decorator to None, run_after=None
[2025-04-04T13:52:59.722+0000] {processor.py:208} INFO - Processing /home/airflow/.local/lib/python3.12/site-packages/airflow/example_dags/example_dag_decorator.py took 0.812 seconds
[2025-04-04T13:53:30.643+0000] {processor.py:186} INFO - Started process (PID=2102) to work on /home/airflow/.local/lib/python3.12/site-packages/airflow/example_dags/example_dag_decorator.py
[2025-04-04T13:53:30.645+0000] {processor.py:914} INFO - Processing file /home/airflow/.local/lib/python3.12/site-packages/airflow/example_dags/example_dag_decorator.py for tasks to queue
[2025-04-04T13:53:30.649+0000] {logging_mixin.py:190} INFO - [2025-04-04T13:53:30.649+0000] {dagbag.py:588} INFO - Filling up the DagBag from /home/airflow/.local/lib/python3.12/site-packages/airflow/example_dags/example_dag_decorator.py
[2025-04-04T13:53:30.878+0000] {processor.py:925} INFO - DAG(s) 'example_dag_decorator' retrieved from /home/airflow/.local/lib/python3.12/site-packages/airflow/example_dags/example_dag_decorator.py
[2025-04-04T13:53:31.198+0000] {logging_mixin.py:190} INFO - [2025-04-04T13:53:31.197+0000] {dag.py:3239} INFO - Sync 1 DAGs
[2025-04-04T13:53:31.241+0000] {logging_mixin.py:190} INFO - [2025-04-04T13:53:31.240+0000] {dag.py:4180} INFO - Setting next_dagrun for example_dag_decorator to None, run_after=None
[2025-04-04T13:53:31.294+0000] {processor.py:208} INFO - Processing /home/airflow/.local/lib/python3.12/site-packages/airflow/example_dags/example_dag_decorator.py took 0.663 seconds
[2025-04-04T13:54:02.371+0000] {processor.py:186} INFO - Started process (PID=2166) to work on /home/airflow/.local/lib/python3.12/site-packages/airflow/example_dags/example_dag_decorator.py
[2025-04-04T13:54:02.372+0000] {processor.py:914} INFO - Processing file /home/airflow/.local/lib/python3.12/site-packages/airflow/example_dags/example_dag_decorator.py for tasks to queue
[2025-04-04T13:54:02.376+0000] {logging_mixin.py:190} INFO - [2025-04-04T13:54:02.376+0000] {dagbag.py:588} INFO - Filling up the DagBag from /home/airflow/.local/lib/python3.12/site-packages/airflow/example_dags/example_dag_decorator.py
[2025-04-04T13:54:02.602+0000] {processor.py:925} INFO - DAG(s) 'example_dag_decorator' retrieved from /home/airflow/.local/lib/python3.12/site-packages/airflow/example_dags/example_dag_decorator.py
[2025-04-04T13:54:02.864+0000] {logging_mixin.py:190} INFO - [2025-04-04T13:54:02.863+0000] {dag.py:3239} INFO - Sync 1 DAGs
[2025-04-04T13:54:02.897+0000] {logging_mixin.py:190} INFO - [2025-04-04T13:54:02.897+0000] {dag.py:4180} INFO - Setting next_dagrun for example_dag_decorator to None, run_after=None
[2025-04-04T13:54:02.948+0000] {processor.py:208} INFO - Processing /home/airflow/.local/lib/python3.12/site-packages/airflow/example_dags/example_dag_decorator.py took 0.589 seconds
[2025-04-04T13:54:33.217+0000] {processor.py:186} INFO - Started process (PID=2229) to work on /home/airflow/.local/lib/python3.12/site-packages/airflow/example_dags/example_dag_decorator.py
[2025-04-04T13:54:33.219+0000] {processor.py:914} INFO - Processing file /home/airflow/.local/lib/python3.12/site-packages/airflow/example_dags/example_dag_decorator.py for tasks to queue
[2025-04-04T13:54:33.224+0000] {logging_mixin.py:190} INFO - [2025-04-04T13:54:33.223+0000] {dagbag.py:588} INFO - Filling up the DagBag from /home/airflow/.local/lib/python3.12/site-packages/airflow/example_dags/example_dag_decorator.py
[2025-04-04T13:54:33.459+0000] {processor.py:925} INFO - DAG(s) 'example_dag_decorator' retrieved from /home/airflow/.local/lib/python3.12/site-packages/airflow/example_dags/example_dag_decorator.py
[2025-04-04T13:54:33.730+0000] {logging_mixin.py:190} INFO - [2025-04-04T13:54:33.730+0000] {dag.py:3239} INFO - Sync 1 DAGs
[2025-04-04T13:54:33.757+0000] {logging_mixin.py:190} INFO - [2025-04-04T13:54:33.757+0000] {dag.py:4180} INFO - Setting next_dagrun for example_dag_decorator to None, run_after=None
[2025-04-04T13:54:33.801+0000] {processor.py:208} INFO - Processing /home/airflow/.local/lib/python3.12/site-packages/airflow/example_dags/example_dag_decorator.py took 0.599 seconds
[2025-04-04T13:55:03.945+0000] {processor.py:186} INFO - Started process (PID=2292) to work on /home/airflow/.local/lib/python3.12/site-packages/airflow/example_dags/example_dag_decorator.py
[2025-04-04T13:55:03.948+0000] {processor.py:914} INFO - Processing file /home/airflow/.local/lib/python3.12/site-packages/airflow/example_dags/example_dag_decorator.py for tasks to queue
[2025-04-04T13:55:03.953+0000] {logging_mixin.py:190} INFO - [2025-04-04T13:55:03.953+0000] {dagbag.py:588} INFO - Filling up the DagBag from /home/airflow/.local/lib/python3.12/site-packages/airflow/example_dags/example_dag_decorator.py
[2025-04-04T13:55:04.216+0000] {processor.py:925} INFO - DAG(s) 'example_dag_decorator' retrieved from /home/airflow/.local/lib/python3.12/site-packages/airflow/example_dags/example_dag_decorator.py
[2025-04-04T13:55:04.573+0000] {logging_mixin.py:190} INFO - [2025-04-04T13:55:04.572+0000] {dag.py:3239} INFO - Sync 1 DAGs
[2025-04-04T13:55:04.608+0000] {logging_mixin.py:190} INFO - [2025-04-04T13:55:04.608+0000] {dag.py:4180} INFO - Setting next_dagrun for example_dag_decorator to None, run_after=None
[2025-04-04T13:55:04.659+0000] {processor.py:208} INFO - Processing /home/airflow/.local/lib/python3.12/site-packages/airflow/example_dags/example_dag_decorator.py took 0.728 seconds
[2025-04-04T13:55:35.408+0000] {processor.py:186} INFO - Started process (PID=2353) to work on /home/airflow/.local/lib/python3.12/site-packages/airflow/example_dags/example_dag_decorator.py
[2025-04-04T13:55:35.410+0000] {processor.py:914} INFO - Processing file /home/airflow/.local/lib/python3.12/site-packages/airflow/example_dags/example_dag_decorator.py for tasks to queue
[2025-04-04T13:55:35.419+0000] {logging_mixin.py:190} INFO - [2025-04-04T13:55:35.418+0000] {dagbag.py:588} INFO - Filling up the DagBag from /home/airflow/.local/lib/python3.12/site-packages/airflow/example_dags/example_dag_decorator.py
[2025-04-04T13:55:35.876+0000] {processor.py:925} INFO - DAG(s) 'example_dag_decorator' retrieved from /home/airflow/.local/lib/python3.12/site-packages/airflow/example_dags/example_dag_decorator.py
[2025-04-04T13:55:36.480+0000] {logging_mixin.py:190} INFO - [2025-04-04T13:55:36.480+0000] {dag.py:3239} INFO - Sync 1 DAGs
[2025-04-04T13:55:36.515+0000] {logging_mixin.py:190} INFO - [2025-04-04T13:55:36.515+0000] {dag.py:4180} INFO - Setting next_dagrun for example_dag_decorator to None, run_after=None
[2025-04-04T13:55:36.625+0000] {processor.py:208} INFO - Processing /home/airflow/.local/lib/python3.12/site-packages/airflow/example_dags/example_dag_decorator.py took 1.232 seconds
[2025-04-04T13:56:07.541+0000] {processor.py:186} INFO - Started process (PID=2412) to work on /home/airflow/.local/lib/python3.12/site-packages/airflow/example_dags/example_dag_decorator.py
[2025-04-04T13:56:07.543+0000] {processor.py:914} INFO - Processing file /home/airflow/.local/lib/python3.12/site-packages/airflow/example_dags/example_dag_decorator.py for tasks to queue
[2025-04-04T13:56:07.548+0000] {logging_mixin.py:190} INFO - [2025-04-04T13:56:07.547+0000] {dagbag.py:588} INFO - Filling up the DagBag from /home/airflow/.local/lib/python3.12/site-packages/airflow/example_dags/example_dag_decorator.py
[2025-04-04T13:56:07.855+0000] {processor.py:925} INFO - DAG(s) 'example_dag_decorator' retrieved from /home/airflow/.local/lib/python3.12/site-packages/airflow/example_dags/example_dag_decorator.py
[2025-04-04T13:56:08.751+0000] {logging_mixin.py:190} INFO - [2025-04-04T13:56:08.750+0000] {dag.py:3239} INFO - Sync 1 DAGs
[2025-04-04T13:56:08.814+0000] {logging_mixin.py:190} INFO - [2025-04-04T13:56:08.813+0000] {dag.py:4180} INFO - Setting next_dagrun for example_dag_decorator to None, run_after=None
[2025-04-04T13:56:08.907+0000] {processor.py:208} INFO - Processing /home/airflow/.local/lib/python3.12/site-packages/airflow/example_dags/example_dag_decorator.py took 1.384 seconds
[2025-04-04T13:56:39.311+0000] {processor.py:186} INFO - Started process (PID=2475) to work on /home/airflow/.local/lib/python3.12/site-packages/airflow/example_dags/example_dag_decorator.py
[2025-04-04T13:56:39.312+0000] {processor.py:914} INFO - Processing file /home/airflow/.local/lib/python3.12/site-packages/airflow/example_dags/example_dag_decorator.py for tasks to queue
[2025-04-04T13:56:39.317+0000] {logging_mixin.py:190} INFO - [2025-04-04T13:56:39.316+0000] {dagbag.py:588} INFO - Filling up the DagBag from /home/airflow/.local/lib/python3.12/site-packages/airflow/example_dags/example_dag_decorator.py
[2025-04-04T13:56:39.542+0000] {processor.py:925} INFO - DAG(s) 'example_dag_decorator' retrieved from /home/airflow/.local/lib/python3.12/site-packages/airflow/example_dags/example_dag_decorator.py
[2025-04-04T13:56:40.049+0000] {logging_mixin.py:190} INFO - [2025-04-04T13:56:40.048+0000] {dag.py:3239} INFO - Sync 1 DAGs
[2025-04-04T13:56:40.072+0000] {logging_mixin.py:190} INFO - [2025-04-04T13:56:40.072+0000] {dag.py:4180} INFO - Setting next_dagrun for example_dag_decorator to None, run_after=None
[2025-04-04T13:56:40.105+0000] {processor.py:208} INFO - Processing /home/airflow/.local/lib/python3.12/site-packages/airflow/example_dags/example_dag_decorator.py took 0.806 seconds
[2025-04-04T13:57:10.645+0000] {processor.py:186} INFO - Started process (PID=2539) to work on /home/airflow/.local/lib/python3.12/site-packages/airflow/example_dags/example_dag_decorator.py
[2025-04-04T13:57:10.647+0000] {processor.py:914} INFO - Processing file /home/airflow/.local/lib/python3.12/site-packages/airflow/example_dags/example_dag_decorator.py for tasks to queue
[2025-04-04T13:57:10.652+0000] {logging_mixin.py:190} INFO - [2025-04-04T13:57:10.652+0000] {dagbag.py:588} INFO - Filling up the DagBag from /home/airflow/.local/lib/python3.12/site-packages/airflow/example_dags/example_dag_decorator.py
[2025-04-04T13:57:10.877+0000] {processor.py:925} INFO - DAG(s) 'example_dag_decorator' retrieved from /home/airflow/.local/lib/python3.12/site-packages/airflow/example_dags/example_dag_decorator.py
[2025-04-04T13:57:11.122+0000] {logging_mixin.py:190} INFO - [2025-04-04T13:57:11.121+0000] {dag.py:3239} INFO - Sync 1 DAGs
[2025-04-04T13:57:11.513+0000] {logging_mixin.py:190} INFO - [2025-04-04T13:57:11.512+0000] {dag.py:4180} INFO - Setting next_dagrun for example_dag_decorator to None, run_after=None
[2025-04-04T13:57:11.568+0000] {processor.py:208} INFO - Processing /home/airflow/.local/lib/python3.12/site-packages/airflow/example_dags/example_dag_decorator.py took 0.941 seconds
[2025-04-04T13:57:43.939+0000] {processor.py:186} INFO - Started process (PID=2605) to work on /home/airflow/.local/lib/python3.12/site-packages/airflow/example_dags/example_dag_decorator.py
[2025-04-04T13:57:43.943+0000] {processor.py:914} INFO - Processing file /home/airflow/.local/lib/python3.12/site-packages/airflow/example_dags/example_dag_decorator.py for tasks to queue
[2025-04-04T13:57:43.952+0000] {logging_mixin.py:190} INFO - [2025-04-04T13:57:43.949+0000] {dagbag.py:588} INFO - Filling up the DagBag from /home/airflow/.local/lib/python3.12/site-packages/airflow/example_dags/example_dag_decorator.py
[2025-04-04T13:57:44.281+0000] {processor.py:925} INFO - DAG(s) 'example_dag_decorator' retrieved from /home/airflow/.local/lib/python3.12/site-packages/airflow/example_dags/example_dag_decorator.py
[2025-04-04T13:57:44.582+0000] {logging_mixin.py:190} INFO - [2025-04-04T13:57:44.581+0000] {dag.py:3239} INFO - Sync 1 DAGs
[2025-04-04T13:57:44.990+0000] {logging_mixin.py:190} INFO - [2025-04-04T13:57:44.989+0000] {dag.py:4180} INFO - Setting next_dagrun for example_dag_decorator to None, run_after=None
[2025-04-04T13:57:45.094+0000] {processor.py:208} INFO - Processing /home/airflow/.local/lib/python3.12/site-packages/airflow/example_dags/example_dag_decorator.py took 1.182 seconds
[2025-04-04T13:58:16.439+0000] {processor.py:186} INFO - Started process (PID=2666) to work on /home/airflow/.local/lib/python3.12/site-packages/airflow/example_dags/example_dag_decorator.py
[2025-04-04T13:58:16.442+0000] {processor.py:914} INFO - Processing file /home/airflow/.local/lib/python3.12/site-packages/airflow/example_dags/example_dag_decorator.py for tasks to queue
[2025-04-04T13:58:16.447+0000] {logging_mixin.py:190} INFO - [2025-04-04T13:58:16.447+0000] {dagbag.py:588} INFO - Filling up the DagBag from /home/airflow/.local/lib/python3.12/site-packages/airflow/example_dags/example_dag_decorator.py
[2025-04-04T13:58:16.695+0000] {processor.py:925} INFO - DAG(s) 'example_dag_decorator' retrieved from /home/airflow/.local/lib/python3.12/site-packages/airflow/example_dags/example_dag_decorator.py
[2025-04-04T13:58:17.363+0000] {logging_mixin.py:190} INFO - [2025-04-04T13:58:17.363+0000] {dag.py:3239} INFO - Sync 1 DAGs
[2025-04-04T13:58:17.398+0000] {logging_mixin.py:190} INFO - [2025-04-04T13:58:17.397+0000] {dag.py:4180} INFO - Setting next_dagrun for example_dag_decorator to None, run_after=None
[2025-04-04T13:58:17.447+0000] {processor.py:208} INFO - Processing /home/airflow/.local/lib/python3.12/site-packages/airflow/example_dags/example_dag_decorator.py took 1.021 seconds
[2025-04-04T13:58:49.801+0000] {processor.py:186} INFO - Started process (PID=2724) to work on /home/airflow/.local/lib/python3.12/site-packages/airflow/example_dags/example_dag_decorator.py
[2025-04-04T13:58:49.807+0000] {processor.py:914} INFO - Processing file /home/airflow/.local/lib/python3.12/site-packages/airflow/example_dags/example_dag_decorator.py for tasks to queue
[2025-04-04T13:58:49.814+0000] {logging_mixin.py:190} INFO - [2025-04-04T13:58:49.813+0000] {dagbag.py:588} INFO - Filling up the DagBag from /home/airflow/.local/lib/python3.12/site-packages/airflow/example_dags/example_dag_decorator.py
[2025-04-04T13:58:50.279+0000] {processor.py:925} INFO - DAG(s) 'example_dag_decorator' retrieved from /home/airflow/.local/lib/python3.12/site-packages/airflow/example_dags/example_dag_decorator.py
[2025-04-04T13:58:51.262+0000] {logging_mixin.py:190} INFO - [2025-04-04T13:58:51.261+0000] {dag.py:3239} INFO - Sync 1 DAGs
[2025-04-04T13:58:51.305+0000] {logging_mixin.py:190} INFO - [2025-04-04T13:58:51.304+0000] {dag.py:4180} INFO - Setting next_dagrun for example_dag_decorator to None, run_after=None
[2025-04-04T13:58:51.371+0000] {processor.py:208} INFO - Processing /home/airflow/.local/lib/python3.12/site-packages/airflow/example_dags/example_dag_decorator.py took 1.598 seconds
