[2025-04-04T13:36:21.585+0000] {processor.py:186} INFO - Started process (PID=74) to work on /home/airflow/.local/lib/python3.12/site-packages/airflow/example_dags/example_kubernetes_executor.py
[2025-04-04T13:36:21.587+0000] {processor.py:914} INFO - Processing file /home/airflow/.local/lib/python3.12/site-packages/airflow/example_dags/example_kubernetes_executor.py for tasks to queue
[2025-04-04T13:36:21.635+0000] {logging_mixin.py:190} INFO - [2025-04-04T13:36:21.634+0000] {dagbag.py:588} INFO - Filling up the DagBag from /home/airflow/.local/lib/python3.12/site-packages/airflow/example_dags/example_kubernetes_executor.py
[2025-04-04T13:36:21.883+0000] {processor.py:925} INFO - DAG(s) 'example_kubernetes_executor' retrieved from /home/airflow/.local/lib/python3.12/site-packages/airflow/example_dags/example_kubernetes_executor.py
[2025-04-04T13:36:22.663+0000] {logging_mixin.py:190} INFO - [2025-04-04T13:36:22.660+0000] {override.py:1912} INFO - Created Permission View: can edit on DAG:example_kubernetes_executor
[2025-04-04T13:36:22.784+0000] {logging_mixin.py:190} INFO - [2025-04-04T13:36:22.783+0000] {override.py:1912} INFO - Created Permission View: can delete on DAG:example_kubernetes_executor
[2025-04-04T13:36:22.832+0000] {logging_mixin.py:190} INFO - [2025-04-04T13:36:22.832+0000] {override.py:1912} INFO - Created Permission View: can read on DAG:example_kubernetes_executor
[2025-04-04T13:36:22.903+0000] {logging_mixin.py:190} INFO - [2025-04-04T13:36:22.903+0000] {override.py:1912} INFO - Created Permission View: can delete on DAG Run:example_kubernetes_executor
[2025-04-04T13:36:22.962+0000] {logging_mixin.py:190} INFO - [2025-04-04T13:36:22.962+0000] {override.py:1912} INFO - Created Permission View: can read on DAG Run:example_kubernetes_executor
[2025-04-04T13:36:23.017+0000] {logging_mixin.py:190} INFO - [2025-04-04T13:36:23.016+0000] {override.py:1912} INFO - Created Permission View: can create on DAG Run:example_kubernetes_executor
[2025-04-04T13:36:23.040+0000] {logging_mixin.py:190} INFO - [2025-04-04T13:36:23.039+0000] {override.py:1912} INFO - Created Permission View: menu access on DAG Run:example_kubernetes_executor
[2025-04-04T13:36:23.046+0000] {logging_mixin.py:190} INFO - [2025-04-04T13:36:23.046+0000] {dag.py:3239} INFO - Sync 1 DAGs
[2025-04-04T13:36:23.123+0000] {logging_mixin.py:190} INFO - [2025-04-04T13:36:23.122+0000] {dag.py:3262} INFO - Creating ORM DAG for example_kubernetes_executor
[2025-04-04T13:36:23.125+0000] {logging_mixin.py:190} INFO - [2025-04-04T13:36:23.124+0000] {dag.py:4180} INFO - Setting next_dagrun for example_kubernetes_executor to None, run_after=None
[2025-04-04T13:36:23.167+0000] {processor.py:208} INFO - Processing /home/airflow/.local/lib/python3.12/site-packages/airflow/example_dags/example_kubernetes_executor.py took 1.603 seconds
[2025-04-04T13:36:56.288+0000] {processor.py:186} INFO - Started process (PID=137) to work on /home/airflow/.local/lib/python3.12/site-packages/airflow/example_dags/example_kubernetes_executor.py
[2025-04-04T13:36:56.291+0000] {processor.py:914} INFO - Processing file /home/airflow/.local/lib/python3.12/site-packages/airflow/example_dags/example_kubernetes_executor.py for tasks to queue
[2025-04-04T13:36:56.296+0000] {logging_mixin.py:190} INFO - [2025-04-04T13:36:56.295+0000] {dagbag.py:588} INFO - Filling up the DagBag from /home/airflow/.local/lib/python3.12/site-packages/airflow/example_dags/example_kubernetes_executor.py
[2025-04-04T13:36:56.370+0000] {processor.py:925} INFO - DAG(s) 'example_kubernetes_executor' retrieved from /home/airflow/.local/lib/python3.12/site-packages/airflow/example_dags/example_kubernetes_executor.py
[2025-04-04T13:36:56.459+0000] {logging_mixin.py:190} INFO - [2025-04-04T13:36:56.459+0000] {dag.py:3239} INFO - Sync 1 DAGs
[2025-04-04T13:36:56.505+0000] {logging_mixin.py:190} INFO - [2025-04-04T13:36:56.504+0000] {dag.py:4180} INFO - Setting next_dagrun for example_kubernetes_executor to None, run_after=None
[2025-04-04T13:36:56.591+0000] {processor.py:208} INFO - Processing /home/airflow/.local/lib/python3.12/site-packages/airflow/example_dags/example_kubernetes_executor.py took 0.318 seconds
[2025-04-04T13:37:27.076+0000] {processor.py:186} INFO - Started process (PID=200) to work on /home/airflow/.local/lib/python3.12/site-packages/airflow/example_dags/example_kubernetes_executor.py
[2025-04-04T13:37:27.077+0000] {processor.py:914} INFO - Processing file /home/airflow/.local/lib/python3.12/site-packages/airflow/example_dags/example_kubernetes_executor.py for tasks to queue
[2025-04-04T13:37:27.082+0000] {logging_mixin.py:190} INFO - [2025-04-04T13:37:27.082+0000] {dagbag.py:588} INFO - Filling up the DagBag from /home/airflow/.local/lib/python3.12/site-packages/airflow/example_dags/example_kubernetes_executor.py
[2025-04-04T13:37:27.117+0000] {processor.py:925} INFO - DAG(s) 'example_kubernetes_executor' retrieved from /home/airflow/.local/lib/python3.12/site-packages/airflow/example_dags/example_kubernetes_executor.py
[2025-04-04T13:37:27.209+0000] {logging_mixin.py:190} INFO - [2025-04-04T13:37:27.208+0000] {dag.py:3239} INFO - Sync 1 DAGs
[2025-04-04T13:37:27.259+0000] {logging_mixin.py:190} INFO - [2025-04-04T13:37:27.258+0000] {dag.py:4180} INFO - Setting next_dagrun for example_kubernetes_executor to None, run_after=None
[2025-04-04T13:37:27.308+0000] {processor.py:208} INFO - Processing /home/airflow/.local/lib/python3.12/site-packages/airflow/example_dags/example_kubernetes_executor.py took 0.244 seconds
[2025-04-04T13:37:58.234+0000] {processor.py:186} INFO - Started process (PID=263) to work on /home/airflow/.local/lib/python3.12/site-packages/airflow/example_dags/example_kubernetes_executor.py
[2025-04-04T13:37:58.236+0000] {processor.py:914} INFO - Processing file /home/airflow/.local/lib/python3.12/site-packages/airflow/example_dags/example_kubernetes_executor.py for tasks to queue
[2025-04-04T13:37:58.240+0000] {logging_mixin.py:190} INFO - [2025-04-04T13:37:58.240+0000] {dagbag.py:588} INFO - Filling up the DagBag from /home/airflow/.local/lib/python3.12/site-packages/airflow/example_dags/example_kubernetes_executor.py
[2025-04-04T13:37:58.274+0000] {processor.py:925} INFO - DAG(s) 'example_kubernetes_executor' retrieved from /home/airflow/.local/lib/python3.12/site-packages/airflow/example_dags/example_kubernetes_executor.py
[2025-04-04T13:37:58.317+0000] {logging_mixin.py:190} INFO - [2025-04-04T13:37:58.317+0000] {dag.py:3239} INFO - Sync 1 DAGs
[2025-04-04T13:37:58.343+0000] {logging_mixin.py:190} INFO - [2025-04-04T13:37:58.343+0000] {dag.py:4180} INFO - Setting next_dagrun for example_kubernetes_executor to None, run_after=None
[2025-04-04T13:37:58.382+0000] {processor.py:208} INFO - Processing /home/airflow/.local/lib/python3.12/site-packages/airflow/example_dags/example_kubernetes_executor.py took 0.158 seconds
[2025-04-04T13:38:29.189+0000] {processor.py:186} INFO - Started process (PID=316) to work on /home/airflow/.local/lib/python3.12/site-packages/airflow/example_dags/example_kubernetes_executor.py
[2025-04-04T13:38:29.190+0000] {processor.py:914} INFO - Processing file /home/airflow/.local/lib/python3.12/site-packages/airflow/example_dags/example_kubernetes_executor.py for tasks to queue
[2025-04-04T13:38:29.194+0000] {logging_mixin.py:190} INFO - [2025-04-04T13:38:29.194+0000] {dagbag.py:588} INFO - Filling up the DagBag from /home/airflow/.local/lib/python3.12/site-packages/airflow/example_dags/example_kubernetes_executor.py
[2025-04-04T13:38:29.221+0000] {processor.py:925} INFO - DAG(s) 'example_kubernetes_executor' retrieved from /home/airflow/.local/lib/python3.12/site-packages/airflow/example_dags/example_kubernetes_executor.py
[2025-04-04T13:38:29.280+0000] {logging_mixin.py:190} INFO - [2025-04-04T13:38:29.279+0000] {dag.py:3239} INFO - Sync 1 DAGs
[2025-04-04T13:38:29.310+0000] {logging_mixin.py:190} INFO - [2025-04-04T13:38:29.310+0000] {dag.py:4180} INFO - Setting next_dagrun for example_kubernetes_executor to None, run_after=None
[2025-04-04T13:38:29.346+0000] {processor.py:208} INFO - Processing /home/airflow/.local/lib/python3.12/site-packages/airflow/example_dags/example_kubernetes_executor.py took 0.169 seconds
[2025-04-04T13:39:01.585+0000] {processor.py:186} INFO - Started process (PID=374) to work on /home/airflow/.local/lib/python3.12/site-packages/airflow/example_dags/example_kubernetes_executor.py
[2025-04-04T13:39:01.594+0000] {processor.py:914} INFO - Processing file /home/airflow/.local/lib/python3.12/site-packages/airflow/example_dags/example_kubernetes_executor.py for tasks to queue
[2025-04-04T13:39:01.599+0000] {logging_mixin.py:190} INFO - [2025-04-04T13:39:01.598+0000] {dagbag.py:588} INFO - Filling up the DagBag from /home/airflow/.local/lib/python3.12/site-packages/airflow/example_dags/example_kubernetes_executor.py
[2025-04-04T13:39:01.659+0000] {processor.py:925} INFO - DAG(s) 'example_kubernetes_executor' retrieved from /home/airflow/.local/lib/python3.12/site-packages/airflow/example_dags/example_kubernetes_executor.py
[2025-04-04T13:39:01.743+0000] {logging_mixin.py:190} INFO - [2025-04-04T13:39:01.738+0000] {dag.py:3239} INFO - Sync 1 DAGs
[2025-04-04T13:39:01.822+0000] {logging_mixin.py:190} INFO - [2025-04-04T13:39:01.822+0000] {dag.py:4180} INFO - Setting next_dagrun for example_kubernetes_executor to None, run_after=None
[2025-04-04T13:39:01.879+0000] {processor.py:208} INFO - Processing /home/airflow/.local/lib/python3.12/site-packages/airflow/example_dags/example_kubernetes_executor.py took 0.319 seconds
[2025-04-04T13:39:37.666+0000] {processor.py:186} INFO - Started process (PID=432) to work on /home/airflow/.local/lib/python3.12/site-packages/airflow/example_dags/example_kubernetes_executor.py
[2025-04-04T13:39:37.668+0000] {processor.py:914} INFO - Processing file /home/airflow/.local/lib/python3.12/site-packages/airflow/example_dags/example_kubernetes_executor.py for tasks to queue
[2025-04-04T13:39:37.674+0000] {logging_mixin.py:190} INFO - [2025-04-04T13:39:37.673+0000] {dagbag.py:588} INFO - Filling up the DagBag from /home/airflow/.local/lib/python3.12/site-packages/airflow/example_dags/example_kubernetes_executor.py
[2025-04-04T13:39:37.765+0000] {processor.py:925} INFO - DAG(s) 'example_kubernetes_executor' retrieved from /home/airflow/.local/lib/python3.12/site-packages/airflow/example_dags/example_kubernetes_executor.py
[2025-04-04T13:39:37.888+0000] {logging_mixin.py:190} INFO - [2025-04-04T13:39:37.887+0000] {dag.py:3239} INFO - Sync 1 DAGs
[2025-04-04T13:39:38.000+0000] {logging_mixin.py:190} INFO - [2025-04-04T13:39:37.999+0000] {dag.py:4180} INFO - Setting next_dagrun for example_kubernetes_executor to None, run_after=None
[2025-04-04T13:39:38.109+0000] {processor.py:208} INFO - Processing /home/airflow/.local/lib/python3.12/site-packages/airflow/example_dags/example_kubernetes_executor.py took 0.470 seconds
[2025-04-04T13:40:08.299+0000] {processor.py:186} INFO - Started process (PID=496) to work on /home/airflow/.local/lib/python3.12/site-packages/airflow/example_dags/example_kubernetes_executor.py
[2025-04-04T13:40:08.300+0000] {processor.py:914} INFO - Processing file /home/airflow/.local/lib/python3.12/site-packages/airflow/example_dags/example_kubernetes_executor.py for tasks to queue
[2025-04-04T13:40:08.304+0000] {logging_mixin.py:190} INFO - [2025-04-04T13:40:08.303+0000] {dagbag.py:588} INFO - Filling up the DagBag from /home/airflow/.local/lib/python3.12/site-packages/airflow/example_dags/example_kubernetes_executor.py
[2025-04-04T13:40:08.328+0000] {processor.py:925} INFO - DAG(s) 'example_kubernetes_executor' retrieved from /home/airflow/.local/lib/python3.12/site-packages/airflow/example_dags/example_kubernetes_executor.py
[2025-04-04T13:40:08.372+0000] {logging_mixin.py:190} INFO - [2025-04-04T13:40:08.372+0000] {dag.py:3239} INFO - Sync 1 DAGs
[2025-04-04T13:40:08.396+0000] {logging_mixin.py:190} INFO - [2025-04-04T13:40:08.395+0000] {dag.py:4180} INFO - Setting next_dagrun for example_kubernetes_executor to None, run_after=None
[2025-04-04T13:40:08.428+0000] {processor.py:208} INFO - Processing /home/airflow/.local/lib/python3.12/site-packages/airflow/example_dags/example_kubernetes_executor.py took 0.139 seconds
[2025-04-04T13:40:39.130+0000] {processor.py:186} INFO - Started process (PID=559) to work on /home/airflow/.local/lib/python3.12/site-packages/airflow/example_dags/example_kubernetes_executor.py
[2025-04-04T13:40:39.132+0000] {processor.py:914} INFO - Processing file /home/airflow/.local/lib/python3.12/site-packages/airflow/example_dags/example_kubernetes_executor.py for tasks to queue
[2025-04-04T13:40:39.137+0000] {logging_mixin.py:190} INFO - [2025-04-04T13:40:39.137+0000] {dagbag.py:588} INFO - Filling up the DagBag from /home/airflow/.local/lib/python3.12/site-packages/airflow/example_dags/example_kubernetes_executor.py
[2025-04-04T13:40:39.192+0000] {processor.py:925} INFO - DAG(s) 'example_kubernetes_executor' retrieved from /home/airflow/.local/lib/python3.12/site-packages/airflow/example_dags/example_kubernetes_executor.py
[2025-04-04T13:40:39.323+0000] {logging_mixin.py:190} INFO - [2025-04-04T13:40:39.323+0000] {dag.py:3239} INFO - Sync 1 DAGs
[2025-04-04T13:40:39.402+0000] {logging_mixin.py:190} INFO - [2025-04-04T13:40:39.402+0000] {dag.py:4180} INFO - Setting next_dagrun for example_kubernetes_executor to None, run_after=None
[2025-04-04T13:40:39.526+0000] {processor.py:208} INFO - Processing /home/airflow/.local/lib/python3.12/site-packages/airflow/example_dags/example_kubernetes_executor.py took 0.409 seconds
[2025-04-04T13:41:11.053+0000] {processor.py:186} INFO - Started process (PID=621) to work on /home/airflow/.local/lib/python3.12/site-packages/airflow/example_dags/example_kubernetes_executor.py
[2025-04-04T13:41:11.055+0000] {processor.py:914} INFO - Processing file /home/airflow/.local/lib/python3.12/site-packages/airflow/example_dags/example_kubernetes_executor.py for tasks to queue
[2025-04-04T13:41:11.060+0000] {logging_mixin.py:190} INFO - [2025-04-04T13:41:11.059+0000] {dagbag.py:588} INFO - Filling up the DagBag from /home/airflow/.local/lib/python3.12/site-packages/airflow/example_dags/example_kubernetes_executor.py
[2025-04-04T13:41:11.089+0000] {processor.py:925} INFO - DAG(s) 'example_kubernetes_executor' retrieved from /home/airflow/.local/lib/python3.12/site-packages/airflow/example_dags/example_kubernetes_executor.py
[2025-04-04T13:41:11.133+0000] {logging_mixin.py:190} INFO - [2025-04-04T13:41:11.133+0000] {dag.py:3239} INFO - Sync 1 DAGs
[2025-04-04T13:41:11.161+0000] {logging_mixin.py:190} INFO - [2025-04-04T13:41:11.160+0000] {dag.py:4180} INFO - Setting next_dagrun for example_kubernetes_executor to None, run_after=None
[2025-04-04T13:41:11.196+0000] {processor.py:208} INFO - Processing /home/airflow/.local/lib/python3.12/site-packages/airflow/example_dags/example_kubernetes_executor.py took 0.157 seconds
[2025-04-04T13:41:41.283+0000] {processor.py:186} INFO - Started process (PID=683) to work on /home/airflow/.local/lib/python3.12/site-packages/airflow/example_dags/example_kubernetes_executor.py
[2025-04-04T13:41:41.285+0000] {processor.py:914} INFO - Processing file /home/airflow/.local/lib/python3.12/site-packages/airflow/example_dags/example_kubernetes_executor.py for tasks to queue
[2025-04-04T13:41:41.289+0000] {logging_mixin.py:190} INFO - [2025-04-04T13:41:41.288+0000] {dagbag.py:588} INFO - Filling up the DagBag from /home/airflow/.local/lib/python3.12/site-packages/airflow/example_dags/example_kubernetes_executor.py
[2025-04-04T13:41:41.318+0000] {processor.py:925} INFO - DAG(s) 'example_kubernetes_executor' retrieved from /home/airflow/.local/lib/python3.12/site-packages/airflow/example_dags/example_kubernetes_executor.py
[2025-04-04T13:41:41.362+0000] {logging_mixin.py:190} INFO - [2025-04-04T13:41:41.362+0000] {dag.py:3239} INFO - Sync 1 DAGs
[2025-04-04T13:41:41.390+0000] {logging_mixin.py:190} INFO - [2025-04-04T13:41:41.390+0000] {dag.py:4180} INFO - Setting next_dagrun for example_kubernetes_executor to None, run_after=None
[2025-04-04T13:41:41.422+0000] {processor.py:208} INFO - Processing /home/airflow/.local/lib/python3.12/site-packages/airflow/example_dags/example_kubernetes_executor.py took 0.149 seconds
[2025-04-04T13:42:11.599+0000] {processor.py:186} INFO - Started process (PID=744) to work on /home/airflow/.local/lib/python3.12/site-packages/airflow/example_dags/example_kubernetes_executor.py
[2025-04-04T13:42:11.601+0000] {processor.py:914} INFO - Processing file /home/airflow/.local/lib/python3.12/site-packages/airflow/example_dags/example_kubernetes_executor.py for tasks to queue
[2025-04-04T13:42:11.606+0000] {logging_mixin.py:190} INFO - [2025-04-04T13:42:11.605+0000] {dagbag.py:588} INFO - Filling up the DagBag from /home/airflow/.local/lib/python3.12/site-packages/airflow/example_dags/example_kubernetes_executor.py
[2025-04-04T13:42:11.631+0000] {processor.py:925} INFO - DAG(s) 'example_kubernetes_executor' retrieved from /home/airflow/.local/lib/python3.12/site-packages/airflow/example_dags/example_kubernetes_executor.py
[2025-04-04T13:42:11.674+0000] {logging_mixin.py:190} INFO - [2025-04-04T13:42:11.673+0000] {dag.py:3239} INFO - Sync 1 DAGs
[2025-04-04T13:42:11.707+0000] {logging_mixin.py:190} INFO - [2025-04-04T13:42:11.706+0000] {dag.py:4180} INFO - Setting next_dagrun for example_kubernetes_executor to None, run_after=None
[2025-04-04T13:42:11.746+0000] {processor.py:208} INFO - Processing /home/airflow/.local/lib/python3.12/site-packages/airflow/example_dags/example_kubernetes_executor.py took 0.159 seconds
[2025-04-04T13:42:42.401+0000] {processor.py:186} INFO - Started process (PID=806) to work on /home/airflow/.local/lib/python3.12/site-packages/airflow/example_dags/example_kubernetes_executor.py
[2025-04-04T13:42:42.404+0000] {processor.py:914} INFO - Processing file /home/airflow/.local/lib/python3.12/site-packages/airflow/example_dags/example_kubernetes_executor.py for tasks to queue
[2025-04-04T13:42:42.409+0000] {logging_mixin.py:190} INFO - [2025-04-04T13:42:42.408+0000] {dagbag.py:588} INFO - Filling up the DagBag from /home/airflow/.local/lib/python3.12/site-packages/airflow/example_dags/example_kubernetes_executor.py
[2025-04-04T13:42:42.450+0000] {processor.py:925} INFO - DAG(s) 'example_kubernetes_executor' retrieved from /home/airflow/.local/lib/python3.12/site-packages/airflow/example_dags/example_kubernetes_executor.py
[2025-04-04T13:42:42.510+0000] {logging_mixin.py:190} INFO - [2025-04-04T13:42:42.509+0000] {dag.py:3239} INFO - Sync 1 DAGs
[2025-04-04T13:42:42.555+0000] {logging_mixin.py:190} INFO - [2025-04-04T13:42:42.555+0000] {dag.py:4180} INFO - Setting next_dagrun for example_kubernetes_executor to None, run_after=None
[2025-04-04T13:42:42.619+0000] {processor.py:208} INFO - Processing /home/airflow/.local/lib/python3.12/site-packages/airflow/example_dags/example_kubernetes_executor.py took 0.235 seconds
[2025-04-04T13:43:13.023+0000] {processor.py:186} INFO - Started process (PID=869) to work on /home/airflow/.local/lib/python3.12/site-packages/airflow/example_dags/example_kubernetes_executor.py
[2025-04-04T13:43:13.026+0000] {processor.py:914} INFO - Processing file /home/airflow/.local/lib/python3.12/site-packages/airflow/example_dags/example_kubernetes_executor.py for tasks to queue
[2025-04-04T13:43:13.031+0000] {logging_mixin.py:190} INFO - [2025-04-04T13:43:13.030+0000] {dagbag.py:588} INFO - Filling up the DagBag from /home/airflow/.local/lib/python3.12/site-packages/airflow/example_dags/example_kubernetes_executor.py
[2025-04-04T13:43:13.085+0000] {processor.py:925} INFO - DAG(s) 'example_kubernetes_executor' retrieved from /home/airflow/.local/lib/python3.12/site-packages/airflow/example_dags/example_kubernetes_executor.py
[2025-04-04T13:43:13.141+0000] {logging_mixin.py:190} INFO - [2025-04-04T13:43:13.141+0000] {dag.py:3239} INFO - Sync 1 DAGs
[2025-04-04T13:43:13.184+0000] {logging_mixin.py:190} INFO - [2025-04-04T13:43:13.183+0000] {dag.py:4180} INFO - Setting next_dagrun for example_kubernetes_executor to None, run_after=None
[2025-04-04T13:43:13.232+0000] {processor.py:208} INFO - Processing /home/airflow/.local/lib/python3.12/site-packages/airflow/example_dags/example_kubernetes_executor.py took 0.224 seconds
[2025-04-04T13:43:44.303+0000] {processor.py:186} INFO - Started process (PID=932) to work on /home/airflow/.local/lib/python3.12/site-packages/airflow/example_dags/example_kubernetes_executor.py
[2025-04-04T13:43:44.304+0000] {processor.py:914} INFO - Processing file /home/airflow/.local/lib/python3.12/site-packages/airflow/example_dags/example_kubernetes_executor.py for tasks to queue
[2025-04-04T13:43:44.309+0000] {logging_mixin.py:190} INFO - [2025-04-04T13:43:44.308+0000] {dagbag.py:588} INFO - Filling up the DagBag from /home/airflow/.local/lib/python3.12/site-packages/airflow/example_dags/example_kubernetes_executor.py
[2025-04-04T13:43:44.336+0000] {processor.py:925} INFO - DAG(s) 'example_kubernetes_executor' retrieved from /home/airflow/.local/lib/python3.12/site-packages/airflow/example_dags/example_kubernetes_executor.py
[2025-04-04T13:43:44.387+0000] {logging_mixin.py:190} INFO - [2025-04-04T13:43:44.387+0000] {dag.py:3239} INFO - Sync 1 DAGs
[2025-04-04T13:43:44.419+0000] {logging_mixin.py:190} INFO - [2025-04-04T13:43:44.418+0000] {dag.py:4180} INFO - Setting next_dagrun for example_kubernetes_executor to None, run_after=None
[2025-04-04T13:43:44.461+0000] {processor.py:208} INFO - Processing /home/airflow/.local/lib/python3.12/site-packages/airflow/example_dags/example_kubernetes_executor.py took 0.168 seconds
[2025-04-04T13:44:15.082+0000] {processor.py:186} INFO - Started process (PID=989) to work on /home/airflow/.local/lib/python3.12/site-packages/airflow/example_dags/example_kubernetes_executor.py
[2025-04-04T13:44:15.084+0000] {processor.py:914} INFO - Processing file /home/airflow/.local/lib/python3.12/site-packages/airflow/example_dags/example_kubernetes_executor.py for tasks to queue
[2025-04-04T13:44:15.089+0000] {logging_mixin.py:190} INFO - [2025-04-04T13:44:15.088+0000] {dagbag.py:588} INFO - Filling up the DagBag from /home/airflow/.local/lib/python3.12/site-packages/airflow/example_dags/example_kubernetes_executor.py
[2025-04-04T13:44:15.167+0000] {processor.py:925} INFO - DAG(s) 'example_kubernetes_executor' retrieved from /home/airflow/.local/lib/python3.12/site-packages/airflow/example_dags/example_kubernetes_executor.py
[2025-04-04T13:44:15.284+0000] {logging_mixin.py:190} INFO - [2025-04-04T13:44:15.283+0000] {dag.py:3239} INFO - Sync 1 DAGs
[2025-04-04T13:44:15.374+0000] {logging_mixin.py:190} INFO - [2025-04-04T13:44:15.373+0000] {dag.py:4180} INFO - Setting next_dagrun for example_kubernetes_executor to None, run_after=None
[2025-04-04T13:44:15.471+0000] {processor.py:208} INFO - Processing /home/airflow/.local/lib/python3.12/site-packages/airflow/example_dags/example_kubernetes_executor.py took 0.402 seconds
[2025-04-04T13:44:46.490+0000] {processor.py:186} INFO - Started process (PID=1048) to work on /home/airflow/.local/lib/python3.12/site-packages/airflow/example_dags/example_kubernetes_executor.py
[2025-04-04T13:44:46.492+0000] {processor.py:914} INFO - Processing file /home/airflow/.local/lib/python3.12/site-packages/airflow/example_dags/example_kubernetes_executor.py for tasks to queue
[2025-04-04T13:44:46.498+0000] {logging_mixin.py:190} INFO - [2025-04-04T13:44:46.497+0000] {dagbag.py:588} INFO - Filling up the DagBag from /home/airflow/.local/lib/python3.12/site-packages/airflow/example_dags/example_kubernetes_executor.py
[2025-04-04T13:44:46.558+0000] {processor.py:925} INFO - DAG(s) 'example_kubernetes_executor' retrieved from /home/airflow/.local/lib/python3.12/site-packages/airflow/example_dags/example_kubernetes_executor.py
[2025-04-04T13:44:46.652+0000] {logging_mixin.py:190} INFO - [2025-04-04T13:44:46.651+0000] {dag.py:3239} INFO - Sync 1 DAGs
[2025-04-04T13:44:46.701+0000] {logging_mixin.py:190} INFO - [2025-04-04T13:44:46.700+0000] {dag.py:4180} INFO - Setting next_dagrun for example_kubernetes_executor to None, run_after=None
[2025-04-04T13:44:46.750+0000] {processor.py:208} INFO - Processing /home/airflow/.local/lib/python3.12/site-packages/airflow/example_dags/example_kubernetes_executor.py took 0.276 seconds
[2025-04-04T13:45:18.286+0000] {processor.py:186} INFO - Started process (PID=1110) to work on /home/airflow/.local/lib/python3.12/site-packages/airflow/example_dags/example_kubernetes_executor.py
[2025-04-04T13:45:18.289+0000] {processor.py:914} INFO - Processing file /home/airflow/.local/lib/python3.12/site-packages/airflow/example_dags/example_kubernetes_executor.py for tasks to queue
[2025-04-04T13:45:18.295+0000] {logging_mixin.py:190} INFO - [2025-04-04T13:45:18.294+0000] {dagbag.py:588} INFO - Filling up the DagBag from /home/airflow/.local/lib/python3.12/site-packages/airflow/example_dags/example_kubernetes_executor.py
[2025-04-04T13:45:18.337+0000] {processor.py:925} INFO - DAG(s) 'example_kubernetes_executor' retrieved from /home/airflow/.local/lib/python3.12/site-packages/airflow/example_dags/example_kubernetes_executor.py
[2025-04-04T13:45:18.409+0000] {logging_mixin.py:190} INFO - [2025-04-04T13:45:18.408+0000] {dag.py:3239} INFO - Sync 1 DAGs
[2025-04-04T13:45:18.468+0000] {logging_mixin.py:190} INFO - [2025-04-04T13:45:18.467+0000] {dag.py:4180} INFO - Setting next_dagrun for example_kubernetes_executor to None, run_after=None
[2025-04-04T13:45:18.516+0000] {processor.py:208} INFO - Processing /home/airflow/.local/lib/python3.12/site-packages/airflow/example_dags/example_kubernetes_executor.py took 0.249 seconds
[2025-04-04T13:45:48.825+0000] {processor.py:186} INFO - Started process (PID=1171) to work on /home/airflow/.local/lib/python3.12/site-packages/airflow/example_dags/example_kubernetes_executor.py
[2025-04-04T13:45:48.827+0000] {processor.py:914} INFO - Processing file /home/airflow/.local/lib/python3.12/site-packages/airflow/example_dags/example_kubernetes_executor.py for tasks to queue
[2025-04-04T13:45:48.833+0000] {logging_mixin.py:190} INFO - [2025-04-04T13:45:48.832+0000] {dagbag.py:588} INFO - Filling up the DagBag from /home/airflow/.local/lib/python3.12/site-packages/airflow/example_dags/example_kubernetes_executor.py
[2025-04-04T13:45:48.866+0000] {processor.py:925} INFO - DAG(s) 'example_kubernetes_executor' retrieved from /home/airflow/.local/lib/python3.12/site-packages/airflow/example_dags/example_kubernetes_executor.py
[2025-04-04T13:45:48.913+0000] {logging_mixin.py:190} INFO - [2025-04-04T13:45:48.913+0000] {dag.py:3239} INFO - Sync 1 DAGs
[2025-04-04T13:45:48.947+0000] {logging_mixin.py:190} INFO - [2025-04-04T13:45:48.946+0000] {dag.py:4180} INFO - Setting next_dagrun for example_kubernetes_executor to None, run_after=None
[2025-04-04T13:45:48.986+0000] {processor.py:208} INFO - Processing /home/airflow/.local/lib/python3.12/site-packages/airflow/example_dags/example_kubernetes_executor.py took 0.175 seconds
[2025-04-04T13:46:19.929+0000] {processor.py:186} INFO - Started process (PID=1234) to work on /home/airflow/.local/lib/python3.12/site-packages/airflow/example_dags/example_kubernetes_executor.py
[2025-04-04T13:46:19.935+0000] {processor.py:914} INFO - Processing file /home/airflow/.local/lib/python3.12/site-packages/airflow/example_dags/example_kubernetes_executor.py for tasks to queue
[2025-04-04T13:46:19.960+0000] {logging_mixin.py:190} INFO - [2025-04-04T13:46:19.959+0000] {dagbag.py:588} INFO - Filling up the DagBag from /home/airflow/.local/lib/python3.12/site-packages/airflow/example_dags/example_kubernetes_executor.py
[2025-04-04T13:46:20.058+0000] {processor.py:925} INFO - DAG(s) 'example_kubernetes_executor' retrieved from /home/airflow/.local/lib/python3.12/site-packages/airflow/example_dags/example_kubernetes_executor.py
[2025-04-04T13:46:20.235+0000] {logging_mixin.py:190} INFO - [2025-04-04T13:46:20.234+0000] {dag.py:3239} INFO - Sync 1 DAGs
[2025-04-04T13:46:20.328+0000] {logging_mixin.py:190} INFO - [2025-04-04T13:46:20.327+0000] {dag.py:4180} INFO - Setting next_dagrun for example_kubernetes_executor to None, run_after=None
[2025-04-04T13:46:20.460+0000] {processor.py:208} INFO - Processing /home/airflow/.local/lib/python3.12/site-packages/airflow/example_dags/example_kubernetes_executor.py took 0.574 seconds
[2025-04-04T13:46:50.844+0000] {processor.py:186} INFO - Started process (PID=1297) to work on /home/airflow/.local/lib/python3.12/site-packages/airflow/example_dags/example_kubernetes_executor.py
[2025-04-04T13:46:50.846+0000] {processor.py:914} INFO - Processing file /home/airflow/.local/lib/python3.12/site-packages/airflow/example_dags/example_kubernetes_executor.py for tasks to queue
[2025-04-04T13:46:50.853+0000] {logging_mixin.py:190} INFO - [2025-04-04T13:46:50.852+0000] {dagbag.py:588} INFO - Filling up the DagBag from /home/airflow/.local/lib/python3.12/site-packages/airflow/example_dags/example_kubernetes_executor.py
[2025-04-04T13:46:50.883+0000] {processor.py:925} INFO - DAG(s) 'example_kubernetes_executor' retrieved from /home/airflow/.local/lib/python3.12/site-packages/airflow/example_dags/example_kubernetes_executor.py
[2025-04-04T13:46:50.948+0000] {logging_mixin.py:190} INFO - [2025-04-04T13:46:50.947+0000] {dag.py:3239} INFO - Sync 1 DAGs
[2025-04-04T13:46:50.979+0000] {logging_mixin.py:190} INFO - [2025-04-04T13:46:50.979+0000] {dag.py:4180} INFO - Setting next_dagrun for example_kubernetes_executor to None, run_after=None
[2025-04-04T13:46:51.022+0000] {processor.py:208} INFO - Processing /home/airflow/.local/lib/python3.12/site-packages/airflow/example_dags/example_kubernetes_executor.py took 0.191 seconds
[2025-04-04T13:47:21.343+0000] {processor.py:186} INFO - Started process (PID=1360) to work on /home/airflow/.local/lib/python3.12/site-packages/airflow/example_dags/example_kubernetes_executor.py
[2025-04-04T13:47:21.345+0000] {processor.py:914} INFO - Processing file /home/airflow/.local/lib/python3.12/site-packages/airflow/example_dags/example_kubernetes_executor.py for tasks to queue
[2025-04-04T13:47:21.351+0000] {logging_mixin.py:190} INFO - [2025-04-04T13:47:21.350+0000] {dagbag.py:588} INFO - Filling up the DagBag from /home/airflow/.local/lib/python3.12/site-packages/airflow/example_dags/example_kubernetes_executor.py
[2025-04-04T13:47:21.397+0000] {processor.py:925} INFO - DAG(s) 'example_kubernetes_executor' retrieved from /home/airflow/.local/lib/python3.12/site-packages/airflow/example_dags/example_kubernetes_executor.py
[2025-04-04T13:47:21.461+0000] {logging_mixin.py:190} INFO - [2025-04-04T13:47:21.461+0000] {dag.py:3239} INFO - Sync 1 DAGs
[2025-04-04T13:47:21.556+0000] {logging_mixin.py:190} INFO - [2025-04-04T13:47:21.555+0000] {dag.py:4180} INFO - Setting next_dagrun for example_kubernetes_executor to None, run_after=None
[2025-04-04T13:47:21.595+0000] {processor.py:208} INFO - Processing /home/airflow/.local/lib/python3.12/site-packages/airflow/example_dags/example_kubernetes_executor.py took 0.269 seconds
[2025-04-04T13:47:51.691+0000] {processor.py:186} INFO - Started process (PID=1423) to work on /home/airflow/.local/lib/python3.12/site-packages/airflow/example_dags/example_kubernetes_executor.py
[2025-04-04T13:47:51.693+0000] {processor.py:914} INFO - Processing file /home/airflow/.local/lib/python3.12/site-packages/airflow/example_dags/example_kubernetes_executor.py for tasks to queue
[2025-04-04T13:47:51.699+0000] {logging_mixin.py:190} INFO - [2025-04-04T13:47:51.698+0000] {dagbag.py:588} INFO - Filling up the DagBag from /home/airflow/.local/lib/python3.12/site-packages/airflow/example_dags/example_kubernetes_executor.py
[2025-04-04T13:47:51.739+0000] {processor.py:925} INFO - DAG(s) 'example_kubernetes_executor' retrieved from /home/airflow/.local/lib/python3.12/site-packages/airflow/example_dags/example_kubernetes_executor.py
[2025-04-04T13:47:51.801+0000] {logging_mixin.py:190} INFO - [2025-04-04T13:47:51.800+0000] {dag.py:3239} INFO - Sync 1 DAGs
[2025-04-04T13:47:51.838+0000] {logging_mixin.py:190} INFO - [2025-04-04T13:47:51.837+0000] {dag.py:4180} INFO - Setting next_dagrun for example_kubernetes_executor to None, run_after=None
[2025-04-04T13:47:51.892+0000] {processor.py:208} INFO - Processing /home/airflow/.local/lib/python3.12/site-packages/airflow/example_dags/example_kubernetes_executor.py took 0.218 seconds
[2025-04-04T13:48:22.604+0000] {processor.py:186} INFO - Started process (PID=1486) to work on /home/airflow/.local/lib/python3.12/site-packages/airflow/example_dags/example_kubernetes_executor.py
[2025-04-04T13:48:22.606+0000] {processor.py:914} INFO - Processing file /home/airflow/.local/lib/python3.12/site-packages/airflow/example_dags/example_kubernetes_executor.py for tasks to queue
[2025-04-04T13:48:22.612+0000] {logging_mixin.py:190} INFO - [2025-04-04T13:48:22.611+0000] {dagbag.py:588} INFO - Filling up the DagBag from /home/airflow/.local/lib/python3.12/site-packages/airflow/example_dags/example_kubernetes_executor.py
[2025-04-04T13:48:22.648+0000] {processor.py:925} INFO - DAG(s) 'example_kubernetes_executor' retrieved from /home/airflow/.local/lib/python3.12/site-packages/airflow/example_dags/example_kubernetes_executor.py
[2025-04-04T13:48:22.716+0000] {logging_mixin.py:190} INFO - [2025-04-04T13:48:22.715+0000] {dag.py:3239} INFO - Sync 1 DAGs
[2025-04-04T13:48:22.745+0000] {logging_mixin.py:190} INFO - [2025-04-04T13:48:22.745+0000] {dag.py:4180} INFO - Setting next_dagrun for example_kubernetes_executor to None, run_after=None
[2025-04-04T13:48:22.785+0000] {processor.py:208} INFO - Processing /home/airflow/.local/lib/python3.12/site-packages/airflow/example_dags/example_kubernetes_executor.py took 0.197 seconds
[2025-04-04T13:48:52.966+0000] {processor.py:186} INFO - Started process (PID=1547) to work on /home/airflow/.local/lib/python3.12/site-packages/airflow/example_dags/example_kubernetes_executor.py
[2025-04-04T13:48:52.968+0000] {processor.py:914} INFO - Processing file /home/airflow/.local/lib/python3.12/site-packages/airflow/example_dags/example_kubernetes_executor.py for tasks to queue
[2025-04-04T13:48:52.972+0000] {logging_mixin.py:190} INFO - [2025-04-04T13:48:52.971+0000] {dagbag.py:588} INFO - Filling up the DagBag from /home/airflow/.local/lib/python3.12/site-packages/airflow/example_dags/example_kubernetes_executor.py
[2025-04-04T13:48:53.005+0000] {processor.py:925} INFO - DAG(s) 'example_kubernetes_executor' retrieved from /home/airflow/.local/lib/python3.12/site-packages/airflow/example_dags/example_kubernetes_executor.py
[2025-04-04T13:48:53.059+0000] {logging_mixin.py:190} INFO - [2025-04-04T13:48:53.059+0000] {dag.py:3239} INFO - Sync 1 DAGs
[2025-04-04T13:48:53.091+0000] {logging_mixin.py:190} INFO - [2025-04-04T13:48:53.090+0000] {dag.py:4180} INFO - Setting next_dagrun for example_kubernetes_executor to None, run_after=None
[2025-04-04T13:48:53.127+0000] {processor.py:208} INFO - Processing /home/airflow/.local/lib/python3.12/site-packages/airflow/example_dags/example_kubernetes_executor.py took 0.174 seconds
[2025-04-04T13:49:25.090+0000] {processor.py:186} INFO - Started process (PID=1601) to work on /home/airflow/.local/lib/python3.12/site-packages/airflow/example_dags/example_kubernetes_executor.py
[2025-04-04T13:49:25.103+0000] {processor.py:914} INFO - Processing file /home/airflow/.local/lib/python3.12/site-packages/airflow/example_dags/example_kubernetes_executor.py for tasks to queue
[2025-04-04T13:49:25.124+0000] {logging_mixin.py:190} INFO - [2025-04-04T13:49:25.110+0000] {dagbag.py:588} INFO - Filling up the DagBag from /home/airflow/.local/lib/python3.12/site-packages/airflow/example_dags/example_kubernetes_executor.py
[2025-04-04T13:49:25.389+0000] {processor.py:925} INFO - DAG(s) 'example_kubernetes_executor' retrieved from /home/airflow/.local/lib/python3.12/site-packages/airflow/example_dags/example_kubernetes_executor.py
[2025-04-04T13:49:25.725+0000] {logging_mixin.py:190} INFO - [2025-04-04T13:49:25.724+0000] {dag.py:3239} INFO - Sync 1 DAGs
[2025-04-04T13:49:25.896+0000] {logging_mixin.py:190} INFO - [2025-04-04T13:49:25.895+0000] {dag.py:4180} INFO - Setting next_dagrun for example_kubernetes_executor to None, run_after=None
[2025-04-04T13:49:26.093+0000] {processor.py:208} INFO - Processing /home/airflow/.local/lib/python3.12/site-packages/airflow/example_dags/example_kubernetes_executor.py took 1.112 seconds
[2025-04-04T13:49:56.337+0000] {processor.py:186} INFO - Started process (PID=1669) to work on /home/airflow/.local/lib/python3.12/site-packages/airflow/example_dags/example_kubernetes_executor.py
[2025-04-04T13:49:56.340+0000] {processor.py:914} INFO - Processing file /home/airflow/.local/lib/python3.12/site-packages/airflow/example_dags/example_kubernetes_executor.py for tasks to queue
[2025-04-04T13:49:56.345+0000] {logging_mixin.py:190} INFO - [2025-04-04T13:49:56.344+0000] {dagbag.py:588} INFO - Filling up the DagBag from /home/airflow/.local/lib/python3.12/site-packages/airflow/example_dags/example_kubernetes_executor.py
[2025-04-04T13:49:56.398+0000] {processor.py:925} INFO - DAG(s) 'example_kubernetes_executor' retrieved from /home/airflow/.local/lib/python3.12/site-packages/airflow/example_dags/example_kubernetes_executor.py
[2025-04-04T13:49:56.470+0000] {logging_mixin.py:190} INFO - [2025-04-04T13:49:56.470+0000] {dag.py:3239} INFO - Sync 1 DAGs
[2025-04-04T13:49:56.517+0000] {logging_mixin.py:190} INFO - [2025-04-04T13:49:56.516+0000] {dag.py:4180} INFO - Setting next_dagrun for example_kubernetes_executor to None, run_after=None
[2025-04-04T13:49:56.599+0000] {processor.py:208} INFO - Processing /home/airflow/.local/lib/python3.12/site-packages/airflow/example_dags/example_kubernetes_executor.py took 0.276 seconds
[2025-04-04T13:50:26.826+0000] {processor.py:186} INFO - Started process (PID=1732) to work on /home/airflow/.local/lib/python3.12/site-packages/airflow/example_dags/example_kubernetes_executor.py
[2025-04-04T13:50:26.827+0000] {processor.py:914} INFO - Processing file /home/airflow/.local/lib/python3.12/site-packages/airflow/example_dags/example_kubernetes_executor.py for tasks to queue
[2025-04-04T13:50:26.832+0000] {logging_mixin.py:190} INFO - [2025-04-04T13:50:26.832+0000] {dagbag.py:588} INFO - Filling up the DagBag from /home/airflow/.local/lib/python3.12/site-packages/airflow/example_dags/example_kubernetes_executor.py
[2025-04-04T13:50:26.865+0000] {processor.py:925} INFO - DAG(s) 'example_kubernetes_executor' retrieved from /home/airflow/.local/lib/python3.12/site-packages/airflow/example_dags/example_kubernetes_executor.py
[2025-04-04T13:50:26.917+0000] {logging_mixin.py:190} INFO - [2025-04-04T13:50:26.917+0000] {dag.py:3239} INFO - Sync 1 DAGs
[2025-04-04T13:50:26.990+0000] {logging_mixin.py:190} INFO - [2025-04-04T13:50:26.990+0000] {dag.py:4180} INFO - Setting next_dagrun for example_kubernetes_executor to None, run_after=None
[2025-04-04T13:50:27.030+0000] {processor.py:208} INFO - Processing /home/airflow/.local/lib/python3.12/site-packages/airflow/example_dags/example_kubernetes_executor.py took 0.238 seconds
[2025-04-04T13:50:57.133+0000] {processor.py:186} INFO - Started process (PID=1795) to work on /home/airflow/.local/lib/python3.12/site-packages/airflow/example_dags/example_kubernetes_executor.py
[2025-04-04T13:50:57.135+0000] {processor.py:914} INFO - Processing file /home/airflow/.local/lib/python3.12/site-packages/airflow/example_dags/example_kubernetes_executor.py for tasks to queue
[2025-04-04T13:50:57.141+0000] {logging_mixin.py:190} INFO - [2025-04-04T13:50:57.140+0000] {dagbag.py:588} INFO - Filling up the DagBag from /home/airflow/.local/lib/python3.12/site-packages/airflow/example_dags/example_kubernetes_executor.py
[2025-04-04T13:50:57.223+0000] {processor.py:925} INFO - DAG(s) 'example_kubernetes_executor' retrieved from /home/airflow/.local/lib/python3.12/site-packages/airflow/example_dags/example_kubernetes_executor.py
[2025-04-04T13:50:57.274+0000] {logging_mixin.py:190} INFO - [2025-04-04T13:50:57.273+0000] {dag.py:3239} INFO - Sync 1 DAGs
[2025-04-04T13:50:57.312+0000] {logging_mixin.py:190} INFO - [2025-04-04T13:50:57.311+0000] {dag.py:4180} INFO - Setting next_dagrun for example_kubernetes_executor to None, run_after=None
[2025-04-04T13:50:57.371+0000] {processor.py:208} INFO - Processing /home/airflow/.local/lib/python3.12/site-packages/airflow/example_dags/example_kubernetes_executor.py took 0.255 seconds
[2025-04-04T13:51:28.778+0000] {processor.py:186} INFO - Started process (PID=1858) to work on /home/airflow/.local/lib/python3.12/site-packages/airflow/example_dags/example_kubernetes_executor.py
[2025-04-04T13:51:28.785+0000] {processor.py:914} INFO - Processing file /home/airflow/.local/lib/python3.12/site-packages/airflow/example_dags/example_kubernetes_executor.py for tasks to queue
[2025-04-04T13:51:28.793+0000] {logging_mixin.py:190} INFO - [2025-04-04T13:51:28.792+0000] {dagbag.py:588} INFO - Filling up the DagBag from /home/airflow/.local/lib/python3.12/site-packages/airflow/example_dags/example_kubernetes_executor.py
[2025-04-04T13:51:28.910+0000] {processor.py:925} INFO - DAG(s) 'example_kubernetes_executor' retrieved from /home/airflow/.local/lib/python3.12/site-packages/airflow/example_dags/example_kubernetes_executor.py
[2025-04-04T13:51:29.016+0000] {logging_mixin.py:190} INFO - [2025-04-04T13:51:29.013+0000] {dag.py:3239} INFO - Sync 1 DAGs
[2025-04-04T13:51:29.073+0000] {logging_mixin.py:190} INFO - [2025-04-04T13:51:29.072+0000] {dag.py:4180} INFO - Setting next_dagrun for example_kubernetes_executor to None, run_after=None
[2025-04-04T13:51:29.127+0000] {processor.py:208} INFO - Processing /home/airflow/.local/lib/python3.12/site-packages/airflow/example_dags/example_kubernetes_executor.py took 0.369 seconds
[2025-04-04T13:51:59.540+0000] {processor.py:186} INFO - Started process (PID=1921) to work on /home/airflow/.local/lib/python3.12/site-packages/airflow/example_dags/example_kubernetes_executor.py
[2025-04-04T13:51:59.545+0000] {processor.py:914} INFO - Processing file /home/airflow/.local/lib/python3.12/site-packages/airflow/example_dags/example_kubernetes_executor.py for tasks to queue
[2025-04-04T13:51:59.550+0000] {logging_mixin.py:190} INFO - [2025-04-04T13:51:59.549+0000] {dagbag.py:588} INFO - Filling up the DagBag from /home/airflow/.local/lib/python3.12/site-packages/airflow/example_dags/example_kubernetes_executor.py
[2025-04-04T13:51:59.591+0000] {processor.py:925} INFO - DAG(s) 'example_kubernetes_executor' retrieved from /home/airflow/.local/lib/python3.12/site-packages/airflow/example_dags/example_kubernetes_executor.py
[2025-04-04T13:51:59.649+0000] {logging_mixin.py:190} INFO - [2025-04-04T13:51:59.649+0000] {dag.py:3239} INFO - Sync 1 DAGs
[2025-04-04T13:51:59.683+0000] {logging_mixin.py:190} INFO - [2025-04-04T13:51:59.683+0000] {dag.py:4180} INFO - Setting next_dagrun for example_kubernetes_executor to None, run_after=None
[2025-04-04T13:51:59.740+0000] {processor.py:208} INFO - Processing /home/airflow/.local/lib/python3.12/site-packages/airflow/example_dags/example_kubernetes_executor.py took 0.212 seconds
[2025-04-04T13:52:30.074+0000] {processor.py:186} INFO - Started process (PID=1984) to work on /home/airflow/.local/lib/python3.12/site-packages/airflow/example_dags/example_kubernetes_executor.py
[2025-04-04T13:52:30.077+0000] {processor.py:914} INFO - Processing file /home/airflow/.local/lib/python3.12/site-packages/airflow/example_dags/example_kubernetes_executor.py for tasks to queue
[2025-04-04T13:52:30.083+0000] {logging_mixin.py:190} INFO - [2025-04-04T13:52:30.082+0000] {dagbag.py:588} INFO - Filling up the DagBag from /home/airflow/.local/lib/python3.12/site-packages/airflow/example_dags/example_kubernetes_executor.py
[2025-04-04T13:52:30.136+0000] {processor.py:925} INFO - DAG(s) 'example_kubernetes_executor' retrieved from /home/airflow/.local/lib/python3.12/site-packages/airflow/example_dags/example_kubernetes_executor.py
[2025-04-04T13:52:30.260+0000] {logging_mixin.py:190} INFO - [2025-04-04T13:52:30.259+0000] {dag.py:3239} INFO - Sync 1 DAGs
[2025-04-04T13:52:30.328+0000] {logging_mixin.py:190} INFO - [2025-04-04T13:52:30.327+0000] {dag.py:4180} INFO - Setting next_dagrun for example_kubernetes_executor to None, run_after=None
[2025-04-04T13:52:30.383+0000] {processor.py:208} INFO - Processing /home/airflow/.local/lib/python3.12/site-packages/airflow/example_dags/example_kubernetes_executor.py took 0.322 seconds
[2025-04-04T13:53:00.505+0000] {processor.py:186} INFO - Started process (PID=2045) to work on /home/airflow/.local/lib/python3.12/site-packages/airflow/example_dags/example_kubernetes_executor.py
[2025-04-04T13:53:00.507+0000] {processor.py:914} INFO - Processing file /home/airflow/.local/lib/python3.12/site-packages/airflow/example_dags/example_kubernetes_executor.py for tasks to queue
[2025-04-04T13:53:00.513+0000] {logging_mixin.py:190} INFO - [2025-04-04T13:53:00.512+0000] {dagbag.py:588} INFO - Filling up the DagBag from /home/airflow/.local/lib/python3.12/site-packages/airflow/example_dags/example_kubernetes_executor.py
[2025-04-04T13:53:00.565+0000] {processor.py:925} INFO - DAG(s) 'example_kubernetes_executor' retrieved from /home/airflow/.local/lib/python3.12/site-packages/airflow/example_dags/example_kubernetes_executor.py
[2025-04-04T13:53:00.651+0000] {logging_mixin.py:190} INFO - [2025-04-04T13:53:00.650+0000] {dag.py:3239} INFO - Sync 1 DAGs
[2025-04-04T13:53:00.703+0000] {logging_mixin.py:190} INFO - [2025-04-04T13:53:00.703+0000] {dag.py:4180} INFO - Setting next_dagrun for example_kubernetes_executor to None, run_after=None
[2025-04-04T13:53:00.754+0000] {processor.py:208} INFO - Processing /home/airflow/.local/lib/python3.12/site-packages/airflow/example_dags/example_kubernetes_executor.py took 0.265 seconds
[2025-04-04T13:53:31.621+0000] {processor.py:186} INFO - Started process (PID=2105) to work on /home/airflow/.local/lib/python3.12/site-packages/airflow/example_dags/example_kubernetes_executor.py
[2025-04-04T13:53:31.623+0000] {processor.py:914} INFO - Processing file /home/airflow/.local/lib/python3.12/site-packages/airflow/example_dags/example_kubernetes_executor.py for tasks to queue
[2025-04-04T13:53:31.627+0000] {logging_mixin.py:190} INFO - [2025-04-04T13:53:31.626+0000] {dagbag.py:588} INFO - Filling up the DagBag from /home/airflow/.local/lib/python3.12/site-packages/airflow/example_dags/example_kubernetes_executor.py
[2025-04-04T13:53:31.659+0000] {processor.py:925} INFO - DAG(s) 'example_kubernetes_executor' retrieved from /home/airflow/.local/lib/python3.12/site-packages/airflow/example_dags/example_kubernetes_executor.py
[2025-04-04T13:53:31.772+0000] {logging_mixin.py:190} INFO - [2025-04-04T13:53:31.772+0000] {dag.py:3239} INFO - Sync 1 DAGs
[2025-04-04T13:53:31.835+0000] {logging_mixin.py:190} INFO - [2025-04-04T13:53:31.834+0000] {dag.py:4180} INFO - Setting next_dagrun for example_kubernetes_executor to None, run_after=None
[2025-04-04T13:53:31.929+0000] {processor.py:208} INFO - Processing /home/airflow/.local/lib/python3.12/site-packages/airflow/example_dags/example_kubernetes_executor.py took 0.318 seconds
[2025-04-04T13:54:02.129+0000] {processor.py:186} INFO - Started process (PID=2164) to work on /home/airflow/.local/lib/python3.12/site-packages/airflow/example_dags/example_kubernetes_executor.py
[2025-04-04T13:54:02.131+0000] {processor.py:914} INFO - Processing file /home/airflow/.local/lib/python3.12/site-packages/airflow/example_dags/example_kubernetes_executor.py for tasks to queue
[2025-04-04T13:54:02.137+0000] {logging_mixin.py:190} INFO - [2025-04-04T13:54:02.135+0000] {dagbag.py:588} INFO - Filling up the DagBag from /home/airflow/.local/lib/python3.12/site-packages/airflow/example_dags/example_kubernetes_executor.py
[2025-04-04T13:54:02.171+0000] {processor.py:925} INFO - DAG(s) 'example_kubernetes_executor' retrieved from /home/airflow/.local/lib/python3.12/site-packages/airflow/example_dags/example_kubernetes_executor.py
[2025-04-04T13:54:02.224+0000] {logging_mixin.py:190} INFO - [2025-04-04T13:54:02.224+0000] {dag.py:3239} INFO - Sync 1 DAGs
[2025-04-04T13:54:02.263+0000] {logging_mixin.py:190} INFO - [2025-04-04T13:54:02.263+0000] {dag.py:4180} INFO - Setting next_dagrun for example_kubernetes_executor to None, run_after=None
[2025-04-04T13:54:02.309+0000] {processor.py:208} INFO - Processing /home/airflow/.local/lib/python3.12/site-packages/airflow/example_dags/example_kubernetes_executor.py took 0.191 seconds
[2025-04-04T13:54:32.489+0000] {processor.py:186} INFO - Started process (PID=2228) to work on /home/airflow/.local/lib/python3.12/site-packages/airflow/example_dags/example_kubernetes_executor.py
[2025-04-04T13:54:32.495+0000] {processor.py:914} INFO - Processing file /home/airflow/.local/lib/python3.12/site-packages/airflow/example_dags/example_kubernetes_executor.py for tasks to queue
[2025-04-04T13:54:32.501+0000] {logging_mixin.py:190} INFO - [2025-04-04T13:54:32.499+0000] {dagbag.py:588} INFO - Filling up the DagBag from /home/airflow/.local/lib/python3.12/site-packages/airflow/example_dags/example_kubernetes_executor.py
[2025-04-04T13:54:32.569+0000] {processor.py:925} INFO - DAG(s) 'example_kubernetes_executor' retrieved from /home/airflow/.local/lib/python3.12/site-packages/airflow/example_dags/example_kubernetes_executor.py
[2025-04-04T13:54:32.661+0000] {logging_mixin.py:190} INFO - [2025-04-04T13:54:32.661+0000] {dag.py:3239} INFO - Sync 1 DAGs
[2025-04-04T13:54:32.699+0000] {logging_mixin.py:190} INFO - [2025-04-04T13:54:32.698+0000] {dag.py:4180} INFO - Setting next_dagrun for example_kubernetes_executor to None, run_after=None
[2025-04-04T13:54:32.746+0000] {processor.py:208} INFO - Processing /home/airflow/.local/lib/python3.12/site-packages/airflow/example_dags/example_kubernetes_executor.py took 0.273 seconds
[2025-04-04T13:55:03.345+0000] {processor.py:186} INFO - Started process (PID=2289) to work on /home/airflow/.local/lib/python3.12/site-packages/airflow/example_dags/example_kubernetes_executor.py
[2025-04-04T13:55:03.353+0000] {processor.py:914} INFO - Processing file /home/airflow/.local/lib/python3.12/site-packages/airflow/example_dags/example_kubernetes_executor.py for tasks to queue
[2025-04-04T13:55:03.361+0000] {logging_mixin.py:190} INFO - [2025-04-04T13:55:03.361+0000] {dagbag.py:588} INFO - Filling up the DagBag from /home/airflow/.local/lib/python3.12/site-packages/airflow/example_dags/example_kubernetes_executor.py
[2025-04-04T13:55:03.421+0000] {processor.py:925} INFO - DAG(s) 'example_kubernetes_executor' retrieved from /home/airflow/.local/lib/python3.12/site-packages/airflow/example_dags/example_kubernetes_executor.py
[2025-04-04T13:55:03.535+0000] {logging_mixin.py:190} INFO - [2025-04-04T13:55:03.534+0000] {dag.py:3239} INFO - Sync 1 DAGs
[2025-04-04T13:55:03.582+0000] {logging_mixin.py:190} INFO - [2025-04-04T13:55:03.582+0000] {dag.py:4180} INFO - Setting next_dagrun for example_kubernetes_executor to None, run_after=None
[2025-04-04T13:55:03.627+0000] {processor.py:208} INFO - Processing /home/airflow/.local/lib/python3.12/site-packages/airflow/example_dags/example_kubernetes_executor.py took 0.312 seconds
[2025-04-04T13:55:34.051+0000] {processor.py:186} INFO - Started process (PID=2347) to work on /home/airflow/.local/lib/python3.12/site-packages/airflow/example_dags/example_kubernetes_executor.py
[2025-04-04T13:55:34.053+0000] {processor.py:914} INFO - Processing file /home/airflow/.local/lib/python3.12/site-packages/airflow/example_dags/example_kubernetes_executor.py for tasks to queue
[2025-04-04T13:55:34.059+0000] {logging_mixin.py:190} INFO - [2025-04-04T13:55:34.058+0000] {dagbag.py:588} INFO - Filling up the DagBag from /home/airflow/.local/lib/python3.12/site-packages/airflow/example_dags/example_kubernetes_executor.py
[2025-04-04T13:55:34.111+0000] {processor.py:925} INFO - DAG(s) 'example_kubernetes_executor' retrieved from /home/airflow/.local/lib/python3.12/site-packages/airflow/example_dags/example_kubernetes_executor.py
[2025-04-04T13:55:34.192+0000] {logging_mixin.py:190} INFO - [2025-04-04T13:55:34.192+0000] {dag.py:3239} INFO - Sync 1 DAGs
[2025-04-04T13:55:34.262+0000] {logging_mixin.py:190} INFO - [2025-04-04T13:55:34.261+0000] {dag.py:4180} INFO - Setting next_dagrun for example_kubernetes_executor to None, run_after=None
[2025-04-04T13:55:34.315+0000] {processor.py:208} INFO - Processing /home/airflow/.local/lib/python3.12/site-packages/airflow/example_dags/example_kubernetes_executor.py took 0.281 seconds
[2025-04-04T13:56:07.165+0000] {processor.py:186} INFO - Started process (PID=2410) to work on /home/airflow/.local/lib/python3.12/site-packages/airflow/example_dags/example_kubernetes_executor.py
[2025-04-04T13:56:07.168+0000] {processor.py:914} INFO - Processing file /home/airflow/.local/lib/python3.12/site-packages/airflow/example_dags/example_kubernetes_executor.py for tasks to queue
[2025-04-04T13:56:07.176+0000] {logging_mixin.py:190} INFO - [2025-04-04T13:56:07.174+0000] {dagbag.py:588} INFO - Filling up the DagBag from /home/airflow/.local/lib/python3.12/site-packages/airflow/example_dags/example_kubernetes_executor.py
[2025-04-04T13:56:07.225+0000] {processor.py:925} INFO - DAG(s) 'example_kubernetes_executor' retrieved from /home/airflow/.local/lib/python3.12/site-packages/airflow/example_dags/example_kubernetes_executor.py
[2025-04-04T13:56:07.298+0000] {logging_mixin.py:190} INFO - [2025-04-04T13:56:07.297+0000] {dag.py:3239} INFO - Sync 1 DAGs
[2025-04-04T13:56:07.344+0000] {logging_mixin.py:190} INFO - [2025-04-04T13:56:07.344+0000] {dag.py:4180} INFO - Setting next_dagrun for example_kubernetes_executor to None, run_after=None
[2025-04-04T13:56:07.411+0000] {processor.py:208} INFO - Processing /home/airflow/.local/lib/python3.12/site-packages/airflow/example_dags/example_kubernetes_executor.py took 0.265 seconds
[2025-04-04T13:56:37.553+0000] {processor.py:186} INFO - Started process (PID=2470) to work on /home/airflow/.local/lib/python3.12/site-packages/airflow/example_dags/example_kubernetes_executor.py
[2025-04-04T13:56:37.555+0000] {processor.py:914} INFO - Processing file /home/airflow/.local/lib/python3.12/site-packages/airflow/example_dags/example_kubernetes_executor.py for tasks to queue
[2025-04-04T13:56:37.560+0000] {logging_mixin.py:190} INFO - [2025-04-04T13:56:37.559+0000] {dagbag.py:588} INFO - Filling up the DagBag from /home/airflow/.local/lib/python3.12/site-packages/airflow/example_dags/example_kubernetes_executor.py
[2025-04-04T13:56:37.585+0000] {processor.py:925} INFO - DAG(s) 'example_kubernetes_executor' retrieved from /home/airflow/.local/lib/python3.12/site-packages/airflow/example_dags/example_kubernetes_executor.py
[2025-04-04T13:56:37.641+0000] {logging_mixin.py:190} INFO - [2025-04-04T13:56:37.640+0000] {dag.py:3239} INFO - Sync 1 DAGs
[2025-04-04T13:56:37.680+0000] {logging_mixin.py:190} INFO - [2025-04-04T13:56:37.680+0000] {dag.py:4180} INFO - Setting next_dagrun for example_kubernetes_executor to None, run_after=None
[2025-04-04T13:56:37.715+0000] {processor.py:208} INFO - Processing /home/airflow/.local/lib/python3.12/site-packages/airflow/example_dags/example_kubernetes_executor.py took 0.174 seconds
[2025-04-04T13:57:09.057+0000] {processor.py:186} INFO - Started process (PID=2527) to work on /home/airflow/.local/lib/python3.12/site-packages/airflow/example_dags/example_kubernetes_executor.py
[2025-04-04T13:57:09.058+0000] {processor.py:914} INFO - Processing file /home/airflow/.local/lib/python3.12/site-packages/airflow/example_dags/example_kubernetes_executor.py for tasks to queue
[2025-04-04T13:57:09.064+0000] {logging_mixin.py:190} INFO - [2025-04-04T13:57:09.064+0000] {dagbag.py:588} INFO - Filling up the DagBag from /home/airflow/.local/lib/python3.12/site-packages/airflow/example_dags/example_kubernetes_executor.py
[2025-04-04T13:57:09.103+0000] {processor.py:925} INFO - DAG(s) 'example_kubernetes_executor' retrieved from /home/airflow/.local/lib/python3.12/site-packages/airflow/example_dags/example_kubernetes_executor.py
[2025-04-04T13:57:09.175+0000] {logging_mixin.py:190} INFO - [2025-04-04T13:57:09.174+0000] {dag.py:3239} INFO - Sync 1 DAGs
[2025-04-04T13:57:09.209+0000] {logging_mixin.py:190} INFO - [2025-04-04T13:57:09.209+0000] {dag.py:4180} INFO - Setting next_dagrun for example_kubernetes_executor to None, run_after=None
[2025-04-04T13:57:09.255+0000] {processor.py:208} INFO - Processing /home/airflow/.local/lib/python3.12/site-packages/airflow/example_dags/example_kubernetes_executor.py took 0.211 seconds
[2025-04-04T13:57:39.773+0000] {processor.py:186} INFO - Started process (PID=2588) to work on /home/airflow/.local/lib/python3.12/site-packages/airflow/example_dags/example_kubernetes_executor.py
[2025-04-04T13:57:39.776+0000] {processor.py:914} INFO - Processing file /home/airflow/.local/lib/python3.12/site-packages/airflow/example_dags/example_kubernetes_executor.py for tasks to queue
[2025-04-04T13:57:39.782+0000] {logging_mixin.py:190} INFO - [2025-04-04T13:57:39.781+0000] {dagbag.py:588} INFO - Filling up the DagBag from /home/airflow/.local/lib/python3.12/site-packages/airflow/example_dags/example_kubernetes_executor.py
[2025-04-04T13:57:39.821+0000] {processor.py:925} INFO - DAG(s) 'example_kubernetes_executor' retrieved from /home/airflow/.local/lib/python3.12/site-packages/airflow/example_dags/example_kubernetes_executor.py
[2025-04-04T13:57:39.879+0000] {logging_mixin.py:190} INFO - [2025-04-04T13:57:39.879+0000] {dag.py:3239} INFO - Sync 1 DAGs
[2025-04-04T13:57:39.914+0000] {logging_mixin.py:190} INFO - [2025-04-04T13:57:39.914+0000] {dag.py:4180} INFO - Setting next_dagrun for example_kubernetes_executor to None, run_after=None
[2025-04-04T13:57:39.974+0000] {processor.py:208} INFO - Processing /home/airflow/.local/lib/python3.12/site-packages/airflow/example_dags/example_kubernetes_executor.py took 0.215 seconds
[2025-04-04T13:58:10.081+0000] {processor.py:186} INFO - Started process (PID=2651) to work on /home/airflow/.local/lib/python3.12/site-packages/airflow/example_dags/example_kubernetes_executor.py
[2025-04-04T13:58:10.086+0000] {processor.py:914} INFO - Processing file /home/airflow/.local/lib/python3.12/site-packages/airflow/example_dags/example_kubernetes_executor.py for tasks to queue
[2025-04-04T13:58:10.093+0000] {logging_mixin.py:190} INFO - [2025-04-04T13:58:10.092+0000] {dagbag.py:588} INFO - Filling up the DagBag from /home/airflow/.local/lib/python3.12/site-packages/airflow/example_dags/example_kubernetes_executor.py
[2025-04-04T13:58:10.150+0000] {processor.py:925} INFO - DAG(s) 'example_kubernetes_executor' retrieved from /home/airflow/.local/lib/python3.12/site-packages/airflow/example_dags/example_kubernetes_executor.py
[2025-04-04T13:58:10.222+0000] {logging_mixin.py:190} INFO - [2025-04-04T13:58:10.222+0000] {dag.py:3239} INFO - Sync 1 DAGs
[2025-04-04T13:58:10.273+0000] {logging_mixin.py:190} INFO - [2025-04-04T13:58:10.272+0000] {dag.py:4180} INFO - Setting next_dagrun for example_kubernetes_executor to None, run_after=None
[2025-04-04T13:58:10.319+0000] {processor.py:208} INFO - Processing /home/airflow/.local/lib/python3.12/site-packages/airflow/example_dags/example_kubernetes_executor.py took 0.251 seconds
[2025-04-04T13:58:40.481+0000] {processor.py:186} INFO - Started process (PID=2714) to work on /home/airflow/.local/lib/python3.12/site-packages/airflow/example_dags/example_kubernetes_executor.py
[2025-04-04T13:58:40.483+0000] {processor.py:914} INFO - Processing file /home/airflow/.local/lib/python3.12/site-packages/airflow/example_dags/example_kubernetes_executor.py for tasks to queue
[2025-04-04T13:58:40.487+0000] {logging_mixin.py:190} INFO - [2025-04-04T13:58:40.486+0000] {dagbag.py:588} INFO - Filling up the DagBag from /home/airflow/.local/lib/python3.12/site-packages/airflow/example_dags/example_kubernetes_executor.py
[2025-04-04T13:58:40.534+0000] {processor.py:925} INFO - DAG(s) 'example_kubernetes_executor' retrieved from /home/airflow/.local/lib/python3.12/site-packages/airflow/example_dags/example_kubernetes_executor.py
[2025-04-04T13:58:40.588+0000] {logging_mixin.py:190} INFO - [2025-04-04T13:58:40.587+0000] {dag.py:3239} INFO - Sync 1 DAGs
[2025-04-04T13:58:40.622+0000] {logging_mixin.py:190} INFO - [2025-04-04T13:58:40.621+0000] {dag.py:4180} INFO - Setting next_dagrun for example_kubernetes_executor to None, run_after=None
[2025-04-04T13:58:40.663+0000] {processor.py:208} INFO - Processing /home/airflow/.local/lib/python3.12/site-packages/airflow/example_dags/example_kubernetes_executor.py took 0.192 seconds
[2025-04-04T13:59:10.754+0000] {processor.py:186} INFO - Started process (PID=2778) to work on /home/airflow/.local/lib/python3.12/site-packages/airflow/example_dags/example_kubernetes_executor.py
[2025-04-04T13:59:10.757+0000] {processor.py:914} INFO - Processing file /home/airflow/.local/lib/python3.12/site-packages/airflow/example_dags/example_kubernetes_executor.py for tasks to queue
[2025-04-04T13:59:10.762+0000] {logging_mixin.py:190} INFO - [2025-04-04T13:59:10.762+0000] {dagbag.py:588} INFO - Filling up the DagBag from /home/airflow/.local/lib/python3.12/site-packages/airflow/example_dags/example_kubernetes_executor.py
[2025-04-04T13:59:10.802+0000] {processor.py:925} INFO - DAG(s) 'example_kubernetes_executor' retrieved from /home/airflow/.local/lib/python3.12/site-packages/airflow/example_dags/example_kubernetes_executor.py
[2025-04-04T13:59:10.850+0000] {logging_mixin.py:190} INFO - [2025-04-04T13:59:10.849+0000] {dag.py:3239} INFO - Sync 1 DAGs
[2025-04-04T13:59:10.877+0000] {logging_mixin.py:190} INFO - [2025-04-04T13:59:10.877+0000] {dag.py:4180} INFO - Setting next_dagrun for example_kubernetes_executor to None, run_after=None
[2025-04-04T13:59:10.916+0000] {processor.py:208} INFO - Processing /home/airflow/.local/lib/python3.12/site-packages/airflow/example_dags/example_kubernetes_executor.py took 0.177 seconds
