[2025-04-04T13:36:28.808+0000] {processor.py:186} INFO - Started process (PID=83) to work on /home/airflow/.local/lib/python3.12/site-packages/airflow/example_dags/example_python_decorator.py
[2025-04-04T13:36:28.817+0000] {processor.py:914} INFO - Processing file /home/airflow/.local/lib/python3.12/site-packages/airflow/example_dags/example_python_decorator.py for tasks to queue
[2025-04-04T13:36:28.823+0000] {logging_mixin.py:190} INFO - [2025-04-04T13:36:28.823+0000] {dagbag.py:588} INFO - Filling up the DagBag from /home/airflow/.local/lib/python3.12/site-packages/airflow/example_dags/example_python_decorator.py
[2025-04-04T13:36:28.904+0000] {processor.py:925} INFO - DAG(s) 'example_python_decorator' retrieved from /home/airflow/.local/lib/python3.12/site-packages/airflow/example_dags/example_python_decorator.py
[2025-04-04T13:36:29.528+0000] {logging_mixin.py:190} INFO - [2025-04-04T13:36:29.527+0000] {override.py:1912} INFO - Created Permission View: can edit on DAG:example_python_decorator
[2025-04-04T13:36:29.584+0000] {logging_mixin.py:190} INFO - [2025-04-04T13:36:29.584+0000] {override.py:1912} INFO - Created Permission View: can delete on DAG:example_python_decorator
[2025-04-04T13:36:29.612+0000] {logging_mixin.py:190} INFO - [2025-04-04T13:36:29.611+0000] {override.py:1912} INFO - Created Permission View: can read on DAG:example_python_decorator
[2025-04-04T13:36:29.651+0000] {logging_mixin.py:190} INFO - [2025-04-04T13:36:29.650+0000] {override.py:1912} INFO - Created Permission View: can delete on DAG Run:example_python_decorator
[2025-04-04T13:36:29.703+0000] {logging_mixin.py:190} INFO - [2025-04-04T13:36:29.702+0000] {override.py:1912} INFO - Created Permission View: can read on DAG Run:example_python_decorator
[2025-04-04T13:36:29.739+0000] {logging_mixin.py:190} INFO - [2025-04-04T13:36:29.738+0000] {override.py:1912} INFO - Created Permission View: can create on DAG Run:example_python_decorator
[2025-04-04T13:36:29.790+0000] {logging_mixin.py:190} INFO - [2025-04-04T13:36:29.787+0000] {override.py:1912} INFO - Created Permission View: menu access on DAG Run:example_python_decorator
[2025-04-04T13:36:29.795+0000] {logging_mixin.py:190} INFO - [2025-04-04T13:36:29.795+0000] {dag.py:3239} INFO - Sync 1 DAGs
[2025-04-04T13:36:29.887+0000] {logging_mixin.py:190} INFO - [2025-04-04T13:36:29.886+0000] {dag.py:3262} INFO - Creating ORM DAG for example_python_decorator
[2025-04-04T13:36:29.889+0000] {logging_mixin.py:190} INFO - [2025-04-04T13:36:29.889+0000] {dag.py:4180} INFO - Setting next_dagrun for example_python_decorator to None, run_after=None
[2025-04-04T13:36:29.947+0000] {processor.py:208} INFO - Processing /home/airflow/.local/lib/python3.12/site-packages/airflow/example_dags/example_python_decorator.py took 1.162 seconds
[2025-04-04T13:37:00.223+0000] {processor.py:186} INFO - Started process (PID=146) to work on /home/airflow/.local/lib/python3.12/site-packages/airflow/example_dags/example_python_decorator.py
[2025-04-04T13:37:00.226+0000] {processor.py:914} INFO - Processing file /home/airflow/.local/lib/python3.12/site-packages/airflow/example_dags/example_python_decorator.py for tasks to queue
[2025-04-04T13:37:00.234+0000] {logging_mixin.py:190} INFO - [2025-04-04T13:37:00.233+0000] {dagbag.py:588} INFO - Filling up the DagBag from /home/airflow/.local/lib/python3.12/site-packages/airflow/example_dags/example_python_decorator.py
[2025-04-04T13:37:00.321+0000] {processor.py:925} INFO - DAG(s) 'example_python_decorator' retrieved from /home/airflow/.local/lib/python3.12/site-packages/airflow/example_dags/example_python_decorator.py
[2025-04-04T13:37:00.467+0000] {logging_mixin.py:190} INFO - [2025-04-04T13:37:00.467+0000] {dag.py:3239} INFO - Sync 1 DAGs
[2025-04-04T13:37:00.522+0000] {logging_mixin.py:190} INFO - [2025-04-04T13:37:00.522+0000] {dag.py:4180} INFO - Setting next_dagrun for example_python_decorator to None, run_after=None
[2025-04-04T13:37:00.589+0000] {processor.py:208} INFO - Processing /home/airflow/.local/lib/python3.12/site-packages/airflow/example_dags/example_python_decorator.py took 0.380 seconds
[2025-04-04T13:37:31.281+0000] {processor.py:186} INFO - Started process (PID=209) to work on /home/airflow/.local/lib/python3.12/site-packages/airflow/example_dags/example_python_decorator.py
[2025-04-04T13:37:31.282+0000] {processor.py:914} INFO - Processing file /home/airflow/.local/lib/python3.12/site-packages/airflow/example_dags/example_python_decorator.py for tasks to queue
[2025-04-04T13:37:31.286+0000] {logging_mixin.py:190} INFO - [2025-04-04T13:37:31.286+0000] {dagbag.py:588} INFO - Filling up the DagBag from /home/airflow/.local/lib/python3.12/site-packages/airflow/example_dags/example_python_decorator.py
[2025-04-04T13:37:31.317+0000] {processor.py:925} INFO - DAG(s) 'example_python_decorator' retrieved from /home/airflow/.local/lib/python3.12/site-packages/airflow/example_dags/example_python_decorator.py
[2025-04-04T13:37:31.355+0000] {logging_mixin.py:190} INFO - [2025-04-04T13:37:31.355+0000] {dag.py:3239} INFO - Sync 1 DAGs
[2025-04-04T13:37:31.379+0000] {logging_mixin.py:190} INFO - [2025-04-04T13:37:31.379+0000] {dag.py:4180} INFO - Setting next_dagrun for example_python_decorator to None, run_after=None
[2025-04-04T13:37:31.415+0000] {processor.py:208} INFO - Processing /home/airflow/.local/lib/python3.12/site-packages/airflow/example_dags/example_python_decorator.py took 0.145 seconds
[2025-04-04T13:38:02.281+0000] {processor.py:186} INFO - Started process (PID=272) to work on /home/airflow/.local/lib/python3.12/site-packages/airflow/example_dags/example_python_decorator.py
[2025-04-04T13:38:02.283+0000] {processor.py:914} INFO - Processing file /home/airflow/.local/lib/python3.12/site-packages/airflow/example_dags/example_python_decorator.py for tasks to queue
[2025-04-04T13:38:02.287+0000] {logging_mixin.py:190} INFO - [2025-04-04T13:38:02.286+0000] {dagbag.py:588} INFO - Filling up the DagBag from /home/airflow/.local/lib/python3.12/site-packages/airflow/example_dags/example_python_decorator.py
[2025-04-04T13:38:02.317+0000] {processor.py:925} INFO - DAG(s) 'example_python_decorator' retrieved from /home/airflow/.local/lib/python3.12/site-packages/airflow/example_dags/example_python_decorator.py
[2025-04-04T13:38:02.360+0000] {logging_mixin.py:190} INFO - [2025-04-04T13:38:02.360+0000] {dag.py:3239} INFO - Sync 1 DAGs
[2025-04-04T13:38:02.385+0000] {logging_mixin.py:190} INFO - [2025-04-04T13:38:02.385+0000] {dag.py:4180} INFO - Setting next_dagrun for example_python_decorator to None, run_after=None
[2025-04-04T13:38:02.419+0000] {processor.py:208} INFO - Processing /home/airflow/.local/lib/python3.12/site-packages/airflow/example_dags/example_python_decorator.py took 0.152 seconds
[2025-04-04T13:38:33.285+0000] {processor.py:186} INFO - Started process (PID=335) to work on /home/airflow/.local/lib/python3.12/site-packages/airflow/example_dags/example_python_decorator.py
[2025-04-04T13:38:33.288+0000] {processor.py:914} INFO - Processing file /home/airflow/.local/lib/python3.12/site-packages/airflow/example_dags/example_python_decorator.py for tasks to queue
[2025-04-04T13:38:33.296+0000] {logging_mixin.py:190} INFO - [2025-04-04T13:38:33.295+0000] {dagbag.py:588} INFO - Filling up the DagBag from /home/airflow/.local/lib/python3.12/site-packages/airflow/example_dags/example_python_decorator.py
[2025-04-04T13:38:33.338+0000] {processor.py:925} INFO - DAG(s) 'example_python_decorator' retrieved from /home/airflow/.local/lib/python3.12/site-packages/airflow/example_dags/example_python_decorator.py
[2025-04-04T13:38:33.387+0000] {logging_mixin.py:190} INFO - [2025-04-04T13:38:33.387+0000] {dag.py:3239} INFO - Sync 1 DAGs
[2025-04-04T13:38:33.437+0000] {logging_mixin.py:190} INFO - [2025-04-04T13:38:33.436+0000] {dag.py:4180} INFO - Setting next_dagrun for example_python_decorator to None, run_after=None
[2025-04-04T13:38:33.501+0000] {processor.py:208} INFO - Processing /home/airflow/.local/lib/python3.12/site-packages/airflow/example_dags/example_python_decorator.py took 0.239 seconds
[2025-04-04T13:39:08.663+0000] {processor.py:186} INFO - Started process (PID=398) to work on /home/airflow/.local/lib/python3.12/site-packages/airflow/example_dags/example_python_decorator.py
[2025-04-04T13:39:08.667+0000] {processor.py:914} INFO - Processing file /home/airflow/.local/lib/python3.12/site-packages/airflow/example_dags/example_python_decorator.py for tasks to queue
[2025-04-04T13:39:08.675+0000] {logging_mixin.py:190} INFO - [2025-04-04T13:39:08.674+0000] {dagbag.py:588} INFO - Filling up the DagBag from /home/airflow/.local/lib/python3.12/site-packages/airflow/example_dags/example_python_decorator.py
[2025-04-04T13:39:08.747+0000] {processor.py:925} INFO - DAG(s) 'example_python_decorator' retrieved from /home/airflow/.local/lib/python3.12/site-packages/airflow/example_dags/example_python_decorator.py
[2025-04-04T13:39:08.893+0000] {logging_mixin.py:190} INFO - [2025-04-04T13:39:08.893+0000] {dag.py:3239} INFO - Sync 1 DAGs
[2025-04-04T13:39:08.981+0000] {logging_mixin.py:190} INFO - [2025-04-04T13:39:08.980+0000] {dag.py:4180} INFO - Setting next_dagrun for example_python_decorator to None, run_after=None
[2025-04-04T13:39:09.104+0000] {processor.py:208} INFO - Processing /home/airflow/.local/lib/python3.12/site-packages/airflow/example_dags/example_python_decorator.py took 0.457 seconds
[2025-04-04T13:39:45.740+0000] {processor.py:186} INFO - Started process (PID=451) to work on /home/airflow/.local/lib/python3.12/site-packages/airflow/example_dags/example_python_decorator.py
[2025-04-04T13:39:45.742+0000] {processor.py:914} INFO - Processing file /home/airflow/.local/lib/python3.12/site-packages/airflow/example_dags/example_python_decorator.py for tasks to queue
[2025-04-04T13:39:45.748+0000] {logging_mixin.py:190} INFO - [2025-04-04T13:39:45.747+0000] {dagbag.py:588} INFO - Filling up the DagBag from /home/airflow/.local/lib/python3.12/site-packages/airflow/example_dags/example_python_decorator.py
[2025-04-04T13:39:45.812+0000] {processor.py:925} INFO - DAG(s) 'example_python_decorator' retrieved from /home/airflow/.local/lib/python3.12/site-packages/airflow/example_dags/example_python_decorator.py
[2025-04-04T13:39:45.864+0000] {logging_mixin.py:190} INFO - [2025-04-04T13:39:45.863+0000] {dag.py:3239} INFO - Sync 1 DAGs
[2025-04-04T13:39:45.923+0000] {logging_mixin.py:190} INFO - [2025-04-04T13:39:45.922+0000] {dag.py:4180} INFO - Setting next_dagrun for example_python_decorator to None, run_after=None
[2025-04-04T13:39:46.000+0000] {processor.py:208} INFO - Processing /home/airflow/.local/lib/python3.12/site-packages/airflow/example_dags/example_python_decorator.py took 0.275 seconds
[2025-04-04T13:40:16.733+0000] {processor.py:186} INFO - Started process (PID=515) to work on /home/airflow/.local/lib/python3.12/site-packages/airflow/example_dags/example_python_decorator.py
[2025-04-04T13:40:16.736+0000] {processor.py:914} INFO - Processing file /home/airflow/.local/lib/python3.12/site-packages/airflow/example_dags/example_python_decorator.py for tasks to queue
[2025-04-04T13:40:16.741+0000] {logging_mixin.py:190} INFO - [2025-04-04T13:40:16.740+0000] {dagbag.py:588} INFO - Filling up the DagBag from /home/airflow/.local/lib/python3.12/site-packages/airflow/example_dags/example_python_decorator.py
[2025-04-04T13:40:16.778+0000] {processor.py:925} INFO - DAG(s) 'example_python_decorator' retrieved from /home/airflow/.local/lib/python3.12/site-packages/airflow/example_dags/example_python_decorator.py
[2025-04-04T13:40:16.865+0000] {logging_mixin.py:190} INFO - [2025-04-04T13:40:16.864+0000] {dag.py:3239} INFO - Sync 1 DAGs
[2025-04-04T13:40:16.908+0000] {logging_mixin.py:190} INFO - [2025-04-04T13:40:16.907+0000] {dag.py:4180} INFO - Setting next_dagrun for example_python_decorator to None, run_after=None
[2025-04-04T13:40:16.970+0000] {processor.py:208} INFO - Processing /home/airflow/.local/lib/python3.12/site-packages/airflow/example_dags/example_python_decorator.py took 0.251 seconds
[2025-04-04T13:40:47.301+0000] {processor.py:186} INFO - Started process (PID=577) to work on /home/airflow/.local/lib/python3.12/site-packages/airflow/example_dags/example_python_decorator.py
[2025-04-04T13:40:47.303+0000] {processor.py:914} INFO - Processing file /home/airflow/.local/lib/python3.12/site-packages/airflow/example_dags/example_python_decorator.py for tasks to queue
[2025-04-04T13:40:47.308+0000] {logging_mixin.py:190} INFO - [2025-04-04T13:40:47.307+0000] {dagbag.py:588} INFO - Filling up the DagBag from /home/airflow/.local/lib/python3.12/site-packages/airflow/example_dags/example_python_decorator.py
[2025-04-04T13:40:47.347+0000] {processor.py:925} INFO - DAG(s) 'example_python_decorator' retrieved from /home/airflow/.local/lib/python3.12/site-packages/airflow/example_dags/example_python_decorator.py
[2025-04-04T13:40:47.395+0000] {logging_mixin.py:190} INFO - [2025-04-04T13:40:47.395+0000] {dag.py:3239} INFO - Sync 1 DAGs
[2025-04-04T13:40:47.428+0000] {logging_mixin.py:190} INFO - [2025-04-04T13:40:47.428+0000] {dag.py:4180} INFO - Setting next_dagrun for example_python_decorator to None, run_after=None
[2025-04-04T13:40:47.460+0000] {processor.py:208} INFO - Processing /home/airflow/.local/lib/python3.12/site-packages/airflow/example_dags/example_python_decorator.py took 0.170 seconds
[2025-04-04T13:41:17.569+0000] {processor.py:186} INFO - Started process (PID=640) to work on /home/airflow/.local/lib/python3.12/site-packages/airflow/example_dags/example_python_decorator.py
[2025-04-04T13:41:17.571+0000] {processor.py:914} INFO - Processing file /home/airflow/.local/lib/python3.12/site-packages/airflow/example_dags/example_python_decorator.py for tasks to queue
[2025-04-04T13:41:17.577+0000] {logging_mixin.py:190} INFO - [2025-04-04T13:41:17.576+0000] {dagbag.py:588} INFO - Filling up the DagBag from /home/airflow/.local/lib/python3.12/site-packages/airflow/example_dags/example_python_decorator.py
[2025-04-04T13:41:17.627+0000] {processor.py:925} INFO - DAG(s) 'example_python_decorator' retrieved from /home/airflow/.local/lib/python3.12/site-packages/airflow/example_dags/example_python_decorator.py
[2025-04-04T13:41:17.712+0000] {logging_mixin.py:190} INFO - [2025-04-04T13:41:17.711+0000] {dag.py:3239} INFO - Sync 1 DAGs
[2025-04-04T13:41:17.758+0000] {logging_mixin.py:190} INFO - [2025-04-04T13:41:17.757+0000] {dag.py:4180} INFO - Setting next_dagrun for example_python_decorator to None, run_after=None
[2025-04-04T13:41:17.813+0000] {processor.py:208} INFO - Processing /home/airflow/.local/lib/python3.12/site-packages/airflow/example_dags/example_python_decorator.py took 0.262 seconds
[2025-04-04T13:41:47.879+0000] {processor.py:186} INFO - Started process (PID=702) to work on /home/airflow/.local/lib/python3.12/site-packages/airflow/example_dags/example_python_decorator.py
[2025-04-04T13:41:47.881+0000] {processor.py:914} INFO - Processing file /home/airflow/.local/lib/python3.12/site-packages/airflow/example_dags/example_python_decorator.py for tasks to queue
[2025-04-04T13:41:47.885+0000] {logging_mixin.py:190} INFO - [2025-04-04T13:41:47.884+0000] {dagbag.py:588} INFO - Filling up the DagBag from /home/airflow/.local/lib/python3.12/site-packages/airflow/example_dags/example_python_decorator.py
[2025-04-04T13:41:47.907+0000] {processor.py:925} INFO - DAG(s) 'example_python_decorator' retrieved from /home/airflow/.local/lib/python3.12/site-packages/airflow/example_dags/example_python_decorator.py
[2025-04-04T13:41:47.942+0000] {logging_mixin.py:190} INFO - [2025-04-04T13:41:47.941+0000] {dag.py:3239} INFO - Sync 1 DAGs
[2025-04-04T13:41:47.964+0000] {logging_mixin.py:190} INFO - [2025-04-04T13:41:47.964+0000] {dag.py:4180} INFO - Setting next_dagrun for example_python_decorator to None, run_after=None
[2025-04-04T13:41:47.995+0000] {processor.py:208} INFO - Processing /home/airflow/.local/lib/python3.12/site-packages/airflow/example_dags/example_python_decorator.py took 0.125 seconds
[2025-04-04T13:42:18.125+0000] {processor.py:186} INFO - Started process (PID=764) to work on /home/airflow/.local/lib/python3.12/site-packages/airflow/example_dags/example_python_decorator.py
[2025-04-04T13:42:18.127+0000] {processor.py:914} INFO - Processing file /home/airflow/.local/lib/python3.12/site-packages/airflow/example_dags/example_python_decorator.py for tasks to queue
[2025-04-04T13:42:18.133+0000] {logging_mixin.py:190} INFO - [2025-04-04T13:42:18.132+0000] {dagbag.py:588} INFO - Filling up the DagBag from /home/airflow/.local/lib/python3.12/site-packages/airflow/example_dags/example_python_decorator.py
[2025-04-04T13:42:18.171+0000] {processor.py:925} INFO - DAG(s) 'example_python_decorator' retrieved from /home/airflow/.local/lib/python3.12/site-packages/airflow/example_dags/example_python_decorator.py
[2025-04-04T13:42:18.215+0000] {logging_mixin.py:190} INFO - [2025-04-04T13:42:18.214+0000] {dag.py:3239} INFO - Sync 1 DAGs
[2025-04-04T13:42:18.243+0000] {logging_mixin.py:190} INFO - [2025-04-04T13:42:18.242+0000] {dag.py:4180} INFO - Setting next_dagrun for example_python_decorator to None, run_after=None
[2025-04-04T13:42:18.280+0000] {processor.py:208} INFO - Processing /home/airflow/.local/lib/python3.12/site-packages/airflow/example_dags/example_python_decorator.py took 0.172 seconds
[2025-04-04T13:42:49.143+0000] {processor.py:186} INFO - Started process (PID=828) to work on /home/airflow/.local/lib/python3.12/site-packages/airflow/example_dags/example_python_decorator.py
[2025-04-04T13:42:49.148+0000] {processor.py:914} INFO - Processing file /home/airflow/.local/lib/python3.12/site-packages/airflow/example_dags/example_python_decorator.py for tasks to queue
[2025-04-04T13:42:49.152+0000] {logging_mixin.py:190} INFO - [2025-04-04T13:42:49.151+0000] {dagbag.py:588} INFO - Filling up the DagBag from /home/airflow/.local/lib/python3.12/site-packages/airflow/example_dags/example_python_decorator.py
[2025-04-04T13:42:49.193+0000] {processor.py:925} INFO - DAG(s) 'example_python_decorator' retrieved from /home/airflow/.local/lib/python3.12/site-packages/airflow/example_dags/example_python_decorator.py
[2025-04-04T13:42:49.247+0000] {logging_mixin.py:190} INFO - [2025-04-04T13:42:49.246+0000] {dag.py:3239} INFO - Sync 1 DAGs
[2025-04-04T13:42:49.300+0000] {logging_mixin.py:190} INFO - [2025-04-04T13:42:49.290+0000] {dag.py:4180} INFO - Setting next_dagrun for example_python_decorator to None, run_after=None
[2025-04-04T13:42:49.503+0000] {processor.py:208} INFO - Processing /home/airflow/.local/lib/python3.12/site-packages/airflow/example_dags/example_python_decorator.py took 0.376 seconds
[2025-04-04T13:43:20.610+0000] {processor.py:186} INFO - Started process (PID=891) to work on /home/airflow/.local/lib/python3.12/site-packages/airflow/example_dags/example_python_decorator.py
[2025-04-04T13:43:20.612+0000] {processor.py:914} INFO - Processing file /home/airflow/.local/lib/python3.12/site-packages/airflow/example_dags/example_python_decorator.py for tasks to queue
[2025-04-04T13:43:20.617+0000] {logging_mixin.py:190} INFO - [2025-04-04T13:43:20.617+0000] {dagbag.py:588} INFO - Filling up the DagBag from /home/airflow/.local/lib/python3.12/site-packages/airflow/example_dags/example_python_decorator.py
[2025-04-04T13:43:20.647+0000] {processor.py:925} INFO - DAG(s) 'example_python_decorator' retrieved from /home/airflow/.local/lib/python3.12/site-packages/airflow/example_dags/example_python_decorator.py
[2025-04-04T13:43:20.689+0000] {logging_mixin.py:190} INFO - [2025-04-04T13:43:20.689+0000] {dag.py:3239} INFO - Sync 1 DAGs
[2025-04-04T13:43:20.713+0000] {logging_mixin.py:190} INFO - [2025-04-04T13:43:20.713+0000] {dag.py:4180} INFO - Setting next_dagrun for example_python_decorator to None, run_after=None
[2025-04-04T13:43:20.743+0000] {processor.py:208} INFO - Processing /home/airflow/.local/lib/python3.12/site-packages/airflow/example_dags/example_python_decorator.py took 0.146 seconds
[2025-04-04T13:43:53.849+0000] {processor.py:186} INFO - Started process (PID=959) to work on /home/airflow/.local/lib/python3.12/site-packages/airflow/example_dags/example_python_decorator.py
[2025-04-04T13:43:53.851+0000] {processor.py:914} INFO - Processing file /home/airflow/.local/lib/python3.12/site-packages/airflow/example_dags/example_python_decorator.py for tasks to queue
[2025-04-04T13:43:53.858+0000] {logging_mixin.py:190} INFO - [2025-04-04T13:43:53.857+0000] {dagbag.py:588} INFO - Filling up the DagBag from /home/airflow/.local/lib/python3.12/site-packages/airflow/example_dags/example_python_decorator.py
[2025-04-04T13:43:53.900+0000] {processor.py:925} INFO - DAG(s) 'example_python_decorator' retrieved from /home/airflow/.local/lib/python3.12/site-packages/airflow/example_dags/example_python_decorator.py
[2025-04-04T13:43:53.966+0000] {logging_mixin.py:190} INFO - [2025-04-04T13:43:53.966+0000] {dag.py:3239} INFO - Sync 1 DAGs
[2025-04-04T13:43:54.029+0000] {logging_mixin.py:190} INFO - [2025-04-04T13:43:54.029+0000] {dag.py:4180} INFO - Setting next_dagrun for example_python_decorator to None, run_after=None
[2025-04-04T13:43:54.088+0000] {processor.py:208} INFO - Processing /home/airflow/.local/lib/python3.12/site-packages/airflow/example_dags/example_python_decorator.py took 0.251 seconds
[2025-04-04T13:44:25.760+0000] {processor.py:186} INFO - Started process (PID=1022) to work on /home/airflow/.local/lib/python3.12/site-packages/airflow/example_dags/example_python_decorator.py
[2025-04-04T13:44:25.762+0000] {processor.py:914} INFO - Processing file /home/airflow/.local/lib/python3.12/site-packages/airflow/example_dags/example_python_decorator.py for tasks to queue
[2025-04-04T13:44:25.768+0000] {logging_mixin.py:190} INFO - [2025-04-04T13:44:25.767+0000] {dagbag.py:588} INFO - Filling up the DagBag from /home/airflow/.local/lib/python3.12/site-packages/airflow/example_dags/example_python_decorator.py
[2025-04-04T13:44:25.802+0000] {processor.py:925} INFO - DAG(s) 'example_python_decorator' retrieved from /home/airflow/.local/lib/python3.12/site-packages/airflow/example_dags/example_python_decorator.py
[2025-04-04T13:44:25.852+0000] {logging_mixin.py:190} INFO - [2025-04-04T13:44:25.852+0000] {dag.py:3239} INFO - Sync 1 DAGs
[2025-04-04T13:44:25.891+0000] {logging_mixin.py:190} INFO - [2025-04-04T13:44:25.891+0000] {dag.py:4180} INFO - Setting next_dagrun for example_python_decorator to None, run_after=None
[2025-04-04T13:44:25.936+0000] {processor.py:208} INFO - Processing /home/airflow/.local/lib/python3.12/site-packages/airflow/example_dags/example_python_decorator.py took 0.193 seconds
[2025-04-04T13:44:56.554+0000] {processor.py:186} INFO - Started process (PID=1084) to work on /home/airflow/.local/lib/python3.12/site-packages/airflow/example_dags/example_python_decorator.py
[2025-04-04T13:44:56.556+0000] {processor.py:914} INFO - Processing file /home/airflow/.local/lib/python3.12/site-packages/airflow/example_dags/example_python_decorator.py for tasks to queue
[2025-04-04T13:44:56.561+0000] {logging_mixin.py:190} INFO - [2025-04-04T13:44:56.560+0000] {dagbag.py:588} INFO - Filling up the DagBag from /home/airflow/.local/lib/python3.12/site-packages/airflow/example_dags/example_python_decorator.py
[2025-04-04T13:44:56.596+0000] {processor.py:925} INFO - DAG(s) 'example_python_decorator' retrieved from /home/airflow/.local/lib/python3.12/site-packages/airflow/example_dags/example_python_decorator.py
[2025-04-04T13:44:56.655+0000] {logging_mixin.py:190} INFO - [2025-04-04T13:44:56.655+0000] {dag.py:3239} INFO - Sync 1 DAGs
[2025-04-04T13:44:56.696+0000] {logging_mixin.py:190} INFO - [2025-04-04T13:44:56.696+0000] {dag.py:4180} INFO - Setting next_dagrun for example_python_decorator to None, run_after=None
[2025-04-04T13:44:56.750+0000] {processor.py:208} INFO - Processing /home/airflow/.local/lib/python3.12/site-packages/airflow/example_dags/example_python_decorator.py took 0.212 seconds
[2025-04-04T13:45:27.156+0000] {processor.py:186} INFO - Started process (PID=1146) to work on /home/airflow/.local/lib/python3.12/site-packages/airflow/example_dags/example_python_decorator.py
[2025-04-04T13:45:27.158+0000] {processor.py:914} INFO - Processing file /home/airflow/.local/lib/python3.12/site-packages/airflow/example_dags/example_python_decorator.py for tasks to queue
[2025-04-04T13:45:27.167+0000] {logging_mixin.py:190} INFO - [2025-04-04T13:45:27.166+0000] {dagbag.py:588} INFO - Filling up the DagBag from /home/airflow/.local/lib/python3.12/site-packages/airflow/example_dags/example_python_decorator.py
[2025-04-04T13:45:27.211+0000] {processor.py:925} INFO - DAG(s) 'example_python_decorator' retrieved from /home/airflow/.local/lib/python3.12/site-packages/airflow/example_dags/example_python_decorator.py
[2025-04-04T13:45:27.272+0000] {logging_mixin.py:190} INFO - [2025-04-04T13:45:27.271+0000] {dag.py:3239} INFO - Sync 1 DAGs
[2025-04-04T13:45:27.309+0000] {logging_mixin.py:190} INFO - [2025-04-04T13:45:27.309+0000] {dag.py:4180} INFO - Setting next_dagrun for example_python_decorator to None, run_after=None
[2025-04-04T13:45:27.353+0000] {processor.py:208} INFO - Processing /home/airflow/.local/lib/python3.12/site-packages/airflow/example_dags/example_python_decorator.py took 0.210 seconds
[2025-04-04T13:45:57.554+0000] {processor.py:186} INFO - Started process (PID=1208) to work on /home/airflow/.local/lib/python3.12/site-packages/airflow/example_dags/example_python_decorator.py
[2025-04-04T13:45:57.555+0000] {processor.py:914} INFO - Processing file /home/airflow/.local/lib/python3.12/site-packages/airflow/example_dags/example_python_decorator.py for tasks to queue
[2025-04-04T13:45:57.559+0000] {logging_mixin.py:190} INFO - [2025-04-04T13:45:57.558+0000] {dagbag.py:588} INFO - Filling up the DagBag from /home/airflow/.local/lib/python3.12/site-packages/airflow/example_dags/example_python_decorator.py
[2025-04-04T13:45:57.590+0000] {processor.py:925} INFO - DAG(s) 'example_python_decorator' retrieved from /home/airflow/.local/lib/python3.12/site-packages/airflow/example_dags/example_python_decorator.py
[2025-04-04T13:45:57.652+0000] {logging_mixin.py:190} INFO - [2025-04-04T13:45:57.652+0000] {dag.py:3239} INFO - Sync 1 DAGs
[2025-04-04T13:45:57.682+0000] {logging_mixin.py:190} INFO - [2025-04-04T13:45:57.682+0000] {dag.py:4180} INFO - Setting next_dagrun for example_python_decorator to None, run_after=None
[2025-04-04T13:45:57.719+0000] {processor.py:208} INFO - Processing /home/airflow/.local/lib/python3.12/site-packages/airflow/example_dags/example_python_decorator.py took 0.178 seconds
[2025-04-04T13:46:36.639+0000] {processor.py:186} INFO - Started process (PID=1261) to work on /home/airflow/.local/lib/python3.12/site-packages/airflow/example_dags/example_python_decorator.py
[2025-04-04T13:46:36.641+0000] {processor.py:914} INFO - Processing file /home/airflow/.local/lib/python3.12/site-packages/airflow/example_dags/example_python_decorator.py for tasks to queue
[2025-04-04T13:46:36.647+0000] {logging_mixin.py:190} INFO - [2025-04-04T13:46:36.647+0000] {dagbag.py:588} INFO - Filling up the DagBag from /home/airflow/.local/lib/python3.12/site-packages/airflow/example_dags/example_python_decorator.py
[2025-04-04T13:46:36.692+0000] {processor.py:925} INFO - DAG(s) 'example_python_decorator' retrieved from /home/airflow/.local/lib/python3.12/site-packages/airflow/example_dags/example_python_decorator.py
[2025-04-04T13:46:36.761+0000] {logging_mixin.py:190} INFO - [2025-04-04T13:46:36.761+0000] {dag.py:3239} INFO - Sync 1 DAGs
[2025-04-04T13:46:36.801+0000] {logging_mixin.py:190} INFO - [2025-04-04T13:46:36.800+0000] {dag.py:4180} INFO - Setting next_dagrun for example_python_decorator to None, run_after=None
[2025-04-04T13:46:36.851+0000] {processor.py:208} INFO - Processing /home/airflow/.local/lib/python3.12/site-packages/airflow/example_dags/example_python_decorator.py took 0.228 seconds
[2025-04-04T13:47:07.705+0000] {processor.py:186} INFO - Started process (PID=1324) to work on /home/airflow/.local/lib/python3.12/site-packages/airflow/example_dags/example_python_decorator.py
[2025-04-04T13:47:07.708+0000] {processor.py:914} INFO - Processing file /home/airflow/.local/lib/python3.12/site-packages/airflow/example_dags/example_python_decorator.py for tasks to queue
[2025-04-04T13:47:07.719+0000] {logging_mixin.py:190} INFO - [2025-04-04T13:47:07.717+0000] {dagbag.py:588} INFO - Filling up the DagBag from /home/airflow/.local/lib/python3.12/site-packages/airflow/example_dags/example_python_decorator.py
[2025-04-04T13:47:07.785+0000] {processor.py:925} INFO - DAG(s) 'example_python_decorator' retrieved from /home/airflow/.local/lib/python3.12/site-packages/airflow/example_dags/example_python_decorator.py
[2025-04-04T13:47:07.854+0000] {logging_mixin.py:190} INFO - [2025-04-04T13:47:07.853+0000] {dag.py:3239} INFO - Sync 1 DAGs
[2025-04-04T13:47:07.894+0000] {logging_mixin.py:190} INFO - [2025-04-04T13:47:07.894+0000] {dag.py:4180} INFO - Setting next_dagrun for example_python_decorator to None, run_after=None
[2025-04-04T13:47:07.939+0000] {processor.py:208} INFO - Processing /home/airflow/.local/lib/python3.12/site-packages/airflow/example_dags/example_python_decorator.py took 0.255 seconds
[2025-04-04T13:47:38.127+0000] {processor.py:186} INFO - Started process (PID=1387) to work on /home/airflow/.local/lib/python3.12/site-packages/airflow/example_dags/example_python_decorator.py
[2025-04-04T13:47:38.129+0000] {processor.py:914} INFO - Processing file /home/airflow/.local/lib/python3.12/site-packages/airflow/example_dags/example_python_decorator.py for tasks to queue
[2025-04-04T13:47:38.138+0000] {logging_mixin.py:190} INFO - [2025-04-04T13:47:38.137+0000] {dagbag.py:588} INFO - Filling up the DagBag from /home/airflow/.local/lib/python3.12/site-packages/airflow/example_dags/example_python_decorator.py
[2025-04-04T13:47:38.194+0000] {processor.py:925} INFO - DAG(s) 'example_python_decorator' retrieved from /home/airflow/.local/lib/python3.12/site-packages/airflow/example_dags/example_python_decorator.py
[2025-04-04T13:47:38.283+0000] {logging_mixin.py:190} INFO - [2025-04-04T13:47:38.282+0000] {dag.py:3239} INFO - Sync 1 DAGs
[2025-04-04T13:47:38.326+0000] {logging_mixin.py:190} INFO - [2025-04-04T13:47:38.325+0000] {dag.py:4180} INFO - Setting next_dagrun for example_python_decorator to None, run_after=None
[2025-04-04T13:47:38.391+0000] {processor.py:208} INFO - Processing /home/airflow/.local/lib/python3.12/site-packages/airflow/example_dags/example_python_decorator.py took 0.281 seconds
[2025-04-04T13:48:09.175+0000] {processor.py:186} INFO - Started process (PID=1451) to work on /home/airflow/.local/lib/python3.12/site-packages/airflow/example_dags/example_python_decorator.py
[2025-04-04T13:48:09.178+0000] {processor.py:914} INFO - Processing file /home/airflow/.local/lib/python3.12/site-packages/airflow/example_dags/example_python_decorator.py for tasks to queue
[2025-04-04T13:48:09.183+0000] {logging_mixin.py:190} INFO - [2025-04-04T13:48:09.182+0000] {dagbag.py:588} INFO - Filling up the DagBag from /home/airflow/.local/lib/python3.12/site-packages/airflow/example_dags/example_python_decorator.py
[2025-04-04T13:48:09.236+0000] {processor.py:925} INFO - DAG(s) 'example_python_decorator' retrieved from /home/airflow/.local/lib/python3.12/site-packages/airflow/example_dags/example_python_decorator.py
[2025-04-04T13:48:09.298+0000] {logging_mixin.py:190} INFO - [2025-04-04T13:48:09.297+0000] {dag.py:3239} INFO - Sync 1 DAGs
[2025-04-04T13:48:09.336+0000] {logging_mixin.py:190} INFO - [2025-04-04T13:48:09.336+0000] {dag.py:4180} INFO - Setting next_dagrun for example_python_decorator to None, run_after=None
[2025-04-04T13:48:09.387+0000] {processor.py:208} INFO - Processing /home/airflow/.local/lib/python3.12/site-packages/airflow/example_dags/example_python_decorator.py took 0.227 seconds
[2025-04-04T13:48:41.397+0000] {processor.py:186} INFO - Started process (PID=1513) to work on /home/airflow/.local/lib/python3.12/site-packages/airflow/example_dags/example_python_decorator.py
[2025-04-04T13:48:41.399+0000] {processor.py:914} INFO - Processing file /home/airflow/.local/lib/python3.12/site-packages/airflow/example_dags/example_python_decorator.py for tasks to queue
[2025-04-04T13:48:41.403+0000] {logging_mixin.py:190} INFO - [2025-04-04T13:48:41.402+0000] {dagbag.py:588} INFO - Filling up the DagBag from /home/airflow/.local/lib/python3.12/site-packages/airflow/example_dags/example_python_decorator.py
[2025-04-04T13:48:41.447+0000] {processor.py:925} INFO - DAG(s) 'example_python_decorator' retrieved from /home/airflow/.local/lib/python3.12/site-packages/airflow/example_dags/example_python_decorator.py
[2025-04-04T13:48:41.509+0000] {logging_mixin.py:190} INFO - [2025-04-04T13:48:41.509+0000] {dag.py:3239} INFO - Sync 1 DAGs
[2025-04-04T13:48:41.598+0000] {logging_mixin.py:190} INFO - [2025-04-04T13:48:41.598+0000] {dag.py:4180} INFO - Setting next_dagrun for example_python_decorator to None, run_after=None
[2025-04-04T13:48:41.696+0000] {processor.py:208} INFO - Processing /home/airflow/.local/lib/python3.12/site-packages/airflow/example_dags/example_python_decorator.py took 0.312 seconds
[2025-04-04T13:49:12.205+0000] {processor.py:186} INFO - Started process (PID=1575) to work on /home/airflow/.local/lib/python3.12/site-packages/airflow/example_dags/example_python_decorator.py
[2025-04-04T13:49:12.206+0000] {processor.py:914} INFO - Processing file /home/airflow/.local/lib/python3.12/site-packages/airflow/example_dags/example_python_decorator.py for tasks to queue
[2025-04-04T13:49:12.211+0000] {logging_mixin.py:190} INFO - [2025-04-04T13:49:12.210+0000] {dagbag.py:588} INFO - Filling up the DagBag from /home/airflow/.local/lib/python3.12/site-packages/airflow/example_dags/example_python_decorator.py
[2025-04-04T13:49:12.236+0000] {processor.py:925} INFO - DAG(s) 'example_python_decorator' retrieved from /home/airflow/.local/lib/python3.12/site-packages/airflow/example_dags/example_python_decorator.py
[2025-04-04T13:49:12.282+0000] {logging_mixin.py:190} INFO - [2025-04-04T13:49:12.282+0000] {dag.py:3239} INFO - Sync 1 DAGs
[2025-04-04T13:49:12.314+0000] {logging_mixin.py:190} INFO - [2025-04-04T13:49:12.314+0000] {dag.py:4180} INFO - Setting next_dagrun for example_python_decorator to None, run_after=None
[2025-04-04T13:49:12.350+0000] {processor.py:208} INFO - Processing /home/airflow/.local/lib/python3.12/site-packages/airflow/example_dags/example_python_decorator.py took 0.157 seconds
[2025-04-04T13:49:42.464+0000] {processor.py:186} INFO - Started process (PID=1636) to work on /home/airflow/.local/lib/python3.12/site-packages/airflow/example_dags/example_python_decorator.py
[2025-04-04T13:49:42.469+0000] {processor.py:914} INFO - Processing file /home/airflow/.local/lib/python3.12/site-packages/airflow/example_dags/example_python_decorator.py for tasks to queue
[2025-04-04T13:49:42.477+0000] {logging_mixin.py:190} INFO - [2025-04-04T13:49:42.476+0000] {dagbag.py:588} INFO - Filling up the DagBag from /home/airflow/.local/lib/python3.12/site-packages/airflow/example_dags/example_python_decorator.py
[2025-04-04T13:49:42.517+0000] {processor.py:925} INFO - DAG(s) 'example_python_decorator' retrieved from /home/airflow/.local/lib/python3.12/site-packages/airflow/example_dags/example_python_decorator.py
[2025-04-04T13:49:42.568+0000] {logging_mixin.py:190} INFO - [2025-04-04T13:49:42.568+0000] {dag.py:3239} INFO - Sync 1 DAGs
[2025-04-04T13:49:42.608+0000] {logging_mixin.py:190} INFO - [2025-04-04T13:49:42.607+0000] {dag.py:4180} INFO - Setting next_dagrun for example_python_decorator to None, run_after=None
[2025-04-04T13:49:42.664+0000] {processor.py:208} INFO - Processing /home/airflow/.local/lib/python3.12/site-packages/airflow/example_dags/example_python_decorator.py took 0.221 seconds
[2025-04-04T13:50:13.814+0000] {processor.py:186} INFO - Started process (PID=1697) to work on /home/airflow/.local/lib/python3.12/site-packages/airflow/example_dags/example_python_decorator.py
[2025-04-04T13:50:13.817+0000] {processor.py:914} INFO - Processing file /home/airflow/.local/lib/python3.12/site-packages/airflow/example_dags/example_python_decorator.py for tasks to queue
[2025-04-04T13:50:13.823+0000] {logging_mixin.py:190} INFO - [2025-04-04T13:50:13.822+0000] {dagbag.py:588} INFO - Filling up the DagBag from /home/airflow/.local/lib/python3.12/site-packages/airflow/example_dags/example_python_decorator.py
[2025-04-04T13:50:13.888+0000] {processor.py:925} INFO - DAG(s) 'example_python_decorator' retrieved from /home/airflow/.local/lib/python3.12/site-packages/airflow/example_dags/example_python_decorator.py
[2025-04-04T13:50:13.946+0000] {logging_mixin.py:190} INFO - [2025-04-04T13:50:13.946+0000] {dag.py:3239} INFO - Sync 1 DAGs
[2025-04-04T13:50:13.989+0000] {logging_mixin.py:190} INFO - [2025-04-04T13:50:13.989+0000] {dag.py:4180} INFO - Setting next_dagrun for example_python_decorator to None, run_after=None
[2025-04-04T13:50:14.039+0000] {processor.py:208} INFO - Processing /home/airflow/.local/lib/python3.12/site-packages/airflow/example_dags/example_python_decorator.py took 0.248 seconds
[2025-04-04T13:50:45.568+0000] {processor.py:186} INFO - Started process (PID=1760) to work on /home/airflow/.local/lib/python3.12/site-packages/airflow/example_dags/example_python_decorator.py
[2025-04-04T13:50:45.571+0000] {processor.py:914} INFO - Processing file /home/airflow/.local/lib/python3.12/site-packages/airflow/example_dags/example_python_decorator.py for tasks to queue
[2025-04-04T13:50:45.585+0000] {logging_mixin.py:190} INFO - [2025-04-04T13:50:45.584+0000] {dagbag.py:588} INFO - Filling up the DagBag from /home/airflow/.local/lib/python3.12/site-packages/airflow/example_dags/example_python_decorator.py
[2025-04-04T13:50:45.763+0000] {processor.py:925} INFO - DAG(s) 'example_python_decorator' retrieved from /home/airflow/.local/lib/python3.12/site-packages/airflow/example_dags/example_python_decorator.py
[2025-04-04T13:50:46.047+0000] {logging_mixin.py:190} INFO - [2025-04-04T13:50:46.047+0000] {dag.py:3239} INFO - Sync 1 DAGs
[2025-04-04T13:50:46.104+0000] {logging_mixin.py:190} INFO - [2025-04-04T13:50:46.103+0000] {dag.py:4180} INFO - Setting next_dagrun for example_python_decorator to None, run_after=None
[2025-04-04T13:50:46.190+0000] {processor.py:208} INFO - Processing /home/airflow/.local/lib/python3.12/site-packages/airflow/example_dags/example_python_decorator.py took 0.651 seconds
[2025-04-04T13:51:16.343+0000] {processor.py:186} INFO - Started process (PID=1822) to work on /home/airflow/.local/lib/python3.12/site-packages/airflow/example_dags/example_python_decorator.py
[2025-04-04T13:51:16.346+0000] {processor.py:914} INFO - Processing file /home/airflow/.local/lib/python3.12/site-packages/airflow/example_dags/example_python_decorator.py for tasks to queue
[2025-04-04T13:51:16.354+0000] {logging_mixin.py:190} INFO - [2025-04-04T13:51:16.353+0000] {dagbag.py:588} INFO - Filling up the DagBag from /home/airflow/.local/lib/python3.12/site-packages/airflow/example_dags/example_python_decorator.py
[2025-04-04T13:51:16.395+0000] {processor.py:925} INFO - DAG(s) 'example_python_decorator' retrieved from /home/airflow/.local/lib/python3.12/site-packages/airflow/example_dags/example_python_decorator.py
[2025-04-04T13:51:16.467+0000] {logging_mixin.py:190} INFO - [2025-04-04T13:51:16.466+0000] {dag.py:3239} INFO - Sync 1 DAGs
[2025-04-04T13:51:16.499+0000] {logging_mixin.py:190} INFO - [2025-04-04T13:51:16.499+0000] {dag.py:4180} INFO - Setting next_dagrun for example_python_decorator to None, run_after=None
[2025-04-04T13:51:16.544+0000] {processor.py:208} INFO - Processing /home/airflow/.local/lib/python3.12/site-packages/airflow/example_dags/example_python_decorator.py took 0.220 seconds
[2025-04-04T13:51:46.630+0000] {processor.py:186} INFO - Started process (PID=1885) to work on /home/airflow/.local/lib/python3.12/site-packages/airflow/example_dags/example_python_decorator.py
[2025-04-04T13:51:46.632+0000] {processor.py:914} INFO - Processing file /home/airflow/.local/lib/python3.12/site-packages/airflow/example_dags/example_python_decorator.py for tasks to queue
[2025-04-04T13:51:46.636+0000] {logging_mixin.py:190} INFO - [2025-04-04T13:51:46.635+0000] {dagbag.py:588} INFO - Filling up the DagBag from /home/airflow/.local/lib/python3.12/site-packages/airflow/example_dags/example_python_decorator.py
[2025-04-04T13:51:46.672+0000] {processor.py:925} INFO - DAG(s) 'example_python_decorator' retrieved from /home/airflow/.local/lib/python3.12/site-packages/airflow/example_dags/example_python_decorator.py
[2025-04-04T13:51:46.718+0000] {logging_mixin.py:190} INFO - [2025-04-04T13:51:46.718+0000] {dag.py:3239} INFO - Sync 1 DAGs
[2025-04-04T13:51:46.753+0000] {logging_mixin.py:190} INFO - [2025-04-04T13:51:46.753+0000] {dag.py:4180} INFO - Setting next_dagrun for example_python_decorator to None, run_after=None
[2025-04-04T13:51:46.799+0000] {processor.py:208} INFO - Processing /home/airflow/.local/lib/python3.12/site-packages/airflow/example_dags/example_python_decorator.py took 0.181 seconds
[2025-04-04T13:52:16.929+0000] {processor.py:186} INFO - Started process (PID=1948) to work on /home/airflow/.local/lib/python3.12/site-packages/airflow/example_dags/example_python_decorator.py
[2025-04-04T13:52:16.930+0000] {processor.py:914} INFO - Processing file /home/airflow/.local/lib/python3.12/site-packages/airflow/example_dags/example_python_decorator.py for tasks to queue
[2025-04-04T13:52:16.936+0000] {logging_mixin.py:190} INFO - [2025-04-04T13:52:16.935+0000] {dagbag.py:588} INFO - Filling up the DagBag from /home/airflow/.local/lib/python3.12/site-packages/airflow/example_dags/example_python_decorator.py
[2025-04-04T13:52:16.976+0000] {processor.py:925} INFO - DAG(s) 'example_python_decorator' retrieved from /home/airflow/.local/lib/python3.12/site-packages/airflow/example_dags/example_python_decorator.py
[2025-04-04T13:52:17.024+0000] {logging_mixin.py:190} INFO - [2025-04-04T13:52:17.024+0000] {dag.py:3239} INFO - Sync 1 DAGs
[2025-04-04T13:52:17.056+0000] {logging_mixin.py:190} INFO - [2025-04-04T13:52:17.055+0000] {dag.py:4180} INFO - Setting next_dagrun for example_python_decorator to None, run_after=None
[2025-04-04T13:52:17.094+0000] {processor.py:208} INFO - Processing /home/airflow/.local/lib/python3.12/site-packages/airflow/example_dags/example_python_decorator.py took 0.179 seconds
[2025-04-04T13:52:48.181+0000] {processor.py:186} INFO - Started process (PID=2008) to work on /home/airflow/.local/lib/python3.12/site-packages/airflow/example_dags/example_python_decorator.py
[2025-04-04T13:52:48.182+0000] {processor.py:914} INFO - Processing file /home/airflow/.local/lib/python3.12/site-packages/airflow/example_dags/example_python_decorator.py for tasks to queue
[2025-04-04T13:52:48.187+0000] {logging_mixin.py:190} INFO - [2025-04-04T13:52:48.187+0000] {dagbag.py:588} INFO - Filling up the DagBag from /home/airflow/.local/lib/python3.12/site-packages/airflow/example_dags/example_python_decorator.py
[2025-04-04T13:52:48.217+0000] {processor.py:925} INFO - DAG(s) 'example_python_decorator' retrieved from /home/airflow/.local/lib/python3.12/site-packages/airflow/example_dags/example_python_decorator.py
[2025-04-04T13:52:48.261+0000] {logging_mixin.py:190} INFO - [2025-04-04T13:52:48.260+0000] {dag.py:3239} INFO - Sync 1 DAGs
[2025-04-04T13:52:48.295+0000] {logging_mixin.py:190} INFO - [2025-04-04T13:52:48.294+0000] {dag.py:4180} INFO - Setting next_dagrun for example_python_decorator to None, run_after=None
[2025-04-04T13:52:48.333+0000] {processor.py:208} INFO - Processing /home/airflow/.local/lib/python3.12/site-packages/airflow/example_dags/example_python_decorator.py took 0.162 seconds
[2025-04-04T13:53:19.039+0000] {processor.py:186} INFO - Started process (PID=2069) to work on /home/airflow/.local/lib/python3.12/site-packages/airflow/example_dags/example_python_decorator.py
[2025-04-04T13:53:19.042+0000] {processor.py:914} INFO - Processing file /home/airflow/.local/lib/python3.12/site-packages/airflow/example_dags/example_python_decorator.py for tasks to queue
[2025-04-04T13:53:19.049+0000] {logging_mixin.py:190} INFO - [2025-04-04T13:53:19.048+0000] {dagbag.py:588} INFO - Filling up the DagBag from /home/airflow/.local/lib/python3.12/site-packages/airflow/example_dags/example_python_decorator.py
[2025-04-04T13:53:19.088+0000] {processor.py:925} INFO - DAG(s) 'example_python_decorator' retrieved from /home/airflow/.local/lib/python3.12/site-packages/airflow/example_dags/example_python_decorator.py
[2025-04-04T13:53:19.157+0000] {logging_mixin.py:190} INFO - [2025-04-04T13:53:19.156+0000] {dag.py:3239} INFO - Sync 1 DAGs
[2025-04-04T13:53:19.204+0000] {logging_mixin.py:190} INFO - [2025-04-04T13:53:19.204+0000] {dag.py:4180} INFO - Setting next_dagrun for example_python_decorator to None, run_after=None
[2025-04-04T13:53:19.290+0000] {processor.py:208} INFO - Processing /home/airflow/.local/lib/python3.12/site-packages/airflow/example_dags/example_python_decorator.py took 0.278 seconds
[2025-04-04T13:53:49.566+0000] {processor.py:186} INFO - Started process (PID=2131) to work on /home/airflow/.local/lib/python3.12/site-packages/airflow/example_dags/example_python_decorator.py
[2025-04-04T13:53:49.572+0000] {processor.py:914} INFO - Processing file /home/airflow/.local/lib/python3.12/site-packages/airflow/example_dags/example_python_decorator.py for tasks to queue
[2025-04-04T13:53:49.578+0000] {logging_mixin.py:190} INFO - [2025-04-04T13:53:49.577+0000] {dagbag.py:588} INFO - Filling up the DagBag from /home/airflow/.local/lib/python3.12/site-packages/airflow/example_dags/example_python_decorator.py
[2025-04-04T13:53:49.625+0000] {processor.py:925} INFO - DAG(s) 'example_python_decorator' retrieved from /home/airflow/.local/lib/python3.12/site-packages/airflow/example_dags/example_python_decorator.py
[2025-04-04T13:53:49.694+0000] {logging_mixin.py:190} INFO - [2025-04-04T13:53:49.694+0000] {dag.py:3239} INFO - Sync 1 DAGs
[2025-04-04T13:53:49.749+0000] {logging_mixin.py:190} INFO - [2025-04-04T13:53:49.748+0000] {dag.py:4180} INFO - Setting next_dagrun for example_python_decorator to None, run_after=None
[2025-04-04T13:53:49.806+0000] {processor.py:208} INFO - Processing /home/airflow/.local/lib/python3.12/site-packages/airflow/example_dags/example_python_decorator.py took 0.259 seconds
[2025-04-04T13:54:20.367+0000] {processor.py:186} INFO - Started process (PID=2194) to work on /home/airflow/.local/lib/python3.12/site-packages/airflow/example_dags/example_python_decorator.py
[2025-04-04T13:54:20.370+0000] {processor.py:914} INFO - Processing file /home/airflow/.local/lib/python3.12/site-packages/airflow/example_dags/example_python_decorator.py for tasks to queue
[2025-04-04T13:54:20.377+0000] {logging_mixin.py:190} INFO - [2025-04-04T13:54:20.376+0000] {dagbag.py:588} INFO - Filling up the DagBag from /home/airflow/.local/lib/python3.12/site-packages/airflow/example_dags/example_python_decorator.py
[2025-04-04T13:54:20.420+0000] {processor.py:925} INFO - DAG(s) 'example_python_decorator' retrieved from /home/airflow/.local/lib/python3.12/site-packages/airflow/example_dags/example_python_decorator.py
[2025-04-04T13:54:20.494+0000] {logging_mixin.py:190} INFO - [2025-04-04T13:54:20.494+0000] {dag.py:3239} INFO - Sync 1 DAGs
[2025-04-04T13:54:20.536+0000] {logging_mixin.py:190} INFO - [2025-04-04T13:54:20.536+0000] {dag.py:4180} INFO - Setting next_dagrun for example_python_decorator to None, run_after=None
[2025-04-04T13:54:20.574+0000] {processor.py:208} INFO - Processing /home/airflow/.local/lib/python3.12/site-packages/airflow/example_dags/example_python_decorator.py took 0.229 seconds
[2025-04-04T13:54:50.734+0000] {processor.py:186} INFO - Started process (PID=2258) to work on /home/airflow/.local/lib/python3.12/site-packages/airflow/example_dags/example_python_decorator.py
[2025-04-04T13:54:50.737+0000] {processor.py:914} INFO - Processing file /home/airflow/.local/lib/python3.12/site-packages/airflow/example_dags/example_python_decorator.py for tasks to queue
[2025-04-04T13:54:50.742+0000] {logging_mixin.py:190} INFO - [2025-04-04T13:54:50.741+0000] {dagbag.py:588} INFO - Filling up the DagBag from /home/airflow/.local/lib/python3.12/site-packages/airflow/example_dags/example_python_decorator.py
[2025-04-04T13:54:50.789+0000] {processor.py:925} INFO - DAG(s) 'example_python_decorator' retrieved from /home/airflow/.local/lib/python3.12/site-packages/airflow/example_dags/example_python_decorator.py
[2025-04-04T13:54:50.848+0000] {logging_mixin.py:190} INFO - [2025-04-04T13:54:50.847+0000] {dag.py:3239} INFO - Sync 1 DAGs
[2025-04-04T13:54:50.883+0000] {logging_mixin.py:190} INFO - [2025-04-04T13:54:50.883+0000] {dag.py:4180} INFO - Setting next_dagrun for example_python_decorator to None, run_after=None
[2025-04-04T13:54:50.932+0000] {processor.py:208} INFO - Processing /home/airflow/.local/lib/python3.12/site-packages/airflow/example_dags/example_python_decorator.py took 0.212 seconds
[2025-04-04T13:55:21.269+0000] {processor.py:186} INFO - Started process (PID=2321) to work on /home/airflow/.local/lib/python3.12/site-packages/airflow/example_dags/example_python_decorator.py
[2025-04-04T13:55:21.272+0000] {processor.py:914} INFO - Processing file /home/airflow/.local/lib/python3.12/site-packages/airflow/example_dags/example_python_decorator.py for tasks to queue
[2025-04-04T13:55:21.277+0000] {logging_mixin.py:190} INFO - [2025-04-04T13:55:21.277+0000] {dagbag.py:588} INFO - Filling up the DagBag from /home/airflow/.local/lib/python3.12/site-packages/airflow/example_dags/example_python_decorator.py
[2025-04-04T13:55:21.316+0000] {processor.py:925} INFO - DAG(s) 'example_python_decorator' retrieved from /home/airflow/.local/lib/python3.12/site-packages/airflow/example_dags/example_python_decorator.py
[2025-04-04T13:55:21.369+0000] {logging_mixin.py:190} INFO - [2025-04-04T13:55:21.369+0000] {dag.py:3239} INFO - Sync 1 DAGs
[2025-04-04T13:55:21.413+0000] {logging_mixin.py:190} INFO - [2025-04-04T13:55:21.413+0000] {dag.py:4180} INFO - Setting next_dagrun for example_python_decorator to None, run_after=None
[2025-04-04T13:55:21.456+0000] {processor.py:208} INFO - Processing /home/airflow/.local/lib/python3.12/site-packages/airflow/example_dags/example_python_decorator.py took 0.201 seconds
[2025-04-04T13:55:52.615+0000] {processor.py:186} INFO - Started process (PID=2382) to work on /home/airflow/.local/lib/python3.12/site-packages/airflow/example_dags/example_python_decorator.py
[2025-04-04T13:55:52.617+0000] {processor.py:914} INFO - Processing file /home/airflow/.local/lib/python3.12/site-packages/airflow/example_dags/example_python_decorator.py for tasks to queue
[2025-04-04T13:55:52.634+0000] {logging_mixin.py:190} INFO - [2025-04-04T13:55:52.633+0000] {dagbag.py:588} INFO - Filling up the DagBag from /home/airflow/.local/lib/python3.12/site-packages/airflow/example_dags/example_python_decorator.py
[2025-04-04T13:55:52.738+0000] {processor.py:925} INFO - DAG(s) 'example_python_decorator' retrieved from /home/airflow/.local/lib/python3.12/site-packages/airflow/example_dags/example_python_decorator.py
[2025-04-04T13:55:52.848+0000] {logging_mixin.py:190} INFO - [2025-04-04T13:55:52.847+0000] {dag.py:3239} INFO - Sync 1 DAGs
[2025-04-04T13:55:52.926+0000] {logging_mixin.py:190} INFO - [2025-04-04T13:55:52.925+0000] {dag.py:4180} INFO - Setting next_dagrun for example_python_decorator to None, run_after=None
[2025-04-04T13:55:52.999+0000] {processor.py:208} INFO - Processing /home/airflow/.local/lib/python3.12/site-packages/airflow/example_dags/example_python_decorator.py took 0.419 seconds
[2025-04-04T13:56:23.988+0000] {processor.py:186} INFO - Started process (PID=2445) to work on /home/airflow/.local/lib/python3.12/site-packages/airflow/example_dags/example_python_decorator.py
[2025-04-04T13:56:23.990+0000] {processor.py:914} INFO - Processing file /home/airflow/.local/lib/python3.12/site-packages/airflow/example_dags/example_python_decorator.py for tasks to queue
[2025-04-04T13:56:23.995+0000] {logging_mixin.py:190} INFO - [2025-04-04T13:56:23.994+0000] {dagbag.py:588} INFO - Filling up the DagBag from /home/airflow/.local/lib/python3.12/site-packages/airflow/example_dags/example_python_decorator.py
[2025-04-04T13:56:24.024+0000] {processor.py:925} INFO - DAG(s) 'example_python_decorator' retrieved from /home/airflow/.local/lib/python3.12/site-packages/airflow/example_dags/example_python_decorator.py
[2025-04-04T13:56:24.076+0000] {logging_mixin.py:190} INFO - [2025-04-04T13:56:24.075+0000] {dag.py:3239} INFO - Sync 1 DAGs
[2025-04-04T13:56:24.115+0000] {logging_mixin.py:190} INFO - [2025-04-04T13:56:24.114+0000] {dag.py:4180} INFO - Setting next_dagrun for example_python_decorator to None, run_after=None
[2025-04-04T13:56:24.157+0000] {processor.py:208} INFO - Processing /home/airflow/.local/lib/python3.12/site-packages/airflow/example_dags/example_python_decorator.py took 0.182 seconds
[2025-04-04T13:56:54.497+0000] {processor.py:186} INFO - Started process (PID=2508) to work on /home/airflow/.local/lib/python3.12/site-packages/airflow/example_dags/example_python_decorator.py
[2025-04-04T13:56:54.499+0000] {processor.py:914} INFO - Processing file /home/airflow/.local/lib/python3.12/site-packages/airflow/example_dags/example_python_decorator.py for tasks to queue
[2025-04-04T13:56:54.505+0000] {logging_mixin.py:190} INFO - [2025-04-04T13:56:54.503+0000] {dagbag.py:588} INFO - Filling up the DagBag from /home/airflow/.local/lib/python3.12/site-packages/airflow/example_dags/example_python_decorator.py
[2025-04-04T13:56:54.540+0000] {processor.py:925} INFO - DAG(s) 'example_python_decorator' retrieved from /home/airflow/.local/lib/python3.12/site-packages/airflow/example_dags/example_python_decorator.py
[2025-04-04T13:56:54.591+0000] {logging_mixin.py:190} INFO - [2025-04-04T13:56:54.590+0000] {dag.py:3239} INFO - Sync 1 DAGs
[2025-04-04T13:56:54.657+0000] {logging_mixin.py:190} INFO - [2025-04-04T13:56:54.657+0000] {dag.py:4180} INFO - Setting next_dagrun for example_python_decorator to None, run_after=None
[2025-04-04T13:56:54.721+0000] {processor.py:208} INFO - Processing /home/airflow/.local/lib/python3.12/site-packages/airflow/example_dags/example_python_decorator.py took 0.241 seconds
[2025-04-04T13:57:25.226+0000] {processor.py:186} INFO - Started process (PID=2571) to work on /home/airflow/.local/lib/python3.12/site-packages/airflow/example_dags/example_python_decorator.py
[2025-04-04T13:57:25.283+0000] {processor.py:914} INFO - Processing file /home/airflow/.local/lib/python3.12/site-packages/airflow/example_dags/example_python_decorator.py for tasks to queue
[2025-04-04T13:57:25.297+0000] {logging_mixin.py:190} INFO - [2025-04-04T13:57:25.296+0000] {dagbag.py:588} INFO - Filling up the DagBag from /home/airflow/.local/lib/python3.12/site-packages/airflow/example_dags/example_python_decorator.py
[2025-04-04T13:57:25.468+0000] {processor.py:925} INFO - DAG(s) 'example_python_decorator' retrieved from /home/airflow/.local/lib/python3.12/site-packages/airflow/example_dags/example_python_decorator.py
[2025-04-04T13:57:25.715+0000] {logging_mixin.py:190} INFO - [2025-04-04T13:57:25.713+0000] {dag.py:3239} INFO - Sync 1 DAGs
[2025-04-04T13:57:25.943+0000] {logging_mixin.py:190} INFO - [2025-04-04T13:57:25.943+0000] {dag.py:4180} INFO - Setting next_dagrun for example_python_decorator to None, run_after=None
[2025-04-04T13:57:26.139+0000] {processor.py:208} INFO - Processing /home/airflow/.local/lib/python3.12/site-packages/airflow/example_dags/example_python_decorator.py took 0.949 seconds
[2025-04-04T13:57:56.846+0000] {processor.py:186} INFO - Started process (PID=2634) to work on /home/airflow/.local/lib/python3.12/site-packages/airflow/example_dags/example_python_decorator.py
[2025-04-04T13:57:56.849+0000] {processor.py:914} INFO - Processing file /home/airflow/.local/lib/python3.12/site-packages/airflow/example_dags/example_python_decorator.py for tasks to queue
[2025-04-04T13:57:56.855+0000] {logging_mixin.py:190} INFO - [2025-04-04T13:57:56.854+0000] {dagbag.py:588} INFO - Filling up the DagBag from /home/airflow/.local/lib/python3.12/site-packages/airflow/example_dags/example_python_decorator.py
[2025-04-04T13:57:56.889+0000] {processor.py:925} INFO - DAG(s) 'example_python_decorator' retrieved from /home/airflow/.local/lib/python3.12/site-packages/airflow/example_dags/example_python_decorator.py
[2025-04-04T13:57:56.966+0000] {logging_mixin.py:190} INFO - [2025-04-04T13:57:56.965+0000] {dag.py:3239} INFO - Sync 1 DAGs
[2025-04-04T13:57:56.998+0000] {logging_mixin.py:190} INFO - [2025-04-04T13:57:56.998+0000] {dag.py:4180} INFO - Setting next_dagrun for example_python_decorator to None, run_after=None
[2025-04-04T13:57:57.052+0000] {processor.py:208} INFO - Processing /home/airflow/.local/lib/python3.12/site-packages/airflow/example_dags/example_python_decorator.py took 0.218 seconds
[2025-04-04T13:58:29.195+0000] {processor.py:186} INFO - Started process (PID=2696) to work on /home/airflow/.local/lib/python3.12/site-packages/airflow/example_dags/example_python_decorator.py
[2025-04-04T13:58:29.198+0000] {processor.py:914} INFO - Processing file /home/airflow/.local/lib/python3.12/site-packages/airflow/example_dags/example_python_decorator.py for tasks to queue
[2025-04-04T13:58:29.203+0000] {logging_mixin.py:190} INFO - [2025-04-04T13:58:29.202+0000] {dagbag.py:588} INFO - Filling up the DagBag from /home/airflow/.local/lib/python3.12/site-packages/airflow/example_dags/example_python_decorator.py
[2025-04-04T13:58:29.240+0000] {processor.py:925} INFO - DAG(s) 'example_python_decorator' retrieved from /home/airflow/.local/lib/python3.12/site-packages/airflow/example_dags/example_python_decorator.py
[2025-04-04T13:58:29.287+0000] {logging_mixin.py:190} INFO - [2025-04-04T13:58:29.287+0000] {dag.py:3239} INFO - Sync 1 DAGs
[2025-04-04T13:58:29.319+0000] {logging_mixin.py:190} INFO - [2025-04-04T13:58:29.319+0000] {dag.py:4180} INFO - Setting next_dagrun for example_python_decorator to None, run_after=None
[2025-04-04T13:58:29.408+0000] {processor.py:208} INFO - Processing /home/airflow/.local/lib/python3.12/site-packages/airflow/example_dags/example_python_decorator.py took 0.233 seconds
[2025-04-04T13:59:01.896+0000] {processor.py:186} INFO - Started process (PID=2759) to work on /home/airflow/.local/lib/python3.12/site-packages/airflow/example_dags/example_python_decorator.py
[2025-04-04T13:59:01.898+0000] {processor.py:914} INFO - Processing file /home/airflow/.local/lib/python3.12/site-packages/airflow/example_dags/example_python_decorator.py for tasks to queue
[2025-04-04T13:59:01.904+0000] {logging_mixin.py:190} INFO - [2025-04-04T13:59:01.903+0000] {dagbag.py:588} INFO - Filling up the DagBag from /home/airflow/.local/lib/python3.12/site-packages/airflow/example_dags/example_python_decorator.py
[2025-04-04T13:59:01.949+0000] {processor.py:925} INFO - DAG(s) 'example_python_decorator' retrieved from /home/airflow/.local/lib/python3.12/site-packages/airflow/example_dags/example_python_decorator.py
[2025-04-04T13:59:02.091+0000] {logging_mixin.py:190} INFO - [2025-04-04T13:59:02.090+0000] {dag.py:3239} INFO - Sync 1 DAGs
[2025-04-04T13:59:02.177+0000] {logging_mixin.py:190} INFO - [2025-04-04T13:59:02.177+0000] {dag.py:4180} INFO - Setting next_dagrun for example_python_decorator to None, run_after=None
[2025-04-04T13:59:02.216+0000] {processor.py:208} INFO - Processing /home/airflow/.local/lib/python3.12/site-packages/airflow/example_dags/example_python_decorator.py took 0.334 seconds
