[2025-04-04T13:36:46.583+0000] {processor.py:186} INFO - Started process (PID=104) to work on /home/airflow/.local/lib/python3.12/site-packages/airflow/example_dags/example_latest_only.py
[2025-04-04T13:36:46.585+0000] {processor.py:914} INFO - Processing file /home/airflow/.local/lib/python3.12/site-packages/airflow/example_dags/example_latest_only.py for tasks to queue
[2025-04-04T13:36:46.590+0000] {logging_mixin.py:190} INFO - [2025-04-04T13:36:46.589+0000] {dagbag.py:588} INFO - Filling up the DagBag from /home/airflow/.local/lib/python3.12/site-packages/airflow/example_dags/example_latest_only.py
[2025-04-04T13:36:46.608+0000] {processor.py:925} INFO - DAG(s) 'latest_only' retrieved from /home/airflow/.local/lib/python3.12/site-packages/airflow/example_dags/example_latest_only.py
[2025-04-04T13:36:46.895+0000] {logging_mixin.py:190} INFO - [2025-04-04T13:36:46.894+0000] {override.py:1912} INFO - Created Permission View: can edit on DAG:latest_only
[2025-04-04T13:36:46.923+0000] {logging_mixin.py:190} INFO - [2025-04-04T13:36:46.922+0000] {override.py:1912} INFO - Created Permission View: can delete on DAG:latest_only
[2025-04-04T13:36:46.940+0000] {logging_mixin.py:190} INFO - [2025-04-04T13:36:46.939+0000] {override.py:1912} INFO - Created Permission View: can read on DAG:latest_only
[2025-04-04T13:36:46.957+0000] {logging_mixin.py:190} INFO - [2025-04-04T13:36:46.956+0000] {override.py:1912} INFO - Created Permission View: can delete on DAG Run:latest_only
[2025-04-04T13:36:46.970+0000] {logging_mixin.py:190} INFO - [2025-04-04T13:36:46.969+0000] {override.py:1912} INFO - Created Permission View: can read on DAG Run:latest_only
[2025-04-04T13:36:46.989+0000] {logging_mixin.py:190} INFO - [2025-04-04T13:36:46.988+0000] {override.py:1912} INFO - Created Permission View: can create on DAG Run:latest_only
[2025-04-04T13:36:47.004+0000] {logging_mixin.py:190} INFO - [2025-04-04T13:36:47.003+0000] {override.py:1912} INFO - Created Permission View: menu access on DAG Run:latest_only
[2025-04-04T13:36:47.006+0000] {logging_mixin.py:190} INFO - [2025-04-04T13:36:47.005+0000] {dag.py:3239} INFO - Sync 1 DAGs
[2025-04-04T13:36:47.037+0000] {logging_mixin.py:190} INFO - [2025-04-04T13:36:47.036+0000] {dag.py:3262} INFO - Creating ORM DAG for latest_only
[2025-04-04T13:36:47.060+0000] {logging_mixin.py:190} INFO - [2025-04-04T13:36:47.059+0000] {dag.py:4180} INFO - Setting next_dagrun for latest_only to 2025-04-04 08:00:00+00:00, run_after=2025-04-04 12:00:00+00:00
[2025-04-04T13:36:47.097+0000] {processor.py:208} INFO - Processing /home/airflow/.local/lib/python3.12/site-packages/airflow/example_dags/example_latest_only.py took 0.526 seconds
[2025-04-04T13:37:17.390+0000] {processor.py:186} INFO - Started process (PID=166) to work on /home/airflow/.local/lib/python3.12/site-packages/airflow/example_dags/example_latest_only.py
[2025-04-04T13:37:17.392+0000] {processor.py:914} INFO - Processing file /home/airflow/.local/lib/python3.12/site-packages/airflow/example_dags/example_latest_only.py for tasks to queue
[2025-04-04T13:37:17.395+0000] {logging_mixin.py:190} INFO - [2025-04-04T13:37:17.394+0000] {dagbag.py:588} INFO - Filling up the DagBag from /home/airflow/.local/lib/python3.12/site-packages/airflow/example_dags/example_latest_only.py
[2025-04-04T13:37:17.407+0000] {processor.py:925} INFO - DAG(s) 'latest_only' retrieved from /home/airflow/.local/lib/python3.12/site-packages/airflow/example_dags/example_latest_only.py
[2025-04-04T13:37:17.437+0000] {logging_mixin.py:190} INFO - [2025-04-04T13:37:17.437+0000] {dag.py:3239} INFO - Sync 1 DAGs
[2025-04-04T13:37:17.480+0000] {logging_mixin.py:190} INFO - [2025-04-04T13:37:17.479+0000] {dag.py:4180} INFO - Setting next_dagrun for latest_only to 2025-04-04 08:00:00+00:00, run_after=2025-04-04 12:00:00+00:00
[2025-04-04T13:37:17.518+0000] {processor.py:208} INFO - Processing /home/airflow/.local/lib/python3.12/site-packages/airflow/example_dags/example_latest_only.py took 0.138 seconds
[2025-04-04T13:37:48.377+0000] {processor.py:186} INFO - Started process (PID=229) to work on /home/airflow/.local/lib/python3.12/site-packages/airflow/example_dags/example_latest_only.py
[2025-04-04T13:37:48.379+0000] {processor.py:914} INFO - Processing file /home/airflow/.local/lib/python3.12/site-packages/airflow/example_dags/example_latest_only.py for tasks to queue
[2025-04-04T13:37:48.383+0000] {logging_mixin.py:190} INFO - [2025-04-04T13:37:48.382+0000] {dagbag.py:588} INFO - Filling up the DagBag from /home/airflow/.local/lib/python3.12/site-packages/airflow/example_dags/example_latest_only.py
[2025-04-04T13:37:48.395+0000] {processor.py:925} INFO - DAG(s) 'latest_only' retrieved from /home/airflow/.local/lib/python3.12/site-packages/airflow/example_dags/example_latest_only.py
[2025-04-04T13:37:48.429+0000] {logging_mixin.py:190} INFO - [2025-04-04T13:37:48.429+0000] {dag.py:3239} INFO - Sync 1 DAGs
[2025-04-04T13:37:48.477+0000] {logging_mixin.py:190} INFO - [2025-04-04T13:37:48.477+0000] {dag.py:4180} INFO - Setting next_dagrun for latest_only to 2025-04-04 08:00:00+00:00, run_after=2025-04-04 12:00:00+00:00
[2025-04-04T13:37:48.515+0000] {processor.py:208} INFO - Processing /home/airflow/.local/lib/python3.12/site-packages/airflow/example_dags/example_latest_only.py took 0.148 seconds
[2025-04-04T13:38:24.855+0000] {processor.py:186} INFO - Started process (PID=298) to work on /home/airflow/.local/lib/python3.12/site-packages/airflow/example_dags/example_latest_only.py
[2025-04-04T13:38:24.857+0000] {processor.py:914} INFO - Processing file /home/airflow/.local/lib/python3.12/site-packages/airflow/example_dags/example_latest_only.py for tasks to queue
[2025-04-04T13:38:24.863+0000] {logging_mixin.py:190} INFO - [2025-04-04T13:38:24.862+0000] {dagbag.py:588} INFO - Filling up the DagBag from /home/airflow/.local/lib/python3.12/site-packages/airflow/example_dags/example_latest_only.py
[2025-04-04T13:38:24.881+0000] {processor.py:925} INFO - DAG(s) 'latest_only' retrieved from /home/airflow/.local/lib/python3.12/site-packages/airflow/example_dags/example_latest_only.py
[2025-04-04T13:38:24.929+0000] {logging_mixin.py:190} INFO - [2025-04-04T13:38:24.929+0000] {dag.py:3239} INFO - Sync 1 DAGs
[2025-04-04T13:38:24.977+0000] {logging_mixin.py:190} INFO - [2025-04-04T13:38:24.976+0000] {dag.py:4180} INFO - Setting next_dagrun for latest_only to 2025-04-04 08:00:00+00:00, run_after=2025-04-04 12:00:00+00:00
[2025-04-04T13:38:25.014+0000] {processor.py:208} INFO - Processing /home/airflow/.local/lib/python3.12/site-packages/airflow/example_dags/example_latest_only.py took 0.174 seconds
[2025-04-04T13:38:55.339+0000] {processor.py:186} INFO - Started process (PID=360) to work on /home/airflow/.local/lib/python3.12/site-packages/airflow/example_dags/example_latest_only.py
[2025-04-04T13:38:55.341+0000] {processor.py:914} INFO - Processing file /home/airflow/.local/lib/python3.12/site-packages/airflow/example_dags/example_latest_only.py for tasks to queue
[2025-04-04T13:38:55.348+0000] {logging_mixin.py:190} INFO - [2025-04-04T13:38:55.348+0000] {dagbag.py:588} INFO - Filling up the DagBag from /home/airflow/.local/lib/python3.12/site-packages/airflow/example_dags/example_latest_only.py
[2025-04-04T13:38:55.371+0000] {processor.py:925} INFO - DAG(s) 'latest_only' retrieved from /home/airflow/.local/lib/python3.12/site-packages/airflow/example_dags/example_latest_only.py
[2025-04-04T13:38:55.420+0000] {logging_mixin.py:190} INFO - [2025-04-04T13:38:55.419+0000] {dag.py:3239} INFO - Sync 1 DAGs
[2025-04-04T13:38:55.496+0000] {logging_mixin.py:190} INFO - [2025-04-04T13:38:55.496+0000] {dag.py:4180} INFO - Setting next_dagrun for latest_only to 2025-04-04 08:00:00+00:00, run_after=2025-04-04 12:00:00+00:00
[2025-04-04T13:38:55.544+0000] {processor.py:208} INFO - Processing /home/airflow/.local/lib/python3.12/site-packages/airflow/example_dags/example_latest_only.py took 0.222 seconds
[2025-04-04T13:39:28.312+0000] {processor.py:186} INFO - Started process (PID=423) to work on /home/airflow/.local/lib/python3.12/site-packages/airflow/example_dags/example_latest_only.py
[2025-04-04T13:39:28.314+0000] {processor.py:914} INFO - Processing file /home/airflow/.local/lib/python3.12/site-packages/airflow/example_dags/example_latest_only.py for tasks to queue
[2025-04-04T13:39:28.320+0000] {logging_mixin.py:190} INFO - [2025-04-04T13:39:28.319+0000] {dagbag.py:588} INFO - Filling up the DagBag from /home/airflow/.local/lib/python3.12/site-packages/airflow/example_dags/example_latest_only.py
[2025-04-04T13:39:28.336+0000] {processor.py:925} INFO - DAG(s) 'latest_only' retrieved from /home/airflow/.local/lib/python3.12/site-packages/airflow/example_dags/example_latest_only.py
[2025-04-04T13:39:28.382+0000] {logging_mixin.py:190} INFO - [2025-04-04T13:39:28.380+0000] {dag.py:3239} INFO - Sync 1 DAGs
[2025-04-04T13:39:28.460+0000] {logging_mixin.py:190} INFO - [2025-04-04T13:39:28.460+0000] {dag.py:4180} INFO - Setting next_dagrun for latest_only to 2025-04-04 08:00:00+00:00, run_after=2025-04-04 12:00:00+00:00
[2025-04-04T13:39:28.548+0000] {processor.py:208} INFO - Processing /home/airflow/.local/lib/python3.12/site-packages/airflow/example_dags/example_latest_only.py took 0.250 seconds
[2025-04-04T13:39:59.490+0000] {processor.py:186} INFO - Started process (PID=487) to work on /home/airflow/.local/lib/python3.12/site-packages/airflow/example_dags/example_latest_only.py
[2025-04-04T13:39:59.494+0000] {processor.py:914} INFO - Processing file /home/airflow/.local/lib/python3.12/site-packages/airflow/example_dags/example_latest_only.py for tasks to queue
[2025-04-04T13:39:59.503+0000] {logging_mixin.py:190} INFO - [2025-04-04T13:39:59.502+0000] {dagbag.py:588} INFO - Filling up the DagBag from /home/airflow/.local/lib/python3.12/site-packages/airflow/example_dags/example_latest_only.py
[2025-04-04T13:39:59.533+0000] {processor.py:925} INFO - DAG(s) 'latest_only' retrieved from /home/airflow/.local/lib/python3.12/site-packages/airflow/example_dags/example_latest_only.py
[2025-04-04T13:39:59.640+0000] {logging_mixin.py:190} INFO - [2025-04-04T13:39:59.633+0000] {dag.py:3239} INFO - Sync 1 DAGs
[2025-04-04T13:39:59.800+0000] {logging_mixin.py:190} INFO - [2025-04-04T13:39:59.799+0000] {dag.py:4180} INFO - Setting next_dagrun for latest_only to 2025-04-04 08:00:00+00:00, run_after=2025-04-04 12:00:00+00:00
[2025-04-04T13:39:59.966+0000] {processor.py:208} INFO - Processing /home/airflow/.local/lib/python3.12/site-packages/airflow/example_dags/example_latest_only.py took 0.509 seconds
[2025-04-04T13:40:31.518+0000] {processor.py:186} INFO - Started process (PID=550) to work on /home/airflow/.local/lib/python3.12/site-packages/airflow/example_dags/example_latest_only.py
[2025-04-04T13:40:31.520+0000] {processor.py:914} INFO - Processing file /home/airflow/.local/lib/python3.12/site-packages/airflow/example_dags/example_latest_only.py for tasks to queue
[2025-04-04T13:40:31.527+0000] {logging_mixin.py:190} INFO - [2025-04-04T13:40:31.526+0000] {dagbag.py:588} INFO - Filling up the DagBag from /home/airflow/.local/lib/python3.12/site-packages/airflow/example_dags/example_latest_only.py
[2025-04-04T13:40:31.548+0000] {processor.py:925} INFO - DAG(s) 'latest_only' retrieved from /home/airflow/.local/lib/python3.12/site-packages/airflow/example_dags/example_latest_only.py
[2025-04-04T13:40:31.618+0000] {logging_mixin.py:190} INFO - [2025-04-04T13:40:31.618+0000] {dag.py:3239} INFO - Sync 1 DAGs
[2025-04-04T13:40:31.700+0000] {logging_mixin.py:190} INFO - [2025-04-04T13:40:31.700+0000] {dag.py:4180} INFO - Setting next_dagrun for latest_only to 2025-04-04 08:00:00+00:00, run_after=2025-04-04 12:00:00+00:00
[2025-04-04T13:40:31.801+0000] {processor.py:208} INFO - Processing /home/airflow/.local/lib/python3.12/site-packages/airflow/example_dags/example_latest_only.py took 0.298 seconds
[2025-04-04T13:41:03.579+0000] {processor.py:186} INFO - Started process (PID=613) to work on /home/airflow/.local/lib/python3.12/site-packages/airflow/example_dags/example_latest_only.py
[2025-04-04T13:41:03.580+0000] {processor.py:914} INFO - Processing file /home/airflow/.local/lib/python3.12/site-packages/airflow/example_dags/example_latest_only.py for tasks to queue
[2025-04-04T13:41:03.585+0000] {logging_mixin.py:190} INFO - [2025-04-04T13:41:03.584+0000] {dagbag.py:588} INFO - Filling up the DagBag from /home/airflow/.local/lib/python3.12/site-packages/airflow/example_dags/example_latest_only.py
[2025-04-04T13:41:03.596+0000] {processor.py:925} INFO - DAG(s) 'latest_only' retrieved from /home/airflow/.local/lib/python3.12/site-packages/airflow/example_dags/example_latest_only.py
[2025-04-04T13:41:03.632+0000] {logging_mixin.py:190} INFO - [2025-04-04T13:41:03.631+0000] {dag.py:3239} INFO - Sync 1 DAGs
[2025-04-04T13:41:03.684+0000] {logging_mixin.py:190} INFO - [2025-04-04T13:41:03.683+0000] {dag.py:4180} INFO - Setting next_dagrun for latest_only to 2025-04-04 08:00:00+00:00, run_after=2025-04-04 12:00:00+00:00
[2025-04-04T13:41:03.731+0000] {processor.py:208} INFO - Processing /home/airflow/.local/lib/python3.12/site-packages/airflow/example_dags/example_latest_only.py took 0.162 seconds
[2025-04-04T13:41:36.016+0000] {processor.py:186} INFO - Started process (PID=676) to work on /home/airflow/.local/lib/python3.12/site-packages/airflow/example_dags/example_latest_only.py
[2025-04-04T13:41:36.018+0000] {processor.py:914} INFO - Processing file /home/airflow/.local/lib/python3.12/site-packages/airflow/example_dags/example_latest_only.py for tasks to queue
[2025-04-04T13:41:36.023+0000] {logging_mixin.py:190} INFO - [2025-04-04T13:41:36.022+0000] {dagbag.py:588} INFO - Filling up the DagBag from /home/airflow/.local/lib/python3.12/site-packages/airflow/example_dags/example_latest_only.py
[2025-04-04T13:41:36.034+0000] {processor.py:925} INFO - DAG(s) 'latest_only' retrieved from /home/airflow/.local/lib/python3.12/site-packages/airflow/example_dags/example_latest_only.py
[2025-04-04T13:41:36.076+0000] {logging_mixin.py:190} INFO - [2025-04-04T13:41:36.076+0000] {dag.py:3239} INFO - Sync 1 DAGs
[2025-04-04T13:41:36.132+0000] {logging_mixin.py:190} INFO - [2025-04-04T13:41:36.131+0000] {dag.py:4180} INFO - Setting next_dagrun for latest_only to 2025-04-04 08:00:00+00:00, run_after=2025-04-04 12:00:00+00:00
[2025-04-04T13:41:36.170+0000] {processor.py:208} INFO - Processing /home/airflow/.local/lib/python3.12/site-packages/airflow/example_dags/example_latest_only.py took 0.166 seconds
[2025-04-04T13:42:07.712+0000] {processor.py:186} INFO - Started process (PID=738) to work on /home/airflow/.local/lib/python3.12/site-packages/airflow/example_dags/example_latest_only.py
[2025-04-04T13:42:07.714+0000] {processor.py:914} INFO - Processing file /home/airflow/.local/lib/python3.12/site-packages/airflow/example_dags/example_latest_only.py for tasks to queue
[2025-04-04T13:42:07.720+0000] {logging_mixin.py:190} INFO - [2025-04-04T13:42:07.719+0000] {dagbag.py:588} INFO - Filling up the DagBag from /home/airflow/.local/lib/python3.12/site-packages/airflow/example_dags/example_latest_only.py
[2025-04-04T13:42:07.739+0000] {processor.py:925} INFO - DAG(s) 'latest_only' retrieved from /home/airflow/.local/lib/python3.12/site-packages/airflow/example_dags/example_latest_only.py
[2025-04-04T13:42:07.789+0000] {logging_mixin.py:190} INFO - [2025-04-04T13:42:07.788+0000] {dag.py:3239} INFO - Sync 1 DAGs
[2025-04-04T13:42:07.854+0000] {logging_mixin.py:190} INFO - [2025-04-04T13:42:07.854+0000] {dag.py:4180} INFO - Setting next_dagrun for latest_only to 2025-04-04 08:00:00+00:00, run_after=2025-04-04 12:00:00+00:00
[2025-04-04T13:42:07.906+0000] {processor.py:208} INFO - Processing /home/airflow/.local/lib/python3.12/site-packages/airflow/example_dags/example_latest_only.py took 0.208 seconds
[2025-04-04T13:42:40.364+0000] {processor.py:186} INFO - Started process (PID=801) to work on /home/airflow/.local/lib/python3.12/site-packages/airflow/example_dags/example_latest_only.py
[2025-04-04T13:42:40.369+0000] {processor.py:914} INFO - Processing file /home/airflow/.local/lib/python3.12/site-packages/airflow/example_dags/example_latest_only.py for tasks to queue
[2025-04-04T13:42:40.379+0000] {logging_mixin.py:190} INFO - [2025-04-04T13:42:40.376+0000] {dagbag.py:588} INFO - Filling up the DagBag from /home/airflow/.local/lib/python3.12/site-packages/airflow/example_dags/example_latest_only.py
[2025-04-04T13:42:40.404+0000] {processor.py:925} INFO - DAG(s) 'latest_only' retrieved from /home/airflow/.local/lib/python3.12/site-packages/airflow/example_dags/example_latest_only.py
[2025-04-04T13:42:40.474+0000] {logging_mixin.py:190} INFO - [2025-04-04T13:42:40.473+0000] {dag.py:3239} INFO - Sync 1 DAGs
[2025-04-04T13:42:40.543+0000] {logging_mixin.py:190} INFO - [2025-04-04T13:42:40.543+0000] {dag.py:4180} INFO - Setting next_dagrun for latest_only to 2025-04-04 08:00:00+00:00, run_after=2025-04-04 12:00:00+00:00
[2025-04-04T13:42:40.597+0000] {processor.py:208} INFO - Processing /home/airflow/.local/lib/python3.12/site-packages/airflow/example_dags/example_latest_only.py took 0.258 seconds
[2025-04-04T13:43:11.760+0000] {processor.py:186} INFO - Started process (PID=864) to work on /home/airflow/.local/lib/python3.12/site-packages/airflow/example_dags/example_latest_only.py
[2025-04-04T13:43:11.762+0000] {processor.py:914} INFO - Processing file /home/airflow/.local/lib/python3.12/site-packages/airflow/example_dags/example_latest_only.py for tasks to queue
[2025-04-04T13:43:11.766+0000] {logging_mixin.py:190} INFO - [2025-04-04T13:43:11.765+0000] {dagbag.py:588} INFO - Filling up the DagBag from /home/airflow/.local/lib/python3.12/site-packages/airflow/example_dags/example_latest_only.py
[2025-04-04T13:43:11.778+0000] {processor.py:925} INFO - DAG(s) 'latest_only' retrieved from /home/airflow/.local/lib/python3.12/site-packages/airflow/example_dags/example_latest_only.py
[2025-04-04T13:43:11.819+0000] {logging_mixin.py:190} INFO - [2025-04-04T13:43:11.818+0000] {dag.py:3239} INFO - Sync 1 DAGs
[2025-04-04T13:43:11.869+0000] {logging_mixin.py:190} INFO - [2025-04-04T13:43:11.868+0000] {dag.py:4180} INFO - Setting next_dagrun for latest_only to 2025-04-04 08:00:00+00:00, run_after=2025-04-04 12:00:00+00:00
[2025-04-04T13:43:11.907+0000] {processor.py:208} INFO - Processing /home/airflow/.local/lib/python3.12/site-packages/airflow/example_dags/example_latest_only.py took 0.156 seconds
[2025-04-04T13:43:43.650+0000] {processor.py:186} INFO - Started process (PID=928) to work on /home/airflow/.local/lib/python3.12/site-packages/airflow/example_dags/example_latest_only.py
[2025-04-04T13:43:43.652+0000] {processor.py:914} INFO - Processing file /home/airflow/.local/lib/python3.12/site-packages/airflow/example_dags/example_latest_only.py for tasks to queue
[2025-04-04T13:43:43.656+0000] {logging_mixin.py:190} INFO - [2025-04-04T13:43:43.655+0000] {dagbag.py:588} INFO - Filling up the DagBag from /home/airflow/.local/lib/python3.12/site-packages/airflow/example_dags/example_latest_only.py
[2025-04-04T13:43:43.670+0000] {processor.py:925} INFO - DAG(s) 'latest_only' retrieved from /home/airflow/.local/lib/python3.12/site-packages/airflow/example_dags/example_latest_only.py
[2025-04-04T13:43:43.716+0000] {logging_mixin.py:190} INFO - [2025-04-04T13:43:43.716+0000] {dag.py:3239} INFO - Sync 1 DAGs
[2025-04-04T13:43:43.777+0000] {logging_mixin.py:190} INFO - [2025-04-04T13:43:43.776+0000] {dag.py:4180} INFO - Setting next_dagrun for latest_only to 2025-04-04 08:00:00+00:00, run_after=2025-04-04 12:00:00+00:00
[2025-04-04T13:43:43.816+0000] {processor.py:208} INFO - Processing /home/airflow/.local/lib/python3.12/site-packages/airflow/example_dags/example_latest_only.py took 0.177 seconds
[2025-04-04T13:44:15.949+0000] {processor.py:186} INFO - Started process (PID=993) to work on /home/airflow/.local/lib/python3.12/site-packages/airflow/example_dags/example_latest_only.py
[2025-04-04T13:44:15.951+0000] {processor.py:914} INFO - Processing file /home/airflow/.local/lib/python3.12/site-packages/airflow/example_dags/example_latest_only.py for tasks to queue
[2025-04-04T13:44:15.957+0000] {logging_mixin.py:190} INFO - [2025-04-04T13:44:15.956+0000] {dagbag.py:588} INFO - Filling up the DagBag from /home/airflow/.local/lib/python3.12/site-packages/airflow/example_dags/example_latest_only.py
[2025-04-04T13:44:15.980+0000] {processor.py:925} INFO - DAG(s) 'latest_only' retrieved from /home/airflow/.local/lib/python3.12/site-packages/airflow/example_dags/example_latest_only.py
[2025-04-04T13:44:16.022+0000] {logging_mixin.py:190} INFO - [2025-04-04T13:44:16.022+0000] {dag.py:3239} INFO - Sync 1 DAGs
[2025-04-04T13:44:16.083+0000] {logging_mixin.py:190} INFO - [2025-04-04T13:44:16.083+0000] {dag.py:4180} INFO - Setting next_dagrun for latest_only to 2025-04-04 08:00:00+00:00, run_after=2025-04-04 12:00:00+00:00
[2025-04-04T13:44:16.126+0000] {processor.py:208} INFO - Processing /home/airflow/.local/lib/python3.12/site-packages/airflow/example_dags/example_latest_only.py took 0.193 seconds
[2025-04-04T13:44:47.463+0000] {processor.py:186} INFO - Started process (PID=1055) to work on /home/airflow/.local/lib/python3.12/site-packages/airflow/example_dags/example_latest_only.py
[2025-04-04T13:44:47.464+0000] {processor.py:914} INFO - Processing file /home/airflow/.local/lib/python3.12/site-packages/airflow/example_dags/example_latest_only.py for tasks to queue
[2025-04-04T13:44:47.468+0000] {logging_mixin.py:190} INFO - [2025-04-04T13:44:47.468+0000] {dagbag.py:588} INFO - Filling up the DagBag from /home/airflow/.local/lib/python3.12/site-packages/airflow/example_dags/example_latest_only.py
[2025-04-04T13:44:47.482+0000] {processor.py:925} INFO - DAG(s) 'latest_only' retrieved from /home/airflow/.local/lib/python3.12/site-packages/airflow/example_dags/example_latest_only.py
[2025-04-04T13:44:47.528+0000] {logging_mixin.py:190} INFO - [2025-04-04T13:44:47.527+0000] {dag.py:3239} INFO - Sync 1 DAGs
[2025-04-04T13:44:47.600+0000] {logging_mixin.py:190} INFO - [2025-04-04T13:44:47.599+0000] {dag.py:4180} INFO - Setting next_dagrun for latest_only to 2025-04-04 08:00:00+00:00, run_after=2025-04-04 12:00:00+00:00
[2025-04-04T13:44:47.656+0000] {processor.py:208} INFO - Processing /home/airflow/.local/lib/python3.12/site-packages/airflow/example_dags/example_latest_only.py took 0.206 seconds
[2025-04-04T13:45:20.899+0000] {processor.py:186} INFO - Started process (PID=1122) to work on /home/airflow/.local/lib/python3.12/site-packages/airflow/example_dags/example_latest_only.py
[2025-04-04T13:45:20.901+0000] {processor.py:914} INFO - Processing file /home/airflow/.local/lib/python3.12/site-packages/airflow/example_dags/example_latest_only.py for tasks to queue
[2025-04-04T13:45:20.908+0000] {logging_mixin.py:190} INFO - [2025-04-04T13:45:20.907+0000] {dagbag.py:588} INFO - Filling up the DagBag from /home/airflow/.local/lib/python3.12/site-packages/airflow/example_dags/example_latest_only.py
[2025-04-04T13:45:20.946+0000] {processor.py:925} INFO - DAG(s) 'latest_only' retrieved from /home/airflow/.local/lib/python3.12/site-packages/airflow/example_dags/example_latest_only.py
[2025-04-04T13:45:21.021+0000] {logging_mixin.py:190} INFO - [2025-04-04T13:45:21.018+0000] {dag.py:3239} INFO - Sync 1 DAGs
[2025-04-04T13:45:21.132+0000] {logging_mixin.py:190} INFO - [2025-04-04T13:45:21.130+0000] {dag.py:4180} INFO - Setting next_dagrun for latest_only to 2025-04-04 08:00:00+00:00, run_after=2025-04-04 12:00:00+00:00
[2025-04-04T13:45:21.230+0000] {processor.py:208} INFO - Processing /home/airflow/.local/lib/python3.12/site-packages/airflow/example_dags/example_latest_only.py took 0.351 seconds
[2025-04-04T13:45:53.326+0000] {processor.py:186} INFO - Started process (PID=1186) to work on /home/airflow/.local/lib/python3.12/site-packages/airflow/example_dags/example_latest_only.py
[2025-04-04T13:45:53.328+0000] {processor.py:914} INFO - Processing file /home/airflow/.local/lib/python3.12/site-packages/airflow/example_dags/example_latest_only.py for tasks to queue
[2025-04-04T13:45:53.334+0000] {logging_mixin.py:190} INFO - [2025-04-04T13:45:53.334+0000] {dagbag.py:588} INFO - Filling up the DagBag from /home/airflow/.local/lib/python3.12/site-packages/airflow/example_dags/example_latest_only.py
[2025-04-04T13:45:53.352+0000] {processor.py:925} INFO - DAG(s) 'latest_only' retrieved from /home/airflow/.local/lib/python3.12/site-packages/airflow/example_dags/example_latest_only.py
[2025-04-04T13:45:53.403+0000] {logging_mixin.py:190} INFO - [2025-04-04T13:45:53.403+0000] {dag.py:3239} INFO - Sync 1 DAGs
[2025-04-04T13:45:53.468+0000] {logging_mixin.py:190} INFO - [2025-04-04T13:45:53.467+0000] {dag.py:4180} INFO - Setting next_dagrun for latest_only to 2025-04-04 08:00:00+00:00, run_after=2025-04-04 12:00:00+00:00
[2025-04-04T13:45:53.515+0000] {processor.py:208} INFO - Processing /home/airflow/.local/lib/python3.12/site-packages/airflow/example_dags/example_latest_only.py took 0.202 seconds
[2025-04-04T13:46:33.254+0000] {processor.py:186} INFO - Started process (PID=1255) to work on /home/airflow/.local/lib/python3.12/site-packages/airflow/example_dags/example_latest_only.py
[2025-04-04T13:46:33.304+0000] {processor.py:914} INFO - Processing file /home/airflow/.local/lib/python3.12/site-packages/airflow/example_dags/example_latest_only.py for tasks to queue
[2025-04-04T13:46:33.312+0000] {logging_mixin.py:190} INFO - [2025-04-04T13:46:33.311+0000] {dagbag.py:588} INFO - Filling up the DagBag from /home/airflow/.local/lib/python3.12/site-packages/airflow/example_dags/example_latest_only.py
[2025-04-04T13:46:33.374+0000] {processor.py:925} INFO - DAG(s) 'latest_only' retrieved from /home/airflow/.local/lib/python3.12/site-packages/airflow/example_dags/example_latest_only.py
[2025-04-04T13:46:33.572+0000] {logging_mixin.py:190} INFO - [2025-04-04T13:46:33.571+0000] {dag.py:3239} INFO - Sync 1 DAGs
[2025-04-04T13:46:33.811+0000] {logging_mixin.py:190} INFO - [2025-04-04T13:46:33.810+0000] {dag.py:4180} INFO - Setting next_dagrun for latest_only to 2025-04-04 08:00:00+00:00, run_after=2025-04-04 12:00:00+00:00
[2025-04-04T13:46:33.990+0000] {processor.py:208} INFO - Processing /home/airflow/.local/lib/python3.12/site-packages/airflow/example_dags/example_latest_only.py took 0.792 seconds
[2025-04-04T13:47:04.464+0000] {processor.py:186} INFO - Started process (PID=1318) to work on /home/airflow/.local/lib/python3.12/site-packages/airflow/example_dags/example_latest_only.py
[2025-04-04T13:47:04.465+0000] {processor.py:914} INFO - Processing file /home/airflow/.local/lib/python3.12/site-packages/airflow/example_dags/example_latest_only.py for tasks to queue
[2025-04-04T13:47:04.473+0000] {logging_mixin.py:190} INFO - [2025-04-04T13:47:04.471+0000] {dagbag.py:588} INFO - Filling up the DagBag from /home/airflow/.local/lib/python3.12/site-packages/airflow/example_dags/example_latest_only.py
[2025-04-04T13:47:04.496+0000] {processor.py:925} INFO - DAG(s) 'latest_only' retrieved from /home/airflow/.local/lib/python3.12/site-packages/airflow/example_dags/example_latest_only.py
[2025-04-04T13:47:04.568+0000] {logging_mixin.py:190} INFO - [2025-04-04T13:47:04.567+0000] {dag.py:3239} INFO - Sync 1 DAGs
[2025-04-04T13:47:04.684+0000] {logging_mixin.py:190} INFO - [2025-04-04T13:47:04.684+0000] {dag.py:4180} INFO - Setting next_dagrun for latest_only to 2025-04-04 08:00:00+00:00, run_after=2025-04-04 12:00:00+00:00
[2025-04-04T13:47:04.819+0000] {processor.py:208} INFO - Processing /home/airflow/.local/lib/python3.12/site-packages/airflow/example_dags/example_latest_only.py took 0.370 seconds
[2025-04-04T13:47:35.120+0000] {processor.py:186} INFO - Started process (PID=1381) to work on /home/airflow/.local/lib/python3.12/site-packages/airflow/example_dags/example_latest_only.py
[2025-04-04T13:47:35.122+0000] {processor.py:914} INFO - Processing file /home/airflow/.local/lib/python3.12/site-packages/airflow/example_dags/example_latest_only.py for tasks to queue
[2025-04-04T13:47:35.127+0000] {logging_mixin.py:190} INFO - [2025-04-04T13:47:35.126+0000] {dagbag.py:588} INFO - Filling up the DagBag from /home/airflow/.local/lib/python3.12/site-packages/airflow/example_dags/example_latest_only.py
[2025-04-04T13:47:35.159+0000] {processor.py:925} INFO - DAG(s) 'latest_only' retrieved from /home/airflow/.local/lib/python3.12/site-packages/airflow/example_dags/example_latest_only.py
[2025-04-04T13:47:35.225+0000] {logging_mixin.py:190} INFO - [2025-04-04T13:47:35.224+0000] {dag.py:3239} INFO - Sync 1 DAGs
[2025-04-04T13:47:35.298+0000] {logging_mixin.py:190} INFO - [2025-04-04T13:47:35.297+0000] {dag.py:4180} INFO - Setting next_dagrun for latest_only to 2025-04-04 08:00:00+00:00, run_after=2025-04-04 12:00:00+00:00
[2025-04-04T13:47:35.337+0000] {processor.py:208} INFO - Processing /home/airflow/.local/lib/python3.12/site-packages/airflow/example_dags/example_latest_only.py took 0.233 seconds
[2025-04-04T13:48:06.331+0000] {processor.py:186} INFO - Started process (PID=1445) to work on /home/airflow/.local/lib/python3.12/site-packages/airflow/example_dags/example_latest_only.py
[2025-04-04T13:48:06.334+0000] {processor.py:914} INFO - Processing file /home/airflow/.local/lib/python3.12/site-packages/airflow/example_dags/example_latest_only.py for tasks to queue
[2025-04-04T13:48:06.338+0000] {logging_mixin.py:190} INFO - [2025-04-04T13:48:06.338+0000] {dagbag.py:588} INFO - Filling up the DagBag from /home/airflow/.local/lib/python3.12/site-packages/airflow/example_dags/example_latest_only.py
[2025-04-04T13:48:06.354+0000] {processor.py:925} INFO - DAG(s) 'latest_only' retrieved from /home/airflow/.local/lib/python3.12/site-packages/airflow/example_dags/example_latest_only.py
[2025-04-04T13:48:06.401+0000] {logging_mixin.py:190} INFO - [2025-04-04T13:48:06.401+0000] {dag.py:3239} INFO - Sync 1 DAGs
[2025-04-04T13:48:06.485+0000] {logging_mixin.py:190} INFO - [2025-04-04T13:48:06.484+0000] {dag.py:4180} INFO - Setting next_dagrun for latest_only to 2025-04-04 08:00:00+00:00, run_after=2025-04-04 12:00:00+00:00
[2025-04-04T13:48:06.560+0000] {processor.py:208} INFO - Processing /home/airflow/.local/lib/python3.12/site-packages/airflow/example_dags/example_latest_only.py took 0.243 seconds
[2025-04-04T13:48:40.372+0000] {processor.py:186} INFO - Started process (PID=1508) to work on /home/airflow/.local/lib/python3.12/site-packages/airflow/example_dags/example_latest_only.py
[2025-04-04T13:48:40.374+0000] {processor.py:914} INFO - Processing file /home/airflow/.local/lib/python3.12/site-packages/airflow/example_dags/example_latest_only.py for tasks to queue
[2025-04-04T13:48:40.399+0000] {logging_mixin.py:190} INFO - [2025-04-04T13:48:40.393+0000] {dagbag.py:588} INFO - Filling up the DagBag from /home/airflow/.local/lib/python3.12/site-packages/airflow/example_dags/example_latest_only.py
[2025-04-04T13:48:40.438+0000] {processor.py:925} INFO - DAG(s) 'latest_only' retrieved from /home/airflow/.local/lib/python3.12/site-packages/airflow/example_dags/example_latest_only.py
[2025-04-04T13:48:40.580+0000] {logging_mixin.py:190} INFO - [2025-04-04T13:48:40.580+0000] {dag.py:3239} INFO - Sync 1 DAGs
[2025-04-04T13:48:40.676+0000] {logging_mixin.py:190} INFO - [2025-04-04T13:48:40.676+0000] {dag.py:4180} INFO - Setting next_dagrun for latest_only to 2025-04-04 08:00:00+00:00, run_after=2025-04-04 12:00:00+00:00
[2025-04-04T13:48:40.729+0000] {processor.py:208} INFO - Processing /home/airflow/.local/lib/python3.12/site-packages/airflow/example_dags/example_latest_only.py took 0.386 seconds
[2025-04-04T13:49:10.845+0000] {processor.py:186} INFO - Started process (PID=1570) to work on /home/airflow/.local/lib/python3.12/site-packages/airflow/example_dags/example_latest_only.py
[2025-04-04T13:49:10.847+0000] {processor.py:914} INFO - Processing file /home/airflow/.local/lib/python3.12/site-packages/airflow/example_dags/example_latest_only.py for tasks to queue
[2025-04-04T13:49:10.852+0000] {logging_mixin.py:190} INFO - [2025-04-04T13:49:10.852+0000] {dagbag.py:588} INFO - Filling up the DagBag from /home/airflow/.local/lib/python3.12/site-packages/airflow/example_dags/example_latest_only.py
[2025-04-04T13:49:10.867+0000] {processor.py:925} INFO - DAG(s) 'latest_only' retrieved from /home/airflow/.local/lib/python3.12/site-packages/airflow/example_dags/example_latest_only.py
[2025-04-04T13:49:10.903+0000] {logging_mixin.py:190} INFO - [2025-04-04T13:49:10.903+0000] {dag.py:3239} INFO - Sync 1 DAGs
[2025-04-04T13:49:10.951+0000] {logging_mixin.py:190} INFO - [2025-04-04T13:49:10.951+0000] {dag.py:4180} INFO - Setting next_dagrun for latest_only to 2025-04-04 08:00:00+00:00, run_after=2025-04-04 12:00:00+00:00
[2025-04-04T13:49:11.011+0000] {processor.py:208} INFO - Processing /home/airflow/.local/lib/python3.12/site-packages/airflow/example_dags/example_latest_only.py took 0.182 seconds
[2025-04-04T13:49:41.797+0000] {processor.py:186} INFO - Started process (PID=1632) to work on /home/airflow/.local/lib/python3.12/site-packages/airflow/example_dags/example_latest_only.py
[2025-04-04T13:49:41.799+0000] {processor.py:914} INFO - Processing file /home/airflow/.local/lib/python3.12/site-packages/airflow/example_dags/example_latest_only.py for tasks to queue
[2025-04-04T13:49:41.804+0000] {logging_mixin.py:190} INFO - [2025-04-04T13:49:41.804+0000] {dagbag.py:588} INFO - Filling up the DagBag from /home/airflow/.local/lib/python3.12/site-packages/airflow/example_dags/example_latest_only.py
[2025-04-04T13:49:41.821+0000] {processor.py:925} INFO - DAG(s) 'latest_only' retrieved from /home/airflow/.local/lib/python3.12/site-packages/airflow/example_dags/example_latest_only.py
[2025-04-04T13:49:41.865+0000] {logging_mixin.py:190} INFO - [2025-04-04T13:49:41.864+0000] {dag.py:3239} INFO - Sync 1 DAGs
[2025-04-04T13:49:41.935+0000] {logging_mixin.py:190} INFO - [2025-04-04T13:49:41.935+0000] {dag.py:4180} INFO - Setting next_dagrun for latest_only to 2025-04-04 08:00:00+00:00, run_after=2025-04-04 12:00:00+00:00
[2025-04-04T13:49:41.976+0000] {processor.py:208} INFO - Processing /home/airflow/.local/lib/python3.12/site-packages/airflow/example_dags/example_latest_only.py took 0.194 seconds
[2025-04-04T13:50:12.993+0000] {processor.py:186} INFO - Started process (PID=1694) to work on /home/airflow/.local/lib/python3.12/site-packages/airflow/example_dags/example_latest_only.py
[2025-04-04T13:50:12.995+0000] {processor.py:914} INFO - Processing file /home/airflow/.local/lib/python3.12/site-packages/airflow/example_dags/example_latest_only.py for tasks to queue
[2025-04-04T13:50:13.003+0000] {logging_mixin.py:190} INFO - [2025-04-04T13:50:13.002+0000] {dagbag.py:588} INFO - Filling up the DagBag from /home/airflow/.local/lib/python3.12/site-packages/airflow/example_dags/example_latest_only.py
[2025-04-04T13:50:13.018+0000] {processor.py:925} INFO - DAG(s) 'latest_only' retrieved from /home/airflow/.local/lib/python3.12/site-packages/airflow/example_dags/example_latest_only.py
[2025-04-04T13:50:13.070+0000] {logging_mixin.py:190} INFO - [2025-04-04T13:50:13.069+0000] {dag.py:3239} INFO - Sync 1 DAGs
[2025-04-04T13:50:13.140+0000] {logging_mixin.py:190} INFO - [2025-04-04T13:50:13.140+0000] {dag.py:4180} INFO - Setting next_dagrun for latest_only to 2025-04-04 08:00:00+00:00, run_after=2025-04-04 12:00:00+00:00
[2025-04-04T13:50:13.195+0000] {processor.py:208} INFO - Processing /home/airflow/.local/lib/python3.12/site-packages/airflow/example_dags/example_latest_only.py took 0.224 seconds
[2025-04-04T13:50:43.527+0000] {processor.py:186} INFO - Started process (PID=1756) to work on /home/airflow/.local/lib/python3.12/site-packages/airflow/example_dags/example_latest_only.py
[2025-04-04T13:50:43.529+0000] {processor.py:914} INFO - Processing file /home/airflow/.local/lib/python3.12/site-packages/airflow/example_dags/example_latest_only.py for tasks to queue
[2025-04-04T13:50:43.535+0000] {logging_mixin.py:190} INFO - [2025-04-04T13:50:43.534+0000] {dagbag.py:588} INFO - Filling up the DagBag from /home/airflow/.local/lib/python3.12/site-packages/airflow/example_dags/example_latest_only.py
[2025-04-04T13:50:43.556+0000] {processor.py:925} INFO - DAG(s) 'latest_only' retrieved from /home/airflow/.local/lib/python3.12/site-packages/airflow/example_dags/example_latest_only.py
[2025-04-04T13:50:43.617+0000] {logging_mixin.py:190} INFO - [2025-04-04T13:50:43.617+0000] {dag.py:3239} INFO - Sync 1 DAGs
[2025-04-04T13:50:43.717+0000] {logging_mixin.py:190} INFO - [2025-04-04T13:50:43.716+0000] {dag.py:4180} INFO - Setting next_dagrun for latest_only to 2025-04-04 08:00:00+00:00, run_after=2025-04-04 12:00:00+00:00
[2025-04-04T13:50:43.772+0000] {processor.py:208} INFO - Processing /home/airflow/.local/lib/python3.12/site-packages/airflow/example_dags/example_latest_only.py took 0.260 seconds
[2025-04-04T13:51:14.023+0000] {processor.py:186} INFO - Started process (PID=1819) to work on /home/airflow/.local/lib/python3.12/site-packages/airflow/example_dags/example_latest_only.py
[2025-04-04T13:51:14.025+0000] {processor.py:914} INFO - Processing file /home/airflow/.local/lib/python3.12/site-packages/airflow/example_dags/example_latest_only.py for tasks to queue
[2025-04-04T13:51:14.032+0000] {logging_mixin.py:190} INFO - [2025-04-04T13:51:14.031+0000] {dagbag.py:588} INFO - Filling up the DagBag from /home/airflow/.local/lib/python3.12/site-packages/airflow/example_dags/example_latest_only.py
[2025-04-04T13:51:14.053+0000] {processor.py:925} INFO - DAG(s) 'latest_only' retrieved from /home/airflow/.local/lib/python3.12/site-packages/airflow/example_dags/example_latest_only.py
[2025-04-04T13:51:14.111+0000] {logging_mixin.py:190} INFO - [2025-04-04T13:51:14.111+0000] {dag.py:3239} INFO - Sync 1 DAGs
[2025-04-04T13:51:14.175+0000] {logging_mixin.py:190} INFO - [2025-04-04T13:51:14.175+0000] {dag.py:4180} INFO - Setting next_dagrun for latest_only to 2025-04-04 08:00:00+00:00, run_after=2025-04-04 12:00:00+00:00
[2025-04-04T13:51:14.230+0000] {processor.py:208} INFO - Processing /home/airflow/.local/lib/python3.12/site-packages/airflow/example_dags/example_latest_only.py took 0.223 seconds
[2025-04-04T13:51:45.157+0000] {processor.py:186} INFO - Started process (PID=1882) to work on /home/airflow/.local/lib/python3.12/site-packages/airflow/example_dags/example_latest_only.py
[2025-04-04T13:51:45.163+0000] {processor.py:914} INFO - Processing file /home/airflow/.local/lib/python3.12/site-packages/airflow/example_dags/example_latest_only.py for tasks to queue
[2025-04-04T13:51:45.169+0000] {logging_mixin.py:190} INFO - [2025-04-04T13:51:45.168+0000] {dagbag.py:588} INFO - Filling up the DagBag from /home/airflow/.local/lib/python3.12/site-packages/airflow/example_dags/example_latest_only.py
[2025-04-04T13:51:45.220+0000] {processor.py:925} INFO - DAG(s) 'latest_only' retrieved from /home/airflow/.local/lib/python3.12/site-packages/airflow/example_dags/example_latest_only.py
[2025-04-04T13:51:45.298+0000] {logging_mixin.py:190} INFO - [2025-04-04T13:51:45.296+0000] {dag.py:3239} INFO - Sync 1 DAGs
[2025-04-04T13:51:45.459+0000] {logging_mixin.py:190} INFO - [2025-04-04T13:51:45.459+0000] {dag.py:4180} INFO - Setting next_dagrun for latest_only to 2025-04-04 08:00:00+00:00, run_after=2025-04-04 12:00:00+00:00
[2025-04-04T13:51:45.519+0000] {processor.py:208} INFO - Processing /home/airflow/.local/lib/python3.12/site-packages/airflow/example_dags/example_latest_only.py took 0.384 seconds
[2025-04-04T13:52:16.535+0000] {processor.py:186} INFO - Started process (PID=1945) to work on /home/airflow/.local/lib/python3.12/site-packages/airflow/example_dags/example_latest_only.py
[2025-04-04T13:52:16.539+0000] {processor.py:914} INFO - Processing file /home/airflow/.local/lib/python3.12/site-packages/airflow/example_dags/example_latest_only.py for tasks to queue
[2025-04-04T13:52:16.543+0000] {logging_mixin.py:190} INFO - [2025-04-04T13:52:16.543+0000] {dagbag.py:588} INFO - Filling up the DagBag from /home/airflow/.local/lib/python3.12/site-packages/airflow/example_dags/example_latest_only.py
[2025-04-04T13:52:16.564+0000] {processor.py:925} INFO - DAG(s) 'latest_only' retrieved from /home/airflow/.local/lib/python3.12/site-packages/airflow/example_dags/example_latest_only.py
[2025-04-04T13:52:16.613+0000] {logging_mixin.py:190} INFO - [2025-04-04T13:52:16.612+0000] {dag.py:3239} INFO - Sync 1 DAGs
[2025-04-04T13:52:16.705+0000] {logging_mixin.py:190} INFO - [2025-04-04T13:52:16.704+0000] {dag.py:4180} INFO - Setting next_dagrun for latest_only to 2025-04-04 08:00:00+00:00, run_after=2025-04-04 12:00:00+00:00
[2025-04-04T13:52:16.743+0000] {processor.py:208} INFO - Processing /home/airflow/.local/lib/python3.12/site-packages/airflow/example_dags/example_latest_only.py took 0.227 seconds
[2025-04-04T13:52:48.406+0000] {processor.py:186} INFO - Started process (PID=2010) to work on /home/airflow/.local/lib/python3.12/site-packages/airflow/example_dags/example_latest_only.py
[2025-04-04T13:52:48.408+0000] {processor.py:914} INFO - Processing file /home/airflow/.local/lib/python3.12/site-packages/airflow/example_dags/example_latest_only.py for tasks to queue
[2025-04-04T13:52:48.412+0000] {logging_mixin.py:190} INFO - [2025-04-04T13:52:48.412+0000] {dagbag.py:588} INFO - Filling up the DagBag from /home/airflow/.local/lib/python3.12/site-packages/airflow/example_dags/example_latest_only.py
[2025-04-04T13:52:48.425+0000] {processor.py:925} INFO - DAG(s) 'latest_only' retrieved from /home/airflow/.local/lib/python3.12/site-packages/airflow/example_dags/example_latest_only.py
[2025-04-04T13:52:48.456+0000] {logging_mixin.py:190} INFO - [2025-04-04T13:52:48.456+0000] {dag.py:3239} INFO - Sync 1 DAGs
[2025-04-04T13:52:48.501+0000] {logging_mixin.py:190} INFO - [2025-04-04T13:52:48.501+0000] {dag.py:4180} INFO - Setting next_dagrun for latest_only to 2025-04-04 08:00:00+00:00, run_after=2025-04-04 12:00:00+00:00
[2025-04-04T13:52:48.544+0000] {processor.py:208} INFO - Processing /home/airflow/.local/lib/python3.12/site-packages/airflow/example_dags/example_latest_only.py took 0.152 seconds
[2025-04-04T13:53:19.526+0000] {processor.py:186} INFO - Started process (PID=2072) to work on /home/airflow/.local/lib/python3.12/site-packages/airflow/example_dags/example_latest_only.py
[2025-04-04T13:53:19.532+0000] {processor.py:914} INFO - Processing file /home/airflow/.local/lib/python3.12/site-packages/airflow/example_dags/example_latest_only.py for tasks to queue
[2025-04-04T13:53:19.542+0000] {logging_mixin.py:190} INFO - [2025-04-04T13:53:19.541+0000] {dagbag.py:588} INFO - Filling up the DagBag from /home/airflow/.local/lib/python3.12/site-packages/airflow/example_dags/example_latest_only.py
[2025-04-04T13:53:19.559+0000] {processor.py:925} INFO - DAG(s) 'latest_only' retrieved from /home/airflow/.local/lib/python3.12/site-packages/airflow/example_dags/example_latest_only.py
[2025-04-04T13:53:19.615+0000] {logging_mixin.py:190} INFO - [2025-04-04T13:53:19.614+0000] {dag.py:3239} INFO - Sync 1 DAGs
[2025-04-04T13:53:19.683+0000] {logging_mixin.py:190} INFO - [2025-04-04T13:53:19.682+0000] {dag.py:4180} INFO - Setting next_dagrun for latest_only to 2025-04-04 08:00:00+00:00, run_after=2025-04-04 12:00:00+00:00
[2025-04-04T13:53:19.748+0000] {processor.py:208} INFO - Processing /home/airflow/.local/lib/python3.12/site-packages/airflow/example_dags/example_latest_only.py took 0.241 seconds
[2025-04-04T13:53:49.919+0000] {processor.py:186} INFO - Started process (PID=2133) to work on /home/airflow/.local/lib/python3.12/site-packages/airflow/example_dags/example_latest_only.py
[2025-04-04T13:53:49.921+0000] {processor.py:914} INFO - Processing file /home/airflow/.local/lib/python3.12/site-packages/airflow/example_dags/example_latest_only.py for tasks to queue
[2025-04-04T13:53:49.926+0000] {logging_mixin.py:190} INFO - [2025-04-04T13:53:49.925+0000] {dagbag.py:588} INFO - Filling up the DagBag from /home/airflow/.local/lib/python3.12/site-packages/airflow/example_dags/example_latest_only.py
[2025-04-04T13:53:49.945+0000] {processor.py:925} INFO - DAG(s) 'latest_only' retrieved from /home/airflow/.local/lib/python3.12/site-packages/airflow/example_dags/example_latest_only.py
[2025-04-04T13:53:50.008+0000] {logging_mixin.py:190} INFO - [2025-04-04T13:53:50.008+0000] {dag.py:3239} INFO - Sync 1 DAGs
[2025-04-04T13:53:50.070+0000] {logging_mixin.py:190} INFO - [2025-04-04T13:53:50.070+0000] {dag.py:4180} INFO - Setting next_dagrun for latest_only to 2025-04-04 08:00:00+00:00, run_after=2025-04-04 12:00:00+00:00
[2025-04-04T13:53:50.115+0000] {processor.py:208} INFO - Processing /home/airflow/.local/lib/python3.12/site-packages/airflow/example_dags/example_latest_only.py took 0.218 seconds
[2025-04-04T13:54:20.643+0000] {processor.py:186} INFO - Started process (PID=2196) to work on /home/airflow/.local/lib/python3.12/site-packages/airflow/example_dags/example_latest_only.py
[2025-04-04T13:54:20.647+0000] {processor.py:914} INFO - Processing file /home/airflow/.local/lib/python3.12/site-packages/airflow/example_dags/example_latest_only.py for tasks to queue
[2025-04-04T13:54:20.654+0000] {logging_mixin.py:190} INFO - [2025-04-04T13:54:20.653+0000] {dagbag.py:588} INFO - Filling up the DagBag from /home/airflow/.local/lib/python3.12/site-packages/airflow/example_dags/example_latest_only.py
[2025-04-04T13:54:20.672+0000] {processor.py:925} INFO - DAG(s) 'latest_only' retrieved from /home/airflow/.local/lib/python3.12/site-packages/airflow/example_dags/example_latest_only.py
[2025-04-04T13:54:20.723+0000] {logging_mixin.py:190} INFO - [2025-04-04T13:54:20.723+0000] {dag.py:3239} INFO - Sync 1 DAGs
[2025-04-04T13:54:20.771+0000] {logging_mixin.py:190} INFO - [2025-04-04T13:54:20.771+0000] {dag.py:4180} INFO - Setting next_dagrun for latest_only to 2025-04-04 08:00:00+00:00, run_after=2025-04-04 12:00:00+00:00
[2025-04-04T13:54:20.811+0000] {processor.py:208} INFO - Processing /home/airflow/.local/lib/python3.12/site-packages/airflow/example_dags/example_latest_only.py took 0.184 seconds
[2025-04-04T13:54:51.001+0000] {processor.py:186} INFO - Started process (PID=2260) to work on /home/airflow/.local/lib/python3.12/site-packages/airflow/example_dags/example_latest_only.py
[2025-04-04T13:54:51.002+0000] {processor.py:914} INFO - Processing file /home/airflow/.local/lib/python3.12/site-packages/airflow/example_dags/example_latest_only.py for tasks to queue
[2025-04-04T13:54:51.008+0000] {logging_mixin.py:190} INFO - [2025-04-04T13:54:51.007+0000] {dagbag.py:588} INFO - Filling up the DagBag from /home/airflow/.local/lib/python3.12/site-packages/airflow/example_dags/example_latest_only.py
[2025-04-04T13:54:51.025+0000] {processor.py:925} INFO - DAG(s) 'latest_only' retrieved from /home/airflow/.local/lib/python3.12/site-packages/airflow/example_dags/example_latest_only.py
[2025-04-04T13:54:51.073+0000] {logging_mixin.py:190} INFO - [2025-04-04T13:54:51.073+0000] {dag.py:3239} INFO - Sync 1 DAGs
[2025-04-04T13:54:51.129+0000] {logging_mixin.py:190} INFO - [2025-04-04T13:54:51.127+0000] {dag.py:4180} INFO - Setting next_dagrun for latest_only to 2025-04-04 08:00:00+00:00, run_after=2025-04-04 12:00:00+00:00
[2025-04-04T13:54:51.168+0000] {processor.py:208} INFO - Processing /home/airflow/.local/lib/python3.12/site-packages/airflow/example_dags/example_latest_only.py took 0.181 seconds
[2025-04-04T13:55:21.541+0000] {processor.py:186} INFO - Started process (PID=2323) to work on /home/airflow/.local/lib/python3.12/site-packages/airflow/example_dags/example_latest_only.py
[2025-04-04T13:55:21.544+0000] {processor.py:914} INFO - Processing file /home/airflow/.local/lib/python3.12/site-packages/airflow/example_dags/example_latest_only.py for tasks to queue
[2025-04-04T13:55:21.551+0000] {logging_mixin.py:190} INFO - [2025-04-04T13:55:21.550+0000] {dagbag.py:588} INFO - Filling up the DagBag from /home/airflow/.local/lib/python3.12/site-packages/airflow/example_dags/example_latest_only.py
[2025-04-04T13:55:21.565+0000] {processor.py:925} INFO - DAG(s) 'latest_only' retrieved from /home/airflow/.local/lib/python3.12/site-packages/airflow/example_dags/example_latest_only.py
[2025-04-04T13:55:21.605+0000] {logging_mixin.py:190} INFO - [2025-04-04T13:55:21.605+0000] {dag.py:3239} INFO - Sync 1 DAGs
[2025-04-04T13:55:21.671+0000] {logging_mixin.py:190} INFO - [2025-04-04T13:55:21.670+0000] {dag.py:4180} INFO - Setting next_dagrun for latest_only to 2025-04-04 08:00:00+00:00, run_after=2025-04-04 12:00:00+00:00
[2025-04-04T13:55:21.733+0000] {processor.py:208} INFO - Processing /home/airflow/.local/lib/python3.12/site-packages/airflow/example_dags/example_latest_only.py took 0.211 seconds
[2025-04-04T13:55:53.881+0000] {processor.py:186} INFO - Started process (PID=2385) to work on /home/airflow/.local/lib/python3.12/site-packages/airflow/example_dags/example_latest_only.py
[2025-04-04T13:55:53.883+0000] {processor.py:914} INFO - Processing file /home/airflow/.local/lib/python3.12/site-packages/airflow/example_dags/example_latest_only.py for tasks to queue
[2025-04-04T13:55:53.898+0000] {logging_mixin.py:190} INFO - [2025-04-04T13:55:53.897+0000] {dagbag.py:588} INFO - Filling up the DagBag from /home/airflow/.local/lib/python3.12/site-packages/airflow/example_dags/example_latest_only.py
[2025-04-04T13:55:53.923+0000] {processor.py:925} INFO - DAG(s) 'latest_only' retrieved from /home/airflow/.local/lib/python3.12/site-packages/airflow/example_dags/example_latest_only.py
[2025-04-04T13:55:54.037+0000] {logging_mixin.py:190} INFO - [2025-04-04T13:55:54.036+0000] {dag.py:3239} INFO - Sync 1 DAGs
[2025-04-04T13:55:54.173+0000] {logging_mixin.py:190} INFO - [2025-04-04T13:55:54.172+0000] {dag.py:4180} INFO - Setting next_dagrun for latest_only to 2025-04-04 08:00:00+00:00, run_after=2025-04-04 12:00:00+00:00
[2025-04-04T13:55:54.275+0000] {processor.py:208} INFO - Processing /home/airflow/.local/lib/python3.12/site-packages/airflow/example_dags/example_latest_only.py took 0.424 seconds
[2025-04-04T13:56:25.326+0000] {processor.py:186} INFO - Started process (PID=2447) to work on /home/airflow/.local/lib/python3.12/site-packages/airflow/example_dags/example_latest_only.py
[2025-04-04T13:56:25.343+0000] {processor.py:914} INFO - Processing file /home/airflow/.local/lib/python3.12/site-packages/airflow/example_dags/example_latest_only.py for tasks to queue
[2025-04-04T13:56:25.355+0000] {logging_mixin.py:190} INFO - [2025-04-04T13:56:25.354+0000] {dagbag.py:588} INFO - Filling up the DagBag from /home/airflow/.local/lib/python3.12/site-packages/airflow/example_dags/example_latest_only.py
[2025-04-04T13:56:25.376+0000] {processor.py:925} INFO - DAG(s) 'latest_only' retrieved from /home/airflow/.local/lib/python3.12/site-packages/airflow/example_dags/example_latest_only.py
[2025-04-04T13:56:25.442+0000] {logging_mixin.py:190} INFO - [2025-04-04T13:56:25.441+0000] {dag.py:3239} INFO - Sync 1 DAGs
[2025-04-04T13:56:25.545+0000] {logging_mixin.py:190} INFO - [2025-04-04T13:56:25.544+0000] {dag.py:4180} INFO - Setting next_dagrun for latest_only to 2025-04-04 08:00:00+00:00, run_after=2025-04-04 12:00:00+00:00
[2025-04-04T13:56:25.594+0000] {processor.py:208} INFO - Processing /home/airflow/.local/lib/python3.12/site-packages/airflow/example_dags/example_latest_only.py took 0.288 seconds
[2025-04-04T13:56:55.835+0000] {processor.py:186} INFO - Started process (PID=2510) to work on /home/airflow/.local/lib/python3.12/site-packages/airflow/example_dags/example_latest_only.py
[2025-04-04T13:56:55.836+0000] {processor.py:914} INFO - Processing file /home/airflow/.local/lib/python3.12/site-packages/airflow/example_dags/example_latest_only.py for tasks to queue
[2025-04-04T13:56:55.840+0000] {logging_mixin.py:190} INFO - [2025-04-04T13:56:55.839+0000] {dagbag.py:588} INFO - Filling up the DagBag from /home/airflow/.local/lib/python3.12/site-packages/airflow/example_dags/example_latest_only.py
[2025-04-04T13:56:55.851+0000] {processor.py:925} INFO - DAG(s) 'latest_only' retrieved from /home/airflow/.local/lib/python3.12/site-packages/airflow/example_dags/example_latest_only.py
[2025-04-04T13:56:55.883+0000] {logging_mixin.py:190} INFO - [2025-04-04T13:56:55.882+0000] {dag.py:3239} INFO - Sync 1 DAGs
[2025-04-04T13:56:55.926+0000] {logging_mixin.py:190} INFO - [2025-04-04T13:56:55.925+0000] {dag.py:4180} INFO - Setting next_dagrun for latest_only to 2025-04-04 08:00:00+00:00, run_after=2025-04-04 12:00:00+00:00
[2025-04-04T13:56:55.958+0000] {processor.py:208} INFO - Processing /home/airflow/.local/lib/python3.12/site-packages/airflow/example_dags/example_latest_only.py took 0.135 seconds
[2025-04-04T13:57:26.457+0000] {processor.py:186} INFO - Started process (PID=2573) to work on /home/airflow/.local/lib/python3.12/site-packages/airflow/example_dags/example_latest_only.py
[2025-04-04T13:57:26.469+0000] {processor.py:914} INFO - Processing file /home/airflow/.local/lib/python3.12/site-packages/airflow/example_dags/example_latest_only.py for tasks to queue
[2025-04-04T13:57:26.483+0000] {logging_mixin.py:190} INFO - [2025-04-04T13:57:26.482+0000] {dagbag.py:588} INFO - Filling up the DagBag from /home/airflow/.local/lib/python3.12/site-packages/airflow/example_dags/example_latest_only.py
[2025-04-04T13:57:26.542+0000] {processor.py:925} INFO - DAG(s) 'latest_only' retrieved from /home/airflow/.local/lib/python3.12/site-packages/airflow/example_dags/example_latest_only.py
[2025-04-04T13:57:26.720+0000] {logging_mixin.py:190} INFO - [2025-04-04T13:57:26.719+0000] {dag.py:3239} INFO - Sync 1 DAGs
[2025-04-04T13:57:26.913+0000] {logging_mixin.py:190} INFO - [2025-04-04T13:57:26.912+0000] {dag.py:4180} INFO - Setting next_dagrun for latest_only to 2025-04-04 08:00:00+00:00, run_after=2025-04-04 12:00:00+00:00
[2025-04-04T13:57:27.025+0000] {processor.py:208} INFO - Processing /home/airflow/.local/lib/python3.12/site-packages/airflow/example_dags/example_latest_only.py took 0.592 seconds
[2025-04-04T13:57:57.166+0000] {processor.py:186} INFO - Started process (PID=2636) to work on /home/airflow/.local/lib/python3.12/site-packages/airflow/example_dags/example_latest_only.py
[2025-04-04T13:57:57.170+0000] {processor.py:914} INFO - Processing file /home/airflow/.local/lib/python3.12/site-packages/airflow/example_dags/example_latest_only.py for tasks to queue
[2025-04-04T13:57:57.175+0000] {logging_mixin.py:190} INFO - [2025-04-04T13:57:57.175+0000] {dagbag.py:588} INFO - Filling up the DagBag from /home/airflow/.local/lib/python3.12/site-packages/airflow/example_dags/example_latest_only.py
[2025-04-04T13:57:57.203+0000] {processor.py:925} INFO - DAG(s) 'latest_only' retrieved from /home/airflow/.local/lib/python3.12/site-packages/airflow/example_dags/example_latest_only.py
[2025-04-04T13:57:57.284+0000] {logging_mixin.py:190} INFO - [2025-04-04T13:57:57.283+0000] {dag.py:3239} INFO - Sync 1 DAGs
[2025-04-04T13:57:57.389+0000] {logging_mixin.py:190} INFO - [2025-04-04T13:57:57.389+0000] {dag.py:4180} INFO - Setting next_dagrun for latest_only to 2025-04-04 08:00:00+00:00, run_after=2025-04-04 12:00:00+00:00
[2025-04-04T13:57:57.457+0000] {processor.py:208} INFO - Processing /home/airflow/.local/lib/python3.12/site-packages/airflow/example_dags/example_latest_only.py took 0.307 seconds
[2025-04-04T13:58:30.702+0000] {processor.py:186} INFO - Started process (PID=2703) to work on /home/airflow/.local/lib/python3.12/site-packages/airflow/example_dags/example_latest_only.py
[2025-04-04T13:58:30.704+0000] {processor.py:914} INFO - Processing file /home/airflow/.local/lib/python3.12/site-packages/airflow/example_dags/example_latest_only.py for tasks to queue
[2025-04-04T13:58:30.711+0000] {logging_mixin.py:190} INFO - [2025-04-04T13:58:30.710+0000] {dagbag.py:588} INFO - Filling up the DagBag from /home/airflow/.local/lib/python3.12/site-packages/airflow/example_dags/example_latest_only.py
[2025-04-04T13:58:30.734+0000] {processor.py:925} INFO - DAG(s) 'latest_only' retrieved from /home/airflow/.local/lib/python3.12/site-packages/airflow/example_dags/example_latest_only.py
[2025-04-04T13:58:30.771+0000] {logging_mixin.py:190} INFO - [2025-04-04T13:58:30.771+0000] {dag.py:3239} INFO - Sync 1 DAGs
[2025-04-04T13:58:30.837+0000] {logging_mixin.py:190} INFO - [2025-04-04T13:58:30.836+0000] {dag.py:4180} INFO - Setting next_dagrun for latest_only to 2025-04-04 08:00:00+00:00, run_after=2025-04-04 12:00:00+00:00
[2025-04-04T13:58:30.895+0000] {processor.py:208} INFO - Processing /home/airflow/.local/lib/python3.12/site-packages/airflow/example_dags/example_latest_only.py took 0.215 seconds
[2025-04-04T13:59:03.133+0000] {processor.py:186} INFO - Started process (PID=2766) to work on /home/airflow/.local/lib/python3.12/site-packages/airflow/example_dags/example_latest_only.py
[2025-04-04T13:59:03.136+0000] {processor.py:914} INFO - Processing file /home/airflow/.local/lib/python3.12/site-packages/airflow/example_dags/example_latest_only.py for tasks to queue
[2025-04-04T13:59:03.145+0000] {logging_mixin.py:190} INFO - [2025-04-04T13:59:03.144+0000] {dagbag.py:588} INFO - Filling up the DagBag from /home/airflow/.local/lib/python3.12/site-packages/airflow/example_dags/example_latest_only.py
[2025-04-04T13:59:03.163+0000] {processor.py:925} INFO - DAG(s) 'latest_only' retrieved from /home/airflow/.local/lib/python3.12/site-packages/airflow/example_dags/example_latest_only.py
[2025-04-04T13:59:03.225+0000] {logging_mixin.py:190} INFO - [2025-04-04T13:59:03.224+0000] {dag.py:3239} INFO - Sync 1 DAGs
[2025-04-04T13:59:03.290+0000] {logging_mixin.py:190} INFO - [2025-04-04T13:59:03.289+0000] {dag.py:4180} INFO - Setting next_dagrun for latest_only to 2025-04-04 08:00:00+00:00, run_after=2025-04-04 12:00:00+00:00
[2025-04-04T13:59:03.329+0000] {processor.py:208} INFO - Processing /home/airflow/.local/lib/python3.12/site-packages/airflow/example_dags/example_latest_only.py took 0.213 seconds
