[2025-04-04T13:36:23.491+0000] {processor.py:186} INFO - Started process (PID=76) to work on /home/airflow/.local/lib/python3.12/site-packages/airflow/example_dags/example_branch_operator_decorator.py
[2025-04-04T13:36:23.496+0000] {processor.py:914} INFO - Processing file /home/airflow/.local/lib/python3.12/site-packages/airflow/example_dags/example_branch_operator_decorator.py for tasks to queue
[2025-04-04T13:36:23.507+0000] {logging_mixin.py:190} INFO - [2025-04-04T13:36:23.504+0000] {dagbag.py:588} INFO - Filling up the DagBag from /home/airflow/.local/lib/python3.12/site-packages/airflow/example_dags/example_branch_operator_decorator.py
[2025-04-04T13:36:23.626+0000] {processor.py:925} INFO - DAG(s) 'example_branch_python_operator_decorator' retrieved from /home/airflow/.local/lib/python3.12/site-packages/airflow/example_dags/example_branch_operator_decorator.py
[2025-04-04T13:36:24.276+0000] {logging_mixin.py:190} INFO - [2025-04-04T13:36:24.260+0000] {override.py:1912} INFO - Created Permission View: can edit on DAG:example_branch_python_operator_decorator
[2025-04-04T13:36:24.340+0000] {logging_mixin.py:190} INFO - [2025-04-04T13:36:24.338+0000] {override.py:1912} INFO - Created Permission View: can delete on DAG:example_branch_python_operator_decorator
[2025-04-04T13:36:24.448+0000] {logging_mixin.py:190} INFO - [2025-04-04T13:36:24.446+0000] {override.py:1912} INFO - Created Permission View: can read on DAG:example_branch_python_operator_decorator
[2025-04-04T13:36:24.490+0000] {logging_mixin.py:190} INFO - [2025-04-04T13:36:24.489+0000] {override.py:1912} INFO - Created Permission View: can delete on DAG Run:example_branch_python_operator_decorator
[2025-04-04T13:36:24.602+0000] {logging_mixin.py:190} INFO - [2025-04-04T13:36:24.595+0000] {override.py:1912} INFO - Created Permission View: can read on DAG Run:example_branch_python_operator_decorator
[2025-04-04T13:36:24.687+0000] {logging_mixin.py:190} INFO - [2025-04-04T13:36:24.686+0000] {override.py:1912} INFO - Created Permission View: can create on DAG Run:example_branch_python_operator_decorator
[2025-04-04T13:36:24.711+0000] {logging_mixin.py:190} INFO - [2025-04-04T13:36:24.710+0000] {override.py:1912} INFO - Created Permission View: menu access on DAG Run:example_branch_python_operator_decorator
[2025-04-04T13:36:24.712+0000] {logging_mixin.py:190} INFO - [2025-04-04T13:36:24.712+0000] {dag.py:3239} INFO - Sync 1 DAGs
[2025-04-04T13:36:24.757+0000] {logging_mixin.py:190} INFO - [2025-04-04T13:36:24.756+0000] {dag.py:3262} INFO - Creating ORM DAG for example_branch_python_operator_decorator
[2025-04-04T13:36:24.791+0000] {logging_mixin.py:190} INFO - [2025-04-04T13:36:24.791+0000] {dag.py:4180} INFO - Setting next_dagrun for example_branch_python_operator_decorator to 2025-04-03 00:00:00+00:00, run_after=2025-04-04 00:00:00+00:00
[2025-04-04T13:36:24.880+0000] {processor.py:208} INFO - Processing /home/airflow/.local/lib/python3.12/site-packages/airflow/example_dags/example_branch_operator_decorator.py took 1.420 seconds
[2025-04-04T13:36:56.757+0000] {processor.py:186} INFO - Started process (PID=139) to work on /home/airflow/.local/lib/python3.12/site-packages/airflow/example_dags/example_branch_operator_decorator.py
[2025-04-04T13:36:56.760+0000] {processor.py:914} INFO - Processing file /home/airflow/.local/lib/python3.12/site-packages/airflow/example_dags/example_branch_operator_decorator.py for tasks to queue
[2025-04-04T13:36:56.767+0000] {logging_mixin.py:190} INFO - [2025-04-04T13:36:56.766+0000] {dagbag.py:588} INFO - Filling up the DagBag from /home/airflow/.local/lib/python3.12/site-packages/airflow/example_dags/example_branch_operator_decorator.py
[2025-04-04T13:36:56.829+0000] {processor.py:925} INFO - DAG(s) 'example_branch_python_operator_decorator' retrieved from /home/airflow/.local/lib/python3.12/site-packages/airflow/example_dags/example_branch_operator_decorator.py
[2025-04-04T13:36:56.904+0000] {logging_mixin.py:190} INFO - [2025-04-04T13:36:56.903+0000] {dag.py:3239} INFO - Sync 1 DAGs
[2025-04-04T13:36:56.961+0000] {logging_mixin.py:190} INFO - [2025-04-04T13:36:56.960+0000] {dag.py:4180} INFO - Setting next_dagrun for example_branch_python_operator_decorator to 2025-04-03 00:00:00+00:00, run_after=2025-04-04 00:00:00+00:00
[2025-04-04T13:36:56.999+0000] {processor.py:208} INFO - Processing /home/airflow/.local/lib/python3.12/site-packages/airflow/example_dags/example_branch_operator_decorator.py took 0.257 seconds
[2025-04-04T13:37:27.416+0000] {processor.py:186} INFO - Started process (PID=202) to work on /home/airflow/.local/lib/python3.12/site-packages/airflow/example_dags/example_branch_operator_decorator.py
[2025-04-04T13:37:27.418+0000] {processor.py:914} INFO - Processing file /home/airflow/.local/lib/python3.12/site-packages/airflow/example_dags/example_branch_operator_decorator.py for tasks to queue
[2025-04-04T13:37:27.423+0000] {logging_mixin.py:190} INFO - [2025-04-04T13:37:27.422+0000] {dagbag.py:588} INFO - Filling up the DagBag from /home/airflow/.local/lib/python3.12/site-packages/airflow/example_dags/example_branch_operator_decorator.py
[2025-04-04T13:37:27.461+0000] {processor.py:925} INFO - DAG(s) 'example_branch_python_operator_decorator' retrieved from /home/airflow/.local/lib/python3.12/site-packages/airflow/example_dags/example_branch_operator_decorator.py
[2025-04-04T13:37:27.520+0000] {logging_mixin.py:190} INFO - [2025-04-04T13:37:27.520+0000] {dag.py:3239} INFO - Sync 1 DAGs
[2025-04-04T13:37:27.574+0000] {logging_mixin.py:190} INFO - [2025-04-04T13:37:27.573+0000] {dag.py:4180} INFO - Setting next_dagrun for example_branch_python_operator_decorator to 2025-04-03 00:00:00+00:00, run_after=2025-04-04 00:00:00+00:00
[2025-04-04T13:37:27.609+0000] {processor.py:208} INFO - Processing /home/airflow/.local/lib/python3.12/site-packages/airflow/example_dags/example_branch_operator_decorator.py took 0.204 seconds
[2025-04-04T13:37:58.443+0000] {processor.py:186} INFO - Started process (PID=265) to work on /home/airflow/.local/lib/python3.12/site-packages/airflow/example_dags/example_branch_operator_decorator.py
[2025-04-04T13:37:58.445+0000] {processor.py:914} INFO - Processing file /home/airflow/.local/lib/python3.12/site-packages/airflow/example_dags/example_branch_operator_decorator.py for tasks to queue
[2025-04-04T13:37:58.448+0000] {logging_mixin.py:190} INFO - [2025-04-04T13:37:58.448+0000] {dagbag.py:588} INFO - Filling up the DagBag from /home/airflow/.local/lib/python3.12/site-packages/airflow/example_dags/example_branch_operator_decorator.py
[2025-04-04T13:37:58.495+0000] {processor.py:925} INFO - DAG(s) 'example_branch_python_operator_decorator' retrieved from /home/airflow/.local/lib/python3.12/site-packages/airflow/example_dags/example_branch_operator_decorator.py
[2025-04-04T13:37:58.558+0000] {logging_mixin.py:190} INFO - [2025-04-04T13:37:58.558+0000] {dag.py:3239} INFO - Sync 1 DAGs
[2025-04-04T13:37:58.606+0000] {logging_mixin.py:190} INFO - [2025-04-04T13:37:58.606+0000] {dag.py:4180} INFO - Setting next_dagrun for example_branch_python_operator_decorator to 2025-04-03 00:00:00+00:00, run_after=2025-04-04 00:00:00+00:00
[2025-04-04T13:37:58.642+0000] {processor.py:208} INFO - Processing /home/airflow/.local/lib/python3.12/site-packages/airflow/example_dags/example_branch_operator_decorator.py took 0.212 seconds
[2025-04-04T13:38:29.411+0000] {processor.py:186} INFO - Started process (PID=318) to work on /home/airflow/.local/lib/python3.12/site-packages/airflow/example_dags/example_branch_operator_decorator.py
[2025-04-04T13:38:29.413+0000] {processor.py:914} INFO - Processing file /home/airflow/.local/lib/python3.12/site-packages/airflow/example_dags/example_branch_operator_decorator.py for tasks to queue
[2025-04-04T13:38:29.418+0000] {logging_mixin.py:190} INFO - [2025-04-04T13:38:29.417+0000] {dagbag.py:588} INFO - Filling up the DagBag from /home/airflow/.local/lib/python3.12/site-packages/airflow/example_dags/example_branch_operator_decorator.py
[2025-04-04T13:38:29.459+0000] {processor.py:925} INFO - DAG(s) 'example_branch_python_operator_decorator' retrieved from /home/airflow/.local/lib/python3.12/site-packages/airflow/example_dags/example_branch_operator_decorator.py
[2025-04-04T13:38:29.507+0000] {logging_mixin.py:190} INFO - [2025-04-04T13:38:29.507+0000] {dag.py:3239} INFO - Sync 1 DAGs
[2025-04-04T13:38:29.562+0000] {logging_mixin.py:190} INFO - [2025-04-04T13:38:29.561+0000] {dag.py:4180} INFO - Setting next_dagrun for example_branch_python_operator_decorator to 2025-04-03 00:00:00+00:00, run_after=2025-04-04 00:00:00+00:00
[2025-04-04T13:38:29.593+0000] {processor.py:208} INFO - Processing /home/airflow/.local/lib/python3.12/site-packages/airflow/example_dags/example_branch_operator_decorator.py took 0.193 seconds
[2025-04-04T13:39:01.970+0000] {processor.py:186} INFO - Started process (PID=376) to work on /home/airflow/.local/lib/python3.12/site-packages/airflow/example_dags/example_branch_operator_decorator.py
[2025-04-04T13:39:01.972+0000] {processor.py:914} INFO - Processing file /home/airflow/.local/lib/python3.12/site-packages/airflow/example_dags/example_branch_operator_decorator.py for tasks to queue
[2025-04-04T13:39:01.977+0000] {logging_mixin.py:190} INFO - [2025-04-04T13:39:01.977+0000] {dagbag.py:588} INFO - Filling up the DagBag from /home/airflow/.local/lib/python3.12/site-packages/airflow/example_dags/example_branch_operator_decorator.py
[2025-04-04T13:39:02.037+0000] {processor.py:925} INFO - DAG(s) 'example_branch_python_operator_decorator' retrieved from /home/airflow/.local/lib/python3.12/site-packages/airflow/example_dags/example_branch_operator_decorator.py
[2025-04-04T13:39:02.133+0000] {logging_mixin.py:190} INFO - [2025-04-04T13:39:02.133+0000] {dag.py:3239} INFO - Sync 1 DAGs
[2025-04-04T13:39:02.201+0000] {logging_mixin.py:190} INFO - [2025-04-04T13:39:02.201+0000] {dag.py:4180} INFO - Setting next_dagrun for example_branch_python_operator_decorator to 2025-04-03 00:00:00+00:00, run_after=2025-04-04 00:00:00+00:00
[2025-04-04T13:39:02.252+0000] {processor.py:208} INFO - Processing /home/airflow/.local/lib/python3.12/site-packages/airflow/example_dags/example_branch_operator_decorator.py took 0.296 seconds
[2025-04-04T13:39:38.288+0000] {processor.py:186} INFO - Started process (PID=434) to work on /home/airflow/.local/lib/python3.12/site-packages/airflow/example_dags/example_branch_operator_decorator.py
[2025-04-04T13:39:38.290+0000] {processor.py:914} INFO - Processing file /home/airflow/.local/lib/python3.12/site-packages/airflow/example_dags/example_branch_operator_decorator.py for tasks to queue
[2025-04-04T13:39:38.299+0000] {logging_mixin.py:190} INFO - [2025-04-04T13:39:38.298+0000] {dagbag.py:588} INFO - Filling up the DagBag from /home/airflow/.local/lib/python3.12/site-packages/airflow/example_dags/example_branch_operator_decorator.py
[2025-04-04T13:39:38.387+0000] {processor.py:925} INFO - DAG(s) 'example_branch_python_operator_decorator' retrieved from /home/airflow/.local/lib/python3.12/site-packages/airflow/example_dags/example_branch_operator_decorator.py
[2025-04-04T13:39:38.562+0000] {logging_mixin.py:190} INFO - [2025-04-04T13:39:38.562+0000] {dag.py:3239} INFO - Sync 1 DAGs
[2025-04-04T13:39:38.757+0000] {logging_mixin.py:190} INFO - [2025-04-04T13:39:38.756+0000] {dag.py:4180} INFO - Setting next_dagrun for example_branch_python_operator_decorator to 2025-04-03 00:00:00+00:00, run_after=2025-04-04 00:00:00+00:00
[2025-04-04T13:39:38.830+0000] {processor.py:208} INFO - Processing /home/airflow/.local/lib/python3.12/site-packages/airflow/example_dags/example_branch_operator_decorator.py took 0.564 seconds
[2025-04-04T13:40:09.552+0000] {processor.py:186} INFO - Started process (PID=498) to work on /home/airflow/.local/lib/python3.12/site-packages/airflow/example_dags/example_branch_operator_decorator.py
[2025-04-04T13:40:09.555+0000] {processor.py:914} INFO - Processing file /home/airflow/.local/lib/python3.12/site-packages/airflow/example_dags/example_branch_operator_decorator.py for tasks to queue
[2025-04-04T13:40:09.568+0000] {logging_mixin.py:190} INFO - [2025-04-04T13:40:09.567+0000] {dagbag.py:588} INFO - Filling up the DagBag from /home/airflow/.local/lib/python3.12/site-packages/airflow/example_dags/example_branch_operator_decorator.py
[2025-04-04T13:40:09.798+0000] {processor.py:925} INFO - DAG(s) 'example_branch_python_operator_decorator' retrieved from /home/airflow/.local/lib/python3.12/site-packages/airflow/example_dags/example_branch_operator_decorator.py
[2025-04-04T13:40:09.883+0000] {logging_mixin.py:190} INFO - [2025-04-04T13:40:09.882+0000] {dag.py:3239} INFO - Sync 1 DAGs
[2025-04-04T13:40:09.956+0000] {logging_mixin.py:190} INFO - [2025-04-04T13:40:09.956+0000] {dag.py:4180} INFO - Setting next_dagrun for example_branch_python_operator_decorator to 2025-04-03 00:00:00+00:00, run_after=2025-04-04 00:00:00+00:00
[2025-04-04T13:40:10.005+0000] {processor.py:208} INFO - Processing /home/airflow/.local/lib/python3.12/site-packages/airflow/example_dags/example_branch_operator_decorator.py took 0.471 seconds
[2025-04-04T13:40:40.625+0000] {processor.py:186} INFO - Started process (PID=561) to work on /home/airflow/.local/lib/python3.12/site-packages/airflow/example_dags/example_branch_operator_decorator.py
[2025-04-04T13:40:40.627+0000] {processor.py:914} INFO - Processing file /home/airflow/.local/lib/python3.12/site-packages/airflow/example_dags/example_branch_operator_decorator.py for tasks to queue
[2025-04-04T13:40:40.632+0000] {logging_mixin.py:190} INFO - [2025-04-04T13:40:40.632+0000] {dagbag.py:588} INFO - Filling up the DagBag from /home/airflow/.local/lib/python3.12/site-packages/airflow/example_dags/example_branch_operator_decorator.py
[2025-04-04T13:40:40.677+0000] {processor.py:925} INFO - DAG(s) 'example_branch_python_operator_decorator' retrieved from /home/airflow/.local/lib/python3.12/site-packages/airflow/example_dags/example_branch_operator_decorator.py
[2025-04-04T13:40:40.737+0000] {logging_mixin.py:190} INFO - [2025-04-04T13:40:40.737+0000] {dag.py:3239} INFO - Sync 1 DAGs
[2025-04-04T13:40:40.793+0000] {logging_mixin.py:190} INFO - [2025-04-04T13:40:40.793+0000] {dag.py:4180} INFO - Setting next_dagrun for example_branch_python_operator_decorator to 2025-04-03 00:00:00+00:00, run_after=2025-04-04 00:00:00+00:00
[2025-04-04T13:40:40.826+0000] {processor.py:208} INFO - Processing /home/airflow/.local/lib/python3.12/site-packages/airflow/example_dags/example_branch_operator_decorator.py took 0.214 seconds
[2025-04-04T13:41:11.262+0000] {processor.py:186} INFO - Started process (PID=623) to work on /home/airflow/.local/lib/python3.12/site-packages/airflow/example_dags/example_branch_operator_decorator.py
[2025-04-04T13:41:11.263+0000] {processor.py:914} INFO - Processing file /home/airflow/.local/lib/python3.12/site-packages/airflow/example_dags/example_branch_operator_decorator.py for tasks to queue
[2025-04-04T13:41:11.267+0000] {logging_mixin.py:190} INFO - [2025-04-04T13:41:11.266+0000] {dagbag.py:588} INFO - Filling up the DagBag from /home/airflow/.local/lib/python3.12/site-packages/airflow/example_dags/example_branch_operator_decorator.py
[2025-04-04T13:41:11.301+0000] {processor.py:925} INFO - DAG(s) 'example_branch_python_operator_decorator' retrieved from /home/airflow/.local/lib/python3.12/site-packages/airflow/example_dags/example_branch_operator_decorator.py
[2025-04-04T13:41:11.349+0000] {logging_mixin.py:190} INFO - [2025-04-04T13:41:11.349+0000] {dag.py:3239} INFO - Sync 1 DAGs
[2025-04-04T13:41:11.389+0000] {logging_mixin.py:190} INFO - [2025-04-04T13:41:11.389+0000] {dag.py:4180} INFO - Setting next_dagrun for example_branch_python_operator_decorator to 2025-04-03 00:00:00+00:00, run_after=2025-04-04 00:00:00+00:00
[2025-04-04T13:41:11.421+0000] {processor.py:208} INFO - Processing /home/airflow/.local/lib/python3.12/site-packages/airflow/example_dags/example_branch_operator_decorator.py took 0.169 seconds
[2025-04-04T13:41:42.671+0000] {processor.py:186} INFO - Started process (PID=686) to work on /home/airflow/.local/lib/python3.12/site-packages/airflow/example_dags/example_branch_operator_decorator.py
[2025-04-04T13:41:42.673+0000] {processor.py:914} INFO - Processing file /home/airflow/.local/lib/python3.12/site-packages/airflow/example_dags/example_branch_operator_decorator.py for tasks to queue
[2025-04-04T13:41:42.677+0000] {logging_mixin.py:190} INFO - [2025-04-04T13:41:42.676+0000] {dagbag.py:588} INFO - Filling up the DagBag from /home/airflow/.local/lib/python3.12/site-packages/airflow/example_dags/example_branch_operator_decorator.py
[2025-04-04T13:41:42.715+0000] {processor.py:925} INFO - DAG(s) 'example_branch_python_operator_decorator' retrieved from /home/airflow/.local/lib/python3.12/site-packages/airflow/example_dags/example_branch_operator_decorator.py
[2025-04-04T13:41:42.766+0000] {logging_mixin.py:190} INFO - [2025-04-04T13:41:42.765+0000] {dag.py:3239} INFO - Sync 1 DAGs
[2025-04-04T13:41:42.815+0000] {logging_mixin.py:190} INFO - [2025-04-04T13:41:42.815+0000] {dag.py:4180} INFO - Setting next_dagrun for example_branch_python_operator_decorator to 2025-04-03 00:00:00+00:00, run_after=2025-04-04 00:00:00+00:00
[2025-04-04T13:41:42.853+0000] {processor.py:208} INFO - Processing /home/airflow/.local/lib/python3.12/site-packages/airflow/example_dags/example_branch_operator_decorator.py took 0.191 seconds
[2025-04-04T13:42:13.055+0000] {processor.py:186} INFO - Started process (PID=747) to work on /home/airflow/.local/lib/python3.12/site-packages/airflow/example_dags/example_branch_operator_decorator.py
[2025-04-04T13:42:13.057+0000] {processor.py:914} INFO - Processing file /home/airflow/.local/lib/python3.12/site-packages/airflow/example_dags/example_branch_operator_decorator.py for tasks to queue
[2025-04-04T13:42:13.062+0000] {logging_mixin.py:190} INFO - [2025-04-04T13:42:13.061+0000] {dagbag.py:588} INFO - Filling up the DagBag from /home/airflow/.local/lib/python3.12/site-packages/airflow/example_dags/example_branch_operator_decorator.py
[2025-04-04T13:42:13.104+0000] {processor.py:925} INFO - DAG(s) 'example_branch_python_operator_decorator' retrieved from /home/airflow/.local/lib/python3.12/site-packages/airflow/example_dags/example_branch_operator_decorator.py
[2025-04-04T13:42:13.163+0000] {logging_mixin.py:190} INFO - [2025-04-04T13:42:13.163+0000] {dag.py:3239} INFO - Sync 1 DAGs
[2025-04-04T13:42:13.211+0000] {logging_mixin.py:190} INFO - [2025-04-04T13:42:13.210+0000] {dag.py:4180} INFO - Setting next_dagrun for example_branch_python_operator_decorator to 2025-04-03 00:00:00+00:00, run_after=2025-04-04 00:00:00+00:00
[2025-04-04T13:42:13.246+0000] {processor.py:208} INFO - Processing /home/airflow/.local/lib/python3.12/site-packages/airflow/example_dags/example_branch_operator_decorator.py took 0.203 seconds
[2025-04-04T13:42:43.857+0000] {processor.py:186} INFO - Started process (PID=809) to work on /home/airflow/.local/lib/python3.12/site-packages/airflow/example_dags/example_branch_operator_decorator.py
[2025-04-04T13:42:43.861+0000] {processor.py:914} INFO - Processing file /home/airflow/.local/lib/python3.12/site-packages/airflow/example_dags/example_branch_operator_decorator.py for tasks to queue
[2025-04-04T13:42:43.865+0000] {logging_mixin.py:190} INFO - [2025-04-04T13:42:43.864+0000] {dagbag.py:588} INFO - Filling up the DagBag from /home/airflow/.local/lib/python3.12/site-packages/airflow/example_dags/example_branch_operator_decorator.py
[2025-04-04T13:42:43.936+0000] {processor.py:925} INFO - DAG(s) 'example_branch_python_operator_decorator' retrieved from /home/airflow/.local/lib/python3.12/site-packages/airflow/example_dags/example_branch_operator_decorator.py
[2025-04-04T13:42:44.015+0000] {logging_mixin.py:190} INFO - [2025-04-04T13:42:44.015+0000] {dag.py:3239} INFO - Sync 1 DAGs
[2025-04-04T13:42:44.088+0000] {logging_mixin.py:190} INFO - [2025-04-04T13:42:44.087+0000] {dag.py:4180} INFO - Setting next_dagrun for example_branch_python_operator_decorator to 2025-04-03 00:00:00+00:00, run_after=2025-04-04 00:00:00+00:00
[2025-04-04T13:42:44.137+0000] {processor.py:208} INFO - Processing /home/airflow/.local/lib/python3.12/site-packages/airflow/example_dags/example_branch_operator_decorator.py took 0.311 seconds
[2025-04-04T13:43:14.331+0000] {processor.py:186} INFO - Started process (PID=872) to work on /home/airflow/.local/lib/python3.12/site-packages/airflow/example_dags/example_branch_operator_decorator.py
[2025-04-04T13:43:14.333+0000] {processor.py:914} INFO - Processing file /home/airflow/.local/lib/python3.12/site-packages/airflow/example_dags/example_branch_operator_decorator.py for tasks to queue
[2025-04-04T13:43:14.338+0000] {logging_mixin.py:190} INFO - [2025-04-04T13:43:14.338+0000] {dagbag.py:588} INFO - Filling up the DagBag from /home/airflow/.local/lib/python3.12/site-packages/airflow/example_dags/example_branch_operator_decorator.py
[2025-04-04T13:43:14.394+0000] {processor.py:925} INFO - DAG(s) 'example_branch_python_operator_decorator' retrieved from /home/airflow/.local/lib/python3.12/site-packages/airflow/example_dags/example_branch_operator_decorator.py
[2025-04-04T13:43:14.465+0000] {logging_mixin.py:190} INFO - [2025-04-04T13:43:14.465+0000] {dag.py:3239} INFO - Sync 1 DAGs
[2025-04-04T13:43:14.534+0000] {logging_mixin.py:190} INFO - [2025-04-04T13:43:14.533+0000] {dag.py:4180} INFO - Setting next_dagrun for example_branch_python_operator_decorator to 2025-04-03 00:00:00+00:00, run_after=2025-04-04 00:00:00+00:00
[2025-04-04T13:43:14.576+0000] {processor.py:208} INFO - Processing /home/airflow/.local/lib/python3.12/site-packages/airflow/example_dags/example_branch_operator_decorator.py took 0.258 seconds
[2025-04-04T13:43:44.889+0000] {processor.py:186} INFO - Started process (PID=936) to work on /home/airflow/.local/lib/python3.12/site-packages/airflow/example_dags/example_branch_operator_decorator.py
[2025-04-04T13:43:44.892+0000] {processor.py:914} INFO - Processing file /home/airflow/.local/lib/python3.12/site-packages/airflow/example_dags/example_branch_operator_decorator.py for tasks to queue
[2025-04-04T13:43:44.909+0000] {logging_mixin.py:190} INFO - [2025-04-04T13:43:44.898+0000] {dagbag.py:588} INFO - Filling up the DagBag from /home/airflow/.local/lib/python3.12/site-packages/airflow/example_dags/example_branch_operator_decorator.py
[2025-04-04T13:43:45.092+0000] {processor.py:925} INFO - DAG(s) 'example_branch_python_operator_decorator' retrieved from /home/airflow/.local/lib/python3.12/site-packages/airflow/example_dags/example_branch_operator_decorator.py
[2025-04-04T13:43:45.235+0000] {logging_mixin.py:190} INFO - [2025-04-04T13:43:45.235+0000] {dag.py:3239} INFO - Sync 1 DAGs
[2025-04-04T13:43:45.287+0000] {logging_mixin.py:190} INFO - [2025-04-04T13:43:45.287+0000] {dag.py:4180} INFO - Setting next_dagrun for example_branch_python_operator_decorator to 2025-04-03 00:00:00+00:00, run_after=2025-04-04 00:00:00+00:00
[2025-04-04T13:43:45.326+0000] {processor.py:208} INFO - Processing /home/airflow/.local/lib/python3.12/site-packages/airflow/example_dags/example_branch_operator_decorator.py took 0.452 seconds
[2025-04-04T13:44:16.652+0000] {processor.py:186} INFO - Started process (PID=997) to work on /home/airflow/.local/lib/python3.12/site-packages/airflow/example_dags/example_branch_operator_decorator.py
[2025-04-04T13:44:16.653+0000] {processor.py:914} INFO - Processing file /home/airflow/.local/lib/python3.12/site-packages/airflow/example_dags/example_branch_operator_decorator.py for tasks to queue
[2025-04-04T13:44:16.658+0000] {logging_mixin.py:190} INFO - [2025-04-04T13:44:16.657+0000] {dagbag.py:588} INFO - Filling up the DagBag from /home/airflow/.local/lib/python3.12/site-packages/airflow/example_dags/example_branch_operator_decorator.py
[2025-04-04T13:44:16.706+0000] {processor.py:925} INFO - DAG(s) 'example_branch_python_operator_decorator' retrieved from /home/airflow/.local/lib/python3.12/site-packages/airflow/example_dags/example_branch_operator_decorator.py
[2025-04-04T13:44:16.779+0000] {logging_mixin.py:190} INFO - [2025-04-04T13:44:16.779+0000] {dag.py:3239} INFO - Sync 1 DAGs
[2025-04-04T13:44:16.856+0000] {logging_mixin.py:190} INFO - [2025-04-04T13:44:16.856+0000] {dag.py:4180} INFO - Setting next_dagrun for example_branch_python_operator_decorator to 2025-04-03 00:00:00+00:00, run_after=2025-04-04 00:00:00+00:00
[2025-04-04T13:44:16.904+0000] {processor.py:208} INFO - Processing /home/airflow/.local/lib/python3.12/site-packages/airflow/example_dags/example_branch_operator_decorator.py took 0.265 seconds
[2025-04-04T13:44:47.667+0000] {processor.py:186} INFO - Started process (PID=1056) to work on /home/airflow/.local/lib/python3.12/site-packages/airflow/example_dags/example_branch_operator_decorator.py
[2025-04-04T13:44:47.669+0000] {processor.py:914} INFO - Processing file /home/airflow/.local/lib/python3.12/site-packages/airflow/example_dags/example_branch_operator_decorator.py for tasks to queue
[2025-04-04T13:44:47.678+0000] {logging_mixin.py:190} INFO - [2025-04-04T13:44:47.677+0000] {dagbag.py:588} INFO - Filling up the DagBag from /home/airflow/.local/lib/python3.12/site-packages/airflow/example_dags/example_branch_operator_decorator.py
[2025-04-04T13:44:47.744+0000] {processor.py:925} INFO - DAG(s) 'example_branch_python_operator_decorator' retrieved from /home/airflow/.local/lib/python3.12/site-packages/airflow/example_dags/example_branch_operator_decorator.py
[2025-04-04T13:44:47.820+0000] {logging_mixin.py:190} INFO - [2025-04-04T13:44:47.820+0000] {dag.py:3239} INFO - Sync 1 DAGs
[2025-04-04T13:44:47.889+0000] {logging_mixin.py:190} INFO - [2025-04-04T13:44:47.889+0000] {dag.py:4180} INFO - Setting next_dagrun for example_branch_python_operator_decorator to 2025-04-03 00:00:00+00:00, run_after=2025-04-04 00:00:00+00:00
[2025-04-04T13:44:47.937+0000] {processor.py:208} INFO - Processing /home/airflow/.local/lib/python3.12/site-packages/airflow/example_dags/example_branch_operator_decorator.py took 0.286 seconds
[2025-04-04T13:45:18.778+0000] {processor.py:186} INFO - Started process (PID=1113) to work on /home/airflow/.local/lib/python3.12/site-packages/airflow/example_dags/example_branch_operator_decorator.py
[2025-04-04T13:45:18.780+0000] {processor.py:914} INFO - Processing file /home/airflow/.local/lib/python3.12/site-packages/airflow/example_dags/example_branch_operator_decorator.py for tasks to queue
[2025-04-04T13:45:18.785+0000] {logging_mixin.py:190} INFO - [2025-04-04T13:45:18.784+0000] {dagbag.py:588} INFO - Filling up the DagBag from /home/airflow/.local/lib/python3.12/site-packages/airflow/example_dags/example_branch_operator_decorator.py
[2025-04-04T13:45:18.861+0000] {processor.py:925} INFO - DAG(s) 'example_branch_python_operator_decorator' retrieved from /home/airflow/.local/lib/python3.12/site-packages/airflow/example_dags/example_branch_operator_decorator.py
[2025-04-04T13:45:18.993+0000] {logging_mixin.py:190} INFO - [2025-04-04T13:45:18.993+0000] {dag.py:3239} INFO - Sync 1 DAGs
[2025-04-04T13:45:19.064+0000] {logging_mixin.py:190} INFO - [2025-04-04T13:45:19.064+0000] {dag.py:4180} INFO - Setting next_dagrun for example_branch_python_operator_decorator to 2025-04-03 00:00:00+00:00, run_after=2025-04-04 00:00:00+00:00
[2025-04-04T13:45:19.111+0000] {processor.py:208} INFO - Processing /home/airflow/.local/lib/python3.12/site-packages/airflow/example_dags/example_branch_operator_decorator.py took 0.349 seconds
[2025-04-04T13:45:51.104+0000] {processor.py:186} INFO - Started process (PID=1175) to work on /home/airflow/.local/lib/python3.12/site-packages/airflow/example_dags/example_branch_operator_decorator.py
[2025-04-04T13:45:51.106+0000] {processor.py:914} INFO - Processing file /home/airflow/.local/lib/python3.12/site-packages/airflow/example_dags/example_branch_operator_decorator.py for tasks to queue
[2025-04-04T13:45:51.110+0000] {logging_mixin.py:190} INFO - [2025-04-04T13:45:51.109+0000] {dagbag.py:588} INFO - Filling up the DagBag from /home/airflow/.local/lib/python3.12/site-packages/airflow/example_dags/example_branch_operator_decorator.py
[2025-04-04T13:45:51.157+0000] {processor.py:925} INFO - DAG(s) 'example_branch_python_operator_decorator' retrieved from /home/airflow/.local/lib/python3.12/site-packages/airflow/example_dags/example_branch_operator_decorator.py
[2025-04-04T13:45:51.219+0000] {logging_mixin.py:190} INFO - [2025-04-04T13:45:51.219+0000] {dag.py:3239} INFO - Sync 1 DAGs
[2025-04-04T13:45:51.282+0000] {logging_mixin.py:190} INFO - [2025-04-04T13:45:51.282+0000] {dag.py:4180} INFO - Setting next_dagrun for example_branch_python_operator_decorator to 2025-04-03 00:00:00+00:00, run_after=2025-04-04 00:00:00+00:00
[2025-04-04T13:45:51.323+0000] {processor.py:208} INFO - Processing /home/airflow/.local/lib/python3.12/site-packages/airflow/example_dags/example_branch_operator_decorator.py took 0.230 seconds
[2025-04-04T13:46:21.947+0000] {processor.py:186} INFO - Started process (PID=1237) to work on /home/airflow/.local/lib/python3.12/site-packages/airflow/example_dags/example_branch_operator_decorator.py
[2025-04-04T13:46:21.957+0000] {processor.py:914} INFO - Processing file /home/airflow/.local/lib/python3.12/site-packages/airflow/example_dags/example_branch_operator_decorator.py for tasks to queue
[2025-04-04T13:46:21.964+0000] {logging_mixin.py:190} INFO - [2025-04-04T13:46:21.963+0000] {dagbag.py:588} INFO - Filling up the DagBag from /home/airflow/.local/lib/python3.12/site-packages/airflow/example_dags/example_branch_operator_decorator.py
[2025-04-04T13:46:22.060+0000] {processor.py:925} INFO - DAG(s) 'example_branch_python_operator_decorator' retrieved from /home/airflow/.local/lib/python3.12/site-packages/airflow/example_dags/example_branch_operator_decorator.py
[2025-04-04T13:46:22.196+0000] {logging_mixin.py:190} INFO - [2025-04-04T13:46:22.195+0000] {dag.py:3239} INFO - Sync 1 DAGs
[2025-04-04T13:46:22.323+0000] {logging_mixin.py:190} INFO - [2025-04-04T13:46:22.322+0000] {dag.py:4180} INFO - Setting next_dagrun for example_branch_python_operator_decorator to 2025-04-03 00:00:00+00:00, run_after=2025-04-04 00:00:00+00:00
[2025-04-04T13:46:22.413+0000] {processor.py:208} INFO - Processing /home/airflow/.local/lib/python3.12/site-packages/airflow/example_dags/example_branch_operator_decorator.py took 0.492 seconds
[2025-04-04T13:46:53.148+0000] {processor.py:186} INFO - Started process (PID=1299) to work on /home/airflow/.local/lib/python3.12/site-packages/airflow/example_dags/example_branch_operator_decorator.py
[2025-04-04T13:46:53.151+0000] {processor.py:914} INFO - Processing file /home/airflow/.local/lib/python3.12/site-packages/airflow/example_dags/example_branch_operator_decorator.py for tasks to queue
[2025-04-04T13:46:53.154+0000] {logging_mixin.py:190} INFO - [2025-04-04T13:46:53.154+0000] {dagbag.py:588} INFO - Filling up the DagBag from /home/airflow/.local/lib/python3.12/site-packages/airflow/example_dags/example_branch_operator_decorator.py
[2025-04-04T13:46:53.191+0000] {processor.py:925} INFO - DAG(s) 'example_branch_python_operator_decorator' retrieved from /home/airflow/.local/lib/python3.12/site-packages/airflow/example_dags/example_branch_operator_decorator.py
[2025-04-04T13:46:53.282+0000] {logging_mixin.py:190} INFO - [2025-04-04T13:46:53.281+0000] {dag.py:3239} INFO - Sync 1 DAGs
[2025-04-04T13:46:53.340+0000] {logging_mixin.py:190} INFO - [2025-04-04T13:46:53.339+0000] {dag.py:4180} INFO - Setting next_dagrun for example_branch_python_operator_decorator to 2025-04-03 00:00:00+00:00, run_after=2025-04-04 00:00:00+00:00
[2025-04-04T13:46:53.377+0000] {processor.py:208} INFO - Processing /home/airflow/.local/lib/python3.12/site-packages/airflow/example_dags/example_branch_operator_decorator.py took 0.238 seconds
[2025-04-04T13:47:23.632+0000] {processor.py:186} INFO - Started process (PID=1362) to work on /home/airflow/.local/lib/python3.12/site-packages/airflow/example_dags/example_branch_operator_decorator.py
[2025-04-04T13:47:23.634+0000] {processor.py:914} INFO - Processing file /home/airflow/.local/lib/python3.12/site-packages/airflow/example_dags/example_branch_operator_decorator.py for tasks to queue
[2025-04-04T13:47:23.638+0000] {logging_mixin.py:190} INFO - [2025-04-04T13:47:23.638+0000] {dagbag.py:588} INFO - Filling up the DagBag from /home/airflow/.local/lib/python3.12/site-packages/airflow/example_dags/example_branch_operator_decorator.py
[2025-04-04T13:47:23.716+0000] {processor.py:925} INFO - DAG(s) 'example_branch_python_operator_decorator' retrieved from /home/airflow/.local/lib/python3.12/site-packages/airflow/example_dags/example_branch_operator_decorator.py
[2025-04-04T13:47:23.826+0000] {logging_mixin.py:190} INFO - [2025-04-04T13:47:23.826+0000] {dag.py:3239} INFO - Sync 1 DAGs
[2025-04-04T13:47:23.918+0000] {logging_mixin.py:190} INFO - [2025-04-04T13:47:23.918+0000] {dag.py:4180} INFO - Setting next_dagrun for example_branch_python_operator_decorator to 2025-04-03 00:00:00+00:00, run_after=2025-04-04 00:00:00+00:00
[2025-04-04T13:47:23.957+0000] {processor.py:208} INFO - Processing /home/airflow/.local/lib/python3.12/site-packages/airflow/example_dags/example_branch_operator_decorator.py took 0.337 seconds
[2025-04-04T13:47:55.022+0000] {processor.py:186} INFO - Started process (PID=1432) to work on /home/airflow/.local/lib/python3.12/site-packages/airflow/example_dags/example_branch_operator_decorator.py
[2025-04-04T13:47:55.024+0000] {processor.py:914} INFO - Processing file /home/airflow/.local/lib/python3.12/site-packages/airflow/example_dags/example_branch_operator_decorator.py for tasks to queue
[2025-04-04T13:47:55.033+0000] {logging_mixin.py:190} INFO - [2025-04-04T13:47:55.032+0000] {dagbag.py:588} INFO - Filling up the DagBag from /home/airflow/.local/lib/python3.12/site-packages/airflow/example_dags/example_branch_operator_decorator.py
[2025-04-04T13:47:55.102+0000] {processor.py:925} INFO - DAG(s) 'example_branch_python_operator_decorator' retrieved from /home/airflow/.local/lib/python3.12/site-packages/airflow/example_dags/example_branch_operator_decorator.py
[2025-04-04T13:47:55.172+0000] {logging_mixin.py:190} INFO - [2025-04-04T13:47:55.171+0000] {dag.py:3239} INFO - Sync 1 DAGs
[2025-04-04T13:47:55.231+0000] {logging_mixin.py:190} INFO - [2025-04-04T13:47:55.231+0000] {dag.py:4180} INFO - Setting next_dagrun for example_branch_python_operator_decorator to 2025-04-03 00:00:00+00:00, run_after=2025-04-04 00:00:00+00:00
[2025-04-04T13:47:55.271+0000] {processor.py:208} INFO - Processing /home/airflow/.local/lib/python3.12/site-packages/airflow/example_dags/example_branch_operator_decorator.py took 0.289 seconds
[2025-04-04T13:48:26.290+0000] {processor.py:186} INFO - Started process (PID=1494) to work on /home/airflow/.local/lib/python3.12/site-packages/airflow/example_dags/example_branch_operator_decorator.py
[2025-04-04T13:48:26.292+0000] {processor.py:914} INFO - Processing file /home/airflow/.local/lib/python3.12/site-packages/airflow/example_dags/example_branch_operator_decorator.py for tasks to queue
[2025-04-04T13:48:26.296+0000] {logging_mixin.py:190} INFO - [2025-04-04T13:48:26.296+0000] {dagbag.py:588} INFO - Filling up the DagBag from /home/airflow/.local/lib/python3.12/site-packages/airflow/example_dags/example_branch_operator_decorator.py
[2025-04-04T13:48:26.378+0000] {processor.py:925} INFO - DAG(s) 'example_branch_python_operator_decorator' retrieved from /home/airflow/.local/lib/python3.12/site-packages/airflow/example_dags/example_branch_operator_decorator.py
[2025-04-04T13:48:26.454+0000] {logging_mixin.py:190} INFO - [2025-04-04T13:48:26.453+0000] {dag.py:3239} INFO - Sync 1 DAGs
[2025-04-04T13:48:26.517+0000] {logging_mixin.py:190} INFO - [2025-04-04T13:48:26.516+0000] {dag.py:4180} INFO - Setting next_dagrun for example_branch_python_operator_decorator to 2025-04-03 00:00:00+00:00, run_after=2025-04-04 00:00:00+00:00
[2025-04-04T13:48:26.598+0000] {processor.py:208} INFO - Processing /home/airflow/.local/lib/python3.12/site-packages/airflow/example_dags/example_branch_operator_decorator.py took 0.326 seconds
[2025-04-04T13:48:57.127+0000] {processor.py:186} INFO - Started process (PID=1556) to work on /home/airflow/.local/lib/python3.12/site-packages/airflow/example_dags/example_branch_operator_decorator.py
[2025-04-04T13:48:57.128+0000] {processor.py:914} INFO - Processing file /home/airflow/.local/lib/python3.12/site-packages/airflow/example_dags/example_branch_operator_decorator.py for tasks to queue
[2025-04-04T13:48:57.132+0000] {logging_mixin.py:190} INFO - [2025-04-04T13:48:57.132+0000] {dagbag.py:588} INFO - Filling up the DagBag from /home/airflow/.local/lib/python3.12/site-packages/airflow/example_dags/example_branch_operator_decorator.py
[2025-04-04T13:48:57.193+0000] {processor.py:925} INFO - DAG(s) 'example_branch_python_operator_decorator' retrieved from /home/airflow/.local/lib/python3.12/site-packages/airflow/example_dags/example_branch_operator_decorator.py
[2025-04-04T13:48:57.269+0000] {logging_mixin.py:190} INFO - [2025-04-04T13:48:57.269+0000] {dag.py:3239} INFO - Sync 1 DAGs
[2025-04-04T13:48:57.359+0000] {logging_mixin.py:190} INFO - [2025-04-04T13:48:57.359+0000] {dag.py:4180} INFO - Setting next_dagrun for example_branch_python_operator_decorator to 2025-04-03 00:00:00+00:00, run_after=2025-04-04 00:00:00+00:00
[2025-04-04T13:48:57.398+0000] {processor.py:208} INFO - Processing /home/airflow/.local/lib/python3.12/site-packages/airflow/example_dags/example_branch_operator_decorator.py took 0.281 seconds
[2025-04-04T13:49:29.098+0000] {processor.py:186} INFO - Started process (PID=1617) to work on /home/airflow/.local/lib/python3.12/site-packages/airflow/example_dags/example_branch_operator_decorator.py
[2025-04-04T13:49:29.101+0000] {processor.py:914} INFO - Processing file /home/airflow/.local/lib/python3.12/site-packages/airflow/example_dags/example_branch_operator_decorator.py for tasks to queue
[2025-04-04T13:49:29.106+0000] {logging_mixin.py:190} INFO - [2025-04-04T13:49:29.105+0000] {dagbag.py:588} INFO - Filling up the DagBag from /home/airflow/.local/lib/python3.12/site-packages/airflow/example_dags/example_branch_operator_decorator.py
[2025-04-04T13:49:29.164+0000] {processor.py:925} INFO - DAG(s) 'example_branch_python_operator_decorator' retrieved from /home/airflow/.local/lib/python3.12/site-packages/airflow/example_dags/example_branch_operator_decorator.py
[2025-04-04T13:49:29.257+0000] {logging_mixin.py:190} INFO - [2025-04-04T13:49:29.256+0000] {dag.py:3239} INFO - Sync 1 DAGs
[2025-04-04T13:49:29.358+0000] {logging_mixin.py:190} INFO - [2025-04-04T13:49:29.358+0000] {dag.py:4180} INFO - Setting next_dagrun for example_branch_python_operator_decorator to 2025-04-03 00:00:00+00:00, run_after=2025-04-04 00:00:00+00:00
[2025-04-04T13:49:29.424+0000] {processor.py:208} INFO - Processing /home/airflow/.local/lib/python3.12/site-packages/airflow/example_dags/example_branch_operator_decorator.py took 0.340 seconds
[2025-04-04T13:49:59.712+0000] {processor.py:186} INFO - Started process (PID=1678) to work on /home/airflow/.local/lib/python3.12/site-packages/airflow/example_dags/example_branch_operator_decorator.py
[2025-04-04T13:49:59.716+0000] {processor.py:914} INFO - Processing file /home/airflow/.local/lib/python3.12/site-packages/airflow/example_dags/example_branch_operator_decorator.py for tasks to queue
[2025-04-04T13:49:59.723+0000] {logging_mixin.py:190} INFO - [2025-04-04T13:49:59.722+0000] {dagbag.py:588} INFO - Filling up the DagBag from /home/airflow/.local/lib/python3.12/site-packages/airflow/example_dags/example_branch_operator_decorator.py
[2025-04-04T13:49:59.812+0000] {processor.py:925} INFO - DAG(s) 'example_branch_python_operator_decorator' retrieved from /home/airflow/.local/lib/python3.12/site-packages/airflow/example_dags/example_branch_operator_decorator.py
[2025-04-04T13:49:59.919+0000] {logging_mixin.py:190} INFO - [2025-04-04T13:49:59.918+0000] {dag.py:3239} INFO - Sync 1 DAGs
[2025-04-04T13:50:00.081+0000] {logging_mixin.py:190} INFO - [2025-04-04T13:50:00.080+0000] {dag.py:4180} INFO - Setting next_dagrun for example_branch_python_operator_decorator to 2025-04-03 00:00:00+00:00, run_after=2025-04-04 00:00:00+00:00
[2025-04-04T13:50:00.209+0000] {processor.py:208} INFO - Processing /home/airflow/.local/lib/python3.12/site-packages/airflow/example_dags/example_branch_operator_decorator.py took 0.517 seconds
[2025-04-04T13:50:30.967+0000] {processor.py:186} INFO - Started process (PID=1741) to work on /home/airflow/.local/lib/python3.12/site-packages/airflow/example_dags/example_branch_operator_decorator.py
[2025-04-04T13:50:30.969+0000] {processor.py:914} INFO - Processing file /home/airflow/.local/lib/python3.12/site-packages/airflow/example_dags/example_branch_operator_decorator.py for tasks to queue
[2025-04-04T13:50:30.975+0000] {logging_mixin.py:190} INFO - [2025-04-04T13:50:30.974+0000] {dagbag.py:588} INFO - Filling up the DagBag from /home/airflow/.local/lib/python3.12/site-packages/airflow/example_dags/example_branch_operator_decorator.py
[2025-04-04T13:50:31.108+0000] {processor.py:925} INFO - DAG(s) 'example_branch_python_operator_decorator' retrieved from /home/airflow/.local/lib/python3.12/site-packages/airflow/example_dags/example_branch_operator_decorator.py
[2025-04-04T13:50:31.212+0000] {logging_mixin.py:190} INFO - [2025-04-04T13:50:31.211+0000] {dag.py:3239} INFO - Sync 1 DAGs
[2025-04-04T13:50:31.305+0000] {logging_mixin.py:190} INFO - [2025-04-04T13:50:31.305+0000] {dag.py:4180} INFO - Setting next_dagrun for example_branch_python_operator_decorator to 2025-04-03 00:00:00+00:00, run_after=2025-04-04 00:00:00+00:00
[2025-04-04T13:50:31.359+0000] {processor.py:208} INFO - Processing /home/airflow/.local/lib/python3.12/site-packages/airflow/example_dags/example_branch_operator_decorator.py took 0.409 seconds
[2025-04-04T13:51:02.213+0000] {processor.py:186} INFO - Started process (PID=1804) to work on /home/airflow/.local/lib/python3.12/site-packages/airflow/example_dags/example_branch_operator_decorator.py
[2025-04-04T13:51:02.215+0000] {processor.py:914} INFO - Processing file /home/airflow/.local/lib/python3.12/site-packages/airflow/example_dags/example_branch_operator_decorator.py for tasks to queue
[2025-04-04T13:51:02.223+0000] {logging_mixin.py:190} INFO - [2025-04-04T13:51:02.222+0000] {dagbag.py:588} INFO - Filling up the DagBag from /home/airflow/.local/lib/python3.12/site-packages/airflow/example_dags/example_branch_operator_decorator.py
[2025-04-04T13:51:02.285+0000] {processor.py:925} INFO - DAG(s) 'example_branch_python_operator_decorator' retrieved from /home/airflow/.local/lib/python3.12/site-packages/airflow/example_dags/example_branch_operator_decorator.py
[2025-04-04T13:51:02.342+0000] {logging_mixin.py:190} INFO - [2025-04-04T13:51:02.341+0000] {dag.py:3239} INFO - Sync 1 DAGs
[2025-04-04T13:51:02.401+0000] {logging_mixin.py:190} INFO - [2025-04-04T13:51:02.400+0000] {dag.py:4180} INFO - Setting next_dagrun for example_branch_python_operator_decorator to 2025-04-03 00:00:00+00:00, run_after=2025-04-04 00:00:00+00:00
[2025-04-04T13:51:02.432+0000] {processor.py:208} INFO - Processing /home/airflow/.local/lib/python3.12/site-packages/airflow/example_dags/example_branch_operator_decorator.py took 0.236 seconds
[2025-04-04T13:51:33.118+0000] {processor.py:186} INFO - Started process (PID=1867) to work on /home/airflow/.local/lib/python3.12/site-packages/airflow/example_dags/example_branch_operator_decorator.py
[2025-04-04T13:51:33.121+0000] {processor.py:914} INFO - Processing file /home/airflow/.local/lib/python3.12/site-packages/airflow/example_dags/example_branch_operator_decorator.py for tasks to queue
[2025-04-04T13:51:33.129+0000] {logging_mixin.py:190} INFO - [2025-04-04T13:51:33.128+0000] {dagbag.py:588} INFO - Filling up the DagBag from /home/airflow/.local/lib/python3.12/site-packages/airflow/example_dags/example_branch_operator_decorator.py
[2025-04-04T13:51:33.183+0000] {processor.py:925} INFO - DAG(s) 'example_branch_python_operator_decorator' retrieved from /home/airflow/.local/lib/python3.12/site-packages/airflow/example_dags/example_branch_operator_decorator.py
[2025-04-04T13:51:33.244+0000] {logging_mixin.py:190} INFO - [2025-04-04T13:51:33.244+0000] {dag.py:3239} INFO - Sync 1 DAGs
[2025-04-04T13:51:33.301+0000] {logging_mixin.py:190} INFO - [2025-04-04T13:51:33.300+0000] {dag.py:4180} INFO - Setting next_dagrun for example_branch_python_operator_decorator to 2025-04-03 00:00:00+00:00, run_after=2025-04-04 00:00:00+00:00
[2025-04-04T13:51:33.335+0000] {processor.py:208} INFO - Processing /home/airflow/.local/lib/python3.12/site-packages/airflow/example_dags/example_branch_operator_decorator.py took 0.230 seconds
[2025-04-04T13:52:03.635+0000] {processor.py:186} INFO - Started process (PID=1930) to work on /home/airflow/.local/lib/python3.12/site-packages/airflow/example_dags/example_branch_operator_decorator.py
[2025-04-04T13:52:03.637+0000] {processor.py:914} INFO - Processing file /home/airflow/.local/lib/python3.12/site-packages/airflow/example_dags/example_branch_operator_decorator.py for tasks to queue
[2025-04-04T13:52:03.644+0000] {logging_mixin.py:190} INFO - [2025-04-04T13:52:03.644+0000] {dagbag.py:588} INFO - Filling up the DagBag from /home/airflow/.local/lib/python3.12/site-packages/airflow/example_dags/example_branch_operator_decorator.py
[2025-04-04T13:52:03.720+0000] {processor.py:925} INFO - DAG(s) 'example_branch_python_operator_decorator' retrieved from /home/airflow/.local/lib/python3.12/site-packages/airflow/example_dags/example_branch_operator_decorator.py
[2025-04-04T13:52:03.795+0000] {logging_mixin.py:190} INFO - [2025-04-04T13:52:03.794+0000] {dag.py:3239} INFO - Sync 1 DAGs
[2025-04-04T13:52:03.851+0000] {logging_mixin.py:190} INFO - [2025-04-04T13:52:03.851+0000] {dag.py:4180} INFO - Setting next_dagrun for example_branch_python_operator_decorator to 2025-04-03 00:00:00+00:00, run_after=2025-04-04 00:00:00+00:00
[2025-04-04T13:52:03.887+0000] {processor.py:208} INFO - Processing /home/airflow/.local/lib/python3.12/site-packages/airflow/example_dags/example_branch_operator_decorator.py took 0.267 seconds
[2025-04-04T13:52:34.243+0000] {processor.py:186} INFO - Started process (PID=1994) to work on /home/airflow/.local/lib/python3.12/site-packages/airflow/example_dags/example_branch_operator_decorator.py
[2025-04-04T13:52:34.245+0000] {processor.py:914} INFO - Processing file /home/airflow/.local/lib/python3.12/site-packages/airflow/example_dags/example_branch_operator_decorator.py for tasks to queue
[2025-04-04T13:52:34.250+0000] {logging_mixin.py:190} INFO - [2025-04-04T13:52:34.250+0000] {dagbag.py:588} INFO - Filling up the DagBag from /home/airflow/.local/lib/python3.12/site-packages/airflow/example_dags/example_branch_operator_decorator.py
[2025-04-04T13:52:34.297+0000] {processor.py:925} INFO - DAG(s) 'example_branch_python_operator_decorator' retrieved from /home/airflow/.local/lib/python3.12/site-packages/airflow/example_dags/example_branch_operator_decorator.py
[2025-04-04T13:52:34.366+0000] {logging_mixin.py:190} INFO - [2025-04-04T13:52:34.365+0000] {dag.py:3239} INFO - Sync 1 DAGs
[2025-04-04T13:52:34.417+0000] {logging_mixin.py:190} INFO - [2025-04-04T13:52:34.416+0000] {dag.py:4180} INFO - Setting next_dagrun for example_branch_python_operator_decorator to 2025-04-03 00:00:00+00:00, run_after=2025-04-04 00:00:00+00:00
[2025-04-04T13:52:34.460+0000] {processor.py:208} INFO - Processing /home/airflow/.local/lib/python3.12/site-packages/airflow/example_dags/example_branch_operator_decorator.py took 0.234 seconds
[2025-04-04T13:53:04.861+0000] {processor.py:186} INFO - Started process (PID=2056) to work on /home/airflow/.local/lib/python3.12/site-packages/airflow/example_dags/example_branch_operator_decorator.py
[2025-04-04T13:53:04.863+0000] {processor.py:914} INFO - Processing file /home/airflow/.local/lib/python3.12/site-packages/airflow/example_dags/example_branch_operator_decorator.py for tasks to queue
[2025-04-04T13:53:04.879+0000] {logging_mixin.py:190} INFO - [2025-04-04T13:53:04.878+0000] {dagbag.py:588} INFO - Filling up the DagBag from /home/airflow/.local/lib/python3.12/site-packages/airflow/example_dags/example_branch_operator_decorator.py
[2025-04-04T13:53:05.038+0000] {processor.py:925} INFO - DAG(s) 'example_branch_python_operator_decorator' retrieved from /home/airflow/.local/lib/python3.12/site-packages/airflow/example_dags/example_branch_operator_decorator.py
[2025-04-04T13:53:05.177+0000] {logging_mixin.py:190} INFO - [2025-04-04T13:53:05.174+0000] {dag.py:3239} INFO - Sync 1 DAGs
[2025-04-04T13:53:05.309+0000] {logging_mixin.py:190} INFO - [2025-04-04T13:53:05.309+0000] {dag.py:4180} INFO - Setting next_dagrun for example_branch_python_operator_decorator to 2025-04-03 00:00:00+00:00, run_after=2025-04-04 00:00:00+00:00
[2025-04-04T13:53:05.416+0000] {processor.py:208} INFO - Processing /home/airflow/.local/lib/python3.12/site-packages/airflow/example_dags/example_branch_operator_decorator.py took 0.579 seconds
[2025-04-04T13:53:35.757+0000] {processor.py:186} INFO - Started process (PID=2119) to work on /home/airflow/.local/lib/python3.12/site-packages/airflow/example_dags/example_branch_operator_decorator.py
[2025-04-04T13:53:35.759+0000] {processor.py:914} INFO - Processing file /home/airflow/.local/lib/python3.12/site-packages/airflow/example_dags/example_branch_operator_decorator.py for tasks to queue
[2025-04-04T13:53:35.762+0000] {logging_mixin.py:190} INFO - [2025-04-04T13:53:35.762+0000] {dagbag.py:588} INFO - Filling up the DagBag from /home/airflow/.local/lib/python3.12/site-packages/airflow/example_dags/example_branch_operator_decorator.py
[2025-04-04T13:53:35.807+0000] {processor.py:925} INFO - DAG(s) 'example_branch_python_operator_decorator' retrieved from /home/airflow/.local/lib/python3.12/site-packages/airflow/example_dags/example_branch_operator_decorator.py
[2025-04-04T13:53:35.863+0000] {logging_mixin.py:190} INFO - [2025-04-04T13:53:35.863+0000] {dag.py:3239} INFO - Sync 1 DAGs
[2025-04-04T13:53:35.911+0000] {logging_mixin.py:190} INFO - [2025-04-04T13:53:35.911+0000] {dag.py:4180} INFO - Setting next_dagrun for example_branch_python_operator_decorator to 2025-04-03 00:00:00+00:00, run_after=2025-04-04 00:00:00+00:00
[2025-04-04T13:53:35.952+0000] {processor.py:208} INFO - Processing /home/airflow/.local/lib/python3.12/site-packages/airflow/example_dags/example_branch_operator_decorator.py took 0.207 seconds
[2025-04-04T13:54:06.479+0000] {processor.py:186} INFO - Started process (PID=2181) to work on /home/airflow/.local/lib/python3.12/site-packages/airflow/example_dags/example_branch_operator_decorator.py
[2025-04-04T13:54:06.481+0000] {processor.py:914} INFO - Processing file /home/airflow/.local/lib/python3.12/site-packages/airflow/example_dags/example_branch_operator_decorator.py for tasks to queue
[2025-04-04T13:54:06.488+0000] {logging_mixin.py:190} INFO - [2025-04-04T13:54:06.487+0000] {dagbag.py:588} INFO - Filling up the DagBag from /home/airflow/.local/lib/python3.12/site-packages/airflow/example_dags/example_branch_operator_decorator.py
[2025-04-04T13:54:06.546+0000] {processor.py:925} INFO - DAG(s) 'example_branch_python_operator_decorator' retrieved from /home/airflow/.local/lib/python3.12/site-packages/airflow/example_dags/example_branch_operator_decorator.py
[2025-04-04T13:54:06.629+0000] {logging_mixin.py:190} INFO - [2025-04-04T13:54:06.628+0000] {dag.py:3239} INFO - Sync 1 DAGs
[2025-04-04T13:54:06.717+0000] {logging_mixin.py:190} INFO - [2025-04-04T13:54:06.717+0000] {dag.py:4180} INFO - Setting next_dagrun for example_branch_python_operator_decorator to 2025-04-03 00:00:00+00:00, run_after=2025-04-04 00:00:00+00:00
[2025-04-04T13:54:06.754+0000] {processor.py:208} INFO - Processing /home/airflow/.local/lib/python3.12/site-packages/airflow/example_dags/example_branch_operator_decorator.py took 0.287 seconds
[2025-04-04T13:54:36.887+0000] {processor.py:186} INFO - Started process (PID=2240) to work on /home/airflow/.local/lib/python3.12/site-packages/airflow/example_dags/example_branch_operator_decorator.py
[2025-04-04T13:54:36.889+0000] {processor.py:914} INFO - Processing file /home/airflow/.local/lib/python3.12/site-packages/airflow/example_dags/example_branch_operator_decorator.py for tasks to queue
[2025-04-04T13:54:36.895+0000] {logging_mixin.py:190} INFO - [2025-04-04T13:54:36.894+0000] {dagbag.py:588} INFO - Filling up the DagBag from /home/airflow/.local/lib/python3.12/site-packages/airflow/example_dags/example_branch_operator_decorator.py
[2025-04-04T13:54:36.983+0000] {processor.py:925} INFO - DAG(s) 'example_branch_python_operator_decorator' retrieved from /home/airflow/.local/lib/python3.12/site-packages/airflow/example_dags/example_branch_operator_decorator.py
[2025-04-04T13:54:37.092+0000] {logging_mixin.py:190} INFO - [2025-04-04T13:54:37.091+0000] {dag.py:3239} INFO - Sync 1 DAGs
[2025-04-04T13:54:37.191+0000] {logging_mixin.py:190} INFO - [2025-04-04T13:54:37.191+0000] {dag.py:4180} INFO - Setting next_dagrun for example_branch_python_operator_decorator to 2025-04-03 00:00:00+00:00, run_after=2025-04-04 00:00:00+00:00
[2025-04-04T13:54:37.242+0000] {processor.py:208} INFO - Processing /home/airflow/.local/lib/python3.12/site-packages/airflow/example_dags/example_branch_operator_decorator.py took 0.372 seconds
[2025-04-04T13:55:08.019+0000] {processor.py:186} INFO - Started process (PID=2300) to work on /home/airflow/.local/lib/python3.12/site-packages/airflow/example_dags/example_branch_operator_decorator.py
[2025-04-04T13:55:08.021+0000] {processor.py:914} INFO - Processing file /home/airflow/.local/lib/python3.12/site-packages/airflow/example_dags/example_branch_operator_decorator.py for tasks to queue
[2025-04-04T13:55:08.025+0000] {logging_mixin.py:190} INFO - [2025-04-04T13:55:08.024+0000] {dagbag.py:588} INFO - Filling up the DagBag from /home/airflow/.local/lib/python3.12/site-packages/airflow/example_dags/example_branch_operator_decorator.py
[2025-04-04T13:55:08.090+0000] {processor.py:925} INFO - DAG(s) 'example_branch_python_operator_decorator' retrieved from /home/airflow/.local/lib/python3.12/site-packages/airflow/example_dags/example_branch_operator_decorator.py
[2025-04-04T13:55:08.171+0000] {logging_mixin.py:190} INFO - [2025-04-04T13:55:08.171+0000] {dag.py:3239} INFO - Sync 1 DAGs
[2025-04-04T13:55:08.313+0000] {logging_mixin.py:190} INFO - [2025-04-04T13:55:08.312+0000] {dag.py:4180} INFO - Setting next_dagrun for example_branch_python_operator_decorator to 2025-04-03 00:00:00+00:00, run_after=2025-04-04 00:00:00+00:00
[2025-04-04T13:55:08.397+0000] {processor.py:208} INFO - Processing /home/airflow/.local/lib/python3.12/site-packages/airflow/example_dags/example_branch_operator_decorator.py took 0.390 seconds
[2025-04-04T13:55:38.528+0000] {processor.py:186} INFO - Started process (PID=2361) to work on /home/airflow/.local/lib/python3.12/site-packages/airflow/example_dags/example_branch_operator_decorator.py
[2025-04-04T13:55:38.532+0000] {processor.py:914} INFO - Processing file /home/airflow/.local/lib/python3.12/site-packages/airflow/example_dags/example_branch_operator_decorator.py for tasks to queue
[2025-04-04T13:55:38.535+0000] {logging_mixin.py:190} INFO - [2025-04-04T13:55:38.535+0000] {dagbag.py:588} INFO - Filling up the DagBag from /home/airflow/.local/lib/python3.12/site-packages/airflow/example_dags/example_branch_operator_decorator.py
[2025-04-04T13:55:38.581+0000] {processor.py:925} INFO - DAG(s) 'example_branch_python_operator_decorator' retrieved from /home/airflow/.local/lib/python3.12/site-packages/airflow/example_dags/example_branch_operator_decorator.py
[2025-04-04T13:55:38.644+0000] {logging_mixin.py:190} INFO - [2025-04-04T13:55:38.644+0000] {dag.py:3239} INFO - Sync 1 DAGs
[2025-04-04T13:55:38.705+0000] {logging_mixin.py:190} INFO - [2025-04-04T13:55:38.704+0000] {dag.py:4180} INFO - Setting next_dagrun for example_branch_python_operator_decorator to 2025-04-03 00:00:00+00:00, run_after=2025-04-04 00:00:00+00:00
[2025-04-04T13:55:38.751+0000] {processor.py:208} INFO - Processing /home/airflow/.local/lib/python3.12/site-packages/airflow/example_dags/example_branch_operator_decorator.py took 0.236 seconds
[2025-04-04T13:56:09.423+0000] {processor.py:186} INFO - Started process (PID=2419) to work on /home/airflow/.local/lib/python3.12/site-packages/airflow/example_dags/example_branch_operator_decorator.py
[2025-04-04T13:56:09.425+0000] {processor.py:914} INFO - Processing file /home/airflow/.local/lib/python3.12/site-packages/airflow/example_dags/example_branch_operator_decorator.py for tasks to queue
[2025-04-04T13:56:09.433+0000] {logging_mixin.py:190} INFO - [2025-04-04T13:56:09.432+0000] {dagbag.py:588} INFO - Filling up the DagBag from /home/airflow/.local/lib/python3.12/site-packages/airflow/example_dags/example_branch_operator_decorator.py
[2025-04-04T13:56:09.491+0000] {processor.py:925} INFO - DAG(s) 'example_branch_python_operator_decorator' retrieved from /home/airflow/.local/lib/python3.12/site-packages/airflow/example_dags/example_branch_operator_decorator.py
[2025-04-04T13:56:09.567+0000] {logging_mixin.py:190} INFO - [2025-04-04T13:56:09.566+0000] {dag.py:3239} INFO - Sync 1 DAGs
[2025-04-04T13:56:09.624+0000] {logging_mixin.py:190} INFO - [2025-04-04T13:56:09.624+0000] {dag.py:4180} INFO - Setting next_dagrun for example_branch_python_operator_decorator to 2025-04-03 00:00:00+00:00, run_after=2025-04-04 00:00:00+00:00
[2025-04-04T13:56:09.687+0000] {processor.py:208} INFO - Processing /home/airflow/.local/lib/python3.12/site-packages/airflow/example_dags/example_branch_operator_decorator.py took 0.279 seconds
[2025-04-04T13:56:39.933+0000] {processor.py:186} INFO - Started process (PID=2479) to work on /home/airflow/.local/lib/python3.12/site-packages/airflow/example_dags/example_branch_operator_decorator.py
[2025-04-04T13:56:39.935+0000] {processor.py:914} INFO - Processing file /home/airflow/.local/lib/python3.12/site-packages/airflow/example_dags/example_branch_operator_decorator.py for tasks to queue
[2025-04-04T13:56:39.939+0000] {logging_mixin.py:190} INFO - [2025-04-04T13:56:39.938+0000] {dagbag.py:588} INFO - Filling up the DagBag from /home/airflow/.local/lib/python3.12/site-packages/airflow/example_dags/example_branch_operator_decorator.py
[2025-04-04T13:56:39.978+0000] {processor.py:925} INFO - DAG(s) 'example_branch_python_operator_decorator' retrieved from /home/airflow/.local/lib/python3.12/site-packages/airflow/example_dags/example_branch_operator_decorator.py
[2025-04-04T13:56:40.039+0000] {logging_mixin.py:190} INFO - [2025-04-04T13:56:40.039+0000] {dag.py:3239} INFO - Sync 1 DAGs
[2025-04-04T13:56:40.086+0000] {logging_mixin.py:190} INFO - [2025-04-04T13:56:40.085+0000] {dag.py:4180} INFO - Setting next_dagrun for example_branch_python_operator_decorator to 2025-04-03 00:00:00+00:00, run_after=2025-04-04 00:00:00+00:00
[2025-04-04T13:56:40.142+0000] {processor.py:208} INFO - Processing /home/airflow/.local/lib/python3.12/site-packages/airflow/example_dags/example_branch_operator_decorator.py took 0.218 seconds
[2025-04-04T13:57:10.469+0000] {processor.py:186} INFO - Started process (PID=2538) to work on /home/airflow/.local/lib/python3.12/site-packages/airflow/example_dags/example_branch_operator_decorator.py
[2025-04-04T13:57:10.470+0000] {processor.py:914} INFO - Processing file /home/airflow/.local/lib/python3.12/site-packages/airflow/example_dags/example_branch_operator_decorator.py for tasks to queue
[2025-04-04T13:57:10.474+0000] {logging_mixin.py:190} INFO - [2025-04-04T13:57:10.474+0000] {dagbag.py:588} INFO - Filling up the DagBag from /home/airflow/.local/lib/python3.12/site-packages/airflow/example_dags/example_branch_operator_decorator.py
[2025-04-04T13:57:10.519+0000] {processor.py:925} INFO - DAG(s) 'example_branch_python_operator_decorator' retrieved from /home/airflow/.local/lib/python3.12/site-packages/airflow/example_dags/example_branch_operator_decorator.py
[2025-04-04T13:57:10.589+0000] {logging_mixin.py:190} INFO - [2025-04-04T13:57:10.588+0000] {dag.py:3239} INFO - Sync 1 DAGs
[2025-04-04T13:57:10.657+0000] {logging_mixin.py:190} INFO - [2025-04-04T13:57:10.657+0000] {dag.py:4180} INFO - Setting next_dagrun for example_branch_python_operator_decorator to 2025-04-03 00:00:00+00:00, run_after=2025-04-04 00:00:00+00:00
[2025-04-04T13:57:10.696+0000] {processor.py:208} INFO - Processing /home/airflow/.local/lib/python3.12/site-packages/airflow/example_dags/example_branch_operator_decorator.py took 0.237 seconds
[2025-04-04T13:57:42.221+0000] {processor.py:186} INFO - Started process (PID=2594) to work on /home/airflow/.local/lib/python3.12/site-packages/airflow/example_dags/example_branch_operator_decorator.py
[2025-04-04T13:57:42.223+0000] {processor.py:914} INFO - Processing file /home/airflow/.local/lib/python3.12/site-packages/airflow/example_dags/example_branch_operator_decorator.py for tasks to queue
[2025-04-04T13:57:42.229+0000] {logging_mixin.py:190} INFO - [2025-04-04T13:57:42.228+0000] {dagbag.py:588} INFO - Filling up the DagBag from /home/airflow/.local/lib/python3.12/site-packages/airflow/example_dags/example_branch_operator_decorator.py
[2025-04-04T13:57:42.304+0000] {processor.py:925} INFO - DAG(s) 'example_branch_python_operator_decorator' retrieved from /home/airflow/.local/lib/python3.12/site-packages/airflow/example_dags/example_branch_operator_decorator.py
[2025-04-04T13:57:42.400+0000] {logging_mixin.py:190} INFO - [2025-04-04T13:57:42.399+0000] {dag.py:3239} INFO - Sync 1 DAGs
[2025-04-04T13:57:42.465+0000] {logging_mixin.py:190} INFO - [2025-04-04T13:57:42.465+0000] {dag.py:4180} INFO - Setting next_dagrun for example_branch_python_operator_decorator to 2025-04-03 00:00:00+00:00, run_after=2025-04-04 00:00:00+00:00
[2025-04-04T13:57:42.512+0000] {processor.py:208} INFO - Processing /home/airflow/.local/lib/python3.12/site-packages/airflow/example_dags/example_branch_operator_decorator.py took 0.306 seconds
[2025-04-04T13:58:14.488+0000] {processor.py:186} INFO - Started process (PID=2657) to work on /home/airflow/.local/lib/python3.12/site-packages/airflow/example_dags/example_branch_operator_decorator.py
[2025-04-04T13:58:14.491+0000] {processor.py:914} INFO - Processing file /home/airflow/.local/lib/python3.12/site-packages/airflow/example_dags/example_branch_operator_decorator.py for tasks to queue
[2025-04-04T13:58:14.497+0000] {logging_mixin.py:190} INFO - [2025-04-04T13:58:14.497+0000] {dagbag.py:588} INFO - Filling up the DagBag from /home/airflow/.local/lib/python3.12/site-packages/airflow/example_dags/example_branch_operator_decorator.py
[2025-04-04T13:58:14.563+0000] {processor.py:925} INFO - DAG(s) 'example_branch_python_operator_decorator' retrieved from /home/airflow/.local/lib/python3.12/site-packages/airflow/example_dags/example_branch_operator_decorator.py
[2025-04-04T13:58:14.646+0000] {logging_mixin.py:190} INFO - [2025-04-04T13:58:14.645+0000] {dag.py:3239} INFO - Sync 1 DAGs
[2025-04-04T13:58:14.731+0000] {logging_mixin.py:190} INFO - [2025-04-04T13:58:14.731+0000] {dag.py:4180} INFO - Setting next_dagrun for example_branch_python_operator_decorator to 2025-04-03 00:00:00+00:00, run_after=2025-04-04 00:00:00+00:00
[2025-04-04T13:58:14.778+0000] {processor.py:208} INFO - Processing /home/airflow/.local/lib/python3.12/site-packages/airflow/example_dags/example_branch_operator_decorator.py took 0.306 seconds
[2025-04-04T13:58:48.344+0000] {processor.py:186} INFO - Started process (PID=2720) to work on /home/airflow/.local/lib/python3.12/site-packages/airflow/example_dags/example_branch_operator_decorator.py
[2025-04-04T13:58:48.347+0000] {processor.py:914} INFO - Processing file /home/airflow/.local/lib/python3.12/site-packages/airflow/example_dags/example_branch_operator_decorator.py for tasks to queue
[2025-04-04T13:58:48.356+0000] {logging_mixin.py:190} INFO - [2025-04-04T13:58:48.355+0000] {dagbag.py:588} INFO - Filling up the DagBag from /home/airflow/.local/lib/python3.12/site-packages/airflow/example_dags/example_branch_operator_decorator.py
[2025-04-04T13:58:48.486+0000] {processor.py:925} INFO - DAG(s) 'example_branch_python_operator_decorator' retrieved from /home/airflow/.local/lib/python3.12/site-packages/airflow/example_dags/example_branch_operator_decorator.py
[2025-04-04T13:58:48.714+0000] {logging_mixin.py:190} INFO - [2025-04-04T13:58:48.713+0000] {dag.py:3239} INFO - Sync 1 DAGs
[2025-04-04T13:58:48.852+0000] {logging_mixin.py:190} INFO - [2025-04-04T13:58:48.851+0000] {dag.py:4180} INFO - Setting next_dagrun for example_branch_python_operator_decorator to 2025-04-03 00:00:00+00:00, run_after=2025-04-04 00:00:00+00:00
[2025-04-04T13:58:48.991+0000] {processor.py:208} INFO - Processing /home/airflow/.local/lib/python3.12/site-packages/airflow/example_dags/example_branch_operator_decorator.py took 0.675 seconds
