[2025-04-04T13:36:31.686+0000] {processor.py:186} INFO - Started process (PID=88) to work on /home/airflow/.local/lib/python3.12/site-packages/airflow/example_dags/example_branch_python_dop_operator_3.py
[2025-04-04T13:36:31.689+0000] {processor.py:914} INFO - Processing file /home/airflow/.local/lib/python3.12/site-packages/airflow/example_dags/example_branch_python_dop_operator_3.py for tasks to queue
[2025-04-04T13:36:31.699+0000] {logging_mixin.py:190} INFO - [2025-04-04T13:36:31.699+0000] {dagbag.py:588} INFO - Filling up the DagBag from /home/airflow/.local/lib/python3.12/site-packages/airflow/example_dags/example_branch_python_dop_operator_3.py
[2025-04-04T13:36:31.791+0000] {processor.py:925} INFO - DAG(s) 'example_branch_dop_operator_v3' retrieved from /home/airflow/.local/lib/python3.12/site-packages/airflow/example_dags/example_branch_python_dop_operator_3.py
[2025-04-04T13:36:32.126+0000] {logging_mixin.py:190} INFO - [2025-04-04T13:36:32.125+0000] {override.py:1912} INFO - Created Permission View: can edit on DAG:example_branch_dop_operator_v3
[2025-04-04T13:36:32.153+0000] {logging_mixin.py:190} INFO - [2025-04-04T13:36:32.152+0000] {override.py:1912} INFO - Created Permission View: can delete on DAG:example_branch_dop_operator_v3
[2025-04-04T13:36:32.178+0000] {logging_mixin.py:190} INFO - [2025-04-04T13:36:32.177+0000] {override.py:1912} INFO - Created Permission View: can read on DAG:example_branch_dop_operator_v3
[2025-04-04T13:36:32.204+0000] {logging_mixin.py:190} INFO - [2025-04-04T13:36:32.203+0000] {override.py:1912} INFO - Created Permission View: can delete on DAG Run:example_branch_dop_operator_v3
[2025-04-04T13:36:32.225+0000] {logging_mixin.py:190} INFO - [2025-04-04T13:36:32.224+0000] {override.py:1912} INFO - Created Permission View: can read on DAG Run:example_branch_dop_operator_v3
[2025-04-04T13:36:32.256+0000] {logging_mixin.py:190} INFO - [2025-04-04T13:36:32.256+0000] {override.py:1912} INFO - Created Permission View: can create on DAG Run:example_branch_dop_operator_v3
[2025-04-04T13:36:32.307+0000] {logging_mixin.py:190} INFO - [2025-04-04T13:36:32.305+0000] {override.py:1912} INFO - Created Permission View: menu access on DAG Run:example_branch_dop_operator_v3
[2025-04-04T13:36:32.308+0000] {logging_mixin.py:190} INFO - [2025-04-04T13:36:32.308+0000] {dag.py:3239} INFO - Sync 1 DAGs
[2025-04-04T13:36:32.350+0000] {logging_mixin.py:190} INFO - [2025-04-04T13:36:32.349+0000] {dag.py:3262} INFO - Creating ORM DAG for example_branch_dop_operator_v3
[2025-04-04T13:36:32.387+0000] {logging_mixin.py:190} INFO - [2025-04-04T13:36:32.387+0000] {dag.py:4180} INFO - Setting next_dagrun for example_branch_dop_operator_v3 to 2025-04-04 13:35:00+00:00, run_after=2025-04-04 13:36:00+00:00
[2025-04-04T13:36:32.502+0000] {processor.py:208} INFO - Processing /home/airflow/.local/lib/python3.12/site-packages/airflow/example_dags/example_branch_python_dop_operator_3.py took 0.851 seconds
[2025-04-04T13:37:03.276+0000] {processor.py:186} INFO - Started process (PID=151) to work on /home/airflow/.local/lib/python3.12/site-packages/airflow/example_dags/example_branch_python_dop_operator_3.py
[2025-04-04T13:37:03.278+0000] {processor.py:914} INFO - Processing file /home/airflow/.local/lib/python3.12/site-packages/airflow/example_dags/example_branch_python_dop_operator_3.py for tasks to queue
[2025-04-04T13:37:03.353+0000] {logging_mixin.py:190} INFO - [2025-04-04T13:37:03.285+0000] {dagbag.py:588} INFO - Filling up the DagBag from /home/airflow/.local/lib/python3.12/site-packages/airflow/example_dags/example_branch_python_dop_operator_3.py
[2025-04-04T13:37:03.436+0000] {processor.py:925} INFO - DAG(s) 'example_branch_dop_operator_v3' retrieved from /home/airflow/.local/lib/python3.12/site-packages/airflow/example_dags/example_branch_python_dop_operator_3.py
[2025-04-04T13:37:03.548+0000] {logging_mixin.py:190} INFO - [2025-04-04T13:37:03.547+0000] {dag.py:3239} INFO - Sync 1 DAGs
[2025-04-04T13:37:03.651+0000] {logging_mixin.py:190} INFO - [2025-04-04T13:37:03.651+0000] {dag.py:4180} INFO - Setting next_dagrun for example_branch_dop_operator_v3 to 2025-04-04 13:36:00+00:00, run_after=2025-04-04 13:37:00+00:00
[2025-04-04T13:37:03.757+0000] {processor.py:208} INFO - Processing /home/airflow/.local/lib/python3.12/site-packages/airflow/example_dags/example_branch_python_dop_operator_3.py took 0.510 seconds
[2025-04-04T13:37:34.759+0000] {processor.py:186} INFO - Started process (PID=214) to work on /home/airflow/.local/lib/python3.12/site-packages/airflow/example_dags/example_branch_python_dop_operator_3.py
[2025-04-04T13:37:34.760+0000] {processor.py:914} INFO - Processing file /home/airflow/.local/lib/python3.12/site-packages/airflow/example_dags/example_branch_python_dop_operator_3.py for tasks to queue
[2025-04-04T13:37:34.765+0000] {logging_mixin.py:190} INFO - [2025-04-04T13:37:34.764+0000] {dagbag.py:588} INFO - Filling up the DagBag from /home/airflow/.local/lib/python3.12/site-packages/airflow/example_dags/example_branch_python_dop_operator_3.py
[2025-04-04T13:37:34.784+0000] {processor.py:925} INFO - DAG(s) 'example_branch_dop_operator_v3' retrieved from /home/airflow/.local/lib/python3.12/site-packages/airflow/example_dags/example_branch_python_dop_operator_3.py
[2025-04-04T13:37:34.822+0000] {logging_mixin.py:190} INFO - [2025-04-04T13:37:34.821+0000] {dag.py:3239} INFO - Sync 1 DAGs
[2025-04-04T13:37:34.877+0000] {logging_mixin.py:190} INFO - [2025-04-04T13:37:34.877+0000] {dag.py:4180} INFO - Setting next_dagrun for example_branch_dop_operator_v3 to 2025-04-04 13:36:00+00:00, run_after=2025-04-04 13:37:00+00:00
[2025-04-04T13:37:34.930+0000] {processor.py:208} INFO - Processing /home/airflow/.local/lib/python3.12/site-packages/airflow/example_dags/example_branch_python_dop_operator_3.py took 0.181 seconds
[2025-04-04T13:38:05.757+0000] {processor.py:186} INFO - Started process (PID=277) to work on /home/airflow/.local/lib/python3.12/site-packages/airflow/example_dags/example_branch_python_dop_operator_3.py
[2025-04-04T13:38:05.759+0000] {processor.py:914} INFO - Processing file /home/airflow/.local/lib/python3.12/site-packages/airflow/example_dags/example_branch_python_dop_operator_3.py for tasks to queue
[2025-04-04T13:38:05.764+0000] {logging_mixin.py:190} INFO - [2025-04-04T13:38:05.763+0000] {dagbag.py:588} INFO - Filling up the DagBag from /home/airflow/.local/lib/python3.12/site-packages/airflow/example_dags/example_branch_python_dop_operator_3.py
[2025-04-04T13:38:05.781+0000] {processor.py:925} INFO - DAG(s) 'example_branch_dop_operator_v3' retrieved from /home/airflow/.local/lib/python3.12/site-packages/airflow/example_dags/example_branch_python_dop_operator_3.py
[2025-04-04T13:38:05.816+0000] {logging_mixin.py:190} INFO - [2025-04-04T13:38:05.815+0000] {dag.py:3239} INFO - Sync 1 DAGs
[2025-04-04T13:38:05.868+0000] {logging_mixin.py:190} INFO - [2025-04-04T13:38:05.868+0000] {dag.py:4180} INFO - Setting next_dagrun for example_branch_dop_operator_v3 to 2025-04-04 13:37:00+00:00, run_after=2025-04-04 13:38:00+00:00
[2025-04-04T13:38:05.906+0000] {processor.py:208} INFO - Processing /home/airflow/.local/lib/python3.12/site-packages/airflow/example_dags/example_branch_python_dop_operator_3.py took 0.158 seconds
[2025-04-04T13:38:36.890+0000] {processor.py:186} INFO - Started process (PID=340) to work on /home/airflow/.local/lib/python3.12/site-packages/airflow/example_dags/example_branch_python_dop_operator_3.py
[2025-04-04T13:38:36.891+0000] {processor.py:914} INFO - Processing file /home/airflow/.local/lib/python3.12/site-packages/airflow/example_dags/example_branch_python_dop_operator_3.py for tasks to queue
[2025-04-04T13:38:36.896+0000] {logging_mixin.py:190} INFO - [2025-04-04T13:38:36.896+0000] {dagbag.py:588} INFO - Filling up the DagBag from /home/airflow/.local/lib/python3.12/site-packages/airflow/example_dags/example_branch_python_dop_operator_3.py
[2025-04-04T13:38:36.912+0000] {processor.py:925} INFO - DAG(s) 'example_branch_dop_operator_v3' retrieved from /home/airflow/.local/lib/python3.12/site-packages/airflow/example_dags/example_branch_python_dop_operator_3.py
[2025-04-04T13:38:36.949+0000] {logging_mixin.py:190} INFO - [2025-04-04T13:38:36.948+0000] {dag.py:3239} INFO - Sync 1 DAGs
[2025-04-04T13:38:37.003+0000] {logging_mixin.py:190} INFO - [2025-04-04T13:38:37.002+0000] {dag.py:4180} INFO - Setting next_dagrun for example_branch_dop_operator_v3 to 2025-04-04 13:37:00+00:00, run_after=2025-04-04 13:38:00+00:00
[2025-04-04T13:38:37.039+0000] {processor.py:208} INFO - Processing /home/airflow/.local/lib/python3.12/site-packages/airflow/example_dags/example_branch_python_dop_operator_3.py took 0.161 seconds
[2025-04-04T13:39:10.173+0000] {processor.py:186} INFO - Started process (PID=403) to work on /home/airflow/.local/lib/python3.12/site-packages/airflow/example_dags/example_branch_python_dop_operator_3.py
[2025-04-04T13:39:10.175+0000] {processor.py:914} INFO - Processing file /home/airflow/.local/lib/python3.12/site-packages/airflow/example_dags/example_branch_python_dop_operator_3.py for tasks to queue
[2025-04-04T13:39:10.181+0000] {logging_mixin.py:190} INFO - [2025-04-04T13:39:10.180+0000] {dagbag.py:588} INFO - Filling up the DagBag from /home/airflow/.local/lib/python3.12/site-packages/airflow/example_dags/example_branch_python_dop_operator_3.py
[2025-04-04T13:39:10.211+0000] {processor.py:925} INFO - DAG(s) 'example_branch_dop_operator_v3' retrieved from /home/airflow/.local/lib/python3.12/site-packages/airflow/example_dags/example_branch_python_dop_operator_3.py
[2025-04-04T13:39:10.281+0000] {logging_mixin.py:190} INFO - [2025-04-04T13:39:10.280+0000] {dag.py:3239} INFO - Sync 1 DAGs
[2025-04-04T13:39:10.395+0000] {logging_mixin.py:190} INFO - [2025-04-04T13:39:10.395+0000] {dag.py:4180} INFO - Setting next_dagrun for example_branch_dop_operator_v3 to 2025-04-04 13:38:00+00:00, run_after=2025-04-04 13:39:00+00:00
[2025-04-04T13:39:10.482+0000] {processor.py:208} INFO - Processing /home/airflow/.local/lib/python3.12/site-packages/airflow/example_dags/example_branch_python_dop_operator_3.py took 0.328 seconds
[2025-04-04T13:39:47.567+0000] {processor.py:186} INFO - Started process (PID=456) to work on /home/airflow/.local/lib/python3.12/site-packages/airflow/example_dags/example_branch_python_dop_operator_3.py
[2025-04-04T13:39:47.569+0000] {processor.py:914} INFO - Processing file /home/airflow/.local/lib/python3.12/site-packages/airflow/example_dags/example_branch_python_dop_operator_3.py for tasks to queue
[2025-04-04T13:39:47.575+0000] {logging_mixin.py:190} INFO - [2025-04-04T13:39:47.574+0000] {dagbag.py:588} INFO - Filling up the DagBag from /home/airflow/.local/lib/python3.12/site-packages/airflow/example_dags/example_branch_python_dop_operator_3.py
[2025-04-04T13:39:47.611+0000] {processor.py:925} INFO - DAG(s) 'example_branch_dop_operator_v3' retrieved from /home/airflow/.local/lib/python3.12/site-packages/airflow/example_dags/example_branch_python_dop_operator_3.py
[2025-04-04T13:39:47.658+0000] {logging_mixin.py:190} INFO - [2025-04-04T13:39:47.656+0000] {dag.py:3239} INFO - Sync 1 DAGs
[2025-04-04T13:39:47.799+0000] {logging_mixin.py:190} INFO - [2025-04-04T13:39:47.799+0000] {dag.py:4180} INFO - Setting next_dagrun for example_branch_dop_operator_v3 to 2025-04-04 13:38:00+00:00, run_after=2025-04-04 13:39:00+00:00
[2025-04-04T13:39:47.866+0000] {processor.py:208} INFO - Processing /home/airflow/.local/lib/python3.12/site-packages/airflow/example_dags/example_branch_python_dop_operator_3.py took 0.315 seconds
[2025-04-04T13:40:18.302+0000] {processor.py:186} INFO - Started process (PID=520) to work on /home/airflow/.local/lib/python3.12/site-packages/airflow/example_dags/example_branch_python_dop_operator_3.py
[2025-04-04T13:40:18.311+0000] {processor.py:914} INFO - Processing file /home/airflow/.local/lib/python3.12/site-packages/airflow/example_dags/example_branch_python_dop_operator_3.py for tasks to queue
[2025-04-04T13:40:18.334+0000] {logging_mixin.py:190} INFO - [2025-04-04T13:40:18.333+0000] {dagbag.py:588} INFO - Filling up the DagBag from /home/airflow/.local/lib/python3.12/site-packages/airflow/example_dags/example_branch_python_dop_operator_3.py
[2025-04-04T13:40:18.394+0000] {processor.py:925} INFO - DAG(s) 'example_branch_dop_operator_v3' retrieved from /home/airflow/.local/lib/python3.12/site-packages/airflow/example_dags/example_branch_python_dop_operator_3.py
[2025-04-04T13:40:18.469+0000] {logging_mixin.py:190} INFO - [2025-04-04T13:40:18.468+0000] {dag.py:3239} INFO - Sync 1 DAGs
[2025-04-04T13:40:18.619+0000] {logging_mixin.py:190} INFO - [2025-04-04T13:40:18.619+0000] {dag.py:4180} INFO - Setting next_dagrun for example_branch_dop_operator_v3 to 2025-04-04 13:39:00+00:00, run_after=2025-04-04 13:40:00+00:00
[2025-04-04T13:40:18.699+0000] {processor.py:208} INFO - Processing /home/airflow/.local/lib/python3.12/site-packages/airflow/example_dags/example_branch_python_dop_operator_3.py took 0.418 seconds
[2025-04-04T13:40:48.793+0000] {processor.py:186} INFO - Started process (PID=583) to work on /home/airflow/.local/lib/python3.12/site-packages/airflow/example_dags/example_branch_python_dop_operator_3.py
[2025-04-04T13:40:48.794+0000] {processor.py:914} INFO - Processing file /home/airflow/.local/lib/python3.12/site-packages/airflow/example_dags/example_branch_python_dop_operator_3.py for tasks to queue
[2025-04-04T13:40:48.799+0000] {logging_mixin.py:190} INFO - [2025-04-04T13:40:48.799+0000] {dagbag.py:588} INFO - Filling up the DagBag from /home/airflow/.local/lib/python3.12/site-packages/airflow/example_dags/example_branch_python_dop_operator_3.py
[2025-04-04T13:40:48.821+0000] {processor.py:925} INFO - DAG(s) 'example_branch_dop_operator_v3' retrieved from /home/airflow/.local/lib/python3.12/site-packages/airflow/example_dags/example_branch_python_dop_operator_3.py
[2025-04-04T13:40:48.852+0000] {logging_mixin.py:190} INFO - [2025-04-04T13:40:48.852+0000] {dag.py:3239} INFO - Sync 1 DAGs
[2025-04-04T13:40:48.895+0000] {logging_mixin.py:190} INFO - [2025-04-04T13:40:48.895+0000] {dag.py:4180} INFO - Setting next_dagrun for example_branch_dop_operator_v3 to 2025-04-04 13:39:00+00:00, run_after=2025-04-04 13:40:00+00:00
[2025-04-04T13:40:48.931+0000] {processor.py:208} INFO - Processing /home/airflow/.local/lib/python3.12/site-packages/airflow/example_dags/example_branch_python_dop_operator_3.py took 0.150 seconds
[2025-04-04T13:41:19.639+0000] {processor.py:186} INFO - Started process (PID=645) to work on /home/airflow/.local/lib/python3.12/site-packages/airflow/example_dags/example_branch_python_dop_operator_3.py
[2025-04-04T13:41:19.646+0000] {processor.py:914} INFO - Processing file /home/airflow/.local/lib/python3.12/site-packages/airflow/example_dags/example_branch_python_dop_operator_3.py for tasks to queue
[2025-04-04T13:41:19.653+0000] {logging_mixin.py:190} INFO - [2025-04-04T13:41:19.652+0000] {dagbag.py:588} INFO - Filling up the DagBag from /home/airflow/.local/lib/python3.12/site-packages/airflow/example_dags/example_branch_python_dop_operator_3.py
[2025-04-04T13:41:19.725+0000] {processor.py:925} INFO - DAG(s) 'example_branch_dop_operator_v3' retrieved from /home/airflow/.local/lib/python3.12/site-packages/airflow/example_dags/example_branch_python_dop_operator_3.py
[2025-04-04T13:41:19.911+0000] {logging_mixin.py:190} INFO - [2025-04-04T13:41:19.911+0000] {dag.py:3239} INFO - Sync 1 DAGs
[2025-04-04T13:41:20.097+0000] {logging_mixin.py:190} INFO - [2025-04-04T13:41:20.097+0000] {dag.py:4180} INFO - Setting next_dagrun for example_branch_dop_operator_v3 to 2025-04-04 13:40:00+00:00, run_after=2025-04-04 13:41:00+00:00
[2025-04-04T13:41:20.214+0000] {processor.py:208} INFO - Processing /home/airflow/.local/lib/python3.12/site-packages/airflow/example_dags/example_branch_python_dop_operator_3.py took 0.614 seconds
[2025-04-04T13:41:51.012+0000] {processor.py:186} INFO - Started process (PID=708) to work on /home/airflow/.local/lib/python3.12/site-packages/airflow/example_dags/example_branch_python_dop_operator_3.py
[2025-04-04T13:41:51.014+0000] {processor.py:914} INFO - Processing file /home/airflow/.local/lib/python3.12/site-packages/airflow/example_dags/example_branch_python_dop_operator_3.py for tasks to queue
[2025-04-04T13:41:51.019+0000] {logging_mixin.py:190} INFO - [2025-04-04T13:41:51.018+0000] {dagbag.py:588} INFO - Filling up the DagBag from /home/airflow/.local/lib/python3.12/site-packages/airflow/example_dags/example_branch_python_dop_operator_3.py
[2025-04-04T13:41:51.038+0000] {processor.py:925} INFO - DAG(s) 'example_branch_dop_operator_v3' retrieved from /home/airflow/.local/lib/python3.12/site-packages/airflow/example_dags/example_branch_python_dop_operator_3.py
[2025-04-04T13:41:51.074+0000] {logging_mixin.py:190} INFO - [2025-04-04T13:41:51.074+0000] {dag.py:3239} INFO - Sync 1 DAGs
[2025-04-04T13:41:51.127+0000] {logging_mixin.py:190} INFO - [2025-04-04T13:41:51.127+0000] {dag.py:4180} INFO - Setting next_dagrun for example_branch_dop_operator_v3 to 2025-04-04 13:40:00+00:00, run_after=2025-04-04 13:41:00+00:00
[2025-04-04T13:41:51.179+0000] {processor.py:208} INFO - Processing /home/airflow/.local/lib/python3.12/site-packages/airflow/example_dags/example_branch_python_dop_operator_3.py took 0.178 seconds
[2025-04-04T13:42:21.368+0000] {processor.py:186} INFO - Started process (PID=770) to work on /home/airflow/.local/lib/python3.12/site-packages/airflow/example_dags/example_branch_python_dop_operator_3.py
[2025-04-04T13:42:21.371+0000] {processor.py:914} INFO - Processing file /home/airflow/.local/lib/python3.12/site-packages/airflow/example_dags/example_branch_python_dop_operator_3.py for tasks to queue
[2025-04-04T13:42:21.380+0000] {logging_mixin.py:190} INFO - [2025-04-04T13:42:21.379+0000] {dagbag.py:588} INFO - Filling up the DagBag from /home/airflow/.local/lib/python3.12/site-packages/airflow/example_dags/example_branch_python_dop_operator_3.py
[2025-04-04T13:42:21.413+0000] {processor.py:925} INFO - DAG(s) 'example_branch_dop_operator_v3' retrieved from /home/airflow/.local/lib/python3.12/site-packages/airflow/example_dags/example_branch_python_dop_operator_3.py
[2025-04-04T13:42:21.478+0000] {logging_mixin.py:190} INFO - [2025-04-04T13:42:21.477+0000] {dag.py:3239} INFO - Sync 1 DAGs
[2025-04-04T13:42:21.586+0000] {logging_mixin.py:190} INFO - [2025-04-04T13:42:21.585+0000] {dag.py:4180} INFO - Setting next_dagrun for example_branch_dop_operator_v3 to 2025-04-04 13:41:00+00:00, run_after=2025-04-04 13:42:00+00:00
[2025-04-04T13:42:21.656+0000] {processor.py:208} INFO - Processing /home/airflow/.local/lib/python3.12/site-packages/airflow/example_dags/example_branch_python_dop_operator_3.py took 0.308 seconds
[2025-04-04T13:42:52.186+0000] {processor.py:186} INFO - Started process (PID=833) to work on /home/airflow/.local/lib/python3.12/site-packages/airflow/example_dags/example_branch_python_dop_operator_3.py
[2025-04-04T13:42:52.194+0000] {processor.py:914} INFO - Processing file /home/airflow/.local/lib/python3.12/site-packages/airflow/example_dags/example_branch_python_dop_operator_3.py for tasks to queue
[2025-04-04T13:42:52.203+0000] {logging_mixin.py:190} INFO - [2025-04-04T13:42:52.202+0000] {dagbag.py:588} INFO - Filling up the DagBag from /home/airflow/.local/lib/python3.12/site-packages/airflow/example_dags/example_branch_python_dop_operator_3.py
[2025-04-04T13:42:52.256+0000] {processor.py:925} INFO - DAG(s) 'example_branch_dop_operator_v3' retrieved from /home/airflow/.local/lib/python3.12/site-packages/airflow/example_dags/example_branch_python_dop_operator_3.py
[2025-04-04T13:42:52.316+0000] {logging_mixin.py:190} INFO - [2025-04-04T13:42:52.316+0000] {dag.py:3239} INFO - Sync 1 DAGs
[2025-04-04T13:42:52.419+0000] {logging_mixin.py:190} INFO - [2025-04-04T13:42:52.418+0000] {dag.py:4180} INFO - Setting next_dagrun for example_branch_dop_operator_v3 to 2025-04-04 13:41:00+00:00, run_after=2025-04-04 13:42:00+00:00
[2025-04-04T13:42:52.468+0000] {processor.py:208} INFO - Processing /home/airflow/.local/lib/python3.12/site-packages/airflow/example_dags/example_branch_python_dop_operator_3.py took 0.303 seconds
[2025-04-04T13:43:22.661+0000] {processor.py:186} INFO - Started process (PID=896) to work on /home/airflow/.local/lib/python3.12/site-packages/airflow/example_dags/example_branch_python_dop_operator_3.py
[2025-04-04T13:43:22.666+0000] {processor.py:914} INFO - Processing file /home/airflow/.local/lib/python3.12/site-packages/airflow/example_dags/example_branch_python_dop_operator_3.py for tasks to queue
[2025-04-04T13:43:22.674+0000] {logging_mixin.py:190} INFO - [2025-04-04T13:43:22.673+0000] {dagbag.py:588} INFO - Filling up the DagBag from /home/airflow/.local/lib/python3.12/site-packages/airflow/example_dags/example_branch_python_dop_operator_3.py
[2025-04-04T13:43:22.721+0000] {processor.py:925} INFO - DAG(s) 'example_branch_dop_operator_v3' retrieved from /home/airflow/.local/lib/python3.12/site-packages/airflow/example_dags/example_branch_python_dop_operator_3.py
[2025-04-04T13:43:22.842+0000] {logging_mixin.py:190} INFO - [2025-04-04T13:43:22.841+0000] {dag.py:3239} INFO - Sync 1 DAGs
[2025-04-04T13:43:23.009+0000] {logging_mixin.py:190} INFO - [2025-04-04T13:43:23.009+0000] {dag.py:4180} INFO - Setting next_dagrun for example_branch_dop_operator_v3 to 2025-04-04 13:42:00+00:00, run_after=2025-04-04 13:43:00+00:00
[2025-04-04T13:43:23.054+0000] {processor.py:208} INFO - Processing /home/airflow/.local/lib/python3.12/site-packages/airflow/example_dags/example_branch_python_dop_operator_3.py took 0.417 seconds
[2025-04-04T13:43:54.718+0000] {processor.py:186} INFO - Started process (PID=964) to work on /home/airflow/.local/lib/python3.12/site-packages/airflow/example_dags/example_branch_python_dop_operator_3.py
[2025-04-04T13:43:54.720+0000] {processor.py:914} INFO - Processing file /home/airflow/.local/lib/python3.12/site-packages/airflow/example_dags/example_branch_python_dop_operator_3.py for tasks to queue
[2025-04-04T13:43:54.733+0000] {logging_mixin.py:190} INFO - [2025-04-04T13:43:54.732+0000] {dagbag.py:588} INFO - Filling up the DagBag from /home/airflow/.local/lib/python3.12/site-packages/airflow/example_dags/example_branch_python_dop_operator_3.py
[2025-04-04T13:43:54.760+0000] {processor.py:925} INFO - DAG(s) 'example_branch_dop_operator_v3' retrieved from /home/airflow/.local/lib/python3.12/site-packages/airflow/example_dags/example_branch_python_dop_operator_3.py
[2025-04-04T13:43:54.804+0000] {logging_mixin.py:190} INFO - [2025-04-04T13:43:54.804+0000] {dag.py:3239} INFO - Sync 1 DAGs
[2025-04-04T13:43:54.874+0000] {logging_mixin.py:190} INFO - [2025-04-04T13:43:54.873+0000] {dag.py:4180} INFO - Setting next_dagrun for example_branch_dop_operator_v3 to 2025-04-04 13:42:00+00:00, run_after=2025-04-04 13:43:00+00:00
[2025-04-04T13:43:54.912+0000] {processor.py:208} INFO - Processing /home/airflow/.local/lib/python3.12/site-packages/airflow/example_dags/example_branch_python_dop_operator_3.py took 0.213 seconds
[2025-04-04T13:44:26.429+0000] {processor.py:186} INFO - Started process (PID=1027) to work on /home/airflow/.local/lib/python3.12/site-packages/airflow/example_dags/example_branch_python_dop_operator_3.py
[2025-04-04T13:44:26.431+0000] {processor.py:914} INFO - Processing file /home/airflow/.local/lib/python3.12/site-packages/airflow/example_dags/example_branch_python_dop_operator_3.py for tasks to queue
[2025-04-04T13:44:26.438+0000] {logging_mixin.py:190} INFO - [2025-04-04T13:44:26.437+0000] {dagbag.py:588} INFO - Filling up the DagBag from /home/airflow/.local/lib/python3.12/site-packages/airflow/example_dags/example_branch_python_dop_operator_3.py
[2025-04-04T13:44:26.470+0000] {processor.py:925} INFO - DAG(s) 'example_branch_dop_operator_v3' retrieved from /home/airflow/.local/lib/python3.12/site-packages/airflow/example_dags/example_branch_python_dop_operator_3.py
[2025-04-04T13:44:26.525+0000] {logging_mixin.py:190} INFO - [2025-04-04T13:44:26.525+0000] {dag.py:3239} INFO - Sync 1 DAGs
[2025-04-04T13:44:26.653+0000] {logging_mixin.py:190} INFO - [2025-04-04T13:44:26.651+0000] {dag.py:4180} INFO - Setting next_dagrun for example_branch_dop_operator_v3 to 2025-04-04 13:43:00+00:00, run_after=2025-04-04 13:44:00+00:00
[2025-04-04T13:44:26.735+0000] {processor.py:208} INFO - Processing /home/airflow/.local/lib/python3.12/site-packages/airflow/example_dags/example_branch_python_dop_operator_3.py took 0.321 seconds
[2025-04-04T13:44:57.613+0000] {processor.py:186} INFO - Started process (PID=1090) to work on /home/airflow/.local/lib/python3.12/site-packages/airflow/example_dags/example_branch_python_dop_operator_3.py
[2025-04-04T13:44:57.616+0000] {processor.py:914} INFO - Processing file /home/airflow/.local/lib/python3.12/site-packages/airflow/example_dags/example_branch_python_dop_operator_3.py for tasks to queue
[2025-04-04T13:44:57.620+0000] {logging_mixin.py:190} INFO - [2025-04-04T13:44:57.619+0000] {dagbag.py:588} INFO - Filling up the DagBag from /home/airflow/.local/lib/python3.12/site-packages/airflow/example_dags/example_branch_python_dop_operator_3.py
[2025-04-04T13:44:57.640+0000] {processor.py:925} INFO - DAG(s) 'example_branch_dop_operator_v3' retrieved from /home/airflow/.local/lib/python3.12/site-packages/airflow/example_dags/example_branch_python_dop_operator_3.py
[2025-04-04T13:44:57.684+0000] {logging_mixin.py:190} INFO - [2025-04-04T13:44:57.683+0000] {dag.py:3239} INFO - Sync 1 DAGs
[2025-04-04T13:44:57.744+0000] {logging_mixin.py:190} INFO - [2025-04-04T13:44:57.744+0000] {dag.py:4180} INFO - Setting next_dagrun for example_branch_dop_operator_v3 to 2025-04-04 13:43:00+00:00, run_after=2025-04-04 13:44:00+00:00
[2025-04-04T13:44:57.782+0000] {processor.py:208} INFO - Processing /home/airflow/.local/lib/python3.12/site-packages/airflow/example_dags/example_branch_python_dop_operator_3.py took 0.179 seconds
[2025-04-04T13:45:28.742+0000] {processor.py:186} INFO - Started process (PID=1152) to work on /home/airflow/.local/lib/python3.12/site-packages/airflow/example_dags/example_branch_python_dop_operator_3.py
[2025-04-04T13:45:28.744+0000] {processor.py:914} INFO - Processing file /home/airflow/.local/lib/python3.12/site-packages/airflow/example_dags/example_branch_python_dop_operator_3.py for tasks to queue
[2025-04-04T13:45:28.751+0000] {logging_mixin.py:190} INFO - [2025-04-04T13:45:28.749+0000] {dagbag.py:588} INFO - Filling up the DagBag from /home/airflow/.local/lib/python3.12/site-packages/airflow/example_dags/example_branch_python_dop_operator_3.py
[2025-04-04T13:45:28.775+0000] {processor.py:925} INFO - DAG(s) 'example_branch_dop_operator_v3' retrieved from /home/airflow/.local/lib/python3.12/site-packages/airflow/example_dags/example_branch_python_dop_operator_3.py
[2025-04-04T13:45:28.821+0000] {logging_mixin.py:190} INFO - [2025-04-04T13:45:28.821+0000] {dag.py:3239} INFO - Sync 1 DAGs
[2025-04-04T13:45:28.897+0000] {logging_mixin.py:190} INFO - [2025-04-04T13:45:28.897+0000] {dag.py:4180} INFO - Setting next_dagrun for example_branch_dop_operator_v3 to 2025-04-04 13:44:00+00:00, run_after=2025-04-04 13:45:00+00:00
[2025-04-04T13:45:28.956+0000] {processor.py:208} INFO - Processing /home/airflow/.local/lib/python3.12/site-packages/airflow/example_dags/example_branch_python_dop_operator_3.py took 0.224 seconds
[2025-04-04T13:45:59.317+0000] {processor.py:186} INFO - Started process (PID=1215) to work on /home/airflow/.local/lib/python3.12/site-packages/airflow/example_dags/example_branch_python_dop_operator_3.py
[2025-04-04T13:45:59.319+0000] {processor.py:914} INFO - Processing file /home/airflow/.local/lib/python3.12/site-packages/airflow/example_dags/example_branch_python_dop_operator_3.py for tasks to queue
[2025-04-04T13:45:59.325+0000] {logging_mixin.py:190} INFO - [2025-04-04T13:45:59.324+0000] {dagbag.py:588} INFO - Filling up the DagBag from /home/airflow/.local/lib/python3.12/site-packages/airflow/example_dags/example_branch_python_dop_operator_3.py
[2025-04-04T13:45:59.367+0000] {processor.py:925} INFO - DAG(s) 'example_branch_dop_operator_v3' retrieved from /home/airflow/.local/lib/python3.12/site-packages/airflow/example_dags/example_branch_python_dop_operator_3.py
[2025-04-04T13:45:59.423+0000] {logging_mixin.py:190} INFO - [2025-04-04T13:45:59.422+0000] {dag.py:3239} INFO - Sync 1 DAGs
[2025-04-04T13:45:59.612+0000] {logging_mixin.py:190} INFO - [2025-04-04T13:45:59.612+0000] {dag.py:4180} INFO - Setting next_dagrun for example_branch_dop_operator_v3 to 2025-04-04 13:44:00+00:00, run_after=2025-04-04 13:45:00+00:00
[2025-04-04T13:45:59.806+0000] {processor.py:208} INFO - Processing /home/airflow/.local/lib/python3.12/site-packages/airflow/example_dags/example_branch_python_dop_operator_3.py took 0.506 seconds
[2025-04-04T13:46:37.827+0000] {processor.py:186} INFO - Started process (PID=1266) to work on /home/airflow/.local/lib/python3.12/site-packages/airflow/example_dags/example_branch_python_dop_operator_3.py
[2025-04-04T13:46:37.836+0000] {processor.py:914} INFO - Processing file /home/airflow/.local/lib/python3.12/site-packages/airflow/example_dags/example_branch_python_dop_operator_3.py for tasks to queue
[2025-04-04T13:46:37.855+0000] {logging_mixin.py:190} INFO - [2025-04-04T13:46:37.853+0000] {dagbag.py:588} INFO - Filling up the DagBag from /home/airflow/.local/lib/python3.12/site-packages/airflow/example_dags/example_branch_python_dop_operator_3.py
[2025-04-04T13:46:37.913+0000] {processor.py:925} INFO - DAG(s) 'example_branch_dop_operator_v3' retrieved from /home/airflow/.local/lib/python3.12/site-packages/airflow/example_dags/example_branch_python_dop_operator_3.py
[2025-04-04T13:46:38.005+0000] {logging_mixin.py:190} INFO - [2025-04-04T13:46:38.005+0000] {dag.py:3239} INFO - Sync 1 DAGs
[2025-04-04T13:46:38.100+0000] {logging_mixin.py:190} INFO - [2025-04-04T13:46:38.100+0000] {dag.py:4180} INFO - Setting next_dagrun for example_branch_dop_operator_v3 to 2025-04-04 13:45:00+00:00, run_after=2025-04-04 13:46:00+00:00
[2025-04-04T13:46:38.186+0000] {processor.py:208} INFO - Processing /home/airflow/.local/lib/python3.12/site-packages/airflow/example_dags/example_branch_python_dop_operator_3.py took 0.379 seconds
[2025-04-04T13:47:08.492+0000] {processor.py:186} INFO - Started process (PID=1329) to work on /home/airflow/.local/lib/python3.12/site-packages/airflow/example_dags/example_branch_python_dop_operator_3.py
[2025-04-04T13:47:08.494+0000] {processor.py:914} INFO - Processing file /home/airflow/.local/lib/python3.12/site-packages/airflow/example_dags/example_branch_python_dop_operator_3.py for tasks to queue
[2025-04-04T13:47:08.501+0000] {logging_mixin.py:190} INFO - [2025-04-04T13:47:08.500+0000] {dagbag.py:588} INFO - Filling up the DagBag from /home/airflow/.local/lib/python3.12/site-packages/airflow/example_dags/example_branch_python_dop_operator_3.py
[2025-04-04T13:47:08.529+0000] {processor.py:925} INFO - DAG(s) 'example_branch_dop_operator_v3' retrieved from /home/airflow/.local/lib/python3.12/site-packages/airflow/example_dags/example_branch_python_dop_operator_3.py
[2025-04-04T13:47:08.580+0000] {logging_mixin.py:190} INFO - [2025-04-04T13:47:08.579+0000] {dag.py:3239} INFO - Sync 1 DAGs
[2025-04-04T13:47:08.653+0000] {logging_mixin.py:190} INFO - [2025-04-04T13:47:08.652+0000] {dag.py:4180} INFO - Setting next_dagrun for example_branch_dop_operator_v3 to 2025-04-04 13:46:00+00:00, run_after=2025-04-04 13:47:00+00:00
[2025-04-04T13:47:08.728+0000] {processor.py:208} INFO - Processing /home/airflow/.local/lib/python3.12/site-packages/airflow/example_dags/example_branch_python_dop_operator_3.py took 0.253 seconds
[2025-04-04T13:47:39.016+0000] {processor.py:186} INFO - Started process (PID=1392) to work on /home/airflow/.local/lib/python3.12/site-packages/airflow/example_dags/example_branch_python_dop_operator_3.py
[2025-04-04T13:47:39.018+0000] {processor.py:914} INFO - Processing file /home/airflow/.local/lib/python3.12/site-packages/airflow/example_dags/example_branch_python_dop_operator_3.py for tasks to queue
[2025-04-04T13:47:39.024+0000] {logging_mixin.py:190} INFO - [2025-04-04T13:47:39.023+0000] {dagbag.py:588} INFO - Filling up the DagBag from /home/airflow/.local/lib/python3.12/site-packages/airflow/example_dags/example_branch_python_dop_operator_3.py
[2025-04-04T13:47:39.060+0000] {processor.py:925} INFO - DAG(s) 'example_branch_dop_operator_v3' retrieved from /home/airflow/.local/lib/python3.12/site-packages/airflow/example_dags/example_branch_python_dop_operator_3.py
[2025-04-04T13:47:39.136+0000] {logging_mixin.py:190} INFO - [2025-04-04T13:47:39.132+0000] {dag.py:3239} INFO - Sync 1 DAGs
[2025-04-04T13:47:39.227+0000] {logging_mixin.py:190} INFO - [2025-04-04T13:47:39.227+0000] {dag.py:4180} INFO - Setting next_dagrun for example_branch_dop_operator_v3 to 2025-04-04 13:46:00+00:00, run_after=2025-04-04 13:47:00+00:00
[2025-04-04T13:47:39.295+0000] {processor.py:208} INFO - Processing /home/airflow/.local/lib/python3.12/site-packages/airflow/example_dags/example_branch_python_dop_operator_3.py took 0.294 seconds
[2025-04-04T13:48:10.394+0000] {processor.py:186} INFO - Started process (PID=1456) to work on /home/airflow/.local/lib/python3.12/site-packages/airflow/example_dags/example_branch_python_dop_operator_3.py
[2025-04-04T13:48:10.416+0000] {processor.py:914} INFO - Processing file /home/airflow/.local/lib/python3.12/site-packages/airflow/example_dags/example_branch_python_dop_operator_3.py for tasks to queue
[2025-04-04T13:48:10.441+0000] {logging_mixin.py:190} INFO - [2025-04-04T13:48:10.440+0000] {dagbag.py:588} INFO - Filling up the DagBag from /home/airflow/.local/lib/python3.12/site-packages/airflow/example_dags/example_branch_python_dop_operator_3.py
[2025-04-04T13:48:10.513+0000] {processor.py:925} INFO - DAG(s) 'example_branch_dop_operator_v3' retrieved from /home/airflow/.local/lib/python3.12/site-packages/airflow/example_dags/example_branch_python_dop_operator_3.py
[2025-04-04T13:48:10.619+0000] {logging_mixin.py:190} INFO - [2025-04-04T13:48:10.619+0000] {dag.py:3239} INFO - Sync 1 DAGs
[2025-04-04T13:48:10.788+0000] {logging_mixin.py:190} INFO - [2025-04-04T13:48:10.787+0000] {dag.py:4180} INFO - Setting next_dagrun for example_branch_dop_operator_v3 to 2025-04-04 13:47:00+00:00, run_after=2025-04-04 13:48:00+00:00
[2025-04-04T13:48:10.865+0000] {processor.py:208} INFO - Processing /home/airflow/.local/lib/python3.12/site-packages/airflow/example_dags/example_branch_python_dop_operator_3.py took 0.525 seconds
[2025-04-04T13:48:42.398+0000] {processor.py:186} INFO - Started process (PID=1518) to work on /home/airflow/.local/lib/python3.12/site-packages/airflow/example_dags/example_branch_python_dop_operator_3.py
[2025-04-04T13:48:42.401+0000] {processor.py:914} INFO - Processing file /home/airflow/.local/lib/python3.12/site-packages/airflow/example_dags/example_branch_python_dop_operator_3.py for tasks to queue
[2025-04-04T13:48:42.406+0000] {logging_mixin.py:190} INFO - [2025-04-04T13:48:42.406+0000] {dagbag.py:588} INFO - Filling up the DagBag from /home/airflow/.local/lib/python3.12/site-packages/airflow/example_dags/example_branch_python_dop_operator_3.py
[2025-04-04T13:48:42.500+0000] {processor.py:925} INFO - DAG(s) 'example_branch_dop_operator_v3' retrieved from /home/airflow/.local/lib/python3.12/site-packages/airflow/example_dags/example_branch_python_dop_operator_3.py
[2025-04-04T13:48:42.596+0000] {logging_mixin.py:190} INFO - [2025-04-04T13:48:42.595+0000] {dag.py:3239} INFO - Sync 1 DAGs
[2025-04-04T13:48:42.683+0000] {logging_mixin.py:190} INFO - [2025-04-04T13:48:42.683+0000] {dag.py:4180} INFO - Setting next_dagrun for example_branch_dop_operator_v3 to 2025-04-04 13:47:00+00:00, run_after=2025-04-04 13:48:00+00:00
[2025-04-04T13:48:42.746+0000] {processor.py:208} INFO - Processing /home/airflow/.local/lib/python3.12/site-packages/airflow/example_dags/example_branch_python_dop_operator_3.py took 0.366 seconds
[2025-04-04T13:49:13.234+0000] {processor.py:186} INFO - Started process (PID=1580) to work on /home/airflow/.local/lib/python3.12/site-packages/airflow/example_dags/example_branch_python_dop_operator_3.py
[2025-04-04T13:49:13.236+0000] {processor.py:914} INFO - Processing file /home/airflow/.local/lib/python3.12/site-packages/airflow/example_dags/example_branch_python_dop_operator_3.py for tasks to queue
[2025-04-04T13:49:13.245+0000] {logging_mixin.py:190} INFO - [2025-04-04T13:49:13.244+0000] {dagbag.py:588} INFO - Filling up the DagBag from /home/airflow/.local/lib/python3.12/site-packages/airflow/example_dags/example_branch_python_dop_operator_3.py
[2025-04-04T13:49:13.278+0000] {processor.py:925} INFO - DAG(s) 'example_branch_dop_operator_v3' retrieved from /home/airflow/.local/lib/python3.12/site-packages/airflow/example_dags/example_branch_python_dop_operator_3.py
[2025-04-04T13:49:13.339+0000] {logging_mixin.py:190} INFO - [2025-04-04T13:49:13.338+0000] {dag.py:3239} INFO - Sync 1 DAGs
[2025-04-04T13:49:13.412+0000] {logging_mixin.py:190} INFO - [2025-04-04T13:49:13.412+0000] {dag.py:4180} INFO - Setting next_dagrun for example_branch_dop_operator_v3 to 2025-04-04 13:48:00+00:00, run_after=2025-04-04 13:49:00+00:00
[2025-04-04T13:49:13.458+0000] {processor.py:208} INFO - Processing /home/airflow/.local/lib/python3.12/site-packages/airflow/example_dags/example_branch_python_dop_operator_3.py took 0.241 seconds
[2025-04-04T13:49:43.982+0000] {processor.py:186} INFO - Started process (PID=1643) to work on /home/airflow/.local/lib/python3.12/site-packages/airflow/example_dags/example_branch_python_dop_operator_3.py
[2025-04-04T13:49:43.985+0000] {processor.py:914} INFO - Processing file /home/airflow/.local/lib/python3.12/site-packages/airflow/example_dags/example_branch_python_dop_operator_3.py for tasks to queue
[2025-04-04T13:49:43.990+0000] {logging_mixin.py:190} INFO - [2025-04-04T13:49:43.989+0000] {dagbag.py:588} INFO - Filling up the DagBag from /home/airflow/.local/lib/python3.12/site-packages/airflow/example_dags/example_branch_python_dop_operator_3.py
[2025-04-04T13:49:44.011+0000] {processor.py:925} INFO - DAG(s) 'example_branch_dop_operator_v3' retrieved from /home/airflow/.local/lib/python3.12/site-packages/airflow/example_dags/example_branch_python_dop_operator_3.py
[2025-04-04T13:49:44.062+0000] {logging_mixin.py:190} INFO - [2025-04-04T13:49:44.061+0000] {dag.py:3239} INFO - Sync 1 DAGs
[2025-04-04T13:49:44.141+0000] {logging_mixin.py:190} INFO - [2025-04-04T13:49:44.140+0000] {dag.py:4180} INFO - Setting next_dagrun for example_branch_dop_operator_v3 to 2025-04-04 13:48:00+00:00, run_after=2025-04-04 13:49:00+00:00
[2025-04-04T13:49:44.196+0000] {processor.py:208} INFO - Processing /home/airflow/.local/lib/python3.12/site-packages/airflow/example_dags/example_branch_python_dop_operator_3.py took 0.228 seconds
[2025-04-04T13:50:15.647+0000] {processor.py:186} INFO - Started process (PID=1704) to work on /home/airflow/.local/lib/python3.12/site-packages/airflow/example_dags/example_branch_python_dop_operator_3.py
[2025-04-04T13:50:15.649+0000] {processor.py:914} INFO - Processing file /home/airflow/.local/lib/python3.12/site-packages/airflow/example_dags/example_branch_python_dop_operator_3.py for tasks to queue
[2025-04-04T13:50:15.660+0000] {logging_mixin.py:190} INFO - [2025-04-04T13:50:15.659+0000] {dagbag.py:588} INFO - Filling up the DagBag from /home/airflow/.local/lib/python3.12/site-packages/airflow/example_dags/example_branch_python_dop_operator_3.py
[2025-04-04T13:50:15.682+0000] {processor.py:925} INFO - DAG(s) 'example_branch_dop_operator_v3' retrieved from /home/airflow/.local/lib/python3.12/site-packages/airflow/example_dags/example_branch_python_dop_operator_3.py
[2025-04-04T13:50:15.723+0000] {logging_mixin.py:190} INFO - [2025-04-04T13:50:15.722+0000] {dag.py:3239} INFO - Sync 1 DAGs
[2025-04-04T13:50:15.858+0000] {logging_mixin.py:190} INFO - [2025-04-04T13:50:15.857+0000] {dag.py:4180} INFO - Setting next_dagrun for example_branch_dop_operator_v3 to 2025-04-04 13:49:00+00:00, run_after=2025-04-04 13:50:00+00:00
[2025-04-04T13:50:15.928+0000] {processor.py:208} INFO - Processing /home/airflow/.local/lib/python3.12/site-packages/airflow/example_dags/example_branch_python_dop_operator_3.py took 0.292 seconds
[2025-04-04T13:50:47.450+0000] {processor.py:186} INFO - Started process (PID=1766) to work on /home/airflow/.local/lib/python3.12/site-packages/airflow/example_dags/example_branch_python_dop_operator_3.py
[2025-04-04T13:50:47.456+0000] {processor.py:914} INFO - Processing file /home/airflow/.local/lib/python3.12/site-packages/airflow/example_dags/example_branch_python_dop_operator_3.py for tasks to queue
[2025-04-04T13:50:47.460+0000] {logging_mixin.py:190} INFO - [2025-04-04T13:50:47.460+0000] {dagbag.py:588} INFO - Filling up the DagBag from /home/airflow/.local/lib/python3.12/site-packages/airflow/example_dags/example_branch_python_dop_operator_3.py
[2025-04-04T13:50:47.494+0000] {processor.py:925} INFO - DAG(s) 'example_branch_dop_operator_v3' retrieved from /home/airflow/.local/lib/python3.12/site-packages/airflow/example_dags/example_branch_python_dop_operator_3.py
[2025-04-04T13:50:47.549+0000] {logging_mixin.py:190} INFO - [2025-04-04T13:50:47.548+0000] {dag.py:3239} INFO - Sync 1 DAGs
[2025-04-04T13:50:47.632+0000] {logging_mixin.py:190} INFO - [2025-04-04T13:50:47.632+0000] {dag.py:4180} INFO - Setting next_dagrun for example_branch_dop_operator_v3 to 2025-04-04 13:49:00+00:00, run_after=2025-04-04 13:50:00+00:00
[2025-04-04T13:50:47.673+0000] {processor.py:208} INFO - Processing /home/airflow/.local/lib/python3.12/site-packages/airflow/example_dags/example_branch_python_dop_operator_3.py took 0.239 seconds
[2025-04-04T13:51:18.414+0000] {processor.py:186} INFO - Started process (PID=1829) to work on /home/airflow/.local/lib/python3.12/site-packages/airflow/example_dags/example_branch_python_dop_operator_3.py
[2025-04-04T13:51:18.424+0000] {processor.py:914} INFO - Processing file /home/airflow/.local/lib/python3.12/site-packages/airflow/example_dags/example_branch_python_dop_operator_3.py for tasks to queue
[2025-04-04T13:51:18.430+0000] {logging_mixin.py:190} INFO - [2025-04-04T13:51:18.429+0000] {dagbag.py:588} INFO - Filling up the DagBag from /home/airflow/.local/lib/python3.12/site-packages/airflow/example_dags/example_branch_python_dop_operator_3.py
[2025-04-04T13:51:18.464+0000] {processor.py:925} INFO - DAG(s) 'example_branch_dop_operator_v3' retrieved from /home/airflow/.local/lib/python3.12/site-packages/airflow/example_dags/example_branch_python_dop_operator_3.py
[2025-04-04T13:51:18.517+0000] {logging_mixin.py:190} INFO - [2025-04-04T13:51:18.517+0000] {dag.py:3239} INFO - Sync 1 DAGs
[2025-04-04T13:51:18.617+0000] {logging_mixin.py:190} INFO - [2025-04-04T13:51:18.617+0000] {dag.py:4180} INFO - Setting next_dagrun for example_branch_dop_operator_v3 to 2025-04-04 13:50:00+00:00, run_after=2025-04-04 13:51:00+00:00
[2025-04-04T13:51:18.657+0000] {processor.py:208} INFO - Processing /home/airflow/.local/lib/python3.12/site-packages/airflow/example_dags/example_branch_python_dop_operator_3.py took 0.253 seconds
[2025-04-04T13:51:48.976+0000] {processor.py:186} INFO - Started process (PID=1891) to work on /home/airflow/.local/lib/python3.12/site-packages/airflow/example_dags/example_branch_python_dop_operator_3.py
[2025-04-04T13:51:48.978+0000] {processor.py:914} INFO - Processing file /home/airflow/.local/lib/python3.12/site-packages/airflow/example_dags/example_branch_python_dop_operator_3.py for tasks to queue
[2025-04-04T13:51:48.981+0000] {logging_mixin.py:190} INFO - [2025-04-04T13:51:48.981+0000] {dagbag.py:588} INFO - Filling up the DagBag from /home/airflow/.local/lib/python3.12/site-packages/airflow/example_dags/example_branch_python_dop_operator_3.py
[2025-04-04T13:51:48.998+0000] {processor.py:925} INFO - DAG(s) 'example_branch_dop_operator_v3' retrieved from /home/airflow/.local/lib/python3.12/site-packages/airflow/example_dags/example_branch_python_dop_operator_3.py
[2025-04-04T13:51:49.031+0000] {logging_mixin.py:190} INFO - [2025-04-04T13:51:49.031+0000] {dag.py:3239} INFO - Sync 1 DAGs
[2025-04-04T13:51:49.105+0000] {logging_mixin.py:190} INFO - [2025-04-04T13:51:49.105+0000] {dag.py:4180} INFO - Setting next_dagrun for example_branch_dop_operator_v3 to 2025-04-04 13:50:00+00:00, run_after=2025-04-04 13:51:00+00:00
[2025-04-04T13:51:49.152+0000] {processor.py:208} INFO - Processing /home/airflow/.local/lib/python3.12/site-packages/airflow/example_dags/example_branch_python_dop_operator_3.py took 0.187 seconds
[2025-04-04T13:52:19.672+0000] {processor.py:186} INFO - Started process (PID=1954) to work on /home/airflow/.local/lib/python3.12/site-packages/airflow/example_dags/example_branch_python_dop_operator_3.py
[2025-04-04T13:52:19.673+0000] {processor.py:914} INFO - Processing file /home/airflow/.local/lib/python3.12/site-packages/airflow/example_dags/example_branch_python_dop_operator_3.py for tasks to queue
[2025-04-04T13:52:19.678+0000] {logging_mixin.py:190} INFO - [2025-04-04T13:52:19.677+0000] {dagbag.py:588} INFO - Filling up the DagBag from /home/airflow/.local/lib/python3.12/site-packages/airflow/example_dags/example_branch_python_dop_operator_3.py
[2025-04-04T13:52:19.702+0000] {processor.py:925} INFO - DAG(s) 'example_branch_dop_operator_v3' retrieved from /home/airflow/.local/lib/python3.12/site-packages/airflow/example_dags/example_branch_python_dop_operator_3.py
[2025-04-04T13:52:19.744+0000] {logging_mixin.py:190} INFO - [2025-04-04T13:52:19.743+0000] {dag.py:3239} INFO - Sync 1 DAGs
[2025-04-04T13:52:19.808+0000] {logging_mixin.py:190} INFO - [2025-04-04T13:52:19.807+0000] {dag.py:4180} INFO - Setting next_dagrun for example_branch_dop_operator_v3 to 2025-04-04 13:51:00+00:00, run_after=2025-04-04 13:52:00+00:00
[2025-04-04T13:52:19.851+0000] {processor.py:208} INFO - Processing /home/airflow/.local/lib/python3.12/site-packages/airflow/example_dags/example_branch_python_dop_operator_3.py took 0.190 seconds
[2025-04-04T13:52:50.123+0000] {processor.py:186} INFO - Started process (PID=2016) to work on /home/airflow/.local/lib/python3.12/site-packages/airflow/example_dags/example_branch_python_dop_operator_3.py
[2025-04-04T13:52:50.125+0000] {processor.py:914} INFO - Processing file /home/airflow/.local/lib/python3.12/site-packages/airflow/example_dags/example_branch_python_dop_operator_3.py for tasks to queue
[2025-04-04T13:52:50.129+0000] {logging_mixin.py:190} INFO - [2025-04-04T13:52:50.129+0000] {dagbag.py:588} INFO - Filling up the DagBag from /home/airflow/.local/lib/python3.12/site-packages/airflow/example_dags/example_branch_python_dop_operator_3.py
[2025-04-04T13:52:50.154+0000] {processor.py:925} INFO - DAG(s) 'example_branch_dop_operator_v3' retrieved from /home/airflow/.local/lib/python3.12/site-packages/airflow/example_dags/example_branch_python_dop_operator_3.py
[2025-04-04T13:52:50.195+0000] {logging_mixin.py:190} INFO - [2025-04-04T13:52:50.195+0000] {dag.py:3239} INFO - Sync 1 DAGs
[2025-04-04T13:52:50.257+0000] {logging_mixin.py:190} INFO - [2025-04-04T13:52:50.257+0000] {dag.py:4180} INFO - Setting next_dagrun for example_branch_dop_operator_v3 to 2025-04-04 13:51:00+00:00, run_after=2025-04-04 13:52:00+00:00
[2025-04-04T13:52:50.292+0000] {processor.py:208} INFO - Processing /home/airflow/.local/lib/python3.12/site-packages/airflow/example_dags/example_branch_python_dop_operator_3.py took 0.181 seconds
[2025-04-04T13:53:22.459+0000] {processor.py:186} INFO - Started process (PID=2078) to work on /home/airflow/.local/lib/python3.12/site-packages/airflow/example_dags/example_branch_python_dop_operator_3.py
[2025-04-04T13:53:22.460+0000] {processor.py:914} INFO - Processing file /home/airflow/.local/lib/python3.12/site-packages/airflow/example_dags/example_branch_python_dop_operator_3.py for tasks to queue
[2025-04-04T13:53:22.466+0000] {logging_mixin.py:190} INFO - [2025-04-04T13:53:22.465+0000] {dagbag.py:588} INFO - Filling up the DagBag from /home/airflow/.local/lib/python3.12/site-packages/airflow/example_dags/example_branch_python_dop_operator_3.py
[2025-04-04T13:53:22.492+0000] {processor.py:925} INFO - DAG(s) 'example_branch_dop_operator_v3' retrieved from /home/airflow/.local/lib/python3.12/site-packages/airflow/example_dags/example_branch_python_dop_operator_3.py
[2025-04-04T13:53:22.540+0000] {logging_mixin.py:190} INFO - [2025-04-04T13:53:22.539+0000] {dag.py:3239} INFO - Sync 1 DAGs
[2025-04-04T13:53:22.618+0000] {logging_mixin.py:190} INFO - [2025-04-04T13:53:22.617+0000] {dag.py:4180} INFO - Setting next_dagrun for example_branch_dop_operator_v3 to 2025-04-04 13:52:00+00:00, run_after=2025-04-04 13:53:00+00:00
[2025-04-04T13:53:22.663+0000] {processor.py:208} INFO - Processing /home/airflow/.local/lib/python3.12/site-packages/airflow/example_dags/example_branch_python_dop_operator_3.py took 0.217 seconds
[2025-04-04T13:53:54.547+0000] {processor.py:186} INFO - Started process (PID=2140) to work on /home/airflow/.local/lib/python3.12/site-packages/airflow/example_dags/example_branch_python_dop_operator_3.py
[2025-04-04T13:53:54.549+0000] {processor.py:914} INFO - Processing file /home/airflow/.local/lib/python3.12/site-packages/airflow/example_dags/example_branch_python_dop_operator_3.py for tasks to queue
[2025-04-04T13:53:54.553+0000] {logging_mixin.py:190} INFO - [2025-04-04T13:53:54.552+0000] {dagbag.py:588} INFO - Filling up the DagBag from /home/airflow/.local/lib/python3.12/site-packages/airflow/example_dags/example_branch_python_dop_operator_3.py
[2025-04-04T13:53:54.580+0000] {processor.py:925} INFO - DAG(s) 'example_branch_dop_operator_v3' retrieved from /home/airflow/.local/lib/python3.12/site-packages/airflow/example_dags/example_branch_python_dop_operator_3.py
[2025-04-04T13:53:54.627+0000] {logging_mixin.py:190} INFO - [2025-04-04T13:53:54.626+0000] {dag.py:3239} INFO - Sync 1 DAGs
[2025-04-04T13:53:54.698+0000] {logging_mixin.py:190} INFO - [2025-04-04T13:53:54.697+0000] {dag.py:4180} INFO - Setting next_dagrun for example_branch_dop_operator_v3 to 2025-04-04 13:52:00+00:00, run_after=2025-04-04 13:53:00+00:00
[2025-04-04T13:53:54.759+0000] {processor.py:208} INFO - Processing /home/airflow/.local/lib/python3.12/site-packages/airflow/example_dags/example_branch_python_dop_operator_3.py took 0.226 seconds
[2025-04-04T13:54:28.558+0000] {processor.py:186} INFO - Started process (PID=2210) to work on /home/airflow/.local/lib/python3.12/site-packages/airflow/example_dags/example_branch_python_dop_operator_3.py
[2025-04-04T13:54:28.560+0000] {processor.py:914} INFO - Processing file /home/airflow/.local/lib/python3.12/site-packages/airflow/example_dags/example_branch_python_dop_operator_3.py for tasks to queue
[2025-04-04T13:54:28.566+0000] {logging_mixin.py:190} INFO - [2025-04-04T13:54:28.565+0000] {dagbag.py:588} INFO - Filling up the DagBag from /home/airflow/.local/lib/python3.12/site-packages/airflow/example_dags/example_branch_python_dop_operator_3.py
[2025-04-04T13:54:28.594+0000] {processor.py:925} INFO - DAG(s) 'example_branch_dop_operator_v3' retrieved from /home/airflow/.local/lib/python3.12/site-packages/airflow/example_dags/example_branch_python_dop_operator_3.py
[2025-04-04T13:54:28.644+0000] {logging_mixin.py:190} INFO - [2025-04-04T13:54:28.644+0000] {dag.py:3239} INFO - Sync 1 DAGs
[2025-04-04T13:54:28.719+0000] {logging_mixin.py:190} INFO - [2025-04-04T13:54:28.719+0000] {dag.py:4180} INFO - Setting next_dagrun for example_branch_dop_operator_v3 to 2025-04-04 13:53:00+00:00, run_after=2025-04-04 13:54:00+00:00
[2025-04-04T13:54:28.769+0000] {processor.py:208} INFO - Processing /home/airflow/.local/lib/python3.12/site-packages/airflow/example_dags/example_branch_python_dop_operator_3.py took 0.228 seconds
[2025-04-04T13:55:00.297+0000] {processor.py:186} INFO - Started process (PID=2273) to work on /home/airflow/.local/lib/python3.12/site-packages/airflow/example_dags/example_branch_python_dop_operator_3.py
[2025-04-04T13:55:00.308+0000] {processor.py:914} INFO - Processing file /home/airflow/.local/lib/python3.12/site-packages/airflow/example_dags/example_branch_python_dop_operator_3.py for tasks to queue
[2025-04-04T13:55:00.317+0000] {logging_mixin.py:190} INFO - [2025-04-04T13:55:00.316+0000] {dagbag.py:588} INFO - Filling up the DagBag from /home/airflow/.local/lib/python3.12/site-packages/airflow/example_dags/example_branch_python_dop_operator_3.py
[2025-04-04T13:55:00.346+0000] {processor.py:925} INFO - DAG(s) 'example_branch_dop_operator_v3' retrieved from /home/airflow/.local/lib/python3.12/site-packages/airflow/example_dags/example_branch_python_dop_operator_3.py
[2025-04-04T13:55:00.389+0000] {logging_mixin.py:190} INFO - [2025-04-04T13:55:00.388+0000] {dag.py:3239} INFO - Sync 1 DAGs
[2025-04-04T13:55:00.478+0000] {logging_mixin.py:190} INFO - [2025-04-04T13:55:00.477+0000] {dag.py:4180} INFO - Setting next_dagrun for example_branch_dop_operator_v3 to 2025-04-04 13:54:00+00:00, run_after=2025-04-04 13:55:00+00:00
[2025-04-04T13:55:00.534+0000] {processor.py:208} INFO - Processing /home/airflow/.local/lib/python3.12/site-packages/airflow/example_dags/example_branch_python_dop_operator_3.py took 0.261 seconds
[2025-04-04T13:55:32.200+0000] {processor.py:186} INFO - Started process (PID=2335) to work on /home/airflow/.local/lib/python3.12/site-packages/airflow/example_dags/example_branch_python_dop_operator_3.py
[2025-04-04T13:55:32.202+0000] {processor.py:914} INFO - Processing file /home/airflow/.local/lib/python3.12/site-packages/airflow/example_dags/example_branch_python_dop_operator_3.py for tasks to queue
[2025-04-04T13:55:32.207+0000] {logging_mixin.py:190} INFO - [2025-04-04T13:55:32.207+0000] {dagbag.py:588} INFO - Filling up the DagBag from /home/airflow/.local/lib/python3.12/site-packages/airflow/example_dags/example_branch_python_dop_operator_3.py
[2025-04-04T13:55:32.235+0000] {processor.py:925} INFO - DAG(s) 'example_branch_dop_operator_v3' retrieved from /home/airflow/.local/lib/python3.12/site-packages/airflow/example_dags/example_branch_python_dop_operator_3.py
[2025-04-04T13:55:32.289+0000] {logging_mixin.py:190} INFO - [2025-04-04T13:55:32.288+0000] {dag.py:3239} INFO - Sync 1 DAGs
[2025-04-04T13:55:32.375+0000] {logging_mixin.py:190} INFO - [2025-04-04T13:55:32.374+0000] {dag.py:4180} INFO - Setting next_dagrun for example_branch_dop_operator_v3 to 2025-04-04 13:54:00+00:00, run_after=2025-04-04 13:55:00+00:00
[2025-04-04T13:55:32.417+0000] {processor.py:208} INFO - Processing /home/airflow/.local/lib/python3.12/site-packages/airflow/example_dags/example_branch_python_dop_operator_3.py took 0.234 seconds
[2025-04-04T13:56:02.735+0000] {processor.py:186} INFO - Started process (PID=2396) to work on /home/airflow/.local/lib/python3.12/site-packages/airflow/example_dags/example_branch_python_dop_operator_3.py
[2025-04-04T13:56:02.737+0000] {processor.py:914} INFO - Processing file /home/airflow/.local/lib/python3.12/site-packages/airflow/example_dags/example_branch_python_dop_operator_3.py for tasks to queue
[2025-04-04T13:56:02.744+0000] {logging_mixin.py:190} INFO - [2025-04-04T13:56:02.743+0000] {dagbag.py:588} INFO - Filling up the DagBag from /home/airflow/.local/lib/python3.12/site-packages/airflow/example_dags/example_branch_python_dop_operator_3.py
[2025-04-04T13:56:02.768+0000] {processor.py:925} INFO - DAG(s) 'example_branch_dop_operator_v3' retrieved from /home/airflow/.local/lib/python3.12/site-packages/airflow/example_dags/example_branch_python_dop_operator_3.py
[2025-04-04T13:56:02.817+0000] {logging_mixin.py:190} INFO - [2025-04-04T13:56:02.817+0000] {dag.py:3239} INFO - Sync 1 DAGs
[2025-04-04T13:56:02.896+0000] {logging_mixin.py:190} INFO - [2025-04-04T13:56:02.895+0000] {dag.py:4180} INFO - Setting next_dagrun for example_branch_dop_operator_v3 to 2025-04-04 13:55:00+00:00, run_after=2025-04-04 13:56:00+00:00
[2025-04-04T13:56:02.959+0000] {processor.py:208} INFO - Processing /home/airflow/.local/lib/python3.12/site-packages/airflow/example_dags/example_branch_python_dop_operator_3.py took 0.238 seconds
[2025-04-04T13:56:33.129+0000] {processor.py:186} INFO - Started process (PID=2459) to work on /home/airflow/.local/lib/python3.12/site-packages/airflow/example_dags/example_branch_python_dop_operator_3.py
[2025-04-04T13:56:33.130+0000] {processor.py:914} INFO - Processing file /home/airflow/.local/lib/python3.12/site-packages/airflow/example_dags/example_branch_python_dop_operator_3.py for tasks to queue
[2025-04-04T13:56:33.136+0000] {logging_mixin.py:190} INFO - [2025-04-04T13:56:33.135+0000] {dagbag.py:588} INFO - Filling up the DagBag from /home/airflow/.local/lib/python3.12/site-packages/airflow/example_dags/example_branch_python_dop_operator_3.py
[2025-04-04T13:56:33.158+0000] {processor.py:925} INFO - DAG(s) 'example_branch_dop_operator_v3' retrieved from /home/airflow/.local/lib/python3.12/site-packages/airflow/example_dags/example_branch_python_dop_operator_3.py
[2025-04-04T13:56:33.200+0000] {logging_mixin.py:190} INFO - [2025-04-04T13:56:33.200+0000] {dag.py:3239} INFO - Sync 1 DAGs
[2025-04-04T13:56:33.258+0000] {logging_mixin.py:190} INFO - [2025-04-04T13:56:33.258+0000] {dag.py:4180} INFO - Setting next_dagrun for example_branch_dop_operator_v3 to 2025-04-04 13:55:00+00:00, run_after=2025-04-04 13:56:00+00:00
[2025-04-04T13:56:33.301+0000] {processor.py:208} INFO - Processing /home/airflow/.local/lib/python3.12/site-packages/airflow/example_dags/example_branch_python_dop_operator_3.py took 0.182 seconds
[2025-04-04T13:57:03.659+0000] {processor.py:186} INFO - Started process (PID=2522) to work on /home/airflow/.local/lib/python3.12/site-packages/airflow/example_dags/example_branch_python_dop_operator_3.py
[2025-04-04T13:57:03.663+0000] {processor.py:914} INFO - Processing file /home/airflow/.local/lib/python3.12/site-packages/airflow/example_dags/example_branch_python_dop_operator_3.py for tasks to queue
[2025-04-04T13:57:03.672+0000] {logging_mixin.py:190} INFO - [2025-04-04T13:57:03.671+0000] {dagbag.py:588} INFO - Filling up the DagBag from /home/airflow/.local/lib/python3.12/site-packages/airflow/example_dags/example_branch_python_dop_operator_3.py
[2025-04-04T13:57:03.705+0000] {processor.py:925} INFO - DAG(s) 'example_branch_dop_operator_v3' retrieved from /home/airflow/.local/lib/python3.12/site-packages/airflow/example_dags/example_branch_python_dop_operator_3.py
[2025-04-04T13:57:03.766+0000] {logging_mixin.py:190} INFO - [2025-04-04T13:57:03.765+0000] {dag.py:3239} INFO - Sync 1 DAGs
[2025-04-04T13:57:03.852+0000] {logging_mixin.py:190} INFO - [2025-04-04T13:57:03.848+0000] {dag.py:4180} INFO - Setting next_dagrun for example_branch_dop_operator_v3 to 2025-04-04 13:56:00+00:00, run_after=2025-04-04 13:57:00+00:00
[2025-04-04T13:57:03.919+0000] {processor.py:208} INFO - Processing /home/airflow/.local/lib/python3.12/site-packages/airflow/example_dags/example_branch_python_dop_operator_3.py took 0.278 seconds
[2025-04-04T13:57:34.194+0000] {processor.py:186} INFO - Started process (PID=2585) to work on /home/airflow/.local/lib/python3.12/site-packages/airflow/example_dags/example_branch_python_dop_operator_3.py
[2025-04-04T13:57:34.198+0000] {processor.py:914} INFO - Processing file /home/airflow/.local/lib/python3.12/site-packages/airflow/example_dags/example_branch_python_dop_operator_3.py for tasks to queue
[2025-04-04T13:57:34.205+0000] {logging_mixin.py:190} INFO - [2025-04-04T13:57:34.204+0000] {dagbag.py:588} INFO - Filling up the DagBag from /home/airflow/.local/lib/python3.12/site-packages/airflow/example_dags/example_branch_python_dop_operator_3.py
[2025-04-04T13:57:34.232+0000] {processor.py:925} INFO - DAG(s) 'example_branch_dop_operator_v3' retrieved from /home/airflow/.local/lib/python3.12/site-packages/airflow/example_dags/example_branch_python_dop_operator_3.py
[2025-04-04T13:57:34.278+0000] {logging_mixin.py:190} INFO - [2025-04-04T13:57:34.278+0000] {dag.py:3239} INFO - Sync 1 DAGs
[2025-04-04T13:57:34.349+0000] {logging_mixin.py:190} INFO - [2025-04-04T13:57:34.348+0000] {dag.py:4180} INFO - Setting next_dagrun for example_branch_dop_operator_v3 to 2025-04-04 13:56:00+00:00, run_after=2025-04-04 13:57:00+00:00
[2025-04-04T13:57:34.409+0000] {processor.py:208} INFO - Processing /home/airflow/.local/lib/python3.12/site-packages/airflow/example_dags/example_branch_python_dop_operator_3.py took 0.232 seconds
[2025-04-04T13:58:04.720+0000] {processor.py:186} INFO - Started process (PID=2648) to work on /home/airflow/.local/lib/python3.12/site-packages/airflow/example_dags/example_branch_python_dop_operator_3.py
[2025-04-04T13:58:04.723+0000] {processor.py:914} INFO - Processing file /home/airflow/.local/lib/python3.12/site-packages/airflow/example_dags/example_branch_python_dop_operator_3.py for tasks to queue
[2025-04-04T13:58:04.729+0000] {logging_mixin.py:190} INFO - [2025-04-04T13:58:04.728+0000] {dagbag.py:588} INFO - Filling up the DagBag from /home/airflow/.local/lib/python3.12/site-packages/airflow/example_dags/example_branch_python_dop_operator_3.py
[2025-04-04T13:58:04.752+0000] {processor.py:925} INFO - DAG(s) 'example_branch_dop_operator_v3' retrieved from /home/airflow/.local/lib/python3.12/site-packages/airflow/example_dags/example_branch_python_dop_operator_3.py
[2025-04-04T13:58:04.799+0000] {logging_mixin.py:190} INFO - [2025-04-04T13:58:04.799+0000] {dag.py:3239} INFO - Sync 1 DAGs
[2025-04-04T13:58:04.875+0000] {logging_mixin.py:190} INFO - [2025-04-04T13:58:04.874+0000] {dag.py:4180} INFO - Setting next_dagrun for example_branch_dop_operator_v3 to 2025-04-04 13:57:00+00:00, run_after=2025-04-04 13:58:00+00:00
[2025-04-04T13:58:04.924+0000] {processor.py:208} INFO - Processing /home/airflow/.local/lib/python3.12/site-packages/airflow/example_dags/example_branch_python_dop_operator_3.py took 0.215 seconds
[2025-04-04T13:58:36.149+0000] {processor.py:186} INFO - Started process (PID=2711) to work on /home/airflow/.local/lib/python3.12/site-packages/airflow/example_dags/example_branch_python_dop_operator_3.py
[2025-04-04T13:58:36.150+0000] {processor.py:914} INFO - Processing file /home/airflow/.local/lib/python3.12/site-packages/airflow/example_dags/example_branch_python_dop_operator_3.py for tasks to queue
[2025-04-04T13:58:36.160+0000] {logging_mixin.py:190} INFO - [2025-04-04T13:58:36.159+0000] {dagbag.py:588} INFO - Filling up the DagBag from /home/airflow/.local/lib/python3.12/site-packages/airflow/example_dags/example_branch_python_dop_operator_3.py
[2025-04-04T13:58:36.207+0000] {processor.py:925} INFO - DAG(s) 'example_branch_dop_operator_v3' retrieved from /home/airflow/.local/lib/python3.12/site-packages/airflow/example_dags/example_branch_python_dop_operator_3.py
[2025-04-04T13:58:36.433+0000] {logging_mixin.py:190} INFO - [2025-04-04T13:58:36.424+0000] {dag.py:3239} INFO - Sync 1 DAGs
[2025-04-04T13:58:36.640+0000] {logging_mixin.py:190} INFO - [2025-04-04T13:58:36.631+0000] {dag.py:4180} INFO - Setting next_dagrun for example_branch_dop_operator_v3 to 2025-04-04 13:57:00+00:00, run_after=2025-04-04 13:58:00+00:00
[2025-04-04T13:58:36.783+0000] {processor.py:208} INFO - Processing /home/airflow/.local/lib/python3.12/site-packages/airflow/example_dags/example_branch_python_dop_operator_3.py took 0.645 seconds
[2025-04-04T13:59:07.156+0000] {processor.py:186} INFO - Started process (PID=2774) to work on /home/airflow/.local/lib/python3.12/site-packages/airflow/example_dags/example_branch_python_dop_operator_3.py
[2025-04-04T13:59:07.158+0000] {processor.py:914} INFO - Processing file /home/airflow/.local/lib/python3.12/site-packages/airflow/example_dags/example_branch_python_dop_operator_3.py for tasks to queue
[2025-04-04T13:59:07.184+0000] {logging_mixin.py:190} INFO - [2025-04-04T13:59:07.180+0000] {dagbag.py:588} INFO - Filling up the DagBag from /home/airflow/.local/lib/python3.12/site-packages/airflow/example_dags/example_branch_python_dop_operator_3.py
[2025-04-04T13:59:07.230+0000] {processor.py:925} INFO - DAG(s) 'example_branch_dop_operator_v3' retrieved from /home/airflow/.local/lib/python3.12/site-packages/airflow/example_dags/example_branch_python_dop_operator_3.py
[2025-04-04T13:59:07.279+0000] {logging_mixin.py:190} INFO - [2025-04-04T13:59:07.279+0000] {dag.py:3239} INFO - Sync 1 DAGs
[2025-04-04T13:59:07.341+0000] {logging_mixin.py:190} INFO - [2025-04-04T13:59:07.340+0000] {dag.py:4180} INFO - Setting next_dagrun for example_branch_dop_operator_v3 to 2025-04-04 13:58:00+00:00, run_after=2025-04-04 13:59:00+00:00
[2025-04-04T13:59:07.381+0000] {processor.py:208} INFO - Processing /home/airflow/.local/lib/python3.12/site-packages/airflow/example_dags/example_branch_python_dop_operator_3.py took 0.246 seconds
