[2025-04-04T13:36:53.346+0000] {processor.py:186} INFO - Started process (PID=124) to work on /home/airflow/.local/lib/python3.12/site-packages/airflow/example_dags/example_params_trigger_ui.py
[2025-04-04T13:36:53.348+0000] {processor.py:914} INFO - Processing file /home/airflow/.local/lib/python3.12/site-packages/airflow/example_dags/example_params_trigger_ui.py for tasks to queue
[2025-04-04T13:36:53.353+0000] {logging_mixin.py:190} INFO - [2025-04-04T13:36:53.352+0000] {dagbag.py:588} INFO - Filling up the DagBag from /home/airflow/.local/lib/python3.12/site-packages/airflow/example_dags/example_params_trigger_ui.py
[2025-04-04T13:36:53.384+0000] {processor.py:925} INFO - DAG(s) 'example_params_trigger_ui' retrieved from /home/airflow/.local/lib/python3.12/site-packages/airflow/example_dags/example_params_trigger_ui.py
[2025-04-04T13:36:53.725+0000] {logging_mixin.py:190} INFO - [2025-04-04T13:36:53.724+0000] {override.py:1912} INFO - Created Permission View: can edit on DAG:example_params_trigger_ui
[2025-04-04T13:36:53.746+0000] {logging_mixin.py:190} INFO - [2025-04-04T13:36:53.746+0000] {override.py:1912} INFO - Created Permission View: can delete on DAG:example_params_trigger_ui
[2025-04-04T13:36:53.766+0000] {logging_mixin.py:190} INFO - [2025-04-04T13:36:53.765+0000] {override.py:1912} INFO - Created Permission View: can read on DAG:example_params_trigger_ui
[2025-04-04T13:36:53.785+0000] {logging_mixin.py:190} INFO - [2025-04-04T13:36:53.784+0000] {override.py:1912} INFO - Created Permission View: can delete on DAG Run:example_params_trigger_ui
[2025-04-04T13:36:53.801+0000] {logging_mixin.py:190} INFO - [2025-04-04T13:36:53.800+0000] {override.py:1912} INFO - Created Permission View: can read on DAG Run:example_params_trigger_ui
[2025-04-04T13:36:53.816+0000] {logging_mixin.py:190} INFO - [2025-04-04T13:36:53.815+0000] {override.py:1912} INFO - Created Permission View: can create on DAG Run:example_params_trigger_ui
[2025-04-04T13:36:53.834+0000] {logging_mixin.py:190} INFO - [2025-04-04T13:36:53.834+0000] {override.py:1912} INFO - Created Permission View: menu access on DAG Run:example_params_trigger_ui
[2025-04-04T13:36:53.836+0000] {logging_mixin.py:190} INFO - [2025-04-04T13:36:53.835+0000] {dag.py:3239} INFO - Sync 1 DAGs
[2025-04-04T13:36:53.863+0000] {logging_mixin.py:190} INFO - [2025-04-04T13:36:53.863+0000] {dag.py:3262} INFO - Creating ORM DAG for example_params_trigger_ui
[2025-04-04T13:36:53.865+0000] {logging_mixin.py:190} INFO - [2025-04-04T13:36:53.865+0000] {dag.py:4180} INFO - Setting next_dagrun for example_params_trigger_ui to None, run_after=None
[2025-04-04T13:36:53.917+0000] {processor.py:208} INFO - Processing /home/airflow/.local/lib/python3.12/site-packages/airflow/example_dags/example_params_trigger_ui.py took 0.582 seconds
[2025-04-04T13:37:24.355+0000] {processor.py:186} INFO - Started process (PID=187) to work on /home/airflow/.local/lib/python3.12/site-packages/airflow/example_dags/example_params_trigger_ui.py
[2025-04-04T13:37:24.359+0000] {processor.py:914} INFO - Processing file /home/airflow/.local/lib/python3.12/site-packages/airflow/example_dags/example_params_trigger_ui.py for tasks to queue
[2025-04-04T13:37:24.368+0000] {logging_mixin.py:190} INFO - [2025-04-04T13:37:24.367+0000] {dagbag.py:588} INFO - Filling up the DagBag from /home/airflow/.local/lib/python3.12/site-packages/airflow/example_dags/example_params_trigger_ui.py
[2025-04-04T13:37:24.460+0000] {processor.py:925} INFO - DAG(s) 'example_params_trigger_ui' retrieved from /home/airflow/.local/lib/python3.12/site-packages/airflow/example_dags/example_params_trigger_ui.py
[2025-04-04T13:37:24.658+0000] {logging_mixin.py:190} INFO - [2025-04-04T13:37:24.657+0000] {dag.py:3239} INFO - Sync 1 DAGs
[2025-04-04T13:37:24.691+0000] {logging_mixin.py:190} INFO - [2025-04-04T13:37:24.691+0000] {dag.py:4180} INFO - Setting next_dagrun for example_params_trigger_ui to None, run_after=None
[2025-04-04T13:37:24.734+0000] {processor.py:208} INFO - Processing /home/airflow/.local/lib/python3.12/site-packages/airflow/example_dags/example_params_trigger_ui.py took 0.403 seconds
[2025-04-04T13:37:54.802+0000] {processor.py:186} INFO - Started process (PID=250) to work on /home/airflow/.local/lib/python3.12/site-packages/airflow/example_dags/example_params_trigger_ui.py
[2025-04-04T13:37:54.804+0000] {processor.py:914} INFO - Processing file /home/airflow/.local/lib/python3.12/site-packages/airflow/example_dags/example_params_trigger_ui.py for tasks to queue
[2025-04-04T13:37:54.808+0000] {logging_mixin.py:190} INFO - [2025-04-04T13:37:54.807+0000] {dagbag.py:588} INFO - Filling up the DagBag from /home/airflow/.local/lib/python3.12/site-packages/airflow/example_dags/example_params_trigger_ui.py
[2025-04-04T13:37:54.831+0000] {processor.py:925} INFO - DAG(s) 'example_params_trigger_ui' retrieved from /home/airflow/.local/lib/python3.12/site-packages/airflow/example_dags/example_params_trigger_ui.py
[2025-04-04T13:37:54.915+0000] {logging_mixin.py:190} INFO - [2025-04-04T13:37:54.914+0000] {dag.py:3239} INFO - Sync 1 DAGs
[2025-04-04T13:37:54.941+0000] {logging_mixin.py:190} INFO - [2025-04-04T13:37:54.941+0000] {dag.py:4180} INFO - Setting next_dagrun for example_params_trigger_ui to None, run_after=None
[2025-04-04T13:37:54.979+0000] {processor.py:208} INFO - Processing /home/airflow/.local/lib/python3.12/site-packages/airflow/example_dags/example_params_trigger_ui.py took 0.189 seconds
[2025-04-04T13:38:28.747+0000] {processor.py:186} INFO - Started process (PID=313) to work on /home/airflow/.local/lib/python3.12/site-packages/airflow/example_dags/example_params_trigger_ui.py
[2025-04-04T13:38:28.749+0000] {processor.py:914} INFO - Processing file /home/airflow/.local/lib/python3.12/site-packages/airflow/example_dags/example_params_trigger_ui.py for tasks to queue
[2025-04-04T13:38:28.754+0000] {logging_mixin.py:190} INFO - [2025-04-04T13:38:28.753+0000] {dagbag.py:588} INFO - Filling up the DagBag from /home/airflow/.local/lib/python3.12/site-packages/airflow/example_dags/example_params_trigger_ui.py
[2025-04-04T13:38:28.777+0000] {processor.py:925} INFO - DAG(s) 'example_params_trigger_ui' retrieved from /home/airflow/.local/lib/python3.12/site-packages/airflow/example_dags/example_params_trigger_ui.py
[2025-04-04T13:38:28.880+0000] {logging_mixin.py:190} INFO - [2025-04-04T13:38:28.879+0000] {dag.py:3239} INFO - Sync 1 DAGs
[2025-04-04T13:38:28.912+0000] {logging_mixin.py:190} INFO - [2025-04-04T13:38:28.911+0000] {dag.py:4180} INFO - Setting next_dagrun for example_params_trigger_ui to None, run_after=None
[2025-04-04T13:38:28.948+0000] {processor.py:208} INFO - Processing /home/airflow/.local/lib/python3.12/site-packages/airflow/example_dags/example_params_trigger_ui.py took 0.218 seconds
[2025-04-04T13:39:04.748+0000] {processor.py:186} INFO - Started process (PID=384) to work on /home/airflow/.local/lib/python3.12/site-packages/airflow/example_dags/example_params_trigger_ui.py
[2025-04-04T13:39:04.751+0000] {processor.py:914} INFO - Processing file /home/airflow/.local/lib/python3.12/site-packages/airflow/example_dags/example_params_trigger_ui.py for tasks to queue
[2025-04-04T13:39:04.776+0000] {logging_mixin.py:190} INFO - [2025-04-04T13:39:04.764+0000] {dagbag.py:588} INFO - Filling up the DagBag from /home/airflow/.local/lib/python3.12/site-packages/airflow/example_dags/example_params_trigger_ui.py
[2025-04-04T13:39:04.863+0000] {processor.py:925} INFO - DAG(s) 'example_params_trigger_ui' retrieved from /home/airflow/.local/lib/python3.12/site-packages/airflow/example_dags/example_params_trigger_ui.py
[2025-04-04T13:39:05.532+0000] {logging_mixin.py:190} INFO - [2025-04-04T13:39:05.531+0000] {dag.py:3239} INFO - Sync 1 DAGs
[2025-04-04T13:39:05.682+0000] {logging_mixin.py:190} INFO - [2025-04-04T13:39:05.679+0000] {dag.py:4180} INFO - Setting next_dagrun for example_params_trigger_ui to None, run_after=None
[2025-04-04T13:39:05.931+0000] {processor.py:208} INFO - Processing /home/airflow/.local/lib/python3.12/site-packages/airflow/example_dags/example_params_trigger_ui.py took 1.263 seconds
[2025-04-04T13:39:44.603+0000] {processor.py:186} INFO - Started process (PID=447) to work on /home/airflow/.local/lib/python3.12/site-packages/airflow/example_dags/example_params_trigger_ui.py
[2025-04-04T13:39:44.606+0000] {processor.py:914} INFO - Processing file /home/airflow/.local/lib/python3.12/site-packages/airflow/example_dags/example_params_trigger_ui.py for tasks to queue
[2025-04-04T13:39:44.611+0000] {logging_mixin.py:190} INFO - [2025-04-04T13:39:44.611+0000] {dagbag.py:588} INFO - Filling up the DagBag from /home/airflow/.local/lib/python3.12/site-packages/airflow/example_dags/example_params_trigger_ui.py
[2025-04-04T13:39:44.650+0000] {processor.py:925} INFO - DAG(s) 'example_params_trigger_ui' retrieved from /home/airflow/.local/lib/python3.12/site-packages/airflow/example_dags/example_params_trigger_ui.py
[2025-04-04T13:39:44.834+0000] {logging_mixin.py:190} INFO - [2025-04-04T13:39:44.834+0000] {dag.py:3239} INFO - Sync 1 DAGs
[2025-04-04T13:39:44.881+0000] {logging_mixin.py:190} INFO - [2025-04-04T13:39:44.880+0000] {dag.py:4180} INFO - Setting next_dagrun for example_params_trigger_ui to None, run_after=None
[2025-04-04T13:39:44.946+0000] {processor.py:208} INFO - Processing /home/airflow/.local/lib/python3.12/site-packages/airflow/example_dags/example_params_trigger_ui.py took 0.363 seconds
[2025-04-04T13:40:15.310+0000] {processor.py:186} INFO - Started process (PID=511) to work on /home/airflow/.local/lib/python3.12/site-packages/airflow/example_dags/example_params_trigger_ui.py
[2025-04-04T13:40:15.313+0000] {processor.py:914} INFO - Processing file /home/airflow/.local/lib/python3.12/site-packages/airflow/example_dags/example_params_trigger_ui.py for tasks to queue
[2025-04-04T13:40:15.317+0000] {logging_mixin.py:190} INFO - [2025-04-04T13:40:15.316+0000] {dagbag.py:588} INFO - Filling up the DagBag from /home/airflow/.local/lib/python3.12/site-packages/airflow/example_dags/example_params_trigger_ui.py
[2025-04-04T13:40:15.338+0000] {processor.py:925} INFO - DAG(s) 'example_params_trigger_ui' retrieved from /home/airflow/.local/lib/python3.12/site-packages/airflow/example_dags/example_params_trigger_ui.py
[2025-04-04T13:40:15.446+0000] {logging_mixin.py:190} INFO - [2025-04-04T13:40:15.445+0000] {dag.py:3239} INFO - Sync 1 DAGs
[2025-04-04T13:40:15.476+0000] {logging_mixin.py:190} INFO - [2025-04-04T13:40:15.476+0000] {dag.py:4180} INFO - Setting next_dagrun for example_params_trigger_ui to None, run_after=None
[2025-04-04T13:40:15.533+0000] {processor.py:208} INFO - Processing /home/airflow/.local/lib/python3.12/site-packages/airflow/example_dags/example_params_trigger_ui.py took 0.236 seconds
[2025-04-04T13:40:45.850+0000] {processor.py:186} INFO - Started process (PID=573) to work on /home/airflow/.local/lib/python3.12/site-packages/airflow/example_dags/example_params_trigger_ui.py
[2025-04-04T13:40:45.852+0000] {processor.py:914} INFO - Processing file /home/airflow/.local/lib/python3.12/site-packages/airflow/example_dags/example_params_trigger_ui.py for tasks to queue
[2025-04-04T13:40:45.855+0000] {logging_mixin.py:190} INFO - [2025-04-04T13:40:45.855+0000] {dagbag.py:588} INFO - Filling up the DagBag from /home/airflow/.local/lib/python3.12/site-packages/airflow/example_dags/example_params_trigger_ui.py
[2025-04-04T13:40:45.872+0000] {processor.py:925} INFO - DAG(s) 'example_params_trigger_ui' retrieved from /home/airflow/.local/lib/python3.12/site-packages/airflow/example_dags/example_params_trigger_ui.py
[2025-04-04T13:40:45.941+0000] {logging_mixin.py:190} INFO - [2025-04-04T13:40:45.940+0000] {dag.py:3239} INFO - Sync 1 DAGs
[2025-04-04T13:40:45.964+0000] {logging_mixin.py:190} INFO - [2025-04-04T13:40:45.963+0000] {dag.py:4180} INFO - Setting next_dagrun for example_params_trigger_ui to None, run_after=None
[2025-04-04T13:40:45.994+0000] {processor.py:208} INFO - Processing /home/airflow/.local/lib/python3.12/site-packages/airflow/example_dags/example_params_trigger_ui.py took 0.156 seconds
[2025-04-04T13:41:16.776+0000] {processor.py:186} INFO - Started process (PID=636) to work on /home/airflow/.local/lib/python3.12/site-packages/airflow/example_dags/example_params_trigger_ui.py
[2025-04-04T13:41:16.777+0000] {processor.py:914} INFO - Processing file /home/airflow/.local/lib/python3.12/site-packages/airflow/example_dags/example_params_trigger_ui.py for tasks to queue
[2025-04-04T13:41:16.781+0000] {logging_mixin.py:190} INFO - [2025-04-04T13:41:16.781+0000] {dagbag.py:588} INFO - Filling up the DagBag from /home/airflow/.local/lib/python3.12/site-packages/airflow/example_dags/example_params_trigger_ui.py
[2025-04-04T13:41:16.800+0000] {processor.py:925} INFO - DAG(s) 'example_params_trigger_ui' retrieved from /home/airflow/.local/lib/python3.12/site-packages/airflow/example_dags/example_params_trigger_ui.py
[2025-04-04T13:41:16.915+0000] {logging_mixin.py:190} INFO - [2025-04-04T13:41:16.915+0000] {dag.py:3239} INFO - Sync 1 DAGs
[2025-04-04T13:41:16.956+0000] {logging_mixin.py:190} INFO - [2025-04-04T13:41:16.952+0000] {dag.py:4180} INFO - Setting next_dagrun for example_params_trigger_ui to None, run_after=None
[2025-04-04T13:41:16.995+0000] {processor.py:208} INFO - Processing /home/airflow/.local/lib/python3.12/site-packages/airflow/example_dags/example_params_trigger_ui.py took 0.230 seconds
[2025-04-04T13:41:47.254+0000] {processor.py:186} INFO - Started process (PID=699) to work on /home/airflow/.local/lib/python3.12/site-packages/airflow/example_dags/example_params_trigger_ui.py
[2025-04-04T13:41:47.255+0000] {processor.py:914} INFO - Processing file /home/airflow/.local/lib/python3.12/site-packages/airflow/example_dags/example_params_trigger_ui.py for tasks to queue
[2025-04-04T13:41:47.262+0000] {logging_mixin.py:190} INFO - [2025-04-04T13:41:47.261+0000] {dagbag.py:588} INFO - Filling up the DagBag from /home/airflow/.local/lib/python3.12/site-packages/airflow/example_dags/example_params_trigger_ui.py
[2025-04-04T13:41:47.289+0000] {processor.py:925} INFO - DAG(s) 'example_params_trigger_ui' retrieved from /home/airflow/.local/lib/python3.12/site-packages/airflow/example_dags/example_params_trigger_ui.py
[2025-04-04T13:41:47.374+0000] {logging_mixin.py:190} INFO - [2025-04-04T13:41:47.373+0000] {dag.py:3239} INFO - Sync 1 DAGs
[2025-04-04T13:41:47.400+0000] {logging_mixin.py:190} INFO - [2025-04-04T13:41:47.400+0000] {dag.py:4180} INFO - Setting next_dagrun for example_params_trigger_ui to None, run_after=None
[2025-04-04T13:41:47.433+0000] {processor.py:208} INFO - Processing /home/airflow/.local/lib/python3.12/site-packages/airflow/example_dags/example_params_trigger_ui.py took 0.191 seconds
[2025-04-04T13:42:17.574+0000] {processor.py:186} INFO - Started process (PID=761) to work on /home/airflow/.local/lib/python3.12/site-packages/airflow/example_dags/example_params_trigger_ui.py
[2025-04-04T13:42:17.576+0000] {processor.py:914} INFO - Processing file /home/airflow/.local/lib/python3.12/site-packages/airflow/example_dags/example_params_trigger_ui.py for tasks to queue
[2025-04-04T13:42:17.579+0000] {logging_mixin.py:190} INFO - [2025-04-04T13:42:17.579+0000] {dagbag.py:588} INFO - Filling up the DagBag from /home/airflow/.local/lib/python3.12/site-packages/airflow/example_dags/example_params_trigger_ui.py
[2025-04-04T13:42:17.603+0000] {processor.py:925} INFO - DAG(s) 'example_params_trigger_ui' retrieved from /home/airflow/.local/lib/python3.12/site-packages/airflow/example_dags/example_params_trigger_ui.py
[2025-04-04T13:42:17.721+0000] {logging_mixin.py:190} INFO - [2025-04-04T13:42:17.721+0000] {dag.py:3239} INFO - Sync 1 DAGs
[2025-04-04T13:42:17.751+0000] {logging_mixin.py:190} INFO - [2025-04-04T13:42:17.750+0000] {dag.py:4180} INFO - Setting next_dagrun for example_params_trigger_ui to None, run_after=None
[2025-04-04T13:42:17.791+0000] {processor.py:208} INFO - Processing /home/airflow/.local/lib/python3.12/site-packages/airflow/example_dags/example_params_trigger_ui.py took 0.228 seconds
[2025-04-04T13:42:48.181+0000] {processor.py:186} INFO - Started process (PID=824) to work on /home/airflow/.local/lib/python3.12/site-packages/airflow/example_dags/example_params_trigger_ui.py
[2025-04-04T13:42:48.184+0000] {processor.py:914} INFO - Processing file /home/airflow/.local/lib/python3.12/site-packages/airflow/example_dags/example_params_trigger_ui.py for tasks to queue
[2025-04-04T13:42:48.190+0000] {logging_mixin.py:190} INFO - [2025-04-04T13:42:48.189+0000] {dagbag.py:588} INFO - Filling up the DagBag from /home/airflow/.local/lib/python3.12/site-packages/airflow/example_dags/example_params_trigger_ui.py
[2025-04-04T13:42:48.252+0000] {processor.py:925} INFO - DAG(s) 'example_params_trigger_ui' retrieved from /home/airflow/.local/lib/python3.12/site-packages/airflow/example_dags/example_params_trigger_ui.py
[2025-04-04T13:42:48.425+0000] {logging_mixin.py:190} INFO - [2025-04-04T13:42:48.424+0000] {dag.py:3239} INFO - Sync 1 DAGs
[2025-04-04T13:42:48.470+0000] {logging_mixin.py:190} INFO - [2025-04-04T13:42:48.469+0000] {dag.py:4180} INFO - Setting next_dagrun for example_params_trigger_ui to None, run_after=None
[2025-04-04T13:42:48.542+0000] {processor.py:208} INFO - Processing /home/airflow/.local/lib/python3.12/site-packages/airflow/example_dags/example_params_trigger_ui.py took 0.382 seconds
[2025-04-04T13:43:19.797+0000] {processor.py:186} INFO - Started process (PID=887) to work on /home/airflow/.local/lib/python3.12/site-packages/airflow/example_dags/example_params_trigger_ui.py
[2025-04-04T13:43:19.800+0000] {processor.py:914} INFO - Processing file /home/airflow/.local/lib/python3.12/site-packages/airflow/example_dags/example_params_trigger_ui.py for tasks to queue
[2025-04-04T13:43:19.816+0000] {logging_mixin.py:190} INFO - [2025-04-04T13:43:19.815+0000] {dagbag.py:588} INFO - Filling up the DagBag from /home/airflow/.local/lib/python3.12/site-packages/airflow/example_dags/example_params_trigger_ui.py
[2025-04-04T13:43:19.954+0000] {processor.py:925} INFO - DAG(s) 'example_params_trigger_ui' retrieved from /home/airflow/.local/lib/python3.12/site-packages/airflow/example_dags/example_params_trigger_ui.py
[2025-04-04T13:43:20.100+0000] {logging_mixin.py:190} INFO - [2025-04-04T13:43:20.099+0000] {dag.py:3239} INFO - Sync 1 DAGs
[2025-04-04T13:43:20.133+0000] {logging_mixin.py:190} INFO - [2025-04-04T13:43:20.132+0000] {dag.py:4180} INFO - Setting next_dagrun for example_params_trigger_ui to None, run_after=None
[2025-04-04T13:43:20.175+0000] {processor.py:208} INFO - Processing /home/airflow/.local/lib/python3.12/site-packages/airflow/example_dags/example_params_trigger_ui.py took 0.412 seconds
[2025-04-04T13:43:52.967+0000] {processor.py:186} INFO - Started process (PID=951) to work on /home/airflow/.local/lib/python3.12/site-packages/airflow/example_dags/example_params_trigger_ui.py
[2025-04-04T13:43:52.969+0000] {processor.py:914} INFO - Processing file /home/airflow/.local/lib/python3.12/site-packages/airflow/example_dags/example_params_trigger_ui.py for tasks to queue
[2025-04-04T13:43:52.981+0000] {logging_mixin.py:190} INFO - [2025-04-04T13:43:52.979+0000] {dagbag.py:588} INFO - Filling up the DagBag from /home/airflow/.local/lib/python3.12/site-packages/airflow/example_dags/example_params_trigger_ui.py
[2025-04-04T13:43:53.048+0000] {processor.py:925} INFO - DAG(s) 'example_params_trigger_ui' retrieved from /home/airflow/.local/lib/python3.12/site-packages/airflow/example_dags/example_params_trigger_ui.py
[2025-04-04T13:43:53.317+0000] {logging_mixin.py:190} INFO - [2025-04-04T13:43:53.317+0000] {dag.py:3239} INFO - Sync 1 DAGs
[2025-04-04T13:43:53.415+0000] {logging_mixin.py:190} INFO - [2025-04-04T13:43:53.414+0000] {dag.py:4180} INFO - Setting next_dagrun for example_params_trigger_ui to None, run_after=None
[2025-04-04T13:43:53.465+0000] {processor.py:208} INFO - Processing /home/airflow/.local/lib/python3.12/site-packages/airflow/example_dags/example_params_trigger_ui.py took 0.516 seconds
[2025-04-04T13:44:24.943+0000] {processor.py:186} INFO - Started process (PID=1019) to work on /home/airflow/.local/lib/python3.12/site-packages/airflow/example_dags/example_params_trigger_ui.py
[2025-04-04T13:44:24.945+0000] {processor.py:914} INFO - Processing file /home/airflow/.local/lib/python3.12/site-packages/airflow/example_dags/example_params_trigger_ui.py for tasks to queue
[2025-04-04T13:44:24.949+0000] {logging_mixin.py:190} INFO - [2025-04-04T13:44:24.948+0000] {dagbag.py:588} INFO - Filling up the DagBag from /home/airflow/.local/lib/python3.12/site-packages/airflow/example_dags/example_params_trigger_ui.py
[2025-04-04T13:44:24.973+0000] {processor.py:925} INFO - DAG(s) 'example_params_trigger_ui' retrieved from /home/airflow/.local/lib/python3.12/site-packages/airflow/example_dags/example_params_trigger_ui.py
[2025-04-04T13:44:25.074+0000] {logging_mixin.py:190} INFO - [2025-04-04T13:44:25.074+0000] {dag.py:3239} INFO - Sync 1 DAGs
[2025-04-04T13:44:25.108+0000] {logging_mixin.py:190} INFO - [2025-04-04T13:44:25.107+0000] {dag.py:4180} INFO - Setting next_dagrun for example_params_trigger_ui to None, run_after=None
[2025-04-04T13:44:25.150+0000] {processor.py:208} INFO - Processing /home/airflow/.local/lib/python3.12/site-packages/airflow/example_dags/example_params_trigger_ui.py took 0.220 seconds
[2025-04-04T13:44:56.265+0000] {processor.py:186} INFO - Started process (PID=1082) to work on /home/airflow/.local/lib/python3.12/site-packages/airflow/example_dags/example_params_trigger_ui.py
[2025-04-04T13:44:56.267+0000] {processor.py:914} INFO - Processing file /home/airflow/.local/lib/python3.12/site-packages/airflow/example_dags/example_params_trigger_ui.py for tasks to queue
[2025-04-04T13:44:56.272+0000] {logging_mixin.py:190} INFO - [2025-04-04T13:44:56.271+0000] {dagbag.py:588} INFO - Filling up the DagBag from /home/airflow/.local/lib/python3.12/site-packages/airflow/example_dags/example_params_trigger_ui.py
[2025-04-04T13:44:56.293+0000] {processor.py:925} INFO - DAG(s) 'example_params_trigger_ui' retrieved from /home/airflow/.local/lib/python3.12/site-packages/airflow/example_dags/example_params_trigger_ui.py
[2025-04-04T13:44:56.391+0000] {logging_mixin.py:190} INFO - [2025-04-04T13:44:56.390+0000] {dag.py:3239} INFO - Sync 1 DAGs
[2025-04-04T13:44:56.423+0000] {logging_mixin.py:190} INFO - [2025-04-04T13:44:56.423+0000] {dag.py:4180} INFO - Setting next_dagrun for example_params_trigger_ui to None, run_after=None
[2025-04-04T13:44:56.464+0000] {processor.py:208} INFO - Processing /home/airflow/.local/lib/python3.12/site-packages/airflow/example_dags/example_params_trigger_ui.py took 0.209 seconds
[2025-04-04T13:45:27.441+0000] {processor.py:186} INFO - Started process (PID=1147) to work on /home/airflow/.local/lib/python3.12/site-packages/airflow/example_dags/example_params_trigger_ui.py
[2025-04-04T13:45:27.443+0000] {processor.py:914} INFO - Processing file /home/airflow/.local/lib/python3.12/site-packages/airflow/example_dags/example_params_trigger_ui.py for tasks to queue
[2025-04-04T13:45:27.453+0000] {logging_mixin.py:190} INFO - [2025-04-04T13:45:27.452+0000] {dagbag.py:588} INFO - Filling up the DagBag from /home/airflow/.local/lib/python3.12/site-packages/airflow/example_dags/example_params_trigger_ui.py
[2025-04-04T13:45:27.485+0000] {processor.py:925} INFO - DAG(s) 'example_params_trigger_ui' retrieved from /home/airflow/.local/lib/python3.12/site-packages/airflow/example_dags/example_params_trigger_ui.py
[2025-04-04T13:45:27.591+0000] {logging_mixin.py:190} INFO - [2025-04-04T13:45:27.591+0000] {dag.py:3239} INFO - Sync 1 DAGs
[2025-04-04T13:45:27.634+0000] {logging_mixin.py:190} INFO - [2025-04-04T13:45:27.634+0000] {dag.py:4180} INFO - Setting next_dagrun for example_params_trigger_ui to None, run_after=None
[2025-04-04T13:45:27.675+0000] {processor.py:208} INFO - Processing /home/airflow/.local/lib/python3.12/site-packages/airflow/example_dags/example_params_trigger_ui.py took 0.251 seconds
[2025-04-04T13:45:57.807+0000] {processor.py:186} INFO - Started process (PID=1209) to work on /home/airflow/.local/lib/python3.12/site-packages/airflow/example_dags/example_params_trigger_ui.py
[2025-04-04T13:45:57.809+0000] {processor.py:914} INFO - Processing file /home/airflow/.local/lib/python3.12/site-packages/airflow/example_dags/example_params_trigger_ui.py for tasks to queue
[2025-04-04T13:45:57.816+0000] {logging_mixin.py:190} INFO - [2025-04-04T13:45:57.815+0000] {dagbag.py:588} INFO - Filling up the DagBag from /home/airflow/.local/lib/python3.12/site-packages/airflow/example_dags/example_params_trigger_ui.py
[2025-04-04T13:45:57.848+0000] {processor.py:925} INFO - DAG(s) 'example_params_trigger_ui' retrieved from /home/airflow/.local/lib/python3.12/site-packages/airflow/example_dags/example_params_trigger_ui.py
[2025-04-04T13:45:57.956+0000] {logging_mixin.py:190} INFO - [2025-04-04T13:45:57.956+0000] {dag.py:3239} INFO - Sync 1 DAGs
[2025-04-04T13:45:57.987+0000] {logging_mixin.py:190} INFO - [2025-04-04T13:45:57.987+0000] {dag.py:4180} INFO - Setting next_dagrun for example_params_trigger_ui to None, run_after=None
[2025-04-04T13:45:58.029+0000] {processor.py:208} INFO - Processing /home/airflow/.local/lib/python3.12/site-packages/airflow/example_dags/example_params_trigger_ui.py took 0.236 seconds
[2025-04-04T13:46:44.837+0000] {processor.py:186} INFO - Started process (PID=1283) to work on /home/airflow/.local/lib/python3.12/site-packages/airflow/example_dags/example_params_trigger_ui.py
[2025-04-04T13:46:44.840+0000] {processor.py:914} INFO - Processing file /home/airflow/.local/lib/python3.12/site-packages/airflow/example_dags/example_params_trigger_ui.py for tasks to queue
[2025-04-04T13:46:44.853+0000] {logging_mixin.py:190} INFO - [2025-04-04T13:46:44.850+0000] {dagbag.py:588} INFO - Filling up the DagBag from /home/airflow/.local/lib/python3.12/site-packages/airflow/example_dags/example_params_trigger_ui.py
[2025-04-04T13:46:44.909+0000] {processor.py:925} INFO - DAG(s) 'example_params_trigger_ui' retrieved from /home/airflow/.local/lib/python3.12/site-packages/airflow/example_dags/example_params_trigger_ui.py
[2025-04-04T13:46:45.302+0000] {logging_mixin.py:190} INFO - [2025-04-04T13:46:45.301+0000] {dag.py:3239} INFO - Sync 1 DAGs
[2025-04-04T13:46:45.360+0000] {logging_mixin.py:190} INFO - [2025-04-04T13:46:45.360+0000] {dag.py:4180} INFO - Setting next_dagrun for example_params_trigger_ui to None, run_after=None
[2025-04-04T13:46:45.476+0000] {processor.py:208} INFO - Processing /home/airflow/.local/lib/python3.12/site-packages/airflow/example_dags/example_params_trigger_ui.py took 0.668 seconds
[2025-04-04T13:47:16.968+0000] {processor.py:186} INFO - Started process (PID=1346) to work on /home/airflow/.local/lib/python3.12/site-packages/airflow/example_dags/example_params_trigger_ui.py
[2025-04-04T13:47:16.971+0000] {processor.py:914} INFO - Processing file /home/airflow/.local/lib/python3.12/site-packages/airflow/example_dags/example_params_trigger_ui.py for tasks to queue
[2025-04-04T13:47:16.977+0000] {logging_mixin.py:190} INFO - [2025-04-04T13:47:16.976+0000] {dagbag.py:588} INFO - Filling up the DagBag from /home/airflow/.local/lib/python3.12/site-packages/airflow/example_dags/example_params_trigger_ui.py
[2025-04-04T13:47:17.011+0000] {processor.py:925} INFO - DAG(s) 'example_params_trigger_ui' retrieved from /home/airflow/.local/lib/python3.12/site-packages/airflow/example_dags/example_params_trigger_ui.py
[2025-04-04T13:47:17.217+0000] {logging_mixin.py:190} INFO - [2025-04-04T13:47:17.217+0000] {dag.py:3239} INFO - Sync 1 DAGs
[2025-04-04T13:47:17.277+0000] {logging_mixin.py:190} INFO - [2025-04-04T13:47:17.276+0000] {dag.py:4180} INFO - Setting next_dagrun for example_params_trigger_ui to None, run_after=None
[2025-04-04T13:47:17.361+0000] {processor.py:208} INFO - Processing /home/airflow/.local/lib/python3.12/site-packages/airflow/example_dags/example_params_trigger_ui.py took 0.407 seconds
[2025-04-04T13:47:48.153+0000] {processor.py:186} INFO - Started process (PID=1409) to work on /home/airflow/.local/lib/python3.12/site-packages/airflow/example_dags/example_params_trigger_ui.py
[2025-04-04T13:47:48.155+0000] {processor.py:914} INFO - Processing file /home/airflow/.local/lib/python3.12/site-packages/airflow/example_dags/example_params_trigger_ui.py for tasks to queue
[2025-04-04T13:47:48.159+0000] {logging_mixin.py:190} INFO - [2025-04-04T13:47:48.158+0000] {dagbag.py:588} INFO - Filling up the DagBag from /home/airflow/.local/lib/python3.12/site-packages/airflow/example_dags/example_params_trigger_ui.py
[2025-04-04T13:47:48.193+0000] {processor.py:925} INFO - DAG(s) 'example_params_trigger_ui' retrieved from /home/airflow/.local/lib/python3.12/site-packages/airflow/example_dags/example_params_trigger_ui.py
[2025-04-04T13:47:48.365+0000] {logging_mixin.py:190} INFO - [2025-04-04T13:47:48.363+0000] {dag.py:3239} INFO - Sync 1 DAGs
[2025-04-04T13:47:48.416+0000] {logging_mixin.py:190} INFO - [2025-04-04T13:47:48.415+0000] {dag.py:4180} INFO - Setting next_dagrun for example_params_trigger_ui to None, run_after=None
[2025-04-04T13:47:48.459+0000] {processor.py:208} INFO - Processing /home/airflow/.local/lib/python3.12/site-packages/airflow/example_dags/example_params_trigger_ui.py took 0.322 seconds
[2025-04-04T13:48:18.998+0000] {processor.py:186} INFO - Started process (PID=1472) to work on /home/airflow/.local/lib/python3.12/site-packages/airflow/example_dags/example_params_trigger_ui.py
[2025-04-04T13:48:19.002+0000] {processor.py:914} INFO - Processing file /home/airflow/.local/lib/python3.12/site-packages/airflow/example_dags/example_params_trigger_ui.py for tasks to queue
[2025-04-04T13:48:19.007+0000] {logging_mixin.py:190} INFO - [2025-04-04T13:48:19.006+0000] {dagbag.py:588} INFO - Filling up the DagBag from /home/airflow/.local/lib/python3.12/site-packages/airflow/example_dags/example_params_trigger_ui.py
[2025-04-04T13:48:19.041+0000] {processor.py:925} INFO - DAG(s) 'example_params_trigger_ui' retrieved from /home/airflow/.local/lib/python3.12/site-packages/airflow/example_dags/example_params_trigger_ui.py
[2025-04-04T13:48:19.174+0000] {logging_mixin.py:190} INFO - [2025-04-04T13:48:19.173+0000] {dag.py:3239} INFO - Sync 1 DAGs
[2025-04-04T13:48:19.213+0000] {logging_mixin.py:190} INFO - [2025-04-04T13:48:19.213+0000] {dag.py:4180} INFO - Setting next_dagrun for example_params_trigger_ui to None, run_after=None
[2025-04-04T13:48:19.271+0000] {processor.py:208} INFO - Processing /home/airflow/.local/lib/python3.12/site-packages/airflow/example_dags/example_params_trigger_ui.py took 0.287 seconds
[2025-04-04T13:48:49.334+0000] {processor.py:186} INFO - Started process (PID=1533) to work on /home/airflow/.local/lib/python3.12/site-packages/airflow/example_dags/example_params_trigger_ui.py
[2025-04-04T13:48:49.337+0000] {processor.py:914} INFO - Processing file /home/airflow/.local/lib/python3.12/site-packages/airflow/example_dags/example_params_trigger_ui.py for tasks to queue
[2025-04-04T13:48:49.340+0000] {logging_mixin.py:190} INFO - [2025-04-04T13:48:49.340+0000] {dagbag.py:588} INFO - Filling up the DagBag from /home/airflow/.local/lib/python3.12/site-packages/airflow/example_dags/example_params_trigger_ui.py
[2025-04-04T13:48:49.357+0000] {processor.py:925} INFO - DAG(s) 'example_params_trigger_ui' retrieved from /home/airflow/.local/lib/python3.12/site-packages/airflow/example_dags/example_params_trigger_ui.py
[2025-04-04T13:48:49.428+0000] {logging_mixin.py:190} INFO - [2025-04-04T13:48:49.428+0000] {dag.py:3239} INFO - Sync 1 DAGs
[2025-04-04T13:48:49.453+0000] {logging_mixin.py:190} INFO - [2025-04-04T13:48:49.453+0000] {dag.py:4180} INFO - Setting next_dagrun for example_params_trigger_ui to None, run_after=None
[2025-04-04T13:48:49.487+0000] {processor.py:208} INFO - Processing /home/airflow/.local/lib/python3.12/site-packages/airflow/example_dags/example_params_trigger_ui.py took 0.163 seconds
[2025-04-04T13:49:22.693+0000] {processor.py:186} INFO - Started process (PID=1595) to work on /home/airflow/.local/lib/python3.12/site-packages/airflow/example_dags/example_params_trigger_ui.py
[2025-04-04T13:49:22.700+0000] {processor.py:914} INFO - Processing file /home/airflow/.local/lib/python3.12/site-packages/airflow/example_dags/example_params_trigger_ui.py for tasks to queue
[2025-04-04T13:49:22.706+0000] {logging_mixin.py:190} INFO - [2025-04-04T13:49:22.705+0000] {dagbag.py:588} INFO - Filling up the DagBag from /home/airflow/.local/lib/python3.12/site-packages/airflow/example_dags/example_params_trigger_ui.py
[2025-04-04T13:49:22.756+0000] {processor.py:925} INFO - DAG(s) 'example_params_trigger_ui' retrieved from /home/airflow/.local/lib/python3.12/site-packages/airflow/example_dags/example_params_trigger_ui.py
[2025-04-04T13:49:23.086+0000] {logging_mixin.py:190} INFO - [2025-04-04T13:49:23.083+0000] {dag.py:3239} INFO - Sync 1 DAGs
[2025-04-04T13:49:23.169+0000] {logging_mixin.py:190} INFO - [2025-04-04T13:49:23.169+0000] {dag.py:4180} INFO - Setting next_dagrun for example_params_trigger_ui to None, run_after=None
[2025-04-04T13:49:23.303+0000] {processor.py:208} INFO - Processing /home/airflow/.local/lib/python3.12/site-packages/airflow/example_dags/example_params_trigger_ui.py took 0.634 seconds
[2025-04-04T13:49:53.484+0000] {processor.py:186} INFO - Started process (PID=1658) to work on /home/airflow/.local/lib/python3.12/site-packages/airflow/example_dags/example_params_trigger_ui.py
[2025-04-04T13:49:53.486+0000] {processor.py:914} INFO - Processing file /home/airflow/.local/lib/python3.12/site-packages/airflow/example_dags/example_params_trigger_ui.py for tasks to queue
[2025-04-04T13:49:53.495+0000] {logging_mixin.py:190} INFO - [2025-04-04T13:49:53.493+0000] {dagbag.py:588} INFO - Filling up the DagBag from /home/airflow/.local/lib/python3.12/site-packages/airflow/example_dags/example_params_trigger_ui.py
[2025-04-04T13:49:53.551+0000] {processor.py:925} INFO - DAG(s) 'example_params_trigger_ui' retrieved from /home/airflow/.local/lib/python3.12/site-packages/airflow/example_dags/example_params_trigger_ui.py
[2025-04-04T13:49:53.778+0000] {logging_mixin.py:190} INFO - [2025-04-04T13:49:53.777+0000] {dag.py:3239} INFO - Sync 1 DAGs
[2025-04-04T13:49:53.873+0000] {logging_mixin.py:190} INFO - [2025-04-04T13:49:53.873+0000] {dag.py:4180} INFO - Setting next_dagrun for example_params_trigger_ui to None, run_after=None
[2025-04-04T13:49:54.045+0000] {processor.py:208} INFO - Processing /home/airflow/.local/lib/python3.12/site-packages/airflow/example_dags/example_params_trigger_ui.py took 0.577 seconds
[2025-04-04T13:50:24.783+0000] {processor.py:186} INFO - Started process (PID=1720) to work on /home/airflow/.local/lib/python3.12/site-packages/airflow/example_dags/example_params_trigger_ui.py
[2025-04-04T13:50:24.789+0000] {processor.py:914} INFO - Processing file /home/airflow/.local/lib/python3.12/site-packages/airflow/example_dags/example_params_trigger_ui.py for tasks to queue
[2025-04-04T13:50:24.795+0000] {logging_mixin.py:190} INFO - [2025-04-04T13:50:24.794+0000] {dagbag.py:588} INFO - Filling up the DagBag from /home/airflow/.local/lib/python3.12/site-packages/airflow/example_dags/example_params_trigger_ui.py
[2025-04-04T13:50:24.892+0000] {processor.py:925} INFO - DAG(s) 'example_params_trigger_ui' retrieved from /home/airflow/.local/lib/python3.12/site-packages/airflow/example_dags/example_params_trigger_ui.py
[2025-04-04T13:50:25.349+0000] {logging_mixin.py:190} INFO - [2025-04-04T13:50:25.348+0000] {dag.py:3239} INFO - Sync 1 DAGs
[2025-04-04T13:50:25.434+0000] {logging_mixin.py:190} INFO - [2025-04-04T13:50:25.434+0000] {dag.py:4180} INFO - Setting next_dagrun for example_params_trigger_ui to None, run_after=None
[2025-04-04T13:50:25.564+0000] {processor.py:208} INFO - Processing /home/airflow/.local/lib/python3.12/site-packages/airflow/example_dags/example_params_trigger_ui.py took 0.815 seconds
[2025-04-04T13:50:56.101+0000] {processor.py:186} INFO - Started process (PID=1789) to work on /home/airflow/.local/lib/python3.12/site-packages/airflow/example_dags/example_params_trigger_ui.py
[2025-04-04T13:50:56.103+0000] {processor.py:914} INFO - Processing file /home/airflow/.local/lib/python3.12/site-packages/airflow/example_dags/example_params_trigger_ui.py for tasks to queue
[2025-04-04T13:50:56.108+0000] {logging_mixin.py:190} INFO - [2025-04-04T13:50:56.107+0000] {dagbag.py:588} INFO - Filling up the DagBag from /home/airflow/.local/lib/python3.12/site-packages/airflow/example_dags/example_params_trigger_ui.py
[2025-04-04T13:50:56.144+0000] {processor.py:925} INFO - DAG(s) 'example_params_trigger_ui' retrieved from /home/airflow/.local/lib/python3.12/site-packages/airflow/example_dags/example_params_trigger_ui.py
[2025-04-04T13:50:56.240+0000] {logging_mixin.py:190} INFO - [2025-04-04T13:50:56.240+0000] {dag.py:3239} INFO - Sync 1 DAGs
[2025-04-04T13:50:56.277+0000] {logging_mixin.py:190} INFO - [2025-04-04T13:50:56.276+0000] {dag.py:4180} INFO - Setting next_dagrun for example_params_trigger_ui to None, run_after=None
[2025-04-04T13:50:56.326+0000] {processor.py:208} INFO - Processing /home/airflow/.local/lib/python3.12/site-packages/airflow/example_dags/example_params_trigger_ui.py took 0.237 seconds
[2025-04-04T13:51:27.103+0000] {processor.py:186} INFO - Started process (PID=1852) to work on /home/airflow/.local/lib/python3.12/site-packages/airflow/example_dags/example_params_trigger_ui.py
[2025-04-04T13:51:27.106+0000] {processor.py:914} INFO - Processing file /home/airflow/.local/lib/python3.12/site-packages/airflow/example_dags/example_params_trigger_ui.py for tasks to queue
[2025-04-04T13:51:27.135+0000] {logging_mixin.py:190} INFO - [2025-04-04T13:51:27.117+0000] {dagbag.py:588} INFO - Filling up the DagBag from /home/airflow/.local/lib/python3.12/site-packages/airflow/example_dags/example_params_trigger_ui.py
[2025-04-04T13:51:27.172+0000] {processor.py:925} INFO - DAG(s) 'example_params_trigger_ui' retrieved from /home/airflow/.local/lib/python3.12/site-packages/airflow/example_dags/example_params_trigger_ui.py
[2025-04-04T13:51:27.312+0000] {logging_mixin.py:190} INFO - [2025-04-04T13:51:27.312+0000] {dag.py:3239} INFO - Sync 1 DAGs
[2025-04-04T13:51:27.348+0000] {logging_mixin.py:190} INFO - [2025-04-04T13:51:27.348+0000] {dag.py:4180} INFO - Setting next_dagrun for example_params_trigger_ui to None, run_after=None
[2025-04-04T13:51:27.397+0000] {processor.py:208} INFO - Processing /home/airflow/.local/lib/python3.12/site-packages/airflow/example_dags/example_params_trigger_ui.py took 0.312 seconds
[2025-04-04T13:51:58.529+0000] {processor.py:186} INFO - Started process (PID=1915) to work on /home/airflow/.local/lib/python3.12/site-packages/airflow/example_dags/example_params_trigger_ui.py
[2025-04-04T13:51:58.532+0000] {processor.py:914} INFO - Processing file /home/airflow/.local/lib/python3.12/site-packages/airflow/example_dags/example_params_trigger_ui.py for tasks to queue
[2025-04-04T13:51:58.537+0000] {logging_mixin.py:190} INFO - [2025-04-04T13:51:58.536+0000] {dagbag.py:588} INFO - Filling up the DagBag from /home/airflow/.local/lib/python3.12/site-packages/airflow/example_dags/example_params_trigger_ui.py
[2025-04-04T13:51:58.575+0000] {processor.py:925} INFO - DAG(s) 'example_params_trigger_ui' retrieved from /home/airflow/.local/lib/python3.12/site-packages/airflow/example_dags/example_params_trigger_ui.py
[2025-04-04T13:51:58.690+0000] {logging_mixin.py:190} INFO - [2025-04-04T13:51:58.689+0000] {dag.py:3239} INFO - Sync 1 DAGs
[2025-04-04T13:51:58.725+0000] {logging_mixin.py:190} INFO - [2025-04-04T13:51:58.724+0000] {dag.py:4180} INFO - Setting next_dagrun for example_params_trigger_ui to None, run_after=None
[2025-04-04T13:51:58.823+0000] {processor.py:208} INFO - Processing /home/airflow/.local/lib/python3.12/site-packages/airflow/example_dags/example_params_trigger_ui.py took 0.307 seconds
[2025-04-04T13:52:29.029+0000] {processor.py:186} INFO - Started process (PID=1978) to work on /home/airflow/.local/lib/python3.12/site-packages/airflow/example_dags/example_params_trigger_ui.py
[2025-04-04T13:52:29.031+0000] {processor.py:914} INFO - Processing file /home/airflow/.local/lib/python3.12/site-packages/airflow/example_dags/example_params_trigger_ui.py for tasks to queue
[2025-04-04T13:52:29.038+0000] {logging_mixin.py:190} INFO - [2025-04-04T13:52:29.037+0000] {dagbag.py:588} INFO - Filling up the DagBag from /home/airflow/.local/lib/python3.12/site-packages/airflow/example_dags/example_params_trigger_ui.py
[2025-04-04T13:52:29.091+0000] {processor.py:925} INFO - DAG(s) 'example_params_trigger_ui' retrieved from /home/airflow/.local/lib/python3.12/site-packages/airflow/example_dags/example_params_trigger_ui.py
[2025-04-04T13:52:29.243+0000] {logging_mixin.py:190} INFO - [2025-04-04T13:52:29.243+0000] {dag.py:3239} INFO - Sync 1 DAGs
[2025-04-04T13:52:29.306+0000] {logging_mixin.py:190} INFO - [2025-04-04T13:52:29.305+0000] {dag.py:4180} INFO - Setting next_dagrun for example_params_trigger_ui to None, run_after=None
[2025-04-04T13:52:29.360+0000] {processor.py:208} INFO - Processing /home/airflow/.local/lib/python3.12/site-packages/airflow/example_dags/example_params_trigger_ui.py took 0.350 seconds
[2025-04-04T13:52:59.833+0000] {processor.py:186} INFO - Started process (PID=2041) to work on /home/airflow/.local/lib/python3.12/site-packages/airflow/example_dags/example_params_trigger_ui.py
[2025-04-04T13:52:59.835+0000] {processor.py:914} INFO - Processing file /home/airflow/.local/lib/python3.12/site-packages/airflow/example_dags/example_params_trigger_ui.py for tasks to queue
[2025-04-04T13:52:59.841+0000] {logging_mixin.py:190} INFO - [2025-04-04T13:52:59.840+0000] {dagbag.py:588} INFO - Filling up the DagBag from /home/airflow/.local/lib/python3.12/site-packages/airflow/example_dags/example_params_trigger_ui.py
[2025-04-04T13:52:59.874+0000] {processor.py:925} INFO - DAG(s) 'example_params_trigger_ui' retrieved from /home/airflow/.local/lib/python3.12/site-packages/airflow/example_dags/example_params_trigger_ui.py
[2025-04-04T13:53:00.042+0000] {logging_mixin.py:190} INFO - [2025-04-04T13:53:00.041+0000] {dag.py:3239} INFO - Sync 1 DAGs
[2025-04-04T13:53:00.082+0000] {logging_mixin.py:190} INFO - [2025-04-04T13:53:00.081+0000] {dag.py:4180} INFO - Setting next_dagrun for example_params_trigger_ui to None, run_after=None
[2025-04-04T13:53:00.123+0000] {processor.py:208} INFO - Processing /home/airflow/.local/lib/python3.12/site-packages/airflow/example_dags/example_params_trigger_ui.py took 0.316 seconds
[2025-04-04T13:53:31.475+0000] {processor.py:186} INFO - Started process (PID=2104) to work on /home/airflow/.local/lib/python3.12/site-packages/airflow/example_dags/example_params_trigger_ui.py
[2025-04-04T13:53:31.476+0000] {processor.py:914} INFO - Processing file /home/airflow/.local/lib/python3.12/site-packages/airflow/example_dags/example_params_trigger_ui.py for tasks to queue
[2025-04-04T13:53:31.481+0000] {logging_mixin.py:190} INFO - [2025-04-04T13:53:31.480+0000] {dagbag.py:588} INFO - Filling up the DagBag from /home/airflow/.local/lib/python3.12/site-packages/airflow/example_dags/example_params_trigger_ui.py
[2025-04-04T13:53:31.508+0000] {processor.py:925} INFO - DAG(s) 'example_params_trigger_ui' retrieved from /home/airflow/.local/lib/python3.12/site-packages/airflow/example_dags/example_params_trigger_ui.py
[2025-04-04T13:53:31.638+0000] {logging_mixin.py:190} INFO - [2025-04-04T13:53:31.637+0000] {dag.py:3239} INFO - Sync 1 DAGs
[2025-04-04T13:53:31.674+0000] {logging_mixin.py:190} INFO - [2025-04-04T13:53:31.674+0000] {dag.py:4180} INFO - Setting next_dagrun for example_params_trigger_ui to None, run_after=None
[2025-04-04T13:53:31.783+0000] {processor.py:208} INFO - Processing /home/airflow/.local/lib/python3.12/site-packages/airflow/example_dags/example_params_trigger_ui.py took 0.320 seconds
[2025-04-04T13:54:03.274+0000] {processor.py:186} INFO - Started process (PID=2168) to work on /home/airflow/.local/lib/python3.12/site-packages/airflow/example_dags/example_params_trigger_ui.py
[2025-04-04T13:54:03.276+0000] {processor.py:914} INFO - Processing file /home/airflow/.local/lib/python3.12/site-packages/airflow/example_dags/example_params_trigger_ui.py for tasks to queue
[2025-04-04T13:54:03.281+0000] {logging_mixin.py:190} INFO - [2025-04-04T13:54:03.280+0000] {dagbag.py:588} INFO - Filling up the DagBag from /home/airflow/.local/lib/python3.12/site-packages/airflow/example_dags/example_params_trigger_ui.py
[2025-04-04T13:54:03.310+0000] {processor.py:925} INFO - DAG(s) 'example_params_trigger_ui' retrieved from /home/airflow/.local/lib/python3.12/site-packages/airflow/example_dags/example_params_trigger_ui.py
[2025-04-04T13:54:03.430+0000] {logging_mixin.py:190} INFO - [2025-04-04T13:54:03.429+0000] {dag.py:3239} INFO - Sync 1 DAGs
[2025-04-04T13:54:03.466+0000] {logging_mixin.py:190} INFO - [2025-04-04T13:54:03.466+0000] {dag.py:4180} INFO - Setting next_dagrun for example_params_trigger_ui to None, run_after=None
[2025-04-04T13:54:03.517+0000] {processor.py:208} INFO - Processing /home/airflow/.local/lib/python3.12/site-packages/airflow/example_dags/example_params_trigger_ui.py took 0.260 seconds
[2025-04-04T13:54:34.403+0000] {processor.py:186} INFO - Started process (PID=2233) to work on /home/airflow/.local/lib/python3.12/site-packages/airflow/example_dags/example_params_trigger_ui.py
[2025-04-04T13:54:34.405+0000] {processor.py:914} INFO - Processing file /home/airflow/.local/lib/python3.12/site-packages/airflow/example_dags/example_params_trigger_ui.py for tasks to queue
[2025-04-04T13:54:34.410+0000] {logging_mixin.py:190} INFO - [2025-04-04T13:54:34.409+0000] {dagbag.py:588} INFO - Filling up the DagBag from /home/airflow/.local/lib/python3.12/site-packages/airflow/example_dags/example_params_trigger_ui.py
[2025-04-04T13:54:34.479+0000] {processor.py:925} INFO - DAG(s) 'example_params_trigger_ui' retrieved from /home/airflow/.local/lib/python3.12/site-packages/airflow/example_dags/example_params_trigger_ui.py
[2025-04-04T13:54:34.649+0000] {logging_mixin.py:190} INFO - [2025-04-04T13:54:34.647+0000] {dag.py:3239} INFO - Sync 1 DAGs
[2025-04-04T13:54:34.691+0000] {logging_mixin.py:190} INFO - [2025-04-04T13:54:34.691+0000] {dag.py:4180} INFO - Setting next_dagrun for example_params_trigger_ui to None, run_after=None
[2025-04-04T13:54:34.741+0000] {processor.py:208} INFO - Processing /home/airflow/.local/lib/python3.12/site-packages/airflow/example_dags/example_params_trigger_ui.py took 0.352 seconds
[2025-04-04T13:55:06.000+0000] {processor.py:186} INFO - Started process (PID=2295) to work on /home/airflow/.local/lib/python3.12/site-packages/airflow/example_dags/example_params_trigger_ui.py
[2025-04-04T13:55:06.002+0000] {processor.py:914} INFO - Processing file /home/airflow/.local/lib/python3.12/site-packages/airflow/example_dags/example_params_trigger_ui.py for tasks to queue
[2025-04-04T13:55:06.006+0000] {logging_mixin.py:190} INFO - [2025-04-04T13:55:06.006+0000] {dagbag.py:588} INFO - Filling up the DagBag from /home/airflow/.local/lib/python3.12/site-packages/airflow/example_dags/example_params_trigger_ui.py
[2025-04-04T13:55:06.042+0000] {processor.py:925} INFO - DAG(s) 'example_params_trigger_ui' retrieved from /home/airflow/.local/lib/python3.12/site-packages/airflow/example_dags/example_params_trigger_ui.py
[2025-04-04T13:55:06.195+0000] {logging_mixin.py:190} INFO - [2025-04-04T13:55:06.194+0000] {dag.py:3239} INFO - Sync 1 DAGs
[2025-04-04T13:55:06.256+0000] {logging_mixin.py:190} INFO - [2025-04-04T13:55:06.256+0000] {dag.py:4180} INFO - Setting next_dagrun for example_params_trigger_ui to None, run_after=None
[2025-04-04T13:55:06.424+0000] {processor.py:208} INFO - Processing /home/airflow/.local/lib/python3.12/site-packages/airflow/example_dags/example_params_trigger_ui.py took 0.443 seconds
[2025-04-04T13:55:36.987+0000] {processor.py:186} INFO - Started process (PID=2357) to work on /home/airflow/.local/lib/python3.12/site-packages/airflow/example_dags/example_params_trigger_ui.py
[2025-04-04T13:55:36.989+0000] {processor.py:914} INFO - Processing file /home/airflow/.local/lib/python3.12/site-packages/airflow/example_dags/example_params_trigger_ui.py for tasks to queue
[2025-04-04T13:55:36.994+0000] {logging_mixin.py:190} INFO - [2025-04-04T13:55:36.993+0000] {dagbag.py:588} INFO - Filling up the DagBag from /home/airflow/.local/lib/python3.12/site-packages/airflow/example_dags/example_params_trigger_ui.py
[2025-04-04T13:55:37.019+0000] {processor.py:925} INFO - DAG(s) 'example_params_trigger_ui' retrieved from /home/airflow/.local/lib/python3.12/site-packages/airflow/example_dags/example_params_trigger_ui.py
[2025-04-04T13:55:37.143+0000] {logging_mixin.py:190} INFO - [2025-04-04T13:55:37.142+0000] {dag.py:3239} INFO - Sync 1 DAGs
[2025-04-04T13:55:37.184+0000] {logging_mixin.py:190} INFO - [2025-04-04T13:55:37.183+0000] {dag.py:4180} INFO - Setting next_dagrun for example_params_trigger_ui to None, run_after=None
[2025-04-04T13:55:37.234+0000] {processor.py:208} INFO - Processing /home/airflow/.local/lib/python3.12/site-packages/airflow/example_dags/example_params_trigger_ui.py took 0.261 seconds
[2025-04-04T13:56:09.774+0000] {processor.py:186} INFO - Started process (PID=2421) to work on /home/airflow/.local/lib/python3.12/site-packages/airflow/example_dags/example_params_trigger_ui.py
[2025-04-04T13:56:09.775+0000] {processor.py:914} INFO - Processing file /home/airflow/.local/lib/python3.12/site-packages/airflow/example_dags/example_params_trigger_ui.py for tasks to queue
[2025-04-04T13:56:09.779+0000] {logging_mixin.py:190} INFO - [2025-04-04T13:56:09.778+0000] {dagbag.py:588} INFO - Filling up the DagBag from /home/airflow/.local/lib/python3.12/site-packages/airflow/example_dags/example_params_trigger_ui.py
[2025-04-04T13:56:09.798+0000] {processor.py:925} INFO - DAG(s) 'example_params_trigger_ui' retrieved from /home/airflow/.local/lib/python3.12/site-packages/airflow/example_dags/example_params_trigger_ui.py
[2025-04-04T13:56:09.890+0000] {logging_mixin.py:190} INFO - [2025-04-04T13:56:09.890+0000] {dag.py:3239} INFO - Sync 1 DAGs
[2025-04-04T13:56:09.915+0000] {logging_mixin.py:190} INFO - [2025-04-04T13:56:09.914+0000] {dag.py:4180} INFO - Setting next_dagrun for example_params_trigger_ui to None, run_after=None
[2025-04-04T13:56:09.950+0000] {processor.py:208} INFO - Processing /home/airflow/.local/lib/python3.12/site-packages/airflow/example_dags/example_params_trigger_ui.py took 0.186 seconds
[2025-04-04T13:56:40.668+0000] {processor.py:186} INFO - Started process (PID=2483) to work on /home/airflow/.local/lib/python3.12/site-packages/airflow/example_dags/example_params_trigger_ui.py
[2025-04-04T13:56:40.670+0000] {processor.py:914} INFO - Processing file /home/airflow/.local/lib/python3.12/site-packages/airflow/example_dags/example_params_trigger_ui.py for tasks to queue
[2025-04-04T13:56:40.674+0000] {logging_mixin.py:190} INFO - [2025-04-04T13:56:40.673+0000] {dagbag.py:588} INFO - Filling up the DagBag from /home/airflow/.local/lib/python3.12/site-packages/airflow/example_dags/example_params_trigger_ui.py
[2025-04-04T13:56:40.695+0000] {processor.py:925} INFO - DAG(s) 'example_params_trigger_ui' retrieved from /home/airflow/.local/lib/python3.12/site-packages/airflow/example_dags/example_params_trigger_ui.py
[2025-04-04T13:56:40.774+0000] {logging_mixin.py:190} INFO - [2025-04-04T13:56:40.773+0000] {dag.py:3239} INFO - Sync 1 DAGs
[2025-04-04T13:56:40.798+0000] {logging_mixin.py:190} INFO - [2025-04-04T13:56:40.798+0000] {dag.py:4180} INFO - Setting next_dagrun for example_params_trigger_ui to None, run_after=None
[2025-04-04T13:56:40.831+0000] {processor.py:208} INFO - Processing /home/airflow/.local/lib/python3.12/site-packages/airflow/example_dags/example_params_trigger_ui.py took 0.172 seconds
[2025-04-04T13:57:12.137+0000] {processor.py:186} INFO - Started process (PID=2547) to work on /home/airflow/.local/lib/python3.12/site-packages/airflow/example_dags/example_params_trigger_ui.py
[2025-04-04T13:57:12.139+0000] {processor.py:914} INFO - Processing file /home/airflow/.local/lib/python3.12/site-packages/airflow/example_dags/example_params_trigger_ui.py for tasks to queue
[2025-04-04T13:57:12.143+0000] {logging_mixin.py:190} INFO - [2025-04-04T13:57:12.143+0000] {dagbag.py:588} INFO - Filling up the DagBag from /home/airflow/.local/lib/python3.12/site-packages/airflow/example_dags/example_params_trigger_ui.py
[2025-04-04T13:57:12.165+0000] {processor.py:925} INFO - DAG(s) 'example_params_trigger_ui' retrieved from /home/airflow/.local/lib/python3.12/site-packages/airflow/example_dags/example_params_trigger_ui.py
[2025-04-04T13:57:12.259+0000] {logging_mixin.py:190} INFO - [2025-04-04T13:57:12.259+0000] {dag.py:3239} INFO - Sync 1 DAGs
[2025-04-04T13:57:12.296+0000] {logging_mixin.py:190} INFO - [2025-04-04T13:57:12.296+0000] {dag.py:4180} INFO - Setting next_dagrun for example_params_trigger_ui to None, run_after=None
[2025-04-04T13:57:12.332+0000] {processor.py:208} INFO - Processing /home/airflow/.local/lib/python3.12/site-packages/airflow/example_dags/example_params_trigger_ui.py took 0.210 seconds
[2025-04-04T13:57:45.677+0000] {processor.py:186} INFO - Started process (PID=2611) to work on /home/airflow/.local/lib/python3.12/site-packages/airflow/example_dags/example_params_trigger_ui.py
[2025-04-04T13:57:45.680+0000] {processor.py:914} INFO - Processing file /home/airflow/.local/lib/python3.12/site-packages/airflow/example_dags/example_params_trigger_ui.py for tasks to queue
[2025-04-04T13:57:45.730+0000] {logging_mixin.py:190} INFO - [2025-04-04T13:57:45.724+0000] {dagbag.py:588} INFO - Filling up the DagBag from /home/airflow/.local/lib/python3.12/site-packages/airflow/example_dags/example_params_trigger_ui.py
[2025-04-04T13:57:45.832+0000] {processor.py:925} INFO - DAG(s) 'example_params_trigger_ui' retrieved from /home/airflow/.local/lib/python3.12/site-packages/airflow/example_dags/example_params_trigger_ui.py
[2025-04-04T13:57:46.437+0000] {logging_mixin.py:190} INFO - [2025-04-04T13:57:46.434+0000] {dag.py:3239} INFO - Sync 1 DAGs
[2025-04-04T13:57:46.522+0000] {logging_mixin.py:190} INFO - [2025-04-04T13:57:46.522+0000] {dag.py:4180} INFO - Setting next_dagrun for example_params_trigger_ui to None, run_after=None
[2025-04-04T13:57:46.590+0000] {processor.py:208} INFO - Processing /home/airflow/.local/lib/python3.12/site-packages/airflow/example_dags/example_params_trigger_ui.py took 0.966 seconds
[2025-04-04T13:58:18.042+0000] {processor.py:186} INFO - Started process (PID=2674) to work on /home/airflow/.local/lib/python3.12/site-packages/airflow/example_dags/example_params_trigger_ui.py
[2025-04-04T13:58:18.045+0000] {processor.py:914} INFO - Processing file /home/airflow/.local/lib/python3.12/site-packages/airflow/example_dags/example_params_trigger_ui.py for tasks to queue
[2025-04-04T13:58:18.050+0000] {logging_mixin.py:190} INFO - [2025-04-04T13:58:18.049+0000] {dagbag.py:588} INFO - Filling up the DagBag from /home/airflow/.local/lib/python3.12/site-packages/airflow/example_dags/example_params_trigger_ui.py
[2025-04-04T13:58:18.084+0000] {processor.py:925} INFO - DAG(s) 'example_params_trigger_ui' retrieved from /home/airflow/.local/lib/python3.12/site-packages/airflow/example_dags/example_params_trigger_ui.py
[2025-04-04T13:58:18.217+0000] {logging_mixin.py:190} INFO - [2025-04-04T13:58:18.217+0000] {dag.py:3239} INFO - Sync 1 DAGs
[2025-04-04T13:58:18.256+0000] {logging_mixin.py:190} INFO - [2025-04-04T13:58:18.256+0000] {dag.py:4180} INFO - Setting next_dagrun for example_params_trigger_ui to None, run_after=None
[2025-04-04T13:58:18.295+0000] {processor.py:208} INFO - Processing /home/airflow/.local/lib/python3.12/site-packages/airflow/example_dags/example_params_trigger_ui.py took 0.275 seconds
[2025-04-04T13:58:53.665+0000] {processor.py:186} INFO - Started process (PID=2737) to work on /home/airflow/.local/lib/python3.12/site-packages/airflow/example_dags/example_params_trigger_ui.py
[2025-04-04T13:58:53.668+0000] {processor.py:914} INFO - Processing file /home/airflow/.local/lib/python3.12/site-packages/airflow/example_dags/example_params_trigger_ui.py for tasks to queue
[2025-04-04T13:58:53.674+0000] {logging_mixin.py:190} INFO - [2025-04-04T13:58:53.672+0000] {dagbag.py:588} INFO - Filling up the DagBag from /home/airflow/.local/lib/python3.12/site-packages/airflow/example_dags/example_params_trigger_ui.py
[2025-04-04T13:58:53.711+0000] {processor.py:925} INFO - DAG(s) 'example_params_trigger_ui' retrieved from /home/airflow/.local/lib/python3.12/site-packages/airflow/example_dags/example_params_trigger_ui.py
[2025-04-04T13:58:53.853+0000] {logging_mixin.py:190} INFO - [2025-04-04T13:58:53.852+0000] {dag.py:3239} INFO - Sync 1 DAGs
[2025-04-04T13:58:53.919+0000] {logging_mixin.py:190} INFO - [2025-04-04T13:58:53.918+0000] {dag.py:4180} INFO - Setting next_dagrun for example_params_trigger_ui to None, run_after=None
[2025-04-04T13:58:53.975+0000] {processor.py:208} INFO - Processing /home/airflow/.local/lib/python3.12/site-packages/airflow/example_dags/example_params_trigger_ui.py took 0.331 seconds
