[2025-04-04T13:36:36.665+0000] {processor.py:186} INFO - Started process (PID=94) to work on /home/airflow/.local/lib/python3.12/site-packages/airflow/example_dags/example_dataset_alias.py
[2025-04-04T13:36:36.670+0000] {processor.py:914} INFO - Processing file /home/airflow/.local/lib/python3.12/site-packages/airflow/example_dags/example_dataset_alias.py for tasks to queue
[2025-04-04T13:36:36.697+0000] {logging_mixin.py:190} INFO - [2025-04-04T13:36:36.695+0000] {dagbag.py:588} INFO - Filling up the DagBag from /home/airflow/.local/lib/python3.12/site-packages/airflow/example_dags/example_dataset_alias.py
[2025-04-04T13:36:41.024+0000] {processor.py:925} INFO - DAG(s) 'dataset_s3_bucket_consumer', 'dataset_alias_example_alias_consumer', 'dataset_s3_bucket_producer', 'dataset_alias_example_alias_producer' retrieved from /home/airflow/.local/lib/python3.12/site-packages/airflow/example_dags/example_dataset_alias.py
[2025-04-04T13:36:41.242+0000] {logging_mixin.py:190} INFO - [2025-04-04T13:36:41.240+0000] {override.py:1912} INFO - Created Permission View: can edit on DAG:dataset_s3_bucket_consumer
[2025-04-04T13:36:41.269+0000] {logging_mixin.py:190} INFO - [2025-04-04T13:36:41.268+0000] {override.py:1912} INFO - Created Permission View: can delete on DAG:dataset_s3_bucket_consumer
[2025-04-04T13:36:41.288+0000] {logging_mixin.py:190} INFO - [2025-04-04T13:36:41.287+0000] {override.py:1912} INFO - Created Permission View: can read on DAG:dataset_s3_bucket_consumer
[2025-04-04T13:36:41.358+0000] {logging_mixin.py:190} INFO - [2025-04-04T13:36:41.356+0000] {override.py:1912} INFO - Created Permission View: can delete on DAG Run:dataset_s3_bucket_consumer
[2025-04-04T13:36:41.395+0000] {logging_mixin.py:190} INFO - [2025-04-04T13:36:41.394+0000] {override.py:1912} INFO - Created Permission View: can read on DAG Run:dataset_s3_bucket_consumer
[2025-04-04T13:36:41.419+0000] {logging_mixin.py:190} INFO - [2025-04-04T13:36:41.419+0000] {override.py:1912} INFO - Created Permission View: can create on DAG Run:dataset_s3_bucket_consumer
[2025-04-04T13:36:41.412+0000] {logging_mixin.py:190} INFO - [2025-04-04T13:36:41.412+0000] {override.py:1912} INFO - Created Permission View: menu access on DAG Run:dataset_s3_bucket_consumer
[2025-04-04T13:36:41.455+0000] {logging_mixin.py:190} INFO - [2025-04-04T13:36:41.454+0000] {override.py:1912} INFO - Created Permission View: can edit on DAG:dataset_alias_example_alias_consumer
[2025-04-04T13:36:41.482+0000] {logging_mixin.py:190} INFO - [2025-04-04T13:36:41.481+0000] {override.py:1912} INFO - Created Permission View: can delete on DAG:dataset_alias_example_alias_consumer
[2025-04-04T13:36:41.501+0000] {logging_mixin.py:190} INFO - [2025-04-04T13:36:41.500+0000] {override.py:1912} INFO - Created Permission View: can read on DAG:dataset_alias_example_alias_consumer
[2025-04-04T13:36:41.532+0000] {logging_mixin.py:190} INFO - [2025-04-04T13:36:41.531+0000] {override.py:1912} INFO - Created Permission View: can delete on DAG Run:dataset_alias_example_alias_consumer
[2025-04-04T13:36:41.569+0000] {logging_mixin.py:190} INFO - [2025-04-04T13:36:41.569+0000] {override.py:1912} INFO - Created Permission View: can read on DAG Run:dataset_alias_example_alias_consumer
[2025-04-04T13:36:41.584+0000] {logging_mixin.py:190} INFO - [2025-04-04T13:36:41.583+0000] {override.py:1912} INFO - Created Permission View: can create on DAG Run:dataset_alias_example_alias_consumer
[2025-04-04T13:36:41.600+0000] {logging_mixin.py:190} INFO - [2025-04-04T13:36:41.599+0000] {override.py:1912} INFO - Created Permission View: menu access on DAG Run:dataset_alias_example_alias_consumer
[2025-04-04T13:36:41.632+0000] {logging_mixin.py:190} INFO - [2025-04-04T13:36:41.631+0000] {override.py:1912} INFO - Created Permission View: can edit on DAG:dataset_s3_bucket_producer
[2025-04-04T13:36:41.657+0000] {logging_mixin.py:190} INFO - [2025-04-04T13:36:41.656+0000] {override.py:1912} INFO - Created Permission View: can delete on DAG:dataset_s3_bucket_producer
[2025-04-04T13:36:41.681+0000] {logging_mixin.py:190} INFO - [2025-04-04T13:36:41.681+0000] {override.py:1912} INFO - Created Permission View: can read on DAG:dataset_s3_bucket_producer
[2025-04-04T13:36:41.696+0000] {logging_mixin.py:190} INFO - [2025-04-04T13:36:41.696+0000] {override.py:1912} INFO - Created Permission View: can delete on DAG Run:dataset_s3_bucket_producer
[2025-04-04T13:36:41.723+0000] {logging_mixin.py:190} INFO - [2025-04-04T13:36:41.722+0000] {override.py:1912} INFO - Created Permission View: can read on DAG Run:dataset_s3_bucket_producer
[2025-04-04T13:36:41.740+0000] {logging_mixin.py:190} INFO - [2025-04-04T13:36:41.739+0000] {override.py:1912} INFO - Created Permission View: can create on DAG Run:dataset_s3_bucket_producer
[2025-04-04T13:36:41.751+0000] {logging_mixin.py:190} INFO - [2025-04-04T13:36:41.751+0000] {override.py:1912} INFO - Created Permission View: menu access on DAG Run:dataset_s3_bucket_producer
[2025-04-04T13:36:41.796+0000] {logging_mixin.py:190} INFO - [2025-04-04T13:36:41.795+0000] {override.py:1912} INFO - Created Permission View: can edit on DAG:dataset_alias_example_alias_producer
[2025-04-04T13:36:41.819+0000] {logging_mixin.py:190} INFO - [2025-04-04T13:36:41.818+0000] {override.py:1912} INFO - Created Permission View: can delete on DAG:dataset_alias_example_alias_producer
[2025-04-04T13:36:41.833+0000] {logging_mixin.py:190} INFO - [2025-04-04T13:36:41.832+0000] {override.py:1912} INFO - Created Permission View: can read on DAG:dataset_alias_example_alias_producer
[2025-04-04T13:36:41.845+0000] {logging_mixin.py:190} INFO - [2025-04-04T13:36:41.845+0000] {override.py:1912} INFO - Created Permission View: can delete on DAG Run:dataset_alias_example_alias_producer
[2025-04-04T13:36:41.860+0000] {logging_mixin.py:190} INFO - [2025-04-04T13:36:41.859+0000] {override.py:1912} INFO - Created Permission View: can read on DAG Run:dataset_alias_example_alias_producer
[2025-04-04T13:36:41.878+0000] {logging_mixin.py:190} INFO - [2025-04-04T13:36:41.877+0000] {override.py:1912} INFO - Created Permission View: can create on DAG Run:dataset_alias_example_alias_producer
[2025-04-04T13:36:41.893+0000] {logging_mixin.py:190} INFO - [2025-04-04T13:36:41.892+0000] {override.py:1912} INFO - Created Permission View: menu access on DAG Run:dataset_alias_example_alias_producer
[2025-04-04T13:36:41.895+0000] {logging_mixin.py:190} INFO - [2025-04-04T13:36:41.894+0000] {dag.py:3239} INFO - Sync 4 DAGs
[2025-04-04T13:36:41.932+0000] {logging_mixin.py:190} INFO - [2025-04-04T13:36:41.931+0000] {dag.py:3262} INFO - Creating ORM DAG for dataset_s3_bucket_consumer
[2025-04-04T13:36:41.935+0000] {logging_mixin.py:190} INFO - [2025-04-04T13:36:41.934+0000] {dag.py:3262} INFO - Creating ORM DAG for dataset_s3_bucket_producer
[2025-04-04T13:36:41.937+0000] {logging_mixin.py:190} INFO - [2025-04-04T13:36:41.937+0000] {dag.py:3262} INFO - Creating ORM DAG for dataset_alias_example_alias_consumer
[2025-04-04T13:36:41.940+0000] {logging_mixin.py:190} INFO - [2025-04-04T13:36:41.939+0000] {dag.py:3262} INFO - Creating ORM DAG for dataset_alias_example_alias_producer
[2025-04-04T13:36:41.959+0000] {logging_mixin.py:190} INFO - [2025-04-04T13:36:41.959+0000] {dag.py:4180} INFO - Setting next_dagrun for dataset_alias_example_alias_consumer to None, run_after=None
[2025-04-04T13:36:41.961+0000] {logging_mixin.py:190} INFO - [2025-04-04T13:36:41.961+0000] {dag.py:4180} INFO - Setting next_dagrun for dataset_alias_example_alias_producer to None, run_after=None
[2025-04-04T13:36:41.963+0000] {logging_mixin.py:190} INFO - [2025-04-04T13:36:41.963+0000] {dag.py:4180} INFO - Setting next_dagrun for dataset_s3_bucket_consumer to None, run_after=None
[2025-04-04T13:36:41.964+0000] {logging_mixin.py:190} INFO - [2025-04-04T13:36:41.964+0000] {dag.py:4180} INFO - Setting next_dagrun for dataset_s3_bucket_producer to None, run_after=None
[2025-04-04T13:36:42.022+0000] {processor.py:208} INFO - Processing /home/airflow/.local/lib/python3.12/site-packages/airflow/example_dags/example_dataset_alias.py took 5.400 seconds
[2025-04-04T13:37:12.307+0000] {processor.py:186} INFO - Started process (PID=157) to work on /home/airflow/.local/lib/python3.12/site-packages/airflow/example_dags/example_dataset_alias.py
[2025-04-04T13:37:12.309+0000] {processor.py:914} INFO - Processing file /home/airflow/.local/lib/python3.12/site-packages/airflow/example_dags/example_dataset_alias.py for tasks to queue
[2025-04-04T13:37:12.314+0000] {logging_mixin.py:190} INFO - [2025-04-04T13:37:12.314+0000] {dagbag.py:588} INFO - Filling up the DagBag from /home/airflow/.local/lib/python3.12/site-packages/airflow/example_dags/example_dataset_alias.py
[2025-04-04T13:37:15.179+0000] {processor.py:925} INFO - DAG(s) 'dataset_s3_bucket_producer', 'dataset_alias_example_alias_consumer', 'dataset_s3_bucket_consumer', 'dataset_alias_example_alias_producer' retrieved from /home/airflow/.local/lib/python3.12/site-packages/airflow/example_dags/example_dataset_alias.py
[2025-04-04T13:37:15.224+0000] {logging_mixin.py:190} INFO - [2025-04-04T13:37:15.223+0000] {dag.py:3239} INFO - Sync 4 DAGs
[2025-04-04T13:37:15.269+0000] {logging_mixin.py:190} INFO - [2025-04-04T13:37:15.268+0000] {dag.py:4180} INFO - Setting next_dagrun for dataset_alias_example_alias_consumer to None, run_after=None
[2025-04-04T13:37:15.275+0000] {logging_mixin.py:190} INFO - [2025-04-04T13:37:15.274+0000] {dag.py:4180} INFO - Setting next_dagrun for dataset_alias_example_alias_producer to None, run_after=None
[2025-04-04T13:37:15.283+0000] {logging_mixin.py:190} INFO - [2025-04-04T13:37:15.283+0000] {dag.py:4180} INFO - Setting next_dagrun for dataset_s3_bucket_consumer to None, run_after=None
[2025-04-04T13:37:15.287+0000] {logging_mixin.py:190} INFO - [2025-04-04T13:37:15.287+0000] {dag.py:4180} INFO - Setting next_dagrun for dataset_s3_bucket_producer to None, run_after=None
[2025-04-04T13:37:15.330+0000] {processor.py:208} INFO - Processing /home/airflow/.local/lib/python3.12/site-packages/airflow/example_dags/example_dataset_alias.py took 3.036 seconds
[2025-04-04T13:37:45.553+0000] {processor.py:186} INFO - Started process (PID=220) to work on /home/airflow/.local/lib/python3.12/site-packages/airflow/example_dags/example_dataset_alias.py
[2025-04-04T13:37:45.556+0000] {processor.py:914} INFO - Processing file /home/airflow/.local/lib/python3.12/site-packages/airflow/example_dags/example_dataset_alias.py for tasks to queue
[2025-04-04T13:37:45.561+0000] {logging_mixin.py:190} INFO - [2025-04-04T13:37:45.560+0000] {dagbag.py:588} INFO - Filling up the DagBag from /home/airflow/.local/lib/python3.12/site-packages/airflow/example_dags/example_dataset_alias.py
[2025-04-04T13:37:46.759+0000] {processor.py:925} INFO - DAG(s) 'dataset_s3_bucket_producer', 'dataset_alias_example_alias_consumer', 'dataset_alias_example_alias_producer', 'dataset_s3_bucket_consumer' retrieved from /home/airflow/.local/lib/python3.12/site-packages/airflow/example_dags/example_dataset_alias.py
[2025-04-04T13:37:46.804+0000] {logging_mixin.py:190} INFO - [2025-04-04T13:37:46.803+0000] {dag.py:3239} INFO - Sync 4 DAGs
[2025-04-04T13:37:46.845+0000] {logging_mixin.py:190} INFO - [2025-04-04T13:37:46.844+0000] {dag.py:4180} INFO - Setting next_dagrun for dataset_alias_example_alias_consumer to None, run_after=None
[2025-04-04T13:37:46.851+0000] {logging_mixin.py:190} INFO - [2025-04-04T13:37:46.850+0000] {dag.py:4180} INFO - Setting next_dagrun for dataset_alias_example_alias_producer to None, run_after=None
[2025-04-04T13:37:46.855+0000] {logging_mixin.py:190} INFO - [2025-04-04T13:37:46.854+0000] {dag.py:4180} INFO - Setting next_dagrun for dataset_s3_bucket_consumer to None, run_after=None
[2025-04-04T13:37:46.858+0000] {logging_mixin.py:190} INFO - [2025-04-04T13:37:46.857+0000] {dag.py:4180} INFO - Setting next_dagrun for dataset_s3_bucket_producer to None, run_after=None
[2025-04-04T13:37:46.916+0000] {processor.py:208} INFO - Processing /home/airflow/.local/lib/python3.12/site-packages/airflow/example_dags/example_dataset_alias.py took 1.384 seconds
[2025-04-04T13:38:17.405+0000] {processor.py:186} INFO - Started process (PID=283) to work on /home/airflow/.local/lib/python3.12/site-packages/airflow/example_dags/example_dataset_alias.py
[2025-04-04T13:38:17.407+0000] {processor.py:914} INFO - Processing file /home/airflow/.local/lib/python3.12/site-packages/airflow/example_dags/example_dataset_alias.py for tasks to queue
[2025-04-04T13:38:17.412+0000] {logging_mixin.py:190} INFO - [2025-04-04T13:38:17.411+0000] {dagbag.py:588} INFO - Filling up the DagBag from /home/airflow/.local/lib/python3.12/site-packages/airflow/example_dags/example_dataset_alias.py
[2025-04-04T13:38:21.174+0000] {processor.py:925} INFO - DAG(s) 'dataset_s3_bucket_producer', 'dataset_alias_example_alias_producer', 'dataset_s3_bucket_consumer', 'dataset_alias_example_alias_consumer' retrieved from /home/airflow/.local/lib/python3.12/site-packages/airflow/example_dags/example_dataset_alias.py
[2025-04-04T13:38:21.306+0000] {logging_mixin.py:190} INFO - [2025-04-04T13:38:21.302+0000] {dag.py:3239} INFO - Sync 4 DAGs
[2025-04-04T13:38:21.450+0000] {logging_mixin.py:190} INFO - [2025-04-04T13:38:21.450+0000] {dag.py:4180} INFO - Setting next_dagrun for dataset_alias_example_alias_consumer to None, run_after=None
[2025-04-04T13:38:21.498+0000] {logging_mixin.py:190} INFO - [2025-04-04T13:38:21.484+0000] {dag.py:4180} INFO - Setting next_dagrun for dataset_alias_example_alias_producer to None, run_after=None
[2025-04-04T13:38:21.503+0000] {logging_mixin.py:190} INFO - [2025-04-04T13:38:21.503+0000] {dag.py:4180} INFO - Setting next_dagrun for dataset_s3_bucket_consumer to None, run_after=None
[2025-04-04T13:38:21.538+0000] {logging_mixin.py:190} INFO - [2025-04-04T13:38:21.537+0000] {dag.py:4180} INFO - Setting next_dagrun for dataset_s3_bucket_producer to None, run_after=None
[2025-04-04T13:38:21.660+0000] {processor.py:208} INFO - Processing /home/airflow/.local/lib/python3.12/site-packages/airflow/example_dags/example_dataset_alias.py took 4.269 seconds
[2025-04-04T13:38:51.891+0000] {processor.py:186} INFO - Started process (PID=346) to work on /home/airflow/.local/lib/python3.12/site-packages/airflow/example_dags/example_dataset_alias.py
[2025-04-04T13:38:51.892+0000] {processor.py:914} INFO - Processing file /home/airflow/.local/lib/python3.12/site-packages/airflow/example_dags/example_dataset_alias.py for tasks to queue
[2025-04-04T13:38:51.896+0000] {logging_mixin.py:190} INFO - [2025-04-04T13:38:51.895+0000] {dagbag.py:588} INFO - Filling up the DagBag from /home/airflow/.local/lib/python3.12/site-packages/airflow/example_dags/example_dataset_alias.py
[2025-04-04T13:38:53.114+0000] {processor.py:925} INFO - DAG(s) 'dataset_alias_example_alias_consumer', 'dataset_alias_example_alias_producer', 'dataset_s3_bucket_consumer', 'dataset_s3_bucket_producer' retrieved from /home/airflow/.local/lib/python3.12/site-packages/airflow/example_dags/example_dataset_alias.py
[2025-04-04T13:38:53.170+0000] {logging_mixin.py:190} INFO - [2025-04-04T13:38:53.169+0000] {dag.py:3239} INFO - Sync 4 DAGs
[2025-04-04T13:38:53.225+0000] {logging_mixin.py:190} INFO - [2025-04-04T13:38:53.225+0000] {dag.py:4180} INFO - Setting next_dagrun for dataset_alias_example_alias_consumer to None, run_after=None
[2025-04-04T13:38:53.240+0000] {logging_mixin.py:190} INFO - [2025-04-04T13:38:53.239+0000] {dag.py:4180} INFO - Setting next_dagrun for dataset_alias_example_alias_producer to None, run_after=None
[2025-04-04T13:38:53.244+0000] {logging_mixin.py:190} INFO - [2025-04-04T13:38:53.243+0000] {dag.py:4180} INFO - Setting next_dagrun for dataset_s3_bucket_consumer to None, run_after=None
[2025-04-04T13:38:53.247+0000] {logging_mixin.py:190} INFO - [2025-04-04T13:38:53.247+0000] {dag.py:4180} INFO - Setting next_dagrun for dataset_s3_bucket_producer to None, run_after=None
[2025-04-04T13:38:53.291+0000] {processor.py:208} INFO - Processing /home/airflow/.local/lib/python3.12/site-packages/airflow/example_dags/example_dataset_alias.py took 1.411 seconds
[2025-04-04T13:39:24.255+0000] {processor.py:186} INFO - Started process (PID=415) to work on /home/airflow/.local/lib/python3.12/site-packages/airflow/example_dags/example_dataset_alias.py
[2025-04-04T13:39:24.259+0000] {processor.py:914} INFO - Processing file /home/airflow/.local/lib/python3.12/site-packages/airflow/example_dags/example_dataset_alias.py for tasks to queue
[2025-04-04T13:39:24.268+0000] {logging_mixin.py:190} INFO - [2025-04-04T13:39:24.268+0000] {dagbag.py:588} INFO - Filling up the DagBag from /home/airflow/.local/lib/python3.12/site-packages/airflow/example_dags/example_dataset_alias.py
[2025-04-04T13:39:26.124+0000] {processor.py:925} INFO - DAG(s) 'dataset_alias_example_alias_consumer', 'dataset_alias_example_alias_producer', 'dataset_s3_bucket_producer', 'dataset_s3_bucket_consumer' retrieved from /home/airflow/.local/lib/python3.12/site-packages/airflow/example_dags/example_dataset_alias.py
[2025-04-04T13:39:26.174+0000] {logging_mixin.py:190} INFO - [2025-04-04T13:39:26.173+0000] {dag.py:3239} INFO - Sync 4 DAGs
[2025-04-04T13:39:26.225+0000] {logging_mixin.py:190} INFO - [2025-04-04T13:39:26.225+0000] {dag.py:4180} INFO - Setting next_dagrun for dataset_alias_example_alias_consumer to None, run_after=None
[2025-04-04T13:39:26.231+0000] {logging_mixin.py:190} INFO - [2025-04-04T13:39:26.231+0000] {dag.py:4180} INFO - Setting next_dagrun for dataset_alias_example_alias_producer to None, run_after=None
[2025-04-04T13:39:26.235+0000] {logging_mixin.py:190} INFO - [2025-04-04T13:39:26.235+0000] {dag.py:4180} INFO - Setting next_dagrun for dataset_s3_bucket_consumer to None, run_after=None
[2025-04-04T13:39:26.239+0000] {logging_mixin.py:190} INFO - [2025-04-04T13:39:26.238+0000] {dag.py:4180} INFO - Setting next_dagrun for dataset_s3_bucket_producer to None, run_after=None
[2025-04-04T13:39:26.295+0000] {processor.py:208} INFO - Processing /home/airflow/.local/lib/python3.12/site-packages/airflow/example_dags/example_dataset_alias.py took 2.064 seconds
[2025-04-04T13:39:56.904+0000] {processor.py:186} INFO - Started process (PID=479) to work on /home/airflow/.local/lib/python3.12/site-packages/airflow/example_dags/example_dataset_alias.py
[2025-04-04T13:39:56.907+0000] {processor.py:914} INFO - Processing file /home/airflow/.local/lib/python3.12/site-packages/airflow/example_dags/example_dataset_alias.py for tasks to queue
[2025-04-04T13:39:56.913+0000] {logging_mixin.py:190} INFO - [2025-04-04T13:39:56.912+0000] {dagbag.py:588} INFO - Filling up the DagBag from /home/airflow/.local/lib/python3.12/site-packages/airflow/example_dags/example_dataset_alias.py
[2025-04-04T13:39:58.221+0000] {processor.py:925} INFO - DAG(s) 'dataset_alias_example_alias_producer', 'dataset_s3_bucket_producer', 'dataset_alias_example_alias_consumer', 'dataset_s3_bucket_consumer' retrieved from /home/airflow/.local/lib/python3.12/site-packages/airflow/example_dags/example_dataset_alias.py
[2025-04-04T13:39:58.271+0000] {logging_mixin.py:190} INFO - [2025-04-04T13:39:58.270+0000] {dag.py:3239} INFO - Sync 4 DAGs
[2025-04-04T13:39:58.327+0000] {logging_mixin.py:190} INFO - [2025-04-04T13:39:58.327+0000] {dag.py:4180} INFO - Setting next_dagrun for dataset_alias_example_alias_consumer to None, run_after=None
[2025-04-04T13:39:58.333+0000] {logging_mixin.py:190} INFO - [2025-04-04T13:39:58.333+0000] {dag.py:4180} INFO - Setting next_dagrun for dataset_alias_example_alias_producer to None, run_after=None
[2025-04-04T13:39:58.337+0000] {logging_mixin.py:190} INFO - [2025-04-04T13:39:58.336+0000] {dag.py:4180} INFO - Setting next_dagrun for dataset_s3_bucket_consumer to None, run_after=None
[2025-04-04T13:39:58.340+0000] {logging_mixin.py:190} INFO - [2025-04-04T13:39:58.340+0000] {dag.py:4180} INFO - Setting next_dagrun for dataset_s3_bucket_producer to None, run_after=None
[2025-04-04T13:39:58.396+0000] {processor.py:208} INFO - Processing /home/airflow/.local/lib/python3.12/site-packages/airflow/example_dags/example_dataset_alias.py took 1.505 seconds
[2025-04-04T13:40:28.911+0000] {processor.py:186} INFO - Started process (PID=542) to work on /home/airflow/.local/lib/python3.12/site-packages/airflow/example_dags/example_dataset_alias.py
[2025-04-04T13:40:28.913+0000] {processor.py:914} INFO - Processing file /home/airflow/.local/lib/python3.12/site-packages/airflow/example_dags/example_dataset_alias.py for tasks to queue
[2025-04-04T13:40:28.917+0000] {logging_mixin.py:190} INFO - [2025-04-04T13:40:28.917+0000] {dagbag.py:588} INFO - Filling up the DagBag from /home/airflow/.local/lib/python3.12/site-packages/airflow/example_dags/example_dataset_alias.py
[2025-04-04T13:40:30.425+0000] {processor.py:925} INFO - DAG(s) 'dataset_s3_bucket_producer', 'dataset_s3_bucket_consumer', 'dataset_alias_example_alias_producer', 'dataset_alias_example_alias_consumer' retrieved from /home/airflow/.local/lib/python3.12/site-packages/airflow/example_dags/example_dataset_alias.py
[2025-04-04T13:40:30.468+0000] {logging_mixin.py:190} INFO - [2025-04-04T13:40:30.467+0000] {dag.py:3239} INFO - Sync 4 DAGs
[2025-04-04T13:40:30.528+0000] {logging_mixin.py:190} INFO - [2025-04-04T13:40:30.528+0000] {dag.py:4180} INFO - Setting next_dagrun for dataset_alias_example_alias_consumer to None, run_after=None
[2025-04-04T13:40:30.534+0000] {logging_mixin.py:190} INFO - [2025-04-04T13:40:30.534+0000] {dag.py:4180} INFO - Setting next_dagrun for dataset_alias_example_alias_producer to None, run_after=None
[2025-04-04T13:40:30.538+0000] {logging_mixin.py:190} INFO - [2025-04-04T13:40:30.537+0000] {dag.py:4180} INFO - Setting next_dagrun for dataset_s3_bucket_consumer to None, run_after=None
[2025-04-04T13:40:30.541+0000] {logging_mixin.py:190} INFO - [2025-04-04T13:40:30.540+0000] {dag.py:4180} INFO - Setting next_dagrun for dataset_s3_bucket_producer to None, run_after=None
[2025-04-04T13:40:30.581+0000] {processor.py:208} INFO - Processing /home/airflow/.local/lib/python3.12/site-packages/airflow/example_dags/example_dataset_alias.py took 1.679 seconds
[2025-04-04T13:41:01.386+0000] {processor.py:186} INFO - Started process (PID=605) to work on /home/airflow/.local/lib/python3.12/site-packages/airflow/example_dags/example_dataset_alias.py
[2025-04-04T13:41:01.388+0000] {processor.py:914} INFO - Processing file /home/airflow/.local/lib/python3.12/site-packages/airflow/example_dags/example_dataset_alias.py for tasks to queue
[2025-04-04T13:41:01.391+0000] {logging_mixin.py:190} INFO - [2025-04-04T13:41:01.391+0000] {dagbag.py:588} INFO - Filling up the DagBag from /home/airflow/.local/lib/python3.12/site-packages/airflow/example_dags/example_dataset_alias.py
[2025-04-04T13:41:02.580+0000] {processor.py:925} INFO - DAG(s) 'dataset_alias_example_alias_producer', 'dataset_alias_example_alias_consumer', 'dataset_s3_bucket_producer', 'dataset_s3_bucket_consumer' retrieved from /home/airflow/.local/lib/python3.12/site-packages/airflow/example_dags/example_dataset_alias.py
[2025-04-04T13:41:02.629+0000] {logging_mixin.py:190} INFO - [2025-04-04T13:41:02.628+0000] {dag.py:3239} INFO - Sync 4 DAGs
[2025-04-04T13:41:02.672+0000] {logging_mixin.py:190} INFO - [2025-04-04T13:41:02.671+0000] {dag.py:4180} INFO - Setting next_dagrun for dataset_alias_example_alias_consumer to None, run_after=None
[2025-04-04T13:41:02.678+0000] {logging_mixin.py:190} INFO - [2025-04-04T13:41:02.678+0000] {dag.py:4180} INFO - Setting next_dagrun for dataset_alias_example_alias_producer to None, run_after=None
[2025-04-04T13:41:02.683+0000] {logging_mixin.py:190} INFO - [2025-04-04T13:41:02.683+0000] {dag.py:4180} INFO - Setting next_dagrun for dataset_s3_bucket_consumer to None, run_after=None
[2025-04-04T13:41:02.688+0000] {logging_mixin.py:190} INFO - [2025-04-04T13:41:02.687+0000] {dag.py:4180} INFO - Setting next_dagrun for dataset_s3_bucket_producer to None, run_after=None
[2025-04-04T13:41:02.738+0000] {processor.py:208} INFO - Processing /home/airflow/.local/lib/python3.12/site-packages/airflow/example_dags/example_dataset_alias.py took 1.360 seconds
[2025-04-04T13:41:33.111+0000] {processor.py:186} INFO - Started process (PID=668) to work on /home/airflow/.local/lib/python3.12/site-packages/airflow/example_dags/example_dataset_alias.py
[2025-04-04T13:41:33.113+0000] {processor.py:914} INFO - Processing file /home/airflow/.local/lib/python3.12/site-packages/airflow/example_dags/example_dataset_alias.py for tasks to queue
[2025-04-04T13:41:33.118+0000] {logging_mixin.py:190} INFO - [2025-04-04T13:41:33.117+0000] {dagbag.py:588} INFO - Filling up the DagBag from /home/airflow/.local/lib/python3.12/site-packages/airflow/example_dags/example_dataset_alias.py
[2025-04-04T13:41:34.790+0000] {processor.py:925} INFO - DAG(s) 'dataset_s3_bucket_producer', 'dataset_alias_example_alias_producer', 'dataset_alias_example_alias_consumer', 'dataset_s3_bucket_consumer' retrieved from /home/airflow/.local/lib/python3.12/site-packages/airflow/example_dags/example_dataset_alias.py
[2025-04-04T13:41:34.841+0000] {logging_mixin.py:190} INFO - [2025-04-04T13:41:34.840+0000] {dag.py:3239} INFO - Sync 4 DAGs
[2025-04-04T13:41:34.909+0000] {logging_mixin.py:190} INFO - [2025-04-04T13:41:34.909+0000] {dag.py:4180} INFO - Setting next_dagrun for dataset_alias_example_alias_consumer to None, run_after=None
[2025-04-04T13:41:34.922+0000] {logging_mixin.py:190} INFO - [2025-04-04T13:41:34.921+0000] {dag.py:4180} INFO - Setting next_dagrun for dataset_alias_example_alias_producer to None, run_after=None
[2025-04-04T13:41:34.927+0000] {logging_mixin.py:190} INFO - [2025-04-04T13:41:34.927+0000] {dag.py:4180} INFO - Setting next_dagrun for dataset_s3_bucket_consumer to None, run_after=None
[2025-04-04T13:41:34.930+0000] {logging_mixin.py:190} INFO - [2025-04-04T13:41:34.930+0000] {dag.py:4180} INFO - Setting next_dagrun for dataset_s3_bucket_producer to None, run_after=None
[2025-04-04T13:41:34.978+0000] {processor.py:208} INFO - Processing /home/airflow/.local/lib/python3.12/site-packages/airflow/example_dags/example_dataset_alias.py took 1.880 seconds
[2025-04-04T13:42:05.285+0000] {processor.py:186} INFO - Started process (PID=730) to work on /home/airflow/.local/lib/python3.12/site-packages/airflow/example_dags/example_dataset_alias.py
[2025-04-04T13:42:05.287+0000] {processor.py:914} INFO - Processing file /home/airflow/.local/lib/python3.12/site-packages/airflow/example_dags/example_dataset_alias.py for tasks to queue
[2025-04-04T13:42:05.292+0000] {logging_mixin.py:190} INFO - [2025-04-04T13:42:05.291+0000] {dagbag.py:588} INFO - Filling up the DagBag from /home/airflow/.local/lib/python3.12/site-packages/airflow/example_dags/example_dataset_alias.py
[2025-04-04T13:42:06.452+0000] {processor.py:925} INFO - DAG(s) 'dataset_alias_example_alias_consumer', 'dataset_alias_example_alias_producer', 'dataset_s3_bucket_consumer', 'dataset_s3_bucket_producer' retrieved from /home/airflow/.local/lib/python3.12/site-packages/airflow/example_dags/example_dataset_alias.py
[2025-04-04T13:42:06.498+0000] {logging_mixin.py:190} INFO - [2025-04-04T13:42:06.498+0000] {dag.py:3239} INFO - Sync 4 DAGs
[2025-04-04T13:42:06.548+0000] {logging_mixin.py:190} INFO - [2025-04-04T13:42:06.547+0000] {dag.py:4180} INFO - Setting next_dagrun for dataset_alias_example_alias_consumer to None, run_after=None
[2025-04-04T13:42:06.555+0000] {logging_mixin.py:190} INFO - [2025-04-04T13:42:06.554+0000] {dag.py:4180} INFO - Setting next_dagrun for dataset_alias_example_alias_producer to None, run_after=None
[2025-04-04T13:42:06.563+0000] {logging_mixin.py:190} INFO - [2025-04-04T13:42:06.562+0000] {dag.py:4180} INFO - Setting next_dagrun for dataset_s3_bucket_consumer to None, run_after=None
[2025-04-04T13:42:06.567+0000] {logging_mixin.py:190} INFO - [2025-04-04T13:42:06.567+0000] {dag.py:4180} INFO - Setting next_dagrun for dataset_s3_bucket_producer to None, run_after=None
[2025-04-04T13:42:06.621+0000] {processor.py:208} INFO - Processing /home/airflow/.local/lib/python3.12/site-packages/airflow/example_dags/example_dataset_alias.py took 1.349 seconds
[2025-04-04T13:42:36.708+0000] {processor.py:186} INFO - Started process (PID=793) to work on /home/airflow/.local/lib/python3.12/site-packages/airflow/example_dags/example_dataset_alias.py
[2025-04-04T13:42:36.710+0000] {processor.py:914} INFO - Processing file /home/airflow/.local/lib/python3.12/site-packages/airflow/example_dags/example_dataset_alias.py for tasks to queue
[2025-04-04T13:42:36.714+0000] {logging_mixin.py:190} INFO - [2025-04-04T13:42:36.714+0000] {dagbag.py:588} INFO - Filling up the DagBag from /home/airflow/.local/lib/python3.12/site-packages/airflow/example_dags/example_dataset_alias.py
[2025-04-04T13:42:38.427+0000] {processor.py:925} INFO - DAG(s) 'dataset_s3_bucket_producer', 'dataset_alias_example_alias_consumer', 'dataset_alias_example_alias_producer', 'dataset_s3_bucket_consumer' retrieved from /home/airflow/.local/lib/python3.12/site-packages/airflow/example_dags/example_dataset_alias.py
[2025-04-04T13:42:38.496+0000] {logging_mixin.py:190} INFO - [2025-04-04T13:42:38.495+0000] {dag.py:3239} INFO - Sync 4 DAGs
[2025-04-04T13:42:38.549+0000] {logging_mixin.py:190} INFO - [2025-04-04T13:42:38.548+0000] {dag.py:4180} INFO - Setting next_dagrun for dataset_alias_example_alias_consumer to None, run_after=None
[2025-04-04T13:42:38.555+0000] {logging_mixin.py:190} INFO - [2025-04-04T13:42:38.555+0000] {dag.py:4180} INFO - Setting next_dagrun for dataset_alias_example_alias_producer to None, run_after=None
[2025-04-04T13:42:38.559+0000] {logging_mixin.py:190} INFO - [2025-04-04T13:42:38.559+0000] {dag.py:4180} INFO - Setting next_dagrun for dataset_s3_bucket_consumer to None, run_after=None
[2025-04-04T13:42:38.563+0000] {logging_mixin.py:190} INFO - [2025-04-04T13:42:38.562+0000] {dag.py:4180} INFO - Setting next_dagrun for dataset_s3_bucket_producer to None, run_after=None
[2025-04-04T13:42:38.627+0000] {processor.py:208} INFO - Processing /home/airflow/.local/lib/python3.12/site-packages/airflow/example_dags/example_dataset_alias.py took 1.933 seconds
[2025-04-04T13:43:08.790+0000] {processor.py:186} INFO - Started process (PID=856) to work on /home/airflow/.local/lib/python3.12/site-packages/airflow/example_dags/example_dataset_alias.py
[2025-04-04T13:43:08.792+0000] {processor.py:914} INFO - Processing file /home/airflow/.local/lib/python3.12/site-packages/airflow/example_dags/example_dataset_alias.py for tasks to queue
[2025-04-04T13:43:08.797+0000] {logging_mixin.py:190} INFO - [2025-04-04T13:43:08.796+0000] {dagbag.py:588} INFO - Filling up the DagBag from /home/airflow/.local/lib/python3.12/site-packages/airflow/example_dags/example_dataset_alias.py
[2025-04-04T13:43:10.342+0000] {processor.py:925} INFO - DAG(s) 'dataset_s3_bucket_consumer', 'dataset_s3_bucket_producer', 'dataset_alias_example_alias_producer', 'dataset_alias_example_alias_consumer' retrieved from /home/airflow/.local/lib/python3.12/site-packages/airflow/example_dags/example_dataset_alias.py
[2025-04-04T13:43:10.401+0000] {logging_mixin.py:190} INFO - [2025-04-04T13:43:10.400+0000] {dag.py:3239} INFO - Sync 4 DAGs
[2025-04-04T13:43:10.510+0000] {logging_mixin.py:190} INFO - [2025-04-04T13:43:10.510+0000] {dag.py:4180} INFO - Setting next_dagrun for dataset_alias_example_alias_consumer to None, run_after=None
[2025-04-04T13:43:10.530+0000] {logging_mixin.py:190} INFO - [2025-04-04T13:43:10.520+0000] {dag.py:4180} INFO - Setting next_dagrun for dataset_alias_example_alias_producer to None, run_after=None
[2025-04-04T13:43:10.605+0000] {logging_mixin.py:190} INFO - [2025-04-04T13:43:10.605+0000] {dag.py:4180} INFO - Setting next_dagrun for dataset_s3_bucket_consumer to None, run_after=None
[2025-04-04T13:43:10.621+0000] {logging_mixin.py:190} INFO - [2025-04-04T13:43:10.620+0000] {dag.py:4180} INFO - Setting next_dagrun for dataset_s3_bucket_producer to None, run_after=None
[2025-04-04T13:43:10.750+0000] {processor.py:208} INFO - Processing /home/airflow/.local/lib/python3.12/site-packages/airflow/example_dags/example_dataset_alias.py took 1.969 seconds
[2025-04-04T13:43:40.991+0000] {processor.py:186} INFO - Started process (PID=920) to work on /home/airflow/.local/lib/python3.12/site-packages/airflow/example_dags/example_dataset_alias.py
[2025-04-04T13:43:40.993+0000] {processor.py:914} INFO - Processing file /home/airflow/.local/lib/python3.12/site-packages/airflow/example_dags/example_dataset_alias.py for tasks to queue
[2025-04-04T13:43:40.997+0000] {logging_mixin.py:190} INFO - [2025-04-04T13:43:40.997+0000] {dagbag.py:588} INFO - Filling up the DagBag from /home/airflow/.local/lib/python3.12/site-packages/airflow/example_dags/example_dataset_alias.py
[2025-04-04T13:43:42.253+0000] {processor.py:925} INFO - DAG(s) 'dataset_alias_example_alias_producer', 'dataset_alias_example_alias_consumer', 'dataset_s3_bucket_producer', 'dataset_s3_bucket_consumer' retrieved from /home/airflow/.local/lib/python3.12/site-packages/airflow/example_dags/example_dataset_alias.py
[2025-04-04T13:43:42.300+0000] {logging_mixin.py:190} INFO - [2025-04-04T13:43:42.299+0000] {dag.py:3239} INFO - Sync 4 DAGs
[2025-04-04T13:43:42.348+0000] {logging_mixin.py:190} INFO - [2025-04-04T13:43:42.348+0000] {dag.py:4180} INFO - Setting next_dagrun for dataset_alias_example_alias_consumer to None, run_after=None
[2025-04-04T13:43:42.355+0000] {logging_mixin.py:190} INFO - [2025-04-04T13:43:42.354+0000] {dag.py:4180} INFO - Setting next_dagrun for dataset_alias_example_alias_producer to None, run_after=None
[2025-04-04T13:43:42.358+0000] {logging_mixin.py:190} INFO - [2025-04-04T13:43:42.358+0000] {dag.py:4180} INFO - Setting next_dagrun for dataset_s3_bucket_consumer to None, run_after=None
[2025-04-04T13:43:42.362+0000] {logging_mixin.py:190} INFO - [2025-04-04T13:43:42.362+0000] {dag.py:4180} INFO - Setting next_dagrun for dataset_s3_bucket_producer to None, run_after=None
[2025-04-04T13:43:42.426+0000] {processor.py:208} INFO - Processing /home/airflow/.local/lib/python3.12/site-packages/airflow/example_dags/example_dataset_alias.py took 1.449 seconds
[2025-04-04T13:44:12.685+0000] {processor.py:186} INFO - Started process (PID=982) to work on /home/airflow/.local/lib/python3.12/site-packages/airflow/example_dags/example_dataset_alias.py
[2025-04-04T13:44:12.688+0000] {processor.py:914} INFO - Processing file /home/airflow/.local/lib/python3.12/site-packages/airflow/example_dags/example_dataset_alias.py for tasks to queue
[2025-04-04T13:44:12.694+0000] {logging_mixin.py:190} INFO - [2025-04-04T13:44:12.693+0000] {dagbag.py:588} INFO - Filling up the DagBag from /home/airflow/.local/lib/python3.12/site-packages/airflow/example_dags/example_dataset_alias.py
[2025-04-04T13:44:14.112+0000] {processor.py:925} INFO - DAG(s) 'dataset_alias_example_alias_producer', 'dataset_alias_example_alias_consumer', 'dataset_s3_bucket_consumer', 'dataset_s3_bucket_producer' retrieved from /home/airflow/.local/lib/python3.12/site-packages/airflow/example_dags/example_dataset_alias.py
[2025-04-04T13:44:14.161+0000] {logging_mixin.py:190} INFO - [2025-04-04T13:44:14.160+0000] {dag.py:3239} INFO - Sync 4 DAGs
[2025-04-04T13:44:14.219+0000] {logging_mixin.py:190} INFO - [2025-04-04T13:44:14.219+0000] {dag.py:4180} INFO - Setting next_dagrun for dataset_alias_example_alias_consumer to None, run_after=None
[2025-04-04T13:44:14.224+0000] {logging_mixin.py:190} INFO - [2025-04-04T13:44:14.224+0000] {dag.py:4180} INFO - Setting next_dagrun for dataset_alias_example_alias_producer to None, run_after=None
[2025-04-04T13:44:14.227+0000] {logging_mixin.py:190} INFO - [2025-04-04T13:44:14.227+0000] {dag.py:4180} INFO - Setting next_dagrun for dataset_s3_bucket_consumer to None, run_after=None
[2025-04-04T13:44:14.232+0000] {logging_mixin.py:190} INFO - [2025-04-04T13:44:14.231+0000] {dag.py:4180} INFO - Setting next_dagrun for dataset_s3_bucket_producer to None, run_after=None
[2025-04-04T13:44:14.287+0000] {processor.py:208} INFO - Processing /home/airflow/.local/lib/python3.12/site-packages/airflow/example_dags/example_dataset_alias.py took 1.623 seconds
[2025-04-04T13:44:44.596+0000] {processor.py:186} INFO - Started process (PID=1045) to work on /home/airflow/.local/lib/python3.12/site-packages/airflow/example_dags/example_dataset_alias.py
[2025-04-04T13:44:44.598+0000] {processor.py:914} INFO - Processing file /home/airflow/.local/lib/python3.12/site-packages/airflow/example_dags/example_dataset_alias.py for tasks to queue
[2025-04-04T13:44:44.603+0000] {logging_mixin.py:190} INFO - [2025-04-04T13:44:44.602+0000] {dagbag.py:588} INFO - Filling up the DagBag from /home/airflow/.local/lib/python3.12/site-packages/airflow/example_dags/example_dataset_alias.py
[2025-04-04T13:44:46.019+0000] {processor.py:925} INFO - DAG(s) 'dataset_s3_bucket_consumer', 'dataset_alias_example_alias_consumer', 'dataset_s3_bucket_producer', 'dataset_alias_example_alias_producer' retrieved from /home/airflow/.local/lib/python3.12/site-packages/airflow/example_dags/example_dataset_alias.py
[2025-04-04T13:44:46.083+0000] {logging_mixin.py:190} INFO - [2025-04-04T13:44:46.082+0000] {dag.py:3239} INFO - Sync 4 DAGs
[2025-04-04T13:44:46.139+0000] {logging_mixin.py:190} INFO - [2025-04-04T13:44:46.138+0000] {dag.py:4180} INFO - Setting next_dagrun for dataset_alias_example_alias_consumer to None, run_after=None
[2025-04-04T13:44:46.147+0000] {logging_mixin.py:190} INFO - [2025-04-04T13:44:46.147+0000] {dag.py:4180} INFO - Setting next_dagrun for dataset_alias_example_alias_producer to None, run_after=None
[2025-04-04T13:44:46.151+0000] {logging_mixin.py:190} INFO - [2025-04-04T13:44:46.151+0000] {dag.py:4180} INFO - Setting next_dagrun for dataset_s3_bucket_consumer to None, run_after=None
[2025-04-04T13:44:46.155+0000] {logging_mixin.py:190} INFO - [2025-04-04T13:44:46.155+0000] {dag.py:4180} INFO - Setting next_dagrun for dataset_s3_bucket_producer to None, run_after=None
[2025-04-04T13:44:46.218+0000] {processor.py:208} INFO - Processing /home/airflow/.local/lib/python3.12/site-packages/airflow/example_dags/example_dataset_alias.py took 1.634 seconds
[2025-04-04T13:45:16.376+0000] {processor.py:186} INFO - Started process (PID=1108) to work on /home/airflow/.local/lib/python3.12/site-packages/airflow/example_dags/example_dataset_alias.py
[2025-04-04T13:45:16.378+0000] {processor.py:914} INFO - Processing file /home/airflow/.local/lib/python3.12/site-packages/airflow/example_dags/example_dataset_alias.py for tasks to queue
[2025-04-04T13:45:16.384+0000] {logging_mixin.py:190} INFO - [2025-04-04T13:45:16.383+0000] {dagbag.py:588} INFO - Filling up the DagBag from /home/airflow/.local/lib/python3.12/site-packages/airflow/example_dags/example_dataset_alias.py
[2025-04-04T13:45:17.929+0000] {processor.py:925} INFO - DAG(s) 'dataset_alias_example_alias_consumer', 'dataset_alias_example_alias_producer', 'dataset_s3_bucket_consumer', 'dataset_s3_bucket_producer' retrieved from /home/airflow/.local/lib/python3.12/site-packages/airflow/example_dags/example_dataset_alias.py
[2025-04-04T13:45:18.001+0000] {logging_mixin.py:190} INFO - [2025-04-04T13:45:18.000+0000] {dag.py:3239} INFO - Sync 4 DAGs
[2025-04-04T13:45:18.076+0000] {logging_mixin.py:190} INFO - [2025-04-04T13:45:18.076+0000] {dag.py:4180} INFO - Setting next_dagrun for dataset_alias_example_alias_consumer to None, run_after=None
[2025-04-04T13:45:18.084+0000] {logging_mixin.py:190} INFO - [2025-04-04T13:45:18.084+0000] {dag.py:4180} INFO - Setting next_dagrun for dataset_alias_example_alias_producer to None, run_after=None
[2025-04-04T13:45:18.088+0000] {logging_mixin.py:190} INFO - [2025-04-04T13:45:18.087+0000] {dag.py:4180} INFO - Setting next_dagrun for dataset_s3_bucket_consumer to None, run_after=None
[2025-04-04T13:45:18.093+0000] {logging_mixin.py:190} INFO - [2025-04-04T13:45:18.093+0000] {dag.py:4180} INFO - Setting next_dagrun for dataset_s3_bucket_producer to None, run_after=None
[2025-04-04T13:45:18.181+0000] {processor.py:208} INFO - Processing /home/airflow/.local/lib/python3.12/site-packages/airflow/example_dags/example_dataset_alias.py took 1.822 seconds
[2025-04-04T13:45:49.196+0000] {processor.py:186} INFO - Started process (PID=1174) to work on /home/airflow/.local/lib/python3.12/site-packages/airflow/example_dags/example_dataset_alias.py
[2025-04-04T13:45:49.198+0000] {processor.py:914} INFO - Processing file /home/airflow/.local/lib/python3.12/site-packages/airflow/example_dags/example_dataset_alias.py for tasks to queue
[2025-04-04T13:45:49.202+0000] {logging_mixin.py:190} INFO - [2025-04-04T13:45:49.201+0000] {dagbag.py:588} INFO - Filling up the DagBag from /home/airflow/.local/lib/python3.12/site-packages/airflow/example_dags/example_dataset_alias.py
[2025-04-04T13:45:51.146+0000] {processor.py:925} INFO - DAG(s) 'dataset_s3_bucket_consumer', 'dataset_s3_bucket_producer', 'dataset_alias_example_alias_consumer', 'dataset_alias_example_alias_producer' retrieved from /home/airflow/.local/lib/python3.12/site-packages/airflow/example_dags/example_dataset_alias.py
[2025-04-04T13:45:51.196+0000] {logging_mixin.py:190} INFO - [2025-04-04T13:45:51.195+0000] {dag.py:3239} INFO - Sync 4 DAGs
[2025-04-04T13:45:51.255+0000] {logging_mixin.py:190} INFO - [2025-04-04T13:45:51.253+0000] {dag.py:4180} INFO - Setting next_dagrun for dataset_alias_example_alias_consumer to None, run_after=None
[2025-04-04T13:45:51.264+0000] {logging_mixin.py:190} INFO - [2025-04-04T13:45:51.264+0000] {dag.py:4180} INFO - Setting next_dagrun for dataset_alias_example_alias_producer to None, run_after=None
[2025-04-04T13:45:51.269+0000] {logging_mixin.py:190} INFO - [2025-04-04T13:45:51.268+0000] {dag.py:4180} INFO - Setting next_dagrun for dataset_s3_bucket_consumer to None, run_after=None
[2025-04-04T13:45:51.272+0000] {logging_mixin.py:190} INFO - [2025-04-04T13:45:51.271+0000] {dag.py:4180} INFO - Setting next_dagrun for dataset_s3_bucket_producer to None, run_after=None
[2025-04-04T13:45:51.316+0000] {processor.py:208} INFO - Processing /home/airflow/.local/lib/python3.12/site-packages/airflow/example_dags/example_dataset_alias.py took 2.133 seconds
[2025-04-04T13:46:23.767+0000] {processor.py:186} INFO - Started process (PID=1239) to work on /home/airflow/.local/lib/python3.12/site-packages/airflow/example_dags/example_dataset_alias.py
[2025-04-04T13:46:23.777+0000] {processor.py:914} INFO - Processing file /home/airflow/.local/lib/python3.12/site-packages/airflow/example_dags/example_dataset_alias.py for tasks to queue
[2025-04-04T13:46:23.786+0000] {logging_mixin.py:190} INFO - [2025-04-04T13:46:23.785+0000] {dagbag.py:588} INFO - Filling up the DagBag from /home/airflow/.local/lib/python3.12/site-packages/airflow/example_dags/example_dataset_alias.py
[2025-04-04T13:46:29.237+0000] {processor.py:925} INFO - DAG(s) 'dataset_s3_bucket_consumer', 'dataset_alias_example_alias_consumer', 'dataset_alias_example_alias_producer', 'dataset_s3_bucket_producer' retrieved from /home/airflow/.local/lib/python3.12/site-packages/airflow/example_dags/example_dataset_alias.py
[2025-04-04T13:46:29.322+0000] {logging_mixin.py:190} INFO - [2025-04-04T13:46:29.321+0000] {dag.py:3239} INFO - Sync 4 DAGs
[2025-04-04T13:46:29.406+0000] {logging_mixin.py:190} INFO - [2025-04-04T13:46:29.405+0000] {dag.py:4180} INFO - Setting next_dagrun for dataset_alias_example_alias_consumer to None, run_after=None
[2025-04-04T13:46:29.417+0000] {logging_mixin.py:190} INFO - [2025-04-04T13:46:29.414+0000] {dag.py:4180} INFO - Setting next_dagrun for dataset_alias_example_alias_producer to None, run_after=None
[2025-04-04T13:46:29.424+0000] {logging_mixin.py:190} INFO - [2025-04-04T13:46:29.424+0000] {dag.py:4180} INFO - Setting next_dagrun for dataset_s3_bucket_consumer to None, run_after=None
[2025-04-04T13:46:29.433+0000] {logging_mixin.py:190} INFO - [2025-04-04T13:46:29.431+0000] {dag.py:4180} INFO - Setting next_dagrun for dataset_s3_bucket_producer to None, run_after=None
[2025-04-04T13:46:29.607+0000] {processor.py:208} INFO - Processing /home/airflow/.local/lib/python3.12/site-packages/airflow/example_dags/example_dataset_alias.py took 5.887 seconds
[2025-04-04T13:47:00.295+0000] {processor.py:186} INFO - Started process (PID=1312) to work on /home/airflow/.local/lib/python3.12/site-packages/airflow/example_dags/example_dataset_alias.py
[2025-04-04T13:47:00.297+0000] {processor.py:914} INFO - Processing file /home/airflow/.local/lib/python3.12/site-packages/airflow/example_dags/example_dataset_alias.py for tasks to queue
[2025-04-04T13:47:00.301+0000] {logging_mixin.py:190} INFO - [2025-04-04T13:47:00.301+0000] {dagbag.py:588} INFO - Filling up the DagBag from /home/airflow/.local/lib/python3.12/site-packages/airflow/example_dags/example_dataset_alias.py
[2025-04-04T13:47:01.779+0000] {processor.py:925} INFO - DAG(s) 'dataset_s3_bucket_producer', 'dataset_s3_bucket_consumer', 'dataset_alias_example_alias_consumer', 'dataset_alias_example_alias_producer' retrieved from /home/airflow/.local/lib/python3.12/site-packages/airflow/example_dags/example_dataset_alias.py
[2025-04-04T13:47:01.847+0000] {logging_mixin.py:190} INFO - [2025-04-04T13:47:01.846+0000] {dag.py:3239} INFO - Sync 4 DAGs
[2025-04-04T13:47:01.914+0000] {logging_mixin.py:190} INFO - [2025-04-04T13:47:01.913+0000] {dag.py:4180} INFO - Setting next_dagrun for dataset_alias_example_alias_consumer to None, run_after=None
[2025-04-04T13:47:01.923+0000] {logging_mixin.py:190} INFO - [2025-04-04T13:47:01.922+0000] {dag.py:4180} INFO - Setting next_dagrun for dataset_alias_example_alias_producer to None, run_after=None
[2025-04-04T13:47:01.928+0000] {logging_mixin.py:190} INFO - [2025-04-04T13:47:01.927+0000] {dag.py:4180} INFO - Setting next_dagrun for dataset_s3_bucket_consumer to None, run_after=None
[2025-04-04T13:47:01.931+0000] {logging_mixin.py:190} INFO - [2025-04-04T13:47:01.931+0000] {dag.py:4180} INFO - Setting next_dagrun for dataset_s3_bucket_producer to None, run_after=None
[2025-04-04T13:47:01.993+0000] {processor.py:208} INFO - Processing /home/airflow/.local/lib/python3.12/site-packages/airflow/example_dags/example_dataset_alias.py took 1.713 seconds
[2025-04-04T13:47:32.483+0000] {processor.py:186} INFO - Started process (PID=1376) to work on /home/airflow/.local/lib/python3.12/site-packages/airflow/example_dags/example_dataset_alias.py
[2025-04-04T13:47:32.484+0000] {processor.py:914} INFO - Processing file /home/airflow/.local/lib/python3.12/site-packages/airflow/example_dags/example_dataset_alias.py for tasks to queue
[2025-04-04T13:47:32.491+0000] {logging_mixin.py:190} INFO - [2025-04-04T13:47:32.490+0000] {dagbag.py:588} INFO - Filling up the DagBag from /home/airflow/.local/lib/python3.12/site-packages/airflow/example_dags/example_dataset_alias.py
[2025-04-04T13:47:33.774+0000] {processor.py:925} INFO - DAG(s) 'dataset_alias_example_alias_consumer', 'dataset_s3_bucket_consumer', 'dataset_alias_example_alias_producer', 'dataset_s3_bucket_producer' retrieved from /home/airflow/.local/lib/python3.12/site-packages/airflow/example_dags/example_dataset_alias.py
[2025-04-04T13:47:33.846+0000] {logging_mixin.py:190} INFO - [2025-04-04T13:47:33.835+0000] {dag.py:3239} INFO - Sync 4 DAGs
[2025-04-04T13:47:33.916+0000] {logging_mixin.py:190} INFO - [2025-04-04T13:47:33.915+0000] {dag.py:4180} INFO - Setting next_dagrun for dataset_alias_example_alias_consumer to None, run_after=None
[2025-04-04T13:47:33.927+0000] {logging_mixin.py:190} INFO - [2025-04-04T13:47:33.926+0000] {dag.py:4180} INFO - Setting next_dagrun for dataset_alias_example_alias_producer to None, run_after=None
[2025-04-04T13:47:33.933+0000] {logging_mixin.py:190} INFO - [2025-04-04T13:47:33.932+0000] {dag.py:4180} INFO - Setting next_dagrun for dataset_s3_bucket_consumer to None, run_after=None
[2025-04-04T13:47:33.940+0000] {logging_mixin.py:190} INFO - [2025-04-04T13:47:33.939+0000] {dag.py:4180} INFO - Setting next_dagrun for dataset_s3_bucket_producer to None, run_after=None
[2025-04-04T13:47:34.023+0000] {processor.py:208} INFO - Processing /home/airflow/.local/lib/python3.12/site-packages/airflow/example_dags/example_dataset_alias.py took 1.551 seconds
[2025-04-04T13:48:04.524+0000] {processor.py:186} INFO - Started process (PID=1441) to work on /home/airflow/.local/lib/python3.12/site-packages/airflow/example_dags/example_dataset_alias.py
[2025-04-04T13:48:04.527+0000] {processor.py:914} INFO - Processing file /home/airflow/.local/lib/python3.12/site-packages/airflow/example_dags/example_dataset_alias.py for tasks to queue
[2025-04-04T13:48:04.533+0000] {logging_mixin.py:190} INFO - [2025-04-04T13:48:04.532+0000] {dagbag.py:588} INFO - Filling up the DagBag from /home/airflow/.local/lib/python3.12/site-packages/airflow/example_dags/example_dataset_alias.py
[2025-04-04T13:48:06.028+0000] {processor.py:925} INFO - DAG(s) 'dataset_s3_bucket_producer', 'dataset_alias_example_alias_producer', 'dataset_alias_example_alias_consumer', 'dataset_s3_bucket_consumer' retrieved from /home/airflow/.local/lib/python3.12/site-packages/airflow/example_dags/example_dataset_alias.py
[2025-04-04T13:48:06.105+0000] {logging_mixin.py:190} INFO - [2025-04-04T13:48:06.104+0000] {dag.py:3239} INFO - Sync 4 DAGs
[2025-04-04T13:48:06.167+0000] {logging_mixin.py:190} INFO - [2025-04-04T13:48:06.167+0000] {dag.py:4180} INFO - Setting next_dagrun for dataset_alias_example_alias_consumer to None, run_after=None
[2025-04-04T13:48:06.174+0000] {logging_mixin.py:190} INFO - [2025-04-04T13:48:06.173+0000] {dag.py:4180} INFO - Setting next_dagrun for dataset_alias_example_alias_producer to None, run_after=None
[2025-04-04T13:48:06.177+0000] {logging_mixin.py:190} INFO - [2025-04-04T13:48:06.177+0000] {dag.py:4180} INFO - Setting next_dagrun for dataset_s3_bucket_consumer to None, run_after=None
[2025-04-04T13:48:06.182+0000] {logging_mixin.py:190} INFO - [2025-04-04T13:48:06.181+0000] {dag.py:4180} INFO - Setting next_dagrun for dataset_s3_bucket_producer to None, run_after=None
[2025-04-04T13:48:06.241+0000] {processor.py:208} INFO - Processing /home/airflow/.local/lib/python3.12/site-packages/airflow/example_dags/example_dataset_alias.py took 1.731 seconds
[2025-04-04T13:48:36.577+0000] {processor.py:186} INFO - Started process (PID=1505) to work on /home/airflow/.local/lib/python3.12/site-packages/airflow/example_dags/example_dataset_alias.py
[2025-04-04T13:48:36.581+0000] {processor.py:914} INFO - Processing file /home/airflow/.local/lib/python3.12/site-packages/airflow/example_dags/example_dataset_alias.py for tasks to queue
[2025-04-04T13:48:36.596+0000] {logging_mixin.py:190} INFO - [2025-04-04T13:48:36.595+0000] {dagbag.py:588} INFO - Filling up the DagBag from /home/airflow/.local/lib/python3.12/site-packages/airflow/example_dags/example_dataset_alias.py
[2025-04-04T13:48:39.885+0000] {processor.py:925} INFO - DAG(s) 'dataset_s3_bucket_consumer', 'dataset_s3_bucket_producer', 'dataset_alias_example_alias_consumer', 'dataset_alias_example_alias_producer' retrieved from /home/airflow/.local/lib/python3.12/site-packages/airflow/example_dags/example_dataset_alias.py
[2025-04-04T13:48:40.236+0000] {logging_mixin.py:190} INFO - [2025-04-04T13:48:40.233+0000] {dag.py:3239} INFO - Sync 4 DAGs
[2025-04-04T13:48:40.533+0000] {logging_mixin.py:190} INFO - [2025-04-04T13:48:40.533+0000] {dag.py:4180} INFO - Setting next_dagrun for dataset_alias_example_alias_consumer to None, run_after=None
[2025-04-04T13:48:40.546+0000] {logging_mixin.py:190} INFO - [2025-04-04T13:48:40.545+0000] {dag.py:4180} INFO - Setting next_dagrun for dataset_alias_example_alias_producer to None, run_after=None
[2025-04-04T13:48:40.551+0000] {logging_mixin.py:190} INFO - [2025-04-04T13:48:40.550+0000] {dag.py:4180} INFO - Setting next_dagrun for dataset_s3_bucket_consumer to None, run_after=None
[2025-04-04T13:48:40.555+0000] {logging_mixin.py:190} INFO - [2025-04-04T13:48:40.554+0000] {dag.py:4180} INFO - Setting next_dagrun for dataset_s3_bucket_producer to None, run_after=None
[2025-04-04T13:48:40.651+0000] {processor.py:208} INFO - Processing /home/airflow/.local/lib/python3.12/site-packages/airflow/example_dags/example_dataset_alias.py took 4.125 seconds
[2025-04-04T13:49:10.839+0000] {processor.py:186} INFO - Started process (PID=1569) to work on /home/airflow/.local/lib/python3.12/site-packages/airflow/example_dags/example_dataset_alias.py
[2025-04-04T13:49:10.842+0000] {processor.py:914} INFO - Processing file /home/airflow/.local/lib/python3.12/site-packages/airflow/example_dags/example_dataset_alias.py for tasks to queue
[2025-04-04T13:49:10.847+0000] {logging_mixin.py:190} INFO - [2025-04-04T13:49:10.847+0000] {dagbag.py:588} INFO - Filling up the DagBag from /home/airflow/.local/lib/python3.12/site-packages/airflow/example_dags/example_dataset_alias.py
[2025-04-04T13:49:12.306+0000] {processor.py:925} INFO - DAG(s) 'dataset_alias_example_alias_consumer', 'dataset_alias_example_alias_producer', 'dataset_s3_bucket_producer', 'dataset_s3_bucket_consumer' retrieved from /home/airflow/.local/lib/python3.12/site-packages/airflow/example_dags/example_dataset_alias.py
[2025-04-04T13:49:12.368+0000] {logging_mixin.py:190} INFO - [2025-04-04T13:49:12.366+0000] {dag.py:3239} INFO - Sync 4 DAGs
[2025-04-04T13:49:12.454+0000] {logging_mixin.py:190} INFO - [2025-04-04T13:49:12.453+0000] {dag.py:4180} INFO - Setting next_dagrun for dataset_alias_example_alias_consumer to None, run_after=None
[2025-04-04T13:49:12.461+0000] {logging_mixin.py:190} INFO - [2025-04-04T13:49:12.461+0000] {dag.py:4180} INFO - Setting next_dagrun for dataset_alias_example_alias_producer to None, run_after=None
[2025-04-04T13:49:12.466+0000] {logging_mixin.py:190} INFO - [2025-04-04T13:49:12.465+0000] {dag.py:4180} INFO - Setting next_dagrun for dataset_s3_bucket_consumer to None, run_after=None
[2025-04-04T13:49:12.470+0000] {logging_mixin.py:190} INFO - [2025-04-04T13:49:12.469+0000] {dag.py:4180} INFO - Setting next_dagrun for dataset_s3_bucket_producer to None, run_after=None
[2025-04-04T13:49:12.523+0000] {processor.py:208} INFO - Processing /home/airflow/.local/lib/python3.12/site-packages/airflow/example_dags/example_dataset_alias.py took 1.711 seconds
[2025-04-04T13:49:42.744+0000] {processor.py:186} INFO - Started process (PID=1638) to work on /home/airflow/.local/lib/python3.12/site-packages/airflow/example_dags/example_dataset_alias.py
[2025-04-04T13:49:42.746+0000] {processor.py:914} INFO - Processing file /home/airflow/.local/lib/python3.12/site-packages/airflow/example_dags/example_dataset_alias.py for tasks to queue
[2025-04-04T13:49:42.751+0000] {logging_mixin.py:190} INFO - [2025-04-04T13:49:42.750+0000] {dagbag.py:588} INFO - Filling up the DagBag from /home/airflow/.local/lib/python3.12/site-packages/airflow/example_dags/example_dataset_alias.py
[2025-04-04T13:49:44.241+0000] {processor.py:925} INFO - DAG(s) 'dataset_alias_example_alias_producer', 'dataset_s3_bucket_consumer', 'dataset_s3_bucket_producer', 'dataset_alias_example_alias_consumer' retrieved from /home/airflow/.local/lib/python3.12/site-packages/airflow/example_dags/example_dataset_alias.py
[2025-04-04T13:49:44.303+0000] {logging_mixin.py:190} INFO - [2025-04-04T13:49:44.302+0000] {dag.py:3239} INFO - Sync 4 DAGs
[2025-04-04T13:49:44.362+0000] {logging_mixin.py:190} INFO - [2025-04-04T13:49:44.362+0000] {dag.py:4180} INFO - Setting next_dagrun for dataset_alias_example_alias_consumer to None, run_after=None
[2025-04-04T13:49:44.370+0000] {logging_mixin.py:190} INFO - [2025-04-04T13:49:44.370+0000] {dag.py:4180} INFO - Setting next_dagrun for dataset_alias_example_alias_producer to None, run_after=None
[2025-04-04T13:49:44.379+0000] {logging_mixin.py:190} INFO - [2025-04-04T13:49:44.378+0000] {dag.py:4180} INFO - Setting next_dagrun for dataset_s3_bucket_consumer to None, run_after=None
[2025-04-04T13:49:44.383+0000] {logging_mixin.py:190} INFO - [2025-04-04T13:49:44.383+0000] {dag.py:4180} INFO - Setting next_dagrun for dataset_s3_bucket_producer to None, run_after=None
[2025-04-04T13:49:44.445+0000] {processor.py:208} INFO - Processing /home/airflow/.local/lib/python3.12/site-packages/airflow/example_dags/example_dataset_alias.py took 1.715 seconds
[2025-04-04T13:50:16.165+0000] {processor.py:186} INFO - Started process (PID=1707) to work on /home/airflow/.local/lib/python3.12/site-packages/airflow/example_dags/example_dataset_alias.py
[2025-04-04T13:50:16.166+0000] {processor.py:914} INFO - Processing file /home/airflow/.local/lib/python3.12/site-packages/airflow/example_dags/example_dataset_alias.py for tasks to queue
[2025-04-04T13:50:16.170+0000] {logging_mixin.py:190} INFO - [2025-04-04T13:50:16.169+0000] {dagbag.py:588} INFO - Filling up the DagBag from /home/airflow/.local/lib/python3.12/site-packages/airflow/example_dags/example_dataset_alias.py
[2025-04-04T13:50:17.232+0000] {processor.py:925} INFO - DAG(s) 'dataset_s3_bucket_producer', 'dataset_alias_example_alias_consumer', 'dataset_s3_bucket_consumer', 'dataset_alias_example_alias_producer' retrieved from /home/airflow/.local/lib/python3.12/site-packages/airflow/example_dags/example_dataset_alias.py
[2025-04-04T13:50:17.273+0000] {logging_mixin.py:190} INFO - [2025-04-04T13:50:17.272+0000] {dag.py:3239} INFO - Sync 4 DAGs
[2025-04-04T13:50:17.333+0000] {logging_mixin.py:190} INFO - [2025-04-04T13:50:17.332+0000] {dag.py:4180} INFO - Setting next_dagrun for dataset_alias_example_alias_consumer to None, run_after=None
[2025-04-04T13:50:17.339+0000] {logging_mixin.py:190} INFO - [2025-04-04T13:50:17.338+0000] {dag.py:4180} INFO - Setting next_dagrun for dataset_alias_example_alias_producer to None, run_after=None
[2025-04-04T13:50:17.342+0000] {logging_mixin.py:190} INFO - [2025-04-04T13:50:17.342+0000] {dag.py:4180} INFO - Setting next_dagrun for dataset_s3_bucket_consumer to None, run_after=None
[2025-04-04T13:50:17.345+0000] {logging_mixin.py:190} INFO - [2025-04-04T13:50:17.345+0000] {dag.py:4180} INFO - Setting next_dagrun for dataset_s3_bucket_producer to None, run_after=None
[2025-04-04T13:50:17.424+0000] {processor.py:208} INFO - Processing /home/airflow/.local/lib/python3.12/site-packages/airflow/example_dags/example_dataset_alias.py took 1.269 seconds
[2025-04-04T13:50:48.569+0000] {processor.py:186} INFO - Started process (PID=1772) to work on /home/airflow/.local/lib/python3.12/site-packages/airflow/example_dags/example_dataset_alias.py
[2025-04-04T13:50:48.571+0000] {processor.py:914} INFO - Processing file /home/airflow/.local/lib/python3.12/site-packages/airflow/example_dags/example_dataset_alias.py for tasks to queue
[2025-04-04T13:50:48.577+0000] {logging_mixin.py:190} INFO - [2025-04-04T13:50:48.576+0000] {dagbag.py:588} INFO - Filling up the DagBag from /home/airflow/.local/lib/python3.12/site-packages/airflow/example_dags/example_dataset_alias.py
[2025-04-04T13:50:49.824+0000] {processor.py:925} INFO - DAG(s) 'dataset_s3_bucket_producer', 'dataset_s3_bucket_consumer', 'dataset_alias_example_alias_producer', 'dataset_alias_example_alias_consumer' retrieved from /home/airflow/.local/lib/python3.12/site-packages/airflow/example_dags/example_dataset_alias.py
[2025-04-04T13:50:49.870+0000] {logging_mixin.py:190} INFO - [2025-04-04T13:50:49.868+0000] {dag.py:3239} INFO - Sync 4 DAGs
[2025-04-04T13:50:49.920+0000] {logging_mixin.py:190} INFO - [2025-04-04T13:50:49.920+0000] {dag.py:4180} INFO - Setting next_dagrun for dataset_alias_example_alias_consumer to None, run_after=None
[2025-04-04T13:50:49.925+0000] {logging_mixin.py:190} INFO - [2025-04-04T13:50:49.925+0000] {dag.py:4180} INFO - Setting next_dagrun for dataset_alias_example_alias_producer to None, run_after=None
[2025-04-04T13:50:49.929+0000] {logging_mixin.py:190} INFO - [2025-04-04T13:50:49.929+0000] {dag.py:4180} INFO - Setting next_dagrun for dataset_s3_bucket_consumer to None, run_after=None
[2025-04-04T13:50:49.933+0000] {logging_mixin.py:190} INFO - [2025-04-04T13:50:49.933+0000] {dag.py:4180} INFO - Setting next_dagrun for dataset_s3_bucket_producer to None, run_after=None
[2025-04-04T13:50:49.984+0000] {processor.py:208} INFO - Processing /home/airflow/.local/lib/python3.12/site-packages/airflow/example_dags/example_dataset_alias.py took 1.431 seconds
[2025-04-04T13:51:20.323+0000] {processor.py:186} INFO - Started process (PID=1837) to work on /home/airflow/.local/lib/python3.12/site-packages/airflow/example_dags/example_dataset_alias.py
[2025-04-04T13:51:20.325+0000] {processor.py:914} INFO - Processing file /home/airflow/.local/lib/python3.12/site-packages/airflow/example_dags/example_dataset_alias.py for tasks to queue
[2025-04-04T13:51:20.330+0000] {logging_mixin.py:190} INFO - [2025-04-04T13:51:20.329+0000] {dagbag.py:588} INFO - Filling up the DagBag from /home/airflow/.local/lib/python3.12/site-packages/airflow/example_dags/example_dataset_alias.py
[2025-04-04T13:51:21.653+0000] {processor.py:925} INFO - DAG(s) 'dataset_alias_example_alias_consumer', 'dataset_alias_example_alias_producer', 'dataset_s3_bucket_consumer', 'dataset_s3_bucket_producer' retrieved from /home/airflow/.local/lib/python3.12/site-packages/airflow/example_dags/example_dataset_alias.py
[2025-04-04T13:51:21.695+0000] {logging_mixin.py:190} INFO - [2025-04-04T13:51:21.695+0000] {dag.py:3239} INFO - Sync 4 DAGs
[2025-04-04T13:51:21.748+0000] {logging_mixin.py:190} INFO - [2025-04-04T13:51:21.748+0000] {dag.py:4180} INFO - Setting next_dagrun for dataset_alias_example_alias_consumer to None, run_after=None
[2025-04-04T13:51:21.754+0000] {logging_mixin.py:190} INFO - [2025-04-04T13:51:21.754+0000] {dag.py:4180} INFO - Setting next_dagrun for dataset_alias_example_alias_producer to None, run_after=None
[2025-04-04T13:51:21.760+0000] {logging_mixin.py:190} INFO - [2025-04-04T13:51:21.759+0000] {dag.py:4180} INFO - Setting next_dagrun for dataset_s3_bucket_consumer to None, run_after=None
[2025-04-04T13:51:21.763+0000] {logging_mixin.py:190} INFO - [2025-04-04T13:51:21.762+0000] {dag.py:4180} INFO - Setting next_dagrun for dataset_s3_bucket_producer to None, run_after=None
[2025-04-04T13:51:21.802+0000] {processor.py:208} INFO - Processing /home/airflow/.local/lib/python3.12/site-packages/airflow/example_dags/example_dataset_alias.py took 1.492 seconds
[2025-04-04T13:51:52.391+0000] {processor.py:186} INFO - Started process (PID=1902) to work on /home/airflow/.local/lib/python3.12/site-packages/airflow/example_dags/example_dataset_alias.py
[2025-04-04T13:51:52.393+0000] {processor.py:914} INFO - Processing file /home/airflow/.local/lib/python3.12/site-packages/airflow/example_dags/example_dataset_alias.py for tasks to queue
[2025-04-04T13:51:52.397+0000] {logging_mixin.py:190} INFO - [2025-04-04T13:51:52.396+0000] {dagbag.py:588} INFO - Filling up the DagBag from /home/airflow/.local/lib/python3.12/site-packages/airflow/example_dags/example_dataset_alias.py
[2025-04-04T13:51:53.552+0000] {processor.py:925} INFO - DAG(s) 'dataset_alias_example_alias_consumer', 'dataset_alias_example_alias_producer', 'dataset_s3_bucket_consumer', 'dataset_s3_bucket_producer' retrieved from /home/airflow/.local/lib/python3.12/site-packages/airflow/example_dags/example_dataset_alias.py
[2025-04-04T13:51:53.597+0000] {logging_mixin.py:190} INFO - [2025-04-04T13:51:53.596+0000] {dag.py:3239} INFO - Sync 4 DAGs
[2025-04-04T13:51:53.643+0000] {logging_mixin.py:190} INFO - [2025-04-04T13:51:53.642+0000] {dag.py:4180} INFO - Setting next_dagrun for dataset_alias_example_alias_consumer to None, run_after=None
[2025-04-04T13:51:53.650+0000] {logging_mixin.py:190} INFO - [2025-04-04T13:51:53.649+0000] {dag.py:4180} INFO - Setting next_dagrun for dataset_alias_example_alias_producer to None, run_after=None
[2025-04-04T13:51:53.655+0000] {logging_mixin.py:190} INFO - [2025-04-04T13:51:53.654+0000] {dag.py:4180} INFO - Setting next_dagrun for dataset_s3_bucket_consumer to None, run_after=None
[2025-04-04T13:51:53.658+0000] {logging_mixin.py:190} INFO - [2025-04-04T13:51:53.658+0000] {dag.py:4180} INFO - Setting next_dagrun for dataset_s3_bucket_producer to None, run_after=None
[2025-04-04T13:51:53.723+0000] {processor.py:208} INFO - Processing /home/airflow/.local/lib/python3.12/site-packages/airflow/example_dags/example_dataset_alias.py took 1.346 seconds
[2025-04-04T13:52:24.276+0000] {processor.py:186} INFO - Started process (PID=1965) to work on /home/airflow/.local/lib/python3.12/site-packages/airflow/example_dags/example_dataset_alias.py
[2025-04-04T13:52:24.278+0000] {processor.py:914} INFO - Processing file /home/airflow/.local/lib/python3.12/site-packages/airflow/example_dags/example_dataset_alias.py for tasks to queue
[2025-04-04T13:52:24.285+0000] {logging_mixin.py:190} INFO - [2025-04-04T13:52:24.284+0000] {dagbag.py:588} INFO - Filling up the DagBag from /home/airflow/.local/lib/python3.12/site-packages/airflow/example_dags/example_dataset_alias.py
[2025-04-04T13:52:26.085+0000] {processor.py:925} INFO - DAG(s) 'dataset_s3_bucket_producer', 'dataset_alias_example_alias_consumer', 'dataset_s3_bucket_consumer', 'dataset_alias_example_alias_producer' retrieved from /home/airflow/.local/lib/python3.12/site-packages/airflow/example_dags/example_dataset_alias.py
[2025-04-04T13:52:26.153+0000] {logging_mixin.py:190} INFO - [2025-04-04T13:52:26.152+0000] {dag.py:3239} INFO - Sync 4 DAGs
[2025-04-04T13:52:26.206+0000] {logging_mixin.py:190} INFO - [2025-04-04T13:52:26.205+0000] {dag.py:4180} INFO - Setting next_dagrun for dataset_alias_example_alias_consumer to None, run_after=None
[2025-04-04T13:52:26.211+0000] {logging_mixin.py:190} INFO - [2025-04-04T13:52:26.211+0000] {dag.py:4180} INFO - Setting next_dagrun for dataset_alias_example_alias_producer to None, run_after=None
[2025-04-04T13:52:26.217+0000] {logging_mixin.py:190} INFO - [2025-04-04T13:52:26.216+0000] {dag.py:4180} INFO - Setting next_dagrun for dataset_s3_bucket_consumer to None, run_after=None
[2025-04-04T13:52:26.220+0000] {logging_mixin.py:190} INFO - [2025-04-04T13:52:26.219+0000] {dag.py:4180} INFO - Setting next_dagrun for dataset_s3_bucket_producer to None, run_after=None
[2025-04-04T13:52:26.295+0000] {processor.py:208} INFO - Processing /home/airflow/.local/lib/python3.12/site-packages/airflow/example_dags/example_dataset_alias.py took 2.030 seconds
[2025-04-04T13:52:56.615+0000] {processor.py:186} INFO - Started process (PID=2034) to work on /home/airflow/.local/lib/python3.12/site-packages/airflow/example_dags/example_dataset_alias.py
[2025-04-04T13:52:56.618+0000] {processor.py:914} INFO - Processing file /home/airflow/.local/lib/python3.12/site-packages/airflow/example_dags/example_dataset_alias.py for tasks to queue
[2025-04-04T13:52:56.626+0000] {logging_mixin.py:190} INFO - [2025-04-04T13:52:56.625+0000] {dagbag.py:588} INFO - Filling up the DagBag from /home/airflow/.local/lib/python3.12/site-packages/airflow/example_dags/example_dataset_alias.py
[2025-04-04T13:52:58.671+0000] {processor.py:925} INFO - DAG(s) 'dataset_s3_bucket_producer', 'dataset_alias_example_alias_producer', 'dataset_alias_example_alias_consumer', 'dataset_s3_bucket_consumer' retrieved from /home/airflow/.local/lib/python3.12/site-packages/airflow/example_dags/example_dataset_alias.py
[2025-04-04T13:52:58.723+0000] {logging_mixin.py:190} INFO - [2025-04-04T13:52:58.722+0000] {dag.py:3239} INFO - Sync 4 DAGs
[2025-04-04T13:52:58.785+0000] {logging_mixin.py:190} INFO - [2025-04-04T13:52:58.785+0000] {dag.py:4180} INFO - Setting next_dagrun for dataset_alias_example_alias_consumer to None, run_after=None
[2025-04-04T13:52:58.806+0000] {logging_mixin.py:190} INFO - [2025-04-04T13:52:58.805+0000] {dag.py:4180} INFO - Setting next_dagrun for dataset_alias_example_alias_producer to None, run_after=None
[2025-04-04T13:52:58.814+0000] {logging_mixin.py:190} INFO - [2025-04-04T13:52:58.814+0000] {dag.py:4180} INFO - Setting next_dagrun for dataset_s3_bucket_consumer to None, run_after=None
[2025-04-04T13:52:58.819+0000] {logging_mixin.py:190} INFO - [2025-04-04T13:52:58.819+0000] {dag.py:4180} INFO - Setting next_dagrun for dataset_s3_bucket_producer to None, run_after=None
[2025-04-04T13:52:58.868+0000] {processor.py:208} INFO - Processing /home/airflow/.local/lib/python3.12/site-packages/airflow/example_dags/example_dataset_alias.py took 2.267 seconds
[2025-04-04T13:53:29.785+0000] {processor.py:186} INFO - Started process (PID=2097) to work on /home/airflow/.local/lib/python3.12/site-packages/airflow/example_dags/example_dataset_alias.py
[2025-04-04T13:53:29.787+0000] {processor.py:914} INFO - Processing file /home/airflow/.local/lib/python3.12/site-packages/airflow/example_dags/example_dataset_alias.py for tasks to queue
[2025-04-04T13:53:29.794+0000] {logging_mixin.py:190} INFO - [2025-04-04T13:53:29.793+0000] {dagbag.py:588} INFO - Filling up the DagBag from /home/airflow/.local/lib/python3.12/site-packages/airflow/example_dags/example_dataset_alias.py
[2025-04-04T13:53:31.177+0000] {processor.py:925} INFO - DAG(s) 'dataset_alias_example_alias_producer', 'dataset_s3_bucket_consumer', 'dataset_alias_example_alias_consumer', 'dataset_s3_bucket_producer' retrieved from /home/airflow/.local/lib/python3.12/site-packages/airflow/example_dags/example_dataset_alias.py
[2025-04-04T13:53:31.242+0000] {logging_mixin.py:190} INFO - [2025-04-04T13:53:31.240+0000] {dag.py:3239} INFO - Sync 4 DAGs
[2025-04-04T13:53:31.316+0000] {logging_mixin.py:190} INFO - [2025-04-04T13:53:31.316+0000] {dag.py:4180} INFO - Setting next_dagrun for dataset_alias_example_alias_consumer to None, run_after=None
[2025-04-04T13:53:31.325+0000] {logging_mixin.py:190} INFO - [2025-04-04T13:53:31.324+0000] {dag.py:4180} INFO - Setting next_dagrun for dataset_alias_example_alias_producer to None, run_after=None
[2025-04-04T13:53:31.329+0000] {logging_mixin.py:190} INFO - [2025-04-04T13:53:31.329+0000] {dag.py:4180} INFO - Setting next_dagrun for dataset_s3_bucket_consumer to None, run_after=None
[2025-04-04T13:53:31.336+0000] {logging_mixin.py:190} INFO - [2025-04-04T13:53:31.335+0000] {dag.py:4180} INFO - Setting next_dagrun for dataset_s3_bucket_producer to None, run_after=None
[2025-04-04T13:53:31.387+0000] {processor.py:208} INFO - Processing /home/airflow/.local/lib/python3.12/site-packages/airflow/example_dags/example_dataset_alias.py took 1.620 seconds
[2025-04-04T13:54:02.129+0000] {processor.py:186} INFO - Started process (PID=2165) to work on /home/airflow/.local/lib/python3.12/site-packages/airflow/example_dags/example_dataset_alias.py
[2025-04-04T13:54:02.131+0000] {processor.py:914} INFO - Processing file /home/airflow/.local/lib/python3.12/site-packages/airflow/example_dags/example_dataset_alias.py for tasks to queue
[2025-04-04T13:54:02.137+0000] {logging_mixin.py:190} INFO - [2025-04-04T13:54:02.135+0000] {dagbag.py:588} INFO - Filling up the DagBag from /home/airflow/.local/lib/python3.12/site-packages/airflow/example_dags/example_dataset_alias.py
[2025-04-04T13:54:03.497+0000] {processor.py:925} INFO - DAG(s) 'dataset_s3_bucket_producer', 'dataset_s3_bucket_consumer', 'dataset_alias_example_alias_producer', 'dataset_alias_example_alias_consumer' retrieved from /home/airflow/.local/lib/python3.12/site-packages/airflow/example_dags/example_dataset_alias.py
[2025-04-04T13:54:03.566+0000] {logging_mixin.py:190} INFO - [2025-04-04T13:54:03.564+0000] {dag.py:3239} INFO - Sync 4 DAGs
[2025-04-04T13:54:03.629+0000] {logging_mixin.py:190} INFO - [2025-04-04T13:54:03.628+0000] {dag.py:4180} INFO - Setting next_dagrun for dataset_alias_example_alias_consumer to None, run_after=None
[2025-04-04T13:54:03.636+0000] {logging_mixin.py:190} INFO - [2025-04-04T13:54:03.635+0000] {dag.py:4180} INFO - Setting next_dagrun for dataset_alias_example_alias_producer to None, run_after=None
[2025-04-04T13:54:03.642+0000] {logging_mixin.py:190} INFO - [2025-04-04T13:54:03.642+0000] {dag.py:4180} INFO - Setting next_dagrun for dataset_s3_bucket_consumer to None, run_after=None
[2025-04-04T13:54:03.646+0000] {logging_mixin.py:190} INFO - [2025-04-04T13:54:03.646+0000] {dag.py:4180} INFO - Setting next_dagrun for dataset_s3_bucket_producer to None, run_after=None
[2025-04-04T13:54:03.703+0000] {processor.py:208} INFO - Processing /home/airflow/.local/lib/python3.12/site-packages/airflow/example_dags/example_dataset_alias.py took 1.586 seconds
[2025-04-04T13:54:33.894+0000] {processor.py:186} INFO - Started process (PID=2231) to work on /home/airflow/.local/lib/python3.12/site-packages/airflow/example_dags/example_dataset_alias.py
[2025-04-04T13:54:33.896+0000] {processor.py:914} INFO - Processing file /home/airflow/.local/lib/python3.12/site-packages/airflow/example_dags/example_dataset_alias.py for tasks to queue
[2025-04-04T13:54:33.902+0000] {logging_mixin.py:190} INFO - [2025-04-04T13:54:33.902+0000] {dagbag.py:588} INFO - Filling up the DagBag from /home/airflow/.local/lib/python3.12/site-packages/airflow/example_dags/example_dataset_alias.py
[2025-04-04T13:54:36.161+0000] {processor.py:925} INFO - DAG(s) 'dataset_s3_bucket_producer', 'dataset_alias_example_alias_producer', 'dataset_s3_bucket_consumer', 'dataset_alias_example_alias_consumer' retrieved from /home/airflow/.local/lib/python3.12/site-packages/airflow/example_dags/example_dataset_alias.py
[2025-04-04T13:54:36.235+0000] {logging_mixin.py:190} INFO - [2025-04-04T13:54:36.233+0000] {dag.py:3239} INFO - Sync 4 DAGs
[2025-04-04T13:54:36.313+0000] {logging_mixin.py:190} INFO - [2025-04-04T13:54:36.312+0000] {dag.py:4180} INFO - Setting next_dagrun for dataset_alias_example_alias_consumer to None, run_after=None
[2025-04-04T13:54:36.327+0000] {logging_mixin.py:190} INFO - [2025-04-04T13:54:36.327+0000] {dag.py:4180} INFO - Setting next_dagrun for dataset_alias_example_alias_producer to None, run_after=None
[2025-04-04T13:54:36.333+0000] {logging_mixin.py:190} INFO - [2025-04-04T13:54:36.332+0000] {dag.py:4180} INFO - Setting next_dagrun for dataset_s3_bucket_consumer to None, run_after=None
[2025-04-04T13:54:36.336+0000] {logging_mixin.py:190} INFO - [2025-04-04T13:54:36.336+0000] {dag.py:4180} INFO - Setting next_dagrun for dataset_s3_bucket_producer to None, run_after=None
[2025-04-04T13:54:36.410+0000] {processor.py:208} INFO - Processing /home/airflow/.local/lib/python3.12/site-packages/airflow/example_dags/example_dataset_alias.py took 2.533 seconds
[2025-04-04T13:55:06.529+0000] {processor.py:186} INFO - Started process (PID=2297) to work on /home/airflow/.local/lib/python3.12/site-packages/airflow/example_dags/example_dataset_alias.py
[2025-04-04T13:55:06.532+0000] {processor.py:914} INFO - Processing file /home/airflow/.local/lib/python3.12/site-packages/airflow/example_dags/example_dataset_alias.py for tasks to queue
[2025-04-04T13:55:06.538+0000] {logging_mixin.py:190} INFO - [2025-04-04T13:55:06.537+0000] {dagbag.py:588} INFO - Filling up the DagBag from /home/airflow/.local/lib/python3.12/site-packages/airflow/example_dags/example_dataset_alias.py
[2025-04-04T13:55:08.346+0000] {processor.py:925} INFO - DAG(s) 'dataset_alias_example_alias_producer', 'dataset_s3_bucket_consumer', 'dataset_alias_example_alias_consumer', 'dataset_s3_bucket_producer' retrieved from /home/airflow/.local/lib/python3.12/site-packages/airflow/example_dags/example_dataset_alias.py
[2025-04-04T13:55:08.480+0000] {logging_mixin.py:190} INFO - [2025-04-04T13:55:08.467+0000] {dag.py:3239} INFO - Sync 4 DAGs
[2025-04-04T13:55:08.620+0000] {logging_mixin.py:190} INFO - [2025-04-04T13:55:08.619+0000] {dag.py:4180} INFO - Setting next_dagrun for dataset_alias_example_alias_consumer to None, run_after=None
[2025-04-04T13:55:08.630+0000] {logging_mixin.py:190} INFO - [2025-04-04T13:55:08.629+0000] {dag.py:4180} INFO - Setting next_dagrun for dataset_alias_example_alias_producer to None, run_after=None
[2025-04-04T13:55:08.635+0000] {logging_mixin.py:190} INFO - [2025-04-04T13:55:08.635+0000] {dag.py:4180} INFO - Setting next_dagrun for dataset_s3_bucket_consumer to None, run_after=None
[2025-04-04T13:55:08.640+0000] {logging_mixin.py:190} INFO - [2025-04-04T13:55:08.640+0000] {dag.py:4180} INFO - Setting next_dagrun for dataset_s3_bucket_producer to None, run_after=None
[2025-04-04T13:55:08.707+0000] {processor.py:208} INFO - Processing /home/airflow/.local/lib/python3.12/site-packages/airflow/example_dags/example_dataset_alias.py took 2.193 seconds
[2025-04-04T13:55:38.825+0000] {processor.py:186} INFO - Started process (PID=2362) to work on /home/airflow/.local/lib/python3.12/site-packages/airflow/example_dags/example_dataset_alias.py
[2025-04-04T13:55:38.827+0000] {processor.py:914} INFO - Processing file /home/airflow/.local/lib/python3.12/site-packages/airflow/example_dags/example_dataset_alias.py for tasks to queue
[2025-04-04T13:55:38.831+0000] {logging_mixin.py:190} INFO - [2025-04-04T13:55:38.830+0000] {dagbag.py:588} INFO - Filling up the DagBag from /home/airflow/.local/lib/python3.12/site-packages/airflow/example_dags/example_dataset_alias.py
[2025-04-04T13:55:40.078+0000] {processor.py:925} INFO - DAG(s) 'dataset_s3_bucket_consumer', 'dataset_alias_example_alias_consumer', 'dataset_alias_example_alias_producer', 'dataset_s3_bucket_producer' retrieved from /home/airflow/.local/lib/python3.12/site-packages/airflow/example_dags/example_dataset_alias.py
[2025-04-04T13:55:40.134+0000] {logging_mixin.py:190} INFO - [2025-04-04T13:55:40.133+0000] {dag.py:3239} INFO - Sync 4 DAGs
[2025-04-04T13:55:40.183+0000] {logging_mixin.py:190} INFO - [2025-04-04T13:55:40.183+0000] {dag.py:4180} INFO - Setting next_dagrun for dataset_alias_example_alias_consumer to None, run_after=None
[2025-04-04T13:55:40.189+0000] {logging_mixin.py:190} INFO - [2025-04-04T13:55:40.189+0000] {dag.py:4180} INFO - Setting next_dagrun for dataset_alias_example_alias_producer to None, run_after=None
[2025-04-04T13:55:40.194+0000] {logging_mixin.py:190} INFO - [2025-04-04T13:55:40.193+0000] {dag.py:4180} INFO - Setting next_dagrun for dataset_s3_bucket_consumer to None, run_after=None
[2025-04-04T13:55:40.198+0000] {logging_mixin.py:190} INFO - [2025-04-04T13:55:40.197+0000] {dag.py:4180} INFO - Setting next_dagrun for dataset_s3_bucket_producer to None, run_after=None
[2025-04-04T13:55:40.264+0000] {processor.py:208} INFO - Processing /home/airflow/.local/lib/python3.12/site-packages/airflow/example_dags/example_dataset_alias.py took 1.450 seconds
[2025-04-04T13:56:10.963+0000] {processor.py:186} INFO - Started process (PID=2426) to work on /home/airflow/.local/lib/python3.12/site-packages/airflow/example_dags/example_dataset_alias.py
[2025-04-04T13:56:10.964+0000] {processor.py:914} INFO - Processing file /home/airflow/.local/lib/python3.12/site-packages/airflow/example_dags/example_dataset_alias.py for tasks to queue
[2025-04-04T13:56:10.968+0000] {logging_mixin.py:190} INFO - [2025-04-04T13:56:10.968+0000] {dagbag.py:588} INFO - Filling up the DagBag from /home/airflow/.local/lib/python3.12/site-packages/airflow/example_dags/example_dataset_alias.py
[2025-04-04T13:56:12.477+0000] {processor.py:925} INFO - DAG(s) 'dataset_s3_bucket_consumer', 'dataset_s3_bucket_producer', 'dataset_alias_example_alias_consumer', 'dataset_alias_example_alias_producer' retrieved from /home/airflow/.local/lib/python3.12/site-packages/airflow/example_dags/example_dataset_alias.py
[2025-04-04T13:56:12.540+0000] {logging_mixin.py:190} INFO - [2025-04-04T13:56:12.538+0000] {dag.py:3239} INFO - Sync 4 DAGs
[2025-04-04T13:56:12.622+0000] {logging_mixin.py:190} INFO - [2025-04-04T13:56:12.621+0000] {dag.py:4180} INFO - Setting next_dagrun for dataset_alias_example_alias_consumer to None, run_after=None
[2025-04-04T13:56:12.629+0000] {logging_mixin.py:190} INFO - [2025-04-04T13:56:12.629+0000] {dag.py:4180} INFO - Setting next_dagrun for dataset_alias_example_alias_producer to None, run_after=None
[2025-04-04T13:56:12.633+0000] {logging_mixin.py:190} INFO - [2025-04-04T13:56:12.633+0000] {dag.py:4180} INFO - Setting next_dagrun for dataset_s3_bucket_consumer to None, run_after=None
[2025-04-04T13:56:12.636+0000] {logging_mixin.py:190} INFO - [2025-04-04T13:56:12.636+0000] {dag.py:4180} INFO - Setting next_dagrun for dataset_s3_bucket_producer to None, run_after=None
[2025-04-04T13:56:12.696+0000] {processor.py:208} INFO - Processing /home/airflow/.local/lib/python3.12/site-packages/airflow/example_dags/example_dataset_alias.py took 1.748 seconds
[2025-04-04T13:56:42.824+0000] {processor.py:186} INFO - Started process (PID=2494) to work on /home/airflow/.local/lib/python3.12/site-packages/airflow/example_dags/example_dataset_alias.py
[2025-04-04T13:56:42.826+0000] {processor.py:914} INFO - Processing file /home/airflow/.local/lib/python3.12/site-packages/airflow/example_dags/example_dataset_alias.py for tasks to queue
[2025-04-04T13:56:42.830+0000] {logging_mixin.py:190} INFO - [2025-04-04T13:56:42.830+0000] {dagbag.py:588} INFO - Filling up the DagBag from /home/airflow/.local/lib/python3.12/site-packages/airflow/example_dags/example_dataset_alias.py
[2025-04-04T13:56:43.887+0000] {processor.py:925} INFO - DAG(s) 'dataset_alias_example_alias_producer', 'dataset_s3_bucket_consumer', 'dataset_s3_bucket_producer', 'dataset_alias_example_alias_consumer' retrieved from /home/airflow/.local/lib/python3.12/site-packages/airflow/example_dags/example_dataset_alias.py
[2025-04-04T13:56:43.933+0000] {logging_mixin.py:190} INFO - [2025-04-04T13:56:43.932+0000] {dag.py:3239} INFO - Sync 4 DAGs
[2025-04-04T13:56:43.985+0000] {logging_mixin.py:190} INFO - [2025-04-04T13:56:43.984+0000] {dag.py:4180} INFO - Setting next_dagrun for dataset_alias_example_alias_consumer to None, run_after=None
[2025-04-04T13:56:43.992+0000] {logging_mixin.py:190} INFO - [2025-04-04T13:56:43.991+0000] {dag.py:4180} INFO - Setting next_dagrun for dataset_alias_example_alias_producer to None, run_after=None
[2025-04-04T13:56:43.996+0000] {logging_mixin.py:190} INFO - [2025-04-04T13:56:43.996+0000] {dag.py:4180} INFO - Setting next_dagrun for dataset_s3_bucket_consumer to None, run_after=None
[2025-04-04T13:56:43.999+0000] {logging_mixin.py:190} INFO - [2025-04-04T13:56:43.999+0000] {dag.py:4180} INFO - Setting next_dagrun for dataset_s3_bucket_producer to None, run_after=None
[2025-04-04T13:56:44.050+0000] {processor.py:208} INFO - Processing /home/airflow/.local/lib/python3.12/site-packages/airflow/example_dags/example_dataset_alias.py took 1.237 seconds
[2025-04-04T13:57:14.348+0000] {processor.py:186} INFO - Started process (PID=2557) to work on /home/airflow/.local/lib/python3.12/site-packages/airflow/example_dags/example_dataset_alias.py
[2025-04-04T13:57:14.350+0000] {processor.py:914} INFO - Processing file /home/airflow/.local/lib/python3.12/site-packages/airflow/example_dags/example_dataset_alias.py for tasks to queue
[2025-04-04T13:57:14.356+0000] {logging_mixin.py:190} INFO - [2025-04-04T13:57:14.355+0000] {dagbag.py:588} INFO - Filling up the DagBag from /home/airflow/.local/lib/python3.12/site-packages/airflow/example_dags/example_dataset_alias.py
[2025-04-04T13:57:16.281+0000] {processor.py:925} INFO - DAG(s) 'dataset_s3_bucket_consumer', 'dataset_s3_bucket_producer', 'dataset_alias_example_alias_consumer', 'dataset_alias_example_alias_producer' retrieved from /home/airflow/.local/lib/python3.12/site-packages/airflow/example_dags/example_dataset_alias.py
[2025-04-04T13:57:16.321+0000] {logging_mixin.py:190} INFO - [2025-04-04T13:57:16.319+0000] {dag.py:3239} INFO - Sync 4 DAGs
[2025-04-04T13:57:16.368+0000] {logging_mixin.py:190} INFO - [2025-04-04T13:57:16.367+0000] {dag.py:4180} INFO - Setting next_dagrun for dataset_alias_example_alias_consumer to None, run_after=None
[2025-04-04T13:57:16.373+0000] {logging_mixin.py:190} INFO - [2025-04-04T13:57:16.373+0000] {dag.py:4180} INFO - Setting next_dagrun for dataset_alias_example_alias_producer to None, run_after=None
[2025-04-04T13:57:16.376+0000] {logging_mixin.py:190} INFO - [2025-04-04T13:57:16.376+0000] {dag.py:4180} INFO - Setting next_dagrun for dataset_s3_bucket_consumer to None, run_after=None
[2025-04-04T13:57:16.379+0000] {logging_mixin.py:190} INFO - [2025-04-04T13:57:16.379+0000] {dag.py:4180} INFO - Setting next_dagrun for dataset_s3_bucket_producer to None, run_after=None
[2025-04-04T13:57:16.416+0000] {processor.py:208} INFO - Processing /home/airflow/.local/lib/python3.12/site-packages/airflow/example_dags/example_dataset_alias.py took 2.082 seconds
[2025-04-04T13:57:49.396+0000] {processor.py:186} INFO - Started process (PID=2622) to work on /home/airflow/.local/lib/python3.12/site-packages/airflow/example_dags/example_dataset_alias.py
[2025-04-04T13:57:49.407+0000] {processor.py:914} INFO - Processing file /home/airflow/.local/lib/python3.12/site-packages/airflow/example_dags/example_dataset_alias.py for tasks to queue
[2025-04-04T13:57:49.423+0000] {logging_mixin.py:190} INFO - [2025-04-04T13:57:49.420+0000] {dagbag.py:588} INFO - Filling up the DagBag from /home/airflow/.local/lib/python3.12/site-packages/airflow/example_dags/example_dataset_alias.py
[2025-04-04T13:57:52.143+0000] {processor.py:925} INFO - DAG(s) 'dataset_s3_bucket_consumer', 'dataset_alias_example_alias_consumer', 'dataset_s3_bucket_producer', 'dataset_alias_example_alias_producer' retrieved from /home/airflow/.local/lib/python3.12/site-packages/airflow/example_dags/example_dataset_alias.py
[2025-04-04T13:57:52.229+0000] {logging_mixin.py:190} INFO - [2025-04-04T13:57:52.228+0000] {dag.py:3239} INFO - Sync 4 DAGs
[2025-04-04T13:57:52.334+0000] {logging_mixin.py:190} INFO - [2025-04-04T13:57:52.333+0000] {dag.py:4180} INFO - Setting next_dagrun for dataset_alias_example_alias_consumer to None, run_after=None
[2025-04-04T13:57:52.343+0000] {logging_mixin.py:190} INFO - [2025-04-04T13:57:52.343+0000] {dag.py:4180} INFO - Setting next_dagrun for dataset_alias_example_alias_producer to None, run_after=None
[2025-04-04T13:57:52.348+0000] {logging_mixin.py:190} INFO - [2025-04-04T13:57:52.347+0000] {dag.py:4180} INFO - Setting next_dagrun for dataset_s3_bucket_consumer to None, run_after=None
[2025-04-04T13:57:52.352+0000] {logging_mixin.py:190} INFO - [2025-04-04T13:57:52.351+0000] {dag.py:4180} INFO - Setting next_dagrun for dataset_s3_bucket_producer to None, run_after=None
[2025-04-04T13:57:52.470+0000] {processor.py:208} INFO - Processing /home/airflow/.local/lib/python3.12/site-packages/airflow/example_dags/example_dataset_alias.py took 3.137 seconds
[2025-04-04T13:58:23.185+0000] {processor.py:186} INFO - Started process (PID=2685) to work on /home/airflow/.local/lib/python3.12/site-packages/airflow/example_dags/example_dataset_alias.py
[2025-04-04T13:58:23.206+0000] {processor.py:914} INFO - Processing file /home/airflow/.local/lib/python3.12/site-packages/airflow/example_dags/example_dataset_alias.py for tasks to queue
[2025-04-04T13:58:23.216+0000] {logging_mixin.py:190} INFO - [2025-04-04T13:58:23.215+0000] {dagbag.py:588} INFO - Filling up the DagBag from /home/airflow/.local/lib/python3.12/site-packages/airflow/example_dags/example_dataset_alias.py
[2025-04-04T13:58:27.733+0000] {processor.py:925} INFO - DAG(s) 'dataset_alias_example_alias_producer', 'dataset_s3_bucket_producer', 'dataset_s3_bucket_consumer', 'dataset_alias_example_alias_consumer' retrieved from /home/airflow/.local/lib/python3.12/site-packages/airflow/example_dags/example_dataset_alias.py
[2025-04-04T13:58:27.838+0000] {logging_mixin.py:190} INFO - [2025-04-04T13:58:27.837+0000] {dag.py:3239} INFO - Sync 4 DAGs
[2025-04-04T13:58:27.924+0000] {logging_mixin.py:190} INFO - [2025-04-04T13:58:27.924+0000] {dag.py:4180} INFO - Setting next_dagrun for dataset_alias_example_alias_consumer to None, run_after=None
[2025-04-04T13:58:27.932+0000] {logging_mixin.py:190} INFO - [2025-04-04T13:58:27.931+0000] {dag.py:4180} INFO - Setting next_dagrun for dataset_alias_example_alias_producer to None, run_after=None
[2025-04-04T13:58:27.936+0000] {logging_mixin.py:190} INFO - [2025-04-04T13:58:27.935+0000] {dag.py:4180} INFO - Setting next_dagrun for dataset_s3_bucket_consumer to None, run_after=None
[2025-04-04T13:58:27.939+0000] {logging_mixin.py:190} INFO - [2025-04-04T13:58:27.939+0000] {dag.py:4180} INFO - Setting next_dagrun for dataset_s3_bucket_producer to None, run_after=None
[2025-04-04T13:58:28.019+0000] {processor.py:208} INFO - Processing /home/airflow/.local/lib/python3.12/site-packages/airflow/example_dags/example_dataset_alias.py took 4.879 seconds
[2025-04-04T13:58:58.633+0000] {processor.py:186} INFO - Started process (PID=2755) to work on /home/airflow/.local/lib/python3.12/site-packages/airflow/example_dags/example_dataset_alias.py
[2025-04-04T13:58:58.648+0000] {processor.py:914} INFO - Processing file /home/airflow/.local/lib/python3.12/site-packages/airflow/example_dags/example_dataset_alias.py for tasks to queue
[2025-04-04T13:58:58.685+0000] {logging_mixin.py:190} INFO - [2025-04-04T13:58:58.684+0000] {dagbag.py:588} INFO - Filling up the DagBag from /home/airflow/.local/lib/python3.12/site-packages/airflow/example_dags/example_dataset_alias.py
[2025-04-04T13:59:00.913+0000] {processor.py:925} INFO - DAG(s) 'dataset_alias_example_alias_producer', 'dataset_s3_bucket_producer', 'dataset_alias_example_alias_consumer', 'dataset_s3_bucket_consumer' retrieved from /home/airflow/.local/lib/python3.12/site-packages/airflow/example_dags/example_dataset_alias.py
[2025-04-04T13:59:00.989+0000] {logging_mixin.py:190} INFO - [2025-04-04T13:59:00.988+0000] {dag.py:3239} INFO - Sync 4 DAGs
[2025-04-04T13:59:01.051+0000] {logging_mixin.py:190} INFO - [2025-04-04T13:59:01.051+0000] {dag.py:4180} INFO - Setting next_dagrun for dataset_alias_example_alias_consumer to None, run_after=None
[2025-04-04T13:59:01.058+0000] {logging_mixin.py:190} INFO - [2025-04-04T13:59:01.058+0000] {dag.py:4180} INFO - Setting next_dagrun for dataset_alias_example_alias_producer to None, run_after=None
[2025-04-04T13:59:01.068+0000] {logging_mixin.py:190} INFO - [2025-04-04T13:59:01.068+0000] {dag.py:4180} INFO - Setting next_dagrun for dataset_s3_bucket_consumer to None, run_after=None
[2025-04-04T13:59:01.076+0000] {logging_mixin.py:190} INFO - [2025-04-04T13:59:01.075+0000] {dag.py:4180} INFO - Setting next_dagrun for dataset_s3_bucket_producer to None, run_after=None
[2025-04-04T13:59:01.170+0000] {processor.py:208} INFO - Processing /home/airflow/.local/lib/python3.12/site-packages/airflow/example_dags/example_dataset_alias.py took 2.565 seconds
