[2025-04-04T13:36:33.570+0000] {processor.py:186} INFO - Started process (PID=92) to work on /home/airflow/.local/lib/python3.12/site-packages/airflow/example_dags/example_params_ui_tutorial.py
[2025-04-04T13:36:33.574+0000] {processor.py:914} INFO - Processing file /home/airflow/.local/lib/python3.12/site-packages/airflow/example_dags/example_params_ui_tutorial.py for tasks to queue
[2025-04-04T13:36:33.580+0000] {logging_mixin.py:190} INFO - [2025-04-04T13:36:33.579+0000] {dagbag.py:588} INFO - Filling up the DagBag from /home/airflow/.local/lib/python3.12/site-packages/airflow/example_dags/example_params_ui_tutorial.py
[2025-04-04T13:36:33.614+0000] {processor.py:925} INFO - DAG(s) 'example_params_ui_tutorial' retrieved from /home/airflow/.local/lib/python3.12/site-packages/airflow/example_dags/example_params_ui_tutorial.py
[2025-04-04T13:36:34.280+0000] {logging_mixin.py:190} INFO - [2025-04-04T13:36:34.274+0000] {override.py:1912} INFO - Created Permission View: can edit on DAG:example_params_ui_tutorial
[2025-04-04T13:36:34.404+0000] {logging_mixin.py:190} INFO - [2025-04-04T13:36:34.403+0000] {override.py:1912} INFO - Created Permission View: can delete on DAG:example_params_ui_tutorial
[2025-04-04T13:36:34.466+0000] {logging_mixin.py:190} INFO - [2025-04-04T13:36:34.465+0000] {override.py:1912} INFO - Created Permission View: can read on DAG:example_params_ui_tutorial
[2025-04-04T13:36:34.556+0000] {logging_mixin.py:190} INFO - [2025-04-04T13:36:34.552+0000] {override.py:1912} INFO - Created Permission View: can delete on DAG Run:example_params_ui_tutorial
[2025-04-04T13:36:34.610+0000] {logging_mixin.py:190} INFO - [2025-04-04T13:36:34.609+0000] {override.py:1912} INFO - Created Permission View: can read on DAG Run:example_params_ui_tutorial
[2025-04-04T13:36:34.665+0000] {logging_mixin.py:190} INFO - [2025-04-04T13:36:34.664+0000] {override.py:1912} INFO - Created Permission View: can create on DAG Run:example_params_ui_tutorial
[2025-04-04T13:36:34.735+0000] {logging_mixin.py:190} INFO - [2025-04-04T13:36:34.734+0000] {override.py:1912} INFO - Created Permission View: menu access on DAG Run:example_params_ui_tutorial
[2025-04-04T13:36:34.737+0000] {logging_mixin.py:190} INFO - [2025-04-04T13:36:34.737+0000] {dag.py:3239} INFO - Sync 1 DAGs
[2025-04-04T13:36:34.801+0000] {logging_mixin.py:190} INFO - [2025-04-04T13:36:34.801+0000] {dag.py:3262} INFO - Creating ORM DAG for example_params_ui_tutorial
[2025-04-04T13:36:34.804+0000] {logging_mixin.py:190} INFO - [2025-04-04T13:36:34.803+0000] {dag.py:4180} INFO - Setting next_dagrun for example_params_ui_tutorial to None, run_after=None
[2025-04-04T13:36:34.860+0000] {processor.py:208} INFO - Processing /home/airflow/.local/lib/python3.12/site-packages/airflow/example_dags/example_params_ui_tutorial.py took 1.303 seconds
[2025-04-04T13:37:05.788+0000] {processor.py:186} INFO - Started process (PID=154) to work on /home/airflow/.local/lib/python3.12/site-packages/airflow/example_dags/example_params_ui_tutorial.py
[2025-04-04T13:37:05.808+0000] {processor.py:914} INFO - Processing file /home/airflow/.local/lib/python3.12/site-packages/airflow/example_dags/example_params_ui_tutorial.py for tasks to queue
[2025-04-04T13:37:05.815+0000] {logging_mixin.py:190} INFO - [2025-04-04T13:37:05.814+0000] {dagbag.py:588} INFO - Filling up the DagBag from /home/airflow/.local/lib/python3.12/site-packages/airflow/example_dags/example_params_ui_tutorial.py
[2025-04-04T13:37:05.853+0000] {processor.py:925} INFO - DAG(s) 'example_params_ui_tutorial' retrieved from /home/airflow/.local/lib/python3.12/site-packages/airflow/example_dags/example_params_ui_tutorial.py
[2025-04-04T13:37:06.015+0000] {logging_mixin.py:190} INFO - [2025-04-04T13:37:06.015+0000] {dag.py:3239} INFO - Sync 1 DAGs
[2025-04-04T13:37:06.054+0000] {logging_mixin.py:190} INFO - [2025-04-04T13:37:06.053+0000] {dag.py:4180} INFO - Setting next_dagrun for example_params_ui_tutorial to None, run_after=None
[2025-04-04T13:37:06.105+0000] {processor.py:208} INFO - Processing /home/airflow/.local/lib/python3.12/site-packages/airflow/example_dags/example_params_ui_tutorial.py took 0.331 seconds
[2025-04-04T13:37:36.228+0000] {processor.py:186} INFO - Started process (PID=217) to work on /home/airflow/.local/lib/python3.12/site-packages/airflow/example_dags/example_params_ui_tutorial.py
[2025-04-04T13:37:36.229+0000] {processor.py:914} INFO - Processing file /home/airflow/.local/lib/python3.12/site-packages/airflow/example_dags/example_params_ui_tutorial.py for tasks to queue
[2025-04-04T13:37:36.233+0000] {logging_mixin.py:190} INFO - [2025-04-04T13:37:36.232+0000] {dagbag.py:588} INFO - Filling up the DagBag from /home/airflow/.local/lib/python3.12/site-packages/airflow/example_dags/example_params_ui_tutorial.py
[2025-04-04T13:37:36.247+0000] {processor.py:925} INFO - DAG(s) 'example_params_ui_tutorial' retrieved from /home/airflow/.local/lib/python3.12/site-packages/airflow/example_dags/example_params_ui_tutorial.py
[2025-04-04T13:37:36.318+0000] {logging_mixin.py:190} INFO - [2025-04-04T13:37:36.317+0000] {dag.py:3239} INFO - Sync 1 DAGs
[2025-04-04T13:37:36.340+0000] {logging_mixin.py:190} INFO - [2025-04-04T13:37:36.340+0000] {dag.py:4180} INFO - Setting next_dagrun for example_params_ui_tutorial to None, run_after=None
[2025-04-04T13:37:36.369+0000] {processor.py:208} INFO - Processing /home/airflow/.local/lib/python3.12/site-packages/airflow/example_dags/example_params_ui_tutorial.py took 0.151 seconds
[2025-04-04T13:38:07.189+0000] {processor.py:186} INFO - Started process (PID=280) to work on /home/airflow/.local/lib/python3.12/site-packages/airflow/example_dags/example_params_ui_tutorial.py
[2025-04-04T13:38:07.191+0000] {processor.py:914} INFO - Processing file /home/airflow/.local/lib/python3.12/site-packages/airflow/example_dags/example_params_ui_tutorial.py for tasks to queue
[2025-04-04T13:38:07.197+0000] {logging_mixin.py:190} INFO - [2025-04-04T13:38:07.196+0000] {dagbag.py:588} INFO - Filling up the DagBag from /home/airflow/.local/lib/python3.12/site-packages/airflow/example_dags/example_params_ui_tutorial.py
[2025-04-04T13:38:07.224+0000] {processor.py:925} INFO - DAG(s) 'example_params_ui_tutorial' retrieved from /home/airflow/.local/lib/python3.12/site-packages/airflow/example_dags/example_params_ui_tutorial.py
[2025-04-04T13:38:07.296+0000] {logging_mixin.py:190} INFO - [2025-04-04T13:38:07.296+0000] {dag.py:3239} INFO - Sync 1 DAGs
[2025-04-04T13:38:07.320+0000] {logging_mixin.py:190} INFO - [2025-04-04T13:38:07.319+0000] {dag.py:4180} INFO - Setting next_dagrun for example_params_ui_tutorial to None, run_after=None
[2025-04-04T13:38:07.350+0000] {processor.py:208} INFO - Processing /home/airflow/.local/lib/python3.12/site-packages/airflow/example_dags/example_params_ui_tutorial.py took 0.190 seconds
[2025-04-04T13:38:37.408+0000] {processor.py:186} INFO - Started process (PID=343) to work on /home/airflow/.local/lib/python3.12/site-packages/airflow/example_dags/example_params_ui_tutorial.py
[2025-04-04T13:38:37.409+0000] {processor.py:914} INFO - Processing file /home/airflow/.local/lib/python3.12/site-packages/airflow/example_dags/example_params_ui_tutorial.py for tasks to queue
[2025-04-04T13:38:37.413+0000] {logging_mixin.py:190} INFO - [2025-04-04T13:38:37.412+0000] {dagbag.py:588} INFO - Filling up the DagBag from /home/airflow/.local/lib/python3.12/site-packages/airflow/example_dags/example_params_ui_tutorial.py
[2025-04-04T13:38:37.427+0000] {processor.py:925} INFO - DAG(s) 'example_params_ui_tutorial' retrieved from /home/airflow/.local/lib/python3.12/site-packages/airflow/example_dags/example_params_ui_tutorial.py
[2025-04-04T13:38:37.502+0000] {logging_mixin.py:190} INFO - [2025-04-04T13:38:37.502+0000] {dag.py:3239} INFO - Sync 1 DAGs
[2025-04-04T13:38:37.526+0000] {logging_mixin.py:190} INFO - [2025-04-04T13:38:37.526+0000] {dag.py:4180} INFO - Setting next_dagrun for example_params_ui_tutorial to None, run_after=None
[2025-04-04T13:38:37.557+0000] {processor.py:208} INFO - Processing /home/airflow/.local/lib/python3.12/site-packages/airflow/example_dags/example_params_ui_tutorial.py took 0.158 seconds
[2025-04-04T13:39:11.449+0000] {processor.py:186} INFO - Started process (PID=406) to work on /home/airflow/.local/lib/python3.12/site-packages/airflow/example_dags/example_params_ui_tutorial.py
[2025-04-04T13:39:11.478+0000] {processor.py:914} INFO - Processing file /home/airflow/.local/lib/python3.12/site-packages/airflow/example_dags/example_params_ui_tutorial.py for tasks to queue
[2025-04-04T13:39:11.488+0000] {logging_mixin.py:190} INFO - [2025-04-04T13:39:11.487+0000] {dagbag.py:588} INFO - Filling up the DagBag from /home/airflow/.local/lib/python3.12/site-packages/airflow/example_dags/example_params_ui_tutorial.py
[2025-04-04T13:39:11.516+0000] {processor.py:925} INFO - DAG(s) 'example_params_ui_tutorial' retrieved from /home/airflow/.local/lib/python3.12/site-packages/airflow/example_dags/example_params_ui_tutorial.py
[2025-04-04T13:39:11.732+0000] {logging_mixin.py:190} INFO - [2025-04-04T13:39:11.732+0000] {dag.py:3239} INFO - Sync 1 DAGs
[2025-04-04T13:39:11.789+0000] {logging_mixin.py:190} INFO - [2025-04-04T13:39:11.789+0000] {dag.py:4180} INFO - Setting next_dagrun for example_params_ui_tutorial to None, run_after=None
[2025-04-04T13:39:11.872+0000] {processor.py:208} INFO - Processing /home/airflow/.local/lib/python3.12/site-packages/airflow/example_dags/example_params_ui_tutorial.py took 0.462 seconds
[2025-04-04T13:39:48.209+0000] {processor.py:186} INFO - Started process (PID=459) to work on /home/airflow/.local/lib/python3.12/site-packages/airflow/example_dags/example_params_ui_tutorial.py
[2025-04-04T13:39:48.212+0000] {processor.py:914} INFO - Processing file /home/airflow/.local/lib/python3.12/site-packages/airflow/example_dags/example_params_ui_tutorial.py for tasks to queue
[2025-04-04T13:39:48.218+0000] {logging_mixin.py:190} INFO - [2025-04-04T13:39:48.217+0000] {dagbag.py:588} INFO - Filling up the DagBag from /home/airflow/.local/lib/python3.12/site-packages/airflow/example_dags/example_params_ui_tutorial.py
[2025-04-04T13:39:48.271+0000] {processor.py:925} INFO - DAG(s) 'example_params_ui_tutorial' retrieved from /home/airflow/.local/lib/python3.12/site-packages/airflow/example_dags/example_params_ui_tutorial.py
[2025-04-04T13:39:48.566+0000] {logging_mixin.py:190} INFO - [2025-04-04T13:39:48.565+0000] {dag.py:3239} INFO - Sync 1 DAGs
[2025-04-04T13:39:48.640+0000] {logging_mixin.py:190} INFO - [2025-04-04T13:39:48.639+0000] {dag.py:4180} INFO - Setting next_dagrun for example_params_ui_tutorial to None, run_after=None
[2025-04-04T13:39:48.699+0000] {processor.py:208} INFO - Processing /home/airflow/.local/lib/python3.12/site-packages/airflow/example_dags/example_params_ui_tutorial.py took 0.504 seconds
[2025-04-04T13:40:18.877+0000] {processor.py:186} INFO - Started process (PID=523) to work on /home/airflow/.local/lib/python3.12/site-packages/airflow/example_dags/example_params_ui_tutorial.py
[2025-04-04T13:40:18.879+0000] {processor.py:914} INFO - Processing file /home/airflow/.local/lib/python3.12/site-packages/airflow/example_dags/example_params_ui_tutorial.py for tasks to queue
[2025-04-04T13:40:18.887+0000] {logging_mixin.py:190} INFO - [2025-04-04T13:40:18.886+0000] {dagbag.py:588} INFO - Filling up the DagBag from /home/airflow/.local/lib/python3.12/site-packages/airflow/example_dags/example_params_ui_tutorial.py
[2025-04-04T13:40:18.911+0000] {processor.py:925} INFO - DAG(s) 'example_params_ui_tutorial' retrieved from /home/airflow/.local/lib/python3.12/site-packages/airflow/example_dags/example_params_ui_tutorial.py
[2025-04-04T13:40:19.056+0000] {logging_mixin.py:190} INFO - [2025-04-04T13:40:19.043+0000] {dag.py:3239} INFO - Sync 1 DAGs
[2025-04-04T13:40:19.118+0000] {logging_mixin.py:190} INFO - [2025-04-04T13:40:19.117+0000] {dag.py:4180} INFO - Setting next_dagrun for example_params_ui_tutorial to None, run_after=None
[2025-04-04T13:40:19.203+0000] {processor.py:208} INFO - Processing /home/airflow/.local/lib/python3.12/site-packages/airflow/example_dags/example_params_ui_tutorial.py took 0.342 seconds
[2025-04-04T13:40:49.860+0000] {processor.py:186} INFO - Started process (PID=586) to work on /home/airflow/.local/lib/python3.12/site-packages/airflow/example_dags/example_params_ui_tutorial.py
[2025-04-04T13:40:49.862+0000] {processor.py:914} INFO - Processing file /home/airflow/.local/lib/python3.12/site-packages/airflow/example_dags/example_params_ui_tutorial.py for tasks to queue
[2025-04-04T13:40:49.868+0000] {logging_mixin.py:190} INFO - [2025-04-04T13:40:49.867+0000] {dagbag.py:588} INFO - Filling up the DagBag from /home/airflow/.local/lib/python3.12/site-packages/airflow/example_dags/example_params_ui_tutorial.py
[2025-04-04T13:40:49.886+0000] {processor.py:925} INFO - DAG(s) 'example_params_ui_tutorial' retrieved from /home/airflow/.local/lib/python3.12/site-packages/airflow/example_dags/example_params_ui_tutorial.py
[2025-04-04T13:40:49.997+0000] {logging_mixin.py:190} INFO - [2025-04-04T13:40:49.996+0000] {dag.py:3239} INFO - Sync 1 DAGs
[2025-04-04T13:40:50.032+0000] {logging_mixin.py:190} INFO - [2025-04-04T13:40:50.031+0000] {dag.py:4180} INFO - Setting next_dagrun for example_params_ui_tutorial to None, run_after=None
[2025-04-04T13:40:50.072+0000] {processor.py:208} INFO - Processing /home/airflow/.local/lib/python3.12/site-packages/airflow/example_dags/example_params_ui_tutorial.py took 0.227 seconds
[2025-04-04T13:41:21.191+0000] {processor.py:186} INFO - Started process (PID=649) to work on /home/airflow/.local/lib/python3.12/site-packages/airflow/example_dags/example_params_ui_tutorial.py
[2025-04-04T13:41:21.193+0000] {processor.py:914} INFO - Processing file /home/airflow/.local/lib/python3.12/site-packages/airflow/example_dags/example_params_ui_tutorial.py for tasks to queue
[2025-04-04T13:41:21.197+0000] {logging_mixin.py:190} INFO - [2025-04-04T13:41:21.196+0000] {dagbag.py:588} INFO - Filling up the DagBag from /home/airflow/.local/lib/python3.12/site-packages/airflow/example_dags/example_params_ui_tutorial.py
[2025-04-04T13:41:21.217+0000] {processor.py:925} INFO - DAG(s) 'example_params_ui_tutorial' retrieved from /home/airflow/.local/lib/python3.12/site-packages/airflow/example_dags/example_params_ui_tutorial.py
[2025-04-04T13:41:21.346+0000] {logging_mixin.py:190} INFO - [2025-04-04T13:41:21.346+0000] {dag.py:3239} INFO - Sync 1 DAGs
[2025-04-04T13:41:21.397+0000] {logging_mixin.py:190} INFO - [2025-04-04T13:41:21.397+0000] {dag.py:4180} INFO - Setting next_dagrun for example_params_ui_tutorial to None, run_after=None
[2025-04-04T13:41:21.440+0000] {processor.py:208} INFO - Processing /home/airflow/.local/lib/python3.12/site-packages/airflow/example_dags/example_params_ui_tutorial.py took 0.259 seconds
[2025-04-04T13:41:52.313+0000] {processor.py:186} INFO - Started process (PID=711) to work on /home/airflow/.local/lib/python3.12/site-packages/airflow/example_dags/example_params_ui_tutorial.py
[2025-04-04T13:41:52.315+0000] {processor.py:914} INFO - Processing file /home/airflow/.local/lib/python3.12/site-packages/airflow/example_dags/example_params_ui_tutorial.py for tasks to queue
[2025-04-04T13:41:52.320+0000] {logging_mixin.py:190} INFO - [2025-04-04T13:41:52.319+0000] {dagbag.py:588} INFO - Filling up the DagBag from /home/airflow/.local/lib/python3.12/site-packages/airflow/example_dags/example_params_ui_tutorial.py
[2025-04-04T13:41:52.343+0000] {processor.py:925} INFO - DAG(s) 'example_params_ui_tutorial' retrieved from /home/airflow/.local/lib/python3.12/site-packages/airflow/example_dags/example_params_ui_tutorial.py
[2025-04-04T13:41:52.522+0000] {logging_mixin.py:190} INFO - [2025-04-04T13:41:52.522+0000] {dag.py:3239} INFO - Sync 1 DAGs
[2025-04-04T13:41:52.547+0000] {logging_mixin.py:190} INFO - [2025-04-04T13:41:52.547+0000] {dag.py:4180} INFO - Setting next_dagrun for example_params_ui_tutorial to None, run_after=None
[2025-04-04T13:41:52.589+0000] {processor.py:208} INFO - Processing /home/airflow/.local/lib/python3.12/site-packages/airflow/example_dags/example_params_ui_tutorial.py took 0.289 seconds
[2025-04-04T13:42:22.769+0000] {processor.py:186} INFO - Started process (PID=773) to work on /home/airflow/.local/lib/python3.12/site-packages/airflow/example_dags/example_params_ui_tutorial.py
[2025-04-04T13:42:22.771+0000] {processor.py:914} INFO - Processing file /home/airflow/.local/lib/python3.12/site-packages/airflow/example_dags/example_params_ui_tutorial.py for tasks to queue
[2025-04-04T13:42:22.775+0000] {logging_mixin.py:190} INFO - [2025-04-04T13:42:22.774+0000] {dagbag.py:588} INFO - Filling up the DagBag from /home/airflow/.local/lib/python3.12/site-packages/airflow/example_dags/example_params_ui_tutorial.py
[2025-04-04T13:42:22.792+0000] {processor.py:925} INFO - DAG(s) 'example_params_ui_tutorial' retrieved from /home/airflow/.local/lib/python3.12/site-packages/airflow/example_dags/example_params_ui_tutorial.py
[2025-04-04T13:42:22.918+0000] {logging_mixin.py:190} INFO - [2025-04-04T13:42:22.917+0000] {dag.py:3239} INFO - Sync 1 DAGs
[2025-04-04T13:42:22.975+0000] {logging_mixin.py:190} INFO - [2025-04-04T13:42:22.974+0000] {dag.py:4180} INFO - Setting next_dagrun for example_params_ui_tutorial to None, run_after=None
[2025-04-04T13:42:23.069+0000] {processor.py:208} INFO - Processing /home/airflow/.local/lib/python3.12/site-packages/airflow/example_dags/example_params_ui_tutorial.py took 0.313 seconds
[2025-04-04T13:42:53.599+0000] {processor.py:186} INFO - Started process (PID=842) to work on /home/airflow/.local/lib/python3.12/site-packages/airflow/example_dags/example_params_ui_tutorial.py
[2025-04-04T13:42:53.600+0000] {processor.py:914} INFO - Processing file /home/airflow/.local/lib/python3.12/site-packages/airflow/example_dags/example_params_ui_tutorial.py for tasks to queue
[2025-04-04T13:42:53.605+0000] {logging_mixin.py:190} INFO - [2025-04-04T13:42:53.604+0000] {dagbag.py:588} INFO - Filling up the DagBag from /home/airflow/.local/lib/python3.12/site-packages/airflow/example_dags/example_params_ui_tutorial.py
[2025-04-04T13:42:53.651+0000] {processor.py:925} INFO - DAG(s) 'example_params_ui_tutorial' retrieved from /home/airflow/.local/lib/python3.12/site-packages/airflow/example_dags/example_params_ui_tutorial.py
[2025-04-04T13:42:53.797+0000] {logging_mixin.py:190} INFO - [2025-04-04T13:42:53.796+0000] {dag.py:3239} INFO - Sync 1 DAGs
[2025-04-04T13:42:53.850+0000] {logging_mixin.py:190} INFO - [2025-04-04T13:42:53.850+0000] {dag.py:4180} INFO - Setting next_dagrun for example_params_ui_tutorial to None, run_after=None
[2025-04-04T13:42:53.937+0000] {processor.py:208} INFO - Processing /home/airflow/.local/lib/python3.12/site-packages/airflow/example_dags/example_params_ui_tutorial.py took 0.352 seconds
[2025-04-04T13:43:24.187+0000] {processor.py:186} INFO - Started process (PID=906) to work on /home/airflow/.local/lib/python3.12/site-packages/airflow/example_dags/example_params_ui_tutorial.py
[2025-04-04T13:43:24.189+0000] {processor.py:914} INFO - Processing file /home/airflow/.local/lib/python3.12/site-packages/airflow/example_dags/example_params_ui_tutorial.py for tasks to queue
[2025-04-04T13:43:24.193+0000] {logging_mixin.py:190} INFO - [2025-04-04T13:43:24.192+0000] {dagbag.py:588} INFO - Filling up the DagBag from /home/airflow/.local/lib/python3.12/site-packages/airflow/example_dags/example_params_ui_tutorial.py
[2025-04-04T13:43:24.208+0000] {processor.py:925} INFO - DAG(s) 'example_params_ui_tutorial' retrieved from /home/airflow/.local/lib/python3.12/site-packages/airflow/example_dags/example_params_ui_tutorial.py
[2025-04-04T13:43:24.348+0000] {logging_mixin.py:190} INFO - [2025-04-04T13:43:24.348+0000] {dag.py:3239} INFO - Sync 1 DAGs
[2025-04-04T13:43:24.385+0000] {logging_mixin.py:190} INFO - [2025-04-04T13:43:24.384+0000] {dag.py:4180} INFO - Setting next_dagrun for example_params_ui_tutorial to None, run_after=None
[2025-04-04T13:43:24.487+0000] {processor.py:208} INFO - Processing /home/airflow/.local/lib/python3.12/site-packages/airflow/example_dags/example_params_ui_tutorial.py took 0.313 seconds
[2025-04-04T13:43:55.309+0000] {processor.py:186} INFO - Started process (PID=968) to work on /home/airflow/.local/lib/python3.12/site-packages/airflow/example_dags/example_params_ui_tutorial.py
[2025-04-04T13:43:55.312+0000] {processor.py:914} INFO - Processing file /home/airflow/.local/lib/python3.12/site-packages/airflow/example_dags/example_params_ui_tutorial.py for tasks to queue
[2025-04-04T13:43:55.316+0000] {logging_mixin.py:190} INFO - [2025-04-04T13:43:55.315+0000] {dagbag.py:588} INFO - Filling up the DagBag from /home/airflow/.local/lib/python3.12/site-packages/airflow/example_dags/example_params_ui_tutorial.py
[2025-04-04T13:43:55.357+0000] {processor.py:925} INFO - DAG(s) 'example_params_ui_tutorial' retrieved from /home/airflow/.local/lib/python3.12/site-packages/airflow/example_dags/example_params_ui_tutorial.py
[2025-04-04T13:43:55.540+0000] {logging_mixin.py:190} INFO - [2025-04-04T13:43:55.540+0000] {dag.py:3239} INFO - Sync 1 DAGs
[2025-04-04T13:43:55.589+0000] {logging_mixin.py:190} INFO - [2025-04-04T13:43:55.588+0000] {dag.py:4180} INFO - Setting next_dagrun for example_params_ui_tutorial to None, run_after=None
[2025-04-04T13:43:55.658+0000] {processor.py:208} INFO - Processing /home/airflow/.local/lib/python3.12/site-packages/airflow/example_dags/example_params_ui_tutorial.py took 0.370 seconds
[2025-04-04T13:44:26.971+0000] {processor.py:186} INFO - Started process (PID=1030) to work on /home/airflow/.local/lib/python3.12/site-packages/airflow/example_dags/example_params_ui_tutorial.py
[2025-04-04T13:44:26.973+0000] {processor.py:914} INFO - Processing file /home/airflow/.local/lib/python3.12/site-packages/airflow/example_dags/example_params_ui_tutorial.py for tasks to queue
[2025-04-04T13:44:26.977+0000] {logging_mixin.py:190} INFO - [2025-04-04T13:44:26.976+0000] {dagbag.py:588} INFO - Filling up the DagBag from /home/airflow/.local/lib/python3.12/site-packages/airflow/example_dags/example_params_ui_tutorial.py
[2025-04-04T13:44:26.999+0000] {processor.py:925} INFO - DAG(s) 'example_params_ui_tutorial' retrieved from /home/airflow/.local/lib/python3.12/site-packages/airflow/example_dags/example_params_ui_tutorial.py
[2025-04-04T13:44:27.130+0000] {logging_mixin.py:190} INFO - [2025-04-04T13:44:27.130+0000] {dag.py:3239} INFO - Sync 1 DAGs
[2025-04-04T13:44:27.164+0000] {logging_mixin.py:190} INFO - [2025-04-04T13:44:27.164+0000] {dag.py:4180} INFO - Setting next_dagrun for example_params_ui_tutorial to None, run_after=None
[2025-04-04T13:44:27.206+0000] {processor.py:208} INFO - Processing /home/airflow/.local/lib/python3.12/site-packages/airflow/example_dags/example_params_ui_tutorial.py took 0.249 seconds
[2025-04-04T13:44:58.367+0000] {processor.py:186} INFO - Started process (PID=1093) to work on /home/airflow/.local/lib/python3.12/site-packages/airflow/example_dags/example_params_ui_tutorial.py
[2025-04-04T13:44:58.408+0000] {processor.py:914} INFO - Processing file /home/airflow/.local/lib/python3.12/site-packages/airflow/example_dags/example_params_ui_tutorial.py for tasks to queue
[2025-04-04T13:44:58.415+0000] {logging_mixin.py:190} INFO - [2025-04-04T13:44:58.414+0000] {dagbag.py:588} INFO - Filling up the DagBag from /home/airflow/.local/lib/python3.12/site-packages/airflow/example_dags/example_params_ui_tutorial.py
[2025-04-04T13:44:58.447+0000] {processor.py:925} INFO - DAG(s) 'example_params_ui_tutorial' retrieved from /home/airflow/.local/lib/python3.12/site-packages/airflow/example_dags/example_params_ui_tutorial.py
[2025-04-04T13:44:58.570+0000] {logging_mixin.py:190} INFO - [2025-04-04T13:44:58.569+0000] {dag.py:3239} INFO - Sync 1 DAGs
[2025-04-04T13:44:58.618+0000] {logging_mixin.py:190} INFO - [2025-04-04T13:44:58.618+0000] {dag.py:4180} INFO - Setting next_dagrun for example_params_ui_tutorial to None, run_after=None
[2025-04-04T13:44:58.660+0000] {processor.py:208} INFO - Processing /home/airflow/.local/lib/python3.12/site-packages/airflow/example_dags/example_params_ui_tutorial.py took 0.318 seconds
[2025-04-04T13:45:29.271+0000] {processor.py:186} INFO - Started process (PID=1155) to work on /home/airflow/.local/lib/python3.12/site-packages/airflow/example_dags/example_params_ui_tutorial.py
[2025-04-04T13:45:29.273+0000] {processor.py:914} INFO - Processing file /home/airflow/.local/lib/python3.12/site-packages/airflow/example_dags/example_params_ui_tutorial.py for tasks to queue
[2025-04-04T13:45:29.276+0000] {logging_mixin.py:190} INFO - [2025-04-04T13:45:29.276+0000] {dagbag.py:588} INFO - Filling up the DagBag from /home/airflow/.local/lib/python3.12/site-packages/airflow/example_dags/example_params_ui_tutorial.py
[2025-04-04T13:45:29.298+0000] {processor.py:925} INFO - DAG(s) 'example_params_ui_tutorial' retrieved from /home/airflow/.local/lib/python3.12/site-packages/airflow/example_dags/example_params_ui_tutorial.py
[2025-04-04T13:45:29.412+0000] {logging_mixin.py:190} INFO - [2025-04-04T13:45:29.411+0000] {dag.py:3239} INFO - Sync 1 DAGs
[2025-04-04T13:45:29.478+0000] {logging_mixin.py:190} INFO - [2025-04-04T13:45:29.477+0000] {dag.py:4180} INFO - Setting next_dagrun for example_params_ui_tutorial to None, run_after=None
[2025-04-04T13:45:29.571+0000] {processor.py:208} INFO - Processing /home/airflow/.local/lib/python3.12/site-packages/airflow/example_dags/example_params_ui_tutorial.py took 0.312 seconds
[2025-04-04T13:46:00.777+0000] {processor.py:186} INFO - Started process (PID=1218) to work on /home/airflow/.local/lib/python3.12/site-packages/airflow/example_dags/example_params_ui_tutorial.py
[2025-04-04T13:46:00.779+0000] {processor.py:914} INFO - Processing file /home/airflow/.local/lib/python3.12/site-packages/airflow/example_dags/example_params_ui_tutorial.py for tasks to queue
[2025-04-04T13:46:00.784+0000] {logging_mixin.py:190} INFO - [2025-04-04T13:46:00.783+0000] {dagbag.py:588} INFO - Filling up the DagBag from /home/airflow/.local/lib/python3.12/site-packages/airflow/example_dags/example_params_ui_tutorial.py
[2025-04-04T13:46:00.819+0000] {processor.py:925} INFO - DAG(s) 'example_params_ui_tutorial' retrieved from /home/airflow/.local/lib/python3.12/site-packages/airflow/example_dags/example_params_ui_tutorial.py
[2025-04-04T13:46:00.967+0000] {logging_mixin.py:190} INFO - [2025-04-04T13:46:00.966+0000] {dag.py:3239} INFO - Sync 1 DAGs
[2025-04-04T13:46:01.012+0000] {logging_mixin.py:190} INFO - [2025-04-04T13:46:01.012+0000] {dag.py:4180} INFO - Setting next_dagrun for example_params_ui_tutorial to None, run_after=None
[2025-04-04T13:46:01.066+0000] {processor.py:208} INFO - Processing /home/airflow/.local/lib/python3.12/site-packages/airflow/example_dags/example_params_ui_tutorial.py took 0.313 seconds
[2025-04-04T13:46:38.432+0000] {processor.py:186} INFO - Started process (PID=1269) to work on /home/airflow/.local/lib/python3.12/site-packages/airflow/example_dags/example_params_ui_tutorial.py
[2025-04-04T13:46:38.434+0000] {processor.py:914} INFO - Processing file /home/airflow/.local/lib/python3.12/site-packages/airflow/example_dags/example_params_ui_tutorial.py for tasks to queue
[2025-04-04T13:46:38.439+0000] {logging_mixin.py:190} INFO - [2025-04-04T13:46:38.439+0000] {dagbag.py:588} INFO - Filling up the DagBag from /home/airflow/.local/lib/python3.12/site-packages/airflow/example_dags/example_params_ui_tutorial.py
[2025-04-04T13:46:38.477+0000] {processor.py:925} INFO - DAG(s) 'example_params_ui_tutorial' retrieved from /home/airflow/.local/lib/python3.12/site-packages/airflow/example_dags/example_params_ui_tutorial.py
[2025-04-04T13:46:38.891+0000] {logging_mixin.py:190} INFO - [2025-04-04T13:46:38.890+0000] {dag.py:3239} INFO - Sync 1 DAGs
[2025-04-04T13:46:39.019+0000] {logging_mixin.py:190} INFO - [2025-04-04T13:46:39.018+0000] {dag.py:4180} INFO - Setting next_dagrun for example_params_ui_tutorial to None, run_after=None
[2025-04-04T13:46:39.186+0000] {processor.py:208} INFO - Processing /home/airflow/.local/lib/python3.12/site-packages/airflow/example_dags/example_params_ui_tutorial.py took 0.771 seconds
[2025-04-04T13:47:09.951+0000] {processor.py:186} INFO - Started process (PID=1332) to work on /home/airflow/.local/lib/python3.12/site-packages/airflow/example_dags/example_params_ui_tutorial.py
[2025-04-04T13:47:09.954+0000] {processor.py:914} INFO - Processing file /home/airflow/.local/lib/python3.12/site-packages/airflow/example_dags/example_params_ui_tutorial.py for tasks to queue
[2025-04-04T13:47:09.967+0000] {logging_mixin.py:190} INFO - [2025-04-04T13:47:09.964+0000] {dagbag.py:588} INFO - Filling up the DagBag from /home/airflow/.local/lib/python3.12/site-packages/airflow/example_dags/example_params_ui_tutorial.py
[2025-04-04T13:47:10.031+0000] {processor.py:925} INFO - DAG(s) 'example_params_ui_tutorial' retrieved from /home/airflow/.local/lib/python3.12/site-packages/airflow/example_dags/example_params_ui_tutorial.py
[2025-04-04T13:47:10.161+0000] {logging_mixin.py:190} INFO - [2025-04-04T13:47:10.161+0000] {dag.py:3239} INFO - Sync 1 DAGs
[2025-04-04T13:47:10.195+0000] {logging_mixin.py:190} INFO - [2025-04-04T13:47:10.194+0000] {dag.py:4180} INFO - Setting next_dagrun for example_params_ui_tutorial to None, run_after=None
[2025-04-04T13:47:10.240+0000] {processor.py:208} INFO - Processing /home/airflow/.local/lib/python3.12/site-packages/airflow/example_dags/example_params_ui_tutorial.py took 0.318 seconds
[2025-04-04T13:47:40.469+0000] {processor.py:186} INFO - Started process (PID=1395) to work on /home/airflow/.local/lib/python3.12/site-packages/airflow/example_dags/example_params_ui_tutorial.py
[2025-04-04T13:47:40.471+0000] {processor.py:914} INFO - Processing file /home/airflow/.local/lib/python3.12/site-packages/airflow/example_dags/example_params_ui_tutorial.py for tasks to queue
[2025-04-04T13:47:40.476+0000] {logging_mixin.py:190} INFO - [2025-04-04T13:47:40.475+0000] {dagbag.py:588} INFO - Filling up the DagBag from /home/airflow/.local/lib/python3.12/site-packages/airflow/example_dags/example_params_ui_tutorial.py
[2025-04-04T13:47:40.504+0000] {processor.py:925} INFO - DAG(s) 'example_params_ui_tutorial' retrieved from /home/airflow/.local/lib/python3.12/site-packages/airflow/example_dags/example_params_ui_tutorial.py
[2025-04-04T13:47:40.652+0000] {logging_mixin.py:190} INFO - [2025-04-04T13:47:40.652+0000] {dag.py:3239} INFO - Sync 1 DAGs
[2025-04-04T13:47:40.703+0000] {logging_mixin.py:190} INFO - [2025-04-04T13:47:40.703+0000] {dag.py:4180} INFO - Setting next_dagrun for example_params_ui_tutorial to None, run_after=None
[2025-04-04T13:47:40.762+0000] {processor.py:208} INFO - Processing /home/airflow/.local/lib/python3.12/site-packages/airflow/example_dags/example_params_ui_tutorial.py took 0.308 seconds
[2025-04-04T13:48:11.027+0000] {processor.py:186} INFO - Started process (PID=1459) to work on /home/airflow/.local/lib/python3.12/site-packages/airflow/example_dags/example_params_ui_tutorial.py
[2025-04-04T13:48:11.029+0000] {processor.py:914} INFO - Processing file /home/airflow/.local/lib/python3.12/site-packages/airflow/example_dags/example_params_ui_tutorial.py for tasks to queue
[2025-04-04T13:48:11.034+0000] {logging_mixin.py:190} INFO - [2025-04-04T13:48:11.033+0000] {dagbag.py:588} INFO - Filling up the DagBag from /home/airflow/.local/lib/python3.12/site-packages/airflow/example_dags/example_params_ui_tutorial.py
[2025-04-04T13:48:11.063+0000] {processor.py:925} INFO - DAG(s) 'example_params_ui_tutorial' retrieved from /home/airflow/.local/lib/python3.12/site-packages/airflow/example_dags/example_params_ui_tutorial.py
[2025-04-04T13:48:11.212+0000] {logging_mixin.py:190} INFO - [2025-04-04T13:48:11.212+0000] {dag.py:3239} INFO - Sync 1 DAGs
[2025-04-04T13:48:11.297+0000] {logging_mixin.py:190} INFO - [2025-04-04T13:48:11.296+0000] {dag.py:4180} INFO - Setting next_dagrun for example_params_ui_tutorial to None, run_after=None
[2025-04-04T13:48:11.351+0000] {processor.py:208} INFO - Processing /home/airflow/.local/lib/python3.12/site-packages/airflow/example_dags/example_params_ui_tutorial.py took 0.346 seconds
[2025-04-04T13:48:42.915+0000] {processor.py:186} INFO - Started process (PID=1521) to work on /home/airflow/.local/lib/python3.12/site-packages/airflow/example_dags/example_params_ui_tutorial.py
[2025-04-04T13:48:42.917+0000] {processor.py:914} INFO - Processing file /home/airflow/.local/lib/python3.12/site-packages/airflow/example_dags/example_params_ui_tutorial.py for tasks to queue
[2025-04-04T13:48:42.922+0000] {logging_mixin.py:190} INFO - [2025-04-04T13:48:42.921+0000] {dagbag.py:588} INFO - Filling up the DagBag from /home/airflow/.local/lib/python3.12/site-packages/airflow/example_dags/example_params_ui_tutorial.py
[2025-04-04T13:48:42.946+0000] {processor.py:925} INFO - DAG(s) 'example_params_ui_tutorial' retrieved from /home/airflow/.local/lib/python3.12/site-packages/airflow/example_dags/example_params_ui_tutorial.py
[2025-04-04T13:48:43.116+0000] {logging_mixin.py:190} INFO - [2025-04-04T13:48:43.115+0000] {dag.py:3239} INFO - Sync 1 DAGs
[2025-04-04T13:48:43.160+0000] {logging_mixin.py:190} INFO - [2025-04-04T13:48:43.159+0000] {dag.py:4180} INFO - Setting next_dagrun for example_params_ui_tutorial to None, run_after=None
[2025-04-04T13:48:43.208+0000] {processor.py:208} INFO - Processing /home/airflow/.local/lib/python3.12/site-packages/airflow/example_dags/example_params_ui_tutorial.py took 0.310 seconds
[2025-04-04T13:49:13.647+0000] {processor.py:186} INFO - Started process (PID=1583) to work on /home/airflow/.local/lib/python3.12/site-packages/airflow/example_dags/example_params_ui_tutorial.py
[2025-04-04T13:49:13.649+0000] {processor.py:914} INFO - Processing file /home/airflow/.local/lib/python3.12/site-packages/airflow/example_dags/example_params_ui_tutorial.py for tasks to queue
[2025-04-04T13:49:13.654+0000] {logging_mixin.py:190} INFO - [2025-04-04T13:49:13.654+0000] {dagbag.py:588} INFO - Filling up the DagBag from /home/airflow/.local/lib/python3.12/site-packages/airflow/example_dags/example_params_ui_tutorial.py
[2025-04-04T13:49:13.673+0000] {processor.py:925} INFO - DAG(s) 'example_params_ui_tutorial' retrieved from /home/airflow/.local/lib/python3.12/site-packages/airflow/example_dags/example_params_ui_tutorial.py
[2025-04-04T13:49:13.831+0000] {logging_mixin.py:190} INFO - [2025-04-04T13:49:13.829+0000] {dag.py:3239} INFO - Sync 1 DAGs
[2025-04-04T13:49:13.874+0000] {logging_mixin.py:190} INFO - [2025-04-04T13:49:13.873+0000] {dag.py:4180} INFO - Setting next_dagrun for example_params_ui_tutorial to None, run_after=None
[2025-04-04T13:49:13.916+0000] {processor.py:208} INFO - Processing /home/airflow/.local/lib/python3.12/site-packages/airflow/example_dags/example_params_ui_tutorial.py took 0.283 seconds
[2025-04-04T13:49:45.225+0000] {processor.py:186} INFO - Started process (PID=1646) to work on /home/airflow/.local/lib/python3.12/site-packages/airflow/example_dags/example_params_ui_tutorial.py
[2025-04-04T13:49:45.238+0000] {processor.py:914} INFO - Processing file /home/airflow/.local/lib/python3.12/site-packages/airflow/example_dags/example_params_ui_tutorial.py for tasks to queue
[2025-04-04T13:49:45.254+0000] {logging_mixin.py:190} INFO - [2025-04-04T13:49:45.248+0000] {dagbag.py:588} INFO - Filling up the DagBag from /home/airflow/.local/lib/python3.12/site-packages/airflow/example_dags/example_params_ui_tutorial.py
[2025-04-04T13:49:45.310+0000] {processor.py:925} INFO - DAG(s) 'example_params_ui_tutorial' retrieved from /home/airflow/.local/lib/python3.12/site-packages/airflow/example_dags/example_params_ui_tutorial.py
[2025-04-04T13:49:45.728+0000] {logging_mixin.py:190} INFO - [2025-04-04T13:49:45.728+0000] {dag.py:3239} INFO - Sync 1 DAGs
[2025-04-04T13:49:45.768+0000] {logging_mixin.py:190} INFO - [2025-04-04T13:49:45.767+0000] {dag.py:4180} INFO - Setting next_dagrun for example_params_ui_tutorial to None, run_after=None
[2025-04-04T13:49:45.815+0000] {processor.py:208} INFO - Processing /home/airflow/.local/lib/python3.12/site-packages/airflow/example_dags/example_params_ui_tutorial.py took 0.632 seconds
[2025-04-04T13:50:17.001+0000] {processor.py:186} INFO - Started process (PID=1708) to work on /home/airflow/.local/lib/python3.12/site-packages/airflow/example_dags/example_params_ui_tutorial.py
[2025-04-04T13:50:17.003+0000] {processor.py:914} INFO - Processing file /home/airflow/.local/lib/python3.12/site-packages/airflow/example_dags/example_params_ui_tutorial.py for tasks to queue
[2025-04-04T13:50:17.007+0000] {logging_mixin.py:190} INFO - [2025-04-04T13:50:17.006+0000] {dagbag.py:588} INFO - Filling up the DagBag from /home/airflow/.local/lib/python3.12/site-packages/airflow/example_dags/example_params_ui_tutorial.py
[2025-04-04T13:50:17.029+0000] {processor.py:925} INFO - DAG(s) 'example_params_ui_tutorial' retrieved from /home/airflow/.local/lib/python3.12/site-packages/airflow/example_dags/example_params_ui_tutorial.py
[2025-04-04T13:50:17.120+0000] {logging_mixin.py:190} INFO - [2025-04-04T13:50:17.120+0000] {dag.py:3239} INFO - Sync 1 DAGs
[2025-04-04T13:50:17.150+0000] {logging_mixin.py:190} INFO - [2025-04-04T13:50:17.149+0000] {dag.py:4180} INFO - Setting next_dagrun for example_params_ui_tutorial to None, run_after=None
[2025-04-04T13:50:17.185+0000] {processor.py:208} INFO - Processing /home/airflow/.local/lib/python3.12/site-packages/airflow/example_dags/example_params_ui_tutorial.py took 0.196 seconds
[2025-04-04T13:50:48.100+0000] {processor.py:186} INFO - Started process (PID=1770) to work on /home/airflow/.local/lib/python3.12/site-packages/airflow/example_dags/example_params_ui_tutorial.py
[2025-04-04T13:50:48.102+0000] {processor.py:914} INFO - Processing file /home/airflow/.local/lib/python3.12/site-packages/airflow/example_dags/example_params_ui_tutorial.py for tasks to queue
[2025-04-04T13:50:48.107+0000] {logging_mixin.py:190} INFO - [2025-04-04T13:50:48.106+0000] {dagbag.py:588} INFO - Filling up the DagBag from /home/airflow/.local/lib/python3.12/site-packages/airflow/example_dags/example_params_ui_tutorial.py
[2025-04-04T13:50:48.130+0000] {processor.py:925} INFO - DAG(s) 'example_params_ui_tutorial' retrieved from /home/airflow/.local/lib/python3.12/site-packages/airflow/example_dags/example_params_ui_tutorial.py
[2025-04-04T13:50:48.272+0000] {logging_mixin.py:190} INFO - [2025-04-04T13:50:48.271+0000] {dag.py:3239} INFO - Sync 1 DAGs
[2025-04-04T13:50:48.321+0000] {logging_mixin.py:190} INFO - [2025-04-04T13:50:48.320+0000] {dag.py:4180} INFO - Setting next_dagrun for example_params_ui_tutorial to None, run_after=None
[2025-04-04T13:50:48.389+0000] {processor.py:208} INFO - Processing /home/airflow/.local/lib/python3.12/site-packages/airflow/example_dags/example_params_ui_tutorial.py took 0.308 seconds
[2025-04-04T13:51:19.712+0000] {processor.py:186} INFO - Started process (PID=1833) to work on /home/airflow/.local/lib/python3.12/site-packages/airflow/example_dags/example_params_ui_tutorial.py
[2025-04-04T13:51:19.714+0000] {processor.py:914} INFO - Processing file /home/airflow/.local/lib/python3.12/site-packages/airflow/example_dags/example_params_ui_tutorial.py for tasks to queue
[2025-04-04T13:51:19.718+0000] {logging_mixin.py:190} INFO - [2025-04-04T13:51:19.718+0000] {dagbag.py:588} INFO - Filling up the DagBag from /home/airflow/.local/lib/python3.12/site-packages/airflow/example_dags/example_params_ui_tutorial.py
[2025-04-04T13:51:19.740+0000] {processor.py:925} INFO - DAG(s) 'example_params_ui_tutorial' retrieved from /home/airflow/.local/lib/python3.12/site-packages/airflow/example_dags/example_params_ui_tutorial.py
[2025-04-04T13:51:19.866+0000] {logging_mixin.py:190} INFO - [2025-04-04T13:51:19.865+0000] {dag.py:3239} INFO - Sync 1 DAGs
[2025-04-04T13:51:19.922+0000] {logging_mixin.py:190} INFO - [2025-04-04T13:51:19.921+0000] {dag.py:4180} INFO - Setting next_dagrun for example_params_ui_tutorial to None, run_after=None
[2025-04-04T13:51:19.975+0000] {processor.py:208} INFO - Processing /home/airflow/.local/lib/python3.12/site-packages/airflow/example_dags/example_params_ui_tutorial.py took 0.276 seconds
[2025-04-04T13:51:50.389+0000] {processor.py:186} INFO - Started process (PID=1896) to work on /home/airflow/.local/lib/python3.12/site-packages/airflow/example_dags/example_params_ui_tutorial.py
[2025-04-04T13:51:50.391+0000] {processor.py:914} INFO - Processing file /home/airflow/.local/lib/python3.12/site-packages/airflow/example_dags/example_params_ui_tutorial.py for tasks to queue
[2025-04-04T13:51:50.395+0000] {logging_mixin.py:190} INFO - [2025-04-04T13:51:50.394+0000] {dagbag.py:588} INFO - Filling up the DagBag from /home/airflow/.local/lib/python3.12/site-packages/airflow/example_dags/example_params_ui_tutorial.py
[2025-04-04T13:51:50.416+0000] {processor.py:925} INFO - DAG(s) 'example_params_ui_tutorial' retrieved from /home/airflow/.local/lib/python3.12/site-packages/airflow/example_dags/example_params_ui_tutorial.py
[2025-04-04T13:51:50.565+0000] {logging_mixin.py:190} INFO - [2025-04-04T13:51:50.565+0000] {dag.py:3239} INFO - Sync 1 DAGs
[2025-04-04T13:51:50.614+0000] {logging_mixin.py:190} INFO - [2025-04-04T13:51:50.614+0000] {dag.py:4180} INFO - Setting next_dagrun for example_params_ui_tutorial to None, run_after=None
[2025-04-04T13:51:50.672+0000] {processor.py:208} INFO - Processing /home/airflow/.local/lib/python3.12/site-packages/airflow/example_dags/example_params_ui_tutorial.py took 0.296 seconds
[2025-04-04T13:52:21.073+0000] {processor.py:186} INFO - Started process (PID=1957) to work on /home/airflow/.local/lib/python3.12/site-packages/airflow/example_dags/example_params_ui_tutorial.py
[2025-04-04T13:52:21.074+0000] {processor.py:914} INFO - Processing file /home/airflow/.local/lib/python3.12/site-packages/airflow/example_dags/example_params_ui_tutorial.py for tasks to queue
[2025-04-04T13:52:21.078+0000] {logging_mixin.py:190} INFO - [2025-04-04T13:52:21.078+0000] {dagbag.py:588} INFO - Filling up the DagBag from /home/airflow/.local/lib/python3.12/site-packages/airflow/example_dags/example_params_ui_tutorial.py
[2025-04-04T13:52:21.096+0000] {processor.py:925} INFO - DAG(s) 'example_params_ui_tutorial' retrieved from /home/airflow/.local/lib/python3.12/site-packages/airflow/example_dags/example_params_ui_tutorial.py
[2025-04-04T13:52:21.207+0000] {logging_mixin.py:190} INFO - [2025-04-04T13:52:21.206+0000] {dag.py:3239} INFO - Sync 1 DAGs
[2025-04-04T13:52:21.244+0000] {logging_mixin.py:190} INFO - [2025-04-04T13:52:21.244+0000] {dag.py:4180} INFO - Setting next_dagrun for example_params_ui_tutorial to None, run_after=None
[2025-04-04T13:52:21.319+0000] {processor.py:208} INFO - Processing /home/airflow/.local/lib/python3.12/site-packages/airflow/example_dags/example_params_ui_tutorial.py took 0.258 seconds
[2025-04-04T13:52:51.676+0000] {processor.py:186} INFO - Started process (PID=2020) to work on /home/airflow/.local/lib/python3.12/site-packages/airflow/example_dags/example_params_ui_tutorial.py
[2025-04-04T13:52:51.678+0000] {processor.py:914} INFO - Processing file /home/airflow/.local/lib/python3.12/site-packages/airflow/example_dags/example_params_ui_tutorial.py for tasks to queue
[2025-04-04T13:52:51.682+0000] {logging_mixin.py:190} INFO - [2025-04-04T13:52:51.681+0000] {dagbag.py:588} INFO - Filling up the DagBag from /home/airflow/.local/lib/python3.12/site-packages/airflow/example_dags/example_params_ui_tutorial.py
[2025-04-04T13:52:51.697+0000] {processor.py:925} INFO - DAG(s) 'example_params_ui_tutorial' retrieved from /home/airflow/.local/lib/python3.12/site-packages/airflow/example_dags/example_params_ui_tutorial.py
[2025-04-04T13:52:51.785+0000] {logging_mixin.py:190} INFO - [2025-04-04T13:52:51.784+0000] {dag.py:3239} INFO - Sync 1 DAGs
[2025-04-04T13:52:51.814+0000] {logging_mixin.py:190} INFO - [2025-04-04T13:52:51.813+0000] {dag.py:4180} INFO - Setting next_dagrun for example_params_ui_tutorial to None, run_after=None
[2025-04-04T13:52:51.856+0000] {processor.py:208} INFO - Processing /home/airflow/.local/lib/python3.12/site-packages/airflow/example_dags/example_params_ui_tutorial.py took 0.192 seconds
[2025-04-04T13:53:23.224+0000] {processor.py:186} INFO - Started process (PID=2083) to work on /home/airflow/.local/lib/python3.12/site-packages/airflow/example_dags/example_params_ui_tutorial.py
[2025-04-04T13:53:23.226+0000] {processor.py:914} INFO - Processing file /home/airflow/.local/lib/python3.12/site-packages/airflow/example_dags/example_params_ui_tutorial.py for tasks to queue
[2025-04-04T13:53:23.230+0000] {logging_mixin.py:190} INFO - [2025-04-04T13:53:23.230+0000] {dagbag.py:588} INFO - Filling up the DagBag from /home/airflow/.local/lib/python3.12/site-packages/airflow/example_dags/example_params_ui_tutorial.py
[2025-04-04T13:53:23.250+0000] {processor.py:925} INFO - DAG(s) 'example_params_ui_tutorial' retrieved from /home/airflow/.local/lib/python3.12/site-packages/airflow/example_dags/example_params_ui_tutorial.py
[2025-04-04T13:53:23.370+0000] {logging_mixin.py:190} INFO - [2025-04-04T13:53:23.369+0000] {dag.py:3239} INFO - Sync 1 DAGs
[2025-04-04T13:53:23.408+0000] {logging_mixin.py:190} INFO - [2025-04-04T13:53:23.407+0000] {dag.py:4180} INFO - Setting next_dagrun for example_params_ui_tutorial to None, run_after=None
[2025-04-04T13:53:23.441+0000] {processor.py:208} INFO - Processing /home/airflow/.local/lib/python3.12/site-packages/airflow/example_dags/example_params_ui_tutorial.py took 0.228 seconds
[2025-04-04T13:53:55.757+0000] {processor.py:186} INFO - Started process (PID=2143) to work on /home/airflow/.local/lib/python3.12/site-packages/airflow/example_dags/example_params_ui_tutorial.py
[2025-04-04T13:53:55.761+0000] {processor.py:914} INFO - Processing file /home/airflow/.local/lib/python3.12/site-packages/airflow/example_dags/example_params_ui_tutorial.py for tasks to queue
[2025-04-04T13:53:55.766+0000] {logging_mixin.py:190} INFO - [2025-04-04T13:53:55.766+0000] {dagbag.py:588} INFO - Filling up the DagBag from /home/airflow/.local/lib/python3.12/site-packages/airflow/example_dags/example_params_ui_tutorial.py
[2025-04-04T13:53:55.789+0000] {processor.py:925} INFO - DAG(s) 'example_params_ui_tutorial' retrieved from /home/airflow/.local/lib/python3.12/site-packages/airflow/example_dags/example_params_ui_tutorial.py
[2025-04-04T13:53:55.920+0000] {logging_mixin.py:190} INFO - [2025-04-04T13:53:55.919+0000] {dag.py:3239} INFO - Sync 1 DAGs
[2025-04-04T13:53:55.976+0000] {logging_mixin.py:190} INFO - [2025-04-04T13:53:55.974+0000] {dag.py:4180} INFO - Setting next_dagrun for example_params_ui_tutorial to None, run_after=None
[2025-04-04T13:53:56.035+0000] {processor.py:208} INFO - Processing /home/airflow/.local/lib/python3.12/site-packages/airflow/example_dags/example_params_ui_tutorial.py took 0.297 seconds
[2025-04-04T13:54:29.125+0000] {processor.py:186} INFO - Started process (PID=2213) to work on /home/airflow/.local/lib/python3.12/site-packages/airflow/example_dags/example_params_ui_tutorial.py
[2025-04-04T13:54:29.126+0000] {processor.py:914} INFO - Processing file /home/airflow/.local/lib/python3.12/site-packages/airflow/example_dags/example_params_ui_tutorial.py for tasks to queue
[2025-04-04T13:54:29.132+0000] {logging_mixin.py:190} INFO - [2025-04-04T13:54:29.131+0000] {dagbag.py:588} INFO - Filling up the DagBag from /home/airflow/.local/lib/python3.12/site-packages/airflow/example_dags/example_params_ui_tutorial.py
[2025-04-04T13:54:29.182+0000] {processor.py:925} INFO - DAG(s) 'example_params_ui_tutorial' retrieved from /home/airflow/.local/lib/python3.12/site-packages/airflow/example_dags/example_params_ui_tutorial.py
[2025-04-04T13:54:29.334+0000] {logging_mixin.py:190} INFO - [2025-04-04T13:54:29.333+0000] {dag.py:3239} INFO - Sync 1 DAGs
[2025-04-04T13:54:29.398+0000] {logging_mixin.py:190} INFO - [2025-04-04T13:54:29.398+0000] {dag.py:4180} INFO - Setting next_dagrun for example_params_ui_tutorial to None, run_after=None
[2025-04-04T13:54:29.458+0000] {processor.py:208} INFO - Processing /home/airflow/.local/lib/python3.12/site-packages/airflow/example_dags/example_params_ui_tutorial.py took 0.347 seconds
[2025-04-04T13:55:00.825+0000] {processor.py:186} INFO - Started process (PID=2276) to work on /home/airflow/.local/lib/python3.12/site-packages/airflow/example_dags/example_params_ui_tutorial.py
[2025-04-04T13:55:00.827+0000] {processor.py:914} INFO - Processing file /home/airflow/.local/lib/python3.12/site-packages/airflow/example_dags/example_params_ui_tutorial.py for tasks to queue
[2025-04-04T13:55:00.832+0000] {logging_mixin.py:190} INFO - [2025-04-04T13:55:00.831+0000] {dagbag.py:588} INFO - Filling up the DagBag from /home/airflow/.local/lib/python3.12/site-packages/airflow/example_dags/example_params_ui_tutorial.py
[2025-04-04T13:55:00.863+0000] {processor.py:925} INFO - DAG(s) 'example_params_ui_tutorial' retrieved from /home/airflow/.local/lib/python3.12/site-packages/airflow/example_dags/example_params_ui_tutorial.py
[2025-04-04T13:55:01.027+0000] {logging_mixin.py:190} INFO - [2025-04-04T13:55:01.026+0000] {dag.py:3239} INFO - Sync 1 DAGs
[2025-04-04T13:55:01.082+0000] {logging_mixin.py:190} INFO - [2025-04-04T13:55:01.081+0000] {dag.py:4180} INFO - Setting next_dagrun for example_params_ui_tutorial to None, run_after=None
[2025-04-04T13:55:01.211+0000] {processor.py:208} INFO - Processing /home/airflow/.local/lib/python3.12/site-packages/airflow/example_dags/example_params_ui_tutorial.py took 0.404 seconds
[2025-04-04T13:55:32.661+0000] {processor.py:186} INFO - Started process (PID=2338) to work on /home/airflow/.local/lib/python3.12/site-packages/airflow/example_dags/example_params_ui_tutorial.py
[2025-04-04T13:55:32.663+0000] {processor.py:914} INFO - Processing file /home/airflow/.local/lib/python3.12/site-packages/airflow/example_dags/example_params_ui_tutorial.py for tasks to queue
[2025-04-04T13:55:32.670+0000] {logging_mixin.py:190} INFO - [2025-04-04T13:55:32.669+0000] {dagbag.py:588} INFO - Filling up the DagBag from /home/airflow/.local/lib/python3.12/site-packages/airflow/example_dags/example_params_ui_tutorial.py
[2025-04-04T13:55:32.693+0000] {processor.py:925} INFO - DAG(s) 'example_params_ui_tutorial' retrieved from /home/airflow/.local/lib/python3.12/site-packages/airflow/example_dags/example_params_ui_tutorial.py
[2025-04-04T13:55:32.819+0000] {logging_mixin.py:190} INFO - [2025-04-04T13:55:32.819+0000] {dag.py:3239} INFO - Sync 1 DAGs
[2025-04-04T13:55:32.862+0000] {logging_mixin.py:190} INFO - [2025-04-04T13:55:32.862+0000] {dag.py:4180} INFO - Setting next_dagrun for example_params_ui_tutorial to None, run_after=None
[2025-04-04T13:55:32.905+0000] {processor.py:208} INFO - Processing /home/airflow/.local/lib/python3.12/site-packages/airflow/example_dags/example_params_ui_tutorial.py took 0.259 seconds
[2025-04-04T13:56:05.494+0000] {processor.py:186} INFO - Started process (PID=2402) to work on /home/airflow/.local/lib/python3.12/site-packages/airflow/example_dags/example_params_ui_tutorial.py
[2025-04-04T13:56:05.496+0000] {processor.py:914} INFO - Processing file /home/airflow/.local/lib/python3.12/site-packages/airflow/example_dags/example_params_ui_tutorial.py for tasks to queue
[2025-04-04T13:56:05.506+0000] {logging_mixin.py:190} INFO - [2025-04-04T13:56:05.505+0000] {dagbag.py:588} INFO - Filling up the DagBag from /home/airflow/.local/lib/python3.12/site-packages/airflow/example_dags/example_params_ui_tutorial.py
[2025-04-04T13:56:05.556+0000] {processor.py:925} INFO - DAG(s) 'example_params_ui_tutorial' retrieved from /home/airflow/.local/lib/python3.12/site-packages/airflow/example_dags/example_params_ui_tutorial.py
[2025-04-04T13:56:05.889+0000] {logging_mixin.py:190} INFO - [2025-04-04T13:56:05.888+0000] {dag.py:3239} INFO - Sync 1 DAGs
[2025-04-04T13:56:05.959+0000] {logging_mixin.py:190} INFO - [2025-04-04T13:56:05.958+0000] {dag.py:4180} INFO - Setting next_dagrun for example_params_ui_tutorial to None, run_after=None
[2025-04-04T13:56:06.002+0000] {processor.py:208} INFO - Processing /home/airflow/.local/lib/python3.12/site-packages/airflow/example_dags/example_params_ui_tutorial.py took 0.542 seconds
[2025-04-04T13:56:36.990+0000] {processor.py:186} INFO - Started process (PID=2465) to work on /home/airflow/.local/lib/python3.12/site-packages/airflow/example_dags/example_params_ui_tutorial.py
[2025-04-04T13:56:36.992+0000] {processor.py:914} INFO - Processing file /home/airflow/.local/lib/python3.12/site-packages/airflow/example_dags/example_params_ui_tutorial.py for tasks to queue
[2025-04-04T13:56:36.996+0000] {logging_mixin.py:190} INFO - [2025-04-04T13:56:36.996+0000] {dagbag.py:588} INFO - Filling up the DagBag from /home/airflow/.local/lib/python3.12/site-packages/airflow/example_dags/example_params_ui_tutorial.py
[2025-04-04T13:56:37.014+0000] {processor.py:925} INFO - DAG(s) 'example_params_ui_tutorial' retrieved from /home/airflow/.local/lib/python3.12/site-packages/airflow/example_dags/example_params_ui_tutorial.py
[2025-04-04T13:56:37.115+0000] {logging_mixin.py:190} INFO - [2025-04-04T13:56:37.114+0000] {dag.py:3239} INFO - Sync 1 DAGs
[2025-04-04T13:56:37.147+0000] {logging_mixin.py:190} INFO - [2025-04-04T13:56:37.146+0000] {dag.py:4180} INFO - Setting next_dagrun for example_params_ui_tutorial to None, run_after=None
[2025-04-04T13:56:37.186+0000] {processor.py:208} INFO - Processing /home/airflow/.local/lib/python3.12/site-packages/airflow/example_dags/example_params_ui_tutorial.py took 0.205 seconds
[2025-04-04T13:57:09.344+0000] {processor.py:186} INFO - Started process (PID=2529) to work on /home/airflow/.local/lib/python3.12/site-packages/airflow/example_dags/example_params_ui_tutorial.py
[2025-04-04T13:57:09.347+0000] {processor.py:914} INFO - Processing file /home/airflow/.local/lib/python3.12/site-packages/airflow/example_dags/example_params_ui_tutorial.py for tasks to queue
[2025-04-04T13:57:09.352+0000] {logging_mixin.py:190} INFO - [2025-04-04T13:57:09.351+0000] {dagbag.py:588} INFO - Filling up the DagBag from /home/airflow/.local/lib/python3.12/site-packages/airflow/example_dags/example_params_ui_tutorial.py
[2025-04-04T13:57:09.378+0000] {processor.py:925} INFO - DAG(s) 'example_params_ui_tutorial' retrieved from /home/airflow/.local/lib/python3.12/site-packages/airflow/example_dags/example_params_ui_tutorial.py
[2025-04-04T13:57:09.505+0000] {logging_mixin.py:190} INFO - [2025-04-04T13:57:09.504+0000] {dag.py:3239} INFO - Sync 1 DAGs
[2025-04-04T13:57:09.558+0000] {logging_mixin.py:190} INFO - [2025-04-04T13:57:09.558+0000] {dag.py:4180} INFO - Setting next_dagrun for example_params_ui_tutorial to None, run_after=None
[2025-04-04T13:57:09.611+0000] {processor.py:208} INFO - Processing /home/airflow/.local/lib/python3.12/site-packages/airflow/example_dags/example_params_ui_tutorial.py took 0.281 seconds
[2025-04-04T13:57:40.039+0000] {processor.py:186} INFO - Started process (PID=2590) to work on /home/airflow/.local/lib/python3.12/site-packages/airflow/example_dags/example_params_ui_tutorial.py
[2025-04-04T13:57:40.041+0000] {processor.py:914} INFO - Processing file /home/airflow/.local/lib/python3.12/site-packages/airflow/example_dags/example_params_ui_tutorial.py for tasks to queue
[2025-04-04T13:57:40.048+0000] {logging_mixin.py:190} INFO - [2025-04-04T13:57:40.047+0000] {dagbag.py:588} INFO - Filling up the DagBag from /home/airflow/.local/lib/python3.12/site-packages/airflow/example_dags/example_params_ui_tutorial.py
[2025-04-04T13:57:40.069+0000] {processor.py:925} INFO - DAG(s) 'example_params_ui_tutorial' retrieved from /home/airflow/.local/lib/python3.12/site-packages/airflow/example_dags/example_params_ui_tutorial.py
[2025-04-04T13:57:40.187+0000] {logging_mixin.py:190} INFO - [2025-04-04T13:57:40.186+0000] {dag.py:3239} INFO - Sync 1 DAGs
[2025-04-04T13:57:40.226+0000] {logging_mixin.py:190} INFO - [2025-04-04T13:57:40.226+0000] {dag.py:4180} INFO - Setting next_dagrun for example_params_ui_tutorial to None, run_after=None
[2025-04-04T13:57:40.275+0000] {processor.py:208} INFO - Processing /home/airflow/.local/lib/python3.12/site-packages/airflow/example_dags/example_params_ui_tutorial.py took 0.252 seconds
[2025-04-04T13:58:10.453+0000] {processor.py:186} INFO - Started process (PID=2653) to work on /home/airflow/.local/lib/python3.12/site-packages/airflow/example_dags/example_params_ui_tutorial.py
[2025-04-04T13:58:10.454+0000] {processor.py:914} INFO - Processing file /home/airflow/.local/lib/python3.12/site-packages/airflow/example_dags/example_params_ui_tutorial.py for tasks to queue
[2025-04-04T13:58:10.458+0000] {logging_mixin.py:190} INFO - [2025-04-04T13:58:10.458+0000] {dagbag.py:588} INFO - Filling up the DagBag from /home/airflow/.local/lib/python3.12/site-packages/airflow/example_dags/example_params_ui_tutorial.py
[2025-04-04T13:58:10.477+0000] {processor.py:925} INFO - DAG(s) 'example_params_ui_tutorial' retrieved from /home/airflow/.local/lib/python3.12/site-packages/airflow/example_dags/example_params_ui_tutorial.py
[2025-04-04T13:58:10.571+0000] {logging_mixin.py:190} INFO - [2025-04-04T13:58:10.571+0000] {dag.py:3239} INFO - Sync 1 DAGs
[2025-04-04T13:58:10.605+0000] {logging_mixin.py:190} INFO - [2025-04-04T13:58:10.605+0000] {dag.py:4180} INFO - Setting next_dagrun for example_params_ui_tutorial to None, run_after=None
[2025-04-04T13:58:10.651+0000] {processor.py:208} INFO - Processing /home/airflow/.local/lib/python3.12/site-packages/airflow/example_dags/example_params_ui_tutorial.py took 0.212 seconds
[2025-04-04T13:58:40.725+0000] {processor.py:186} INFO - Started process (PID=2716) to work on /home/airflow/.local/lib/python3.12/site-packages/airflow/example_dags/example_params_ui_tutorial.py
[2025-04-04T13:58:40.726+0000] {processor.py:914} INFO - Processing file /home/airflow/.local/lib/python3.12/site-packages/airflow/example_dags/example_params_ui_tutorial.py for tasks to queue
[2025-04-04T13:58:40.730+0000] {logging_mixin.py:190} INFO - [2025-04-04T13:58:40.730+0000] {dagbag.py:588} INFO - Filling up the DagBag from /home/airflow/.local/lib/python3.12/site-packages/airflow/example_dags/example_params_ui_tutorial.py
[2025-04-04T13:58:40.747+0000] {processor.py:925} INFO - DAG(s) 'example_params_ui_tutorial' retrieved from /home/airflow/.local/lib/python3.12/site-packages/airflow/example_dags/example_params_ui_tutorial.py
[2025-04-04T13:58:40.831+0000] {logging_mixin.py:190} INFO - [2025-04-04T13:58:40.831+0000] {dag.py:3239} INFO - Sync 1 DAGs
[2025-04-04T13:58:40.855+0000] {logging_mixin.py:190} INFO - [2025-04-04T13:58:40.855+0000] {dag.py:4180} INFO - Setting next_dagrun for example_params_ui_tutorial to None, run_after=None
[2025-04-04T13:58:40.888+0000] {processor.py:208} INFO - Processing /home/airflow/.local/lib/python3.12/site-packages/airflow/example_dags/example_params_ui_tutorial.py took 0.173 seconds
[2025-04-04T13:59:10.979+0000] {processor.py:186} INFO - Started process (PID=2780) to work on /home/airflow/.local/lib/python3.12/site-packages/airflow/example_dags/example_params_ui_tutorial.py
[2025-04-04T13:59:10.981+0000] {processor.py:914} INFO - Processing file /home/airflow/.local/lib/python3.12/site-packages/airflow/example_dags/example_params_ui_tutorial.py for tasks to queue
[2025-04-04T13:59:10.984+0000] {logging_mixin.py:190} INFO - [2025-04-04T13:59:10.984+0000] {dagbag.py:588} INFO - Filling up the DagBag from /home/airflow/.local/lib/python3.12/site-packages/airflow/example_dags/example_params_ui_tutorial.py
[2025-04-04T13:59:11.000+0000] {processor.py:925} INFO - DAG(s) 'example_params_ui_tutorial' retrieved from /home/airflow/.local/lib/python3.12/site-packages/airflow/example_dags/example_params_ui_tutorial.py
[2025-04-04T13:59:11.074+0000] {logging_mixin.py:190} INFO - [2025-04-04T13:59:11.073+0000] {dag.py:3239} INFO - Sync 1 DAGs
[2025-04-04T13:59:11.098+0000] {logging_mixin.py:190} INFO - [2025-04-04T13:59:11.098+0000] {dag.py:4180} INFO - Setting next_dagrun for example_params_ui_tutorial to None, run_after=None
[2025-04-04T13:59:11.128+0000] {processor.py:208} INFO - Processing /home/airflow/.local/lib/python3.12/site-packages/airflow/example_dags/example_params_ui_tutorial.py took 0.158 seconds
