[2025-04-04T13:36:54.921+0000] {processor.py:186} INFO - Started process (PID=128) to work on /home/airflow/.local/lib/python3.12/site-packages/airflow/example_dags/tutorial.py
[2025-04-04T13:36:54.923+0000] {processor.py:914} INFO - Processing file /home/airflow/.local/lib/python3.12/site-packages/airflow/example_dags/tutorial.py for tasks to queue
[2025-04-04T13:36:54.928+0000] {logging_mixin.py:190} INFO - [2025-04-04T13:36:54.927+0000] {dagbag.py:588} INFO - Filling up the DagBag from /home/airflow/.local/lib/python3.12/site-packages/airflow/example_dags/tutorial.py
[2025-04-04T13:36:54.948+0000] {processor.py:925} INFO - DAG(s) 'tutorial' retrieved from /home/airflow/.local/lib/python3.12/site-packages/airflow/example_dags/tutorial.py
[2025-04-04T13:36:55.203+0000] {logging_mixin.py:190} INFO - [2025-04-04T13:36:55.201+0000] {override.py:1912} INFO - Created Permission View: can edit on DAG:tutorial
[2025-04-04T13:36:55.222+0000] {logging_mixin.py:190} INFO - [2025-04-04T13:36:55.221+0000] {override.py:1912} INFO - Created Permission View: can delete on DAG:tutorial
[2025-04-04T13:36:55.237+0000] {logging_mixin.py:190} INFO - [2025-04-04T13:36:55.237+0000] {override.py:1912} INFO - Created Permission View: can read on DAG:tutorial
[2025-04-04T13:36:55.252+0000] {logging_mixin.py:190} INFO - [2025-04-04T13:36:55.252+0000] {override.py:1912} INFO - Created Permission View: can delete on DAG Run:tutorial
[2025-04-04T13:36:55.266+0000] {logging_mixin.py:190} INFO - [2025-04-04T13:36:55.265+0000] {override.py:1912} INFO - Created Permission View: can read on DAG Run:tutorial
[2025-04-04T13:36:55.286+0000] {logging_mixin.py:190} INFO - [2025-04-04T13:36:55.285+0000] {override.py:1912} INFO - Created Permission View: can create on DAG Run:tutorial
[2025-04-04T13:36:55.309+0000] {logging_mixin.py:190} INFO - [2025-04-04T13:36:55.308+0000] {override.py:1912} INFO - Created Permission View: menu access on DAG Run:tutorial
[2025-04-04T13:36:55.311+0000] {logging_mixin.py:190} INFO - [2025-04-04T13:36:55.310+0000] {dag.py:3239} INFO - Sync 1 DAGs
[2025-04-04T13:36:55.336+0000] {logging_mixin.py:190} INFO - [2025-04-04T13:36:55.336+0000] {dag.py:3262} INFO - Creating ORM DAG for tutorial
[2025-04-04T13:36:55.358+0000] {logging_mixin.py:190} INFO - [2025-04-04T13:36:55.358+0000] {dag.py:4180} INFO - Setting next_dagrun for tutorial to 2025-04-03 00:00:00+00:00, run_after=2025-04-04 00:00:00+00:00
[2025-04-04T13:36:55.405+0000] {processor.py:208} INFO - Processing /home/airflow/.local/lib/python3.12/site-packages/airflow/example_dags/tutorial.py took 0.496 seconds
[2025-04-04T13:37:25.998+0000] {processor.py:186} INFO - Started process (PID=191) to work on /home/airflow/.local/lib/python3.12/site-packages/airflow/example_dags/tutorial.py
[2025-04-04T13:37:26.000+0000] {processor.py:914} INFO - Processing file /home/airflow/.local/lib/python3.12/site-packages/airflow/example_dags/tutorial.py for tasks to queue
[2025-04-04T13:37:26.004+0000] {logging_mixin.py:190} INFO - [2025-04-04T13:37:26.003+0000] {dagbag.py:588} INFO - Filling up the DagBag from /home/airflow/.local/lib/python3.12/site-packages/airflow/example_dags/tutorial.py
[2025-04-04T13:37:26.017+0000] {processor.py:925} INFO - DAG(s) 'tutorial' retrieved from /home/airflow/.local/lib/python3.12/site-packages/airflow/example_dags/tutorial.py
[2025-04-04T13:37:26.049+0000] {logging_mixin.py:190} INFO - [2025-04-04T13:37:26.048+0000] {dag.py:3239} INFO - Sync 1 DAGs
[2025-04-04T13:37:26.085+0000] {logging_mixin.py:190} INFO - [2025-04-04T13:37:26.084+0000] {dag.py:4180} INFO - Setting next_dagrun for tutorial to 2025-04-03 00:00:00+00:00, run_after=2025-04-04 00:00:00+00:00
[2025-04-04T13:37:26.117+0000] {processor.py:208} INFO - Processing /home/airflow/.local/lib/python3.12/site-packages/airflow/example_dags/tutorial.py took 0.127 seconds
[2025-04-04T13:37:56.310+0000] {processor.py:186} INFO - Started process (PID=254) to work on /home/airflow/.local/lib/python3.12/site-packages/airflow/example_dags/tutorial.py
[2025-04-04T13:37:56.311+0000] {processor.py:914} INFO - Processing file /home/airflow/.local/lib/python3.12/site-packages/airflow/example_dags/tutorial.py for tasks to queue
[2025-04-04T13:37:56.315+0000] {logging_mixin.py:190} INFO - [2025-04-04T13:37:56.314+0000] {dagbag.py:588} INFO - Filling up the DagBag from /home/airflow/.local/lib/python3.12/site-packages/airflow/example_dags/tutorial.py
[2025-04-04T13:37:56.327+0000] {processor.py:925} INFO - DAG(s) 'tutorial' retrieved from /home/airflow/.local/lib/python3.12/site-packages/airflow/example_dags/tutorial.py
[2025-04-04T13:37:56.357+0000] {logging_mixin.py:190} INFO - [2025-04-04T13:37:56.357+0000] {dag.py:3239} INFO - Sync 1 DAGs
[2025-04-04T13:37:56.394+0000] {logging_mixin.py:190} INFO - [2025-04-04T13:37:56.394+0000] {dag.py:4180} INFO - Setting next_dagrun for tutorial to 2025-04-03 00:00:00+00:00, run_after=2025-04-04 00:00:00+00:00
[2025-04-04T13:37:56.424+0000] {processor.py:208} INFO - Processing /home/airflow/.local/lib/python3.12/site-packages/airflow/example_dags/tutorial.py took 0.124 seconds
[2025-04-04T13:38:30.052+0000] {processor.py:186} INFO - Started process (PID=323) to work on /home/airflow/.local/lib/python3.12/site-packages/airflow/example_dags/tutorial.py
[2025-04-04T13:38:30.054+0000] {processor.py:914} INFO - Processing file /home/airflow/.local/lib/python3.12/site-packages/airflow/example_dags/tutorial.py for tasks to queue
[2025-04-04T13:38:30.058+0000] {logging_mixin.py:190} INFO - [2025-04-04T13:38:30.057+0000] {dagbag.py:588} INFO - Filling up the DagBag from /home/airflow/.local/lib/python3.12/site-packages/airflow/example_dags/tutorial.py
[2025-04-04T13:38:30.077+0000] {processor.py:925} INFO - DAG(s) 'tutorial' retrieved from /home/airflow/.local/lib/python3.12/site-packages/airflow/example_dags/tutorial.py
[2025-04-04T13:38:30.117+0000] {logging_mixin.py:190} INFO - [2025-04-04T13:38:30.116+0000] {dag.py:3239} INFO - Sync 1 DAGs
[2025-04-04T13:38:30.173+0000] {logging_mixin.py:190} INFO - [2025-04-04T13:38:30.173+0000] {dag.py:4180} INFO - Setting next_dagrun for tutorial to 2025-04-03 00:00:00+00:00, run_after=2025-04-04 00:00:00+00:00
[2025-04-04T13:38:30.207+0000] {processor.py:208} INFO - Processing /home/airflow/.local/lib/python3.12/site-packages/airflow/example_dags/tutorial.py took 0.165 seconds
[2025-04-04T13:39:06.682+0000] {processor.py:186} INFO - Started process (PID=388) to work on /home/airflow/.local/lib/python3.12/site-packages/airflow/example_dags/tutorial.py
[2025-04-04T13:39:06.685+0000] {processor.py:914} INFO - Processing file /home/airflow/.local/lib/python3.12/site-packages/airflow/example_dags/tutorial.py for tasks to queue
[2025-04-04T13:39:06.696+0000] {logging_mixin.py:190} INFO - [2025-04-04T13:39:06.695+0000] {dagbag.py:588} INFO - Filling up the DagBag from /home/airflow/.local/lib/python3.12/site-packages/airflow/example_dags/tutorial.py
[2025-04-04T13:39:06.730+0000] {processor.py:925} INFO - DAG(s) 'tutorial' retrieved from /home/airflow/.local/lib/python3.12/site-packages/airflow/example_dags/tutorial.py
[2025-04-04T13:39:06.810+0000] {logging_mixin.py:190} INFO - [2025-04-04T13:39:06.809+0000] {dag.py:3239} INFO - Sync 1 DAGs
[2025-04-04T13:39:06.902+0000] {logging_mixin.py:190} INFO - [2025-04-04T13:39:06.902+0000] {dag.py:4180} INFO - Setting next_dagrun for tutorial to 2025-04-03 00:00:00+00:00, run_after=2025-04-04 00:00:00+00:00
[2025-04-04T13:39:06.975+0000] {processor.py:208} INFO - Processing /home/airflow/.local/lib/python3.12/site-packages/airflow/example_dags/tutorial.py took 0.317 seconds
[2025-04-04T13:39:49.299+0000] {processor.py:186} INFO - Started process (PID=463) to work on /home/airflow/.local/lib/python3.12/site-packages/airflow/example_dags/tutorial.py
[2025-04-04T13:39:49.316+0000] {processor.py:914} INFO - Processing file /home/airflow/.local/lib/python3.12/site-packages/airflow/example_dags/tutorial.py for tasks to queue
[2025-04-04T13:39:49.330+0000] {logging_mixin.py:190} INFO - [2025-04-04T13:39:49.329+0000] {dagbag.py:588} INFO - Filling up the DagBag from /home/airflow/.local/lib/python3.12/site-packages/airflow/example_dags/tutorial.py
[2025-04-04T13:39:49.387+0000] {processor.py:925} INFO - DAG(s) 'tutorial' retrieved from /home/airflow/.local/lib/python3.12/site-packages/airflow/example_dags/tutorial.py
[2025-04-04T13:39:49.596+0000] {logging_mixin.py:190} INFO - [2025-04-04T13:39:49.596+0000] {dag.py:3239} INFO - Sync 1 DAGs
[2025-04-04T13:39:50.045+0000] {logging_mixin.py:190} INFO - [2025-04-04T13:39:50.045+0000] {dag.py:4180} INFO - Setting next_dagrun for tutorial to 2025-04-03 00:00:00+00:00, run_after=2025-04-04 00:00:00+00:00
[2025-04-04T13:39:50.353+0000] {processor.py:208} INFO - Processing /home/airflow/.local/lib/python3.12/site-packages/airflow/example_dags/tutorial.py took 1.095 seconds
[2025-04-04T13:40:21.088+0000] {processor.py:186} INFO - Started process (PID=527) to work on /home/airflow/.local/lib/python3.12/site-packages/airflow/example_dags/tutorial.py
[2025-04-04T13:40:21.090+0000] {processor.py:914} INFO - Processing file /home/airflow/.local/lib/python3.12/site-packages/airflow/example_dags/tutorial.py for tasks to queue
[2025-04-04T13:40:21.095+0000] {logging_mixin.py:190} INFO - [2025-04-04T13:40:21.095+0000] {dagbag.py:588} INFO - Filling up the DagBag from /home/airflow/.local/lib/python3.12/site-packages/airflow/example_dags/tutorial.py
[2025-04-04T13:40:21.110+0000] {processor.py:925} INFO - DAG(s) 'tutorial' retrieved from /home/airflow/.local/lib/python3.12/site-packages/airflow/example_dags/tutorial.py
[2025-04-04T13:40:21.158+0000] {logging_mixin.py:190} INFO - [2025-04-04T13:40:21.157+0000] {dag.py:3239} INFO - Sync 1 DAGs
[2025-04-04T13:40:21.221+0000] {logging_mixin.py:190} INFO - [2025-04-04T13:40:21.220+0000] {dag.py:4180} INFO - Setting next_dagrun for tutorial to 2025-04-03 00:00:00+00:00, run_after=2025-04-04 00:00:00+00:00
[2025-04-04T13:40:21.267+0000] {processor.py:208} INFO - Processing /home/airflow/.local/lib/python3.12/site-packages/airflow/example_dags/tutorial.py took 0.190 seconds
[2025-04-04T13:40:51.359+0000] {processor.py:186} INFO - Started process (PID=590) to work on /home/airflow/.local/lib/python3.12/site-packages/airflow/example_dags/tutorial.py
[2025-04-04T13:40:51.361+0000] {processor.py:914} INFO - Processing file /home/airflow/.local/lib/python3.12/site-packages/airflow/example_dags/tutorial.py for tasks to queue
[2025-04-04T13:40:51.365+0000] {logging_mixin.py:190} INFO - [2025-04-04T13:40:51.364+0000] {dagbag.py:588} INFO - Filling up the DagBag from /home/airflow/.local/lib/python3.12/site-packages/airflow/example_dags/tutorial.py
[2025-04-04T13:40:51.381+0000] {processor.py:925} INFO - DAG(s) 'tutorial' retrieved from /home/airflow/.local/lib/python3.12/site-packages/airflow/example_dags/tutorial.py
[2025-04-04T13:40:51.417+0000] {logging_mixin.py:190} INFO - [2025-04-04T13:40:51.417+0000] {dag.py:3239} INFO - Sync 1 DAGs
[2025-04-04T13:40:51.463+0000] {logging_mixin.py:190} INFO - [2025-04-04T13:40:51.463+0000] {dag.py:4180} INFO - Setting next_dagrun for tutorial to 2025-04-03 00:00:00+00:00, run_after=2025-04-04 00:00:00+00:00
[2025-04-04T13:40:51.500+0000] {processor.py:208} INFO - Processing /home/airflow/.local/lib/python3.12/site-packages/airflow/example_dags/tutorial.py took 0.151 seconds
[2025-04-04T13:41:22.143+0000] {processor.py:186} INFO - Started process (PID=653) to work on /home/airflow/.local/lib/python3.12/site-packages/airflow/example_dags/tutorial.py
[2025-04-04T13:41:22.145+0000] {processor.py:914} INFO - Processing file /home/airflow/.local/lib/python3.12/site-packages/airflow/example_dags/tutorial.py for tasks to queue
[2025-04-04T13:41:22.150+0000] {logging_mixin.py:190} INFO - [2025-04-04T13:41:22.149+0000] {dagbag.py:588} INFO - Filling up the DagBag from /home/airflow/.local/lib/python3.12/site-packages/airflow/example_dags/tutorial.py
[2025-04-04T13:41:22.167+0000] {processor.py:925} INFO - DAG(s) 'tutorial' retrieved from /home/airflow/.local/lib/python3.12/site-packages/airflow/example_dags/tutorial.py
[2025-04-04T13:41:22.233+0000] {logging_mixin.py:190} INFO - [2025-04-04T13:41:22.232+0000] {dag.py:3239} INFO - Sync 1 DAGs
[2025-04-04T13:41:22.305+0000] {logging_mixin.py:190} INFO - [2025-04-04T13:41:22.304+0000] {dag.py:4180} INFO - Setting next_dagrun for tutorial to 2025-04-03 00:00:00+00:00, run_after=2025-04-04 00:00:00+00:00
[2025-04-04T13:41:22.360+0000] {processor.py:208} INFO - Processing /home/airflow/.local/lib/python3.12/site-packages/airflow/example_dags/tutorial.py took 0.230 seconds
[2025-04-04T13:41:53.086+0000] {processor.py:186} INFO - Started process (PID=721) to work on /home/airflow/.local/lib/python3.12/site-packages/airflow/example_dags/tutorial.py
[2025-04-04T13:41:53.088+0000] {processor.py:914} INFO - Processing file /home/airflow/.local/lib/python3.12/site-packages/airflow/example_dags/tutorial.py for tasks to queue
[2025-04-04T13:41:53.093+0000] {logging_mixin.py:190} INFO - [2025-04-04T13:41:53.092+0000] {dagbag.py:588} INFO - Filling up the DagBag from /home/airflow/.local/lib/python3.12/site-packages/airflow/example_dags/tutorial.py
[2025-04-04T13:41:53.107+0000] {processor.py:925} INFO - DAG(s) 'tutorial' retrieved from /home/airflow/.local/lib/python3.12/site-packages/airflow/example_dags/tutorial.py
[2025-04-04T13:41:53.141+0000] {logging_mixin.py:190} INFO - [2025-04-04T13:41:53.141+0000] {dag.py:3239} INFO - Sync 1 DAGs
[2025-04-04T13:41:53.194+0000] {logging_mixin.py:190} INFO - [2025-04-04T13:41:53.193+0000] {dag.py:4180} INFO - Setting next_dagrun for tutorial to 2025-04-03 00:00:00+00:00, run_after=2025-04-04 00:00:00+00:00
[2025-04-04T13:41:53.243+0000] {processor.py:208} INFO - Processing /home/airflow/.local/lib/python3.12/site-packages/airflow/example_dags/tutorial.py took 0.166 seconds
[2025-04-04T13:42:23.411+0000] {processor.py:186} INFO - Started process (PID=783) to work on /home/airflow/.local/lib/python3.12/site-packages/airflow/example_dags/tutorial.py
[2025-04-04T13:42:23.413+0000] {processor.py:914} INFO - Processing file /home/airflow/.local/lib/python3.12/site-packages/airflow/example_dags/tutorial.py for tasks to queue
[2025-04-04T13:42:23.423+0000] {logging_mixin.py:190} INFO - [2025-04-04T13:42:23.422+0000] {dagbag.py:588} INFO - Filling up the DagBag from /home/airflow/.local/lib/python3.12/site-packages/airflow/example_dags/tutorial.py
[2025-04-04T13:42:23.446+0000] {processor.py:925} INFO - DAG(s) 'tutorial' retrieved from /home/airflow/.local/lib/python3.12/site-packages/airflow/example_dags/tutorial.py
[2025-04-04T13:42:23.491+0000] {logging_mixin.py:190} INFO - [2025-04-04T13:42:23.491+0000] {dag.py:3239} INFO - Sync 1 DAGs
[2025-04-04T13:42:23.535+0000] {logging_mixin.py:190} INFO - [2025-04-04T13:42:23.535+0000] {dag.py:4180} INFO - Setting next_dagrun for tutorial to 2025-04-03 00:00:00+00:00, run_after=2025-04-04 00:00:00+00:00
[2025-04-04T13:42:23.570+0000] {processor.py:208} INFO - Processing /home/airflow/.local/lib/python3.12/site-packages/airflow/example_dags/tutorial.py took 0.184 seconds
[2025-04-04T13:42:54.294+0000] {processor.py:186} INFO - Started process (PID=846) to work on /home/airflow/.local/lib/python3.12/site-packages/airflow/example_dags/tutorial.py
[2025-04-04T13:42:54.296+0000] {processor.py:914} INFO - Processing file /home/airflow/.local/lib/python3.12/site-packages/airflow/example_dags/tutorial.py for tasks to queue
[2025-04-04T13:42:54.302+0000] {logging_mixin.py:190} INFO - [2025-04-04T13:42:54.301+0000] {dagbag.py:588} INFO - Filling up the DagBag from /home/airflow/.local/lib/python3.12/site-packages/airflow/example_dags/tutorial.py
[2025-04-04T13:42:54.330+0000] {processor.py:925} INFO - DAG(s) 'tutorial' retrieved from /home/airflow/.local/lib/python3.12/site-packages/airflow/example_dags/tutorial.py
[2025-04-04T13:42:54.380+0000] {logging_mixin.py:190} INFO - [2025-04-04T13:42:54.379+0000] {dag.py:3239} INFO - Sync 1 DAGs
[2025-04-04T13:42:54.460+0000] {logging_mixin.py:190} INFO - [2025-04-04T13:42:54.456+0000] {dag.py:4180} INFO - Setting next_dagrun for tutorial to 2025-04-03 00:00:00+00:00, run_after=2025-04-04 00:00:00+00:00
[2025-04-04T13:42:54.525+0000] {processor.py:208} INFO - Processing /home/airflow/.local/lib/python3.12/site-packages/airflow/example_dags/tutorial.py took 0.246 seconds
[2025-04-04T13:43:24.878+0000] {processor.py:186} INFO - Started process (PID=910) to work on /home/airflow/.local/lib/python3.12/site-packages/airflow/example_dags/tutorial.py
[2025-04-04T13:43:24.880+0000] {processor.py:914} INFO - Processing file /home/airflow/.local/lib/python3.12/site-packages/airflow/example_dags/tutorial.py for tasks to queue
[2025-04-04T13:43:24.885+0000] {logging_mixin.py:190} INFO - [2025-04-04T13:43:24.883+0000] {dagbag.py:588} INFO - Filling up the DagBag from /home/airflow/.local/lib/python3.12/site-packages/airflow/example_dags/tutorial.py
[2025-04-04T13:43:24.904+0000] {processor.py:925} INFO - DAG(s) 'tutorial' retrieved from /home/airflow/.local/lib/python3.12/site-packages/airflow/example_dags/tutorial.py
[2025-04-04T13:43:24.952+0000] {logging_mixin.py:190} INFO - [2025-04-04T13:43:24.951+0000] {dag.py:3239} INFO - Sync 1 DAGs
[2025-04-04T13:43:25.006+0000] {logging_mixin.py:190} INFO - [2025-04-04T13:43:25.006+0000] {dag.py:4180} INFO - Setting next_dagrun for tutorial to 2025-04-03 00:00:00+00:00, run_after=2025-04-04 00:00:00+00:00
[2025-04-04T13:43:25.049+0000] {processor.py:208} INFO - Processing /home/airflow/.local/lib/python3.12/site-packages/airflow/example_dags/tutorial.py took 0.184 seconds
[2025-04-04T13:43:56.075+0000] {processor.py:186} INFO - Started process (PID=972) to work on /home/airflow/.local/lib/python3.12/site-packages/airflow/example_dags/tutorial.py
[2025-04-04T13:43:56.077+0000] {processor.py:914} INFO - Processing file /home/airflow/.local/lib/python3.12/site-packages/airflow/example_dags/tutorial.py for tasks to queue
[2025-04-04T13:43:56.082+0000] {logging_mixin.py:190} INFO - [2025-04-04T13:43:56.082+0000] {dagbag.py:588} INFO - Filling up the DagBag from /home/airflow/.local/lib/python3.12/site-packages/airflow/example_dags/tutorial.py
[2025-04-04T13:43:56.114+0000] {processor.py:925} INFO - DAG(s) 'tutorial' retrieved from /home/airflow/.local/lib/python3.12/site-packages/airflow/example_dags/tutorial.py
[2025-04-04T13:43:56.181+0000] {logging_mixin.py:190} INFO - [2025-04-04T13:43:56.180+0000] {dag.py:3239} INFO - Sync 1 DAGs
[2025-04-04T13:43:56.255+0000] {logging_mixin.py:190} INFO - [2025-04-04T13:43:56.255+0000] {dag.py:4180} INFO - Setting next_dagrun for tutorial to 2025-04-03 00:00:00+00:00, run_after=2025-04-04 00:00:00+00:00
[2025-04-04T13:43:56.303+0000] {processor.py:208} INFO - Processing /home/airflow/.local/lib/python3.12/site-packages/airflow/example_dags/tutorial.py took 0.244 seconds
[2025-04-04T13:44:27.653+0000] {processor.py:186} INFO - Started process (PID=1035) to work on /home/airflow/.local/lib/python3.12/site-packages/airflow/example_dags/tutorial.py
[2025-04-04T13:44:27.655+0000] {processor.py:914} INFO - Processing file /home/airflow/.local/lib/python3.12/site-packages/airflow/example_dags/tutorial.py for tasks to queue
[2025-04-04T13:44:27.659+0000] {logging_mixin.py:190} INFO - [2025-04-04T13:44:27.658+0000] {dagbag.py:588} INFO - Filling up the DagBag from /home/airflow/.local/lib/python3.12/site-packages/airflow/example_dags/tutorial.py
[2025-04-04T13:44:27.678+0000] {processor.py:925} INFO - DAG(s) 'tutorial' retrieved from /home/airflow/.local/lib/python3.12/site-packages/airflow/example_dags/tutorial.py
[2025-04-04T13:44:27.718+0000] {logging_mixin.py:190} INFO - [2025-04-04T13:44:27.717+0000] {dag.py:3239} INFO - Sync 1 DAGs
[2025-04-04T13:44:27.795+0000] {logging_mixin.py:190} INFO - [2025-04-04T13:44:27.794+0000] {dag.py:4180} INFO - Setting next_dagrun for tutorial to 2025-04-03 00:00:00+00:00, run_after=2025-04-04 00:00:00+00:00
[2025-04-04T13:44:27.839+0000] {processor.py:208} INFO - Processing /home/airflow/.local/lib/python3.12/site-packages/airflow/example_dags/tutorial.py took 0.199 seconds
[2025-04-04T13:44:59.706+0000] {processor.py:186} INFO - Started process (PID=1098) to work on /home/airflow/.local/lib/python3.12/site-packages/airflow/example_dags/tutorial.py
[2025-04-04T13:44:59.713+0000] {processor.py:914} INFO - Processing file /home/airflow/.local/lib/python3.12/site-packages/airflow/example_dags/tutorial.py for tasks to queue
[2025-04-04T13:44:59.725+0000] {logging_mixin.py:190} INFO - [2025-04-04T13:44:59.723+0000] {dagbag.py:588} INFO - Filling up the DagBag from /home/airflow/.local/lib/python3.12/site-packages/airflow/example_dags/tutorial.py
[2025-04-04T13:44:59.802+0000] {processor.py:925} INFO - DAG(s) 'tutorial' retrieved from /home/airflow/.local/lib/python3.12/site-packages/airflow/example_dags/tutorial.py
[2025-04-04T13:44:59.922+0000] {logging_mixin.py:190} INFO - [2025-04-04T13:44:59.921+0000] {dag.py:3239} INFO - Sync 1 DAGs
[2025-04-04T13:45:00.036+0000] {logging_mixin.py:190} INFO - [2025-04-04T13:45:00.035+0000] {dag.py:4180} INFO - Setting next_dagrun for tutorial to 2025-04-03 00:00:00+00:00, run_after=2025-04-04 00:00:00+00:00
[2025-04-04T13:45:00.149+0000] {processor.py:208} INFO - Processing /home/airflow/.local/lib/python3.12/site-packages/airflow/example_dags/tutorial.py took 0.480 seconds
[2025-04-04T13:45:31.309+0000] {processor.py:186} INFO - Started process (PID=1161) to work on /home/airflow/.local/lib/python3.12/site-packages/airflow/example_dags/tutorial.py
[2025-04-04T13:45:31.312+0000] {processor.py:914} INFO - Processing file /home/airflow/.local/lib/python3.12/site-packages/airflow/example_dags/tutorial.py for tasks to queue
[2025-04-04T13:45:31.317+0000] {logging_mixin.py:190} INFO - [2025-04-04T13:45:31.317+0000] {dagbag.py:588} INFO - Filling up the DagBag from /home/airflow/.local/lib/python3.12/site-packages/airflow/example_dags/tutorial.py
[2025-04-04T13:45:31.338+0000] {processor.py:925} INFO - DAG(s) 'tutorial' retrieved from /home/airflow/.local/lib/python3.12/site-packages/airflow/example_dags/tutorial.py
[2025-04-04T13:45:31.387+0000] {logging_mixin.py:190} INFO - [2025-04-04T13:45:31.386+0000] {dag.py:3239} INFO - Sync 1 DAGs
[2025-04-04T13:45:31.447+0000] {logging_mixin.py:190} INFO - [2025-04-04T13:45:31.447+0000] {dag.py:4180} INFO - Setting next_dagrun for tutorial to 2025-04-03 00:00:00+00:00, run_after=2025-04-04 00:00:00+00:00
[2025-04-04T13:45:31.488+0000] {processor.py:208} INFO - Processing /home/airflow/.local/lib/python3.12/site-packages/airflow/example_dags/tutorial.py took 0.196 seconds
[2025-04-04T13:46:01.716+0000] {processor.py:186} INFO - Started process (PID=1223) to work on /home/airflow/.local/lib/python3.12/site-packages/airflow/example_dags/tutorial.py
[2025-04-04T13:46:01.718+0000] {processor.py:914} INFO - Processing file /home/airflow/.local/lib/python3.12/site-packages/airflow/example_dags/tutorial.py for tasks to queue
[2025-04-04T13:46:01.726+0000] {logging_mixin.py:190} INFO - [2025-04-04T13:46:01.725+0000] {dagbag.py:588} INFO - Filling up the DagBag from /home/airflow/.local/lib/python3.12/site-packages/airflow/example_dags/tutorial.py
[2025-04-04T13:46:01.758+0000] {processor.py:925} INFO - DAG(s) 'tutorial' retrieved from /home/airflow/.local/lib/python3.12/site-packages/airflow/example_dags/tutorial.py
[2025-04-04T13:46:01.842+0000] {logging_mixin.py:190} INFO - [2025-04-04T13:46:01.839+0000] {dag.py:3239} INFO - Sync 1 DAGs
[2025-04-04T13:46:01.917+0000] {logging_mixin.py:190} INFO - [2025-04-04T13:46:01.917+0000] {dag.py:4180} INFO - Setting next_dagrun for tutorial to 2025-04-03 00:00:00+00:00, run_after=2025-04-04 00:00:00+00:00
[2025-04-04T13:46:01.980+0000] {processor.py:208} INFO - Processing /home/airflow/.local/lib/python3.12/site-packages/airflow/example_dags/tutorial.py took 0.284 seconds
[2025-04-04T13:46:46.094+0000] {processor.py:186} INFO - Started process (PID=1287) to work on /home/airflow/.local/lib/python3.12/site-packages/airflow/example_dags/tutorial.py
[2025-04-04T13:46:46.097+0000] {processor.py:914} INFO - Processing file /home/airflow/.local/lib/python3.12/site-packages/airflow/example_dags/tutorial.py for tasks to queue
[2025-04-04T13:46:46.106+0000] {logging_mixin.py:190} INFO - [2025-04-04T13:46:46.102+0000] {dagbag.py:588} INFO - Filling up the DagBag from /home/airflow/.local/lib/python3.12/site-packages/airflow/example_dags/tutorial.py
[2025-04-04T13:46:46.131+0000] {processor.py:925} INFO - DAG(s) 'tutorial' retrieved from /home/airflow/.local/lib/python3.12/site-packages/airflow/example_dags/tutorial.py
[2025-04-04T13:46:46.190+0000] {logging_mixin.py:190} INFO - [2025-04-04T13:46:46.190+0000] {dag.py:3239} INFO - Sync 1 DAGs
[2025-04-04T13:46:46.280+0000] {logging_mixin.py:190} INFO - [2025-04-04T13:46:46.279+0000] {dag.py:4180} INFO - Setting next_dagrun for tutorial to 2025-04-03 00:00:00+00:00, run_after=2025-04-04 00:00:00+00:00
[2025-04-04T13:46:46.345+0000] {processor.py:208} INFO - Processing /home/airflow/.local/lib/python3.12/site-packages/airflow/example_dags/tutorial.py took 0.273 seconds
[2025-04-04T13:47:17.958+0000] {processor.py:186} INFO - Started process (PID=1350) to work on /home/airflow/.local/lib/python3.12/site-packages/airflow/example_dags/tutorial.py
[2025-04-04T13:47:17.960+0000] {processor.py:914} INFO - Processing file /home/airflow/.local/lib/python3.12/site-packages/airflow/example_dags/tutorial.py for tasks to queue
[2025-04-04T13:47:17.964+0000] {logging_mixin.py:190} INFO - [2025-04-04T13:47:17.963+0000] {dagbag.py:588} INFO - Filling up the DagBag from /home/airflow/.local/lib/python3.12/site-packages/airflow/example_dags/tutorial.py
[2025-04-04T13:47:17.988+0000] {processor.py:925} INFO - DAG(s) 'tutorial' retrieved from /home/airflow/.local/lib/python3.12/site-packages/airflow/example_dags/tutorial.py
[2025-04-04T13:47:18.045+0000] {logging_mixin.py:190} INFO - [2025-04-04T13:47:18.044+0000] {dag.py:3239} INFO - Sync 1 DAGs
[2025-04-04T13:47:18.123+0000] {logging_mixin.py:190} INFO - [2025-04-04T13:47:18.123+0000] {dag.py:4180} INFO - Setting next_dagrun for tutorial to 2025-04-03 00:00:00+00:00, run_after=2025-04-04 00:00:00+00:00
[2025-04-04T13:47:18.180+0000] {processor.py:208} INFO - Processing /home/airflow/.local/lib/python3.12/site-packages/airflow/example_dags/tutorial.py took 0.249 seconds
[2025-04-04T13:47:49.942+0000] {processor.py:186} INFO - Started process (PID=1413) to work on /home/airflow/.local/lib/python3.12/site-packages/airflow/example_dags/tutorial.py
[2025-04-04T13:47:49.946+0000] {processor.py:914} INFO - Processing file /home/airflow/.local/lib/python3.12/site-packages/airflow/example_dags/tutorial.py for tasks to queue
[2025-04-04T13:47:49.955+0000] {logging_mixin.py:190} INFO - [2025-04-04T13:47:49.954+0000] {dagbag.py:588} INFO - Filling up the DagBag from /home/airflow/.local/lib/python3.12/site-packages/airflow/example_dags/tutorial.py
[2025-04-04T13:47:50.016+0000] {processor.py:925} INFO - DAG(s) 'tutorial' retrieved from /home/airflow/.local/lib/python3.12/site-packages/airflow/example_dags/tutorial.py
[2025-04-04T13:47:50.175+0000] {logging_mixin.py:190} INFO - [2025-04-04T13:47:50.174+0000] {dag.py:3239} INFO - Sync 1 DAGs
[2025-04-04T13:47:50.359+0000] {logging_mixin.py:190} INFO - [2025-04-04T13:47:50.358+0000] {dag.py:4180} INFO - Setting next_dagrun for tutorial to 2025-04-03 00:00:00+00:00, run_after=2025-04-04 00:00:00+00:00
[2025-04-04T13:47:50.417+0000] {processor.py:208} INFO - Processing /home/airflow/.local/lib/python3.12/site-packages/airflow/example_dags/tutorial.py took 0.501 seconds
[2025-04-04T13:48:20.714+0000] {processor.py:186} INFO - Started process (PID=1476) to work on /home/airflow/.local/lib/python3.12/site-packages/airflow/example_dags/tutorial.py
[2025-04-04T13:48:20.717+0000] {processor.py:914} INFO - Processing file /home/airflow/.local/lib/python3.12/site-packages/airflow/example_dags/tutorial.py for tasks to queue
[2025-04-04T13:48:20.723+0000] {logging_mixin.py:190} INFO - [2025-04-04T13:48:20.722+0000] {dagbag.py:588} INFO - Filling up the DagBag from /home/airflow/.local/lib/python3.12/site-packages/airflow/example_dags/tutorial.py
[2025-04-04T13:48:20.750+0000] {processor.py:925} INFO - DAG(s) 'tutorial' retrieved from /home/airflow/.local/lib/python3.12/site-packages/airflow/example_dags/tutorial.py
[2025-04-04T13:48:20.805+0000] {logging_mixin.py:190} INFO - [2025-04-04T13:48:20.804+0000] {dag.py:3239} INFO - Sync 1 DAGs
[2025-04-04T13:48:20.901+0000] {logging_mixin.py:190} INFO - [2025-04-04T13:48:20.900+0000] {dag.py:4180} INFO - Setting next_dagrun for tutorial to 2025-04-03 00:00:00+00:00, run_after=2025-04-04 00:00:00+00:00
[2025-04-04T13:48:20.961+0000] {processor.py:208} INFO - Processing /home/airflow/.local/lib/python3.12/site-packages/airflow/example_dags/tutorial.py took 0.267 seconds
[2025-04-04T13:48:51.251+0000] {processor.py:186} INFO - Started process (PID=1538) to work on /home/airflow/.local/lib/python3.12/site-packages/airflow/example_dags/tutorial.py
[2025-04-04T13:48:51.252+0000] {processor.py:914} INFO - Processing file /home/airflow/.local/lib/python3.12/site-packages/airflow/example_dags/tutorial.py for tasks to queue
[2025-04-04T13:48:51.256+0000] {logging_mixin.py:190} INFO - [2025-04-04T13:48:51.255+0000] {dagbag.py:588} INFO - Filling up the DagBag from /home/airflow/.local/lib/python3.12/site-packages/airflow/example_dags/tutorial.py
[2025-04-04T13:48:51.272+0000] {processor.py:925} INFO - DAG(s) 'tutorial' retrieved from /home/airflow/.local/lib/python3.12/site-packages/airflow/example_dags/tutorial.py
[2025-04-04T13:48:51.307+0000] {logging_mixin.py:190} INFO - [2025-04-04T13:48:51.307+0000] {dag.py:3239} INFO - Sync 1 DAGs
[2025-04-04T13:48:51.385+0000] {logging_mixin.py:190} INFO - [2025-04-04T13:48:51.384+0000] {dag.py:4180} INFO - Setting next_dagrun for tutorial to 2025-04-03 00:00:00+00:00, run_after=2025-04-04 00:00:00+00:00
[2025-04-04T13:48:51.434+0000] {processor.py:208} INFO - Processing /home/airflow/.local/lib/python3.12/site-packages/airflow/example_dags/tutorial.py took 0.196 seconds
[2025-04-04T13:49:24.133+0000] {processor.py:186} INFO - Started process (PID=1599) to work on /home/airflow/.local/lib/python3.12/site-packages/airflow/example_dags/tutorial.py
[2025-04-04T13:49:24.136+0000] {processor.py:914} INFO - Processing file /home/airflow/.local/lib/python3.12/site-packages/airflow/example_dags/tutorial.py for tasks to queue
[2025-04-04T13:49:24.150+0000] {logging_mixin.py:190} INFO - [2025-04-04T13:49:24.149+0000] {dagbag.py:588} INFO - Filling up the DagBag from /home/airflow/.local/lib/python3.12/site-packages/airflow/example_dags/tutorial.py
[2025-04-04T13:49:24.196+0000] {processor.py:925} INFO - DAG(s) 'tutorial' retrieved from /home/airflow/.local/lib/python3.12/site-packages/airflow/example_dags/tutorial.py
[2025-04-04T13:49:24.381+0000] {logging_mixin.py:190} INFO - [2025-04-04T13:49:24.379+0000] {dag.py:3239} INFO - Sync 1 DAGs
[2025-04-04T13:49:24.537+0000] {logging_mixin.py:190} INFO - [2025-04-04T13:49:24.531+0000] {dag.py:4180} INFO - Setting next_dagrun for tutorial to 2025-04-03 00:00:00+00:00, run_after=2025-04-04 00:00:00+00:00
[2025-04-04T13:49:24.742+0000] {processor.py:208} INFO - Processing /home/airflow/.local/lib/python3.12/site-packages/airflow/example_dags/tutorial.py took 0.631 seconds
[2025-04-04T13:49:55.362+0000] {processor.py:186} INFO - Started process (PID=1662) to work on /home/airflow/.local/lib/python3.12/site-packages/airflow/example_dags/tutorial.py
[2025-04-04T13:49:55.381+0000] {processor.py:914} INFO - Processing file /home/airflow/.local/lib/python3.12/site-packages/airflow/example_dags/tutorial.py for tasks to queue
[2025-04-04T13:49:55.401+0000] {logging_mixin.py:190} INFO - [2025-04-04T13:49:55.400+0000] {dagbag.py:588} INFO - Filling up the DagBag from /home/airflow/.local/lib/python3.12/site-packages/airflow/example_dags/tutorial.py
[2025-04-04T13:49:55.467+0000] {processor.py:925} INFO - DAG(s) 'tutorial' retrieved from /home/airflow/.local/lib/python3.12/site-packages/airflow/example_dags/tutorial.py
[2025-04-04T13:49:55.703+0000] {logging_mixin.py:190} INFO - [2025-04-04T13:49:55.702+0000] {dag.py:3239} INFO - Sync 1 DAGs
[2025-04-04T13:49:55.854+0000] {logging_mixin.py:190} INFO - [2025-04-04T13:49:55.854+0000] {dag.py:4180} INFO - Setting next_dagrun for tutorial to 2025-04-03 00:00:00+00:00, run_after=2025-04-04 00:00:00+00:00
[2025-04-04T13:49:55.917+0000] {processor.py:208} INFO - Processing /home/airflow/.local/lib/python3.12/site-packages/airflow/example_dags/tutorial.py took 0.579 seconds
[2025-04-04T13:50:26.381+0000] {processor.py:186} INFO - Started process (PID=1730) to work on /home/airflow/.local/lib/python3.12/site-packages/airflow/example_dags/tutorial.py
[2025-04-04T13:50:26.383+0000] {processor.py:914} INFO - Processing file /home/airflow/.local/lib/python3.12/site-packages/airflow/example_dags/tutorial.py for tasks to queue
[2025-04-04T13:50:26.390+0000] {logging_mixin.py:190} INFO - [2025-04-04T13:50:26.389+0000] {dagbag.py:588} INFO - Filling up the DagBag from /home/airflow/.local/lib/python3.12/site-packages/airflow/example_dags/tutorial.py
[2025-04-04T13:50:26.409+0000] {processor.py:925} INFO - DAG(s) 'tutorial' retrieved from /home/airflow/.local/lib/python3.12/site-packages/airflow/example_dags/tutorial.py
[2025-04-04T13:50:26.474+0000] {logging_mixin.py:190} INFO - [2025-04-04T13:50:26.473+0000] {dag.py:3239} INFO - Sync 1 DAGs
[2025-04-04T13:50:26.580+0000] {logging_mixin.py:190} INFO - [2025-04-04T13:50:26.579+0000] {dag.py:4180} INFO - Setting next_dagrun for tutorial to 2025-04-03 00:00:00+00:00, run_after=2025-04-04 00:00:00+00:00
[2025-04-04T13:50:26.686+0000] {processor.py:208} INFO - Processing /home/airflow/.local/lib/python3.12/site-packages/airflow/example_dags/tutorial.py took 0.320 seconds
[2025-04-04T13:50:56.902+0000] {processor.py:186} INFO - Started process (PID=1793) to work on /home/airflow/.local/lib/python3.12/site-packages/airflow/example_dags/tutorial.py
[2025-04-04T13:50:56.905+0000] {processor.py:914} INFO - Processing file /home/airflow/.local/lib/python3.12/site-packages/airflow/example_dags/tutorial.py for tasks to queue
[2025-04-04T13:50:56.910+0000] {logging_mixin.py:190} INFO - [2025-04-04T13:50:56.910+0000] {dagbag.py:588} INFO - Filling up the DagBag from /home/airflow/.local/lib/python3.12/site-packages/airflow/example_dags/tutorial.py
[2025-04-04T13:50:56.927+0000] {processor.py:925} INFO - DAG(s) 'tutorial' retrieved from /home/airflow/.local/lib/python3.12/site-packages/airflow/example_dags/tutorial.py
[2025-04-04T13:50:56.964+0000] {logging_mixin.py:190} INFO - [2025-04-04T13:50:56.964+0000] {dag.py:3239} INFO - Sync 1 DAGs
[2025-04-04T13:50:57.007+0000] {logging_mixin.py:190} INFO - [2025-04-04T13:50:57.007+0000] {dag.py:4180} INFO - Setting next_dagrun for tutorial to 2025-04-03 00:00:00+00:00, run_after=2025-04-04 00:00:00+00:00
[2025-04-04T13:50:57.041+0000] {processor.py:208} INFO - Processing /home/airflow/.local/lib/python3.12/site-packages/airflow/example_dags/tutorial.py took 0.150 seconds
[2025-04-04T13:51:28.055+0000] {processor.py:186} INFO - Started process (PID=1856) to work on /home/airflow/.local/lib/python3.12/site-packages/airflow/example_dags/tutorial.py
[2025-04-04T13:51:28.057+0000] {processor.py:914} INFO - Processing file /home/airflow/.local/lib/python3.12/site-packages/airflow/example_dags/tutorial.py for tasks to queue
[2025-04-04T13:51:28.061+0000] {logging_mixin.py:190} INFO - [2025-04-04T13:51:28.060+0000] {dagbag.py:588} INFO - Filling up the DagBag from /home/airflow/.local/lib/python3.12/site-packages/airflow/example_dags/tutorial.py
[2025-04-04T13:51:28.084+0000] {processor.py:925} INFO - DAG(s) 'tutorial' retrieved from /home/airflow/.local/lib/python3.12/site-packages/airflow/example_dags/tutorial.py
[2025-04-04T13:51:28.131+0000] {logging_mixin.py:190} INFO - [2025-04-04T13:51:28.131+0000] {dag.py:3239} INFO - Sync 1 DAGs
[2025-04-04T13:51:28.246+0000] {logging_mixin.py:190} INFO - [2025-04-04T13:51:28.245+0000] {dag.py:4180} INFO - Setting next_dagrun for tutorial to 2025-04-03 00:00:00+00:00, run_after=2025-04-04 00:00:00+00:00
[2025-04-04T13:51:28.317+0000] {processor.py:208} INFO - Processing /home/airflow/.local/lib/python3.12/site-packages/airflow/example_dags/tutorial.py took 0.280 seconds
[2025-04-04T13:51:59.252+0000] {processor.py:186} INFO - Started process (PID=1920) to work on /home/airflow/.local/lib/python3.12/site-packages/airflow/example_dags/tutorial.py
[2025-04-04T13:51:59.256+0000] {processor.py:914} INFO - Processing file /home/airflow/.local/lib/python3.12/site-packages/airflow/example_dags/tutorial.py for tasks to queue
[2025-04-04T13:51:59.263+0000] {logging_mixin.py:190} INFO - [2025-04-04T13:51:59.262+0000] {dagbag.py:588} INFO - Filling up the DagBag from /home/airflow/.local/lib/python3.12/site-packages/airflow/example_dags/tutorial.py
[2025-04-04T13:51:59.282+0000] {processor.py:925} INFO - DAG(s) 'tutorial' retrieved from /home/airflow/.local/lib/python3.12/site-packages/airflow/example_dags/tutorial.py
[2025-04-04T13:51:59.332+0000] {logging_mixin.py:190} INFO - [2025-04-04T13:51:59.331+0000] {dag.py:3239} INFO - Sync 1 DAGs
[2025-04-04T13:51:59.403+0000] {logging_mixin.py:190} INFO - [2025-04-04T13:51:59.402+0000] {dag.py:4180} INFO - Setting next_dagrun for tutorial to 2025-04-03 00:00:00+00:00, run_after=2025-04-04 00:00:00+00:00
[2025-04-04T13:51:59.505+0000] {processor.py:208} INFO - Processing /home/airflow/.local/lib/python3.12/site-packages/airflow/example_dags/tutorial.py took 0.269 seconds
[2025-04-04T13:52:29.913+0000] {processor.py:186} INFO - Started process (PID=1983) to work on /home/airflow/.local/lib/python3.12/site-packages/airflow/example_dags/tutorial.py
[2025-04-04T13:52:29.916+0000] {processor.py:914} INFO - Processing file /home/airflow/.local/lib/python3.12/site-packages/airflow/example_dags/tutorial.py for tasks to queue
[2025-04-04T13:52:29.928+0000] {logging_mixin.py:190} INFO - [2025-04-04T13:52:29.927+0000] {dagbag.py:588} INFO - Filling up the DagBag from /home/airflow/.local/lib/python3.12/site-packages/airflow/example_dags/tutorial.py
[2025-04-04T13:52:29.951+0000] {processor.py:925} INFO - DAG(s) 'tutorial' retrieved from /home/airflow/.local/lib/python3.12/site-packages/airflow/example_dags/tutorial.py
[2025-04-04T13:52:30.000+0000] {logging_mixin.py:190} INFO - [2025-04-04T13:52:29.999+0000] {dag.py:3239} INFO - Sync 1 DAGs
[2025-04-04T13:52:30.062+0000] {logging_mixin.py:190} INFO - [2025-04-04T13:52:30.062+0000] {dag.py:4180} INFO - Setting next_dagrun for tutorial to 2025-04-03 00:00:00+00:00, run_after=2025-04-04 00:00:00+00:00
[2025-04-04T13:52:30.119+0000] {processor.py:208} INFO - Processing /home/airflow/.local/lib/python3.12/site-packages/airflow/example_dags/tutorial.py took 0.221 seconds
[2025-04-04T13:53:00.837+0000] {processor.py:186} INFO - Started process (PID=2047) to work on /home/airflow/.local/lib/python3.12/site-packages/airflow/example_dags/tutorial.py
[2025-04-04T13:53:00.839+0000] {processor.py:914} INFO - Processing file /home/airflow/.local/lib/python3.12/site-packages/airflow/example_dags/tutorial.py for tasks to queue
[2025-04-04T13:53:00.845+0000] {logging_mixin.py:190} INFO - [2025-04-04T13:53:00.844+0000] {dagbag.py:588} INFO - Filling up the DagBag from /home/airflow/.local/lib/python3.12/site-packages/airflow/example_dags/tutorial.py
[2025-04-04T13:53:00.865+0000] {processor.py:925} INFO - DAG(s) 'tutorial' retrieved from /home/airflow/.local/lib/python3.12/site-packages/airflow/example_dags/tutorial.py
[2025-04-04T13:53:00.934+0000] {logging_mixin.py:190} INFO - [2025-04-04T13:53:00.933+0000] {dag.py:3239} INFO - Sync 1 DAGs
[2025-04-04T13:53:01.006+0000] {logging_mixin.py:190} INFO - [2025-04-04T13:53:01.006+0000] {dag.py:4180} INFO - Setting next_dagrun for tutorial to 2025-04-03 00:00:00+00:00, run_after=2025-04-04 00:00:00+00:00
[2025-04-04T13:53:01.047+0000] {processor.py:208} INFO - Processing /home/airflow/.local/lib/python3.12/site-packages/airflow/example_dags/tutorial.py took 0.225 seconds
[2025-04-04T13:53:32.508+0000] {processor.py:186} INFO - Started process (PID=2110) to work on /home/airflow/.local/lib/python3.12/site-packages/airflow/example_dags/tutorial.py
[2025-04-04T13:53:32.509+0000] {processor.py:914} INFO - Processing file /home/airflow/.local/lib/python3.12/site-packages/airflow/example_dags/tutorial.py for tasks to queue
[2025-04-04T13:53:32.514+0000] {logging_mixin.py:190} INFO - [2025-04-04T13:53:32.513+0000] {dagbag.py:588} INFO - Filling up the DagBag from /home/airflow/.local/lib/python3.12/site-packages/airflow/example_dags/tutorial.py
[2025-04-04T13:53:32.531+0000] {processor.py:925} INFO - DAG(s) 'tutorial' retrieved from /home/airflow/.local/lib/python3.12/site-packages/airflow/example_dags/tutorial.py
[2025-04-04T13:53:32.581+0000] {logging_mixin.py:190} INFO - [2025-04-04T13:53:32.580+0000] {dag.py:3239} INFO - Sync 1 DAGs
[2025-04-04T13:53:32.654+0000] {logging_mixin.py:190} INFO - [2025-04-04T13:53:32.653+0000] {dag.py:4180} INFO - Setting next_dagrun for tutorial to 2025-04-03 00:00:00+00:00, run_after=2025-04-04 00:00:00+00:00
[2025-04-04T13:53:32.693+0000] {processor.py:208} INFO - Processing /home/airflow/.local/lib/python3.12/site-packages/airflow/example_dags/tutorial.py took 0.199 seconds
[2025-04-04T13:54:04.157+0000] {processor.py:186} INFO - Started process (PID=2173) to work on /home/airflow/.local/lib/python3.12/site-packages/airflow/example_dags/tutorial.py
[2025-04-04T13:54:04.159+0000] {processor.py:914} INFO - Processing file /home/airflow/.local/lib/python3.12/site-packages/airflow/example_dags/tutorial.py for tasks to queue
[2025-04-04T13:54:04.163+0000] {logging_mixin.py:190} INFO - [2025-04-04T13:54:04.163+0000] {dagbag.py:588} INFO - Filling up the DagBag from /home/airflow/.local/lib/python3.12/site-packages/airflow/example_dags/tutorial.py
[2025-04-04T13:54:04.187+0000] {processor.py:925} INFO - DAG(s) 'tutorial' retrieved from /home/airflow/.local/lib/python3.12/site-packages/airflow/example_dags/tutorial.py
[2025-04-04T13:54:04.228+0000] {logging_mixin.py:190} INFO - [2025-04-04T13:54:04.228+0000] {dag.py:3239} INFO - Sync 1 DAGs
[2025-04-04T13:54:04.288+0000] {logging_mixin.py:190} INFO - [2025-04-04T13:54:04.287+0000] {dag.py:4180} INFO - Setting next_dagrun for tutorial to 2025-04-03 00:00:00+00:00, run_after=2025-04-04 00:00:00+00:00
[2025-04-04T13:54:04.345+0000] {processor.py:208} INFO - Processing /home/airflow/.local/lib/python3.12/site-packages/airflow/example_dags/tutorial.py took 0.203 seconds
[2025-04-04T13:54:36.373+0000] {processor.py:186} INFO - Started process (PID=2237) to work on /home/airflow/.local/lib/python3.12/site-packages/airflow/example_dags/tutorial.py
[2025-04-04T13:54:36.375+0000] {processor.py:914} INFO - Processing file /home/airflow/.local/lib/python3.12/site-packages/airflow/example_dags/tutorial.py for tasks to queue
[2025-04-04T13:54:36.381+0000] {logging_mixin.py:190} INFO - [2025-04-04T13:54:36.380+0000] {dagbag.py:588} INFO - Filling up the DagBag from /home/airflow/.local/lib/python3.12/site-packages/airflow/example_dags/tutorial.py
[2025-04-04T13:54:36.401+0000] {processor.py:925} INFO - DAG(s) 'tutorial' retrieved from /home/airflow/.local/lib/python3.12/site-packages/airflow/example_dags/tutorial.py
[2025-04-04T13:54:36.459+0000] {logging_mixin.py:190} INFO - [2025-04-04T13:54:36.458+0000] {dag.py:3239} INFO - Sync 1 DAGs
[2025-04-04T13:54:36.540+0000] {logging_mixin.py:190} INFO - [2025-04-04T13:54:36.539+0000] {dag.py:4180} INFO - Setting next_dagrun for tutorial to 2025-04-03 00:00:00+00:00, run_after=2025-04-04 00:00:00+00:00
[2025-04-04T13:54:36.605+0000] {processor.py:208} INFO - Processing /home/airflow/.local/lib/python3.12/site-packages/airflow/example_dags/tutorial.py took 0.247 seconds
[2025-04-04T13:55:08.825+0000] {processor.py:186} INFO - Started process (PID=2302) to work on /home/airflow/.local/lib/python3.12/site-packages/airflow/example_dags/tutorial.py
[2025-04-04T13:55:08.831+0000] {processor.py:914} INFO - Processing file /home/airflow/.local/lib/python3.12/site-packages/airflow/example_dags/tutorial.py for tasks to queue
[2025-04-04T13:55:08.836+0000] {logging_mixin.py:190} INFO - [2025-04-04T13:55:08.835+0000] {dagbag.py:588} INFO - Filling up the DagBag from /home/airflow/.local/lib/python3.12/site-packages/airflow/example_dags/tutorial.py
[2025-04-04T13:55:08.861+0000] {processor.py:925} INFO - DAG(s) 'tutorial' retrieved from /home/airflow/.local/lib/python3.12/site-packages/airflow/example_dags/tutorial.py
[2025-04-04T13:55:08.909+0000] {logging_mixin.py:190} INFO - [2025-04-04T13:55:08.909+0000] {dag.py:3239} INFO - Sync 1 DAGs
[2025-04-04T13:55:08.981+0000] {logging_mixin.py:190} INFO - [2025-04-04T13:55:08.981+0000] {dag.py:4180} INFO - Setting next_dagrun for tutorial to 2025-04-03 00:00:00+00:00, run_after=2025-04-04 00:00:00+00:00
[2025-04-04T13:55:09.035+0000] {processor.py:208} INFO - Processing /home/airflow/.local/lib/python3.12/site-packages/airflow/example_dags/tutorial.py took 0.229 seconds
[2025-04-04T13:55:39.755+0000] {processor.py:186} INFO - Started process (PID=2364) to work on /home/airflow/.local/lib/python3.12/site-packages/airflow/example_dags/tutorial.py
[2025-04-04T13:55:39.756+0000] {processor.py:914} INFO - Processing file /home/airflow/.local/lib/python3.12/site-packages/airflow/example_dags/tutorial.py for tasks to queue
[2025-04-04T13:55:39.763+0000] {logging_mixin.py:190} INFO - [2025-04-04T13:55:39.762+0000] {dagbag.py:588} INFO - Filling up the DagBag from /home/airflow/.local/lib/python3.12/site-packages/airflow/example_dags/tutorial.py
[2025-04-04T13:55:39.785+0000] {processor.py:925} INFO - DAG(s) 'tutorial' retrieved from /home/airflow/.local/lib/python3.12/site-packages/airflow/example_dags/tutorial.py
[2025-04-04T13:55:39.831+0000] {logging_mixin.py:190} INFO - [2025-04-04T13:55:39.830+0000] {dag.py:3239} INFO - Sync 1 DAGs
[2025-04-04T13:55:39.889+0000] {logging_mixin.py:190} INFO - [2025-04-04T13:55:39.888+0000] {dag.py:4180} INFO - Setting next_dagrun for tutorial to 2025-04-03 00:00:00+00:00, run_after=2025-04-04 00:00:00+00:00
[2025-04-04T13:55:39.930+0000] {processor.py:208} INFO - Processing /home/airflow/.local/lib/python3.12/site-packages/airflow/example_dags/tutorial.py took 0.191 seconds
[2025-04-04T13:56:11.048+0000] {processor.py:186} INFO - Started process (PID=2427) to work on /home/airflow/.local/lib/python3.12/site-packages/airflow/example_dags/tutorial.py
[2025-04-04T13:56:11.050+0000] {processor.py:914} INFO - Processing file /home/airflow/.local/lib/python3.12/site-packages/airflow/example_dags/tutorial.py for tasks to queue
[2025-04-04T13:56:11.055+0000] {logging_mixin.py:190} INFO - [2025-04-04T13:56:11.054+0000] {dagbag.py:588} INFO - Filling up the DagBag from /home/airflow/.local/lib/python3.12/site-packages/airflow/example_dags/tutorial.py
[2025-04-04T13:56:11.068+0000] {processor.py:925} INFO - DAG(s) 'tutorial' retrieved from /home/airflow/.local/lib/python3.12/site-packages/airflow/example_dags/tutorial.py
[2025-04-04T13:56:11.101+0000] {logging_mixin.py:190} INFO - [2025-04-04T13:56:11.101+0000] {dag.py:3239} INFO - Sync 1 DAGs
[2025-04-04T13:56:11.152+0000] {logging_mixin.py:190} INFO - [2025-04-04T13:56:11.152+0000] {dag.py:4180} INFO - Setting next_dagrun for tutorial to 2025-04-03 00:00:00+00:00, run_after=2025-04-04 00:00:00+00:00
[2025-04-04T13:56:11.195+0000] {processor.py:208} INFO - Processing /home/airflow/.local/lib/python3.12/site-packages/airflow/example_dags/tutorial.py took 0.156 seconds
[2025-04-04T13:56:41.621+0000] {processor.py:186} INFO - Started process (PID=2489) to work on /home/airflow/.local/lib/python3.12/site-packages/airflow/example_dags/tutorial.py
[2025-04-04T13:56:41.623+0000] {processor.py:914} INFO - Processing file /home/airflow/.local/lib/python3.12/site-packages/airflow/example_dags/tutorial.py for tasks to queue
[2025-04-04T13:56:41.631+0000] {logging_mixin.py:190} INFO - [2025-04-04T13:56:41.630+0000] {dagbag.py:588} INFO - Filling up the DagBag from /home/airflow/.local/lib/python3.12/site-packages/airflow/example_dags/tutorial.py
[2025-04-04T13:56:41.648+0000] {processor.py:925} INFO - DAG(s) 'tutorial' retrieved from /home/airflow/.local/lib/python3.12/site-packages/airflow/example_dags/tutorial.py
[2025-04-04T13:56:41.702+0000] {logging_mixin.py:190} INFO - [2025-04-04T13:56:41.701+0000] {dag.py:3239} INFO - Sync 1 DAGs
[2025-04-04T13:56:41.764+0000] {logging_mixin.py:190} INFO - [2025-04-04T13:56:41.764+0000] {dag.py:4180} INFO - Setting next_dagrun for tutorial to 2025-04-03 00:00:00+00:00, run_after=2025-04-04 00:00:00+00:00
[2025-04-04T13:56:41.809+0000] {processor.py:208} INFO - Processing /home/airflow/.local/lib/python3.12/site-packages/airflow/example_dags/tutorial.py took 0.203 seconds
[2025-04-04T13:57:12.781+0000] {processor.py:186} INFO - Started process (PID=2552) to work on /home/airflow/.local/lib/python3.12/site-packages/airflow/example_dags/tutorial.py
[2025-04-04T13:57:12.783+0000] {processor.py:914} INFO - Processing file /home/airflow/.local/lib/python3.12/site-packages/airflow/example_dags/tutorial.py for tasks to queue
[2025-04-04T13:57:12.788+0000] {logging_mixin.py:190} INFO - [2025-04-04T13:57:12.787+0000] {dagbag.py:588} INFO - Filling up the DagBag from /home/airflow/.local/lib/python3.12/site-packages/airflow/example_dags/tutorial.py
[2025-04-04T13:57:12.810+0000] {processor.py:925} INFO - DAG(s) 'tutorial' retrieved from /home/airflow/.local/lib/python3.12/site-packages/airflow/example_dags/tutorial.py
[2025-04-04T13:57:12.850+0000] {logging_mixin.py:190} INFO - [2025-04-04T13:57:12.850+0000] {dag.py:3239} INFO - Sync 1 DAGs
[2025-04-04T13:57:12.892+0000] {logging_mixin.py:190} INFO - [2025-04-04T13:57:12.892+0000] {dag.py:4180} INFO - Setting next_dagrun for tutorial to 2025-04-03 00:00:00+00:00, run_after=2025-04-04 00:00:00+00:00
[2025-04-04T13:57:12.937+0000] {processor.py:208} INFO - Processing /home/airflow/.local/lib/python3.12/site-packages/airflow/example_dags/tutorial.py took 0.166 seconds
[2025-04-04T13:57:47.390+0000] {processor.py:186} INFO - Started process (PID=2615) to work on /home/airflow/.local/lib/python3.12/site-packages/airflow/example_dags/tutorial.py
[2025-04-04T13:57:47.405+0000] {processor.py:914} INFO - Processing file /home/airflow/.local/lib/python3.12/site-packages/airflow/example_dags/tutorial.py for tasks to queue
[2025-04-04T13:57:47.448+0000] {logging_mixin.py:190} INFO - [2025-04-04T13:57:47.447+0000] {dagbag.py:588} INFO - Filling up the DagBag from /home/airflow/.local/lib/python3.12/site-packages/airflow/example_dags/tutorial.py
[2025-04-04T13:57:47.503+0000] {processor.py:925} INFO - DAG(s) 'tutorial' retrieved from /home/airflow/.local/lib/python3.12/site-packages/airflow/example_dags/tutorial.py
[2025-04-04T13:57:47.653+0000] {logging_mixin.py:190} INFO - [2025-04-04T13:57:47.652+0000] {dag.py:3239} INFO - Sync 1 DAGs
[2025-04-04T13:57:47.793+0000] {logging_mixin.py:190} INFO - [2025-04-04T13:57:47.792+0000] {dag.py:4180} INFO - Setting next_dagrun for tutorial to 2025-04-03 00:00:00+00:00, run_after=2025-04-04 00:00:00+00:00
[2025-04-04T13:57:47.867+0000] {processor.py:208} INFO - Processing /home/airflow/.local/lib/python3.12/site-packages/airflow/example_dags/tutorial.py took 0.512 seconds
[2025-04-04T13:58:18.818+0000] {processor.py:186} INFO - Started process (PID=2678) to work on /home/airflow/.local/lib/python3.12/site-packages/airflow/example_dags/tutorial.py
[2025-04-04T13:58:18.820+0000] {processor.py:914} INFO - Processing file /home/airflow/.local/lib/python3.12/site-packages/airflow/example_dags/tutorial.py for tasks to queue
[2025-04-04T13:58:18.827+0000] {logging_mixin.py:190} INFO - [2025-04-04T13:58:18.826+0000] {dagbag.py:588} INFO - Filling up the DagBag from /home/airflow/.local/lib/python3.12/site-packages/airflow/example_dags/tutorial.py
[2025-04-04T13:58:18.881+0000] {processor.py:925} INFO - DAG(s) 'tutorial' retrieved from /home/airflow/.local/lib/python3.12/site-packages/airflow/example_dags/tutorial.py
[2025-04-04T13:58:18.945+0000] {logging_mixin.py:190} INFO - [2025-04-04T13:58:18.945+0000] {dag.py:3239} INFO - Sync 1 DAGs
[2025-04-04T13:58:19.017+0000] {logging_mixin.py:190} INFO - [2025-04-04T13:58:19.017+0000] {dag.py:4180} INFO - Setting next_dagrun for tutorial to 2025-04-03 00:00:00+00:00, run_after=2025-04-04 00:00:00+00:00
[2025-04-04T13:58:19.062+0000] {processor.py:208} INFO - Processing /home/airflow/.local/lib/python3.12/site-packages/airflow/example_dags/tutorial.py took 0.280 seconds
[2025-04-04T13:58:55.092+0000] {processor.py:186} INFO - Started process (PID=2743) to work on /home/airflow/.local/lib/python3.12/site-packages/airflow/example_dags/tutorial.py
[2025-04-04T13:58:55.094+0000] {processor.py:914} INFO - Processing file /home/airflow/.local/lib/python3.12/site-packages/airflow/example_dags/tutorial.py for tasks to queue
[2025-04-04T13:58:55.110+0000] {logging_mixin.py:190} INFO - [2025-04-04T13:58:55.109+0000] {dagbag.py:588} INFO - Filling up the DagBag from /home/airflow/.local/lib/python3.12/site-packages/airflow/example_dags/tutorial.py
[2025-04-04T13:58:55.178+0000] {processor.py:925} INFO - DAG(s) 'tutorial' retrieved from /home/airflow/.local/lib/python3.12/site-packages/airflow/example_dags/tutorial.py
[2025-04-04T13:58:55.318+0000] {logging_mixin.py:190} INFO - [2025-04-04T13:58:55.306+0000] {dag.py:3239} INFO - Sync 1 DAGs
[2025-04-04T13:58:55.569+0000] {logging_mixin.py:190} INFO - [2025-04-04T13:58:55.568+0000] {dag.py:4180} INFO - Setting next_dagrun for tutorial to 2025-04-03 00:00:00+00:00, run_after=2025-04-04 00:00:00+00:00
[2025-04-04T13:58:55.836+0000] {processor.py:208} INFO - Processing /home/airflow/.local/lib/python3.12/site-packages/airflow/example_dags/tutorial.py took 0.762 seconds
