[2025-04-04T13:36:30.216+0000] {processor.py:186} INFO - Started process (PID=85) to work on /home/airflow/.local/lib/python3.12/site-packages/airflow/example_dags/tutorial_objectstorage.py
[2025-04-04T13:36:30.237+0000] {processor.py:914} INFO - Processing file /home/airflow/.local/lib/python3.12/site-packages/airflow/example_dags/tutorial_objectstorage.py for tasks to queue
[2025-04-04T13:36:30.243+0000] {logging_mixin.py:190} INFO - [2025-04-04T13:36:30.242+0000] {dagbag.py:588} INFO - Filling up the DagBag from /home/airflow/.local/lib/python3.12/site-packages/airflow/example_dags/tutorial_objectstorage.py
[2025-04-04T13:36:30.301+0000] {processor.py:925} INFO - DAG(s) 'tutorial_objectstorage' retrieved from /home/airflow/.local/lib/python3.12/site-packages/airflow/example_dags/tutorial_objectstorage.py
[2025-04-04T13:36:30.963+0000] {logging_mixin.py:190} INFO - [2025-04-04T13:36:30.962+0000] {override.py:1912} INFO - Created Permission View: can edit on DAG:tutorial_objectstorage
[2025-04-04T13:36:31.037+0000] {logging_mixin.py:190} INFO - [2025-04-04T13:36:31.037+0000] {override.py:1912} INFO - Created Permission View: can delete on DAG:tutorial_objectstorage
[2025-04-04T13:36:31.084+0000] {logging_mixin.py:190} INFO - [2025-04-04T13:36:31.083+0000] {override.py:1912} INFO - Created Permission View: can read on DAG:tutorial_objectstorage
[2025-04-04T13:36:31.170+0000] {logging_mixin.py:190} INFO - [2025-04-04T13:36:31.169+0000] {override.py:1912} INFO - Created Permission View: can delete on DAG Run:tutorial_objectstorage
[2025-04-04T13:36:31.214+0000] {logging_mixin.py:190} INFO - [2025-04-04T13:36:31.213+0000] {override.py:1912} INFO - Created Permission View: can read on DAG Run:tutorial_objectstorage
[2025-04-04T13:36:31.250+0000] {logging_mixin.py:190} INFO - [2025-04-04T13:36:31.249+0000] {override.py:1912} INFO - Created Permission View: can create on DAG Run:tutorial_objectstorage
[2025-04-04T13:36:31.287+0000] {logging_mixin.py:190} INFO - [2025-04-04T13:36:31.284+0000] {override.py:1912} INFO - Created Permission View: menu access on DAG Run:tutorial_objectstorage
[2025-04-04T13:36:31.296+0000] {logging_mixin.py:190} INFO - [2025-04-04T13:36:31.295+0000] {dag.py:3239} INFO - Sync 1 DAGs
[2025-04-04T13:36:31.377+0000] {logging_mixin.py:190} INFO - [2025-04-04T13:36:31.365+0000] {dag.py:3262} INFO - Creating ORM DAG for tutorial_objectstorage
[2025-04-04T13:36:31.387+0000] {logging_mixin.py:190} INFO - [2025-04-04T13:36:31.387+0000] {dag.py:4180} INFO - Setting next_dagrun for tutorial_objectstorage to None, run_after=None
[2025-04-04T13:36:31.448+0000] {processor.py:208} INFO - Processing /home/airflow/.local/lib/python3.12/site-packages/airflow/example_dags/tutorial_objectstorage.py took 1.253 seconds
[2025-04-04T13:37:01.731+0000] {processor.py:186} INFO - Started process (PID=148) to work on /home/airflow/.local/lib/python3.12/site-packages/airflow/example_dags/tutorial_objectstorage.py
[2025-04-04T13:37:01.733+0000] {processor.py:914} INFO - Processing file /home/airflow/.local/lib/python3.12/site-packages/airflow/example_dags/tutorial_objectstorage.py for tasks to queue
[2025-04-04T13:37:01.743+0000] {logging_mixin.py:190} INFO - [2025-04-04T13:37:01.742+0000] {dagbag.py:588} INFO - Filling up the DagBag from /home/airflow/.local/lib/python3.12/site-packages/airflow/example_dags/tutorial_objectstorage.py
[2025-04-04T13:37:01.829+0000] {processor.py:925} INFO - DAG(s) 'tutorial_objectstorage' retrieved from /home/airflow/.local/lib/python3.12/site-packages/airflow/example_dags/tutorial_objectstorage.py
[2025-04-04T13:37:01.915+0000] {logging_mixin.py:190} INFO - [2025-04-04T13:37:01.915+0000] {dag.py:3239} INFO - Sync 1 DAGs
[2025-04-04T13:37:02.006+0000] {logging_mixin.py:190} INFO - [2025-04-04T13:37:02.005+0000] {dag.py:4180} INFO - Setting next_dagrun for tutorial_objectstorage to None, run_after=None
[2025-04-04T13:37:02.091+0000] {processor.py:208} INFO - Processing /home/airflow/.local/lib/python3.12/site-packages/airflow/example_dags/tutorial_objectstorage.py took 0.375 seconds
[2025-04-04T13:37:32.496+0000] {processor.py:186} INFO - Started process (PID=211) to work on /home/airflow/.local/lib/python3.12/site-packages/airflow/example_dags/tutorial_objectstorage.py
[2025-04-04T13:37:32.498+0000] {processor.py:914} INFO - Processing file /home/airflow/.local/lib/python3.12/site-packages/airflow/example_dags/tutorial_objectstorage.py for tasks to queue
[2025-04-04T13:37:32.503+0000] {logging_mixin.py:190} INFO - [2025-04-04T13:37:32.502+0000] {dagbag.py:588} INFO - Filling up the DagBag from /home/airflow/.local/lib/python3.12/site-packages/airflow/example_dags/tutorial_objectstorage.py
[2025-04-04T13:37:32.522+0000] {processor.py:925} INFO - DAG(s) 'tutorial_objectstorage' retrieved from /home/airflow/.local/lib/python3.12/site-packages/airflow/example_dags/tutorial_objectstorage.py
[2025-04-04T13:37:32.564+0000] {logging_mixin.py:190} INFO - [2025-04-04T13:37:32.564+0000] {dag.py:3239} INFO - Sync 1 DAGs
[2025-04-04T13:37:32.596+0000] {logging_mixin.py:190} INFO - [2025-04-04T13:37:32.596+0000] {dag.py:4180} INFO - Setting next_dagrun for tutorial_objectstorage to None, run_after=None
[2025-04-04T13:37:32.634+0000] {processor.py:208} INFO - Processing /home/airflow/.local/lib/python3.12/site-packages/airflow/example_dags/tutorial_objectstorage.py took 0.150 seconds
[2025-04-04T13:38:03.527+0000] {processor.py:186} INFO - Started process (PID=274) to work on /home/airflow/.local/lib/python3.12/site-packages/airflow/example_dags/tutorial_objectstorage.py
[2025-04-04T13:38:03.529+0000] {processor.py:914} INFO - Processing file /home/airflow/.local/lib/python3.12/site-packages/airflow/example_dags/tutorial_objectstorage.py for tasks to queue
[2025-04-04T13:38:03.532+0000] {logging_mixin.py:190} INFO - [2025-04-04T13:38:03.532+0000] {dagbag.py:588} INFO - Filling up the DagBag from /home/airflow/.local/lib/python3.12/site-packages/airflow/example_dags/tutorial_objectstorage.py
[2025-04-04T13:38:03.551+0000] {processor.py:925} INFO - DAG(s) 'tutorial_objectstorage' retrieved from /home/airflow/.local/lib/python3.12/site-packages/airflow/example_dags/tutorial_objectstorage.py
[2025-04-04T13:38:03.586+0000] {logging_mixin.py:190} INFO - [2025-04-04T13:38:03.585+0000] {dag.py:3239} INFO - Sync 1 DAGs
[2025-04-04T13:38:03.610+0000] {logging_mixin.py:190} INFO - [2025-04-04T13:38:03.610+0000] {dag.py:4180} INFO - Setting next_dagrun for tutorial_objectstorage to None, run_after=None
[2025-04-04T13:38:03.641+0000] {processor.py:208} INFO - Processing /home/airflow/.local/lib/python3.12/site-packages/airflow/example_dags/tutorial_objectstorage.py took 0.126 seconds
[2025-04-04T13:38:34.650+0000] {processor.py:186} INFO - Started process (PID=337) to work on /home/airflow/.local/lib/python3.12/site-packages/airflow/example_dags/tutorial_objectstorage.py
[2025-04-04T13:38:34.651+0000] {processor.py:914} INFO - Processing file /home/airflow/.local/lib/python3.12/site-packages/airflow/example_dags/tutorial_objectstorage.py for tasks to queue
[2025-04-04T13:38:34.657+0000] {logging_mixin.py:190} INFO - [2025-04-04T13:38:34.656+0000] {dagbag.py:588} INFO - Filling up the DagBag from /home/airflow/.local/lib/python3.12/site-packages/airflow/example_dags/tutorial_objectstorage.py
[2025-04-04T13:38:34.672+0000] {processor.py:925} INFO - DAG(s) 'tutorial_objectstorage' retrieved from /home/airflow/.local/lib/python3.12/site-packages/airflow/example_dags/tutorial_objectstorage.py
[2025-04-04T13:38:34.708+0000] {logging_mixin.py:190} INFO - [2025-04-04T13:38:34.707+0000] {dag.py:3239} INFO - Sync 1 DAGs
[2025-04-04T13:38:34.741+0000] {logging_mixin.py:190} INFO - [2025-04-04T13:38:34.740+0000] {dag.py:4180} INFO - Setting next_dagrun for tutorial_objectstorage to None, run_after=None
[2025-04-04T13:38:34.778+0000] {processor.py:208} INFO - Processing /home/airflow/.local/lib/python3.12/site-packages/airflow/example_dags/tutorial_objectstorage.py took 0.142 seconds
[2025-04-04T13:39:09.756+0000] {processor.py:186} INFO - Started process (PID=400) to work on /home/airflow/.local/lib/python3.12/site-packages/airflow/example_dags/tutorial_objectstorage.py
[2025-04-04T13:39:09.759+0000] {processor.py:914} INFO - Processing file /home/airflow/.local/lib/python3.12/site-packages/airflow/example_dags/tutorial_objectstorage.py for tasks to queue
[2025-04-04T13:39:09.764+0000] {logging_mixin.py:190} INFO - [2025-04-04T13:39:09.763+0000] {dagbag.py:588} INFO - Filling up the DagBag from /home/airflow/.local/lib/python3.12/site-packages/airflow/example_dags/tutorial_objectstorage.py
[2025-04-04T13:39:09.796+0000] {processor.py:925} INFO - DAG(s) 'tutorial_objectstorage' retrieved from /home/airflow/.local/lib/python3.12/site-packages/airflow/example_dags/tutorial_objectstorage.py
[2025-04-04T13:39:09.856+0000] {logging_mixin.py:190} INFO - [2025-04-04T13:39:09.855+0000] {dag.py:3239} INFO - Sync 1 DAGs
[2025-04-04T13:39:09.910+0000] {logging_mixin.py:190} INFO - [2025-04-04T13:39:09.909+0000] {dag.py:4180} INFO - Setting next_dagrun for tutorial_objectstorage to None, run_after=None
[2025-04-04T13:39:09.984+0000] {processor.py:208} INFO - Processing /home/airflow/.local/lib/python3.12/site-packages/airflow/example_dags/tutorial_objectstorage.py took 0.263 seconds
[2025-04-04T13:39:46.162+0000] {processor.py:186} INFO - Started process (PID=453) to work on /home/airflow/.local/lib/python3.12/site-packages/airflow/example_dags/tutorial_objectstorage.py
[2025-04-04T13:39:46.177+0000] {processor.py:914} INFO - Processing file /home/airflow/.local/lib/python3.12/site-packages/airflow/example_dags/tutorial_objectstorage.py for tasks to queue
[2025-04-04T13:39:46.182+0000] {logging_mixin.py:190} INFO - [2025-04-04T13:39:46.181+0000] {dagbag.py:588} INFO - Filling up the DagBag from /home/airflow/.local/lib/python3.12/site-packages/airflow/example_dags/tutorial_objectstorage.py
[2025-04-04T13:39:46.223+0000] {processor.py:925} INFO - DAG(s) 'tutorial_objectstorage' retrieved from /home/airflow/.local/lib/python3.12/site-packages/airflow/example_dags/tutorial_objectstorage.py
[2025-04-04T13:39:46.417+0000] {logging_mixin.py:190} INFO - [2025-04-04T13:39:46.415+0000] {dag.py:3239} INFO - Sync 1 DAGs
[2025-04-04T13:39:46.612+0000] {logging_mixin.py:190} INFO - [2025-04-04T13:39:46.611+0000] {dag.py:4180} INFO - Setting next_dagrun for tutorial_objectstorage to None, run_after=None
[2025-04-04T13:39:46.753+0000] {processor.py:208} INFO - Processing /home/airflow/.local/lib/python3.12/site-packages/airflow/example_dags/tutorial_objectstorage.py took 0.625 seconds
[2025-04-04T13:40:16.902+0000] {processor.py:186} INFO - Started process (PID=516) to work on /home/airflow/.local/lib/python3.12/site-packages/airflow/example_dags/tutorial_objectstorage.py
[2025-04-04T13:40:16.906+0000] {processor.py:914} INFO - Processing file /home/airflow/.local/lib/python3.12/site-packages/airflow/example_dags/tutorial_objectstorage.py for tasks to queue
[2025-04-04T13:40:16.911+0000] {logging_mixin.py:190} INFO - [2025-04-04T13:40:16.911+0000] {dagbag.py:588} INFO - Filling up the DagBag from /home/airflow/.local/lib/python3.12/site-packages/airflow/example_dags/tutorial_objectstorage.py
[2025-04-04T13:40:16.937+0000] {processor.py:925} INFO - DAG(s) 'tutorial_objectstorage' retrieved from /home/airflow/.local/lib/python3.12/site-packages/airflow/example_dags/tutorial_objectstorage.py
[2025-04-04T13:40:16.984+0000] {logging_mixin.py:190} INFO - [2025-04-04T13:40:16.983+0000] {dag.py:3239} INFO - Sync 1 DAGs
[2025-04-04T13:40:17.040+0000] {logging_mixin.py:190} INFO - [2025-04-04T13:40:17.039+0000] {dag.py:4180} INFO - Setting next_dagrun for tutorial_objectstorage to None, run_after=None
[2025-04-04T13:40:17.092+0000] {processor.py:208} INFO - Processing /home/airflow/.local/lib/python3.12/site-packages/airflow/example_dags/tutorial_objectstorage.py took 0.204 seconds
[2025-04-04T13:40:47.517+0000] {processor.py:186} INFO - Started process (PID=579) to work on /home/airflow/.local/lib/python3.12/site-packages/airflow/example_dags/tutorial_objectstorage.py
[2025-04-04T13:40:47.519+0000] {processor.py:914} INFO - Processing file /home/airflow/.local/lib/python3.12/site-packages/airflow/example_dags/tutorial_objectstorage.py for tasks to queue
[2025-04-04T13:40:47.522+0000] {logging_mixin.py:190} INFO - [2025-04-04T13:40:47.522+0000] {dagbag.py:588} INFO - Filling up the DagBag from /home/airflow/.local/lib/python3.12/site-packages/airflow/example_dags/tutorial_objectstorage.py
[2025-04-04T13:40:47.539+0000] {processor.py:925} INFO - DAG(s) 'tutorial_objectstorage' retrieved from /home/airflow/.local/lib/python3.12/site-packages/airflow/example_dags/tutorial_objectstorage.py
[2025-04-04T13:40:47.575+0000] {logging_mixin.py:190} INFO - [2025-04-04T13:40:47.575+0000] {dag.py:3239} INFO - Sync 1 DAGs
[2025-04-04T13:40:47.603+0000] {logging_mixin.py:190} INFO - [2025-04-04T13:40:47.603+0000] {dag.py:4180} INFO - Setting next_dagrun for tutorial_objectstorage to None, run_after=None
[2025-04-04T13:40:47.645+0000] {processor.py:208} INFO - Processing /home/airflow/.local/lib/python3.12/site-packages/airflow/example_dags/tutorial_objectstorage.py took 0.137 seconds
[2025-04-04T13:41:17.881+0000] {processor.py:186} INFO - Started process (PID=641) to work on /home/airflow/.local/lib/python3.12/site-packages/airflow/example_dags/tutorial_objectstorage.py
[2025-04-04T13:41:17.883+0000] {processor.py:914} INFO - Processing file /home/airflow/.local/lib/python3.12/site-packages/airflow/example_dags/tutorial_objectstorage.py for tasks to queue
[2025-04-04T13:41:17.888+0000] {logging_mixin.py:190} INFO - [2025-04-04T13:41:17.887+0000] {dagbag.py:588} INFO - Filling up the DagBag from /home/airflow/.local/lib/python3.12/site-packages/airflow/example_dags/tutorial_objectstorage.py
[2025-04-04T13:41:17.907+0000] {processor.py:925} INFO - DAG(s) 'tutorial_objectstorage' retrieved from /home/airflow/.local/lib/python3.12/site-packages/airflow/example_dags/tutorial_objectstorage.py
[2025-04-04T13:41:17.941+0000] {logging_mixin.py:190} INFO - [2025-04-04T13:41:17.941+0000] {dag.py:3239} INFO - Sync 1 DAGs
[2025-04-04T13:41:17.971+0000] {logging_mixin.py:190} INFO - [2025-04-04T13:41:17.970+0000] {dag.py:4180} INFO - Setting next_dagrun for tutorial_objectstorage to None, run_after=None
[2025-04-04T13:41:18.005+0000] {processor.py:208} INFO - Processing /home/airflow/.local/lib/python3.12/site-packages/airflow/example_dags/tutorial_objectstorage.py took 0.137 seconds
[2025-04-04T13:41:48.301+0000] {processor.py:186} INFO - Started process (PID=704) to work on /home/airflow/.local/lib/python3.12/site-packages/airflow/example_dags/tutorial_objectstorage.py
[2025-04-04T13:41:48.302+0000] {processor.py:914} INFO - Processing file /home/airflow/.local/lib/python3.12/site-packages/airflow/example_dags/tutorial_objectstorage.py for tasks to queue
[2025-04-04T13:41:48.306+0000] {logging_mixin.py:190} INFO - [2025-04-04T13:41:48.305+0000] {dagbag.py:588} INFO - Filling up the DagBag from /home/airflow/.local/lib/python3.12/site-packages/airflow/example_dags/tutorial_objectstorage.py
[2025-04-04T13:41:48.322+0000] {processor.py:925} INFO - DAG(s) 'tutorial_objectstorage' retrieved from /home/airflow/.local/lib/python3.12/site-packages/airflow/example_dags/tutorial_objectstorage.py
[2025-04-04T13:41:48.351+0000] {logging_mixin.py:190} INFO - [2025-04-04T13:41:48.351+0000] {dag.py:3239} INFO - Sync 1 DAGs
[2025-04-04T13:41:48.376+0000] {logging_mixin.py:190} INFO - [2025-04-04T13:41:48.376+0000] {dag.py:4180} INFO - Setting next_dagrun for tutorial_objectstorage to None, run_after=None
[2025-04-04T13:41:48.407+0000] {processor.py:208} INFO - Processing /home/airflow/.local/lib/python3.12/site-packages/airflow/example_dags/tutorial_objectstorage.py took 0.117 seconds
[2025-04-04T13:42:18.624+0000] {processor.py:186} INFO - Started process (PID=766) to work on /home/airflow/.local/lib/python3.12/site-packages/airflow/example_dags/tutorial_objectstorage.py
[2025-04-04T13:42:18.626+0000] {processor.py:914} INFO - Processing file /home/airflow/.local/lib/python3.12/site-packages/airflow/example_dags/tutorial_objectstorage.py for tasks to queue
[2025-04-04T13:42:18.631+0000] {logging_mixin.py:190} INFO - [2025-04-04T13:42:18.630+0000] {dagbag.py:588} INFO - Filling up the DagBag from /home/airflow/.local/lib/python3.12/site-packages/airflow/example_dags/tutorial_objectstorage.py
[2025-04-04T13:42:18.652+0000] {processor.py:925} INFO - DAG(s) 'tutorial_objectstorage' retrieved from /home/airflow/.local/lib/python3.12/site-packages/airflow/example_dags/tutorial_objectstorage.py
[2025-04-04T13:42:18.683+0000] {logging_mixin.py:190} INFO - [2025-04-04T13:42:18.682+0000] {dag.py:3239} INFO - Sync 1 DAGs
[2025-04-04T13:42:18.706+0000] {logging_mixin.py:190} INFO - [2025-04-04T13:42:18.706+0000] {dag.py:4180} INFO - Setting next_dagrun for tutorial_objectstorage to None, run_after=None
[2025-04-04T13:42:18.740+0000] {processor.py:208} INFO - Processing /home/airflow/.local/lib/python3.12/site-packages/airflow/example_dags/tutorial_objectstorage.py took 0.127 seconds
[2025-04-04T13:42:49.922+0000] {processor.py:186} INFO - Started process (PID=830) to work on /home/airflow/.local/lib/python3.12/site-packages/airflow/example_dags/tutorial_objectstorage.py
[2025-04-04T13:42:49.926+0000] {processor.py:914} INFO - Processing file /home/airflow/.local/lib/python3.12/site-packages/airflow/example_dags/tutorial_objectstorage.py for tasks to queue
[2025-04-04T13:42:49.942+0000] {logging_mixin.py:190} INFO - [2025-04-04T13:42:49.940+0000] {dagbag.py:588} INFO - Filling up the DagBag from /home/airflow/.local/lib/python3.12/site-packages/airflow/example_dags/tutorial_objectstorage.py
[2025-04-04T13:42:50.054+0000] {processor.py:925} INFO - DAG(s) 'tutorial_objectstorage' retrieved from /home/airflow/.local/lib/python3.12/site-packages/airflow/example_dags/tutorial_objectstorage.py
[2025-04-04T13:42:50.231+0000] {logging_mixin.py:190} INFO - [2025-04-04T13:42:50.230+0000] {dag.py:3239} INFO - Sync 1 DAGs
[2025-04-04T13:42:50.356+0000] {logging_mixin.py:190} INFO - [2025-04-04T13:42:50.349+0000] {dag.py:4180} INFO - Setting next_dagrun for tutorial_objectstorage to None, run_after=None
[2025-04-04T13:42:50.590+0000] {processor.py:208} INFO - Processing /home/airflow/.local/lib/python3.12/site-packages/airflow/example_dags/tutorial_objectstorage.py took 0.789 seconds
[2025-04-04T13:43:20.882+0000] {processor.py:186} INFO - Started process (PID=892) to work on /home/airflow/.local/lib/python3.12/site-packages/airflow/example_dags/tutorial_objectstorage.py
[2025-04-04T13:43:20.890+0000] {processor.py:914} INFO - Processing file /home/airflow/.local/lib/python3.12/site-packages/airflow/example_dags/tutorial_objectstorage.py for tasks to queue
[2025-04-04T13:43:20.898+0000] {logging_mixin.py:190} INFO - [2025-04-04T13:43:20.897+0000] {dagbag.py:588} INFO - Filling up the DagBag from /home/airflow/.local/lib/python3.12/site-packages/airflow/example_dags/tutorial_objectstorage.py
[2025-04-04T13:43:20.935+0000] {processor.py:925} INFO - DAG(s) 'tutorial_objectstorage' retrieved from /home/airflow/.local/lib/python3.12/site-packages/airflow/example_dags/tutorial_objectstorage.py
[2025-04-04T13:43:21.029+0000] {logging_mixin.py:190} INFO - [2025-04-04T13:43:21.028+0000] {dag.py:3239} INFO - Sync 1 DAGs
[2025-04-04T13:43:21.055+0000] {logging_mixin.py:190} INFO - [2025-04-04T13:43:21.055+0000] {dag.py:4180} INFO - Setting next_dagrun for tutorial_objectstorage to None, run_after=None
[2025-04-04T13:43:21.096+0000] {processor.py:208} INFO - Processing /home/airflow/.local/lib/python3.12/site-packages/airflow/example_dags/tutorial_objectstorage.py took 0.249 seconds
[2025-04-04T13:43:54.159+0000] {processor.py:186} INFO - Started process (PID=961) to work on /home/airflow/.local/lib/python3.12/site-packages/airflow/example_dags/tutorial_objectstorage.py
[2025-04-04T13:43:54.161+0000] {processor.py:914} INFO - Processing file /home/airflow/.local/lib/python3.12/site-packages/airflow/example_dags/tutorial_objectstorage.py for tasks to queue
[2025-04-04T13:43:54.167+0000] {logging_mixin.py:190} INFO - [2025-04-04T13:43:54.166+0000] {dagbag.py:588} INFO - Filling up the DagBag from /home/airflow/.local/lib/python3.12/site-packages/airflow/example_dags/tutorial_objectstorage.py
[2025-04-04T13:43:54.187+0000] {processor.py:925} INFO - DAG(s) 'tutorial_objectstorage' retrieved from /home/airflow/.local/lib/python3.12/site-packages/airflow/example_dags/tutorial_objectstorage.py
[2025-04-04T13:43:54.230+0000] {logging_mixin.py:190} INFO - [2025-04-04T13:43:54.229+0000] {dag.py:3239} INFO - Sync 1 DAGs
[2025-04-04T13:43:54.293+0000] {logging_mixin.py:190} INFO - [2025-04-04T13:43:54.292+0000] {dag.py:4180} INFO - Setting next_dagrun for tutorial_objectstorage to None, run_after=None
[2025-04-04T13:43:54.365+0000] {processor.py:208} INFO - Processing /home/airflow/.local/lib/python3.12/site-packages/airflow/example_dags/tutorial_objectstorage.py took 0.220 seconds
[2025-04-04T13:44:26.009+0000] {processor.py:186} INFO - Started process (PID=1024) to work on /home/airflow/.local/lib/python3.12/site-packages/airflow/example_dags/tutorial_objectstorage.py
[2025-04-04T13:44:26.011+0000] {processor.py:914} INFO - Processing file /home/airflow/.local/lib/python3.12/site-packages/airflow/example_dags/tutorial_objectstorage.py for tasks to queue
[2025-04-04T13:44:26.015+0000] {logging_mixin.py:190} INFO - [2025-04-04T13:44:26.015+0000] {dagbag.py:588} INFO - Filling up the DagBag from /home/airflow/.local/lib/python3.12/site-packages/airflow/example_dags/tutorial_objectstorage.py
[2025-04-04T13:44:26.038+0000] {processor.py:925} INFO - DAG(s) 'tutorial_objectstorage' retrieved from /home/airflow/.local/lib/python3.12/site-packages/airflow/example_dags/tutorial_objectstorage.py
[2025-04-04T13:44:26.088+0000] {logging_mixin.py:190} INFO - [2025-04-04T13:44:26.087+0000] {dag.py:3239} INFO - Sync 1 DAGs
[2025-04-04T13:44:26.133+0000] {logging_mixin.py:190} INFO - [2025-04-04T13:44:26.132+0000] {dag.py:4180} INFO - Setting next_dagrun for tutorial_objectstorage to None, run_after=None
[2025-04-04T13:44:26.176+0000] {processor.py:208} INFO - Processing /home/airflow/.local/lib/python3.12/site-packages/airflow/example_dags/tutorial_objectstorage.py took 0.180 seconds
[2025-04-04T13:44:57.133+0000] {processor.py:186} INFO - Started process (PID=1086) to work on /home/airflow/.local/lib/python3.12/site-packages/airflow/example_dags/tutorial_objectstorage.py
[2025-04-04T13:44:57.135+0000] {processor.py:914} INFO - Processing file /home/airflow/.local/lib/python3.12/site-packages/airflow/example_dags/tutorial_objectstorage.py for tasks to queue
[2025-04-04T13:44:57.140+0000] {logging_mixin.py:190} INFO - [2025-04-04T13:44:57.139+0000] {dagbag.py:588} INFO - Filling up the DagBag from /home/airflow/.local/lib/python3.12/site-packages/airflow/example_dags/tutorial_objectstorage.py
[2025-04-04T13:44:57.160+0000] {processor.py:925} INFO - DAG(s) 'tutorial_objectstorage' retrieved from /home/airflow/.local/lib/python3.12/site-packages/airflow/example_dags/tutorial_objectstorage.py
[2025-04-04T13:44:57.208+0000] {logging_mixin.py:190} INFO - [2025-04-04T13:44:57.207+0000] {dag.py:3239} INFO - Sync 1 DAGs
[2025-04-04T13:44:57.243+0000] {logging_mixin.py:190} INFO - [2025-04-04T13:44:57.242+0000] {dag.py:4180} INFO - Setting next_dagrun for tutorial_objectstorage to None, run_after=None
[2025-04-04T13:44:57.287+0000] {processor.py:208} INFO - Processing /home/airflow/.local/lib/python3.12/site-packages/airflow/example_dags/tutorial_objectstorage.py took 0.172 seconds
[2025-04-04T13:45:28.051+0000] {processor.py:186} INFO - Started process (PID=1149) to work on /home/airflow/.local/lib/python3.12/site-packages/airflow/example_dags/tutorial_objectstorage.py
[2025-04-04T13:45:28.054+0000] {processor.py:914} INFO - Processing file /home/airflow/.local/lib/python3.12/site-packages/airflow/example_dags/tutorial_objectstorage.py for tasks to queue
[2025-04-04T13:45:28.058+0000] {logging_mixin.py:190} INFO - [2025-04-04T13:45:28.058+0000] {dagbag.py:588} INFO - Filling up the DagBag from /home/airflow/.local/lib/python3.12/site-packages/airflow/example_dags/tutorial_objectstorage.py
[2025-04-04T13:45:28.079+0000] {processor.py:925} INFO - DAG(s) 'tutorial_objectstorage' retrieved from /home/airflow/.local/lib/python3.12/site-packages/airflow/example_dags/tutorial_objectstorage.py
[2025-04-04T13:45:28.123+0000] {logging_mixin.py:190} INFO - [2025-04-04T13:45:28.123+0000] {dag.py:3239} INFO - Sync 1 DAGs
[2025-04-04T13:45:28.160+0000] {logging_mixin.py:190} INFO - [2025-04-04T13:45:28.160+0000] {dag.py:4180} INFO - Setting next_dagrun for tutorial_objectstorage to None, run_after=None
[2025-04-04T13:45:28.211+0000] {processor.py:208} INFO - Processing /home/airflow/.local/lib/python3.12/site-packages/airflow/example_dags/tutorial_objectstorage.py took 0.173 seconds
[2025-04-04T13:45:58.446+0000] {processor.py:186} INFO - Started process (PID=1211) to work on /home/airflow/.local/lib/python3.12/site-packages/airflow/example_dags/tutorial_objectstorage.py
[2025-04-04T13:45:58.448+0000] {processor.py:914} INFO - Processing file /home/airflow/.local/lib/python3.12/site-packages/airflow/example_dags/tutorial_objectstorage.py for tasks to queue
[2025-04-04T13:45:58.452+0000] {logging_mixin.py:190} INFO - [2025-04-04T13:45:58.451+0000] {dagbag.py:588} INFO - Filling up the DagBag from /home/airflow/.local/lib/python3.12/site-packages/airflow/example_dags/tutorial_objectstorage.py
[2025-04-04T13:45:58.473+0000] {processor.py:925} INFO - DAG(s) 'tutorial_objectstorage' retrieved from /home/airflow/.local/lib/python3.12/site-packages/airflow/example_dags/tutorial_objectstorage.py
[2025-04-04T13:45:58.521+0000] {logging_mixin.py:190} INFO - [2025-04-04T13:45:58.520+0000] {dag.py:3239} INFO - Sync 1 DAGs
[2025-04-04T13:45:58.565+0000] {logging_mixin.py:190} INFO - [2025-04-04T13:45:58.565+0000] {dag.py:4180} INFO - Setting next_dagrun for tutorial_objectstorage to None, run_after=None
[2025-04-04T13:45:58.618+0000] {processor.py:208} INFO - Processing /home/airflow/.local/lib/python3.12/site-packages/airflow/example_dags/tutorial_objectstorage.py took 0.191 seconds
[2025-04-04T13:46:36.941+0000] {processor.py:186} INFO - Started process (PID=1263) to work on /home/airflow/.local/lib/python3.12/site-packages/airflow/example_dags/tutorial_objectstorage.py
[2025-04-04T13:46:36.948+0000] {processor.py:914} INFO - Processing file /home/airflow/.local/lib/python3.12/site-packages/airflow/example_dags/tutorial_objectstorage.py for tasks to queue
[2025-04-04T13:46:36.954+0000] {logging_mixin.py:190} INFO - [2025-04-04T13:46:36.953+0000] {dagbag.py:588} INFO - Filling up the DagBag from /home/airflow/.local/lib/python3.12/site-packages/airflow/example_dags/tutorial_objectstorage.py
[2025-04-04T13:46:36.976+0000] {processor.py:925} INFO - DAG(s) 'tutorial_objectstorage' retrieved from /home/airflow/.local/lib/python3.12/site-packages/airflow/example_dags/tutorial_objectstorage.py
[2025-04-04T13:46:37.032+0000] {logging_mixin.py:190} INFO - [2025-04-04T13:46:37.031+0000] {dag.py:3239} INFO - Sync 1 DAGs
[2025-04-04T13:46:37.089+0000] {logging_mixin.py:190} INFO - [2025-04-04T13:46:37.088+0000] {dag.py:4180} INFO - Setting next_dagrun for tutorial_objectstorage to None, run_after=None
[2025-04-04T13:46:37.146+0000] {processor.py:208} INFO - Processing /home/airflow/.local/lib/python3.12/site-packages/airflow/example_dags/tutorial_objectstorage.py took 0.227 seconds
[2025-04-04T13:47:08.024+0000] {processor.py:186} INFO - Started process (PID=1326) to work on /home/airflow/.local/lib/python3.12/site-packages/airflow/example_dags/tutorial_objectstorage.py
[2025-04-04T13:47:08.026+0000] {processor.py:914} INFO - Processing file /home/airflow/.local/lib/python3.12/site-packages/airflow/example_dags/tutorial_objectstorage.py for tasks to queue
[2025-04-04T13:47:08.033+0000] {logging_mixin.py:190} INFO - [2025-04-04T13:47:08.030+0000] {dagbag.py:588} INFO - Filling up the DagBag from /home/airflow/.local/lib/python3.12/site-packages/airflow/example_dags/tutorial_objectstorage.py
[2025-04-04T13:47:08.058+0000] {processor.py:925} INFO - DAG(s) 'tutorial_objectstorage' retrieved from /home/airflow/.local/lib/python3.12/site-packages/airflow/example_dags/tutorial_objectstorage.py
[2025-04-04T13:47:08.124+0000] {logging_mixin.py:190} INFO - [2025-04-04T13:47:08.123+0000] {dag.py:3239} INFO - Sync 1 DAGs
[2025-04-04T13:47:08.172+0000] {logging_mixin.py:190} INFO - [2025-04-04T13:47:08.171+0000] {dag.py:4180} INFO - Setting next_dagrun for tutorial_objectstorage to None, run_after=None
[2025-04-04T13:47:08.243+0000] {processor.py:208} INFO - Processing /home/airflow/.local/lib/python3.12/site-packages/airflow/example_dags/tutorial_objectstorage.py took 0.238 seconds
[2025-04-04T13:47:38.478+0000] {processor.py:186} INFO - Started process (PID=1389) to work on /home/airflow/.local/lib/python3.12/site-packages/airflow/example_dags/tutorial_objectstorage.py
[2025-04-04T13:47:38.482+0000] {processor.py:914} INFO - Processing file /home/airflow/.local/lib/python3.12/site-packages/airflow/example_dags/tutorial_objectstorage.py for tasks to queue
[2025-04-04T13:47:38.488+0000] {logging_mixin.py:190} INFO - [2025-04-04T13:47:38.487+0000] {dagbag.py:588} INFO - Filling up the DagBag from /home/airflow/.local/lib/python3.12/site-packages/airflow/example_dags/tutorial_objectstorage.py
[2025-04-04T13:47:38.509+0000] {processor.py:925} INFO - DAG(s) 'tutorial_objectstorage' retrieved from /home/airflow/.local/lib/python3.12/site-packages/airflow/example_dags/tutorial_objectstorage.py
[2025-04-04T13:47:38.564+0000] {logging_mixin.py:190} INFO - [2025-04-04T13:47:38.563+0000] {dag.py:3239} INFO - Sync 1 DAGs
[2025-04-04T13:47:38.626+0000] {logging_mixin.py:190} INFO - [2025-04-04T13:47:38.625+0000] {dag.py:4180} INFO - Setting next_dagrun for tutorial_objectstorage to None, run_after=None
[2025-04-04T13:47:38.690+0000] {processor.py:208} INFO - Processing /home/airflow/.local/lib/python3.12/site-packages/airflow/example_dags/tutorial_objectstorage.py took 0.230 seconds
[2025-04-04T13:48:09.484+0000] {processor.py:186} INFO - Started process (PID=1453) to work on /home/airflow/.local/lib/python3.12/site-packages/airflow/example_dags/tutorial_objectstorage.py
[2025-04-04T13:48:09.486+0000] {processor.py:914} INFO - Processing file /home/airflow/.local/lib/python3.12/site-packages/airflow/example_dags/tutorial_objectstorage.py for tasks to queue
[2025-04-04T13:48:09.490+0000] {logging_mixin.py:190} INFO - [2025-04-04T13:48:09.490+0000] {dagbag.py:588} INFO - Filling up the DagBag from /home/airflow/.local/lib/python3.12/site-packages/airflow/example_dags/tutorial_objectstorage.py
[2025-04-04T13:48:09.519+0000] {processor.py:925} INFO - DAG(s) 'tutorial_objectstorage' retrieved from /home/airflow/.local/lib/python3.12/site-packages/airflow/example_dags/tutorial_objectstorage.py
[2025-04-04T13:48:09.631+0000] {logging_mixin.py:190} INFO - [2025-04-04T13:48:09.621+0000] {dag.py:3239} INFO - Sync 1 DAGs
[2025-04-04T13:48:09.731+0000] {logging_mixin.py:190} INFO - [2025-04-04T13:48:09.730+0000] {dag.py:4180} INFO - Setting next_dagrun for tutorial_objectstorage to None, run_after=None
[2025-04-04T13:48:09.798+0000] {processor.py:208} INFO - Processing /home/airflow/.local/lib/python3.12/site-packages/airflow/example_dags/tutorial_objectstorage.py took 0.330 seconds
[2025-04-04T13:48:41.838+0000] {processor.py:186} INFO - Started process (PID=1515) to work on /home/airflow/.local/lib/python3.12/site-packages/airflow/example_dags/tutorial_objectstorage.py
[2025-04-04T13:48:41.840+0000] {processor.py:914} INFO - Processing file /home/airflow/.local/lib/python3.12/site-packages/airflow/example_dags/tutorial_objectstorage.py for tasks to queue
[2025-04-04T13:48:41.845+0000] {logging_mixin.py:190} INFO - [2025-04-04T13:48:41.844+0000] {dagbag.py:588} INFO - Filling up the DagBag from /home/airflow/.local/lib/python3.12/site-packages/airflow/example_dags/tutorial_objectstorage.py
[2025-04-04T13:48:41.865+0000] {processor.py:925} INFO - DAG(s) 'tutorial_objectstorage' retrieved from /home/airflow/.local/lib/python3.12/site-packages/airflow/example_dags/tutorial_objectstorage.py
[2025-04-04T13:48:41.912+0000] {logging_mixin.py:190} INFO - [2025-04-04T13:48:41.911+0000] {dag.py:3239} INFO - Sync 1 DAGs
[2025-04-04T13:48:41.943+0000] {logging_mixin.py:190} INFO - [2025-04-04T13:48:41.942+0000] {dag.py:4180} INFO - Setting next_dagrun for tutorial_objectstorage to None, run_after=None
[2025-04-04T13:48:41.998+0000] {processor.py:208} INFO - Processing /home/airflow/.local/lib/python3.12/site-packages/airflow/example_dags/tutorial_objectstorage.py took 0.183 seconds
[2025-04-04T13:49:12.645+0000] {processor.py:186} INFO - Started process (PID=1577) to work on /home/airflow/.local/lib/python3.12/site-packages/airflow/example_dags/tutorial_objectstorage.py
[2025-04-04T13:49:12.647+0000] {processor.py:914} INFO - Processing file /home/airflow/.local/lib/python3.12/site-packages/airflow/example_dags/tutorial_objectstorage.py for tasks to queue
[2025-04-04T13:49:12.652+0000] {logging_mixin.py:190} INFO - [2025-04-04T13:49:12.652+0000] {dagbag.py:588} INFO - Filling up the DagBag from /home/airflow/.local/lib/python3.12/site-packages/airflow/example_dags/tutorial_objectstorage.py
[2025-04-04T13:49:12.675+0000] {processor.py:925} INFO - DAG(s) 'tutorial_objectstorage' retrieved from /home/airflow/.local/lib/python3.12/site-packages/airflow/example_dags/tutorial_objectstorage.py
[2025-04-04T13:49:12.714+0000] {logging_mixin.py:190} INFO - [2025-04-04T13:49:12.713+0000] {dag.py:3239} INFO - Sync 1 DAGs
[2025-04-04T13:49:12.751+0000] {logging_mixin.py:190} INFO - [2025-04-04T13:49:12.751+0000] {dag.py:4180} INFO - Setting next_dagrun for tutorial_objectstorage to None, run_after=None
[2025-04-04T13:49:12.795+0000] {processor.py:208} INFO - Processing /home/airflow/.local/lib/python3.12/site-packages/airflow/example_dags/tutorial_objectstorage.py took 0.164 seconds
[2025-04-04T13:49:43.234+0000] {processor.py:186} INFO - Started process (PID=1640) to work on /home/airflow/.local/lib/python3.12/site-packages/airflow/example_dags/tutorial_objectstorage.py
[2025-04-04T13:49:43.236+0000] {processor.py:914} INFO - Processing file /home/airflow/.local/lib/python3.12/site-packages/airflow/example_dags/tutorial_objectstorage.py for tasks to queue
[2025-04-04T13:49:43.242+0000] {logging_mixin.py:190} INFO - [2025-04-04T13:49:43.241+0000] {dagbag.py:588} INFO - Filling up the DagBag from /home/airflow/.local/lib/python3.12/site-packages/airflow/example_dags/tutorial_objectstorage.py
[2025-04-04T13:49:43.261+0000] {processor.py:925} INFO - DAG(s) 'tutorial_objectstorage' retrieved from /home/airflow/.local/lib/python3.12/site-packages/airflow/example_dags/tutorial_objectstorage.py
[2025-04-04T13:49:43.307+0000] {logging_mixin.py:190} INFO - [2025-04-04T13:49:43.307+0000] {dag.py:3239} INFO - Sync 1 DAGs
[2025-04-04T13:49:43.342+0000] {logging_mixin.py:190} INFO - [2025-04-04T13:49:43.341+0000] {dag.py:4180} INFO - Setting next_dagrun for tutorial_objectstorage to None, run_after=None
[2025-04-04T13:49:43.388+0000] {processor.py:208} INFO - Processing /home/airflow/.local/lib/python3.12/site-packages/airflow/example_dags/tutorial_objectstorage.py took 0.166 seconds
[2025-04-04T13:50:14.119+0000] {processor.py:186} INFO - Started process (PID=1699) to work on /home/airflow/.local/lib/python3.12/site-packages/airflow/example_dags/tutorial_objectstorage.py
[2025-04-04T13:50:14.120+0000] {processor.py:914} INFO - Processing file /home/airflow/.local/lib/python3.12/site-packages/airflow/example_dags/tutorial_objectstorage.py for tasks to queue
[2025-04-04T13:50:14.125+0000] {logging_mixin.py:190} INFO - [2025-04-04T13:50:14.124+0000] {dagbag.py:588} INFO - Filling up the DagBag from /home/airflow/.local/lib/python3.12/site-packages/airflow/example_dags/tutorial_objectstorage.py
[2025-04-04T13:50:14.146+0000] {processor.py:925} INFO - DAG(s) 'tutorial_objectstorage' retrieved from /home/airflow/.local/lib/python3.12/site-packages/airflow/example_dags/tutorial_objectstorage.py
[2025-04-04T13:50:14.198+0000] {logging_mixin.py:190} INFO - [2025-04-04T13:50:14.198+0000] {dag.py:3239} INFO - Sync 1 DAGs
[2025-04-04T13:50:14.231+0000] {logging_mixin.py:190} INFO - [2025-04-04T13:50:14.230+0000] {dag.py:4180} INFO - Setting next_dagrun for tutorial_objectstorage to None, run_after=None
[2025-04-04T13:50:14.273+0000] {processor.py:208} INFO - Processing /home/airflow/.local/lib/python3.12/site-packages/airflow/example_dags/tutorial_objectstorage.py took 0.168 seconds
[2025-04-04T13:50:46.685+0000] {processor.py:186} INFO - Started process (PID=1762) to work on /home/airflow/.local/lib/python3.12/site-packages/airflow/example_dags/tutorial_objectstorage.py
[2025-04-04T13:50:46.688+0000] {processor.py:914} INFO - Processing file /home/airflow/.local/lib/python3.12/site-packages/airflow/example_dags/tutorial_objectstorage.py for tasks to queue
[2025-04-04T13:50:46.694+0000] {logging_mixin.py:190} INFO - [2025-04-04T13:50:46.693+0000] {dagbag.py:588} INFO - Filling up the DagBag from /home/airflow/.local/lib/python3.12/site-packages/airflow/example_dags/tutorial_objectstorage.py
[2025-04-04T13:50:46.730+0000] {processor.py:925} INFO - DAG(s) 'tutorial_objectstorage' retrieved from /home/airflow/.local/lib/python3.12/site-packages/airflow/example_dags/tutorial_objectstorage.py
[2025-04-04T13:50:46.814+0000] {logging_mixin.py:190} INFO - [2025-04-04T13:50:46.814+0000] {dag.py:3239} INFO - Sync 1 DAGs
[2025-04-04T13:50:46.945+0000] {logging_mixin.py:190} INFO - [2025-04-04T13:50:46.945+0000] {dag.py:4180} INFO - Setting next_dagrun for tutorial_objectstorage to None, run_after=None
[2025-04-04T13:50:47.033+0000] {processor.py:208} INFO - Processing /home/airflow/.local/lib/python3.12/site-packages/airflow/example_dags/tutorial_objectstorage.py took 0.364 seconds
[2025-04-04T13:51:17.539+0000] {processor.py:186} INFO - Started process (PID=1824) to work on /home/airflow/.local/lib/python3.12/site-packages/airflow/example_dags/tutorial_objectstorage.py
[2025-04-04T13:51:17.542+0000] {processor.py:914} INFO - Processing file /home/airflow/.local/lib/python3.12/site-packages/airflow/example_dags/tutorial_objectstorage.py for tasks to queue
[2025-04-04T13:51:17.546+0000] {logging_mixin.py:190} INFO - [2025-04-04T13:51:17.546+0000] {dagbag.py:588} INFO - Filling up the DagBag from /home/airflow/.local/lib/python3.12/site-packages/airflow/example_dags/tutorial_objectstorage.py
[2025-04-04T13:51:17.566+0000] {processor.py:925} INFO - DAG(s) 'tutorial_objectstorage' retrieved from /home/airflow/.local/lib/python3.12/site-packages/airflow/example_dags/tutorial_objectstorage.py
[2025-04-04T13:51:17.609+0000] {logging_mixin.py:190} INFO - [2025-04-04T13:51:17.609+0000] {dag.py:3239} INFO - Sync 1 DAGs
[2025-04-04T13:51:17.644+0000] {logging_mixin.py:190} INFO - [2025-04-04T13:51:17.644+0000] {dag.py:4180} INFO - Setting next_dagrun for tutorial_objectstorage to None, run_after=None
[2025-04-04T13:51:17.685+0000] {processor.py:208} INFO - Processing /home/airflow/.local/lib/python3.12/site-packages/airflow/example_dags/tutorial_objectstorage.py took 0.157 seconds
[2025-04-04T13:51:47.892+0000] {processor.py:186} INFO - Started process (PID=1887) to work on /home/airflow/.local/lib/python3.12/site-packages/airflow/example_dags/tutorial_objectstorage.py
[2025-04-04T13:51:47.894+0000] {processor.py:914} INFO - Processing file /home/airflow/.local/lib/python3.12/site-packages/airflow/example_dags/tutorial_objectstorage.py for tasks to queue
[2025-04-04T13:51:47.899+0000] {logging_mixin.py:190} INFO - [2025-04-04T13:51:47.899+0000] {dagbag.py:588} INFO - Filling up the DagBag from /home/airflow/.local/lib/python3.12/site-packages/airflow/example_dags/tutorial_objectstorage.py
[2025-04-04T13:51:47.927+0000] {processor.py:925} INFO - DAG(s) 'tutorial_objectstorage' retrieved from /home/airflow/.local/lib/python3.12/site-packages/airflow/example_dags/tutorial_objectstorage.py
[2025-04-04T13:51:48.055+0000] {logging_mixin.py:190} INFO - [2025-04-04T13:51:48.055+0000] {dag.py:3239} INFO - Sync 1 DAGs
[2025-04-04T13:51:48.148+0000] {logging_mixin.py:190} INFO - [2025-04-04T13:51:48.147+0000] {dag.py:4180} INFO - Setting next_dagrun for tutorial_objectstorage to None, run_after=None
[2025-04-04T13:51:48.256+0000] {processor.py:208} INFO - Processing /home/airflow/.local/lib/python3.12/site-packages/airflow/example_dags/tutorial_objectstorage.py took 0.377 seconds
[2025-04-04T13:52:19.204+0000] {processor.py:186} INFO - Started process (PID=1950) to work on /home/airflow/.local/lib/python3.12/site-packages/airflow/example_dags/tutorial_objectstorage.py
[2025-04-04T13:52:19.206+0000] {processor.py:914} INFO - Processing file /home/airflow/.local/lib/python3.12/site-packages/airflow/example_dags/tutorial_objectstorage.py for tasks to queue
[2025-04-04T13:52:19.211+0000] {logging_mixin.py:190} INFO - [2025-04-04T13:52:19.210+0000] {dagbag.py:588} INFO - Filling up the DagBag from /home/airflow/.local/lib/python3.12/site-packages/airflow/example_dags/tutorial_objectstorage.py
[2025-04-04T13:52:19.229+0000] {processor.py:925} INFO - DAG(s) 'tutorial_objectstorage' retrieved from /home/airflow/.local/lib/python3.12/site-packages/airflow/example_dags/tutorial_objectstorage.py
[2025-04-04T13:52:19.267+0000] {logging_mixin.py:190} INFO - [2025-04-04T13:52:19.267+0000] {dag.py:3239} INFO - Sync 1 DAGs
[2025-04-04T13:52:19.294+0000] {logging_mixin.py:190} INFO - [2025-04-04T13:52:19.293+0000] {dag.py:4180} INFO - Setting next_dagrun for tutorial_objectstorage to None, run_after=None
[2025-04-04T13:52:19.331+0000] {processor.py:208} INFO - Processing /home/airflow/.local/lib/python3.12/site-packages/airflow/example_dags/tutorial_objectstorage.py took 0.139 seconds
[2025-04-04T13:52:49.646+0000] {processor.py:186} INFO - Started process (PID=2013) to work on /home/airflow/.local/lib/python3.12/site-packages/airflow/example_dags/tutorial_objectstorage.py
[2025-04-04T13:52:49.649+0000] {processor.py:914} INFO - Processing file /home/airflow/.local/lib/python3.12/site-packages/airflow/example_dags/tutorial_objectstorage.py for tasks to queue
[2025-04-04T13:52:49.653+0000] {logging_mixin.py:190} INFO - [2025-04-04T13:52:49.653+0000] {dagbag.py:588} INFO - Filling up the DagBag from /home/airflow/.local/lib/python3.12/site-packages/airflow/example_dags/tutorial_objectstorage.py
[2025-04-04T13:52:49.671+0000] {processor.py:925} INFO - DAG(s) 'tutorial_objectstorage' retrieved from /home/airflow/.local/lib/python3.12/site-packages/airflow/example_dags/tutorial_objectstorage.py
[2025-04-04T13:52:49.709+0000] {logging_mixin.py:190} INFO - [2025-04-04T13:52:49.709+0000] {dag.py:3239} INFO - Sync 1 DAGs
[2025-04-04T13:52:49.744+0000] {logging_mixin.py:190} INFO - [2025-04-04T13:52:49.744+0000] {dag.py:4180} INFO - Setting next_dagrun for tutorial_objectstorage to None, run_after=None
[2025-04-04T13:52:49.783+0000] {processor.py:208} INFO - Processing /home/airflow/.local/lib/python3.12/site-packages/airflow/example_dags/tutorial_objectstorage.py took 0.150 seconds
[2025-04-04T13:53:22.088+0000] {processor.py:186} INFO - Started process (PID=2075) to work on /home/airflow/.local/lib/python3.12/site-packages/airflow/example_dags/tutorial_objectstorage.py
[2025-04-04T13:53:22.090+0000] {processor.py:914} INFO - Processing file /home/airflow/.local/lib/python3.12/site-packages/airflow/example_dags/tutorial_objectstorage.py for tasks to queue
[2025-04-04T13:53:22.095+0000] {logging_mixin.py:190} INFO - [2025-04-04T13:53:22.094+0000] {dagbag.py:588} INFO - Filling up the DagBag from /home/airflow/.local/lib/python3.12/site-packages/airflow/example_dags/tutorial_objectstorage.py
[2025-04-04T13:53:22.121+0000] {processor.py:925} INFO - DAG(s) 'tutorial_objectstorage' retrieved from /home/airflow/.local/lib/python3.12/site-packages/airflow/example_dags/tutorial_objectstorage.py
[2025-04-04T13:53:22.169+0000] {logging_mixin.py:190} INFO - [2025-04-04T13:53:22.169+0000] {dag.py:3239} INFO - Sync 1 DAGs
[2025-04-04T13:53:22.199+0000] {logging_mixin.py:190} INFO - [2025-04-04T13:53:22.198+0000] {dag.py:4180} INFO - Setting next_dagrun for tutorial_objectstorage to None, run_after=None
[2025-04-04T13:53:22.245+0000] {processor.py:208} INFO - Processing /home/airflow/.local/lib/python3.12/site-packages/airflow/example_dags/tutorial_objectstorage.py took 0.171 seconds
[2025-04-04T13:53:54.039+0000] {processor.py:186} INFO - Started process (PID=2137) to work on /home/airflow/.local/lib/python3.12/site-packages/airflow/example_dags/tutorial_objectstorage.py
[2025-04-04T13:53:54.040+0000] {processor.py:914} INFO - Processing file /home/airflow/.local/lib/python3.12/site-packages/airflow/example_dags/tutorial_objectstorage.py for tasks to queue
[2025-04-04T13:53:54.045+0000] {logging_mixin.py:190} INFO - [2025-04-04T13:53:54.044+0000] {dagbag.py:588} INFO - Filling up the DagBag from /home/airflow/.local/lib/python3.12/site-packages/airflow/example_dags/tutorial_objectstorage.py
[2025-04-04T13:53:54.068+0000] {processor.py:925} INFO - DAG(s) 'tutorial_objectstorage' retrieved from /home/airflow/.local/lib/python3.12/site-packages/airflow/example_dags/tutorial_objectstorage.py
[2025-04-04T13:53:54.114+0000] {logging_mixin.py:190} INFO - [2025-04-04T13:53:54.114+0000] {dag.py:3239} INFO - Sync 1 DAGs
[2025-04-04T13:53:54.153+0000] {logging_mixin.py:190} INFO - [2025-04-04T13:53:54.153+0000] {dag.py:4180} INFO - Setting next_dagrun for tutorial_objectstorage to None, run_after=None
[2025-04-04T13:53:54.207+0000] {processor.py:208} INFO - Processing /home/airflow/.local/lib/python3.12/site-packages/airflow/example_dags/tutorial_objectstorage.py took 0.185 seconds
[2025-04-04T13:54:24.809+0000] {processor.py:186} INFO - Started process (PID=2198) to work on /home/airflow/.local/lib/python3.12/site-packages/airflow/example_dags/tutorial_objectstorage.py
[2025-04-04T13:54:24.812+0000] {processor.py:914} INFO - Processing file /home/airflow/.local/lib/python3.12/site-packages/airflow/example_dags/tutorial_objectstorage.py for tasks to queue
[2025-04-04T13:54:24.816+0000] {logging_mixin.py:190} INFO - [2025-04-04T13:54:24.815+0000] {dagbag.py:588} INFO - Filling up the DagBag from /home/airflow/.local/lib/python3.12/site-packages/airflow/example_dags/tutorial_objectstorage.py
[2025-04-04T13:54:24.840+0000] {processor.py:925} INFO - DAG(s) 'tutorial_objectstorage' retrieved from /home/airflow/.local/lib/python3.12/site-packages/airflow/example_dags/tutorial_objectstorage.py
[2025-04-04T13:54:24.976+0000] {logging_mixin.py:190} INFO - [2025-04-04T13:54:24.975+0000] {dag.py:3239} INFO - Sync 1 DAGs
[2025-04-04T13:54:25.084+0000] {logging_mixin.py:190} INFO - [2025-04-04T13:54:25.083+0000] {dag.py:4180} INFO - Setting next_dagrun for tutorial_objectstorage to None, run_after=None
[2025-04-04T13:54:25.217+0000] {processor.py:208} INFO - Processing /home/airflow/.local/lib/python3.12/site-packages/airflow/example_dags/tutorial_objectstorage.py took 0.424 seconds
[2025-04-04T13:54:56.170+0000] {processor.py:186} INFO - Started process (PID=2262) to work on /home/airflow/.local/lib/python3.12/site-packages/airflow/example_dags/tutorial_objectstorage.py
[2025-04-04T13:54:56.173+0000] {processor.py:914} INFO - Processing file /home/airflow/.local/lib/python3.12/site-packages/airflow/example_dags/tutorial_objectstorage.py for tasks to queue
[2025-04-04T13:54:56.178+0000] {logging_mixin.py:190} INFO - [2025-04-04T13:54:56.177+0000] {dagbag.py:588} INFO - Filling up the DagBag from /home/airflow/.local/lib/python3.12/site-packages/airflow/example_dags/tutorial_objectstorage.py
[2025-04-04T13:54:56.198+0000] {processor.py:925} INFO - DAG(s) 'tutorial_objectstorage' retrieved from /home/airflow/.local/lib/python3.12/site-packages/airflow/example_dags/tutorial_objectstorage.py
[2025-04-04T13:54:56.238+0000] {logging_mixin.py:190} INFO - [2025-04-04T13:54:56.237+0000] {dag.py:3239} INFO - Sync 1 DAGs
[2025-04-04T13:54:56.269+0000] {logging_mixin.py:190} INFO - [2025-04-04T13:54:56.269+0000] {dag.py:4180} INFO - Setting next_dagrun for tutorial_objectstorage to None, run_after=None
[2025-04-04T13:54:56.316+0000] {processor.py:208} INFO - Processing /home/airflow/.local/lib/python3.12/site-packages/airflow/example_dags/tutorial_objectstorage.py took 0.159 seconds
[2025-04-04T13:55:26.848+0000] {processor.py:186} INFO - Started process (PID=2325) to work on /home/airflow/.local/lib/python3.12/site-packages/airflow/example_dags/tutorial_objectstorage.py
[2025-04-04T13:55:26.851+0000] {processor.py:914} INFO - Processing file /home/airflow/.local/lib/python3.12/site-packages/airflow/example_dags/tutorial_objectstorage.py for tasks to queue
[2025-04-04T13:55:26.860+0000] {logging_mixin.py:190} INFO - [2025-04-04T13:55:26.859+0000] {dagbag.py:588} INFO - Filling up the DagBag from /home/airflow/.local/lib/python3.12/site-packages/airflow/example_dags/tutorial_objectstorage.py
[2025-04-04T13:55:26.892+0000] {processor.py:925} INFO - DAG(s) 'tutorial_objectstorage' retrieved from /home/airflow/.local/lib/python3.12/site-packages/airflow/example_dags/tutorial_objectstorage.py
[2025-04-04T13:55:26.937+0000] {logging_mixin.py:190} INFO - [2025-04-04T13:55:26.936+0000] {dag.py:3239} INFO - Sync 1 DAGs
[2025-04-04T13:55:26.972+0000] {logging_mixin.py:190} INFO - [2025-04-04T13:55:26.971+0000] {dag.py:4180} INFO - Setting next_dagrun for tutorial_objectstorage to None, run_after=None
[2025-04-04T13:55:27.018+0000] {processor.py:208} INFO - Processing /home/airflow/.local/lib/python3.12/site-packages/airflow/example_dags/tutorial_objectstorage.py took 0.186 seconds
[2025-04-04T13:55:57.356+0000] {processor.py:186} INFO - Started process (PID=2393) to work on /home/airflow/.local/lib/python3.12/site-packages/airflow/example_dags/tutorial_objectstorage.py
[2025-04-04T13:55:57.358+0000] {processor.py:914} INFO - Processing file /home/airflow/.local/lib/python3.12/site-packages/airflow/example_dags/tutorial_objectstorage.py for tasks to queue
[2025-04-04T13:55:57.363+0000] {logging_mixin.py:190} INFO - [2025-04-04T13:55:57.362+0000] {dagbag.py:588} INFO - Filling up the DagBag from /home/airflow/.local/lib/python3.12/site-packages/airflow/example_dags/tutorial_objectstorage.py
[2025-04-04T13:55:57.387+0000] {processor.py:925} INFO - DAG(s) 'tutorial_objectstorage' retrieved from /home/airflow/.local/lib/python3.12/site-packages/airflow/example_dags/tutorial_objectstorage.py
[2025-04-04T13:55:57.433+0000] {logging_mixin.py:190} INFO - [2025-04-04T13:55:57.433+0000] {dag.py:3239} INFO - Sync 1 DAGs
[2025-04-04T13:55:57.476+0000] {logging_mixin.py:190} INFO - [2025-04-04T13:55:57.476+0000] {dag.py:4180} INFO - Setting next_dagrun for tutorial_objectstorage to None, run_after=None
[2025-04-04T13:55:57.520+0000] {processor.py:208} INFO - Processing /home/airflow/.local/lib/python3.12/site-packages/airflow/example_dags/tutorial_objectstorage.py took 0.182 seconds
[2025-04-04T13:56:27.841+0000] {processor.py:186} INFO - Started process (PID=2456) to work on /home/airflow/.local/lib/python3.12/site-packages/airflow/example_dags/tutorial_objectstorage.py
[2025-04-04T13:56:27.843+0000] {processor.py:914} INFO - Processing file /home/airflow/.local/lib/python3.12/site-packages/airflow/example_dags/tutorial_objectstorage.py for tasks to queue
[2025-04-04T13:56:27.847+0000] {logging_mixin.py:190} INFO - [2025-04-04T13:56:27.847+0000] {dagbag.py:588} INFO - Filling up the DagBag from /home/airflow/.local/lib/python3.12/site-packages/airflow/example_dags/tutorial_objectstorage.py
[2025-04-04T13:56:27.868+0000] {processor.py:925} INFO - DAG(s) 'tutorial_objectstorage' retrieved from /home/airflow/.local/lib/python3.12/site-packages/airflow/example_dags/tutorial_objectstorage.py
[2025-04-04T13:56:27.912+0000] {logging_mixin.py:190} INFO - [2025-04-04T13:56:27.911+0000] {dag.py:3239} INFO - Sync 1 DAGs
[2025-04-04T13:56:27.946+0000] {logging_mixin.py:190} INFO - [2025-04-04T13:56:27.946+0000] {dag.py:4180} INFO - Setting next_dagrun for tutorial_objectstorage to None, run_after=None
[2025-04-04T13:56:27.999+0000] {processor.py:208} INFO - Processing /home/airflow/.local/lib/python3.12/site-packages/airflow/example_dags/tutorial_objectstorage.py took 0.168 seconds
[2025-04-04T13:56:58.510+0000] {processor.py:186} INFO - Started process (PID=2519) to work on /home/airflow/.local/lib/python3.12/site-packages/airflow/example_dags/tutorial_objectstorage.py
[2025-04-04T13:56:58.513+0000] {processor.py:914} INFO - Processing file /home/airflow/.local/lib/python3.12/site-packages/airflow/example_dags/tutorial_objectstorage.py for tasks to queue
[2025-04-04T13:56:58.517+0000] {logging_mixin.py:190} INFO - [2025-04-04T13:56:58.517+0000] {dagbag.py:588} INFO - Filling up the DagBag from /home/airflow/.local/lib/python3.12/site-packages/airflow/example_dags/tutorial_objectstorage.py
[2025-04-04T13:56:58.543+0000] {processor.py:925} INFO - DAG(s) 'tutorial_objectstorage' retrieved from /home/airflow/.local/lib/python3.12/site-packages/airflow/example_dags/tutorial_objectstorage.py
[2025-04-04T13:56:58.588+0000] {logging_mixin.py:190} INFO - [2025-04-04T13:56:58.587+0000] {dag.py:3239} INFO - Sync 1 DAGs
[2025-04-04T13:56:58.632+0000] {logging_mixin.py:190} INFO - [2025-04-04T13:56:58.631+0000] {dag.py:4180} INFO - Setting next_dagrun for tutorial_objectstorage to None, run_after=None
[2025-04-04T13:56:58.684+0000] {processor.py:208} INFO - Processing /home/airflow/.local/lib/python3.12/site-packages/airflow/example_dags/tutorial_objectstorage.py took 0.189 seconds
[2025-04-04T13:57:29.216+0000] {processor.py:186} INFO - Started process (PID=2581) to work on /home/airflow/.local/lib/python3.12/site-packages/airflow/example_dags/tutorial_objectstorage.py
[2025-04-04T13:57:29.310+0000] {processor.py:914} INFO - Processing file /home/airflow/.local/lib/python3.12/site-packages/airflow/example_dags/tutorial_objectstorage.py for tasks to queue
[2025-04-04T13:57:29.340+0000] {logging_mixin.py:190} INFO - [2025-04-04T13:57:29.339+0000] {dagbag.py:588} INFO - Filling up the DagBag from /home/airflow/.local/lib/python3.12/site-packages/airflow/example_dags/tutorial_objectstorage.py
[2025-04-04T13:57:29.421+0000] {processor.py:925} INFO - DAG(s) 'tutorial_objectstorage' retrieved from /home/airflow/.local/lib/python3.12/site-packages/airflow/example_dags/tutorial_objectstorage.py
[2025-04-04T13:57:29.556+0000] {logging_mixin.py:190} INFO - [2025-04-04T13:57:29.556+0000] {dag.py:3239} INFO - Sync 1 DAGs
[2025-04-04T13:57:29.653+0000] {logging_mixin.py:190} INFO - [2025-04-04T13:57:29.646+0000] {dag.py:4180} INFO - Setting next_dagrun for tutorial_objectstorage to None, run_after=None
[2025-04-04T13:57:29.744+0000] {processor.py:208} INFO - Processing /home/airflow/.local/lib/python3.12/site-packages/airflow/example_dags/tutorial_objectstorage.py took 0.552 seconds
[2025-04-04T13:58:00.237+0000] {processor.py:186} INFO - Started process (PID=2644) to work on /home/airflow/.local/lib/python3.12/site-packages/airflow/example_dags/tutorial_objectstorage.py
[2025-04-04T13:58:00.238+0000] {processor.py:914} INFO - Processing file /home/airflow/.local/lib/python3.12/site-packages/airflow/example_dags/tutorial_objectstorage.py for tasks to queue
[2025-04-04T13:58:00.244+0000] {logging_mixin.py:190} INFO - [2025-04-04T13:58:00.242+0000] {dagbag.py:588} INFO - Filling up the DagBag from /home/airflow/.local/lib/python3.12/site-packages/airflow/example_dags/tutorial_objectstorage.py
[2025-04-04T13:58:00.264+0000] {processor.py:925} INFO - DAG(s) 'tutorial_objectstorage' retrieved from /home/airflow/.local/lib/python3.12/site-packages/airflow/example_dags/tutorial_objectstorage.py
[2025-04-04T13:58:00.302+0000] {logging_mixin.py:190} INFO - [2025-04-04T13:58:00.302+0000] {dag.py:3239} INFO - Sync 1 DAGs
[2025-04-04T13:58:00.340+0000] {logging_mixin.py:190} INFO - [2025-04-04T13:58:00.340+0000] {dag.py:4180} INFO - Setting next_dagrun for tutorial_objectstorage to None, run_after=None
[2025-04-04T13:58:00.382+0000] {processor.py:208} INFO - Processing /home/airflow/.local/lib/python3.12/site-packages/airflow/example_dags/tutorial_objectstorage.py took 0.158 seconds
[2025-04-04T13:58:31.253+0000] {processor.py:186} INFO - Started process (PID=2707) to work on /home/airflow/.local/lib/python3.12/site-packages/airflow/example_dags/tutorial_objectstorage.py
[2025-04-04T13:58:31.255+0000] {processor.py:914} INFO - Processing file /home/airflow/.local/lib/python3.12/site-packages/airflow/example_dags/tutorial_objectstorage.py for tasks to queue
[2025-04-04T13:58:31.264+0000] {logging_mixin.py:190} INFO - [2025-04-04T13:58:31.263+0000] {dagbag.py:588} INFO - Filling up the DagBag from /home/airflow/.local/lib/python3.12/site-packages/airflow/example_dags/tutorial_objectstorage.py
[2025-04-04T13:58:31.284+0000] {processor.py:925} INFO - DAG(s) 'tutorial_objectstorage' retrieved from /home/airflow/.local/lib/python3.12/site-packages/airflow/example_dags/tutorial_objectstorage.py
[2025-04-04T13:58:31.338+0000] {logging_mixin.py:190} INFO - [2025-04-04T13:58:31.338+0000] {dag.py:3239} INFO - Sync 1 DAGs
[2025-04-04T13:58:31.384+0000] {logging_mixin.py:190} INFO - [2025-04-04T13:58:31.383+0000] {dag.py:4180} INFO - Setting next_dagrun for tutorial_objectstorage to None, run_after=None
[2025-04-04T13:58:31.431+0000] {processor.py:208} INFO - Processing /home/airflow/.local/lib/python3.12/site-packages/airflow/example_dags/tutorial_objectstorage.py took 0.210 seconds
[2025-04-04T13:59:03.726+0000] {processor.py:186} INFO - Started process (PID=2771) to work on /home/airflow/.local/lib/python3.12/site-packages/airflow/example_dags/tutorial_objectstorage.py
[2025-04-04T13:59:03.727+0000] {processor.py:914} INFO - Processing file /home/airflow/.local/lib/python3.12/site-packages/airflow/example_dags/tutorial_objectstorage.py for tasks to queue
[2025-04-04T13:59:03.732+0000] {logging_mixin.py:190} INFO - [2025-04-04T13:59:03.731+0000] {dagbag.py:588} INFO - Filling up the DagBag from /home/airflow/.local/lib/python3.12/site-packages/airflow/example_dags/tutorial_objectstorage.py
[2025-04-04T13:59:03.753+0000] {processor.py:925} INFO - DAG(s) 'tutorial_objectstorage' retrieved from /home/airflow/.local/lib/python3.12/site-packages/airflow/example_dags/tutorial_objectstorage.py
[2025-04-04T13:59:03.798+0000] {logging_mixin.py:190} INFO - [2025-04-04T13:59:03.798+0000] {dag.py:3239} INFO - Sync 1 DAGs
[2025-04-04T13:59:03.869+0000] {logging_mixin.py:190} INFO - [2025-04-04T13:59:03.868+0000] {dag.py:4180} INFO - Setting next_dagrun for tutorial_objectstorage to None, run_after=None
[2025-04-04T13:59:03.915+0000] {processor.py:208} INFO - Processing /home/airflow/.local/lib/python3.12/site-packages/airflow/example_dags/tutorial_objectstorage.py took 0.202 seconds
