[2025-04-08T12:02:48.249+0000] {local_task_job_runner.py:123} INFO - ::group::Pre task execution logs
[2025-04-08T12:02:48.303+0000] {taskinstance.py:2614} INFO - Dependencies all met for dep_context=non-requeueable deps ti=<TaskInstance: pythonoperator.pythonopera scheduled__2024-08-04T00:00:00+00:00 [queued]>
[2025-04-08T12:02:48.324+0000] {taskinstance.py:2614} INFO - Dependencies all met for dep_context=requeueable deps ti=<TaskInstance: pythonoperator.pythonopera scheduled__2024-08-04T00:00:00+00:00 [queued]>
[2025-04-08T12:02:48.326+0000] {taskinstance.py:2867} INFO - Starting attempt 1 of 1
[2025-04-08T12:02:48.359+0000] {taskinstance.py:2890} INFO - Executing <Task(PythonOperator): pythonopera> on 2024-08-04 00:00:00+00:00
[2025-04-08T12:02:48.378+0000] {warnings.py:112} WARNING - /home/***/.local/lib/python3.12/site-packages/***/task/task_runner/standard_task_runner.py:70: DeprecationWarning: This process (pid=942) is multi-threaded, use of fork() may lead to deadlocks in the child.
  pid = os.fork()

[2025-04-08T12:02:48.382+0000] {standard_task_runner.py:104} INFO - Running: ['***', 'tasks', 'run', 'pythonoperator', 'pythonopera', 'scheduled__2024-08-04T00:00:00+00:00', '--job-id', '8', '--raw', '--subdir', 'DAGS_FOLDER/pythonoperator.py', '--cfg-path', '/tmp/tmpg2j8ozgq']
[2025-04-08T12:02:48.385+0000] {standard_task_runner.py:72} INFO - Started process 943 to run task
[2025-04-08T12:02:48.385+0000] {standard_task_runner.py:105} INFO - Job 8: Subtask pythonopera
[2025-04-08T12:02:48.502+0000] {task_command.py:467} INFO - Running <TaskInstance: pythonoperator.pythonopera scheduled__2024-08-04T00:00:00+00:00 [running]> on host e8bb6e8ec07a
[2025-04-08T12:02:48.689+0000] {taskinstance.py:3134} INFO - Exporting env vars: AIRFLOW_CTX_DAG_OWNER='***' AIRFLOW_CTX_DAG_ID='pythonoperator' AIRFLOW_CTX_TASK_ID='pythonopera' AIRFLOW_CTX_EXECUTION_DATE='2024-08-04T00:00:00+00:00' AIRFLOW_CTX_TRY_NUMBER='1' AIRFLOW_CTX_DAG_RUN_ID='scheduled__2024-08-04T00:00:00+00:00'
[2025-04-08T12:02:48.692+0000] {taskinstance.py:732} INFO - ::endgroup::
[2025-04-08T12:02:48.740+0000] {logging_mixin.py:190} INFO - Hi from python operator
[2025-04-08T12:02:48.741+0000] {python.py:240} INFO - Done. Returned value was: None
[2025-04-08T12:02:48.762+0000] {taskinstance.py:341} INFO - ::group::Post task execution logs
[2025-04-08T12:02:48.764+0000] {taskinstance.py:353} INFO - Marking task as SUCCESS. dag_id=pythonoperator, task_id=pythonopera, run_id=scheduled__2024-08-04T00:00:00+00:00, execution_date=20240804T000000, start_date=20250408T120248, end_date=20250408T120248
[2025-04-08T12:02:48.854+0000] {local_task_job_runner.py:266} INFO - Task exited with return code 0
[2025-04-08T12:02:48.879+0000] {taskinstance.py:3901} INFO - 0 downstream tasks scheduled from follow-on schedule check
[2025-04-08T12:02:48.885+0000] {local_task_job_runner.py:245} INFO - ::endgroup::
