[2025-04-09T12:19:15.111+0000] {local_task_job_runner.py:123} INFO - ::group::Pre task execution logs
[2025-04-09T12:19:15.187+0000] {taskinstance.py:2614} INFO - Dependencies all met for dep_context=non-requeueable deps ti=<TaskInstance: orchestation.work_1 scheduled__2025-02-12T00:00:00+00:00 [queued]>
[2025-04-09T12:19:15.221+0000] {taskinstance.py:2614} INFO - Dependencies all met for dep_context=requeueable deps ti=<TaskInstance: orchestation.work_1 scheduled__2025-02-12T00:00:00+00:00 [queued]>
[2025-04-09T12:19:15.222+0000] {taskinstance.py:2867} INFO - Starting attempt 1 of 1
[2025-04-09T12:19:15.277+0000] {taskinstance.py:2890} INFO - Executing <Task(BashOperator): work_1> on 2025-02-12 00:00:00+00:00
[2025-04-09T12:19:15.288+0000] {warnings.py:112} WARNING - /home/***/.local/lib/python3.12/site-packages/***/task/task_runner/standard_task_runner.py:70: DeprecationWarning: This process (pid=1860) is multi-threaded, use of fork() may lead to deadlocks in the child.
  pid = os.fork()

[2025-04-09T12:19:15.292+0000] {standard_task_runner.py:72} INFO - Started process 1861 to run task
[2025-04-09T12:19:15.294+0000] {standard_task_runner.py:104} INFO - Running: ['***', 'tasks', 'run', 'orchestation', 'work_1', 'scheduled__2025-02-12T00:00:00+00:00', '--job-id', '38', '--raw', '--subdir', 'DAGS_FOLDER/orchestation.py', '--cfg-path', '/tmp/tmpe9cx0kdl']
[2025-04-09T12:19:15.297+0000] {standard_task_runner.py:105} INFO - Job 38: Subtask work_1
[2025-04-09T12:19:15.388+0000] {task_command.py:467} INFO - Running <TaskInstance: orchestation.work_1 scheduled__2025-02-12T00:00:00+00:00 [running]> on host e8bb6e8ec07a
[2025-04-09T12:19:15.648+0000] {taskinstance.py:3134} INFO - Exporting env vars: AIRFLOW_CTX_DAG_OWNER='***' AIRFLOW_CTX_DAG_ID='orchestation' AIRFLOW_CTX_TASK_ID='work_1' AIRFLOW_CTX_EXECUTION_DATE='2025-02-12T00:00:00+00:00' AIRFLOW_CTX_TRY_NUMBER='1' AIRFLOW_CTX_DAG_RUN_ID='scheduled__2025-02-12T00:00:00+00:00'
[2025-04-09T12:19:15.650+0000] {taskinstance.py:732} INFO - ::endgroup::
[2025-04-09T12:19:15.699+0000] {subprocess.py:78} INFO - Tmp dir root location: /tmp
[2025-04-09T12:19:15.702+0000] {subprocess.py:88} INFO - Running command: ['/usr/bin/bash', '-c', "sleep 2 && echo 'work_1'"]
[2025-04-09T12:19:15.726+0000] {subprocess.py:99} INFO - Output:
[2025-04-09T12:19:17.735+0000] {subprocess.py:106} INFO - work_1
[2025-04-09T12:19:17.737+0000] {subprocess.py:110} INFO - Command exited with return code 0
[2025-04-09T12:19:17.781+0000] {taskinstance.py:341} INFO - ::group::Post task execution logs
[2025-04-09T12:19:17.783+0000] {taskinstance.py:353} INFO - Marking task as SUCCESS. dag_id=orchestation, task_id=work_1, run_id=scheduled__2025-02-12T00:00:00+00:00, execution_date=20250212T000000, start_date=20250409T121915, end_date=20250409T121917
[2025-04-09T12:19:18.007+0000] {local_task_job_runner.py:266} INFO - Task exited with return code 0
[2025-04-09T12:19:18.076+0000] {taskinstance.py:3901} INFO - 0 downstream tasks scheduled from follow-on schedule check
[2025-04-09T12:19:18.079+0000] {local_task_job_runner.py:245} INFO - ::endgroup::
